[ 2024-04-16 04:54:11,882 ] 94 luthien5921+shinsei1 - INFO - Opened login page
[ 2024-04-16 04:54:11,882 ] 94 luthien5921+shinsei1 - INFO - Opened login page
[ 2024-04-16 04:54:11,882 ] 94 luthien5921+shinsei1 - INFO - Opened login page
[ 2024-04-16 04:54:17,127 ] 94 luthien5921+shinsei1 - INFO - Logging in
[ 2024-04-16 04:54:17,127 ] 94 luthien5921+shinsei1 - INFO - Logging in
[ 2024-04-16 04:54:17,127 ] 94 luthien5921+shinsei1 - INFO - Logging in
[ 2024-04-16 04:54:17,139 ] 94 luthien5921+shinsei1 - INFO - Current url: https://www.shinsei.e-aichi.jp/pref-aichi-police-u/offer/offerList_initDisplay
[ 2024-04-16 04:54:17,139 ] 94 luthien5921+shinsei1 - INFO - Current url: https://www.shinsei.e-aichi.jp/pref-aichi-police-u/offer/offerList_initDisplay
[ 2024-04-16 04:54:17,139 ] 94 luthien5921+shinsei1 - INFO - Current url: https://www.shinsei.e-aichi.jp/pref-aichi-police-u/offer/offerList_initDisplay
[ 2024-04-16 04:54:17,451 ] 94 luthien5921+shinsei1 - INFO - Logged in finished
[ 2024-04-16 04:54:17,451 ] 94 luthien5921+shinsei1 - INFO - Logged in finished
[ 2024-04-16 04:54:17,451 ] 94 luthien5921+shinsei1 - INFO - Logged in finished
[ 2024-04-16 04:54:17,722 ] 94 luthien5921+shinsei1 - INFO - On main page
[ 2024-04-16 04:54:17,722 ] 94 luthien5921+shinsei1 - INFO - On main page
[ 2024-04-16 04:54:17,722 ] 94 luthien5921+shinsei1 - INFO - On main page
[ 2024-04-16 04:54:19,484 ] 94 luthien5921+shinsei1 - INFO - Search submitted
[ 2024-04-16 04:54:19,484 ] 94 luthien5921+shinsei1 - INFO - Search submitted
[ 2024-04-16 04:54:19,484 ] 94 luthien5921+shinsei1 - INFO - Search submitted
[ 2024-04-16 04:54:19,546 ] 94 luthien5921+shinsei1 - INFO - Collected 4 forms
[ 2024-04-16 04:54:19,546 ] 94 luthien5921+shinsei1 - INFO - Collected 4 forms
[ 2024-04-16 04:54:19,546 ] 94 luthien5921+shinsei1 - INFO - Collected 4 forms
[ 2024-04-16 04:54:19,657 ] 94 luthien5921+shinsei1 - INFO - Parsed data: title: 【04月30日(火)】[東三] 運転免許学科試験〈原付のみ　初回・再受験者／日本語・ポルトガル語・英語受験者に限る＞gen, status: 受付開始日時, start_date: 2024年03月30日 07時30分, end_date: 2024年04月25日 12時00分, template_seq: 90551
[ 2024-04-16 04:54:19,657 ] 94 luthien5921+shinsei1 - INFO - Parsed data: title: 【04月30日(火)】[東三] 運転免許学科試験〈原付のみ　初回・再受験者／日本語・ポルトガル語・英語受験者に限る＞gen, status: 受付開始日時, start_date: 2024年03月30日 07時30分, end_date: 2024年04月25日 12時00分, template_seq: 90551
[ 2024-04-16 04:54:19,657 ] 94 luthien5921+shinsei1 - INFO - Parsed data: title: 【04月30日(火)】[東三] 運転免許学科試験〈原付のみ　初回・再受験者／日本語・ポルトガル語・英語受験者に限る＞gen, status: 受付開始日時, start_date: 2024年03月30日 07時30分, end_date: 2024年04月25日 12時00分, template_seq: 90551
[ 2024-04-16 04:54:19,658 ] 94 luthien5921+shinsei1 - INFO - Parsed data: title: 【04月30日(火)】[東三] 運転免許学科試験〈原付のみ　初回・再受験者／日本語・ポルトガル語・英語受験者に限る＞gen, status: 受付開始日時, start_date: 2024年03月30日 07時30分, end_date: 2024年04月25日 12時00分, template_seq: 90551
[ 2024-04-16 04:54:19,658 ] 94 luthien5921+shinsei1 - INFO - Parsed data: title: 【04月30日(火)】[東三] 運転免許学科試験〈原付のみ　初回・再受験者／日本語・ポルトガル語・英語受験者に限る＞gen, status: 受付開始日時, start_date: 2024年03月30日 07時30分, end_date: 2024年04月25日 12時00分, template_seq: 90551
[ 2024-04-16 04:54:19,658 ] 94 luthien5921+shinsei1 - INFO - Parsed data: title: 【04月30日(火)】[東三] 運転免許学科試験〈原付のみ　初回・再受験者／日本語・ポルトガル語・英語受験者に限る＞gen, status: 受付開始日時, start_date: 2024年03月30日 07時30分, end_date: 2024年04月25日 12時00分, template_seq: 90551
[ 2024-04-16 04:54:19,691 ] 94 luthien5921+shinsei1 - INFO - Parsed data: title: 【04月25日(木)】[東三] 運転免許学科試験〈原付のみ　初回・再受験者／日本語・ベトナム語・中国語受験者に限る＞gen, status: 受付開始日時, start_date: 2024年03月25日 07時30分, end_date: 2024年04月23日 12時00分, template_seq: 90550
[ 2024-04-16 04:54:19,691 ] 94 luthien5921+shinsei1 - INFO - Parsed data: title: 【04月25日(木)】[東三] 運転免許学科試験〈原付のみ　初回・再受験者／日本語・ベトナム語・中国語受験者に限る＞gen, status: 受付開始日時, start_date: 2024年03月25日 07時30分, end_date: 2024年04月23日 12時00分, template_seq: 90550
[ 2024-04-16 04:54:19,691 ] 94 luthien5921+shinsei1 - INFO - Parsed data: title: 【04月25日(木)】[東三] 運転免許学科試験〈原付のみ　初回・再受験者／日本語・ベトナム語・中国語受験者に限る＞gen, status: 受付開始日時, start_date: 2024年03月25日 07時30分, end_date: 2024年04月23日 12時00分, template_seq: 90550
[ 2024-04-16 04:54:19,693 ] 94 luthien5921+shinsei1 - INFO - Parsed data: title: 【04月25日(木)】[東三] 運転免許学科試験〈原付のみ　初回・再受験者／日本語・ベトナム語・中国語受験者に限る＞gen, status: 受付開始日時, start_date: 2024年03月25日 07時30分, end_date: 2024年04月23日 12時00分, template_seq: 90550
[ 2024-04-16 04:54:19,693 ] 94 luthien5921+shinsei1 - INFO - Parsed data: title: 【04月25日(木)】[東三] 運転免許学科試験〈原付のみ　初回・再受験者／日本語・ベトナム語・中国語受験者に限る＞gen, status: 受付開始日時, start_date: 2024年03月25日 07時30分, end_date: 2024年04月23日 12時00分, template_seq: 90550
[ 2024-04-16 04:54:19,693 ] 94 luthien5921+shinsei1 - INFO - Parsed data: title: 【04月25日(木)】[東三] 運転免許学科試験〈原付のみ　初回・再受験者／日本語・ベトナム語・中国語受験者に限る＞gen, status: 受付開始日時, start_date: 2024年03月25日 07時30分, end_date: 2024年04月23日 12時00分, template_seq: 90550
[ 2024-04-16 04:54:19,759 ] 94 luthien5921+shinsei1 - INFO - Parsed data: title: 【04月23日(火)】[東三] 運転免許学科試験〈原付のみ　初回・再受験者／日本語・ポルトガル語・英語受験者に限る＞gen, status: 受付開始日時, start_date: 2024年03月23日 07時30分, end_date: 2024年04月19日 12時00分, template_seq: 90549
[ 2024-04-16 04:54:19,759 ] 94 luthien5921+shinsei1 - INFO - Parsed data: title: 【04月23日(火)】[東三] 運転免許学科試験〈原付のみ　初回・再受験者／日本語・ポルトガル語・英語受験者に限る＞gen, status: 受付開始日時, start_date: 2024年03月23日 07時30分, end_date: 2024年04月19日 12時00分, template_seq: 90549
[ 2024-04-16 04:54:19,759 ] 94 luthien5921+shinsei1 - INFO - Parsed data: title: 【04月23日(火)】[東三] 運転免許学科試験〈原付のみ　初回・再受験者／日本語・ポルトガル語・英語受験者に限る＞gen, status: 受付開始日時, start_date: 2024年03月23日 07時30分, end_date: 2024年04月19日 12時00分, template_seq: 90549
[ 2024-04-16 04:54:19,762 ] 94 luthien5921+shinsei1 - INFO - Parsed data: title: 【04月23日(火)】[東三] 運転免許学科試験〈原付のみ　初回・再受験者／日本語・ポルトガル語・英語受験者に限る＞gen, status: 受付開始日時, start_date: 2024年03月23日 07時30分, end_date: 2024年04月19日 12時00分, template_seq: 90549
[ 2024-04-16 04:54:19,762 ] 94 luthien5921+shinsei1 - INFO - Parsed data: title: 【04月23日(火)】[東三] 運転免許学科試験〈原付のみ　初回・再受験者／日本語・ポルトガル語・英語受験者に限る＞gen, status: 受付開始日時, start_date: 2024年03月23日 07時30分, end_date: 2024年04月19日 12時00分, template_seq: 90549
[ 2024-04-16 04:54:19,762 ] 94 luthien5921+shinsei1 - INFO - Parsed data: title: 【04月23日(火)】[東三] 運転免許学科試験〈原付のみ　初回・再受験者／日本語・ポルトガル語・英語受験者に限る＞gen, status: 受付開始日時, start_date: 2024年03月23日 07時30分, end_date: 2024年04月19日 12時00分, template_seq: 90549
[ 2024-04-16 04:54:19,802 ] 94 luthien5921+shinsei1 - INFO - Parsed data: title: 【04月18日(木)】[東三] 運転免許学科試験〈原付のみ　初回・再受験者／日本語・ベトナム語・中国語受験者に限る＞gen, status: None, start_date: 2024年03月18日 07時30分, end_date: 2024年04月16日 12時00分, template_seq: 90548
[ 2024-04-16 04:54:19,802 ] 94 luthien5921+shinsei1 - INFO - Parsed data: title: 【04月18日(木)】[東三] 運転免許学科試験〈原付のみ　初回・再受験者／日本語・ベトナム語・中国語受験者に限る＞gen, status: None, start_date: 2024年03月18日 07時30分, end_date: 2024年04月16日 12時00分, template_seq: 90548
[ 2024-04-16 04:54:19,802 ] 94 luthien5921+shinsei1 - INFO - Parsed data: title: 【04月18日(木)】[東三] 運転免許学科試験〈原付のみ　初回・再受験者／日本語・ベトナム語・中国語受験者に限る＞gen, status: None, start_date: 2024年03月18日 07時30分, end_date: 2024年04月16日 12時00分, template_seq: 90548
[ 2024-04-16 04:54:19,806 ] 94 luthien5921+shinsei1 - INFO - Parsed data: title: 【04月18日(木)】[東三] 運転免許学科試験〈原付のみ　初回・再受験者／日本語・ベトナム語・中国語受験者に限る＞gen, status: None, start_date: 2024年03月18日 07時30分, end_date: 2024年04月16日 12時00分, template_seq: 90548
[ 2024-04-16 04:54:19,806 ] 94 luthien5921+shinsei1 - INFO - Parsed data: title: 【04月18日(木)】[東三] 運転免許学科試験〈原付のみ　初回・再受験者／日本語・ベトナム語・中国語受験者に限る＞gen, status: None, start_date: 2024年03月18日 07時30分, end_date: 2024年04月16日 12時00分, template_seq: 90548
[ 2024-04-16 04:54:19,806 ] 94 luthien5921+shinsei1 - INFO - Parsed data: title: 【04月18日(木)】[東三] 運転免許学科試験〈原付のみ　初回・再受験者／日本語・ベトナム語・中国語受験者に限る＞gen, status: None, start_date: 2024年03月18日 07時30分, end_date: 2024年04月16日 12時00分, template_seq: 90548
[ 2024-04-16 04:54:19,808 ] 94 luthien5921+shinsei1 - INFO - Number of filtered forms left is: 4 form(s)
[ 2024-04-16 04:54:19,808 ] 94 luthien5921+shinsei1 - INFO - Number of filtered forms left is: 4 form(s)
[ 2024-04-16 04:54:19,808 ] 94 luthien5921+shinsei1 - INFO - Number of filtered forms left is: 4 form(s)
[ 2024-04-16 04:54:19,809 ] 94 luthien5921+shinsei1 - INFO - Accessing form, template sequence: 90549
[ 2024-04-16 04:54:19,809 ] 94 luthien5921+shinsei1 - INFO - Accessing form, template sequence: 90549
[ 2024-04-16 04:54:19,809 ] 94 luthien5921+shinsei1 - INFO - Accessing form, template sequence: 90549
[ 2024-04-16 04:54:19,811 ] 94 luthien5921+shinsei1 - INFO - Form URL: https://www.shinsei.e-aichi.jp/pref-aichi-police-u/offer/offerList_detailTop?tempSeq=90549
[ 2024-04-16 04:54:19,811 ] 94 luthien5921+shinsei1 - INFO - Form URL: https://www.shinsei.e-aichi.jp/pref-aichi-police-u/offer/offerList_detailTop?tempSeq=90549
[ 2024-04-16 04:54:19,811 ] 94 luthien5921+shinsei1 - INFO - Form URL: https://www.shinsei.e-aichi.jp/pref-aichi-police-u/offer/offerList_detailTop?tempSeq=90549
[ 2024-04-16 04:54:25,447 ] 94 luthien5921+shinsei1 - INFO - Accessed form successfully
[ 2024-04-16 04:54:25,447 ] 94 luthien5921+shinsei1 - INFO - Accessed form successfully
[ 2024-04-16 04:54:25,447 ] 94 luthien5921+shinsei1 - INFO - Accessed form successfully
[ 2024-04-16 04:54:25,481 ] 82 luthien5921+shinsei1 - ERROR - Failed to get form message, maybe form is available
Traceback (most recent call last):
  File "C:\Users\USER\Projects\AichiTool\AichiSelenium\src\controllers\filler.py", line 114, in get_form_message
    message = browser.find_element(By.XPATH, "/html/body/main/div/form/div[3]/strong/ul/li/span/strong").text
  File "C:\ProgramData\anaconda3\envs\aichi\lib\site-packages\seleniumbase\core\sb_driver.py", line 20, in find_element
    return self.driver.default_find_element(by=by, value=value)
  File "C:\ProgramData\anaconda3\envs\aichi\lib\site-packages\selenium\webdriver\remote\webdriver.py", line 741, in find_element
    return self.execute(Command.FIND_ELEMENT, {"using": by, "value": value})["value"]
  File "C:\ProgramData\anaconda3\envs\aichi\lib\site-packages\selenium\webdriver\remote\webdriver.py", line 347, in execute
    self.error_handler.check_response(response)
  File "C:\ProgramData\anaconda3\envs\aichi\lib\site-packages\selenium\webdriver\remote\errorhandler.py", line 229, in check_response
    raise exception_class(message, screen, stacktrace)
selenium.common.exceptions.NoSuchElementException: Message: no such element: Unable to locate element: {"method":"xpath","selector":"/html/body/main/div/form/div[3]/strong/ul/li/span/strong"}
  (Session info: chrome=123.0.6312.107); For documentation on this error, please visit: https://www.selenium.dev/documentation/webdriver/troubleshooting/errors#no-such-element-exception
Stacktrace:
	GetHandleVerifier [0x00007FF770D87032+63090]
	(No symbol) [0x00007FF770CF2C82]
	(No symbol) [0x00007FF770B8EC65]
	(No symbol) [0x00007FF770BD499D]
	(No symbol) [0x00007FF770BD4ADC]
	(No symbol) [0x00007FF770C15B37]
	(No symbol) [0x00007FF770BF701F]
	(No symbol) [0x00007FF770C13412]
	(No symbol) [0x00007FF770BF6D83]
	(No symbol) [0x00007FF770BC83A8]
	(No symbol) [0x00007FF770BC9441]
	GetHandleVerifier [0x00007FF7711825AD+4238317]
	GetHandleVerifier [0x00007FF7711BF70D+4488525]
	GetHandleVerifier [0x00007FF7711B79EF+4456495]
	GetHandleVerifier [0x00007FF770E60576+953270]
	(No symbol) [0x00007FF770CFE54F]
	(No symbol) [0x00007FF770CF9224]
	(No symbol) [0x00007FF770CF935B]
	(No symbol) [0x00007FF770CE9B94]
	BaseThreadInitThunk [0x00007FFDC2F1257D+29]
	RtlUserThreadStart [0x00007FFDC3E0AA48+40]

[ 2024-04-16 04:54:25,481 ] 82 luthien5921+shinsei1 - ERROR - Failed to get form message, maybe form is available
Traceback (most recent call last):
  File "C:\Users\USER\Projects\AichiTool\AichiSelenium\src\controllers\filler.py", line 114, in get_form_message
    message = browser.find_element(By.XPATH, "/html/body/main/div/form/div[3]/strong/ul/li/span/strong").text
  File "C:\ProgramData\anaconda3\envs\aichi\lib\site-packages\seleniumbase\core\sb_driver.py", line 20, in find_element
    return self.driver.default_find_element(by=by, value=value)
  File "C:\ProgramData\anaconda3\envs\aichi\lib\site-packages\selenium\webdriver\remote\webdriver.py", line 741, in find_element
    return self.execute(Command.FIND_ELEMENT, {"using": by, "value": value})["value"]
  File "C:\ProgramData\anaconda3\envs\aichi\lib\site-packages\selenium\webdriver\remote\webdriver.py", line 347, in execute
    self.error_handler.check_response(response)
  File "C:\ProgramData\anaconda3\envs\aichi\lib\site-packages\selenium\webdriver\remote\errorhandler.py", line 229, in check_response
    raise exception_class(message, screen, stacktrace)
selenium.common.exceptions.NoSuchElementException: Message: no such element: Unable to locate element: {"method":"xpath","selector":"/html/body/main/div/form/div[3]/strong/ul/li/span/strong"}
  (Session info: chrome=123.0.6312.107); For documentation on this error, please visit: https://www.selenium.dev/documentation/webdriver/troubleshooting/errors#no-such-element-exception
Stacktrace:
	GetHandleVerifier [0x00007FF770D87032+63090]
	(No symbol) [0x00007FF770CF2C82]
	(No symbol) [0x00007FF770B8EC65]
	(No symbol) [0x00007FF770BD499D]
	(No symbol) [0x00007FF770BD4ADC]
	(No symbol) [0x00007FF770C15B37]
	(No symbol) [0x00007FF770BF701F]
	(No symbol) [0x00007FF770C13412]
	(No symbol) [0x00007FF770BF6D83]
	(No symbol) [0x00007FF770BC83A8]
	(No symbol) [0x00007FF770BC9441]
	GetHandleVerifier [0x00007FF7711825AD+4238317]
	GetHandleVerifier [0x00007FF7711BF70D+4488525]
	GetHandleVerifier [0x00007FF7711B79EF+4456495]
	GetHandleVerifier [0x00007FF770E60576+953270]
	(No symbol) [0x00007FF770CFE54F]
	(No symbol) [0x00007FF770CF9224]
	(No symbol) [0x00007FF770CF935B]
	(No symbol) [0x00007FF770CE9B94]
	BaseThreadInitThunk [0x00007FFDC2F1257D+29]
	RtlUserThreadStart [0x00007FFDC3E0AA48+40]

[ 2024-04-16 04:54:25,481 ] 82 luthien5921+shinsei1 - ERROR - Failed to get form message, maybe form is available
Traceback (most recent call last):
  File "C:\Users\USER\Projects\AichiTool\AichiSelenium\src\controllers\filler.py", line 114, in get_form_message
    message = browser.find_element(By.XPATH, "/html/body/main/div/form/div[3]/strong/ul/li/span/strong").text
  File "C:\ProgramData\anaconda3\envs\aichi\lib\site-packages\seleniumbase\core\sb_driver.py", line 20, in find_element
    return self.driver.default_find_element(by=by, value=value)
  File "C:\ProgramData\anaconda3\envs\aichi\lib\site-packages\selenium\webdriver\remote\webdriver.py", line 741, in find_element
    return self.execute(Command.FIND_ELEMENT, {"using": by, "value": value})["value"]
  File "C:\ProgramData\anaconda3\envs\aichi\lib\site-packages\selenium\webdriver\remote\webdriver.py", line 347, in execute
    self.error_handler.check_response(response)
  File "C:\ProgramData\anaconda3\envs\aichi\lib\site-packages\selenium\webdriver\remote\errorhandler.py", line 229, in check_response
    raise exception_class(message, screen, stacktrace)
selenium.common.exceptions.NoSuchElementException: Message: no such element: Unable to locate element: {"method":"xpath","selector":"/html/body/main/div/form/div[3]/strong/ul/li/span/strong"}
  (Session info: chrome=123.0.6312.107); For documentation on this error, please visit: https://www.selenium.dev/documentation/webdriver/troubleshooting/errors#no-such-element-exception
Stacktrace:
	GetHandleVerifier [0x00007FF770D87032+63090]
	(No symbol) [0x00007FF770CF2C82]
	(No symbol) [0x00007FF770B8EC65]
	(No symbol) [0x00007FF770BD499D]
	(No symbol) [0x00007FF770BD4ADC]
	(No symbol) [0x00007FF770C15B37]
	(No symbol) [0x00007FF770BF701F]
	(No symbol) [0x00007FF770C13412]
	(No symbol) [0x00007FF770BF6D83]
	(No symbol) [0x00007FF770BC83A8]
	(No symbol) [0x00007FF770BC9441]
	GetHandleVerifier [0x00007FF7711825AD+4238317]
	GetHandleVerifier [0x00007FF7711BF70D+4488525]
	GetHandleVerifier [0x00007FF7711B79EF+4456495]
	GetHandleVerifier [0x00007FF770E60576+953270]
	(No symbol) [0x00007FF770CFE54F]
	(No symbol) [0x00007FF770CF9224]
	(No symbol) [0x00007FF770CF935B]
	(No symbol) [0x00007FF770CE9B94]
	BaseThreadInitThunk [0x00007FFDC2F1257D+29]
	RtlUserThreadStart [0x00007FFDC3E0AA48+40]

[ 2024-04-16 04:54:25,484 ] 94 luthien5921+shinsei1 - INFO - Form is available, template sequence: 90549
[ 2024-04-16 04:54:25,484 ] 94 luthien5921+shinsei1 - INFO - Form is available, template sequence: 90549
[ 2024-04-16 04:54:25,484 ] 94 luthien5921+shinsei1 - INFO - Form is available, template sequence: 90549
[ 2024-04-16 04:54:25,485 ] 94 luthien5921+shinsei1 - INFO - Filling form, template sequence: 90549
[ 2024-04-16 04:54:25,485 ] 94 luthien5921+shinsei1 - INFO - Filling form, template sequence: 90549
[ 2024-04-16 04:54:25,485 ] 94 luthien5921+shinsei1 - INFO - Filling form, template sequence: 90549
[ 2024-04-16 04:54:27,432 ] 94 luthien5921+shinsei1 - INFO - Clicked continue button
[ 2024-04-16 04:54:27,432 ] 94 luthien5921+shinsei1 - INFO - Clicked continue button
[ 2024-04-16 04:54:27,432 ] 94 luthien5921+shinsei1 - INFO - Clicked continue button
[ 2024-04-16 04:54:27,504 ] 94 luthien5921+shinsei1 - INFO - Filled input: item[0].textData2 by name, value: Duy
[ 2024-04-16 04:54:27,504 ] 94 luthien5921+shinsei1 - INFO - Filled input: item[0].textData2 by name, value: Duy
[ 2024-04-16 04:54:27,504 ] 94 luthien5921+shinsei1 - INFO - Filled input: item[0].textData2 by name, value: Duy
[ 2024-04-16 04:54:27,588 ] 94 luthien5921+shinsei1 - INFO - Filled input: item[0].textData by name, value: Do
[ 2024-04-16 04:54:27,588 ] 94 luthien5921+shinsei1 - INFO - Filled input: item[0].textData by name, value: Do
[ 2024-04-16 04:54:27,588 ] 94 luthien5921+shinsei1 - INFO - Filled input: item[0].textData by name, value: Do
[ 2024-04-16 04:54:27,710 ] 94 luthien5921+shinsei1 - INFO - Filled input: item[2].textData by name, value: 19940224
[ 2024-04-16 04:54:27,710 ] 94 luthien5921+shinsei1 - INFO - Filled input: item[2].textData by name, value: 19940224
[ 2024-04-16 04:54:27,710 ] 94 luthien5921+shinsei1 - INFO - Filled input: item[2].textData by name, value: 19940224
[ 2024-04-16 04:54:27,819 ] 94 luthien5921+shinsei1 - INFO - Filled input: item[4].textData by name, value: 0809998888
[ 2024-04-16 04:54:27,819 ] 94 luthien5921+shinsei1 - INFO - Filled input: item[4].textData by name, value: 0809998888
[ 2024-04-16 04:54:27,819 ] 94 luthien5921+shinsei1 - INFO - Filled input: item[4].textData by name, value: 0809998888
[ 2024-04-16 04:54:27,917 ] 94 luthien5921+shinsei1 - INFO - Filled input: item[5].textData by name, value: Ninja
[ 2024-04-16 04:54:27,917 ] 94 luthien5921+shinsei1 - INFO - Filled input: item[5].textData by name, value: Ninja
[ 2024-04-16 04:54:27,917 ] 94 luthien5921+shinsei1 - INFO - Filled input: item[5].textData by name, value: Ninja
[ 2024-04-16 04:54:28,028 ] 94 luthien5921+shinsei1 - INFO - Check checkbox: /html/body/form/main/div/div[4]/dl[8]/dd/fieldset/p/label/span by xpath
[ 2024-04-16 04:54:28,028 ] 94 luthien5921+shinsei1 - INFO - Check checkbox: /html/body/form/main/div/div[4]/dl[8]/dd/fieldset/p/label/span by xpath
[ 2024-04-16 04:54:28,028 ] 94 luthien5921+shinsei1 - INFO - Check checkbox: /html/body/form/main/div/div[4]/dl[8]/dd/fieldset/p/label/span by xpath
[ 2024-04-16 04:54:29,771 ] 82 luthien5921+shinsei1 - ERROR - Failed to click confirm button: Message: no such element: Unable to locate element: {"method":"xpath","selector":"/html/body/form/main/div/div[3]/div[2]/div/div[2]/button"}
  (Session info: chrome=123.0.6312.107); For documentation on this error, please visit: https://www.selenium.dev/documentation/webdriver/troubleshooting/errors#no-such-element-exception
Stacktrace:
	GetHandleVerifier [0x00007FF770D87032+63090]
	(No symbol) [0x00007FF770CF2C82]
	(No symbol) [0x00007FF770B8EC65]
	(No symbol) [0x00007FF770BD499D]
	(No symbol) [0x00007FF770BD4ADC]
	(No symbol) [0x00007FF770C15B37]
	(No symbol) [0x00007FF770BF701F]
	(No symbol) [0x00007FF770C13412]
	(No symbol) [0x00007FF770BF6D83]
	(No symbol) [0x00007FF770BC83A8]
	(No symbol) [0x00007FF770BC9441]
	GetHandleVerifier [0x00007FF7711825AD+4238317]
	GetHandleVerifier [0x00007FF7711BF70D+4488525]
	GetHandleVerifier [0x00007FF7711B79EF+4456495]
	GetHandleVerifier [0x00007FF770E60576+953270]
	(No symbol) [0x00007FF770CFE54F]
	(No symbol) [0x00007FF770CF9224]
	(No symbol) [0x00007FF770CF935B]
	(No symbol) [0x00007FF770CE9B94]
	BaseThreadInitThunk [0x00007FFDC2F1257D+29]
	RtlUserThreadStart [0x00007FFDC3E0AA48+40]
Traceback (most recent call last):
  File "C:\Users\USER\Projects\AichiTool\AichiSelenium\src\controllers\filler.py", line 86, in fill
    browser.find_element(By.XPATH, "/html/body/form/main/div/div[3]/div[2]/div/div[2]/button").click()
  File "C:\ProgramData\anaconda3\envs\aichi\lib\site-packages\seleniumbase\core\sb_driver.py", line 20, in find_element
    return self.driver.default_find_element(by=by, value=value)
  File "C:\ProgramData\anaconda3\envs\aichi\lib\site-packages\selenium\webdriver\remote\webdriver.py", line 741, in find_element
    return self.execute(Command.FIND_ELEMENT, {"using": by, "value": value})["value"]
  File "C:\ProgramData\anaconda3\envs\aichi\lib\site-packages\selenium\webdriver\remote\webdriver.py", line 347, in execute
    self.error_handler.check_response(response)
  File "C:\ProgramData\anaconda3\envs\aichi\lib\site-packages\selenium\webdriver\remote\errorhandler.py", line 229, in check_response
    raise exception_class(message, screen, stacktrace)
selenium.common.exceptions.NoSuchElementException: Message: no such element: Unable to locate element: {"method":"xpath","selector":"/html/body/form/main/div/div[3]/div[2]/div/div[2]/button"}
  (Session info: chrome=123.0.6312.107); For documentation on this error, please visit: https://www.selenium.dev/documentation/webdriver/troubleshooting/errors#no-such-element-exception
Stacktrace:
	GetHandleVerifier [0x00007FF770D87032+63090]
	(No symbol) [0x00007FF770CF2C82]
	(No symbol) [0x00007FF770B8EC65]
	(No symbol) [0x00007FF770BD499D]
	(No symbol) [0x00007FF770BD4ADC]
	(No symbol) [0x00007FF770C15B37]
	(No symbol) [0x00007FF770BF701F]
	(No symbol) [0x00007FF770C13412]
	(No symbol) [0x00007FF770BF6D83]
	(No symbol) [0x00007FF770BC83A8]
	(No symbol) [0x00007FF770BC9441]
	GetHandleVerifier [0x00007FF7711825AD+4238317]
	GetHandleVerifier [0x00007FF7711BF70D+4488525]
	GetHandleVerifier [0x00007FF7711B79EF+4456495]
	GetHandleVerifier [0x00007FF770E60576+953270]
	(No symbol) [0x00007FF770CFE54F]
	(No symbol) [0x00007FF770CF9224]
	(No symbol) [0x00007FF770CF935B]
	(No symbol) [0x00007FF770CE9B94]
	BaseThreadInitThunk [0x00007FFDC2F1257D+29]
	RtlUserThreadStart [0x00007FFDC3E0AA48+40]

[ 2024-04-16 04:54:29,771 ] 82 luthien5921+shinsei1 - ERROR - Failed to click confirm button: Message: no such element: Unable to locate element: {"method":"xpath","selector":"/html/body/form/main/div/div[3]/div[2]/div/div[2]/button"}
  (Session info: chrome=123.0.6312.107); For documentation on this error, please visit: https://www.selenium.dev/documentation/webdriver/troubleshooting/errors#no-such-element-exception
Stacktrace:
	GetHandleVerifier [0x00007FF770D87032+63090]
	(No symbol) [0x00007FF770CF2C82]
	(No symbol) [0x00007FF770B8EC65]
	(No symbol) [0x00007FF770BD499D]
	(No symbol) [0x00007FF770BD4ADC]
	(No symbol) [0x00007FF770C15B37]
	(No symbol) [0x00007FF770BF701F]
	(No symbol) [0x00007FF770C13412]
	(No symbol) [0x00007FF770BF6D83]
	(No symbol) [0x00007FF770BC83A8]
	(No symbol) [0x00007FF770BC9441]
	GetHandleVerifier [0x00007FF7711825AD+4238317]
	GetHandleVerifier [0x00007FF7711BF70D+4488525]
	GetHandleVerifier [0x00007FF7711B79EF+4456495]
	GetHandleVerifier [0x00007FF770E60576+953270]
	(No symbol) [0x00007FF770CFE54F]
	(No symbol) [0x00007FF770CF9224]
	(No symbol) [0x00007FF770CF935B]
	(No symbol) [0x00007FF770CE9B94]
	BaseThreadInitThunk [0x00007FFDC2F1257D+29]
	RtlUserThreadStart [0x00007FFDC3E0AA48+40]
Traceback (most recent call last):
  File "C:\Users\USER\Projects\AichiTool\AichiSelenium\src\controllers\filler.py", line 86, in fill
    browser.find_element(By.XPATH, "/html/body/form/main/div/div[3]/div[2]/div/div[2]/button").click()
  File "C:\ProgramData\anaconda3\envs\aichi\lib\site-packages\seleniumbase\core\sb_driver.py", line 20, in find_element
    return self.driver.default_find_element(by=by, value=value)
  File "C:\ProgramData\anaconda3\envs\aichi\lib\site-packages\selenium\webdriver\remote\webdriver.py", line 741, in find_element
    return self.execute(Command.FIND_ELEMENT, {"using": by, "value": value})["value"]
  File "C:\ProgramData\anaconda3\envs\aichi\lib\site-packages\selenium\webdriver\remote\webdriver.py", line 347, in execute
    self.error_handler.check_response(response)
  File "C:\ProgramData\anaconda3\envs\aichi\lib\site-packages\selenium\webdriver\remote\errorhandler.py", line 229, in check_response
    raise exception_class(message, screen, stacktrace)
selenium.common.exceptions.NoSuchElementException: Message: no such element: Unable to locate element: {"method":"xpath","selector":"/html/body/form/main/div/div[3]/div[2]/div/div[2]/button"}
  (Session info: chrome=123.0.6312.107); For documentation on this error, please visit: https://www.selenium.dev/documentation/webdriver/troubleshooting/errors#no-such-element-exception
Stacktrace:
	GetHandleVerifier [0x00007FF770D87032+63090]
	(No symbol) [0x00007FF770CF2C82]
	(No symbol) [0x00007FF770B8EC65]
	(No symbol) [0x00007FF770BD499D]
	(No symbol) [0x00007FF770BD4ADC]
	(No symbol) [0x00007FF770C15B37]
	(No symbol) [0x00007FF770BF701F]
	(No symbol) [0x00007FF770C13412]
	(No symbol) [0x00007FF770BF6D83]
	(No symbol) [0x00007FF770BC83A8]
	(No symbol) [0x00007FF770BC9441]
	GetHandleVerifier [0x00007FF7711825AD+4238317]
	GetHandleVerifier [0x00007FF7711BF70D+4488525]
	GetHandleVerifier [0x00007FF7711B79EF+4456495]
	GetHandleVerifier [0x00007FF770E60576+953270]
	(No symbol) [0x00007FF770CFE54F]
	(No symbol) [0x00007FF770CF9224]
	(No symbol) [0x00007FF770CF935B]
	(No symbol) [0x00007FF770CE9B94]
	BaseThreadInitThunk [0x00007FFDC2F1257D+29]
	RtlUserThreadStart [0x00007FFDC3E0AA48+40]

[ 2024-04-16 04:54:29,771 ] 82 luthien5921+shinsei1 - ERROR - Failed to click confirm button: Message: no such element: Unable to locate element: {"method":"xpath","selector":"/html/body/form/main/div/div[3]/div[2]/div/div[2]/button"}
  (Session info: chrome=123.0.6312.107); For documentation on this error, please visit: https://www.selenium.dev/documentation/webdriver/troubleshooting/errors#no-such-element-exception
Stacktrace:
	GetHandleVerifier [0x00007FF770D87032+63090]
	(No symbol) [0x00007FF770CF2C82]
	(No symbol) [0x00007FF770B8EC65]
	(No symbol) [0x00007FF770BD499D]
	(No symbol) [0x00007FF770BD4ADC]
	(No symbol) [0x00007FF770C15B37]
	(No symbol) [0x00007FF770BF701F]
	(No symbol) [0x00007FF770C13412]
	(No symbol) [0x00007FF770BF6D83]
	(No symbol) [0x00007FF770BC83A8]
	(No symbol) [0x00007FF770BC9441]
	GetHandleVerifier [0x00007FF7711825AD+4238317]
	GetHandleVerifier [0x00007FF7711BF70D+4488525]
	GetHandleVerifier [0x00007FF7711B79EF+4456495]
	GetHandleVerifier [0x00007FF770E60576+953270]
	(No symbol) [0x00007FF770CFE54F]
	(No symbol) [0x00007FF770CF9224]
	(No symbol) [0x00007FF770CF935B]
	(No symbol) [0x00007FF770CE9B94]
	BaseThreadInitThunk [0x00007FFDC2F1257D+29]
	RtlUserThreadStart [0x00007FFDC3E0AA48+40]
Traceback (most recent call last):
  File "C:\Users\USER\Projects\AichiTool\AichiSelenium\src\controllers\filler.py", line 86, in fill
    browser.find_element(By.XPATH, "/html/body/form/main/div/div[3]/div[2]/div/div[2]/button").click()
  File "C:\ProgramData\anaconda3\envs\aichi\lib\site-packages\seleniumbase\core\sb_driver.py", line 20, in find_element
    return self.driver.default_find_element(by=by, value=value)
  File "C:\ProgramData\anaconda3\envs\aichi\lib\site-packages\selenium\webdriver\remote\webdriver.py", line 741, in find_element
    return self.execute(Command.FIND_ELEMENT, {"using": by, "value": value})["value"]
  File "C:\ProgramData\anaconda3\envs\aichi\lib\site-packages\selenium\webdriver\remote\webdriver.py", line 347, in execute
    self.error_handler.check_response(response)
  File "C:\ProgramData\anaconda3\envs\aichi\lib\site-packages\selenium\webdriver\remote\errorhandler.py", line 229, in check_response
    raise exception_class(message, screen, stacktrace)
selenium.common.exceptions.NoSuchElementException: Message: no such element: Unable to locate element: {"method":"xpath","selector":"/html/body/form/main/div/div[3]/div[2]/div/div[2]/button"}
  (Session info: chrome=123.0.6312.107); For documentation on this error, please visit: https://www.selenium.dev/documentation/webdriver/troubleshooting/errors#no-such-element-exception
Stacktrace:
	GetHandleVerifier [0x00007FF770D87032+63090]
	(No symbol) [0x00007FF770CF2C82]
	(No symbol) [0x00007FF770B8EC65]
	(No symbol) [0x00007FF770BD499D]
	(No symbol) [0x00007FF770BD4ADC]
	(No symbol) [0x00007FF770C15B37]
	(No symbol) [0x00007FF770BF701F]
	(No symbol) [0x00007FF770C13412]
	(No symbol) [0x00007FF770BF6D83]
	(No symbol) [0x00007FF770BC83A8]
	(No symbol) [0x00007FF770BC9441]
	GetHandleVerifier [0x00007FF7711825AD+4238317]
	GetHandleVerifier [0x00007FF7711BF70D+4488525]
	GetHandleVerifier [0x00007FF7711B79EF+4456495]
	GetHandleVerifier [0x00007FF770E60576+953270]
	(No symbol) [0x00007FF770CFE54F]
	(No symbol) [0x00007FF770CF9224]
	(No symbol) [0x00007FF770CF935B]
	(No symbol) [0x00007FF770CE9B94]
	BaseThreadInitThunk [0x00007FFDC2F1257D+29]
	RtlUserThreadStart [0x00007FFDC3E0AA48+40]

[ 2024-04-16 04:54:29,774 ] 94 luthien5921+shinsei1 - INFO - Accessing form, template sequence: 90548
[ 2024-04-16 04:54:29,774 ] 94 luthien5921+shinsei1 - INFO - Accessing form, template sequence: 90548
[ 2024-04-16 04:54:29,774 ] 94 luthien5921+shinsei1 - INFO - Accessing form, template sequence: 90548
[ 2024-04-16 04:54:29,775 ] 94 luthien5921+shinsei1 - INFO - Form URL: https://www.shinsei.e-aichi.jp/pref-aichi-police-u/offer/offerList_detailTop?tempSeq=90548
[ 2024-04-16 04:54:29,775 ] 94 luthien5921+shinsei1 - INFO - Form URL: https://www.shinsei.e-aichi.jp/pref-aichi-police-u/offer/offerList_detailTop?tempSeq=90548
[ 2024-04-16 04:54:29,775 ] 94 luthien5921+shinsei1 - INFO - Form URL: https://www.shinsei.e-aichi.jp/pref-aichi-police-u/offer/offerList_detailTop?tempSeq=90548
[ 2024-04-16 04:55:36,086 ] 82 luthien5921+shinsei1 - ERROR - Failed to access form: Message: invalid session id
Stacktrace:
	GetHandleVerifier [0x00007FF770D87032+63090]
	(No symbol) [0x00007FF770CF2C82]
	(No symbol) [0x00007FF770B8EB1D]
	(No symbol) [0x00007FF770BC7E27]
	(No symbol) [0x00007FF770BF6E89]
	(No symbol) [0x00007FF770BF12AB]
	(No symbol) [0x00007FF770BF0C76]
	(No symbol) [0x00007FF770B62E55]
	GetHandleVerifier [0x00007FF7711825AD+4238317]
	GetHandleVerifier [0x00007FF7711BF70D+4488525]
	GetHandleVerifier [0x00007FF7711B79EF+4456495]
	GetHandleVerifier [0x00007FF770E60576+953270]
	(No symbol) [0x00007FF770CFE54F]
	(No symbol) [0x00007FF770B61E90]
	GetHandleVerifier [0x00007FF771209958+4792216]
	BaseThreadInitThunk [0x00007FFDC2F1257D+29]
	RtlUserThreadStart [0x00007FFDC3E0AA48+40]
Traceback (most recent call last):
  File "C:\Users\USER\Projects\AichiTool\AichiSelenium\src\controllers\filler.py", line 21, in fill
    browser.get(form_info.url)
  File "C:\ProgramData\anaconda3\envs\aichi\lib\site-packages\seleniumbase\core\browser_launcher.py", line 3739, in <lambda>
    driver.get = lambda url: uc_special_open_if_cf(
  File "C:\ProgramData\anaconda3\envs\aichi\lib\site-packages\seleniumbase\core\browser_launcher.py", line 396, in uc_special_open_if_cf
    driver.switch_to.window(driver.window_handles[-1])
  File "C:\ProgramData\anaconda3\envs\aichi\lib\site-packages\seleniumbase\undetected\__init__.py", line 326, in __getattribute__
    return super().__getattribute__(item)
  File "C:\ProgramData\anaconda3\envs\aichi\lib\site-packages\selenium\webdriver\remote\webdriver.py", line 494, in window_handles
    return self.execute(Command.W3C_GET_WINDOW_HANDLES)["value"]
  File "C:\ProgramData\anaconda3\envs\aichi\lib\site-packages\selenium\webdriver\remote\webdriver.py", line 347, in execute
    self.error_handler.check_response(response)
  File "C:\ProgramData\anaconda3\envs\aichi\lib\site-packages\selenium\webdriver\remote\errorhandler.py", line 229, in check_response
    raise exception_class(message, screen, stacktrace)
selenium.common.exceptions.InvalidSessionIdException: Message: invalid session id
Stacktrace:
	GetHandleVerifier [0x00007FF770D87032+63090]
	(No symbol) [0x00007FF770CF2C82]
	(No symbol) [0x00007FF770B8EB1D]
	(No symbol) [0x00007FF770BC7E27]
	(No symbol) [0x00007FF770BF6E89]
	(No symbol) [0x00007FF770BF12AB]
	(No symbol) [0x00007FF770BF0C76]
	(No symbol) [0x00007FF770B62E55]
	GetHandleVerifier [0x00007FF7711825AD+4238317]
	GetHandleVerifier [0x00007FF7711BF70D+4488525]
	GetHandleVerifier [0x00007FF7711B79EF+4456495]
	GetHandleVerifier [0x00007FF770E60576+953270]
	(No symbol) [0x00007FF770CFE54F]
	(No symbol) [0x00007FF770B61E90]
	GetHandleVerifier [0x00007FF771209958+4792216]
	BaseThreadInitThunk [0x00007FFDC2F1257D+29]
	RtlUserThreadStart [0x00007FFDC3E0AA48+40]

[ 2024-04-16 04:55:36,086 ] 82 luthien5921+shinsei1 - ERROR - Failed to access form: Message: invalid session id
Stacktrace:
	GetHandleVerifier [0x00007FF770D87032+63090]
	(No symbol) [0x00007FF770CF2C82]
	(No symbol) [0x00007FF770B8EB1D]
	(No symbol) [0x00007FF770BC7E27]
	(No symbol) [0x00007FF770BF6E89]
	(No symbol) [0x00007FF770BF12AB]
	(No symbol) [0x00007FF770BF0C76]
	(No symbol) [0x00007FF770B62E55]
	GetHandleVerifier [0x00007FF7711825AD+4238317]
	GetHandleVerifier [0x00007FF7711BF70D+4488525]
	GetHandleVerifier [0x00007FF7711B79EF+4456495]
	GetHandleVerifier [0x00007FF770E60576+953270]
	(No symbol) [0x00007FF770CFE54F]
	(No symbol) [0x00007FF770B61E90]
	GetHandleVerifier [0x00007FF771209958+4792216]
	BaseThreadInitThunk [0x00007FFDC2F1257D+29]
	RtlUserThreadStart [0x00007FFDC3E0AA48+40]
Traceback (most recent call last):
  File "C:\Users\USER\Projects\AichiTool\AichiSelenium\src\controllers\filler.py", line 21, in fill
    browser.get(form_info.url)
  File "C:\ProgramData\anaconda3\envs\aichi\lib\site-packages\seleniumbase\core\browser_launcher.py", line 3739, in <lambda>
    driver.get = lambda url: uc_special_open_if_cf(
  File "C:\ProgramData\anaconda3\envs\aichi\lib\site-packages\seleniumbase\core\browser_launcher.py", line 396, in uc_special_open_if_cf
    driver.switch_to.window(driver.window_handles[-1])
  File "C:\ProgramData\anaconda3\envs\aichi\lib\site-packages\seleniumbase\undetected\__init__.py", line 326, in __getattribute__
    return super().__getattribute__(item)
  File "C:\ProgramData\anaconda3\envs\aichi\lib\site-packages\selenium\webdriver\remote\webdriver.py", line 494, in window_handles
    return self.execute(Command.W3C_GET_WINDOW_HANDLES)["value"]
  File "C:\ProgramData\anaconda3\envs\aichi\lib\site-packages\selenium\webdriver\remote\webdriver.py", line 347, in execute
    self.error_handler.check_response(response)
  File "C:\ProgramData\anaconda3\envs\aichi\lib\site-packages\selenium\webdriver\remote\errorhandler.py", line 229, in check_response
    raise exception_class(message, screen, stacktrace)
selenium.common.exceptions.InvalidSessionIdException: Message: invalid session id
Stacktrace:
	GetHandleVerifier [0x00007FF770D87032+63090]
	(No symbol) [0x00007FF770CF2C82]
	(No symbol) [0x00007FF770B8EB1D]
	(No symbol) [0x00007FF770BC7E27]
	(No symbol) [0x00007FF770BF6E89]
	(No symbol) [0x00007FF770BF12AB]
	(No symbol) [0x00007FF770BF0C76]
	(No symbol) [0x00007FF770B62E55]
	GetHandleVerifier [0x00007FF7711825AD+4238317]
	GetHandleVerifier [0x00007FF7711BF70D+4488525]
	GetHandleVerifier [0x00007FF7711B79EF+4456495]
	GetHandleVerifier [0x00007FF770E60576+953270]
	(No symbol) [0x00007FF770CFE54F]
	(No symbol) [0x00007FF770B61E90]
	GetHandleVerifier [0x00007FF771209958+4792216]
	BaseThreadInitThunk [0x00007FFDC2F1257D+29]
	RtlUserThreadStart [0x00007FFDC3E0AA48+40]

[ 2024-04-16 04:55:36,086 ] 82 luthien5921+shinsei1 - ERROR - Failed to access form: Message: invalid session id
Stacktrace:
	GetHandleVerifier [0x00007FF770D87032+63090]
	(No symbol) [0x00007FF770CF2C82]
	(No symbol) [0x00007FF770B8EB1D]
	(No symbol) [0x00007FF770BC7E27]
	(No symbol) [0x00007FF770BF6E89]
	(No symbol) [0x00007FF770BF12AB]
	(No symbol) [0x00007FF770BF0C76]
	(No symbol) [0x00007FF770B62E55]
	GetHandleVerifier [0x00007FF7711825AD+4238317]
	GetHandleVerifier [0x00007FF7711BF70D+4488525]
	GetHandleVerifier [0x00007FF7711B79EF+4456495]
	GetHandleVerifier [0x00007FF770E60576+953270]
	(No symbol) [0x00007FF770CFE54F]
	(No symbol) [0x00007FF770B61E90]
	GetHandleVerifier [0x00007FF771209958+4792216]
	BaseThreadInitThunk [0x00007FFDC2F1257D+29]
	RtlUserThreadStart [0x00007FFDC3E0AA48+40]
Traceback (most recent call last):
  File "C:\Users\USER\Projects\AichiTool\AichiSelenium\src\controllers\filler.py", line 21, in fill
    browser.get(form_info.url)
  File "C:\ProgramData\anaconda3\envs\aichi\lib\site-packages\seleniumbase\core\browser_launcher.py", line 3739, in <lambda>
    driver.get = lambda url: uc_special_open_if_cf(
  File "C:\ProgramData\anaconda3\envs\aichi\lib\site-packages\seleniumbase\core\browser_launcher.py", line 396, in uc_special_open_if_cf
    driver.switch_to.window(driver.window_handles[-1])
  File "C:\ProgramData\anaconda3\envs\aichi\lib\site-packages\seleniumbase\undetected\__init__.py", line 326, in __getattribute__
    return super().__getattribute__(item)
  File "C:\ProgramData\anaconda3\envs\aichi\lib\site-packages\selenium\webdriver\remote\webdriver.py", line 494, in window_handles
    return self.execute(Command.W3C_GET_WINDOW_HANDLES)["value"]
  File "C:\ProgramData\anaconda3\envs\aichi\lib\site-packages\selenium\webdriver\remote\webdriver.py", line 347, in execute
    self.error_handler.check_response(response)
  File "C:\ProgramData\anaconda3\envs\aichi\lib\site-packages\selenium\webdriver\remote\errorhandler.py", line 229, in check_response
    raise exception_class(message, screen, stacktrace)
selenium.common.exceptions.InvalidSessionIdException: Message: invalid session id
Stacktrace:
	GetHandleVerifier [0x00007FF770D87032+63090]
	(No symbol) [0x00007FF770CF2C82]
	(No symbol) [0x00007FF770B8EB1D]
	(No symbol) [0x00007FF770BC7E27]
	(No symbol) [0x00007FF770BF6E89]
	(No symbol) [0x00007FF770BF12AB]
	(No symbol) [0x00007FF770BF0C76]
	(No symbol) [0x00007FF770B62E55]
	GetHandleVerifier [0x00007FF7711825AD+4238317]
	GetHandleVerifier [0x00007FF7711BF70D+4488525]
	GetHandleVerifier [0x00007FF7711B79EF+4456495]
	GetHandleVerifier [0x00007FF770E60576+953270]
	(No symbol) [0x00007FF770CFE54F]
	(No symbol) [0x00007FF770B61E90]
	GetHandleVerifier [0x00007FF771209958+4792216]
	BaseThreadInitThunk [0x00007FFDC2F1257D+29]
	RtlUserThreadStart [0x00007FFDC3E0AA48+40]

[ 2024-04-16 04:55:36,093 ] 94 luthien5921+shinsei1 - INFO - Accessing form, template sequence: 90550
[ 2024-04-16 04:55:36,093 ] 94 luthien5921+shinsei1 - INFO - Accessing form, template sequence: 90550
[ 2024-04-16 04:55:36,093 ] 94 luthien5921+shinsei1 - INFO - Accessing form, template sequence: 90550
[ 2024-04-16 04:55:36,094 ] 94 luthien5921+shinsei1 - INFO - Form URL: https://www.shinsei.e-aichi.jp/pref-aichi-police-u/offer/offerList_detailTop?tempSeq=90550
[ 2024-04-16 04:55:36,094 ] 94 luthien5921+shinsei1 - INFO - Form URL: https://www.shinsei.e-aichi.jp/pref-aichi-police-u/offer/offerList_detailTop?tempSeq=90550
[ 2024-04-16 04:55:36,094 ] 94 luthien5921+shinsei1 - INFO - Form URL: https://www.shinsei.e-aichi.jp/pref-aichi-police-u/offer/offerList_detailTop?tempSeq=90550
