[ 2024-04-23 22:45:02,871 ] 94 main_controller - INFO - Subprocess 0 started with trial number 0
[ 2024-04-23 22:45:02,871 ] 94 main_controller - ERROR - Account is a dictionary, convert to Account object: Username: nihahi50@gmail.com, Password: hoahong1234
[ 2024-04-23 22:45:04,885 ] 94 main_controller - INFO - Subprocess 1 started with trial number 0
[ 2024-04-23 22:45:04,885 ] 94 main_controller - INFO - Subprocess 1 started with trial number 0
[ 2024-04-23 22:45:04,886 ] 94 main_controller - ERROR - Account is a dictionary, convert to Account object: Username: ble79037@gmail.com, Password: hoahong1234
[ 2024-04-23 22:45:04,886 ] 94 main_controller - ERROR - Account is a dictionary, convert to Account object: Username: ble79037@gmail.com, Password: hoahong1234
[ 2024-04-23 22:45:06,893 ] 94 main_controller - INFO - Subprocess 2 started with trial number 0
[ 2024-04-23 22:45:06,893 ] 94 main_controller - INFO - Subprocess 2 started with trial number 0
[ 2024-04-23 22:45:06,893 ] 94 main_controller - INFO - Subprocess 2 started with trial number 0
[ 2024-04-23 22:45:06,893 ] 94 main_controller - ERROR - Account is a dictionary, convert to Account object: Username: benemmai380@gmail.com, Password: hoahong1234
[ 2024-04-23 22:45:06,893 ] 94 main_controller - ERROR - Account is a dictionary, convert to Account object: Username: benemmai380@gmail.com, Password: hoahong1234
[ 2024-04-23 22:45:06,893 ] 94 main_controller - ERROR - Account is a dictionary, convert to Account object: Username: benemmai380@gmail.com, Password: hoahong1234
[ 2024-04-23 22:45:07,873 ] 94 main_controller - INFO - Browser opened
[ 2024-04-23 22:45:07,873 ] 94 main_controller - INFO - Browser opened
[ 2024-04-23 22:45:07,873 ] 94 main_controller - INFO - Browser opened
[ 2024-04-23 22:45:12,669 ] 94 main_controller - INFO - Browser opened
[ 2024-04-23 22:45:12,669 ] 94 main_controller - INFO - Browser opened
[ 2024-04-23 22:45:12,669 ] 94 main_controller - INFO - Browser opened
[ 2024-04-23 22:45:13,937 ] 94 main_controller - INFO - Browser opened
[ 2024-04-23 22:45:13,937 ] 94 main_controller - INFO - Browser opened
[ 2024-04-23 22:45:13,937 ] 94 main_controller - INFO - Browser opened
[ 2024-04-23 22:45:17,751 ] 94 main_controller - INFO - Logged in successfully
[ 2024-04-23 22:45:17,751 ] 94 main_controller - INFO - Logged in successfully
[ 2024-04-23 22:45:17,751 ] 94 main_controller - INFO - Logged in successfully
[ 2024-04-23 22:45:18,162 ] 94 main_controller - INFO - Screenshot saved to C:\Users\USER\Projects\AichiTool\AichiSelenium\logs\2024_04_23\22_45_02\screenshot_benemmai380.png
[ 2024-04-23 22:45:18,162 ] 94 main_controller - INFO - Screenshot saved to C:\Users\USER\Projects\AichiTool\AichiSelenium\logs\2024_04_23\22_45_02\screenshot_benemmai380.png
[ 2024-04-23 22:45:18,162 ] 94 main_controller - INFO - Screenshot saved to C:\Users\USER\Projects\AichiTool\AichiSelenium\logs\2024_04_23\22_45_02\screenshot_benemmai380.png
[ 2024-04-23 22:45:18,163 ] 94 main_controller - INFO - Finding forms
[ 2024-04-23 22:45:18,163 ] 94 main_controller - INFO - Finding forms
[ 2024-04-23 22:45:18,163 ] 94 main_controller - INFO - Finding forms
[ 2024-04-23 22:45:21,689 ] 94 main_controller - INFO - Logged in successfully
[ 2024-04-23 22:45:21,689 ] 94 main_controller - INFO - Logged in successfully
[ 2024-04-23 22:45:21,689 ] 94 main_controller - INFO - Logged in successfully
[ 2024-04-23 22:45:22,139 ] 94 main_controller - INFO - Screenshot saved to C:\Users\USER\Projects\AichiTool\AichiSelenium\logs\2024_04_23\22_45_02\screenshot_nihahi50.png
[ 2024-04-23 22:45:22,139 ] 94 main_controller - INFO - Screenshot saved to C:\Users\USER\Projects\AichiTool\AichiSelenium\logs\2024_04_23\22_45_02\screenshot_nihahi50.png
[ 2024-04-23 22:45:22,139 ] 94 main_controller - INFO - Screenshot saved to C:\Users\USER\Projects\AichiTool\AichiSelenium\logs\2024_04_23\22_45_02\screenshot_nihahi50.png
[ 2024-04-23 22:45:22,140 ] 94 main_controller - INFO - Finding forms
[ 2024-04-23 22:45:22,140 ] 94 main_controller - INFO - Finding forms
[ 2024-04-23 22:45:22,140 ] 94 main_controller - INFO - Finding forms
[ 2024-04-23 22:45:23,849 ] 94 main_controller - INFO - Logged in successfully
[ 2024-04-23 22:45:23,849 ] 94 main_controller - INFO - Logged in successfully
[ 2024-04-23 22:45:23,849 ] 94 main_controller - INFO - Logged in successfully
[ 2024-04-23 22:45:24,418 ] 94 main_controller - INFO - Screenshot saved to C:\Users\USER\Projects\AichiTool\AichiSelenium\logs\2024_04_23\22_45_02\screenshot_ble79037.png
[ 2024-04-23 22:45:24,418 ] 94 main_controller - INFO - Screenshot saved to C:\Users\USER\Projects\AichiTool\AichiSelenium\logs\2024_04_23\22_45_02\screenshot_ble79037.png
[ 2024-04-23 22:45:24,418 ] 94 main_controller - INFO - Screenshot saved to C:\Users\USER\Projects\AichiTool\AichiSelenium\logs\2024_04_23\22_45_02\screenshot_ble79037.png
[ 2024-04-23 22:45:24,420 ] 94 main_controller - INFO - Finding forms
[ 2024-04-23 22:45:24,420 ] 94 main_controller - INFO - Finding forms
[ 2024-04-23 22:45:24,420 ] 94 main_controller - INFO - Finding forms
