[ 2024-04-23 23:02:59,054 ] 94 ble79037 - INFO - Opened login page
[ 2024-04-23 23:02:59,054 ] 94 ble79037 - INFO - Opened login page
[ 2024-04-23 23:02:59,054 ] 94 ble79037 - INFO - Opened login page
[ 2024-04-23 23:03:04,558 ] 94 ble79037 - INFO - Logging in
[ 2024-04-23 23:03:04,558 ] 94 ble79037 - INFO - Logging in
[ 2024-04-23 23:03:04,558 ] 94 ble79037 - INFO - Logging in
[ 2024-04-23 23:03:04,571 ] 94 ble79037 - INFO - Current url: https://www.shinsei.e-aichi.jp/pref-aichi-police-u/offer/offerList_initDisplay
[ 2024-04-23 23:03:04,571 ] 94 ble79037 - INFO - Current url: https://www.shinsei.e-aichi.jp/pref-aichi-police-u/offer/offerList_initDisplay
[ 2024-04-23 23:03:04,571 ] 94 ble79037 - INFO - Current url: https://www.shinsei.e-aichi.jp/pref-aichi-police-u/offer/offerList_initDisplay
[ 2024-04-23 23:03:04,889 ] 94 ble79037 - INFO - Logged in finished
[ 2024-04-23 23:03:04,889 ] 94 ble79037 - INFO - Logged in finished
[ 2024-04-23 23:03:04,889 ] 94 ble79037 - INFO - Logged in finished
[ 2024-04-23 23:03:05,239 ] 94 ble79037 - INFO - On main page
[ 2024-04-23 23:03:05,239 ] 94 ble79037 - INFO - On main page
[ 2024-04-23 23:03:05,239 ] 94 ble79037 - INFO - On main page
[ 2024-04-23 23:03:06,899 ] 94 ble79037 - INFO - Search submitted
[ 2024-04-23 23:03:06,899 ] 94 ble79037 - INFO - Search submitted
[ 2024-04-23 23:03:06,899 ] 94 ble79037 - INFO - Search submitted
[ 2024-04-23 23:03:06,988 ] 94 ble79037 - INFO - Collected 20 forms
[ 2024-04-23 23:03:06,988 ] 94 ble79037 - INFO - Collected 20 forms
[ 2024-04-23 23:03:06,988 ] 94 ble79037 - INFO - Collected 20 forms
[ 2024-04-23 23:03:08,036 ] 94 ble79037 - INFO - Number of filtered forms left is: 5 form(s)
[ 2024-04-23 23:03:08,036 ] 94 ble79037 - INFO - Number of filtered forms left is: 5 form(s)
[ 2024-04-23 23:03:08,036 ] 94 ble79037 - INFO - Number of filtered forms left is: 5 form(s)
[ 2024-04-23 23:03:08,037 ] 94 ble79037 - INFO - ＜05月08日(水) 08:45～09:30＞[平針]外国免許切替審査 Hirabari Exchanging Foreign Driver's License - 近日受付開始 - 2024年04月24日 07時30分 - 2024年05月02日 12時00分 - 96453 - https://www.shinsei.e-aichi.jp/pref-aichi-police-u/offer/offerList_detailTop?tempSeq=96453 - True
[ 2024-04-23 23:03:08,037 ] 94 ble79037 - INFO - ＜05月08日(水) 08:45～09:30＞[平針]外国免許切替審査 Hirabari Exchanging Foreign Driver's License - 近日受付開始 - 2024年04月24日 07時30分 - 2024年05月02日 12時00分 - 96453 - https://www.shinsei.e-aichi.jp/pref-aichi-police-u/offer/offerList_detailTop?tempSeq=96453 - True
[ 2024-04-23 23:03:08,037 ] 94 ble79037 - INFO - ＜05月08日(水) 08:45～09:30＞[平針]外国免許切替審査 Hirabari Exchanging Foreign Driver's License - 近日受付開始 - 2024年04月24日 07時30分 - 2024年05月02日 12時00分 - 96453 - https://www.shinsei.e-aichi.jp/pref-aichi-police-u/offer/offerList_detailTop?tempSeq=96453 - True
[ 2024-04-23 23:03:08,039 ] 94 ble79037 - INFO - ＜05月08日(水) 09:30～10:30＞[平針]外国免許切替審査 Hirabari Exchanging Foreign Driver's License - 近日受付開始 - 2024年04月24日 07時30分 - 2024年05月02日 12時00分 - 96454 - https://www.shinsei.e-aichi.jp/pref-aichi-police-u/offer/offerList_detailTop?tempSeq=96454 - True
[ 2024-04-23 23:03:08,039 ] 94 ble79037 - INFO - ＜05月08日(水) 09:30～10:30＞[平針]外国免許切替審査 Hirabari Exchanging Foreign Driver's License - 近日受付開始 - 2024年04月24日 07時30分 - 2024年05月02日 12時00分 - 96454 - https://www.shinsei.e-aichi.jp/pref-aichi-police-u/offer/offerList_detailTop?tempSeq=96454 - True
[ 2024-04-23 23:03:08,039 ] 94 ble79037 - INFO - ＜05月08日(水) 09:30～10:30＞[平針]外国免許切替審査 Hirabari Exchanging Foreign Driver's License - 近日受付開始 - 2024年04月24日 07時30分 - 2024年05月02日 12時00分 - 96454 - https://www.shinsei.e-aichi.jp/pref-aichi-police-u/offer/offerList_detailTop?tempSeq=96454 - True
[ 2024-04-23 23:03:08,040 ] 94 ble79037 - INFO - ＜05月08日(水) 10:30～11:45＞[平針]外国免許切替審査 Hirabari Exchanging Foreign Driver's License - 近日受付開始 - 2024年04月24日 07時30分 - 2024年05月02日 12時00分 - 96455 - https://www.shinsei.e-aichi.jp/pref-aichi-police-u/offer/offerList_detailTop?tempSeq=96455 - True
[ 2024-04-23 23:03:08,040 ] 94 ble79037 - INFO - ＜05月08日(水) 10:30～11:45＞[平針]外国免許切替審査 Hirabari Exchanging Foreign Driver's License - 近日受付開始 - 2024年04月24日 07時30分 - 2024年05月02日 12時00分 - 96455 - https://www.shinsei.e-aichi.jp/pref-aichi-police-u/offer/offerList_detailTop?tempSeq=96455 - True
[ 2024-04-23 23:03:08,040 ] 94 ble79037 - INFO - ＜05月08日(水) 10:30～11:45＞[平針]外国免許切替審査 Hirabari Exchanging Foreign Driver's License - 近日受付開始 - 2024年04月24日 07時30分 - 2024年05月02日 12時00分 - 96455 - https://www.shinsei.e-aichi.jp/pref-aichi-police-u/offer/offerList_detailTop?tempSeq=96455 - True
[ 2024-04-23 23:03:08,040 ] 94 ble79037 - INFO - ＜05月08日(水) 12:45～13:30＞[平針]外国免許切替審査 Hirabari Exchanging Foreign Driver's License - 近日受付開始 - 2024年04月24日 07時30分 - 2024年05月02日 12時00分 - 96456 - https://www.shinsei.e-aichi.jp/pref-aichi-police-u/offer/offerList_detailTop?tempSeq=96456 - True
[ 2024-04-23 23:03:08,040 ] 94 ble79037 - INFO - ＜05月08日(水) 12:45～13:30＞[平針]外国免許切替審査 Hirabari Exchanging Foreign Driver's License - 近日受付開始 - 2024年04月24日 07時30分 - 2024年05月02日 12時00分 - 96456 - https://www.shinsei.e-aichi.jp/pref-aichi-police-u/offer/offerList_detailTop?tempSeq=96456 - True
[ 2024-04-23 23:03:08,040 ] 94 ble79037 - INFO - ＜05月08日(水) 12:45～13:30＞[平針]外国免許切替審査 Hirabari Exchanging Foreign Driver's License - 近日受付開始 - 2024年04月24日 07時30分 - 2024年05月02日 12時00分 - 96456 - https://www.shinsei.e-aichi.jp/pref-aichi-police-u/offer/offerList_detailTop?tempSeq=96456 - True
[ 2024-04-23 23:03:08,041 ] 94 ble79037 - INFO - ＜05月08日(水) 13:30～14:45＞[平針]外国免許切替審査 Hirabari Exchanging Foreign Driver's License - 近日受付開始 - 2024年04月24日 07時30分 - 2024年05月02日 12時00分 - 96457 - https://www.shinsei.e-aichi.jp/pref-aichi-police-u/offer/offerList_detailTop?tempSeq=96457 - True
[ 2024-04-23 23:03:08,041 ] 94 ble79037 - INFO - ＜05月08日(水) 13:30～14:45＞[平針]外国免許切替審査 Hirabari Exchanging Foreign Driver's License - 近日受付開始 - 2024年04月24日 07時30分 - 2024年05月02日 12時00分 - 96457 - https://www.shinsei.e-aichi.jp/pref-aichi-police-u/offer/offerList_detailTop?tempSeq=96457 - True
[ 2024-04-23 23:03:08,041 ] 94 ble79037 - INFO - ＜05月08日(水) 13:30～14:45＞[平針]外国免許切替審査 Hirabari Exchanging Foreign Driver's License - 近日受付開始 - 2024年04月24日 07時30分 - 2024年05月02日 12時00分 - 96457 - https://www.shinsei.e-aichi.jp/pref-aichi-police-u/offer/offerList_detailTop?tempSeq=96457 - True
[ 2024-04-23 23:03:08,045 ] 94 ble79037 - INFO - Accessing form, template sequence: 96453
[ 2024-04-23 23:03:08,045 ] 94 ble79037 - INFO - Accessing form, template sequence: 96453
[ 2024-04-23 23:03:08,045 ] 94 ble79037 - INFO - Accessing form, template sequence: 96453
[ 2024-04-23 23:03:08,045 ] 94 ble79037 - INFO - Form URL: https://www.shinsei.e-aichi.jp/pref-aichi-police-u/offer/offerList_detailTop?tempSeq=96453
[ 2024-04-23 23:03:08,045 ] 94 ble79037 - INFO - Form URL: https://www.shinsei.e-aichi.jp/pref-aichi-police-u/offer/offerList_detailTop?tempSeq=96453
[ 2024-04-23 23:03:08,045 ] 94 ble79037 - INFO - Form URL: https://www.shinsei.e-aichi.jp/pref-aichi-police-u/offer/offerList_detailTop?tempSeq=96453
[ 2024-04-23 23:03:14,171 ] 94 ble79037 - INFO - Accessed form successfully
[ 2024-04-23 23:03:14,171 ] 94 ble79037 - INFO - Accessed form successfully
[ 2024-04-23 23:03:14,171 ] 94 ble79037 - INFO - Accessed form successfully
[ 2024-04-23 23:03:14,188 ] 94 ble79037 - INFO - Form message: 申込期間ではありません。
[ 2024-04-23 23:03:14,188 ] 94 ble79037 - INFO - Form message: 申込期間ではありません。
[ 2024-04-23 23:03:14,188 ] 94 ble79037 - INFO - Form message: 申込期間ではありません。
[ 2024-04-23 23:03:14,189 ] 94 ble79037 - INFO - Refreshing page to check availability trial number 1, template sequence: 96453
[ 2024-04-23 23:03:14,189 ] 94 ble79037 - INFO - Refreshing page to check availability trial number 1, template sequence: 96453
[ 2024-04-23 23:03:14,189 ] 94 ble79037 - INFO - Refreshing page to check availability trial number 1, template sequence: 96453
[ 2024-04-23 23:03:15,787 ] 94 ble79037 - INFO - Form message: 申込期間ではありません。
[ 2024-04-23 23:03:15,787 ] 94 ble79037 - INFO - Form message: 申込期間ではありません。
[ 2024-04-23 23:03:15,787 ] 94 ble79037 - INFO - Form message: 申込期間ではありません。
[ 2024-04-23 23:03:15,787 ] 94 ble79037 - INFO - Refreshing page to check availability trial number 2, template sequence: 96453
[ 2024-04-23 23:03:15,787 ] 94 ble79037 - INFO - Refreshing page to check availability trial number 2, template sequence: 96453
[ 2024-04-23 23:03:15,787 ] 94 ble79037 - INFO - Refreshing page to check availability trial number 2, template sequence: 96453
[ 2024-04-23 23:03:17,201 ] 94 ble79037 - INFO - Form message: 申込期間ではありません。
[ 2024-04-23 23:03:17,201 ] 94 ble79037 - INFO - Form message: 申込期間ではありません。
[ 2024-04-23 23:03:17,201 ] 94 ble79037 - INFO - Form message: 申込期間ではありません。
[ 2024-04-23 23:03:17,201 ] 94 ble79037 - INFO - Refreshing page to check availability trial number 3, template sequence: 96453
[ 2024-04-23 23:03:17,201 ] 94 ble79037 - INFO - Refreshing page to check availability trial number 3, template sequence: 96453
[ 2024-04-23 23:03:17,201 ] 94 ble79037 - INFO - Refreshing page to check availability trial number 3, template sequence: 96453
[ 2024-04-23 23:03:18,711 ] 94 ble79037 - INFO - Form message: 申込期間ではありません。
[ 2024-04-23 23:03:18,711 ] 94 ble79037 - INFO - Form message: 申込期間ではありません。
[ 2024-04-23 23:03:18,711 ] 94 ble79037 - INFO - Form message: 申込期間ではありません。
[ 2024-04-23 23:03:18,712 ] 94 ble79037 - INFO - Refreshing page to check availability trial number 4, template sequence: 96453
[ 2024-04-23 23:03:18,712 ] 94 ble79037 - INFO - Refreshing page to check availability trial number 4, template sequence: 96453
[ 2024-04-23 23:03:18,712 ] 94 ble79037 - INFO - Refreshing page to check availability trial number 4, template sequence: 96453
[ 2024-04-23 23:03:20,196 ] 94 ble79037 - INFO - Form message: 申込期間ではありません。
[ 2024-04-23 23:03:20,196 ] 94 ble79037 - INFO - Form message: 申込期間ではありません。
[ 2024-04-23 23:03:20,196 ] 94 ble79037 - INFO - Form message: 申込期間ではありません。
[ 2024-04-23 23:03:20,198 ] 94 ble79037 - INFO - Refreshing page to check availability trial number 5, template sequence: 96453
[ 2024-04-23 23:03:20,198 ] 94 ble79037 - INFO - Refreshing page to check availability trial number 5, template sequence: 96453
[ 2024-04-23 23:03:20,198 ] 94 ble79037 - INFO - Refreshing page to check availability trial number 5, template sequence: 96453
[ 2024-04-23 23:03:21,434 ] 94 ble79037 - INFO - Form message: 申込期間ではありません。
[ 2024-04-23 23:03:21,434 ] 94 ble79037 - INFO - Form message: 申込期間ではありません。
[ 2024-04-23 23:03:21,434 ] 94 ble79037 - INFO - Form message: 申込期間ではありません。
[ 2024-04-23 23:03:21,434 ] 94 ble79037 - INFO - Refreshing page to check availability trial number 6, template sequence: 96453
[ 2024-04-23 23:03:21,434 ] 94 ble79037 - INFO - Refreshing page to check availability trial number 6, template sequence: 96453
[ 2024-04-23 23:03:21,434 ] 94 ble79037 - INFO - Refreshing page to check availability trial number 6, template sequence: 96453
[ 2024-04-23 23:03:23,299 ] 94 ble79037 - INFO - Form message: 申込期間ではありません。
[ 2024-04-23 23:03:23,299 ] 94 ble79037 - INFO - Form message: 申込期間ではありません。
[ 2024-04-23 23:03:23,299 ] 94 ble79037 - INFO - Form message: 申込期間ではありません。
[ 2024-04-23 23:03:23,299 ] 94 ble79037 - INFO - Refreshing page to check availability trial number 7, template sequence: 96453
[ 2024-04-23 23:03:23,299 ] 94 ble79037 - INFO - Refreshing page to check availability trial number 7, template sequence: 96453
[ 2024-04-23 23:03:23,299 ] 94 ble79037 - INFO - Refreshing page to check availability trial number 7, template sequence: 96453
[ 2024-04-23 23:03:25,068 ] 94 ble79037 - INFO - Form message: 申込期間ではありません。
[ 2024-04-23 23:03:25,068 ] 94 ble79037 - INFO - Form message: 申込期間ではありません。
[ 2024-04-23 23:03:25,068 ] 94 ble79037 - INFO - Form message: 申込期間ではありません。
[ 2024-04-23 23:03:25,068 ] 94 ble79037 - INFO - Refreshing page to check availability trial number 8, template sequence: 96453
[ 2024-04-23 23:03:25,068 ] 94 ble79037 - INFO - Refreshing page to check availability trial number 8, template sequence: 96453
[ 2024-04-23 23:03:25,068 ] 94 ble79037 - INFO - Refreshing page to check availability trial number 8, template sequence: 96453
[ 2024-04-23 23:03:27,157 ] 94 ble79037 - INFO - Form message: 申込期間ではありません。
[ 2024-04-23 23:03:27,157 ] 94 ble79037 - INFO - Form message: 申込期間ではありません。
[ 2024-04-23 23:03:27,157 ] 94 ble79037 - INFO - Form message: 申込期間ではありません。
[ 2024-04-23 23:03:27,158 ] 94 ble79037 - INFO - Refreshing page to check availability trial number 9, template sequence: 96453
[ 2024-04-23 23:03:27,158 ] 94 ble79037 - INFO - Refreshing page to check availability trial number 9, template sequence: 96453
[ 2024-04-23 23:03:27,158 ] 94 ble79037 - INFO - Refreshing page to check availability trial number 9, template sequence: 96453
[ 2024-04-23 23:03:28,551 ] 94 ble79037 - INFO - Form message: 申込期間ではありません。
[ 2024-04-23 23:03:28,551 ] 94 ble79037 - INFO - Form message: 申込期間ではありません。
[ 2024-04-23 23:03:28,551 ] 94 ble79037 - INFO - Form message: 申込期間ではありません。
[ 2024-04-23 23:03:28,552 ] 94 ble79037 - INFO - Refreshing page to check availability trial number 10, template sequence: 96453
[ 2024-04-23 23:03:28,552 ] 94 ble79037 - INFO - Refreshing page to check availability trial number 10, template sequence: 96453
[ 2024-04-23 23:03:28,552 ] 94 ble79037 - INFO - Refreshing page to check availability trial number 10, template sequence: 96453
[ 2024-04-23 23:03:29,995 ] 94 ble79037 - INFO - Form message: 申込期間ではありません。
[ 2024-04-23 23:03:29,995 ] 94 ble79037 - INFO - Form message: 申込期間ではありません。
[ 2024-04-23 23:03:29,995 ] 94 ble79037 - INFO - Form message: 申込期間ではありません。
[ 2024-04-23 23:03:29,997 ] 94 ble79037 - INFO - Refreshing page to check availability trial number 11, template sequence: 96453
[ 2024-04-23 23:03:29,997 ] 94 ble79037 - INFO - Refreshing page to check availability trial number 11, template sequence: 96453
[ 2024-04-23 23:03:29,997 ] 94 ble79037 - INFO - Refreshing page to check availability trial number 11, template sequence: 96453
[ 2024-04-23 23:03:31,766 ] 94 ble79037 - INFO - Form message: 申込期間ではありません。
[ 2024-04-23 23:03:31,766 ] 94 ble79037 - INFO - Form message: 申込期間ではありません。
[ 2024-04-23 23:03:31,766 ] 94 ble79037 - INFO - Form message: 申込期間ではありません。
[ 2024-04-23 23:03:31,767 ] 94 ble79037 - INFO - Refreshing page to check availability trial number 12, template sequence: 96453
[ 2024-04-23 23:03:31,767 ] 94 ble79037 - INFO - Refreshing page to check availability trial number 12, template sequence: 96453
[ 2024-04-23 23:03:31,767 ] 94 ble79037 - INFO - Refreshing page to check availability trial number 12, template sequence: 96453
[ 2024-04-23 23:03:33,301 ] 94 ble79037 - INFO - Form message: 申込期間ではありません。
[ 2024-04-23 23:03:33,301 ] 94 ble79037 - INFO - Form message: 申込期間ではありません。
[ 2024-04-23 23:03:33,301 ] 94 ble79037 - INFO - Form message: 申込期間ではありません。
[ 2024-04-23 23:03:33,301 ] 94 ble79037 - INFO - Refreshing page to check availability trial number 13, template sequence: 96453
[ 2024-04-23 23:03:33,301 ] 94 ble79037 - INFO - Refreshing page to check availability trial number 13, template sequence: 96453
[ 2024-04-23 23:03:33,301 ] 94 ble79037 - INFO - Refreshing page to check availability trial number 13, template sequence: 96453
[ 2024-04-23 23:03:34,227 ] 82 ble79037 - ERROR - Failed to get form message, maybe form is available
Traceback (most recent call last):
  File "C:\Users\USER\Projects\AichiTool\AichiSelenium\src\controllers\filler.py", line 113, in get_form_message
    message = browser.find_element(By.XPATH, "/html/body/main/div/form/div[3]/strong/ul/li/span/strong").text
AttributeError: 'NoneType' object has no attribute 'text'
[ 2024-04-23 23:03:34,227 ] 82 ble79037 - ERROR - Failed to get form message, maybe form is available
Traceback (most recent call last):
  File "C:\Users\USER\Projects\AichiTool\AichiSelenium\src\controllers\filler.py", line 113, in get_form_message
    message = browser.find_element(By.XPATH, "/html/body/main/div/form/div[3]/strong/ul/li/span/strong").text
AttributeError: 'NoneType' object has no attribute 'text'
[ 2024-04-23 23:03:34,227 ] 82 ble79037 - ERROR - Failed to get form message, maybe form is available
Traceback (most recent call last):
  File "C:\Users\USER\Projects\AichiTool\AichiSelenium\src\controllers\filler.py", line 113, in get_form_message
    message = browser.find_element(By.XPATH, "/html/body/main/div/form/div[3]/strong/ul/li/span/strong").text
AttributeError: 'NoneType' object has no attribute 'text'
[ 2024-04-23 23:03:34,230 ] 94 ble79037 - INFO - Form is available, template sequence: 96453
[ 2024-04-23 23:03:34,230 ] 94 ble79037 - INFO - Form is available, template sequence: 96453
[ 2024-04-23 23:03:34,230 ] 94 ble79037 - INFO - Form is available, template sequence: 96453
[ 2024-04-23 23:03:34,231 ] 94 ble79037 - INFO - Filling form, template sequence: 96453
[ 2024-04-23 23:03:34,231 ] 94 ble79037 - INFO - Filling form, template sequence: 96453
[ 2024-04-23 23:03:34,231 ] 94 ble79037 - INFO - Filling form, template sequence: 96453
[ 2024-04-23 23:03:34,233 ] 82 ble79037 - ERROR - Failed to click continue button: Message: no such window: target window already closed
from unknown error: web view not found
  (Session info: chrome=124.0.6367.61)
Stacktrace:
	GetHandleVerifier [0x00007FF6471FF922+3045234]
	(No symbol) [0x00007FF646EA3652]
	(No symbol) [0x00007FF646D67564]
	(No symbol) [0x00007FF646D3DB4F]
	(No symbol) [0x00007FF646DE1087]
	(No symbol) [0x00007FF646DF8871]
	(No symbol) [0x00007FF646DD9B53]
	(No symbol) [0x00007FF646DA813C]
	(No symbol) [0x00007FF646DA8D71]
	GetHandleVerifier [0x00007FF64722E89D+3237613]
	GetHandleVerifier [0x00007FF647270BA7+3508727]
	GetHandleVerifier [0x00007FF64726976F+3478975]
	GetHandleVerifier [0x00007FF646FDF1C6+815126]
	(No symbol) [0x00007FF646EAED0F]
	(No symbol) [0x00007FF646EA9854]
	(No symbol) [0x00007FF646EA99E2]
	(No symbol) [0x00007FF646E9A574]
	BaseThreadInitThunk [0x00007FF92E12257D+29]
	RtlUserThreadStart [0x00007FF93022AA48+40]
Traceback (most recent call last):
  File "C:\Users\USER\Projects\AichiTool\AichiSelenium\src\controllers\filler.py", line 57, in fill
    continue_button = browser.find_element(By.XPATH, r'//*[@id="ok"]')
  File "C:\Users\USER\anaconda3\envs\aichi\lib\site-packages\seleniumbase\core\sb_driver.py", line 20, in find_element
    return self.driver.default_find_element(by=by, value=value)
  File "C:\Users\USER\anaconda3\envs\aichi\lib\site-packages\selenium\webdriver\remote\webdriver.py", line 741, in find_element
    return self.execute(Command.FIND_ELEMENT, {"using": by, "value": value})["value"]
  File "C:\Users\USER\anaconda3\envs\aichi\lib\site-packages\selenium\webdriver\remote\webdriver.py", line 347, in execute
    self.error_handler.check_response(response)
  File "C:\Users\USER\anaconda3\envs\aichi\lib\site-packages\selenium\webdriver\remote\errorhandler.py", line 229, in check_response
    raise exception_class(message, screen, stacktrace)
selenium.common.exceptions.NoSuchWindowException: Message: no such window: target window already closed
from unknown error: web view not found
  (Session info: chrome=124.0.6367.61)
Stacktrace:
	GetHandleVerifier [0x00007FF6471FF922+3045234]
	(No symbol) [0x00007FF646EA3652]
	(No symbol) [0x00007FF646D67564]
	(No symbol) [0x00007FF646D3DB4F]
	(No symbol) [0x00007FF646DE1087]
	(No symbol) [0x00007FF646DF8871]
	(No symbol) [0x00007FF646DD9B53]
	(No symbol) [0x00007FF646DA813C]
	(No symbol) [0x00007FF646DA8D71]
	GetHandleVerifier [0x00007FF64722E89D+3237613]
	GetHandleVerifier [0x00007FF647270BA7+3508727]
	GetHandleVerifier [0x00007FF64726976F+3478975]
	GetHandleVerifier [0x00007FF646FDF1C6+815126]
	(No symbol) [0x00007FF646EAED0F]
	(No symbol) [0x00007FF646EA9854]
	(No symbol) [0x00007FF646EA99E2]
	(No symbol) [0x00007FF646E9A574]
	BaseThreadInitThunk [0x00007FF92E12257D+29]
	RtlUserThreadStart [0x00007FF93022AA48+40]

[ 2024-04-23 23:03:34,233 ] 82 ble79037 - ERROR - Failed to click continue button: Message: no such window: target window already closed
from unknown error: web view not found
  (Session info: chrome=124.0.6367.61)
Stacktrace:
	GetHandleVerifier [0x00007FF6471FF922+3045234]
	(No symbol) [0x00007FF646EA3652]
	(No symbol) [0x00007FF646D67564]
	(No symbol) [0x00007FF646D3DB4F]
	(No symbol) [0x00007FF646DE1087]
	(No symbol) [0x00007FF646DF8871]
	(No symbol) [0x00007FF646DD9B53]
	(No symbol) [0x00007FF646DA813C]
	(No symbol) [0x00007FF646DA8D71]
	GetHandleVerifier [0x00007FF64722E89D+3237613]
	GetHandleVerifier [0x00007FF647270BA7+3508727]
	GetHandleVerifier [0x00007FF64726976F+3478975]
	GetHandleVerifier [0x00007FF646FDF1C6+815126]
	(No symbol) [0x00007FF646EAED0F]
	(No symbol) [0x00007FF646EA9854]
	(No symbol) [0x00007FF646EA99E2]
	(No symbol) [0x00007FF646E9A574]
	BaseThreadInitThunk [0x00007FF92E12257D+29]
	RtlUserThreadStart [0x00007FF93022AA48+40]
Traceback (most recent call last):
  File "C:\Users\USER\Projects\AichiTool\AichiSelenium\src\controllers\filler.py", line 57, in fill
    continue_button = browser.find_element(By.XPATH, r'//*[@id="ok"]')
  File "C:\Users\USER\anaconda3\envs\aichi\lib\site-packages\seleniumbase\core\sb_driver.py", line 20, in find_element
    return self.driver.default_find_element(by=by, value=value)
  File "C:\Users\USER\anaconda3\envs\aichi\lib\site-packages\selenium\webdriver\remote\webdriver.py", line 741, in find_element
    return self.execute(Command.FIND_ELEMENT, {"using": by, "value": value})["value"]
  File "C:\Users\USER\anaconda3\envs\aichi\lib\site-packages\selenium\webdriver\remote\webdriver.py", line 347, in execute
    self.error_handler.check_response(response)
  File "C:\Users\USER\anaconda3\envs\aichi\lib\site-packages\selenium\webdriver\remote\errorhandler.py", line 229, in check_response
    raise exception_class(message, screen, stacktrace)
selenium.common.exceptions.NoSuchWindowException: Message: no such window: target window already closed
from unknown error: web view not found
  (Session info: chrome=124.0.6367.61)
Stacktrace:
	GetHandleVerifier [0x00007FF6471FF922+3045234]
	(No symbol) [0x00007FF646EA3652]
	(No symbol) [0x00007FF646D67564]
	(No symbol) [0x00007FF646D3DB4F]
	(No symbol) [0x00007FF646DE1087]
	(No symbol) [0x00007FF646DF8871]
	(No symbol) [0x00007FF646DD9B53]
	(No symbol) [0x00007FF646DA813C]
	(No symbol) [0x00007FF646DA8D71]
	GetHandleVerifier [0x00007FF64722E89D+3237613]
	GetHandleVerifier [0x00007FF647270BA7+3508727]
	GetHandleVerifier [0x00007FF64726976F+3478975]
	GetHandleVerifier [0x00007FF646FDF1C6+815126]
	(No symbol) [0x00007FF646EAED0F]
	(No symbol) [0x00007FF646EA9854]
	(No symbol) [0x00007FF646EA99E2]
	(No symbol) [0x00007FF646E9A574]
	BaseThreadInitThunk [0x00007FF92E12257D+29]
	RtlUserThreadStart [0x00007FF93022AA48+40]

[ 2024-04-23 23:03:34,233 ] 82 ble79037 - ERROR - Failed to click continue button: Message: no such window: target window already closed
from unknown error: web view not found
  (Session info: chrome=124.0.6367.61)
Stacktrace:
	GetHandleVerifier [0x00007FF6471FF922+3045234]
	(No symbol) [0x00007FF646EA3652]
	(No symbol) [0x00007FF646D67564]
	(No symbol) [0x00007FF646D3DB4F]
	(No symbol) [0x00007FF646DE1087]
	(No symbol) [0x00007FF646DF8871]
	(No symbol) [0x00007FF646DD9B53]
	(No symbol) [0x00007FF646DA813C]
	(No symbol) [0x00007FF646DA8D71]
	GetHandleVerifier [0x00007FF64722E89D+3237613]
	GetHandleVerifier [0x00007FF647270BA7+3508727]
	GetHandleVerifier [0x00007FF64726976F+3478975]
	GetHandleVerifier [0x00007FF646FDF1C6+815126]
	(No symbol) [0x00007FF646EAED0F]
	(No symbol) [0x00007FF646EA9854]
	(No symbol) [0x00007FF646EA99E2]
	(No symbol) [0x00007FF646E9A574]
	BaseThreadInitThunk [0x00007FF92E12257D+29]
	RtlUserThreadStart [0x00007FF93022AA48+40]
Traceback (most recent call last):
  File "C:\Users\USER\Projects\AichiTool\AichiSelenium\src\controllers\filler.py", line 57, in fill
    continue_button = browser.find_element(By.XPATH, r'//*[@id="ok"]')
  File "C:\Users\USER\anaconda3\envs\aichi\lib\site-packages\seleniumbase\core\sb_driver.py", line 20, in find_element
    return self.driver.default_find_element(by=by, value=value)
  File "C:\Users\USER\anaconda3\envs\aichi\lib\site-packages\selenium\webdriver\remote\webdriver.py", line 741, in find_element
    return self.execute(Command.FIND_ELEMENT, {"using": by, "value": value})["value"]
  File "C:\Users\USER\anaconda3\envs\aichi\lib\site-packages\selenium\webdriver\remote\webdriver.py", line 347, in execute
    self.error_handler.check_response(response)
  File "C:\Users\USER\anaconda3\envs\aichi\lib\site-packages\selenium\webdriver\remote\errorhandler.py", line 229, in check_response
    raise exception_class(message, screen, stacktrace)
selenium.common.exceptions.NoSuchWindowException: Message: no such window: target window already closed
from unknown error: web view not found
  (Session info: chrome=124.0.6367.61)
Stacktrace:
	GetHandleVerifier [0x00007FF6471FF922+3045234]
	(No symbol) [0x00007FF646EA3652]
	(No symbol) [0x00007FF646D67564]
	(No symbol) [0x00007FF646D3DB4F]
	(No symbol) [0x00007FF646DE1087]
	(No symbol) [0x00007FF646DF8871]
	(No symbol) [0x00007FF646DD9B53]
	(No symbol) [0x00007FF646DA813C]
	(No symbol) [0x00007FF646DA8D71]
	GetHandleVerifier [0x00007FF64722E89D+3237613]
	GetHandleVerifier [0x00007FF647270BA7+3508727]
	GetHandleVerifier [0x00007FF64726976F+3478975]
	GetHandleVerifier [0x00007FF646FDF1C6+815126]
	(No symbol) [0x00007FF646EAED0F]
	(No symbol) [0x00007FF646EA9854]
	(No symbol) [0x00007FF646EA99E2]
	(No symbol) [0x00007FF646E9A574]
	BaseThreadInitThunk [0x00007FF92E12257D+29]
	RtlUserThreadStart [0x00007FF93022AA48+40]

[ 2024-04-23 23:03:34,235 ] 94 ble79037 - INFO - Accessing form, template sequence: 96456
[ 2024-04-23 23:03:34,235 ] 94 ble79037 - INFO - Accessing form, template sequence: 96456
[ 2024-04-23 23:03:34,235 ] 94 ble79037 - INFO - Accessing form, template sequence: 96456
[ 2024-04-23 23:03:34,235 ] 94 ble79037 - INFO - Form URL: https://www.shinsei.e-aichi.jp/pref-aichi-police-u/offer/offerList_detailTop?tempSeq=96456
[ 2024-04-23 23:03:34,235 ] 94 ble79037 - INFO - Form URL: https://www.shinsei.e-aichi.jp/pref-aichi-police-u/offer/offerList_detailTop?tempSeq=96456
[ 2024-04-23 23:03:34,235 ] 94 ble79037 - INFO - Form URL: https://www.shinsei.e-aichi.jp/pref-aichi-police-u/offer/offerList_detailTop?tempSeq=96456
[ 2024-04-23 23:04:40,391 ] 82 ble79037 - ERROR - Failed to access form: Message: no such window: target window already closed
from unknown error: web view not found
  (Session info: chrome=124.0.6367.61)
Stacktrace:
	GetHandleVerifier [0x00007FF6471FF922+3045234]
	(No symbol) [0x00007FF646EA3652]
	(No symbol) [0x00007FF646D67564]
	(No symbol) [0x00007FF646D3DB4F]
	(No symbol) [0x00007FF646DE1087]
	(No symbol) [0x00007FF646DF8871]
	(No symbol) [0x00007FF646DD9B53]
	(No symbol) [0x00007FF646DA813C]
	(No symbol) [0x00007FF646DA8D71]
	GetHandleVerifier [0x00007FF64722E89D+3237613]
	GetHandleVerifier [0x00007FF647270BA7+3508727]
	GetHandleVerifier [0x00007FF64726976F+3478975]
	GetHandleVerifier [0x00007FF646FDF1C6+815126]
	(No symbol) [0x00007FF646EAED0F]
	(No symbol) [0x00007FF646EA9854]
	(No symbol) [0x00007FF646EA99E2]
	(No symbol) [0x00007FF646E9A574]
	BaseThreadInitThunk [0x00007FF92E12257D+29]
	RtlUserThreadStart [0x00007FF93022AA48+40]
Traceback (most recent call last):
  File "C:\Users\USER\Projects\AichiTool\AichiSelenium\src\controllers\filler.py", line 21, in fill
    browser.get(form_info.url)
  File "C:\Users\USER\anaconda3\envs\aichi\lib\site-packages\seleniumbase\core\browser_launcher.py", line 3739, in <lambda>
    driver.get = lambda url: uc_special_open_if_cf(
  File "C:\Users\USER\anaconda3\envs\aichi\lib\site-packages\seleniumbase\core\browser_launcher.py", line 363, in uc_special_open_if_cf
    driver.execute_script('window.open("%s","_blank");' % url)
  File "C:\Users\USER\anaconda3\envs\aichi\lib\site-packages\selenium\webdriver\remote\webdriver.py", line 407, in execute_script
    return self.execute(command, {"script": script, "args": converted_args})["value"]
  File "C:\Users\USER\anaconda3\envs\aichi\lib\site-packages\selenium\webdriver\remote\webdriver.py", line 347, in execute
    self.error_handler.check_response(response)
  File "C:\Users\USER\anaconda3\envs\aichi\lib\site-packages\selenium\webdriver\remote\errorhandler.py", line 229, in check_response
    raise exception_class(message, screen, stacktrace)
selenium.common.exceptions.NoSuchWindowException: Message: no such window: target window already closed
from unknown error: web view not found
  (Session info: chrome=124.0.6367.61)
Stacktrace:
	GetHandleVerifier [0x00007FF6471FF922+3045234]
	(No symbol) [0x00007FF646EA3652]
	(No symbol) [0x00007FF646D67564]
	(No symbol) [0x00007FF646D3DB4F]
	(No symbol) [0x00007FF646DE1087]
	(No symbol) [0x00007FF646DF8871]
	(No symbol) [0x00007FF646DD9B53]
	(No symbol) [0x00007FF646DA813C]
	(No symbol) [0x00007FF646DA8D71]
	GetHandleVerifier [0x00007FF64722E89D+3237613]
	GetHandleVerifier [0x00007FF647270BA7+3508727]
	GetHandleVerifier [0x00007FF64726976F+3478975]
	GetHandleVerifier [0x00007FF646FDF1C6+815126]
	(No symbol) [0x00007FF646EAED0F]
	(No symbol) [0x00007FF646EA9854]
	(No symbol) [0x00007FF646EA99E2]
	(No symbol) [0x00007FF646E9A574]
	BaseThreadInitThunk [0x00007FF92E12257D+29]
	RtlUserThreadStart [0x00007FF93022AA48+40]

[ 2024-04-23 23:04:40,391 ] 82 ble79037 - ERROR - Failed to access form: Message: no such window: target window already closed
from unknown error: web view not found
  (Session info: chrome=124.0.6367.61)
Stacktrace:
	GetHandleVerifier [0x00007FF6471FF922+3045234]
	(No symbol) [0x00007FF646EA3652]
	(No symbol) [0x00007FF646D67564]
	(No symbol) [0x00007FF646D3DB4F]
	(No symbol) [0x00007FF646DE1087]
	(No symbol) [0x00007FF646DF8871]
	(No symbol) [0x00007FF646DD9B53]
	(No symbol) [0x00007FF646DA813C]
	(No symbol) [0x00007FF646DA8D71]
	GetHandleVerifier [0x00007FF64722E89D+3237613]
	GetHandleVerifier [0x00007FF647270BA7+3508727]
	GetHandleVerifier [0x00007FF64726976F+3478975]
	GetHandleVerifier [0x00007FF646FDF1C6+815126]
	(No symbol) [0x00007FF646EAED0F]
	(No symbol) [0x00007FF646EA9854]
	(No symbol) [0x00007FF646EA99E2]
	(No symbol) [0x00007FF646E9A574]
	BaseThreadInitThunk [0x00007FF92E12257D+29]
	RtlUserThreadStart [0x00007FF93022AA48+40]
Traceback (most recent call last):
  File "C:\Users\USER\Projects\AichiTool\AichiSelenium\src\controllers\filler.py", line 21, in fill
    browser.get(form_info.url)
  File "C:\Users\USER\anaconda3\envs\aichi\lib\site-packages\seleniumbase\core\browser_launcher.py", line 3739, in <lambda>
    driver.get = lambda url: uc_special_open_if_cf(
  File "C:\Users\USER\anaconda3\envs\aichi\lib\site-packages\seleniumbase\core\browser_launcher.py", line 363, in uc_special_open_if_cf
    driver.execute_script('window.open("%s","_blank");' % url)
  File "C:\Users\USER\anaconda3\envs\aichi\lib\site-packages\selenium\webdriver\remote\webdriver.py", line 407, in execute_script
    return self.execute(command, {"script": script, "args": converted_args})["value"]
  File "C:\Users\USER\anaconda3\envs\aichi\lib\site-packages\selenium\webdriver\remote\webdriver.py", line 347, in execute
    self.error_handler.check_response(response)
  File "C:\Users\USER\anaconda3\envs\aichi\lib\site-packages\selenium\webdriver\remote\errorhandler.py", line 229, in check_response
    raise exception_class(message, screen, stacktrace)
selenium.common.exceptions.NoSuchWindowException: Message: no such window: target window already closed
from unknown error: web view not found
  (Session info: chrome=124.0.6367.61)
Stacktrace:
	GetHandleVerifier [0x00007FF6471FF922+3045234]
	(No symbol) [0x00007FF646EA3652]
	(No symbol) [0x00007FF646D67564]
	(No symbol) [0x00007FF646D3DB4F]
	(No symbol) [0x00007FF646DE1087]
	(No symbol) [0x00007FF646DF8871]
	(No symbol) [0x00007FF646DD9B53]
	(No symbol) [0x00007FF646DA813C]
	(No symbol) [0x00007FF646DA8D71]
	GetHandleVerifier [0x00007FF64722E89D+3237613]
	GetHandleVerifier [0x00007FF647270BA7+3508727]
	GetHandleVerifier [0x00007FF64726976F+3478975]
	GetHandleVerifier [0x00007FF646FDF1C6+815126]
	(No symbol) [0x00007FF646EAED0F]
	(No symbol) [0x00007FF646EA9854]
	(No symbol) [0x00007FF646EA99E2]
	(No symbol) [0x00007FF646E9A574]
	BaseThreadInitThunk [0x00007FF92E12257D+29]
	RtlUserThreadStart [0x00007FF93022AA48+40]

[ 2024-04-23 23:04:40,391 ] 82 ble79037 - ERROR - Failed to access form: Message: no such window: target window already closed
from unknown error: web view not found
  (Session info: chrome=124.0.6367.61)
Stacktrace:
	GetHandleVerifier [0x00007FF6471FF922+3045234]
	(No symbol) [0x00007FF646EA3652]
	(No symbol) [0x00007FF646D67564]
	(No symbol) [0x00007FF646D3DB4F]
	(No symbol) [0x00007FF646DE1087]
	(No symbol) [0x00007FF646DF8871]
	(No symbol) [0x00007FF646DD9B53]
	(No symbol) [0x00007FF646DA813C]
	(No symbol) [0x00007FF646DA8D71]
	GetHandleVerifier [0x00007FF64722E89D+3237613]
	GetHandleVerifier [0x00007FF647270BA7+3508727]
	GetHandleVerifier [0x00007FF64726976F+3478975]
	GetHandleVerifier [0x00007FF646FDF1C6+815126]
	(No symbol) [0x00007FF646EAED0F]
	(No symbol) [0x00007FF646EA9854]
	(No symbol) [0x00007FF646EA99E2]
	(No symbol) [0x00007FF646E9A574]
	BaseThreadInitThunk [0x00007FF92E12257D+29]
	RtlUserThreadStart [0x00007FF93022AA48+40]
Traceback (most recent call last):
  File "C:\Users\USER\Projects\AichiTool\AichiSelenium\src\controllers\filler.py", line 21, in fill
    browser.get(form_info.url)
  File "C:\Users\USER\anaconda3\envs\aichi\lib\site-packages\seleniumbase\core\browser_launcher.py", line 3739, in <lambda>
    driver.get = lambda url: uc_special_open_if_cf(
  File "C:\Users\USER\anaconda3\envs\aichi\lib\site-packages\seleniumbase\core\browser_launcher.py", line 363, in uc_special_open_if_cf
    driver.execute_script('window.open("%s","_blank");' % url)
  File "C:\Users\USER\anaconda3\envs\aichi\lib\site-packages\selenium\webdriver\remote\webdriver.py", line 407, in execute_script
    return self.execute(command, {"script": script, "args": converted_args})["value"]
  File "C:\Users\USER\anaconda3\envs\aichi\lib\site-packages\selenium\webdriver\remote\webdriver.py", line 347, in execute
    self.error_handler.check_response(response)
  File "C:\Users\USER\anaconda3\envs\aichi\lib\site-packages\selenium\webdriver\remote\errorhandler.py", line 229, in check_response
    raise exception_class(message, screen, stacktrace)
selenium.common.exceptions.NoSuchWindowException: Message: no such window: target window already closed
from unknown error: web view not found
  (Session info: chrome=124.0.6367.61)
Stacktrace:
	GetHandleVerifier [0x00007FF6471FF922+3045234]
	(No symbol) [0x00007FF646EA3652]
	(No symbol) [0x00007FF646D67564]
	(No symbol) [0x00007FF646D3DB4F]
	(No symbol) [0x00007FF646DE1087]
	(No symbol) [0x00007FF646DF8871]
	(No symbol) [0x00007FF646DD9B53]
	(No symbol) [0x00007FF646DA813C]
	(No symbol) [0x00007FF646DA8D71]
	GetHandleVerifier [0x00007FF64722E89D+3237613]
	GetHandleVerifier [0x00007FF647270BA7+3508727]
	GetHandleVerifier [0x00007FF64726976F+3478975]
	GetHandleVerifier [0x00007FF646FDF1C6+815126]
	(No symbol) [0x00007FF646EAED0F]
	(No symbol) [0x00007FF646EA9854]
	(No symbol) [0x00007FF646EA99E2]
	(No symbol) [0x00007FF646E9A574]
	BaseThreadInitThunk [0x00007FF92E12257D+29]
	RtlUserThreadStart [0x00007FF93022AA48+40]

[ 2024-04-23 23:04:40,394 ] 94 ble79037 - INFO - Accessing form, template sequence: 96454
[ 2024-04-23 23:04:40,394 ] 94 ble79037 - INFO - Accessing form, template sequence: 96454
[ 2024-04-23 23:04:40,394 ] 94 ble79037 - INFO - Accessing form, template sequence: 96454
[ 2024-04-23 23:04:40,394 ] 94 ble79037 - INFO - Form URL: https://www.shinsei.e-aichi.jp/pref-aichi-police-u/offer/offerList_detailTop?tempSeq=96454
[ 2024-04-23 23:04:40,394 ] 94 ble79037 - INFO - Form URL: https://www.shinsei.e-aichi.jp/pref-aichi-police-u/offer/offerList_detailTop?tempSeq=96454
[ 2024-04-23 23:04:40,394 ] 94 ble79037 - INFO - Form URL: https://www.shinsei.e-aichi.jp/pref-aichi-police-u/offer/offerList_detailTop?tempSeq=96454
[ 2024-04-23 23:05:46,661 ] 82 ble79037 - ERROR - Failed to access form: Message: invalid session id
Stacktrace:
	GetHandleVerifier [0x00007FF6471FF922+3045234]
	(No symbol) [0x00007FF646EA3652]
	(No symbol) [0x00007FF646D67393]
	(No symbol) [0x00007FF646DA74F7]
	(No symbol) [0x00007FF646DD9C59]
	(No symbol) [0x00007FF646DD3FEC]
	(No symbol) [0x00007FF646DD3997]
	(No symbol) [0x00007FF646D332A5]
	GetHandleVerifier [0x00007FF64722E89D+3237613]
	GetHandleVerifier [0x00007FF647270BA7+3508727]
	GetHandleVerifier [0x00007FF64726976F+3478975]
	GetHandleVerifier [0x00007FF646FDF1C6+815126]
	(No symbol) [0x00007FF646EAED0F]
	(No symbol) [0x00007FF646D322DC]
	GetHandleVerifier [0x00007FF6472C5158+3854248]
	BaseThreadInitThunk [0x00007FF92E12257D+29]
	RtlUserThreadStart [0x00007FF93022AA48+40]
Traceback (most recent call last):
  File "C:\Users\USER\Projects\AichiTool\AichiSelenium\src\controllers\filler.py", line 21, in fill
    browser.get(form_info.url)
  File "C:\Users\USER\anaconda3\envs\aichi\lib\site-packages\seleniumbase\core\browser_launcher.py", line 3739, in <lambda>
    driver.get = lambda url: uc_special_open_if_cf(
  File "C:\Users\USER\anaconda3\envs\aichi\lib\site-packages\seleniumbase\core\browser_launcher.py", line 363, in uc_special_open_if_cf
    driver.execute_script('window.open("%s","_blank");' % url)
  File "C:\Users\USER\anaconda3\envs\aichi\lib\site-packages\selenium\webdriver\remote\webdriver.py", line 407, in execute_script
    return self.execute(command, {"script": script, "args": converted_args})["value"]
  File "C:\Users\USER\anaconda3\envs\aichi\lib\site-packages\selenium\webdriver\remote\webdriver.py", line 347, in execute
    self.error_handler.check_response(response)
  File "C:\Users\USER\anaconda3\envs\aichi\lib\site-packages\selenium\webdriver\remote\errorhandler.py", line 229, in check_response
    raise exception_class(message, screen, stacktrace)
selenium.common.exceptions.InvalidSessionIdException: Message: invalid session id
Stacktrace:
	GetHandleVerifier [0x00007FF6471FF922+3045234]
	(No symbol) [0x00007FF646EA3652]
	(No symbol) [0x00007FF646D67393]
	(No symbol) [0x00007FF646DA74F7]
	(No symbol) [0x00007FF646DD9C59]
	(No symbol) [0x00007FF646DD3FEC]
	(No symbol) [0x00007FF646DD3997]
	(No symbol) [0x00007FF646D332A5]
	GetHandleVerifier [0x00007FF64722E89D+3237613]
	GetHandleVerifier [0x00007FF647270BA7+3508727]
	GetHandleVerifier [0x00007FF64726976F+3478975]
	GetHandleVerifier [0x00007FF646FDF1C6+815126]
	(No symbol) [0x00007FF646EAED0F]
	(No symbol) [0x00007FF646D322DC]
	GetHandleVerifier [0x00007FF6472C5158+3854248]
	BaseThreadInitThunk [0x00007FF92E12257D+29]
	RtlUserThreadStart [0x00007FF93022AA48+40]

[ 2024-04-23 23:05:46,661 ] 82 ble79037 - ERROR - Failed to access form: Message: invalid session id
Stacktrace:
	GetHandleVerifier [0x00007FF6471FF922+3045234]
	(No symbol) [0x00007FF646EA3652]
	(No symbol) [0x00007FF646D67393]
	(No symbol) [0x00007FF646DA74F7]
	(No symbol) [0x00007FF646DD9C59]
	(No symbol) [0x00007FF646DD3FEC]
	(No symbol) [0x00007FF646DD3997]
	(No symbol) [0x00007FF646D332A5]
	GetHandleVerifier [0x00007FF64722E89D+3237613]
	GetHandleVerifier [0x00007FF647270BA7+3508727]
	GetHandleVerifier [0x00007FF64726976F+3478975]
	GetHandleVerifier [0x00007FF646FDF1C6+815126]
	(No symbol) [0x00007FF646EAED0F]
	(No symbol) [0x00007FF646D322DC]
	GetHandleVerifier [0x00007FF6472C5158+3854248]
	BaseThreadInitThunk [0x00007FF92E12257D+29]
	RtlUserThreadStart [0x00007FF93022AA48+40]
Traceback (most recent call last):
  File "C:\Users\USER\Projects\AichiTool\AichiSelenium\src\controllers\filler.py", line 21, in fill
    browser.get(form_info.url)
  File "C:\Users\USER\anaconda3\envs\aichi\lib\site-packages\seleniumbase\core\browser_launcher.py", line 3739, in <lambda>
    driver.get = lambda url: uc_special_open_if_cf(
  File "C:\Users\USER\anaconda3\envs\aichi\lib\site-packages\seleniumbase\core\browser_launcher.py", line 363, in uc_special_open_if_cf
    driver.execute_script('window.open("%s","_blank");' % url)
  File "C:\Users\USER\anaconda3\envs\aichi\lib\site-packages\selenium\webdriver\remote\webdriver.py", line 407, in execute_script
    return self.execute(command, {"script": script, "args": converted_args})["value"]
  File "C:\Users\USER\anaconda3\envs\aichi\lib\site-packages\selenium\webdriver\remote\webdriver.py", line 347, in execute
    self.error_handler.check_response(response)
  File "C:\Users\USER\anaconda3\envs\aichi\lib\site-packages\selenium\webdriver\remote\errorhandler.py", line 229, in check_response
    raise exception_class(message, screen, stacktrace)
selenium.common.exceptions.InvalidSessionIdException: Message: invalid session id
Stacktrace:
	GetHandleVerifier [0x00007FF6471FF922+3045234]
	(No symbol) [0x00007FF646EA3652]
	(No symbol) [0x00007FF646D67393]
	(No symbol) [0x00007FF646DA74F7]
	(No symbol) [0x00007FF646DD9C59]
	(No symbol) [0x00007FF646DD3FEC]
	(No symbol) [0x00007FF646DD3997]
	(No symbol) [0x00007FF646D332A5]
	GetHandleVerifier [0x00007FF64722E89D+3237613]
	GetHandleVerifier [0x00007FF647270BA7+3508727]
	GetHandleVerifier [0x00007FF64726976F+3478975]
	GetHandleVerifier [0x00007FF646FDF1C6+815126]
	(No symbol) [0x00007FF646EAED0F]
	(No symbol) [0x00007FF646D322DC]
	GetHandleVerifier [0x00007FF6472C5158+3854248]
	BaseThreadInitThunk [0x00007FF92E12257D+29]
	RtlUserThreadStart [0x00007FF93022AA48+40]

[ 2024-04-23 23:05:46,661 ] 82 ble79037 - ERROR - Failed to access form: Message: invalid session id
Stacktrace:
	GetHandleVerifier [0x00007FF6471FF922+3045234]
	(No symbol) [0x00007FF646EA3652]
	(No symbol) [0x00007FF646D67393]
	(No symbol) [0x00007FF646DA74F7]
	(No symbol) [0x00007FF646DD9C59]
	(No symbol) [0x00007FF646DD3FEC]
	(No symbol) [0x00007FF646DD3997]
	(No symbol) [0x00007FF646D332A5]
	GetHandleVerifier [0x00007FF64722E89D+3237613]
	GetHandleVerifier [0x00007FF647270BA7+3508727]
	GetHandleVerifier [0x00007FF64726976F+3478975]
	GetHandleVerifier [0x00007FF646FDF1C6+815126]
	(No symbol) [0x00007FF646EAED0F]
	(No symbol) [0x00007FF646D322DC]
	GetHandleVerifier [0x00007FF6472C5158+3854248]
	BaseThreadInitThunk [0x00007FF92E12257D+29]
	RtlUserThreadStart [0x00007FF93022AA48+40]
Traceback (most recent call last):
  File "C:\Users\USER\Projects\AichiTool\AichiSelenium\src\controllers\filler.py", line 21, in fill
    browser.get(form_info.url)
  File "C:\Users\USER\anaconda3\envs\aichi\lib\site-packages\seleniumbase\core\browser_launcher.py", line 3739, in <lambda>
    driver.get = lambda url: uc_special_open_if_cf(
  File "C:\Users\USER\anaconda3\envs\aichi\lib\site-packages\seleniumbase\core\browser_launcher.py", line 363, in uc_special_open_if_cf
    driver.execute_script('window.open("%s","_blank");' % url)
  File "C:\Users\USER\anaconda3\envs\aichi\lib\site-packages\selenium\webdriver\remote\webdriver.py", line 407, in execute_script
    return self.execute(command, {"script": script, "args": converted_args})["value"]
  File "C:\Users\USER\anaconda3\envs\aichi\lib\site-packages\selenium\webdriver\remote\webdriver.py", line 347, in execute
    self.error_handler.check_response(response)
  File "C:\Users\USER\anaconda3\envs\aichi\lib\site-packages\selenium\webdriver\remote\errorhandler.py", line 229, in check_response
    raise exception_class(message, screen, stacktrace)
selenium.common.exceptions.InvalidSessionIdException: Message: invalid session id
Stacktrace:
	GetHandleVerifier [0x00007FF6471FF922+3045234]
	(No symbol) [0x00007FF646EA3652]
	(No symbol) [0x00007FF646D67393]
	(No symbol) [0x00007FF646DA74F7]
	(No symbol) [0x00007FF646DD9C59]
	(No symbol) [0x00007FF646DD3FEC]
	(No symbol) [0x00007FF646DD3997]
	(No symbol) [0x00007FF646D332A5]
	GetHandleVerifier [0x00007FF64722E89D+3237613]
	GetHandleVerifier [0x00007FF647270BA7+3508727]
	GetHandleVerifier [0x00007FF64726976F+3478975]
	GetHandleVerifier [0x00007FF646FDF1C6+815126]
	(No symbol) [0x00007FF646EAED0F]
	(No symbol) [0x00007FF646D322DC]
	GetHandleVerifier [0x00007FF6472C5158+3854248]
	BaseThreadInitThunk [0x00007FF92E12257D+29]
	RtlUserThreadStart [0x00007FF93022AA48+40]

[ 2024-04-23 23:05:46,664 ] 94 ble79037 - INFO - Accessing form, template sequence: 96455
[ 2024-04-23 23:05:46,664 ] 94 ble79037 - INFO - Accessing form, template sequence: 96455
[ 2024-04-23 23:05:46,664 ] 94 ble79037 - INFO - Accessing form, template sequence: 96455
[ 2024-04-23 23:05:46,664 ] 94 ble79037 - INFO - Form URL: https://www.shinsei.e-aichi.jp/pref-aichi-police-u/offer/offerList_detailTop?tempSeq=96455
[ 2024-04-23 23:05:46,664 ] 94 ble79037 - INFO - Form URL: https://www.shinsei.e-aichi.jp/pref-aichi-police-u/offer/offerList_detailTop?tempSeq=96455
[ 2024-04-23 23:05:46,664 ] 94 ble79037 - INFO - Form URL: https://www.shinsei.e-aichi.jp/pref-aichi-police-u/offer/offerList_detailTop?tempSeq=96455
[ 2024-04-23 23:06:52,817 ] 82 ble79037 - ERROR - Failed to access form: Message: invalid session id
Stacktrace:
	GetHandleVerifier [0x00007FF6471FF922+3045234]
	(No symbol) [0x00007FF646EA3652]
	(No symbol) [0x00007FF646D67393]
	(No symbol) [0x00007FF646DA74F7]
	(No symbol) [0x00007FF646DD9C59]
	(No symbol) [0x00007FF646DD3FEC]
	(No symbol) [0x00007FF646DD3997]
	(No symbol) [0x00007FF646D332A5]
	GetHandleVerifier [0x00007FF64722E89D+3237613]
	GetHandleVerifier [0x00007FF647270BA7+3508727]
	GetHandleVerifier [0x00007FF64726976F+3478975]
	GetHandleVerifier [0x00007FF646FDF1C6+815126]
	(No symbol) [0x00007FF646EAED0F]
	(No symbol) [0x00007FF646D322DC]
	GetHandleVerifier [0x00007FF6472C5158+3854248]
	BaseThreadInitThunk [0x00007FF92E12257D+29]
	RtlUserThreadStart [0x00007FF93022AA48+40]
Traceback (most recent call last):
  File "C:\Users\USER\Projects\AichiTool\AichiSelenium\src\controllers\filler.py", line 21, in fill
    browser.get(form_info.url)
  File "C:\Users\USER\anaconda3\envs\aichi\lib\site-packages\seleniumbase\core\browser_launcher.py", line 3739, in <lambda>
    driver.get = lambda url: uc_special_open_if_cf(
  File "C:\Users\USER\anaconda3\envs\aichi\lib\site-packages\seleniumbase\core\browser_launcher.py", line 363, in uc_special_open_if_cf
    driver.execute_script('window.open("%s","_blank");' % url)
  File "C:\Users\USER\anaconda3\envs\aichi\lib\site-packages\selenium\webdriver\remote\webdriver.py", line 407, in execute_script
    return self.execute(command, {"script": script, "args": converted_args})["value"]
  File "C:\Users\USER\anaconda3\envs\aichi\lib\site-packages\selenium\webdriver\remote\webdriver.py", line 347, in execute
    self.error_handler.check_response(response)
  File "C:\Users\USER\anaconda3\envs\aichi\lib\site-packages\selenium\webdriver\remote\errorhandler.py", line 229, in check_response
    raise exception_class(message, screen, stacktrace)
selenium.common.exceptions.InvalidSessionIdException: Message: invalid session id
Stacktrace:
	GetHandleVerifier [0x00007FF6471FF922+3045234]
	(No symbol) [0x00007FF646EA3652]
	(No symbol) [0x00007FF646D67393]
	(No symbol) [0x00007FF646DA74F7]
	(No symbol) [0x00007FF646DD9C59]
	(No symbol) [0x00007FF646DD3FEC]
	(No symbol) [0x00007FF646DD3997]
	(No symbol) [0x00007FF646D332A5]
	GetHandleVerifier [0x00007FF64722E89D+3237613]
	GetHandleVerifier [0x00007FF647270BA7+3508727]
	GetHandleVerifier [0x00007FF64726976F+3478975]
	GetHandleVerifier [0x00007FF646FDF1C6+815126]
	(No symbol) [0x00007FF646EAED0F]
	(No symbol) [0x00007FF646D322DC]
	GetHandleVerifier [0x00007FF6472C5158+3854248]
	BaseThreadInitThunk [0x00007FF92E12257D+29]
	RtlUserThreadStart [0x00007FF93022AA48+40]

[ 2024-04-23 23:06:52,817 ] 82 ble79037 - ERROR - Failed to access form: Message: invalid session id
Stacktrace:
	GetHandleVerifier [0x00007FF6471FF922+3045234]
	(No symbol) [0x00007FF646EA3652]
	(No symbol) [0x00007FF646D67393]
	(No symbol) [0x00007FF646DA74F7]
	(No symbol) [0x00007FF646DD9C59]
	(No symbol) [0x00007FF646DD3FEC]
	(No symbol) [0x00007FF646DD3997]
	(No symbol) [0x00007FF646D332A5]
	GetHandleVerifier [0x00007FF64722E89D+3237613]
	GetHandleVerifier [0x00007FF647270BA7+3508727]
	GetHandleVerifier [0x00007FF64726976F+3478975]
	GetHandleVerifier [0x00007FF646FDF1C6+815126]
	(No symbol) [0x00007FF646EAED0F]
	(No symbol) [0x00007FF646D322DC]
	GetHandleVerifier [0x00007FF6472C5158+3854248]
	BaseThreadInitThunk [0x00007FF92E12257D+29]
	RtlUserThreadStart [0x00007FF93022AA48+40]
Traceback (most recent call last):
  File "C:\Users\USER\Projects\AichiTool\AichiSelenium\src\controllers\filler.py", line 21, in fill
    browser.get(form_info.url)
  File "C:\Users\USER\anaconda3\envs\aichi\lib\site-packages\seleniumbase\core\browser_launcher.py", line 3739, in <lambda>
    driver.get = lambda url: uc_special_open_if_cf(
  File "C:\Users\USER\anaconda3\envs\aichi\lib\site-packages\seleniumbase\core\browser_launcher.py", line 363, in uc_special_open_if_cf
    driver.execute_script('window.open("%s","_blank");' % url)
  File "C:\Users\USER\anaconda3\envs\aichi\lib\site-packages\selenium\webdriver\remote\webdriver.py", line 407, in execute_script
    return self.execute(command, {"script": script, "args": converted_args})["value"]
  File "C:\Users\USER\anaconda3\envs\aichi\lib\site-packages\selenium\webdriver\remote\webdriver.py", line 347, in execute
    self.error_handler.check_response(response)
  File "C:\Users\USER\anaconda3\envs\aichi\lib\site-packages\selenium\webdriver\remote\errorhandler.py", line 229, in check_response
    raise exception_class(message, screen, stacktrace)
selenium.common.exceptions.InvalidSessionIdException: Message: invalid session id
Stacktrace:
	GetHandleVerifier [0x00007FF6471FF922+3045234]
	(No symbol) [0x00007FF646EA3652]
	(No symbol) [0x00007FF646D67393]
	(No symbol) [0x00007FF646DA74F7]
	(No symbol) [0x00007FF646DD9C59]
	(No symbol) [0x00007FF646DD3FEC]
	(No symbol) [0x00007FF646DD3997]
	(No symbol) [0x00007FF646D332A5]
	GetHandleVerifier [0x00007FF64722E89D+3237613]
	GetHandleVerifier [0x00007FF647270BA7+3508727]
	GetHandleVerifier [0x00007FF64726976F+3478975]
	GetHandleVerifier [0x00007FF646FDF1C6+815126]
	(No symbol) [0x00007FF646EAED0F]
	(No symbol) [0x00007FF646D322DC]
	GetHandleVerifier [0x00007FF6472C5158+3854248]
	BaseThreadInitThunk [0x00007FF92E12257D+29]
	RtlUserThreadStart [0x00007FF93022AA48+40]

[ 2024-04-23 23:06:52,817 ] 82 ble79037 - ERROR - Failed to access form: Message: invalid session id
Stacktrace:
	GetHandleVerifier [0x00007FF6471FF922+3045234]
	(No symbol) [0x00007FF646EA3652]
	(No symbol) [0x00007FF646D67393]
	(No symbol) [0x00007FF646DA74F7]
	(No symbol) [0x00007FF646DD9C59]
	(No symbol) [0x00007FF646DD3FEC]
	(No symbol) [0x00007FF646DD3997]
	(No symbol) [0x00007FF646D332A5]
	GetHandleVerifier [0x00007FF64722E89D+3237613]
	GetHandleVerifier [0x00007FF647270BA7+3508727]
	GetHandleVerifier [0x00007FF64726976F+3478975]
	GetHandleVerifier [0x00007FF646FDF1C6+815126]
	(No symbol) [0x00007FF646EAED0F]
	(No symbol) [0x00007FF646D322DC]
	GetHandleVerifier [0x00007FF6472C5158+3854248]
	BaseThreadInitThunk [0x00007FF92E12257D+29]
	RtlUserThreadStart [0x00007FF93022AA48+40]
Traceback (most recent call last):
  File "C:\Users\USER\Projects\AichiTool\AichiSelenium\src\controllers\filler.py", line 21, in fill
    browser.get(form_info.url)
  File "C:\Users\USER\anaconda3\envs\aichi\lib\site-packages\seleniumbase\core\browser_launcher.py", line 3739, in <lambda>
    driver.get = lambda url: uc_special_open_if_cf(
  File "C:\Users\USER\anaconda3\envs\aichi\lib\site-packages\seleniumbase\core\browser_launcher.py", line 363, in uc_special_open_if_cf
    driver.execute_script('window.open("%s","_blank");' % url)
  File "C:\Users\USER\anaconda3\envs\aichi\lib\site-packages\selenium\webdriver\remote\webdriver.py", line 407, in execute_script
    return self.execute(command, {"script": script, "args": converted_args})["value"]
  File "C:\Users\USER\anaconda3\envs\aichi\lib\site-packages\selenium\webdriver\remote\webdriver.py", line 347, in execute
    self.error_handler.check_response(response)
  File "C:\Users\USER\anaconda3\envs\aichi\lib\site-packages\selenium\webdriver\remote\errorhandler.py", line 229, in check_response
    raise exception_class(message, screen, stacktrace)
selenium.common.exceptions.InvalidSessionIdException: Message: invalid session id
Stacktrace:
	GetHandleVerifier [0x00007FF6471FF922+3045234]
	(No symbol) [0x00007FF646EA3652]
	(No symbol) [0x00007FF646D67393]
	(No symbol) [0x00007FF646DA74F7]
	(No symbol) [0x00007FF646DD9C59]
	(No symbol) [0x00007FF646DD3FEC]
	(No symbol) [0x00007FF646DD3997]
	(No symbol) [0x00007FF646D332A5]
	GetHandleVerifier [0x00007FF64722E89D+3237613]
	GetHandleVerifier [0x00007FF647270BA7+3508727]
	GetHandleVerifier [0x00007FF64726976F+3478975]
	GetHandleVerifier [0x00007FF646FDF1C6+815126]
	(No symbol) [0x00007FF646EAED0F]
	(No symbol) [0x00007FF646D322DC]
	GetHandleVerifier [0x00007FF6472C5158+3854248]
	BaseThreadInitThunk [0x00007FF92E12257D+29]
	RtlUserThreadStart [0x00007FF93022AA48+40]

[ 2024-04-23 23:06:52,821 ] 94 ble79037 - INFO - Accessing form, template sequence: 96457
[ 2024-04-23 23:06:52,821 ] 94 ble79037 - INFO - Accessing form, template sequence: 96457
[ 2024-04-23 23:06:52,821 ] 94 ble79037 - INFO - Accessing form, template sequence: 96457
[ 2024-04-23 23:06:52,821 ] 94 ble79037 - INFO - Form URL: https://www.shinsei.e-aichi.jp/pref-aichi-police-u/offer/offerList_detailTop?tempSeq=96457
[ 2024-04-23 23:06:52,821 ] 94 ble79037 - INFO - Form URL: https://www.shinsei.e-aichi.jp/pref-aichi-police-u/offer/offerList_detailTop?tempSeq=96457
[ 2024-04-23 23:06:52,821 ] 94 ble79037 - INFO - Form URL: https://www.shinsei.e-aichi.jp/pref-aichi-police-u/offer/offerList_detailTop?tempSeq=96457
[ 2024-04-23 23:07:58,994 ] 82 ble79037 - ERROR - Failed to access form: Message: invalid session id
Stacktrace:
	GetHandleVerifier [0x00007FF6471FF922+3045234]
	(No symbol) [0x00007FF646EA3652]
	(No symbol) [0x00007FF646D67393]
	(No symbol) [0x00007FF646DA74F7]
	(No symbol) [0x00007FF646DD9C59]
	(No symbol) [0x00007FF646DD3FEC]
	(No symbol) [0x00007FF646DD3997]
	(No symbol) [0x00007FF646D332A5]
	GetHandleVerifier [0x00007FF64722E89D+3237613]
	GetHandleVerifier [0x00007FF647270BA7+3508727]
	GetHandleVerifier [0x00007FF64726976F+3478975]
	GetHandleVerifier [0x00007FF646FDF1C6+815126]
	(No symbol) [0x00007FF646EAED0F]
	(No symbol) [0x00007FF646D322DC]
	GetHandleVerifier [0x00007FF6472C5158+3854248]
	BaseThreadInitThunk [0x00007FF92E12257D+29]
	RtlUserThreadStart [0x00007FF93022AA48+40]
Traceback (most recent call last):
  File "C:\Users\USER\Projects\AichiTool\AichiSelenium\src\controllers\filler.py", line 21, in fill
    browser.get(form_info.url)
  File "C:\Users\USER\anaconda3\envs\aichi\lib\site-packages\seleniumbase\core\browser_launcher.py", line 3739, in <lambda>
    driver.get = lambda url: uc_special_open_if_cf(
  File "C:\Users\USER\anaconda3\envs\aichi\lib\site-packages\seleniumbase\core\browser_launcher.py", line 363, in uc_special_open_if_cf
    driver.execute_script('window.open("%s","_blank");' % url)
  File "C:\Users\USER\anaconda3\envs\aichi\lib\site-packages\selenium\webdriver\remote\webdriver.py", line 407, in execute_script
    return self.execute(command, {"script": script, "args": converted_args})["value"]
  File "C:\Users\USER\anaconda3\envs\aichi\lib\site-packages\selenium\webdriver\remote\webdriver.py", line 347, in execute
    self.error_handler.check_response(response)
  File "C:\Users\USER\anaconda3\envs\aichi\lib\site-packages\selenium\webdriver\remote\errorhandler.py", line 229, in check_response
    raise exception_class(message, screen, stacktrace)
selenium.common.exceptions.InvalidSessionIdException: Message: invalid session id
Stacktrace:
	GetHandleVerifier [0x00007FF6471FF922+3045234]
	(No symbol) [0x00007FF646EA3652]
	(No symbol) [0x00007FF646D67393]
	(No symbol) [0x00007FF646DA74F7]
	(No symbol) [0x00007FF646DD9C59]
	(No symbol) [0x00007FF646DD3FEC]
	(No symbol) [0x00007FF646DD3997]
	(No symbol) [0x00007FF646D332A5]
	GetHandleVerifier [0x00007FF64722E89D+3237613]
	GetHandleVerifier [0x00007FF647270BA7+3508727]
	GetHandleVerifier [0x00007FF64726976F+3478975]
	GetHandleVerifier [0x00007FF646FDF1C6+815126]
	(No symbol) [0x00007FF646EAED0F]
	(No symbol) [0x00007FF646D322DC]
	GetHandleVerifier [0x00007FF6472C5158+3854248]
	BaseThreadInitThunk [0x00007FF92E12257D+29]
	RtlUserThreadStart [0x00007FF93022AA48+40]

[ 2024-04-23 23:07:58,994 ] 82 ble79037 - ERROR - Failed to access form: Message: invalid session id
Stacktrace:
	GetHandleVerifier [0x00007FF6471FF922+3045234]
	(No symbol) [0x00007FF646EA3652]
	(No symbol) [0x00007FF646D67393]
	(No symbol) [0x00007FF646DA74F7]
	(No symbol) [0x00007FF646DD9C59]
	(No symbol) [0x00007FF646DD3FEC]
	(No symbol) [0x00007FF646DD3997]
	(No symbol) [0x00007FF646D332A5]
	GetHandleVerifier [0x00007FF64722E89D+3237613]
	GetHandleVerifier [0x00007FF647270BA7+3508727]
	GetHandleVerifier [0x00007FF64726976F+3478975]
	GetHandleVerifier [0x00007FF646FDF1C6+815126]
	(No symbol) [0x00007FF646EAED0F]
	(No symbol) [0x00007FF646D322DC]
	GetHandleVerifier [0x00007FF6472C5158+3854248]
	BaseThreadInitThunk [0x00007FF92E12257D+29]
	RtlUserThreadStart [0x00007FF93022AA48+40]
Traceback (most recent call last):
  File "C:\Users\USER\Projects\AichiTool\AichiSelenium\src\controllers\filler.py", line 21, in fill
    browser.get(form_info.url)
  File "C:\Users\USER\anaconda3\envs\aichi\lib\site-packages\seleniumbase\core\browser_launcher.py", line 3739, in <lambda>
    driver.get = lambda url: uc_special_open_if_cf(
  File "C:\Users\USER\anaconda3\envs\aichi\lib\site-packages\seleniumbase\core\browser_launcher.py", line 363, in uc_special_open_if_cf
    driver.execute_script('window.open("%s","_blank");' % url)
  File "C:\Users\USER\anaconda3\envs\aichi\lib\site-packages\selenium\webdriver\remote\webdriver.py", line 407, in execute_script
    return self.execute(command, {"script": script, "args": converted_args})["value"]
  File "C:\Users\USER\anaconda3\envs\aichi\lib\site-packages\selenium\webdriver\remote\webdriver.py", line 347, in execute
    self.error_handler.check_response(response)
  File "C:\Users\USER\anaconda3\envs\aichi\lib\site-packages\selenium\webdriver\remote\errorhandler.py", line 229, in check_response
    raise exception_class(message, screen, stacktrace)
selenium.common.exceptions.InvalidSessionIdException: Message: invalid session id
Stacktrace:
	GetHandleVerifier [0x00007FF6471FF922+3045234]
	(No symbol) [0x00007FF646EA3652]
	(No symbol) [0x00007FF646D67393]
	(No symbol) [0x00007FF646DA74F7]
	(No symbol) [0x00007FF646DD9C59]
	(No symbol) [0x00007FF646DD3FEC]
	(No symbol) [0x00007FF646DD3997]
	(No symbol) [0x00007FF646D332A5]
	GetHandleVerifier [0x00007FF64722E89D+3237613]
	GetHandleVerifier [0x00007FF647270BA7+3508727]
	GetHandleVerifier [0x00007FF64726976F+3478975]
	GetHandleVerifier [0x00007FF646FDF1C6+815126]
	(No symbol) [0x00007FF646EAED0F]
	(No symbol) [0x00007FF646D322DC]
	GetHandleVerifier [0x00007FF6472C5158+3854248]
	BaseThreadInitThunk [0x00007FF92E12257D+29]
	RtlUserThreadStart [0x00007FF93022AA48+40]

[ 2024-04-23 23:07:58,994 ] 82 ble79037 - ERROR - Failed to access form: Message: invalid session id
Stacktrace:
	GetHandleVerifier [0x00007FF6471FF922+3045234]
	(No symbol) [0x00007FF646EA3652]
	(No symbol) [0x00007FF646D67393]
	(No symbol) [0x00007FF646DA74F7]
	(No symbol) [0x00007FF646DD9C59]
	(No symbol) [0x00007FF646DD3FEC]
	(No symbol) [0x00007FF646DD3997]
	(No symbol) [0x00007FF646D332A5]
	GetHandleVerifier [0x00007FF64722E89D+3237613]
	GetHandleVerifier [0x00007FF647270BA7+3508727]
	GetHandleVerifier [0x00007FF64726976F+3478975]
	GetHandleVerifier [0x00007FF646FDF1C6+815126]
	(No symbol) [0x00007FF646EAED0F]
	(No symbol) [0x00007FF646D322DC]
	GetHandleVerifier [0x00007FF6472C5158+3854248]
	BaseThreadInitThunk [0x00007FF92E12257D+29]
	RtlUserThreadStart [0x00007FF93022AA48+40]
Traceback (most recent call last):
  File "C:\Users\USER\Projects\AichiTool\AichiSelenium\src\controllers\filler.py", line 21, in fill
    browser.get(form_info.url)
  File "C:\Users\USER\anaconda3\envs\aichi\lib\site-packages\seleniumbase\core\browser_launcher.py", line 3739, in <lambda>
    driver.get = lambda url: uc_special_open_if_cf(
  File "C:\Users\USER\anaconda3\envs\aichi\lib\site-packages\seleniumbase\core\browser_launcher.py", line 363, in uc_special_open_if_cf
    driver.execute_script('window.open("%s","_blank");' % url)
  File "C:\Users\USER\anaconda3\envs\aichi\lib\site-packages\selenium\webdriver\remote\webdriver.py", line 407, in execute_script
    return self.execute(command, {"script": script, "args": converted_args})["value"]
  File "C:\Users\USER\anaconda3\envs\aichi\lib\site-packages\selenium\webdriver\remote\webdriver.py", line 347, in execute
    self.error_handler.check_response(response)
  File "C:\Users\USER\anaconda3\envs\aichi\lib\site-packages\selenium\webdriver\remote\errorhandler.py", line 229, in check_response
    raise exception_class(message, screen, stacktrace)
selenium.common.exceptions.InvalidSessionIdException: Message: invalid session id
Stacktrace:
	GetHandleVerifier [0x00007FF6471FF922+3045234]
	(No symbol) [0x00007FF646EA3652]
	(No symbol) [0x00007FF646D67393]
	(No symbol) [0x00007FF646DA74F7]
	(No symbol) [0x00007FF646DD9C59]
	(No symbol) [0x00007FF646DD3FEC]
	(No symbol) [0x00007FF646DD3997]
	(No symbol) [0x00007FF646D332A5]
	GetHandleVerifier [0x00007FF64722E89D+3237613]
	GetHandleVerifier [0x00007FF647270BA7+3508727]
	GetHandleVerifier [0x00007FF64726976F+3478975]
	GetHandleVerifier [0x00007FF646FDF1C6+815126]
	(No symbol) [0x00007FF646EAED0F]
	(No symbol) [0x00007FF646D322DC]
	GetHandleVerifier [0x00007FF6472C5158+3854248]
	BaseThreadInitThunk [0x00007FF92E12257D+29]
	RtlUserThreadStart [0x00007FF93022AA48+40]

[ 2024-04-23 23:07:58,997 ] 94 ble79037 - INFO - Accessing form, template sequence: 96453
[ 2024-04-23 23:07:58,997 ] 94 ble79037 - INFO - Accessing form, template sequence: 96453
[ 2024-04-23 23:07:58,997 ] 94 ble79037 - INFO - Accessing form, template sequence: 96453
[ 2024-04-23 23:07:58,998 ] 94 ble79037 - INFO - Form URL: https://www.shinsei.e-aichi.jp/pref-aichi-police-u/offer/offerList_detailTop?tempSeq=96453
[ 2024-04-23 23:07:58,998 ] 94 ble79037 - INFO - Form URL: https://www.shinsei.e-aichi.jp/pref-aichi-police-u/offer/offerList_detailTop?tempSeq=96453
[ 2024-04-23 23:07:58,998 ] 94 ble79037 - INFO - Form URL: https://www.shinsei.e-aichi.jp/pref-aichi-police-u/offer/offerList_detailTop?tempSeq=96453
