[ 2024-04-23 23:02:57,778 ] 94 nihahi50 - INFO - Opened login page
[ 2024-04-23 23:02:57,778 ] 94 nihahi50 - INFO - Opened login page
[ 2024-04-23 23:02:57,778 ] 94 nihahi50 - INFO - Opened login page
[ 2024-04-23 23:03:04,999 ] 94 nihahi50 - INFO - Logging in
[ 2024-04-23 23:03:04,999 ] 94 nihahi50 - INFO - Logging in
[ 2024-04-23 23:03:04,999 ] 94 nihahi50 - INFO - Logging in
[ 2024-04-23 23:03:05,008 ] 94 nihahi50 - INFO - Current url: https://www.shinsei.e-aichi.jp/pref-aichi-police-u/offer/offerList_initDisplay
[ 2024-04-23 23:03:05,008 ] 94 nihahi50 - INFO - Current url: https://www.shinsei.e-aichi.jp/pref-aichi-police-u/offer/offerList_initDisplay
[ 2024-04-23 23:03:05,008 ] 94 nihahi50 - INFO - Current url: https://www.shinsei.e-aichi.jp/pref-aichi-police-u/offer/offerList_initDisplay
[ 2024-04-23 23:03:05,338 ] 94 nihahi50 - INFO - Logged in finished
[ 2024-04-23 23:03:05,338 ] 94 nihahi50 - INFO - Logged in finished
[ 2024-04-23 23:03:05,338 ] 94 nihahi50 - INFO - Logged in finished
[ 2024-04-23 23:03:05,803 ] 94 nihahi50 - INFO - On main page
[ 2024-04-23 23:03:05,803 ] 94 nihahi50 - INFO - On main page
[ 2024-04-23 23:03:05,803 ] 94 nihahi50 - INFO - On main page
[ 2024-04-23 23:03:08,403 ] 94 nihahi50 - INFO - Search submitted
[ 2024-04-23 23:03:08,403 ] 94 nihahi50 - INFO - Search submitted
[ 2024-04-23 23:03:08,403 ] 94 nihahi50 - INFO - Search submitted
[ 2024-04-23 23:03:08,534 ] 94 nihahi50 - INFO - Collected 20 forms
[ 2024-04-23 23:03:08,534 ] 94 nihahi50 - INFO - Collected 20 forms
[ 2024-04-23 23:03:08,534 ] 94 nihahi50 - INFO - Collected 20 forms
[ 2024-04-23 23:03:10,793 ] 94 nihahi50 - INFO - Number of filtered forms left is: 5 form(s)
[ 2024-04-23 23:03:10,793 ] 94 nihahi50 - INFO - Number of filtered forms left is: 5 form(s)
[ 2024-04-23 23:03:10,793 ] 94 nihahi50 - INFO - Number of filtered forms left is: 5 form(s)
[ 2024-04-23 23:03:10,794 ] 94 nihahi50 - INFO - ＜05月08日(水) 08:45～09:30＞[平針]外国免許切替審査 Hirabari Exchanging Foreign Driver's License - 近日受付開始 - 2024年04月24日 07時30分 - 2024年05月02日 12時00分 - 96453 - https://www.shinsei.e-aichi.jp/pref-aichi-police-u/offer/offerList_detailTop?tempSeq=96453 - True
[ 2024-04-23 23:03:10,794 ] 94 nihahi50 - INFO - ＜05月08日(水) 08:45～09:30＞[平針]外国免許切替審査 Hirabari Exchanging Foreign Driver's License - 近日受付開始 - 2024年04月24日 07時30分 - 2024年05月02日 12時00分 - 96453 - https://www.shinsei.e-aichi.jp/pref-aichi-police-u/offer/offerList_detailTop?tempSeq=96453 - True
[ 2024-04-23 23:03:10,794 ] 94 nihahi50 - INFO - ＜05月08日(水) 08:45～09:30＞[平針]外国免許切替審査 Hirabari Exchanging Foreign Driver's License - 近日受付開始 - 2024年04月24日 07時30分 - 2024年05月02日 12時00分 - 96453 - https://www.shinsei.e-aichi.jp/pref-aichi-police-u/offer/offerList_detailTop?tempSeq=96453 - True
[ 2024-04-23 23:03:10,798 ] 94 nihahi50 - INFO - ＜05月08日(水) 09:30～10:30＞[平針]外国免許切替審査 Hirabari Exchanging Foreign Driver's License - 近日受付開始 - 2024年04月24日 07時30分 - 2024年05月02日 12時00分 - 96454 - https://www.shinsei.e-aichi.jp/pref-aichi-police-u/offer/offerList_detailTop?tempSeq=96454 - True
[ 2024-04-23 23:03:10,798 ] 94 nihahi50 - INFO - ＜05月08日(水) 09:30～10:30＞[平針]外国免許切替審査 Hirabari Exchanging Foreign Driver's License - 近日受付開始 - 2024年04月24日 07時30分 - 2024年05月02日 12時00分 - 96454 - https://www.shinsei.e-aichi.jp/pref-aichi-police-u/offer/offerList_detailTop?tempSeq=96454 - True
[ 2024-04-23 23:03:10,798 ] 94 nihahi50 - INFO - ＜05月08日(水) 09:30～10:30＞[平針]外国免許切替審査 Hirabari Exchanging Foreign Driver's License - 近日受付開始 - 2024年04月24日 07時30分 - 2024年05月02日 12時00分 - 96454 - https://www.shinsei.e-aichi.jp/pref-aichi-police-u/offer/offerList_detailTop?tempSeq=96454 - True
[ 2024-04-23 23:03:10,799 ] 94 nihahi50 - INFO - ＜05月08日(水) 10:30～11:45＞[平針]外国免許切替審査 Hirabari Exchanging Foreign Driver's License - 近日受付開始 - 2024年04月24日 07時30分 - 2024年05月02日 12時00分 - 96455 - https://www.shinsei.e-aichi.jp/pref-aichi-police-u/offer/offerList_detailTop?tempSeq=96455 - True
[ 2024-04-23 23:03:10,799 ] 94 nihahi50 - INFO - ＜05月08日(水) 10:30～11:45＞[平針]外国免許切替審査 Hirabari Exchanging Foreign Driver's License - 近日受付開始 - 2024年04月24日 07時30分 - 2024年05月02日 12時00分 - 96455 - https://www.shinsei.e-aichi.jp/pref-aichi-police-u/offer/offerList_detailTop?tempSeq=96455 - True
[ 2024-04-23 23:03:10,799 ] 94 nihahi50 - INFO - ＜05月08日(水) 10:30～11:45＞[平針]外国免許切替審査 Hirabari Exchanging Foreign Driver's License - 近日受付開始 - 2024年04月24日 07時30分 - 2024年05月02日 12時00分 - 96455 - https://www.shinsei.e-aichi.jp/pref-aichi-police-u/offer/offerList_detailTop?tempSeq=96455 - True
[ 2024-04-23 23:03:10,801 ] 94 nihahi50 - INFO - ＜05月08日(水) 12:45～13:30＞[平針]外国免許切替審査 Hirabari Exchanging Foreign Driver's License - 近日受付開始 - 2024年04月24日 07時30分 - 2024年05月02日 12時00分 - 96456 - https://www.shinsei.e-aichi.jp/pref-aichi-police-u/offer/offerList_detailTop?tempSeq=96456 - True
[ 2024-04-23 23:03:10,801 ] 94 nihahi50 - INFO - ＜05月08日(水) 12:45～13:30＞[平針]外国免許切替審査 Hirabari Exchanging Foreign Driver's License - 近日受付開始 - 2024年04月24日 07時30分 - 2024年05月02日 12時00分 - 96456 - https://www.shinsei.e-aichi.jp/pref-aichi-police-u/offer/offerList_detailTop?tempSeq=96456 - True
[ 2024-04-23 23:03:10,801 ] 94 nihahi50 - INFO - ＜05月08日(水) 12:45～13:30＞[平針]外国免許切替審査 Hirabari Exchanging Foreign Driver's License - 近日受付開始 - 2024年04月24日 07時30分 - 2024年05月02日 12時00分 - 96456 - https://www.shinsei.e-aichi.jp/pref-aichi-police-u/offer/offerList_detailTop?tempSeq=96456 - True
[ 2024-04-23 23:03:10,802 ] 94 nihahi50 - INFO - ＜05月08日(水) 13:30～14:45＞[平針]外国免許切替審査 Hirabari Exchanging Foreign Driver's License - 近日受付開始 - 2024年04月24日 07時30分 - 2024年05月02日 12時00分 - 96457 - https://www.shinsei.e-aichi.jp/pref-aichi-police-u/offer/offerList_detailTop?tempSeq=96457 - True
[ 2024-04-23 23:03:10,802 ] 94 nihahi50 - INFO - ＜05月08日(水) 13:30～14:45＞[平針]外国免許切替審査 Hirabari Exchanging Foreign Driver's License - 近日受付開始 - 2024年04月24日 07時30分 - 2024年05月02日 12時00分 - 96457 - https://www.shinsei.e-aichi.jp/pref-aichi-police-u/offer/offerList_detailTop?tempSeq=96457 - True
[ 2024-04-23 23:03:10,802 ] 94 nihahi50 - INFO - ＜05月08日(水) 13:30～14:45＞[平針]外国免許切替審査 Hirabari Exchanging Foreign Driver's License - 近日受付開始 - 2024年04月24日 07時30分 - 2024年05月02日 12時00分 - 96457 - https://www.shinsei.e-aichi.jp/pref-aichi-police-u/offer/offerList_detailTop?tempSeq=96457 - True
[ 2024-04-23 23:03:10,806 ] 94 nihahi50 - INFO - Accessing form, template sequence: 96454
[ 2024-04-23 23:03:10,806 ] 94 nihahi50 - INFO - Accessing form, template sequence: 96454
[ 2024-04-23 23:03:10,806 ] 94 nihahi50 - INFO - Accessing form, template sequence: 96454
[ 2024-04-23 23:03:10,806 ] 94 nihahi50 - INFO - Form URL: https://www.shinsei.e-aichi.jp/pref-aichi-police-u/offer/offerList_detailTop?tempSeq=96454
[ 2024-04-23 23:03:10,806 ] 94 nihahi50 - INFO - Form URL: https://www.shinsei.e-aichi.jp/pref-aichi-police-u/offer/offerList_detailTop?tempSeq=96454
[ 2024-04-23 23:03:10,806 ] 94 nihahi50 - INFO - Form URL: https://www.shinsei.e-aichi.jp/pref-aichi-police-u/offer/offerList_detailTop?tempSeq=96454
[ 2024-04-23 23:03:16,424 ] 94 nihahi50 - INFO - Accessed form successfully
[ 2024-04-23 23:03:16,424 ] 94 nihahi50 - INFO - Accessed form successfully
[ 2024-04-23 23:03:16,424 ] 94 nihahi50 - INFO - Accessed form successfully
[ 2024-04-23 23:03:16,441 ] 94 nihahi50 - INFO - Form message: 申込期間ではありません。
[ 2024-04-23 23:03:16,441 ] 94 nihahi50 - INFO - Form message: 申込期間ではありません。
[ 2024-04-23 23:03:16,441 ] 94 nihahi50 - INFO - Form message: 申込期間ではありません。
[ 2024-04-23 23:03:16,442 ] 94 nihahi50 - INFO - Refreshing page to check availability trial number 1, template sequence: 96454
[ 2024-04-23 23:03:16,442 ] 94 nihahi50 - INFO - Refreshing page to check availability trial number 1, template sequence: 96454
[ 2024-04-23 23:03:16,442 ] 94 nihahi50 - INFO - Refreshing page to check availability trial number 1, template sequence: 96454
[ 2024-04-23 23:03:18,448 ] 94 nihahi50 - INFO - Form message: 申込期間ではありません。
[ 2024-04-23 23:03:18,448 ] 94 nihahi50 - INFO - Form message: 申込期間ではありません。
[ 2024-04-23 23:03:18,448 ] 94 nihahi50 - INFO - Form message: 申込期間ではありません。
[ 2024-04-23 23:03:18,448 ] 94 nihahi50 - INFO - Refreshing page to check availability trial number 2, template sequence: 96454
[ 2024-04-23 23:03:18,448 ] 94 nihahi50 - INFO - Refreshing page to check availability trial number 2, template sequence: 96454
[ 2024-04-23 23:03:18,448 ] 94 nihahi50 - INFO - Refreshing page to check availability trial number 2, template sequence: 96454
[ 2024-04-23 23:03:20,242 ] 94 nihahi50 - INFO - Form message: 申込期間ではありません。
[ 2024-04-23 23:03:20,242 ] 94 nihahi50 - INFO - Form message: 申込期間ではありません。
[ 2024-04-23 23:03:20,242 ] 94 nihahi50 - INFO - Form message: 申込期間ではありません。
[ 2024-04-23 23:03:20,244 ] 94 nihahi50 - INFO - Refreshing page to check availability trial number 3, template sequence: 96454
[ 2024-04-23 23:03:20,244 ] 94 nihahi50 - INFO - Refreshing page to check availability trial number 3, template sequence: 96454
[ 2024-04-23 23:03:20,244 ] 94 nihahi50 - INFO - Refreshing page to check availability trial number 3, template sequence: 96454
[ 2024-04-23 23:03:21,650 ] 94 nihahi50 - INFO - Form message: 申込期間ではありません。
[ 2024-04-23 23:03:21,650 ] 94 nihahi50 - INFO - Form message: 申込期間ではありません。
[ 2024-04-23 23:03:21,650 ] 94 nihahi50 - INFO - Form message: 申込期間ではありません。
[ 2024-04-23 23:03:21,651 ] 94 nihahi50 - INFO - Refreshing page to check availability trial number 4, template sequence: 96454
[ 2024-04-23 23:03:21,651 ] 94 nihahi50 - INFO - Refreshing page to check availability trial number 4, template sequence: 96454
[ 2024-04-23 23:03:21,651 ] 94 nihahi50 - INFO - Refreshing page to check availability trial number 4, template sequence: 96454
[ 2024-04-23 23:03:23,522 ] 94 nihahi50 - INFO - Form message: 申込期間ではありません。
[ 2024-04-23 23:03:23,522 ] 94 nihahi50 - INFO - Form message: 申込期間ではありません。
[ 2024-04-23 23:03:23,522 ] 94 nihahi50 - INFO - Form message: 申込期間ではありません。
[ 2024-04-23 23:03:23,523 ] 94 nihahi50 - INFO - Refreshing page to check availability trial number 5, template sequence: 96454
[ 2024-04-23 23:03:23,523 ] 94 nihahi50 - INFO - Refreshing page to check availability trial number 5, template sequence: 96454
[ 2024-04-23 23:03:23,523 ] 94 nihahi50 - INFO - Refreshing page to check availability trial number 5, template sequence: 96454
[ 2024-04-23 23:03:25,004 ] 94 nihahi50 - INFO - Form message: 申込期間ではありません。
[ 2024-04-23 23:03:25,004 ] 94 nihahi50 - INFO - Form message: 申込期間ではありません。
[ 2024-04-23 23:03:25,004 ] 94 nihahi50 - INFO - Form message: 申込期間ではありません。
[ 2024-04-23 23:03:25,005 ] 94 nihahi50 - INFO - Refreshing page to check availability trial number 6, template sequence: 96454
[ 2024-04-23 23:03:25,005 ] 94 nihahi50 - INFO - Refreshing page to check availability trial number 6, template sequence: 96454
[ 2024-04-23 23:03:25,005 ] 94 nihahi50 - INFO - Refreshing page to check availability trial number 6, template sequence: 96454
[ 2024-04-23 23:03:26,841 ] 94 nihahi50 - INFO - Form message: 申込期間ではありません。
[ 2024-04-23 23:03:26,841 ] 94 nihahi50 - INFO - Form message: 申込期間ではありません。
[ 2024-04-23 23:03:26,841 ] 94 nihahi50 - INFO - Form message: 申込期間ではありません。
[ 2024-04-23 23:03:26,842 ] 94 nihahi50 - INFO - Refreshing page to check availability trial number 7, template sequence: 96454
[ 2024-04-23 23:03:26,842 ] 94 nihahi50 - INFO - Refreshing page to check availability trial number 7, template sequence: 96454
[ 2024-04-23 23:03:26,842 ] 94 nihahi50 - INFO - Refreshing page to check availability trial number 7, template sequence: 96454
[ 2024-04-23 23:03:28,662 ] 94 nihahi50 - INFO - Form message: 申込期間ではありません。
[ 2024-04-23 23:03:28,662 ] 94 nihahi50 - INFO - Form message: 申込期間ではありません。
[ 2024-04-23 23:03:28,662 ] 94 nihahi50 - INFO - Form message: 申込期間ではありません。
[ 2024-04-23 23:03:28,663 ] 94 nihahi50 - INFO - Refreshing page to check availability trial number 8, template sequence: 96454
[ 2024-04-23 23:03:28,663 ] 94 nihahi50 - INFO - Refreshing page to check availability trial number 8, template sequence: 96454
[ 2024-04-23 23:03:28,663 ] 94 nihahi50 - INFO - Refreshing page to check availability trial number 8, template sequence: 96454
[ 2024-04-23 23:03:30,385 ] 94 nihahi50 - INFO - Form message: 申込期間ではありません。
[ 2024-04-23 23:03:30,385 ] 94 nihahi50 - INFO - Form message: 申込期間ではありません。
[ 2024-04-23 23:03:30,385 ] 94 nihahi50 - INFO - Form message: 申込期間ではありません。
[ 2024-04-23 23:03:30,386 ] 94 nihahi50 - INFO - Refreshing page to check availability trial number 9, template sequence: 96454
[ 2024-04-23 23:03:30,386 ] 94 nihahi50 - INFO - Refreshing page to check availability trial number 9, template sequence: 96454
[ 2024-04-23 23:03:30,386 ] 94 nihahi50 - INFO - Refreshing page to check availability trial number 9, template sequence: 96454
[ 2024-04-23 23:03:32,177 ] 94 nihahi50 - INFO - Form message: 申込期間ではありません。
[ 2024-04-23 23:03:32,177 ] 94 nihahi50 - INFO - Form message: 申込期間ではありません。
[ 2024-04-23 23:03:32,177 ] 94 nihahi50 - INFO - Form message: 申込期間ではありません。
[ 2024-04-23 23:03:32,180 ] 94 nihahi50 - INFO - Refreshing page to check availability trial number 10, template sequence: 96454
[ 2024-04-23 23:03:32,180 ] 94 nihahi50 - INFO - Refreshing page to check availability trial number 10, template sequence: 96454
[ 2024-04-23 23:03:32,180 ] 94 nihahi50 - INFO - Refreshing page to check availability trial number 10, template sequence: 96454
[ 2024-04-23 23:03:33,864 ] 94 nihahi50 - INFO - Form message: 申込期間ではありません。
[ 2024-04-23 23:03:33,864 ] 94 nihahi50 - INFO - Form message: 申込期間ではありません。
[ 2024-04-23 23:03:33,864 ] 94 nihahi50 - INFO - Form message: 申込期間ではありません。
[ 2024-04-23 23:03:33,865 ] 94 nihahi50 - INFO - Refreshing page to check availability trial number 11, template sequence: 96454
[ 2024-04-23 23:03:33,865 ] 94 nihahi50 - INFO - Refreshing page to check availability trial number 11, template sequence: 96454
[ 2024-04-23 23:03:33,865 ] 94 nihahi50 - INFO - Refreshing page to check availability trial number 11, template sequence: 96454
[ 2024-04-23 23:03:35,198 ] 82 nihahi50 - ERROR - Failed to get form message, maybe form is available
Traceback (most recent call last):
  File "C:\Users\USER\Projects\AichiTool\AichiSelenium\src\controllers\filler.py", line 113, in get_form_message
    message = browser.find_element(By.XPATH, "/html/body/main/div/form/div[3]/strong/ul/li/span/strong").text
AttributeError: 'NoneType' object has no attribute 'text'
[ 2024-04-23 23:03:35,198 ] 82 nihahi50 - ERROR - Failed to get form message, maybe form is available
Traceback (most recent call last):
  File "C:\Users\USER\Projects\AichiTool\AichiSelenium\src\controllers\filler.py", line 113, in get_form_message
    message = browser.find_element(By.XPATH, "/html/body/main/div/form/div[3]/strong/ul/li/span/strong").text
AttributeError: 'NoneType' object has no attribute 'text'
[ 2024-04-23 23:03:35,198 ] 82 nihahi50 - ERROR - Failed to get form message, maybe form is available
Traceback (most recent call last):
  File "C:\Users\USER\Projects\AichiTool\AichiSelenium\src\controllers\filler.py", line 113, in get_form_message
    message = browser.find_element(By.XPATH, "/html/body/main/div/form/div[3]/strong/ul/li/span/strong").text
AttributeError: 'NoneType' object has no attribute 'text'
[ 2024-04-23 23:03:35,200 ] 94 nihahi50 - INFO - Form is available, template sequence: 96454
[ 2024-04-23 23:03:35,200 ] 94 nihahi50 - INFO - Form is available, template sequence: 96454
[ 2024-04-23 23:03:35,200 ] 94 nihahi50 - INFO - Form is available, template sequence: 96454
[ 2024-04-23 23:03:35,200 ] 94 nihahi50 - INFO - Filling form, template sequence: 96454
[ 2024-04-23 23:03:35,200 ] 94 nihahi50 - INFO - Filling form, template sequence: 96454
[ 2024-04-23 23:03:35,200 ] 94 nihahi50 - INFO - Filling form, template sequence: 96454
[ 2024-04-23 23:03:35,203 ] 82 nihahi50 - ERROR - Failed to click continue button: Message: no such window: target window already closed
from unknown error: web view not found
  (Session info: chrome=124.0.6367.61)
Stacktrace:
	GetHandleVerifier [0x00007FF6471FF922+3045234]
	(No symbol) [0x00007FF646EA3652]
	(No symbol) [0x00007FF646D67564]
	(No symbol) [0x00007FF646D3DB4F]
	(No symbol) [0x00007FF646DE1087]
	(No symbol) [0x00007FF646DF8871]
	(No symbol) [0x00007FF646DD9B53]
	(No symbol) [0x00007FF646DA813C]
	(No symbol) [0x00007FF646DA8D71]
	GetHandleVerifier [0x00007FF64722E89D+3237613]
	GetHandleVerifier [0x00007FF647270BA7+3508727]
	GetHandleVerifier [0x00007FF64726976F+3478975]
	GetHandleVerifier [0x00007FF646FDF1C6+815126]
	(No symbol) [0x00007FF646EAED0F]
	(No symbol) [0x00007FF646EA9854]
	(No symbol) [0x00007FF646EA99E2]
	(No symbol) [0x00007FF646E9A574]
	BaseThreadInitThunk [0x00007FF92E12257D+29]
	RtlUserThreadStart [0x00007FF93022AA48+40]
Traceback (most recent call last):
  File "C:\Users\USER\Projects\AichiTool\AichiSelenium\src\controllers\filler.py", line 57, in fill
    continue_button = browser.find_element(By.XPATH, r'//*[@id="ok"]')
  File "C:\Users\USER\anaconda3\envs\aichi\lib\site-packages\seleniumbase\core\sb_driver.py", line 20, in find_element
    return self.driver.default_find_element(by=by, value=value)
  File "C:\Users\USER\anaconda3\envs\aichi\lib\site-packages\selenium\webdriver\remote\webdriver.py", line 741, in find_element
    return self.execute(Command.FIND_ELEMENT, {"using": by, "value": value})["value"]
  File "C:\Users\USER\anaconda3\envs\aichi\lib\site-packages\selenium\webdriver\remote\webdriver.py", line 347, in execute
    self.error_handler.check_response(response)
  File "C:\Users\USER\anaconda3\envs\aichi\lib\site-packages\selenium\webdriver\remote\errorhandler.py", line 229, in check_response
    raise exception_class(message, screen, stacktrace)
selenium.common.exceptions.NoSuchWindowException: Message: no such window: target window already closed
from unknown error: web view not found
  (Session info: chrome=124.0.6367.61)
Stacktrace:
	GetHandleVerifier [0x00007FF6471FF922+3045234]
	(No symbol) [0x00007FF646EA3652]
	(No symbol) [0x00007FF646D67564]
	(No symbol) [0x00007FF646D3DB4F]
	(No symbol) [0x00007FF646DE1087]
	(No symbol) [0x00007FF646DF8871]
	(No symbol) [0x00007FF646DD9B53]
	(No symbol) [0x00007FF646DA813C]
	(No symbol) [0x00007FF646DA8D71]
	GetHandleVerifier [0x00007FF64722E89D+3237613]
	GetHandleVerifier [0x00007FF647270BA7+3508727]
	GetHandleVerifier [0x00007FF64726976F+3478975]
	GetHandleVerifier [0x00007FF646FDF1C6+815126]
	(No symbol) [0x00007FF646EAED0F]
	(No symbol) [0x00007FF646EA9854]
	(No symbol) [0x00007FF646EA99E2]
	(No symbol) [0x00007FF646E9A574]
	BaseThreadInitThunk [0x00007FF92E12257D+29]
	RtlUserThreadStart [0x00007FF93022AA48+40]

[ 2024-04-23 23:03:35,203 ] 82 nihahi50 - ERROR - Failed to click continue button: Message: no such window: target window already closed
from unknown error: web view not found
  (Session info: chrome=124.0.6367.61)
Stacktrace:
	GetHandleVerifier [0x00007FF6471FF922+3045234]
	(No symbol) [0x00007FF646EA3652]
	(No symbol) [0x00007FF646D67564]
	(No symbol) [0x00007FF646D3DB4F]
	(No symbol) [0x00007FF646DE1087]
	(No symbol) [0x00007FF646DF8871]
	(No symbol) [0x00007FF646DD9B53]
	(No symbol) [0x00007FF646DA813C]
	(No symbol) [0x00007FF646DA8D71]
	GetHandleVerifier [0x00007FF64722E89D+3237613]
	GetHandleVerifier [0x00007FF647270BA7+3508727]
	GetHandleVerifier [0x00007FF64726976F+3478975]
	GetHandleVerifier [0x00007FF646FDF1C6+815126]
	(No symbol) [0x00007FF646EAED0F]
	(No symbol) [0x00007FF646EA9854]
	(No symbol) [0x00007FF646EA99E2]
	(No symbol) [0x00007FF646E9A574]
	BaseThreadInitThunk [0x00007FF92E12257D+29]
	RtlUserThreadStart [0x00007FF93022AA48+40]
Traceback (most recent call last):
  File "C:\Users\USER\Projects\AichiTool\AichiSelenium\src\controllers\filler.py", line 57, in fill
    continue_button = browser.find_element(By.XPATH, r'//*[@id="ok"]')
  File "C:\Users\USER\anaconda3\envs\aichi\lib\site-packages\seleniumbase\core\sb_driver.py", line 20, in find_element
    return self.driver.default_find_element(by=by, value=value)
  File "C:\Users\USER\anaconda3\envs\aichi\lib\site-packages\selenium\webdriver\remote\webdriver.py", line 741, in find_element
    return self.execute(Command.FIND_ELEMENT, {"using": by, "value": value})["value"]
  File "C:\Users\USER\anaconda3\envs\aichi\lib\site-packages\selenium\webdriver\remote\webdriver.py", line 347, in execute
    self.error_handler.check_response(response)
  File "C:\Users\USER\anaconda3\envs\aichi\lib\site-packages\selenium\webdriver\remote\errorhandler.py", line 229, in check_response
    raise exception_class(message, screen, stacktrace)
selenium.common.exceptions.NoSuchWindowException: Message: no such window: target window already closed
from unknown error: web view not found
  (Session info: chrome=124.0.6367.61)
Stacktrace:
	GetHandleVerifier [0x00007FF6471FF922+3045234]
	(No symbol) [0x00007FF646EA3652]
	(No symbol) [0x00007FF646D67564]
	(No symbol) [0x00007FF646D3DB4F]
	(No symbol) [0x00007FF646DE1087]
	(No symbol) [0x00007FF646DF8871]
	(No symbol) [0x00007FF646DD9B53]
	(No symbol) [0x00007FF646DA813C]
	(No symbol) [0x00007FF646DA8D71]
	GetHandleVerifier [0x00007FF64722E89D+3237613]
	GetHandleVerifier [0x00007FF647270BA7+3508727]
	GetHandleVerifier [0x00007FF64726976F+3478975]
	GetHandleVerifier [0x00007FF646FDF1C6+815126]
	(No symbol) [0x00007FF646EAED0F]
	(No symbol) [0x00007FF646EA9854]
	(No symbol) [0x00007FF646EA99E2]
	(No symbol) [0x00007FF646E9A574]
	BaseThreadInitThunk [0x00007FF92E12257D+29]
	RtlUserThreadStart [0x00007FF93022AA48+40]

[ 2024-04-23 23:03:35,203 ] 82 nihahi50 - ERROR - Failed to click continue button: Message: no such window: target window already closed
from unknown error: web view not found
  (Session info: chrome=124.0.6367.61)
Stacktrace:
	GetHandleVerifier [0x00007FF6471FF922+3045234]
	(No symbol) [0x00007FF646EA3652]
	(No symbol) [0x00007FF646D67564]
	(No symbol) [0x00007FF646D3DB4F]
	(No symbol) [0x00007FF646DE1087]
	(No symbol) [0x00007FF646DF8871]
	(No symbol) [0x00007FF646DD9B53]
	(No symbol) [0x00007FF646DA813C]
	(No symbol) [0x00007FF646DA8D71]
	GetHandleVerifier [0x00007FF64722E89D+3237613]
	GetHandleVerifier [0x00007FF647270BA7+3508727]
	GetHandleVerifier [0x00007FF64726976F+3478975]
	GetHandleVerifier [0x00007FF646FDF1C6+815126]
	(No symbol) [0x00007FF646EAED0F]
	(No symbol) [0x00007FF646EA9854]
	(No symbol) [0x00007FF646EA99E2]
	(No symbol) [0x00007FF646E9A574]
	BaseThreadInitThunk [0x00007FF92E12257D+29]
	RtlUserThreadStart [0x00007FF93022AA48+40]
Traceback (most recent call last):
  File "C:\Users\USER\Projects\AichiTool\AichiSelenium\src\controllers\filler.py", line 57, in fill
    continue_button = browser.find_element(By.XPATH, r'//*[@id="ok"]')
  File "C:\Users\USER\anaconda3\envs\aichi\lib\site-packages\seleniumbase\core\sb_driver.py", line 20, in find_element
    return self.driver.default_find_element(by=by, value=value)
  File "C:\Users\USER\anaconda3\envs\aichi\lib\site-packages\selenium\webdriver\remote\webdriver.py", line 741, in find_element
    return self.execute(Command.FIND_ELEMENT, {"using": by, "value": value})["value"]
  File "C:\Users\USER\anaconda3\envs\aichi\lib\site-packages\selenium\webdriver\remote\webdriver.py", line 347, in execute
    self.error_handler.check_response(response)
  File "C:\Users\USER\anaconda3\envs\aichi\lib\site-packages\selenium\webdriver\remote\errorhandler.py", line 229, in check_response
    raise exception_class(message, screen, stacktrace)
selenium.common.exceptions.NoSuchWindowException: Message: no such window: target window already closed
from unknown error: web view not found
  (Session info: chrome=124.0.6367.61)
Stacktrace:
	GetHandleVerifier [0x00007FF6471FF922+3045234]
	(No symbol) [0x00007FF646EA3652]
	(No symbol) [0x00007FF646D67564]
	(No symbol) [0x00007FF646D3DB4F]
	(No symbol) [0x00007FF646DE1087]
	(No symbol) [0x00007FF646DF8871]
	(No symbol) [0x00007FF646DD9B53]
	(No symbol) [0x00007FF646DA813C]
	(No symbol) [0x00007FF646DA8D71]
	GetHandleVerifier [0x00007FF64722E89D+3237613]
	GetHandleVerifier [0x00007FF647270BA7+3508727]
	GetHandleVerifier [0x00007FF64726976F+3478975]
	GetHandleVerifier [0x00007FF646FDF1C6+815126]
	(No symbol) [0x00007FF646EAED0F]
	(No symbol) [0x00007FF646EA9854]
	(No symbol) [0x00007FF646EA99E2]
	(No symbol) [0x00007FF646E9A574]
	BaseThreadInitThunk [0x00007FF92E12257D+29]
	RtlUserThreadStart [0x00007FF93022AA48+40]

[ 2024-04-23 23:03:35,206 ] 94 nihahi50 - INFO - Accessing form, template sequence: 96457
[ 2024-04-23 23:03:35,206 ] 94 nihahi50 - INFO - Accessing form, template sequence: 96457
[ 2024-04-23 23:03:35,206 ] 94 nihahi50 - INFO - Accessing form, template sequence: 96457
[ 2024-04-23 23:03:35,206 ] 94 nihahi50 - INFO - Form URL: https://www.shinsei.e-aichi.jp/pref-aichi-police-u/offer/offerList_detailTop?tempSeq=96457
[ 2024-04-23 23:03:35,206 ] 94 nihahi50 - INFO - Form URL: https://www.shinsei.e-aichi.jp/pref-aichi-police-u/offer/offerList_detailTop?tempSeq=96457
[ 2024-04-23 23:03:35,206 ] 94 nihahi50 - INFO - Form URL: https://www.shinsei.e-aichi.jp/pref-aichi-police-u/offer/offerList_detailTop?tempSeq=96457
[ 2024-04-23 23:04:41,437 ] 82 nihahi50 - ERROR - Failed to access form: Message: no such window: target window already closed
from unknown error: web view not found
  (Session info: chrome=124.0.6367.61)
Stacktrace:
	GetHandleVerifier [0x00007FF6471FF922+3045234]
	(No symbol) [0x00007FF646EA3652]
	(No symbol) [0x00007FF646D67564]
	(No symbol) [0x00007FF646D3DB4F]
	(No symbol) [0x00007FF646DE1087]
	(No symbol) [0x00007FF646DF8871]
	(No symbol) [0x00007FF646DD9B53]
	(No symbol) [0x00007FF646DA813C]
	(No symbol) [0x00007FF646DA8D71]
	GetHandleVerifier [0x00007FF64722E89D+3237613]
	GetHandleVerifier [0x00007FF647270BA7+3508727]
	GetHandleVerifier [0x00007FF64726976F+3478975]
	GetHandleVerifier [0x00007FF646FDF1C6+815126]
	(No symbol) [0x00007FF646EAED0F]
	(No symbol) [0x00007FF646EA9854]
	(No symbol) [0x00007FF646EA99E2]
	(No symbol) [0x00007FF646E9A574]
	BaseThreadInitThunk [0x00007FF92E12257D+29]
	RtlUserThreadStart [0x00007FF93022AA48+40]
Traceback (most recent call last):
  File "C:\Users\USER\Projects\AichiTool\AichiSelenium\src\controllers\filler.py", line 21, in fill
    browser.get(form_info.url)
  File "C:\Users\USER\anaconda3\envs\aichi\lib\site-packages\seleniumbase\core\browser_launcher.py", line 3739, in <lambda>
    driver.get = lambda url: uc_special_open_if_cf(
  File "C:\Users\USER\anaconda3\envs\aichi\lib\site-packages\seleniumbase\core\browser_launcher.py", line 363, in uc_special_open_if_cf
    driver.execute_script('window.open("%s","_blank");' % url)
  File "C:\Users\USER\anaconda3\envs\aichi\lib\site-packages\selenium\webdriver\remote\webdriver.py", line 407, in execute_script
    return self.execute(command, {"script": script, "args": converted_args})["value"]
  File "C:\Users\USER\anaconda3\envs\aichi\lib\site-packages\selenium\webdriver\remote\webdriver.py", line 347, in execute
    self.error_handler.check_response(response)
  File "C:\Users\USER\anaconda3\envs\aichi\lib\site-packages\selenium\webdriver\remote\errorhandler.py", line 229, in check_response
    raise exception_class(message, screen, stacktrace)
selenium.common.exceptions.NoSuchWindowException: Message: no such window: target window already closed
from unknown error: web view not found
  (Session info: chrome=124.0.6367.61)
Stacktrace:
	GetHandleVerifier [0x00007FF6471FF922+3045234]
	(No symbol) [0x00007FF646EA3652]
	(No symbol) [0x00007FF646D67564]
	(No symbol) [0x00007FF646D3DB4F]
	(No symbol) [0x00007FF646DE1087]
	(No symbol) [0x00007FF646DF8871]
	(No symbol) [0x00007FF646DD9B53]
	(No symbol) [0x00007FF646DA813C]
	(No symbol) [0x00007FF646DA8D71]
	GetHandleVerifier [0x00007FF64722E89D+3237613]
	GetHandleVerifier [0x00007FF647270BA7+3508727]
	GetHandleVerifier [0x00007FF64726976F+3478975]
	GetHandleVerifier [0x00007FF646FDF1C6+815126]
	(No symbol) [0x00007FF646EAED0F]
	(No symbol) [0x00007FF646EA9854]
	(No symbol) [0x00007FF646EA99E2]
	(No symbol) [0x00007FF646E9A574]
	BaseThreadInitThunk [0x00007FF92E12257D+29]
	RtlUserThreadStart [0x00007FF93022AA48+40]

[ 2024-04-23 23:04:41,437 ] 82 nihahi50 - ERROR - Failed to access form: Message: no such window: target window already closed
from unknown error: web view not found
  (Session info: chrome=124.0.6367.61)
Stacktrace:
	GetHandleVerifier [0x00007FF6471FF922+3045234]
	(No symbol) [0x00007FF646EA3652]
	(No symbol) [0x00007FF646D67564]
	(No symbol) [0x00007FF646D3DB4F]
	(No symbol) [0x00007FF646DE1087]
	(No symbol) [0x00007FF646DF8871]
	(No symbol) [0x00007FF646DD9B53]
	(No symbol) [0x00007FF646DA813C]
	(No symbol) [0x00007FF646DA8D71]
	GetHandleVerifier [0x00007FF64722E89D+3237613]
	GetHandleVerifier [0x00007FF647270BA7+3508727]
	GetHandleVerifier [0x00007FF64726976F+3478975]
	GetHandleVerifier [0x00007FF646FDF1C6+815126]
	(No symbol) [0x00007FF646EAED0F]
	(No symbol) [0x00007FF646EA9854]
	(No symbol) [0x00007FF646EA99E2]
	(No symbol) [0x00007FF646E9A574]
	BaseThreadInitThunk [0x00007FF92E12257D+29]
	RtlUserThreadStart [0x00007FF93022AA48+40]
Traceback (most recent call last):
  File "C:\Users\USER\Projects\AichiTool\AichiSelenium\src\controllers\filler.py", line 21, in fill
    browser.get(form_info.url)
  File "C:\Users\USER\anaconda3\envs\aichi\lib\site-packages\seleniumbase\core\browser_launcher.py", line 3739, in <lambda>
    driver.get = lambda url: uc_special_open_if_cf(
  File "C:\Users\USER\anaconda3\envs\aichi\lib\site-packages\seleniumbase\core\browser_launcher.py", line 363, in uc_special_open_if_cf
    driver.execute_script('window.open("%s","_blank");' % url)
  File "C:\Users\USER\anaconda3\envs\aichi\lib\site-packages\selenium\webdriver\remote\webdriver.py", line 407, in execute_script
    return self.execute(command, {"script": script, "args": converted_args})["value"]
  File "C:\Users\USER\anaconda3\envs\aichi\lib\site-packages\selenium\webdriver\remote\webdriver.py", line 347, in execute
    self.error_handler.check_response(response)
  File "C:\Users\USER\anaconda3\envs\aichi\lib\site-packages\selenium\webdriver\remote\errorhandler.py", line 229, in check_response
    raise exception_class(message, screen, stacktrace)
selenium.common.exceptions.NoSuchWindowException: Message: no such window: target window already closed
from unknown error: web view not found
  (Session info: chrome=124.0.6367.61)
Stacktrace:
	GetHandleVerifier [0x00007FF6471FF922+3045234]
	(No symbol) [0x00007FF646EA3652]
	(No symbol) [0x00007FF646D67564]
	(No symbol) [0x00007FF646D3DB4F]
	(No symbol) [0x00007FF646DE1087]
	(No symbol) [0x00007FF646DF8871]
	(No symbol) [0x00007FF646DD9B53]
	(No symbol) [0x00007FF646DA813C]
	(No symbol) [0x00007FF646DA8D71]
	GetHandleVerifier [0x00007FF64722E89D+3237613]
	GetHandleVerifier [0x00007FF647270BA7+3508727]
	GetHandleVerifier [0x00007FF64726976F+3478975]
	GetHandleVerifier [0x00007FF646FDF1C6+815126]
	(No symbol) [0x00007FF646EAED0F]
	(No symbol) [0x00007FF646EA9854]
	(No symbol) [0x00007FF646EA99E2]
	(No symbol) [0x00007FF646E9A574]
	BaseThreadInitThunk [0x00007FF92E12257D+29]
	RtlUserThreadStart [0x00007FF93022AA48+40]

[ 2024-04-23 23:04:41,437 ] 82 nihahi50 - ERROR - Failed to access form: Message: no such window: target window already closed
from unknown error: web view not found
  (Session info: chrome=124.0.6367.61)
Stacktrace:
	GetHandleVerifier [0x00007FF6471FF922+3045234]
	(No symbol) [0x00007FF646EA3652]
	(No symbol) [0x00007FF646D67564]
	(No symbol) [0x00007FF646D3DB4F]
	(No symbol) [0x00007FF646DE1087]
	(No symbol) [0x00007FF646DF8871]
	(No symbol) [0x00007FF646DD9B53]
	(No symbol) [0x00007FF646DA813C]
	(No symbol) [0x00007FF646DA8D71]
	GetHandleVerifier [0x00007FF64722E89D+3237613]
	GetHandleVerifier [0x00007FF647270BA7+3508727]
	GetHandleVerifier [0x00007FF64726976F+3478975]
	GetHandleVerifier [0x00007FF646FDF1C6+815126]
	(No symbol) [0x00007FF646EAED0F]
	(No symbol) [0x00007FF646EA9854]
	(No symbol) [0x00007FF646EA99E2]
	(No symbol) [0x00007FF646E9A574]
	BaseThreadInitThunk [0x00007FF92E12257D+29]
	RtlUserThreadStart [0x00007FF93022AA48+40]
Traceback (most recent call last):
  File "C:\Users\USER\Projects\AichiTool\AichiSelenium\src\controllers\filler.py", line 21, in fill
    browser.get(form_info.url)
  File "C:\Users\USER\anaconda3\envs\aichi\lib\site-packages\seleniumbase\core\browser_launcher.py", line 3739, in <lambda>
    driver.get = lambda url: uc_special_open_if_cf(
  File "C:\Users\USER\anaconda3\envs\aichi\lib\site-packages\seleniumbase\core\browser_launcher.py", line 363, in uc_special_open_if_cf
    driver.execute_script('window.open("%s","_blank");' % url)
  File "C:\Users\USER\anaconda3\envs\aichi\lib\site-packages\selenium\webdriver\remote\webdriver.py", line 407, in execute_script
    return self.execute(command, {"script": script, "args": converted_args})["value"]
  File "C:\Users\USER\anaconda3\envs\aichi\lib\site-packages\selenium\webdriver\remote\webdriver.py", line 347, in execute
    self.error_handler.check_response(response)
  File "C:\Users\USER\anaconda3\envs\aichi\lib\site-packages\selenium\webdriver\remote\errorhandler.py", line 229, in check_response
    raise exception_class(message, screen, stacktrace)
selenium.common.exceptions.NoSuchWindowException: Message: no such window: target window already closed
from unknown error: web view not found
  (Session info: chrome=124.0.6367.61)
Stacktrace:
	GetHandleVerifier [0x00007FF6471FF922+3045234]
	(No symbol) [0x00007FF646EA3652]
	(No symbol) [0x00007FF646D67564]
	(No symbol) [0x00007FF646D3DB4F]
	(No symbol) [0x00007FF646DE1087]
	(No symbol) [0x00007FF646DF8871]
	(No symbol) [0x00007FF646DD9B53]
	(No symbol) [0x00007FF646DA813C]
	(No symbol) [0x00007FF646DA8D71]
	GetHandleVerifier [0x00007FF64722E89D+3237613]
	GetHandleVerifier [0x00007FF647270BA7+3508727]
	GetHandleVerifier [0x00007FF64726976F+3478975]
	GetHandleVerifier [0x00007FF646FDF1C6+815126]
	(No symbol) [0x00007FF646EAED0F]
	(No symbol) [0x00007FF646EA9854]
	(No symbol) [0x00007FF646EA99E2]
	(No symbol) [0x00007FF646E9A574]
	BaseThreadInitThunk [0x00007FF92E12257D+29]
	RtlUserThreadStart [0x00007FF93022AA48+40]

[ 2024-04-23 23:04:41,441 ] 94 nihahi50 - INFO - Accessing form, template sequence: 96456
[ 2024-04-23 23:04:41,441 ] 94 nihahi50 - INFO - Accessing form, template sequence: 96456
[ 2024-04-23 23:04:41,441 ] 94 nihahi50 - INFO - Accessing form, template sequence: 96456
[ 2024-04-23 23:04:41,441 ] 94 nihahi50 - INFO - Form URL: https://www.shinsei.e-aichi.jp/pref-aichi-police-u/offer/offerList_detailTop?tempSeq=96456
[ 2024-04-23 23:04:41,441 ] 94 nihahi50 - INFO - Form URL: https://www.shinsei.e-aichi.jp/pref-aichi-police-u/offer/offerList_detailTop?tempSeq=96456
[ 2024-04-23 23:04:41,441 ] 94 nihahi50 - INFO - Form URL: https://www.shinsei.e-aichi.jp/pref-aichi-police-u/offer/offerList_detailTop?tempSeq=96456
[ 2024-04-23 23:05:47,726 ] 82 nihahi50 - ERROR - Failed to access form: Message: invalid session id
Stacktrace:
	GetHandleVerifier [0x00007FF6471FF922+3045234]
	(No symbol) [0x00007FF646EA3652]
	(No symbol) [0x00007FF646D67393]
	(No symbol) [0x00007FF646DA74F7]
	(No symbol) [0x00007FF646DD9C59]
	(No symbol) [0x00007FF646DD3FEC]
	(No symbol) [0x00007FF646DD3997]
	(No symbol) [0x00007FF646D332A5]
	GetHandleVerifier [0x00007FF64722E89D+3237613]
	GetHandleVerifier [0x00007FF647270BA7+3508727]
	GetHandleVerifier [0x00007FF64726976F+3478975]
	GetHandleVerifier [0x00007FF646FDF1C6+815126]
	(No symbol) [0x00007FF646EAED0F]
	(No symbol) [0x00007FF646D322DC]
	GetHandleVerifier [0x00007FF6472C5158+3854248]
	BaseThreadInitThunk [0x00007FF92E12257D+29]
	RtlUserThreadStart [0x00007FF93022AA48+40]
Traceback (most recent call last):
  File "C:\Users\USER\Projects\AichiTool\AichiSelenium\src\controllers\filler.py", line 21, in fill
    browser.get(form_info.url)
  File "C:\Users\USER\anaconda3\envs\aichi\lib\site-packages\seleniumbase\core\browser_launcher.py", line 3739, in <lambda>
    driver.get = lambda url: uc_special_open_if_cf(
  File "C:\Users\USER\anaconda3\envs\aichi\lib\site-packages\seleniumbase\core\browser_launcher.py", line 363, in uc_special_open_if_cf
    driver.execute_script('window.open("%s","_blank");' % url)
  File "C:\Users\USER\anaconda3\envs\aichi\lib\site-packages\selenium\webdriver\remote\webdriver.py", line 407, in execute_script
    return self.execute(command, {"script": script, "args": converted_args})["value"]
  File "C:\Users\USER\anaconda3\envs\aichi\lib\site-packages\selenium\webdriver\remote\webdriver.py", line 347, in execute
    self.error_handler.check_response(response)
  File "C:\Users\USER\anaconda3\envs\aichi\lib\site-packages\selenium\webdriver\remote\errorhandler.py", line 229, in check_response
    raise exception_class(message, screen, stacktrace)
selenium.common.exceptions.InvalidSessionIdException: Message: invalid session id
Stacktrace:
	GetHandleVerifier [0x00007FF6471FF922+3045234]
	(No symbol) [0x00007FF646EA3652]
	(No symbol) [0x00007FF646D67393]
	(No symbol) [0x00007FF646DA74F7]
	(No symbol) [0x00007FF646DD9C59]
	(No symbol) [0x00007FF646DD3FEC]
	(No symbol) [0x00007FF646DD3997]
	(No symbol) [0x00007FF646D332A5]
	GetHandleVerifier [0x00007FF64722E89D+3237613]
	GetHandleVerifier [0x00007FF647270BA7+3508727]
	GetHandleVerifier [0x00007FF64726976F+3478975]
	GetHandleVerifier [0x00007FF646FDF1C6+815126]
	(No symbol) [0x00007FF646EAED0F]
	(No symbol) [0x00007FF646D322DC]
	GetHandleVerifier [0x00007FF6472C5158+3854248]
	BaseThreadInitThunk [0x00007FF92E12257D+29]
	RtlUserThreadStart [0x00007FF93022AA48+40]

[ 2024-04-23 23:05:47,726 ] 82 nihahi50 - ERROR - Failed to access form: Message: invalid session id
Stacktrace:
	GetHandleVerifier [0x00007FF6471FF922+3045234]
	(No symbol) [0x00007FF646EA3652]
	(No symbol) [0x00007FF646D67393]
	(No symbol) [0x00007FF646DA74F7]
	(No symbol) [0x00007FF646DD9C59]
	(No symbol) [0x00007FF646DD3FEC]
	(No symbol) [0x00007FF646DD3997]
	(No symbol) [0x00007FF646D332A5]
	GetHandleVerifier [0x00007FF64722E89D+3237613]
	GetHandleVerifier [0x00007FF647270BA7+3508727]
	GetHandleVerifier [0x00007FF64726976F+3478975]
	GetHandleVerifier [0x00007FF646FDF1C6+815126]
	(No symbol) [0x00007FF646EAED0F]
	(No symbol) [0x00007FF646D322DC]
	GetHandleVerifier [0x00007FF6472C5158+3854248]
	BaseThreadInitThunk [0x00007FF92E12257D+29]
	RtlUserThreadStart [0x00007FF93022AA48+40]
Traceback (most recent call last):
  File "C:\Users\USER\Projects\AichiTool\AichiSelenium\src\controllers\filler.py", line 21, in fill
    browser.get(form_info.url)
  File "C:\Users\USER\anaconda3\envs\aichi\lib\site-packages\seleniumbase\core\browser_launcher.py", line 3739, in <lambda>
    driver.get = lambda url: uc_special_open_if_cf(
  File "C:\Users\USER\anaconda3\envs\aichi\lib\site-packages\seleniumbase\core\browser_launcher.py", line 363, in uc_special_open_if_cf
    driver.execute_script('window.open("%s","_blank");' % url)
  File "C:\Users\USER\anaconda3\envs\aichi\lib\site-packages\selenium\webdriver\remote\webdriver.py", line 407, in execute_script
    return self.execute(command, {"script": script, "args": converted_args})["value"]
  File "C:\Users\USER\anaconda3\envs\aichi\lib\site-packages\selenium\webdriver\remote\webdriver.py", line 347, in execute
    self.error_handler.check_response(response)
  File "C:\Users\USER\anaconda3\envs\aichi\lib\site-packages\selenium\webdriver\remote\errorhandler.py", line 229, in check_response
    raise exception_class(message, screen, stacktrace)
selenium.common.exceptions.InvalidSessionIdException: Message: invalid session id
Stacktrace:
	GetHandleVerifier [0x00007FF6471FF922+3045234]
	(No symbol) [0x00007FF646EA3652]
	(No symbol) [0x00007FF646D67393]
	(No symbol) [0x00007FF646DA74F7]
	(No symbol) [0x00007FF646DD9C59]
	(No symbol) [0x00007FF646DD3FEC]
	(No symbol) [0x00007FF646DD3997]
	(No symbol) [0x00007FF646D332A5]
	GetHandleVerifier [0x00007FF64722E89D+3237613]
	GetHandleVerifier [0x00007FF647270BA7+3508727]
	GetHandleVerifier [0x00007FF64726976F+3478975]
	GetHandleVerifier [0x00007FF646FDF1C6+815126]
	(No symbol) [0x00007FF646EAED0F]
	(No symbol) [0x00007FF646D322DC]
	GetHandleVerifier [0x00007FF6472C5158+3854248]
	BaseThreadInitThunk [0x00007FF92E12257D+29]
	RtlUserThreadStart [0x00007FF93022AA48+40]

[ 2024-04-23 23:05:47,726 ] 82 nihahi50 - ERROR - Failed to access form: Message: invalid session id
Stacktrace:
	GetHandleVerifier [0x00007FF6471FF922+3045234]
	(No symbol) [0x00007FF646EA3652]
	(No symbol) [0x00007FF646D67393]
	(No symbol) [0x00007FF646DA74F7]
	(No symbol) [0x00007FF646DD9C59]
	(No symbol) [0x00007FF646DD3FEC]
	(No symbol) [0x00007FF646DD3997]
	(No symbol) [0x00007FF646D332A5]
	GetHandleVerifier [0x00007FF64722E89D+3237613]
	GetHandleVerifier [0x00007FF647270BA7+3508727]
	GetHandleVerifier [0x00007FF64726976F+3478975]
	GetHandleVerifier [0x00007FF646FDF1C6+815126]
	(No symbol) [0x00007FF646EAED0F]
	(No symbol) [0x00007FF646D322DC]
	GetHandleVerifier [0x00007FF6472C5158+3854248]
	BaseThreadInitThunk [0x00007FF92E12257D+29]
	RtlUserThreadStart [0x00007FF93022AA48+40]
Traceback (most recent call last):
  File "C:\Users\USER\Projects\AichiTool\AichiSelenium\src\controllers\filler.py", line 21, in fill
    browser.get(form_info.url)
  File "C:\Users\USER\anaconda3\envs\aichi\lib\site-packages\seleniumbase\core\browser_launcher.py", line 3739, in <lambda>
    driver.get = lambda url: uc_special_open_if_cf(
  File "C:\Users\USER\anaconda3\envs\aichi\lib\site-packages\seleniumbase\core\browser_launcher.py", line 363, in uc_special_open_if_cf
    driver.execute_script('window.open("%s","_blank");' % url)
  File "C:\Users\USER\anaconda3\envs\aichi\lib\site-packages\selenium\webdriver\remote\webdriver.py", line 407, in execute_script
    return self.execute(command, {"script": script, "args": converted_args})["value"]
  File "C:\Users\USER\anaconda3\envs\aichi\lib\site-packages\selenium\webdriver\remote\webdriver.py", line 347, in execute
    self.error_handler.check_response(response)
  File "C:\Users\USER\anaconda3\envs\aichi\lib\site-packages\selenium\webdriver\remote\errorhandler.py", line 229, in check_response
    raise exception_class(message, screen, stacktrace)
selenium.common.exceptions.InvalidSessionIdException: Message: invalid session id
Stacktrace:
	GetHandleVerifier [0x00007FF6471FF922+3045234]
	(No symbol) [0x00007FF646EA3652]
	(No symbol) [0x00007FF646D67393]
	(No symbol) [0x00007FF646DA74F7]
	(No symbol) [0x00007FF646DD9C59]
	(No symbol) [0x00007FF646DD3FEC]
	(No symbol) [0x00007FF646DD3997]
	(No symbol) [0x00007FF646D332A5]
	GetHandleVerifier [0x00007FF64722E89D+3237613]
	GetHandleVerifier [0x00007FF647270BA7+3508727]
	GetHandleVerifier [0x00007FF64726976F+3478975]
	GetHandleVerifier [0x00007FF646FDF1C6+815126]
	(No symbol) [0x00007FF646EAED0F]
	(No symbol) [0x00007FF646D322DC]
	GetHandleVerifier [0x00007FF6472C5158+3854248]
	BaseThreadInitThunk [0x00007FF92E12257D+29]
	RtlUserThreadStart [0x00007FF93022AA48+40]

[ 2024-04-23 23:05:47,729 ] 94 nihahi50 - INFO - Accessing form, template sequence: 96453
[ 2024-04-23 23:05:47,729 ] 94 nihahi50 - INFO - Accessing form, template sequence: 96453
[ 2024-04-23 23:05:47,729 ] 94 nihahi50 - INFO - Accessing form, template sequence: 96453
[ 2024-04-23 23:05:47,729 ] 94 nihahi50 - INFO - Form URL: https://www.shinsei.e-aichi.jp/pref-aichi-police-u/offer/offerList_detailTop?tempSeq=96453
[ 2024-04-23 23:05:47,729 ] 94 nihahi50 - INFO - Form URL: https://www.shinsei.e-aichi.jp/pref-aichi-police-u/offer/offerList_detailTop?tempSeq=96453
[ 2024-04-23 23:05:47,729 ] 94 nihahi50 - INFO - Form URL: https://www.shinsei.e-aichi.jp/pref-aichi-police-u/offer/offerList_detailTop?tempSeq=96453
[ 2024-04-23 23:06:53,835 ] 82 nihahi50 - ERROR - Failed to access form: Message: invalid session id
Stacktrace:
	GetHandleVerifier [0x00007FF6471FF922+3045234]
	(No symbol) [0x00007FF646EA3652]
	(No symbol) [0x00007FF646D67393]
	(No symbol) [0x00007FF646DA74F7]
	(No symbol) [0x00007FF646DD9C59]
	(No symbol) [0x00007FF646DD3FEC]
	(No symbol) [0x00007FF646DD3997]
	(No symbol) [0x00007FF646D332A5]
	GetHandleVerifier [0x00007FF64722E89D+3237613]
	GetHandleVerifier [0x00007FF647270BA7+3508727]
	GetHandleVerifier [0x00007FF64726976F+3478975]
	GetHandleVerifier [0x00007FF646FDF1C6+815126]
	(No symbol) [0x00007FF646EAED0F]
	(No symbol) [0x00007FF646D322DC]
	GetHandleVerifier [0x00007FF6472C5158+3854248]
	BaseThreadInitThunk [0x00007FF92E12257D+29]
	RtlUserThreadStart [0x00007FF93022AA48+40]
Traceback (most recent call last):
  File "C:\Users\USER\Projects\AichiTool\AichiSelenium\src\controllers\filler.py", line 21, in fill
    browser.get(form_info.url)
  File "C:\Users\USER\anaconda3\envs\aichi\lib\site-packages\seleniumbase\core\browser_launcher.py", line 3739, in <lambda>
    driver.get = lambda url: uc_special_open_if_cf(
  File "C:\Users\USER\anaconda3\envs\aichi\lib\site-packages\seleniumbase\core\browser_launcher.py", line 363, in uc_special_open_if_cf
    driver.execute_script('window.open("%s","_blank");' % url)
  File "C:\Users\USER\anaconda3\envs\aichi\lib\site-packages\selenium\webdriver\remote\webdriver.py", line 407, in execute_script
    return self.execute(command, {"script": script, "args": converted_args})["value"]
  File "C:\Users\USER\anaconda3\envs\aichi\lib\site-packages\selenium\webdriver\remote\webdriver.py", line 347, in execute
    self.error_handler.check_response(response)
  File "C:\Users\USER\anaconda3\envs\aichi\lib\site-packages\selenium\webdriver\remote\errorhandler.py", line 229, in check_response
    raise exception_class(message, screen, stacktrace)
selenium.common.exceptions.InvalidSessionIdException: Message: invalid session id
Stacktrace:
	GetHandleVerifier [0x00007FF6471FF922+3045234]
	(No symbol) [0x00007FF646EA3652]
	(No symbol) [0x00007FF646D67393]
	(No symbol) [0x00007FF646DA74F7]
	(No symbol) [0x00007FF646DD9C59]
	(No symbol) [0x00007FF646DD3FEC]
	(No symbol) [0x00007FF646DD3997]
	(No symbol) [0x00007FF646D332A5]
	GetHandleVerifier [0x00007FF64722E89D+3237613]
	GetHandleVerifier [0x00007FF647270BA7+3508727]
	GetHandleVerifier [0x00007FF64726976F+3478975]
	GetHandleVerifier [0x00007FF646FDF1C6+815126]
	(No symbol) [0x00007FF646EAED0F]
	(No symbol) [0x00007FF646D322DC]
	GetHandleVerifier [0x00007FF6472C5158+3854248]
	BaseThreadInitThunk [0x00007FF92E12257D+29]
	RtlUserThreadStart [0x00007FF93022AA48+40]

[ 2024-04-23 23:06:53,835 ] 82 nihahi50 - ERROR - Failed to access form: Message: invalid session id
Stacktrace:
	GetHandleVerifier [0x00007FF6471FF922+3045234]
	(No symbol) [0x00007FF646EA3652]
	(No symbol) [0x00007FF646D67393]
	(No symbol) [0x00007FF646DA74F7]
	(No symbol) [0x00007FF646DD9C59]
	(No symbol) [0x00007FF646DD3FEC]
	(No symbol) [0x00007FF646DD3997]
	(No symbol) [0x00007FF646D332A5]
	GetHandleVerifier [0x00007FF64722E89D+3237613]
	GetHandleVerifier [0x00007FF647270BA7+3508727]
	GetHandleVerifier [0x00007FF64726976F+3478975]
	GetHandleVerifier [0x00007FF646FDF1C6+815126]
	(No symbol) [0x00007FF646EAED0F]
	(No symbol) [0x00007FF646D322DC]
	GetHandleVerifier [0x00007FF6472C5158+3854248]
	BaseThreadInitThunk [0x00007FF92E12257D+29]
	RtlUserThreadStart [0x00007FF93022AA48+40]
Traceback (most recent call last):
  File "C:\Users\USER\Projects\AichiTool\AichiSelenium\src\controllers\filler.py", line 21, in fill
    browser.get(form_info.url)
  File "C:\Users\USER\anaconda3\envs\aichi\lib\site-packages\seleniumbase\core\browser_launcher.py", line 3739, in <lambda>
    driver.get = lambda url: uc_special_open_if_cf(
  File "C:\Users\USER\anaconda3\envs\aichi\lib\site-packages\seleniumbase\core\browser_launcher.py", line 363, in uc_special_open_if_cf
    driver.execute_script('window.open("%s","_blank");' % url)
  File "C:\Users\USER\anaconda3\envs\aichi\lib\site-packages\selenium\webdriver\remote\webdriver.py", line 407, in execute_script
    return self.execute(command, {"script": script, "args": converted_args})["value"]
  File "C:\Users\USER\anaconda3\envs\aichi\lib\site-packages\selenium\webdriver\remote\webdriver.py", line 347, in execute
    self.error_handler.check_response(response)
  File "C:\Users\USER\anaconda3\envs\aichi\lib\site-packages\selenium\webdriver\remote\errorhandler.py", line 229, in check_response
    raise exception_class(message, screen, stacktrace)
selenium.common.exceptions.InvalidSessionIdException: Message: invalid session id
Stacktrace:
	GetHandleVerifier [0x00007FF6471FF922+3045234]
	(No symbol) [0x00007FF646EA3652]
	(No symbol) [0x00007FF646D67393]
	(No symbol) [0x00007FF646DA74F7]
	(No symbol) [0x00007FF646DD9C59]
	(No symbol) [0x00007FF646DD3FEC]
	(No symbol) [0x00007FF646DD3997]
	(No symbol) [0x00007FF646D332A5]
	GetHandleVerifier [0x00007FF64722E89D+3237613]
	GetHandleVerifier [0x00007FF647270BA7+3508727]
	GetHandleVerifier [0x00007FF64726976F+3478975]
	GetHandleVerifier [0x00007FF646FDF1C6+815126]
	(No symbol) [0x00007FF646EAED0F]
	(No symbol) [0x00007FF646D322DC]
	GetHandleVerifier [0x00007FF6472C5158+3854248]
	BaseThreadInitThunk [0x00007FF92E12257D+29]
	RtlUserThreadStart [0x00007FF93022AA48+40]

[ 2024-04-23 23:06:53,835 ] 82 nihahi50 - ERROR - Failed to access form: Message: invalid session id
Stacktrace:
	GetHandleVerifier [0x00007FF6471FF922+3045234]
	(No symbol) [0x00007FF646EA3652]
	(No symbol) [0x00007FF646D67393]
	(No symbol) [0x00007FF646DA74F7]
	(No symbol) [0x00007FF646DD9C59]
	(No symbol) [0x00007FF646DD3FEC]
	(No symbol) [0x00007FF646DD3997]
	(No symbol) [0x00007FF646D332A5]
	GetHandleVerifier [0x00007FF64722E89D+3237613]
	GetHandleVerifier [0x00007FF647270BA7+3508727]
	GetHandleVerifier [0x00007FF64726976F+3478975]
	GetHandleVerifier [0x00007FF646FDF1C6+815126]
	(No symbol) [0x00007FF646EAED0F]
	(No symbol) [0x00007FF646D322DC]
	GetHandleVerifier [0x00007FF6472C5158+3854248]
	BaseThreadInitThunk [0x00007FF92E12257D+29]
	RtlUserThreadStart [0x00007FF93022AA48+40]
Traceback (most recent call last):
  File "C:\Users\USER\Projects\AichiTool\AichiSelenium\src\controllers\filler.py", line 21, in fill
    browser.get(form_info.url)
  File "C:\Users\USER\anaconda3\envs\aichi\lib\site-packages\seleniumbase\core\browser_launcher.py", line 3739, in <lambda>
    driver.get = lambda url: uc_special_open_if_cf(
  File "C:\Users\USER\anaconda3\envs\aichi\lib\site-packages\seleniumbase\core\browser_launcher.py", line 363, in uc_special_open_if_cf
    driver.execute_script('window.open("%s","_blank");' % url)
  File "C:\Users\USER\anaconda3\envs\aichi\lib\site-packages\selenium\webdriver\remote\webdriver.py", line 407, in execute_script
    return self.execute(command, {"script": script, "args": converted_args})["value"]
  File "C:\Users\USER\anaconda3\envs\aichi\lib\site-packages\selenium\webdriver\remote\webdriver.py", line 347, in execute
    self.error_handler.check_response(response)
  File "C:\Users\USER\anaconda3\envs\aichi\lib\site-packages\selenium\webdriver\remote\errorhandler.py", line 229, in check_response
    raise exception_class(message, screen, stacktrace)
selenium.common.exceptions.InvalidSessionIdException: Message: invalid session id
Stacktrace:
	GetHandleVerifier [0x00007FF6471FF922+3045234]
	(No symbol) [0x00007FF646EA3652]
	(No symbol) [0x00007FF646D67393]
	(No symbol) [0x00007FF646DA74F7]
	(No symbol) [0x00007FF646DD9C59]
	(No symbol) [0x00007FF646DD3FEC]
	(No symbol) [0x00007FF646DD3997]
	(No symbol) [0x00007FF646D332A5]
	GetHandleVerifier [0x00007FF64722E89D+3237613]
	GetHandleVerifier [0x00007FF647270BA7+3508727]
	GetHandleVerifier [0x00007FF64726976F+3478975]
	GetHandleVerifier [0x00007FF646FDF1C6+815126]
	(No symbol) [0x00007FF646EAED0F]
	(No symbol) [0x00007FF646D322DC]
	GetHandleVerifier [0x00007FF6472C5158+3854248]
	BaseThreadInitThunk [0x00007FF92E12257D+29]
	RtlUserThreadStart [0x00007FF93022AA48+40]

[ 2024-04-23 23:06:53,840 ] 94 nihahi50 - INFO - Accessing form, template sequence: 96455
[ 2024-04-23 23:06:53,840 ] 94 nihahi50 - INFO - Accessing form, template sequence: 96455
[ 2024-04-23 23:06:53,840 ] 94 nihahi50 - INFO - Accessing form, template sequence: 96455
[ 2024-04-23 23:06:53,840 ] 94 nihahi50 - INFO - Form URL: https://www.shinsei.e-aichi.jp/pref-aichi-police-u/offer/offerList_detailTop?tempSeq=96455
[ 2024-04-23 23:06:53,840 ] 94 nihahi50 - INFO - Form URL: https://www.shinsei.e-aichi.jp/pref-aichi-police-u/offer/offerList_detailTop?tempSeq=96455
[ 2024-04-23 23:06:53,840 ] 94 nihahi50 - INFO - Form URL: https://www.shinsei.e-aichi.jp/pref-aichi-police-u/offer/offerList_detailTop?tempSeq=96455
[ 2024-04-23 23:08:00,093 ] 82 nihahi50 - ERROR - Failed to access form: Message: invalid session id
Stacktrace:
	GetHandleVerifier [0x00007FF6471FF922+3045234]
	(No symbol) [0x00007FF646EA3652]
	(No symbol) [0x00007FF646D67393]
	(No symbol) [0x00007FF646DA74F7]
	(No symbol) [0x00007FF646DD9C59]
	(No symbol) [0x00007FF646DD3FEC]
	(No symbol) [0x00007FF646DD3997]
	(No symbol) [0x00007FF646D332A5]
	GetHandleVerifier [0x00007FF64722E89D+3237613]
	GetHandleVerifier [0x00007FF647270BA7+3508727]
	GetHandleVerifier [0x00007FF64726976F+3478975]
	GetHandleVerifier [0x00007FF646FDF1C6+815126]
	(No symbol) [0x00007FF646EAED0F]
	(No symbol) [0x00007FF646D322DC]
	GetHandleVerifier [0x00007FF6472C5158+3854248]
	BaseThreadInitThunk [0x00007FF92E12257D+29]
	RtlUserThreadStart [0x00007FF93022AA48+40]
Traceback (most recent call last):
  File "C:\Users\USER\Projects\AichiTool\AichiSelenium\src\controllers\filler.py", line 21, in fill
    browser.get(form_info.url)
  File "C:\Users\USER\anaconda3\envs\aichi\lib\site-packages\seleniumbase\core\browser_launcher.py", line 3739, in <lambda>
    driver.get = lambda url: uc_special_open_if_cf(
  File "C:\Users\USER\anaconda3\envs\aichi\lib\site-packages\seleniumbase\core\browser_launcher.py", line 363, in uc_special_open_if_cf
    driver.execute_script('window.open("%s","_blank");' % url)
  File "C:\Users\USER\anaconda3\envs\aichi\lib\site-packages\selenium\webdriver\remote\webdriver.py", line 407, in execute_script
    return self.execute(command, {"script": script, "args": converted_args})["value"]
  File "C:\Users\USER\anaconda3\envs\aichi\lib\site-packages\selenium\webdriver\remote\webdriver.py", line 347, in execute
    self.error_handler.check_response(response)
  File "C:\Users\USER\anaconda3\envs\aichi\lib\site-packages\selenium\webdriver\remote\errorhandler.py", line 229, in check_response
    raise exception_class(message, screen, stacktrace)
selenium.common.exceptions.InvalidSessionIdException: Message: invalid session id
Stacktrace:
	GetHandleVerifier [0x00007FF6471FF922+3045234]
	(No symbol) [0x00007FF646EA3652]
	(No symbol) [0x00007FF646D67393]
	(No symbol) [0x00007FF646DA74F7]
	(No symbol) [0x00007FF646DD9C59]
	(No symbol) [0x00007FF646DD3FEC]
	(No symbol) [0x00007FF646DD3997]
	(No symbol) [0x00007FF646D332A5]
	GetHandleVerifier [0x00007FF64722E89D+3237613]
	GetHandleVerifier [0x00007FF647270BA7+3508727]
	GetHandleVerifier [0x00007FF64726976F+3478975]
	GetHandleVerifier [0x00007FF646FDF1C6+815126]
	(No symbol) [0x00007FF646EAED0F]
	(No symbol) [0x00007FF646D322DC]
	GetHandleVerifier [0x00007FF6472C5158+3854248]
	BaseThreadInitThunk [0x00007FF92E12257D+29]
	RtlUserThreadStart [0x00007FF93022AA48+40]

[ 2024-04-23 23:08:00,093 ] 82 nihahi50 - ERROR - Failed to access form: Message: invalid session id
Stacktrace:
	GetHandleVerifier [0x00007FF6471FF922+3045234]
	(No symbol) [0x00007FF646EA3652]
	(No symbol) [0x00007FF646D67393]
	(No symbol) [0x00007FF646DA74F7]
	(No symbol) [0x00007FF646DD9C59]
	(No symbol) [0x00007FF646DD3FEC]
	(No symbol) [0x00007FF646DD3997]
	(No symbol) [0x00007FF646D332A5]
	GetHandleVerifier [0x00007FF64722E89D+3237613]
	GetHandleVerifier [0x00007FF647270BA7+3508727]
	GetHandleVerifier [0x00007FF64726976F+3478975]
	GetHandleVerifier [0x00007FF646FDF1C6+815126]
	(No symbol) [0x00007FF646EAED0F]
	(No symbol) [0x00007FF646D322DC]
	GetHandleVerifier [0x00007FF6472C5158+3854248]
	BaseThreadInitThunk [0x00007FF92E12257D+29]
	RtlUserThreadStart [0x00007FF93022AA48+40]
Traceback (most recent call last):
  File "C:\Users\USER\Projects\AichiTool\AichiSelenium\src\controllers\filler.py", line 21, in fill
    browser.get(form_info.url)
  File "C:\Users\USER\anaconda3\envs\aichi\lib\site-packages\seleniumbase\core\browser_launcher.py", line 3739, in <lambda>
    driver.get = lambda url: uc_special_open_if_cf(
  File "C:\Users\USER\anaconda3\envs\aichi\lib\site-packages\seleniumbase\core\browser_launcher.py", line 363, in uc_special_open_if_cf
    driver.execute_script('window.open("%s","_blank");' % url)
  File "C:\Users\USER\anaconda3\envs\aichi\lib\site-packages\selenium\webdriver\remote\webdriver.py", line 407, in execute_script
    return self.execute(command, {"script": script, "args": converted_args})["value"]
  File "C:\Users\USER\anaconda3\envs\aichi\lib\site-packages\selenium\webdriver\remote\webdriver.py", line 347, in execute
    self.error_handler.check_response(response)
  File "C:\Users\USER\anaconda3\envs\aichi\lib\site-packages\selenium\webdriver\remote\errorhandler.py", line 229, in check_response
    raise exception_class(message, screen, stacktrace)
selenium.common.exceptions.InvalidSessionIdException: Message: invalid session id
Stacktrace:
	GetHandleVerifier [0x00007FF6471FF922+3045234]
	(No symbol) [0x00007FF646EA3652]
	(No symbol) [0x00007FF646D67393]
	(No symbol) [0x00007FF646DA74F7]
	(No symbol) [0x00007FF646DD9C59]
	(No symbol) [0x00007FF646DD3FEC]
	(No symbol) [0x00007FF646DD3997]
	(No symbol) [0x00007FF646D332A5]
	GetHandleVerifier [0x00007FF64722E89D+3237613]
	GetHandleVerifier [0x00007FF647270BA7+3508727]
	GetHandleVerifier [0x00007FF64726976F+3478975]
	GetHandleVerifier [0x00007FF646FDF1C6+815126]
	(No symbol) [0x00007FF646EAED0F]
	(No symbol) [0x00007FF646D322DC]
	GetHandleVerifier [0x00007FF6472C5158+3854248]
	BaseThreadInitThunk [0x00007FF92E12257D+29]
	RtlUserThreadStart [0x00007FF93022AA48+40]

[ 2024-04-23 23:08:00,093 ] 82 nihahi50 - ERROR - Failed to access form: Message: invalid session id
Stacktrace:
	GetHandleVerifier [0x00007FF6471FF922+3045234]
	(No symbol) [0x00007FF646EA3652]
	(No symbol) [0x00007FF646D67393]
	(No symbol) [0x00007FF646DA74F7]
	(No symbol) [0x00007FF646DD9C59]
	(No symbol) [0x00007FF646DD3FEC]
	(No symbol) [0x00007FF646DD3997]
	(No symbol) [0x00007FF646D332A5]
	GetHandleVerifier [0x00007FF64722E89D+3237613]
	GetHandleVerifier [0x00007FF647270BA7+3508727]
	GetHandleVerifier [0x00007FF64726976F+3478975]
	GetHandleVerifier [0x00007FF646FDF1C6+815126]
	(No symbol) [0x00007FF646EAED0F]
	(No symbol) [0x00007FF646D322DC]
	GetHandleVerifier [0x00007FF6472C5158+3854248]
	BaseThreadInitThunk [0x00007FF92E12257D+29]
	RtlUserThreadStart [0x00007FF93022AA48+40]
Traceback (most recent call last):
  File "C:\Users\USER\Projects\AichiTool\AichiSelenium\src\controllers\filler.py", line 21, in fill
    browser.get(form_info.url)
  File "C:\Users\USER\anaconda3\envs\aichi\lib\site-packages\seleniumbase\core\browser_launcher.py", line 3739, in <lambda>
    driver.get = lambda url: uc_special_open_if_cf(
  File "C:\Users\USER\anaconda3\envs\aichi\lib\site-packages\seleniumbase\core\browser_launcher.py", line 363, in uc_special_open_if_cf
    driver.execute_script('window.open("%s","_blank");' % url)
  File "C:\Users\USER\anaconda3\envs\aichi\lib\site-packages\selenium\webdriver\remote\webdriver.py", line 407, in execute_script
    return self.execute(command, {"script": script, "args": converted_args})["value"]
  File "C:\Users\USER\anaconda3\envs\aichi\lib\site-packages\selenium\webdriver\remote\webdriver.py", line 347, in execute
    self.error_handler.check_response(response)
  File "C:\Users\USER\anaconda3\envs\aichi\lib\site-packages\selenium\webdriver\remote\errorhandler.py", line 229, in check_response
    raise exception_class(message, screen, stacktrace)
selenium.common.exceptions.InvalidSessionIdException: Message: invalid session id
Stacktrace:
	GetHandleVerifier [0x00007FF6471FF922+3045234]
	(No symbol) [0x00007FF646EA3652]
	(No symbol) [0x00007FF646D67393]
	(No symbol) [0x00007FF646DA74F7]
	(No symbol) [0x00007FF646DD9C59]
	(No symbol) [0x00007FF646DD3FEC]
	(No symbol) [0x00007FF646DD3997]
	(No symbol) [0x00007FF646D332A5]
	GetHandleVerifier [0x00007FF64722E89D+3237613]
	GetHandleVerifier [0x00007FF647270BA7+3508727]
	GetHandleVerifier [0x00007FF64726976F+3478975]
	GetHandleVerifier [0x00007FF646FDF1C6+815126]
	(No symbol) [0x00007FF646EAED0F]
	(No symbol) [0x00007FF646D322DC]
	GetHandleVerifier [0x00007FF6472C5158+3854248]
	BaseThreadInitThunk [0x00007FF92E12257D+29]
	RtlUserThreadStart [0x00007FF93022AA48+40]

[ 2024-04-23 23:08:00,095 ] 94 nihahi50 - INFO - Accessing form, template sequence: 96454
[ 2024-04-23 23:08:00,095 ] 94 nihahi50 - INFO - Accessing form, template sequence: 96454
[ 2024-04-23 23:08:00,095 ] 94 nihahi50 - INFO - Accessing form, template sequence: 96454
[ 2024-04-23 23:08:00,096 ] 94 nihahi50 - INFO - Form URL: https://www.shinsei.e-aichi.jp/pref-aichi-police-u/offer/offerList_detailTop?tempSeq=96454
[ 2024-04-23 23:08:00,096 ] 94 nihahi50 - INFO - Form URL: https://www.shinsei.e-aichi.jp/pref-aichi-police-u/offer/offerList_detailTop?tempSeq=96454
[ 2024-04-23 23:08:00,096 ] 94 nihahi50 - INFO - Form URL: https://www.shinsei.e-aichi.jp/pref-aichi-police-u/offer/offerList_detailTop?tempSeq=96454
