[ 2024-04-16 04:58:48,226 ] 94 tenkhongbiet293 - INFO - Opened login page
[ 2024-04-16 04:58:48,226 ] 94 tenkhongbiet293 - INFO - Opened login page
[ 2024-04-16 04:58:48,226 ] 94 tenkhongbiet293 - INFO - Opened login page
[ 2024-04-16 04:58:50,622 ] 94 tenkhongbiet293 - INFO - Logging in
[ 2024-04-16 04:58:50,622 ] 94 tenkhongbiet293 - INFO - Logging in
[ 2024-04-16 04:58:50,622 ] 94 tenkhongbiet293 - INFO - Logging in
[ 2024-04-16 04:58:50,634 ] 94 tenkhongbiet293 - INFO - Current url: https://www.shinsei.e-aichi.jp/pref-aichi-police-u/profile/userLogin_login
[ 2024-04-16 04:58:50,634 ] 94 tenkhongbiet293 - INFO - Current url: https://www.shinsei.e-aichi.jp/pref-aichi-police-u/profile/userLogin_login
[ 2024-04-16 04:58:50,634 ] 94 tenkhongbiet293 - INFO - Current url: https://www.shinsei.e-aichi.jp/pref-aichi-police-u/profile/userLogin_login
[ 2024-04-16 04:58:52,223 ] 94 tenkhongbiet293 - INFO - Logging in
[ 2024-04-16 04:58:52,223 ] 94 tenkhongbiet293 - INFO - Logging in
[ 2024-04-16 04:58:52,223 ] 94 tenkhongbiet293 - INFO - Logging in
[ 2024-04-16 04:58:52,226 ] 94 tenkhongbiet293 - INFO - Current url: https://www.shinsei.e-aichi.jp/pref-aichi-police-u/profile/userLogin_login
[ 2024-04-16 04:58:52,226 ] 94 tenkhongbiet293 - INFO - Current url: https://www.shinsei.e-aichi.jp/pref-aichi-police-u/profile/userLogin_login
[ 2024-04-16 04:58:52,226 ] 94 tenkhongbiet293 - INFO - Current url: https://www.shinsei.e-aichi.jp/pref-aichi-police-u/profile/userLogin_login
[ 2024-04-16 04:58:53,674 ] 94 tenkhongbiet293 - INFO - Logging in
[ 2024-04-16 04:58:53,674 ] 94 tenkhongbiet293 - INFO - Logging in
[ 2024-04-16 04:58:53,674 ] 94 tenkhongbiet293 - INFO - Logging in
[ 2024-04-16 04:58:53,678 ] 94 tenkhongbiet293 - INFO - Current url: https://www.shinsei.e-aichi.jp/pref-aichi-police-u/profile/userLogin_login
[ 2024-04-16 04:58:53,678 ] 94 tenkhongbiet293 - INFO - Current url: https://www.shinsei.e-aichi.jp/pref-aichi-police-u/profile/userLogin_login
[ 2024-04-16 04:58:53,678 ] 94 tenkhongbiet293 - INFO - Current url: https://www.shinsei.e-aichi.jp/pref-aichi-police-u/profile/userLogin_login
[ 2024-04-16 04:58:55,158 ] 94 tenkhongbiet293 - INFO - Logging in
[ 2024-04-16 04:58:55,158 ] 94 tenkhongbiet293 - INFO - Logging in
[ 2024-04-16 04:58:55,158 ] 94 tenkhongbiet293 - INFO - Logging in
[ 2024-04-16 04:58:55,163 ] 94 tenkhongbiet293 - INFO - Current url: https://www.shinsei.e-aichi.jp/pref-aichi-police-u/profile/userLogin_login
[ 2024-04-16 04:58:55,163 ] 94 tenkhongbiet293 - INFO - Current url: https://www.shinsei.e-aichi.jp/pref-aichi-police-u/profile/userLogin_login
[ 2024-04-16 04:58:55,163 ] 94 tenkhongbiet293 - INFO - Current url: https://www.shinsei.e-aichi.jp/pref-aichi-police-u/profile/userLogin_login
[ 2024-04-16 04:58:56,306 ] 94 tenkhongbiet293 - INFO - Logging in
[ 2024-04-16 04:58:56,306 ] 94 tenkhongbiet293 - INFO - Logging in
[ 2024-04-16 04:58:56,306 ] 94 tenkhongbiet293 - INFO - Logging in
[ 2024-04-16 04:58:56,309 ] 94 tenkhongbiet293 - INFO - Current url: https://www.shinsei.e-aichi.jp/pref-aichi-police-u/profile/userLogin_login
[ 2024-04-16 04:58:56,309 ] 94 tenkhongbiet293 - INFO - Current url: https://www.shinsei.e-aichi.jp/pref-aichi-police-u/profile/userLogin_login
[ 2024-04-16 04:58:56,309 ] 94 tenkhongbiet293 - INFO - Current url: https://www.shinsei.e-aichi.jp/pref-aichi-police-u/profile/userLogin_login
[ 2024-04-16 04:58:57,750 ] 94 tenkhongbiet293 - INFO - Logging in
[ 2024-04-16 04:58:57,750 ] 94 tenkhongbiet293 - INFO - Logging in
[ 2024-04-16 04:58:57,750 ] 94 tenkhongbiet293 - INFO - Logging in
[ 2024-04-16 04:58:57,753 ] 94 tenkhongbiet293 - INFO - Current url: https://www.shinsei.e-aichi.jp/pref-aichi-police-u/profile/userLogin_login
[ 2024-04-16 04:58:57,753 ] 94 tenkhongbiet293 - INFO - Current url: https://www.shinsei.e-aichi.jp/pref-aichi-police-u/profile/userLogin_login
[ 2024-04-16 04:58:57,753 ] 94 tenkhongbiet293 - INFO - Current url: https://www.shinsei.e-aichi.jp/pref-aichi-police-u/profile/userLogin_login
[ 2024-04-16 04:58:59,079 ] 94 tenkhongbiet293 - INFO - Logging in
[ 2024-04-16 04:58:59,079 ] 94 tenkhongbiet293 - INFO - Logging in
[ 2024-04-16 04:58:59,079 ] 94 tenkhongbiet293 - INFO - Logging in
[ 2024-04-16 04:58:59,084 ] 94 tenkhongbiet293 - INFO - Current url: https://www.shinsei.e-aichi.jp/pref-aichi-police-u/profile/userLogin_login
[ 2024-04-16 04:58:59,084 ] 94 tenkhongbiet293 - INFO - Current url: https://www.shinsei.e-aichi.jp/pref-aichi-police-u/profile/userLogin_login
[ 2024-04-16 04:58:59,084 ] 94 tenkhongbiet293 - INFO - Current url: https://www.shinsei.e-aichi.jp/pref-aichi-police-u/profile/userLogin_login
[ 2024-04-16 04:59:00,306 ] 94 tenkhongbiet293 - INFO - Logging in
[ 2024-04-16 04:59:00,306 ] 94 tenkhongbiet293 - INFO - Logging in
[ 2024-04-16 04:59:00,306 ] 94 tenkhongbiet293 - INFO - Logging in
[ 2024-04-16 04:59:00,310 ] 94 tenkhongbiet293 - INFO - Current url: https://www.shinsei.e-aichi.jp/pref-aichi-police-u/profile/userLogin_login
[ 2024-04-16 04:59:00,310 ] 94 tenkhongbiet293 - INFO - Current url: https://www.shinsei.e-aichi.jp/pref-aichi-police-u/profile/userLogin_login
[ 2024-04-16 04:59:00,310 ] 94 tenkhongbiet293 - INFO - Current url: https://www.shinsei.e-aichi.jp/pref-aichi-police-u/profile/userLogin_login
[ 2024-04-16 04:59:01,757 ] 94 tenkhongbiet293 - INFO - Logging in
[ 2024-04-16 04:59:01,757 ] 94 tenkhongbiet293 - INFO - Logging in
[ 2024-04-16 04:59:01,757 ] 94 tenkhongbiet293 - INFO - Logging in
[ 2024-04-16 04:59:01,760 ] 94 tenkhongbiet293 - INFO - Current url: https://www.shinsei.e-aichi.jp/pref-aichi-police-u/profile/userLogin_login
[ 2024-04-16 04:59:01,760 ] 94 tenkhongbiet293 - INFO - Current url: https://www.shinsei.e-aichi.jp/pref-aichi-police-u/profile/userLogin_login
[ 2024-04-16 04:59:01,760 ] 94 tenkhongbiet293 - INFO - Current url: https://www.shinsei.e-aichi.jp/pref-aichi-police-u/profile/userLogin_login
[ 2024-04-16 04:59:02,954 ] 94 tenkhongbiet293 - INFO - Logging in
[ 2024-04-16 04:59:02,954 ] 94 tenkhongbiet293 - INFO - Logging in
[ 2024-04-16 04:59:02,954 ] 94 tenkhongbiet293 - INFO - Logging in
[ 2024-04-16 04:59:02,958 ] 94 tenkhongbiet293 - INFO - Current url: https://www.shinsei.e-aichi.jp/pref-aichi-police-u/profile/userLogin_login
[ 2024-04-16 04:59:02,958 ] 94 tenkhongbiet293 - INFO - Current url: https://www.shinsei.e-aichi.jp/pref-aichi-police-u/profile/userLogin_login
[ 2024-04-16 04:59:02,958 ] 94 tenkhongbiet293 - INFO - Current url: https://www.shinsei.e-aichi.jp/pref-aichi-police-u/profile/userLogin_login
[ 2024-04-16 04:59:04,406 ] 94 tenkhongbiet293 - INFO - Logging in
[ 2024-04-16 04:59:04,406 ] 94 tenkhongbiet293 - INFO - Logging in
[ 2024-04-16 04:59:04,406 ] 94 tenkhongbiet293 - INFO - Logging in
[ 2024-04-16 04:59:04,420 ] 94 tenkhongbiet293 - INFO - Current url: https://www.shinsei.e-aichi.jp/pref-aichi-police-u/profile/userLogin_login
[ 2024-04-16 04:59:04,420 ] 94 tenkhongbiet293 - INFO - Current url: https://www.shinsei.e-aichi.jp/pref-aichi-police-u/profile/userLogin_login
[ 2024-04-16 04:59:04,420 ] 94 tenkhongbiet293 - INFO - Current url: https://www.shinsei.e-aichi.jp/pref-aichi-police-u/profile/userLogin_login
[ 2024-04-16 04:59:05,607 ] 94 tenkhongbiet293 - INFO - Logging in
[ 2024-04-16 04:59:05,607 ] 94 tenkhongbiet293 - INFO - Logging in
[ 2024-04-16 04:59:05,607 ] 94 tenkhongbiet293 - INFO - Logging in
[ 2024-04-16 04:59:05,612 ] 94 tenkhongbiet293 - INFO - Current url: https://www.shinsei.e-aichi.jp/pref-aichi-police-u/profile/userLogin_login
[ 2024-04-16 04:59:05,612 ] 94 tenkhongbiet293 - INFO - Current url: https://www.shinsei.e-aichi.jp/pref-aichi-police-u/profile/userLogin_login
[ 2024-04-16 04:59:05,612 ] 94 tenkhongbiet293 - INFO - Current url: https://www.shinsei.e-aichi.jp/pref-aichi-police-u/profile/userLogin_login
[ 2024-04-16 04:59:06,782 ] 94 tenkhongbiet293 - INFO - Logging in
[ 2024-04-16 04:59:06,782 ] 94 tenkhongbiet293 - INFO - Logging in
[ 2024-04-16 04:59:06,782 ] 94 tenkhongbiet293 - INFO - Logging in
[ 2024-04-16 04:59:06,787 ] 94 tenkhongbiet293 - INFO - Current url: https://www.shinsei.e-aichi.jp/pref-aichi-police-u/profile/userLogin_login
[ 2024-04-16 04:59:06,787 ] 94 tenkhongbiet293 - INFO - Current url: https://www.shinsei.e-aichi.jp/pref-aichi-police-u/profile/userLogin_login
[ 2024-04-16 04:59:06,787 ] 94 tenkhongbiet293 - INFO - Current url: https://www.shinsei.e-aichi.jp/pref-aichi-police-u/profile/userLogin_login
[ 2024-04-16 04:59:08,233 ] 94 tenkhongbiet293 - INFO - Logging in
[ 2024-04-16 04:59:08,233 ] 94 tenkhongbiet293 - INFO - Logging in
[ 2024-04-16 04:59:08,233 ] 94 tenkhongbiet293 - INFO - Logging in
[ 2024-04-16 04:59:08,238 ] 94 tenkhongbiet293 - INFO - Current url: https://www.shinsei.e-aichi.jp/pref-aichi-police-u/profile/userLogin_login
[ 2024-04-16 04:59:08,238 ] 94 tenkhongbiet293 - INFO - Current url: https://www.shinsei.e-aichi.jp/pref-aichi-police-u/profile/userLogin_login
[ 2024-04-16 04:59:08,238 ] 94 tenkhongbiet293 - INFO - Current url: https://www.shinsei.e-aichi.jp/pref-aichi-police-u/profile/userLogin_login
[ 2024-04-16 04:59:09,550 ] 94 tenkhongbiet293 - INFO - Logging in
[ 2024-04-16 04:59:09,550 ] 94 tenkhongbiet293 - INFO - Logging in
[ 2024-04-16 04:59:09,550 ] 94 tenkhongbiet293 - INFO - Logging in
[ 2024-04-16 04:59:09,557 ] 94 tenkhongbiet293 - INFO - Current url: https://www.shinsei.e-aichi.jp/pref-aichi-police-u/profile/userLogin_login
[ 2024-04-16 04:59:09,557 ] 94 tenkhongbiet293 - INFO - Current url: https://www.shinsei.e-aichi.jp/pref-aichi-police-u/profile/userLogin_login
[ 2024-04-16 04:59:09,557 ] 94 tenkhongbiet293 - INFO - Current url: https://www.shinsei.e-aichi.jp/pref-aichi-police-u/profile/userLogin_login
[ 2024-04-16 04:59:10,795 ] 94 tenkhongbiet293 - INFO - Logging in
[ 2024-04-16 04:59:10,795 ] 94 tenkhongbiet293 - INFO - Logging in
[ 2024-04-16 04:59:10,795 ] 94 tenkhongbiet293 - INFO - Logging in
[ 2024-04-16 04:59:10,804 ] 94 tenkhongbiet293 - INFO - Current url: https://www.shinsei.e-aichi.jp/pref-aichi-police-u/profile/userLogin_login
[ 2024-04-16 04:59:10,804 ] 94 tenkhongbiet293 - INFO - Current url: https://www.shinsei.e-aichi.jp/pref-aichi-police-u/profile/userLogin_login
[ 2024-04-16 04:59:10,804 ] 94 tenkhongbiet293 - INFO - Current url: https://www.shinsei.e-aichi.jp/pref-aichi-police-u/profile/userLogin_login
[ 2024-04-16 04:59:12,019 ] 94 tenkhongbiet293 - INFO - Logging in
[ 2024-04-16 04:59:12,019 ] 94 tenkhongbiet293 - INFO - Logging in
[ 2024-04-16 04:59:12,019 ] 94 tenkhongbiet293 - INFO - Logging in
[ 2024-04-16 04:59:12,023 ] 94 tenkhongbiet293 - INFO - Current url: https://www.shinsei.e-aichi.jp/pref-aichi-police-u/profile/userLogin_login
[ 2024-04-16 04:59:12,023 ] 94 tenkhongbiet293 - INFO - Current url: https://www.shinsei.e-aichi.jp/pref-aichi-police-u/profile/userLogin_login
[ 2024-04-16 04:59:12,023 ] 94 tenkhongbiet293 - INFO - Current url: https://www.shinsei.e-aichi.jp/pref-aichi-police-u/profile/userLogin_login
[ 2024-04-16 04:59:13,134 ] 94 tenkhongbiet293 - INFO - Logging in
[ 2024-04-16 04:59:13,134 ] 94 tenkhongbiet293 - INFO - Logging in
[ 2024-04-16 04:59:13,134 ] 94 tenkhongbiet293 - INFO - Logging in
[ 2024-04-16 04:59:13,139 ] 94 tenkhongbiet293 - INFO - Current url: https://www.shinsei.e-aichi.jp/pref-aichi-police-u/profile/userLogin_login
[ 2024-04-16 04:59:13,139 ] 94 tenkhongbiet293 - INFO - Current url: https://www.shinsei.e-aichi.jp/pref-aichi-police-u/profile/userLogin_login
[ 2024-04-16 04:59:13,139 ] 94 tenkhongbiet293 - INFO - Current url: https://www.shinsei.e-aichi.jp/pref-aichi-police-u/profile/userLogin_login
[ 2024-04-16 04:59:14,657 ] 94 tenkhongbiet293 - INFO - Logging in
[ 2024-04-16 04:59:14,657 ] 94 tenkhongbiet293 - INFO - Logging in
[ 2024-04-16 04:59:14,657 ] 94 tenkhongbiet293 - INFO - Logging in
[ 2024-04-16 04:59:14,661 ] 94 tenkhongbiet293 - INFO - Current url: https://www.shinsei.e-aichi.jp/pref-aichi-police-u/profile/userLogin_login
[ 2024-04-16 04:59:14,661 ] 94 tenkhongbiet293 - INFO - Current url: https://www.shinsei.e-aichi.jp/pref-aichi-police-u/profile/userLogin_login
[ 2024-04-16 04:59:14,661 ] 94 tenkhongbiet293 - INFO - Current url: https://www.shinsei.e-aichi.jp/pref-aichi-police-u/profile/userLogin_login
[ 2024-04-16 04:59:16,170 ] 94 tenkhongbiet293 - INFO - Logging in
[ 2024-04-16 04:59:16,170 ] 94 tenkhongbiet293 - INFO - Logging in
[ 2024-04-16 04:59:16,170 ] 94 tenkhongbiet293 - INFO - Logging in
[ 2024-04-16 04:59:16,174 ] 94 tenkhongbiet293 - INFO - Current url: https://www.shinsei.e-aichi.jp/pref-aichi-police-u/profile/userLogin_login
[ 2024-04-16 04:59:16,174 ] 94 tenkhongbiet293 - INFO - Current url: https://www.shinsei.e-aichi.jp/pref-aichi-police-u/profile/userLogin_login
[ 2024-04-16 04:59:16,174 ] 94 tenkhongbiet293 - INFO - Current url: https://www.shinsei.e-aichi.jp/pref-aichi-police-u/profile/userLogin_login
[ 2024-04-16 04:59:16,489 ] 94 tenkhongbiet293 - ERROR - Failed to login after 20 refreshing
[ 2024-04-16 04:59:16,489 ] 94 tenkhongbiet293 - ERROR - Failed to login after 20 refreshing
[ 2024-04-16 04:59:16,489 ] 94 tenkhongbiet293 - ERROR - Failed to login after 20 refreshing
[ 2024-04-16 04:59:23,028 ] 94 tenkhongbiet293 - INFO - Opened login page
[ 2024-04-16 04:59:23,028 ] 94 tenkhongbiet293 - INFO - Opened login page
[ 2024-04-16 04:59:23,028 ] 94 tenkhongbiet293 - INFO - Opened login page
[ 2024-04-16 04:59:25,032 ] 94 tenkhongbiet293 - INFO - Logging in
[ 2024-04-16 04:59:25,032 ] 94 tenkhongbiet293 - INFO - Logging in
[ 2024-04-16 04:59:25,032 ] 94 tenkhongbiet293 - INFO - Logging in
[ 2024-04-16 04:59:25,038 ] 94 tenkhongbiet293 - INFO - Current url: https://www.shinsei.e-aichi.jp/pref-aichi-police-u/profile/userLogin_login
[ 2024-04-16 04:59:25,038 ] 94 tenkhongbiet293 - INFO - Current url: https://www.shinsei.e-aichi.jp/pref-aichi-police-u/profile/userLogin_login
[ 2024-04-16 04:59:25,038 ] 94 tenkhongbiet293 - INFO - Current url: https://www.shinsei.e-aichi.jp/pref-aichi-police-u/profile/userLogin_login
[ 2024-04-16 04:59:26,375 ] 94 tenkhongbiet293 - INFO - Logging in
[ 2024-04-16 04:59:26,375 ] 94 tenkhongbiet293 - INFO - Logging in
[ 2024-04-16 04:59:26,375 ] 94 tenkhongbiet293 - INFO - Logging in
[ 2024-04-16 04:59:26,380 ] 94 tenkhongbiet293 - INFO - Current url: https://www.shinsei.e-aichi.jp/pref-aichi-police-u/profile/userLogin_login
[ 2024-04-16 04:59:26,380 ] 94 tenkhongbiet293 - INFO - Current url: https://www.shinsei.e-aichi.jp/pref-aichi-police-u/profile/userLogin_login
[ 2024-04-16 04:59:26,380 ] 94 tenkhongbiet293 - INFO - Current url: https://www.shinsei.e-aichi.jp/pref-aichi-police-u/profile/userLogin_login
[ 2024-04-16 04:59:27,262 ] 94 tenkhongbiet293 - INFO - Logging in
[ 2024-04-16 04:59:27,262 ] 94 tenkhongbiet293 - INFO - Logging in
[ 2024-04-16 04:59:27,262 ] 94 tenkhongbiet293 - INFO - Logging in
[ 2024-04-16 04:59:27,268 ] 94 tenkhongbiet293 - INFO - Current url: https://www.shinsei.e-aichi.jp/pref-aichi-police-u/profile/userLogin_login
[ 2024-04-16 04:59:27,268 ] 94 tenkhongbiet293 - INFO - Current url: https://www.shinsei.e-aichi.jp/pref-aichi-police-u/profile/userLogin_login
[ 2024-04-16 04:59:27,268 ] 94 tenkhongbiet293 - INFO - Current url: https://www.shinsei.e-aichi.jp/pref-aichi-police-u/profile/userLogin_login
[ 2024-04-16 04:59:28,741 ] 94 tenkhongbiet293 - INFO - Logging in
[ 2024-04-16 04:59:28,741 ] 94 tenkhongbiet293 - INFO - Logging in
[ 2024-04-16 04:59:28,741 ] 94 tenkhongbiet293 - INFO - Logging in
[ 2024-04-16 04:59:28,746 ] 94 tenkhongbiet293 - INFO - Current url: https://www.shinsei.e-aichi.jp/pref-aichi-police-u/profile/userLogin_login
[ 2024-04-16 04:59:28,746 ] 94 tenkhongbiet293 - INFO - Current url: https://www.shinsei.e-aichi.jp/pref-aichi-police-u/profile/userLogin_login
[ 2024-04-16 04:59:28,746 ] 94 tenkhongbiet293 - INFO - Current url: https://www.shinsei.e-aichi.jp/pref-aichi-police-u/profile/userLogin_login
[ 2024-04-16 04:59:29,917 ] 94 tenkhongbiet293 - INFO - Logging in
[ 2024-04-16 04:59:29,917 ] 94 tenkhongbiet293 - INFO - Logging in
[ 2024-04-16 04:59:29,917 ] 94 tenkhongbiet293 - INFO - Logging in
[ 2024-04-16 04:59:29,922 ] 94 tenkhongbiet293 - INFO - Current url: https://www.shinsei.e-aichi.jp/pref-aichi-police-u/profile/userLogin_login
[ 2024-04-16 04:59:29,922 ] 94 tenkhongbiet293 - INFO - Current url: https://www.shinsei.e-aichi.jp/pref-aichi-police-u/profile/userLogin_login
[ 2024-04-16 04:59:29,922 ] 94 tenkhongbiet293 - INFO - Current url: https://www.shinsei.e-aichi.jp/pref-aichi-police-u/profile/userLogin_login
[ 2024-04-16 04:59:31,021 ] 94 tenkhongbiet293 - INFO - Logging in
[ 2024-04-16 04:59:31,021 ] 94 tenkhongbiet293 - INFO - Logging in
[ 2024-04-16 04:59:31,021 ] 94 tenkhongbiet293 - INFO - Logging in
[ 2024-04-16 04:59:31,026 ] 94 tenkhongbiet293 - INFO - Current url: https://www.shinsei.e-aichi.jp/pref-aichi-police-u/profile/userLogin_login
[ 2024-04-16 04:59:31,026 ] 94 tenkhongbiet293 - INFO - Current url: https://www.shinsei.e-aichi.jp/pref-aichi-police-u/profile/userLogin_login
[ 2024-04-16 04:59:31,026 ] 94 tenkhongbiet293 - INFO - Current url: https://www.shinsei.e-aichi.jp/pref-aichi-police-u/profile/userLogin_login
[ 2024-04-16 04:59:31,868 ] 94 tenkhongbiet293 - INFO - Logging in
[ 2024-04-16 04:59:31,868 ] 94 tenkhongbiet293 - INFO - Logging in
[ 2024-04-16 04:59:31,868 ] 94 tenkhongbiet293 - INFO - Logging in
[ 2024-04-16 04:59:31,873 ] 94 tenkhongbiet293 - INFO - Current url: https://www.shinsei.e-aichi.jp/pref-aichi-police-u/profile/userLogin_login
[ 2024-04-16 04:59:31,873 ] 94 tenkhongbiet293 - INFO - Current url: https://www.shinsei.e-aichi.jp/pref-aichi-police-u/profile/userLogin_login
[ 2024-04-16 04:59:31,873 ] 94 tenkhongbiet293 - INFO - Current url: https://www.shinsei.e-aichi.jp/pref-aichi-police-u/profile/userLogin_login
[ 2024-04-16 04:59:33,043 ] 94 tenkhongbiet293 - INFO - Logging in
[ 2024-04-16 04:59:33,043 ] 94 tenkhongbiet293 - INFO - Logging in
[ 2024-04-16 04:59:33,043 ] 94 tenkhongbiet293 - INFO - Logging in
[ 2024-04-16 04:59:33,048 ] 94 tenkhongbiet293 - INFO - Current url: https://www.shinsei.e-aichi.jp/pref-aichi-police-u/profile/userLogin_login
[ 2024-04-16 04:59:33,048 ] 94 tenkhongbiet293 - INFO - Current url: https://www.shinsei.e-aichi.jp/pref-aichi-police-u/profile/userLogin_login
[ 2024-04-16 04:59:33,048 ] 94 tenkhongbiet293 - INFO - Current url: https://www.shinsei.e-aichi.jp/pref-aichi-police-u/profile/userLogin_login
[ 2024-04-16 04:59:33,913 ] 94 tenkhongbiet293 - INFO - Logging in
[ 2024-04-16 04:59:33,913 ] 94 tenkhongbiet293 - INFO - Logging in
[ 2024-04-16 04:59:33,913 ] 94 tenkhongbiet293 - INFO - Logging in
[ 2024-04-16 04:59:33,918 ] 94 tenkhongbiet293 - INFO - Current url: https://www.shinsei.e-aichi.jp/pref-aichi-police-u/profile/userLogin_login
[ 2024-04-16 04:59:33,918 ] 94 tenkhongbiet293 - INFO - Current url: https://www.shinsei.e-aichi.jp/pref-aichi-police-u/profile/userLogin_login
[ 2024-04-16 04:59:33,918 ] 94 tenkhongbiet293 - INFO - Current url: https://www.shinsei.e-aichi.jp/pref-aichi-police-u/profile/userLogin_login
[ 2024-04-16 04:59:34,996 ] 94 tenkhongbiet293 - INFO - Logging in
[ 2024-04-16 04:59:34,996 ] 94 tenkhongbiet293 - INFO - Logging in
[ 2024-04-16 04:59:34,996 ] 94 tenkhongbiet293 - INFO - Logging in
[ 2024-04-16 04:59:35,004 ] 94 tenkhongbiet293 - INFO - Current url: https://www.shinsei.e-aichi.jp/pref-aichi-police-u/profile/userLogin_login
[ 2024-04-16 04:59:35,004 ] 94 tenkhongbiet293 - INFO - Current url: https://www.shinsei.e-aichi.jp/pref-aichi-police-u/profile/userLogin_login
[ 2024-04-16 04:59:35,004 ] 94 tenkhongbiet293 - INFO - Current url: https://www.shinsei.e-aichi.jp/pref-aichi-police-u/profile/userLogin_login
[ 2024-04-16 04:59:35,851 ] 94 tenkhongbiet293 - INFO - Logging in
[ 2024-04-16 04:59:35,851 ] 94 tenkhongbiet293 - INFO - Logging in
[ 2024-04-16 04:59:35,851 ] 94 tenkhongbiet293 - INFO - Logging in
[ 2024-04-16 04:59:35,856 ] 94 tenkhongbiet293 - INFO - Current url: https://www.shinsei.e-aichi.jp/pref-aichi-police-u/profile/userLogin_login
[ 2024-04-16 04:59:35,856 ] 94 tenkhongbiet293 - INFO - Current url: https://www.shinsei.e-aichi.jp/pref-aichi-police-u/profile/userLogin_login
[ 2024-04-16 04:59:35,856 ] 94 tenkhongbiet293 - INFO - Current url: https://www.shinsei.e-aichi.jp/pref-aichi-police-u/profile/userLogin_login
[ 2024-04-16 04:59:36,740 ] 94 tenkhongbiet293 - INFO - Logging in
[ 2024-04-16 04:59:36,740 ] 94 tenkhongbiet293 - INFO - Logging in
[ 2024-04-16 04:59:36,740 ] 94 tenkhongbiet293 - INFO - Logging in
[ 2024-04-16 04:59:36,744 ] 94 tenkhongbiet293 - INFO - Current url: https://www.shinsei.e-aichi.jp/pref-aichi-police-u/profile/userLogin_login
[ 2024-04-16 04:59:36,744 ] 94 tenkhongbiet293 - INFO - Current url: https://www.shinsei.e-aichi.jp/pref-aichi-police-u/profile/userLogin_login
[ 2024-04-16 04:59:36,744 ] 94 tenkhongbiet293 - INFO - Current url: https://www.shinsei.e-aichi.jp/pref-aichi-police-u/profile/userLogin_login
[ 2024-04-16 04:59:37,609 ] 94 tenkhongbiet293 - INFO - Logging in
[ 2024-04-16 04:59:37,609 ] 94 tenkhongbiet293 - INFO - Logging in
[ 2024-04-16 04:59:37,609 ] 94 tenkhongbiet293 - INFO - Logging in
[ 2024-04-16 04:59:37,615 ] 94 tenkhongbiet293 - INFO - Current url: https://www.shinsei.e-aichi.jp/pref-aichi-police-u/profile/userLogin_login
[ 2024-04-16 04:59:37,615 ] 94 tenkhongbiet293 - INFO - Current url: https://www.shinsei.e-aichi.jp/pref-aichi-police-u/profile/userLogin_login
[ 2024-04-16 04:59:37,615 ] 94 tenkhongbiet293 - INFO - Current url: https://www.shinsei.e-aichi.jp/pref-aichi-police-u/profile/userLogin_login
[ 2024-04-16 04:59:38,787 ] 94 tenkhongbiet293 - INFO - Logging in
[ 2024-04-16 04:59:38,787 ] 94 tenkhongbiet293 - INFO - Logging in
[ 2024-04-16 04:59:38,787 ] 94 tenkhongbiet293 - INFO - Logging in
[ 2024-04-16 04:59:38,791 ] 94 tenkhongbiet293 - INFO - Current url: https://www.shinsei.e-aichi.jp/pref-aichi-police-u/profile/userLogin_login
[ 2024-04-16 04:59:38,791 ] 94 tenkhongbiet293 - INFO - Current url: https://www.shinsei.e-aichi.jp/pref-aichi-police-u/profile/userLogin_login
[ 2024-04-16 04:59:38,791 ] 94 tenkhongbiet293 - INFO - Current url: https://www.shinsei.e-aichi.jp/pref-aichi-police-u/profile/userLogin_login
[ 2024-04-16 04:59:39,949 ] 94 tenkhongbiet293 - INFO - Logging in
[ 2024-04-16 04:59:39,949 ] 94 tenkhongbiet293 - INFO - Logging in
[ 2024-04-16 04:59:39,949 ] 94 tenkhongbiet293 - INFO - Logging in
[ 2024-04-16 04:59:39,953 ] 94 tenkhongbiet293 - INFO - Current url: https://www.shinsei.e-aichi.jp/pref-aichi-police-u/profile/userLogin_login
[ 2024-04-16 04:59:39,953 ] 94 tenkhongbiet293 - INFO - Current url: https://www.shinsei.e-aichi.jp/pref-aichi-police-u/profile/userLogin_login
[ 2024-04-16 04:59:39,953 ] 94 tenkhongbiet293 - INFO - Current url: https://www.shinsei.e-aichi.jp/pref-aichi-police-u/profile/userLogin_login
[ 2024-04-16 04:59:41,129 ] 94 tenkhongbiet293 - INFO - Logging in
[ 2024-04-16 04:59:41,129 ] 94 tenkhongbiet293 - INFO - Logging in
[ 2024-04-16 04:59:41,129 ] 94 tenkhongbiet293 - INFO - Logging in
[ 2024-04-16 04:59:41,135 ] 94 tenkhongbiet293 - INFO - Current url: https://www.shinsei.e-aichi.jp/pref-aichi-police-u/profile/userLogin_login
[ 2024-04-16 04:59:41,135 ] 94 tenkhongbiet293 - INFO - Current url: https://www.shinsei.e-aichi.jp/pref-aichi-police-u/profile/userLogin_login
[ 2024-04-16 04:59:41,135 ] 94 tenkhongbiet293 - INFO - Current url: https://www.shinsei.e-aichi.jp/pref-aichi-police-u/profile/userLogin_login
[ 2024-04-16 04:59:42,053 ] 94 tenkhongbiet293 - INFO - Logging in
[ 2024-04-16 04:59:42,053 ] 94 tenkhongbiet293 - INFO - Logging in
[ 2024-04-16 04:59:42,053 ] 94 tenkhongbiet293 - INFO - Logging in
[ 2024-04-16 04:59:42,059 ] 94 tenkhongbiet293 - INFO - Current url: https://www.shinsei.e-aichi.jp/pref-aichi-police-u/profile/userLogin_login
[ 2024-04-16 04:59:42,059 ] 94 tenkhongbiet293 - INFO - Current url: https://www.shinsei.e-aichi.jp/pref-aichi-police-u/profile/userLogin_login
[ 2024-04-16 04:59:42,059 ] 94 tenkhongbiet293 - INFO - Current url: https://www.shinsei.e-aichi.jp/pref-aichi-police-u/profile/userLogin_login
[ 2024-04-16 04:59:42,961 ] 94 tenkhongbiet293 - INFO - Logging in
[ 2024-04-16 04:59:42,961 ] 94 tenkhongbiet293 - INFO - Logging in
[ 2024-04-16 04:59:42,961 ] 94 tenkhongbiet293 - INFO - Logging in
[ 2024-04-16 04:59:42,966 ] 94 tenkhongbiet293 - INFO - Current url: https://www.shinsei.e-aichi.jp/pref-aichi-police-u/profile/userLogin_login
[ 2024-04-16 04:59:42,966 ] 94 tenkhongbiet293 - INFO - Current url: https://www.shinsei.e-aichi.jp/pref-aichi-police-u/profile/userLogin_login
[ 2024-04-16 04:59:42,966 ] 94 tenkhongbiet293 - INFO - Current url: https://www.shinsei.e-aichi.jp/pref-aichi-police-u/profile/userLogin_login
[ 2024-04-16 04:59:43,815 ] 94 tenkhongbiet293 - INFO - Logging in
[ 2024-04-16 04:59:43,815 ] 94 tenkhongbiet293 - INFO - Logging in
[ 2024-04-16 04:59:43,815 ] 94 tenkhongbiet293 - INFO - Logging in
[ 2024-04-16 04:59:43,820 ] 94 tenkhongbiet293 - INFO - Current url: https://www.shinsei.e-aichi.jp/pref-aichi-police-u/profile/userLogin_login
[ 2024-04-16 04:59:43,820 ] 94 tenkhongbiet293 - INFO - Current url: https://www.shinsei.e-aichi.jp/pref-aichi-police-u/profile/userLogin_login
[ 2024-04-16 04:59:43,820 ] 94 tenkhongbiet293 - INFO - Current url: https://www.shinsei.e-aichi.jp/pref-aichi-police-u/profile/userLogin_login
[ 2024-04-16 04:59:45,003 ] 94 tenkhongbiet293 - INFO - Logging in
[ 2024-04-16 04:59:45,003 ] 94 tenkhongbiet293 - INFO - Logging in
[ 2024-04-16 04:59:45,003 ] 94 tenkhongbiet293 - INFO - Logging in
[ 2024-04-16 04:59:45,008 ] 94 tenkhongbiet293 - INFO - Current url: https://www.shinsei.e-aichi.jp/pref-aichi-police-u/profile/userLogin_login
[ 2024-04-16 04:59:45,008 ] 94 tenkhongbiet293 - INFO - Current url: https://www.shinsei.e-aichi.jp/pref-aichi-police-u/profile/userLogin_login
[ 2024-04-16 04:59:45,008 ] 94 tenkhongbiet293 - INFO - Current url: https://www.shinsei.e-aichi.jp/pref-aichi-police-u/profile/userLogin_login
[ 2024-04-16 04:59:45,321 ] 94 tenkhongbiet293 - ERROR - Failed to login after 20 refreshing
[ 2024-04-16 04:59:45,321 ] 94 tenkhongbiet293 - ERROR - Failed to login after 20 refreshing
[ 2024-04-16 04:59:45,321 ] 94 tenkhongbiet293 - ERROR - Failed to login after 20 refreshing
[ 2024-04-16 04:59:51,799 ] 94 tenkhongbiet293 - INFO - Opened login page
[ 2024-04-16 04:59:51,799 ] 94 tenkhongbiet293 - INFO - Opened login page
[ 2024-04-16 04:59:51,799 ] 94 tenkhongbiet293 - INFO - Opened login page
[ 2024-04-16 04:59:53,977 ] 94 tenkhongbiet293 - INFO - Logging in
[ 2024-04-16 04:59:53,977 ] 94 tenkhongbiet293 - INFO - Logging in
[ 2024-04-16 04:59:53,977 ] 94 tenkhongbiet293 - INFO - Logging in
[ 2024-04-16 04:59:53,981 ] 94 tenkhongbiet293 - INFO - Current url: https://www.shinsei.e-aichi.jp/pref-aichi-police-u/profile/userLogin_login
[ 2024-04-16 04:59:53,981 ] 94 tenkhongbiet293 - INFO - Current url: https://www.shinsei.e-aichi.jp/pref-aichi-police-u/profile/userLogin_login
[ 2024-04-16 04:59:53,981 ] 94 tenkhongbiet293 - INFO - Current url: https://www.shinsei.e-aichi.jp/pref-aichi-police-u/profile/userLogin_login
[ 2024-04-16 04:59:54,864 ] 94 tenkhongbiet293 - INFO - Logging in
[ 2024-04-16 04:59:54,864 ] 94 tenkhongbiet293 - INFO - Logging in
[ 2024-04-16 04:59:54,864 ] 94 tenkhongbiet293 - INFO - Logging in
[ 2024-04-16 04:59:54,879 ] 94 tenkhongbiet293 - INFO - Current url: https://www.shinsei.e-aichi.jp/pref-aichi-police-u/profile/userLogin_login
[ 2024-04-16 04:59:54,879 ] 94 tenkhongbiet293 - INFO - Current url: https://www.shinsei.e-aichi.jp/pref-aichi-police-u/profile/userLogin_login
[ 2024-04-16 04:59:54,879 ] 94 tenkhongbiet293 - INFO - Current url: https://www.shinsei.e-aichi.jp/pref-aichi-police-u/profile/userLogin_login
[ 2024-04-16 04:59:55,773 ] 94 tenkhongbiet293 - INFO - Logging in
[ 2024-04-16 04:59:55,773 ] 94 tenkhongbiet293 - INFO - Logging in
[ 2024-04-16 04:59:55,773 ] 94 tenkhongbiet293 - INFO - Logging in
[ 2024-04-16 04:59:55,779 ] 94 tenkhongbiet293 - INFO - Current url: https://www.shinsei.e-aichi.jp/pref-aichi-police-u/profile/userLogin_login
[ 2024-04-16 04:59:55,779 ] 94 tenkhongbiet293 - INFO - Current url: https://www.shinsei.e-aichi.jp/pref-aichi-police-u/profile/userLogin_login
[ 2024-04-16 04:59:55,779 ] 94 tenkhongbiet293 - INFO - Current url: https://www.shinsei.e-aichi.jp/pref-aichi-police-u/profile/userLogin_login
[ 2024-04-16 04:59:56,638 ] 94 tenkhongbiet293 - INFO - Logging in
[ 2024-04-16 04:59:56,638 ] 94 tenkhongbiet293 - INFO - Logging in
[ 2024-04-16 04:59:56,638 ] 94 tenkhongbiet293 - INFO - Logging in
[ 2024-04-16 04:59:56,644 ] 94 tenkhongbiet293 - INFO - Current url: https://www.shinsei.e-aichi.jp/pref-aichi-police-u/profile/userLogin_login
[ 2024-04-16 04:59:56,644 ] 94 tenkhongbiet293 - INFO - Current url: https://www.shinsei.e-aichi.jp/pref-aichi-police-u/profile/userLogin_login
[ 2024-04-16 04:59:56,644 ] 94 tenkhongbiet293 - INFO - Current url: https://www.shinsei.e-aichi.jp/pref-aichi-police-u/profile/userLogin_login
[ 2024-04-16 04:59:57,771 ] 94 tenkhongbiet293 - INFO - Logging in
[ 2024-04-16 04:59:57,771 ] 94 tenkhongbiet293 - INFO - Logging in
[ 2024-04-16 04:59:57,771 ] 94 tenkhongbiet293 - INFO - Logging in
[ 2024-04-16 04:59:57,776 ] 94 tenkhongbiet293 - INFO - Current url: https://www.shinsei.e-aichi.jp/pref-aichi-police-u/profile/userLogin_login
[ 2024-04-16 04:59:57,776 ] 94 tenkhongbiet293 - INFO - Current url: https://www.shinsei.e-aichi.jp/pref-aichi-police-u/profile/userLogin_login
[ 2024-04-16 04:59:57,776 ] 94 tenkhongbiet293 - INFO - Current url: https://www.shinsei.e-aichi.jp/pref-aichi-police-u/profile/userLogin_login
[ 2024-04-16 04:59:58,669 ] 94 tenkhongbiet293 - INFO - Logging in
[ 2024-04-16 04:59:58,669 ] 94 tenkhongbiet293 - INFO - Logging in
[ 2024-04-16 04:59:58,669 ] 94 tenkhongbiet293 - INFO - Logging in
[ 2024-04-16 04:59:58,674 ] 94 tenkhongbiet293 - INFO - Current url: https://www.shinsei.e-aichi.jp/pref-aichi-police-u/profile/userLogin_login
[ 2024-04-16 04:59:58,674 ] 94 tenkhongbiet293 - INFO - Current url: https://www.shinsei.e-aichi.jp/pref-aichi-police-u/profile/userLogin_login
[ 2024-04-16 04:59:58,674 ] 94 tenkhongbiet293 - INFO - Current url: https://www.shinsei.e-aichi.jp/pref-aichi-police-u/profile/userLogin_login
[ 2024-04-16 04:59:59,862 ] 94 tenkhongbiet293 - INFO - Logging in
[ 2024-04-16 04:59:59,862 ] 94 tenkhongbiet293 - INFO - Logging in
[ 2024-04-16 04:59:59,862 ] 94 tenkhongbiet293 - INFO - Logging in
[ 2024-04-16 04:59:59,868 ] 94 tenkhongbiet293 - INFO - Current url: https://www.shinsei.e-aichi.jp/pref-aichi-police-u/profile/userLogin_login
[ 2024-04-16 04:59:59,868 ] 94 tenkhongbiet293 - INFO - Current url: https://www.shinsei.e-aichi.jp/pref-aichi-police-u/profile/userLogin_login
[ 2024-04-16 04:59:59,868 ] 94 tenkhongbiet293 - INFO - Current url: https://www.shinsei.e-aichi.jp/pref-aichi-police-u/profile/userLogin_login
[ 2024-04-16 05:00:00,948 ] 94 tenkhongbiet293 - INFO - Logging in
[ 2024-04-16 05:00:00,948 ] 94 tenkhongbiet293 - INFO - Logging in
[ 2024-04-16 05:00:00,948 ] 94 tenkhongbiet293 - INFO - Logging in
[ 2024-04-16 05:00:00,952 ] 94 tenkhongbiet293 - INFO - Current url: https://www.shinsei.e-aichi.jp/pref-aichi-police-u/profile/userLogin_login
[ 2024-04-16 05:00:00,952 ] 94 tenkhongbiet293 - INFO - Current url: https://www.shinsei.e-aichi.jp/pref-aichi-police-u/profile/userLogin_login
[ 2024-04-16 05:00:00,952 ] 94 tenkhongbiet293 - INFO - Current url: https://www.shinsei.e-aichi.jp/pref-aichi-police-u/profile/userLogin_login
[ 2024-04-16 05:00:01,886 ] 94 tenkhongbiet293 - INFO - Logging in
[ 2024-04-16 05:00:01,886 ] 94 tenkhongbiet293 - INFO - Logging in
[ 2024-04-16 05:00:01,886 ] 94 tenkhongbiet293 - INFO - Logging in
[ 2024-04-16 05:00:01,890 ] 94 tenkhongbiet293 - INFO - Current url: https://www.shinsei.e-aichi.jp/pref-aichi-police-u/profile/userLogin_login
[ 2024-04-16 05:00:01,890 ] 94 tenkhongbiet293 - INFO - Current url: https://www.shinsei.e-aichi.jp/pref-aichi-police-u/profile/userLogin_login
[ 2024-04-16 05:00:01,890 ] 94 tenkhongbiet293 - INFO - Current url: https://www.shinsei.e-aichi.jp/pref-aichi-police-u/profile/userLogin_login
[ 2024-04-16 05:00:03,137 ] 94 tenkhongbiet293 - INFO - Logging in
[ 2024-04-16 05:00:03,137 ] 94 tenkhongbiet293 - INFO - Logging in
[ 2024-04-16 05:00:03,137 ] 94 tenkhongbiet293 - INFO - Logging in
[ 2024-04-16 05:00:03,143 ] 94 tenkhongbiet293 - INFO - Current url: https://www.shinsei.e-aichi.jp/pref-aichi-police-u/profile/userLogin_login
[ 2024-04-16 05:00:03,143 ] 94 tenkhongbiet293 - INFO - Current url: https://www.shinsei.e-aichi.jp/pref-aichi-police-u/profile/userLogin_login
[ 2024-04-16 05:00:03,143 ] 94 tenkhongbiet293 - INFO - Current url: https://www.shinsei.e-aichi.jp/pref-aichi-police-u/profile/userLogin_login
[ 2024-04-16 05:00:04,001 ] 94 tenkhongbiet293 - INFO - Logging in
[ 2024-04-16 05:00:04,001 ] 94 tenkhongbiet293 - INFO - Logging in
[ 2024-04-16 05:00:04,001 ] 94 tenkhongbiet293 - INFO - Logging in
[ 2024-04-16 05:00:04,008 ] 94 tenkhongbiet293 - INFO - Current url: https://www.shinsei.e-aichi.jp/pref-aichi-police-u/profile/userLogin_login
[ 2024-04-16 05:00:04,008 ] 94 tenkhongbiet293 - INFO - Current url: https://www.shinsei.e-aichi.jp/pref-aichi-police-u/profile/userLogin_login
[ 2024-04-16 05:00:04,008 ] 94 tenkhongbiet293 - INFO - Current url: https://www.shinsei.e-aichi.jp/pref-aichi-police-u/profile/userLogin_login
[ 2024-04-16 05:00:04,834 ] 94 tenkhongbiet293 - INFO - Logging in
[ 2024-04-16 05:00:04,834 ] 94 tenkhongbiet293 - INFO - Logging in
[ 2024-04-16 05:00:04,834 ] 94 tenkhongbiet293 - INFO - Logging in
[ 2024-04-16 05:00:04,840 ] 94 tenkhongbiet293 - INFO - Current url: https://www.shinsei.e-aichi.jp/pref-aichi-police-u/profile/userLogin_login
[ 2024-04-16 05:00:04,840 ] 94 tenkhongbiet293 - INFO - Current url: https://www.shinsei.e-aichi.jp/pref-aichi-police-u/profile/userLogin_login
[ 2024-04-16 05:00:04,840 ] 94 tenkhongbiet293 - INFO - Current url: https://www.shinsei.e-aichi.jp/pref-aichi-police-u/profile/userLogin_login
[ 2024-04-16 05:00:05,676 ] 94 tenkhongbiet293 - INFO - Logging in
[ 2024-04-16 05:00:05,676 ] 94 tenkhongbiet293 - INFO - Logging in
[ 2024-04-16 05:00:05,676 ] 94 tenkhongbiet293 - INFO - Logging in
[ 2024-04-16 05:00:05,681 ] 94 tenkhongbiet293 - INFO - Current url: https://www.shinsei.e-aichi.jp/pref-aichi-police-u/profile/userLogin_login
[ 2024-04-16 05:00:05,681 ] 94 tenkhongbiet293 - INFO - Current url: https://www.shinsei.e-aichi.jp/pref-aichi-police-u/profile/userLogin_login
[ 2024-04-16 05:00:05,681 ] 94 tenkhongbiet293 - INFO - Current url: https://www.shinsei.e-aichi.jp/pref-aichi-police-u/profile/userLogin_login
[ 2024-04-16 05:00:06,537 ] 94 tenkhongbiet293 - INFO - Logging in
[ 2024-04-16 05:00:06,537 ] 94 tenkhongbiet293 - INFO - Logging in
[ 2024-04-16 05:00:06,537 ] 94 tenkhongbiet293 - INFO - Logging in
[ 2024-04-16 05:00:06,541 ] 94 tenkhongbiet293 - INFO - Current url: https://www.shinsei.e-aichi.jp/pref-aichi-police-u/profile/userLogin_login
[ 2024-04-16 05:00:06,541 ] 94 tenkhongbiet293 - INFO - Current url: https://www.shinsei.e-aichi.jp/pref-aichi-police-u/profile/userLogin_login
[ 2024-04-16 05:00:06,541 ] 94 tenkhongbiet293 - INFO - Current url: https://www.shinsei.e-aichi.jp/pref-aichi-police-u/profile/userLogin_login
[ 2024-04-16 05:00:07,408 ] 94 tenkhongbiet293 - INFO - Logging in
[ 2024-04-16 05:00:07,408 ] 94 tenkhongbiet293 - INFO - Logging in
[ 2024-04-16 05:00:07,408 ] 94 tenkhongbiet293 - INFO - Logging in
[ 2024-04-16 05:00:07,413 ] 94 tenkhongbiet293 - INFO - Current url: https://www.shinsei.e-aichi.jp/pref-aichi-police-u/profile/userLogin_login
[ 2024-04-16 05:00:07,413 ] 94 tenkhongbiet293 - INFO - Current url: https://www.shinsei.e-aichi.jp/pref-aichi-police-u/profile/userLogin_login
[ 2024-04-16 05:00:07,413 ] 94 tenkhongbiet293 - INFO - Current url: https://www.shinsei.e-aichi.jp/pref-aichi-police-u/profile/userLogin_login
[ 2024-04-16 05:00:08,442 ] 94 tenkhongbiet293 - INFO - Logging in
[ 2024-04-16 05:00:08,442 ] 94 tenkhongbiet293 - INFO - Logging in
[ 2024-04-16 05:00:08,442 ] 94 tenkhongbiet293 - INFO - Logging in
[ 2024-04-16 05:00:08,447 ] 94 tenkhongbiet293 - INFO - Current url: https://www.shinsei.e-aichi.jp/pref-aichi-police-u/profile/userLogin_login
[ 2024-04-16 05:00:08,447 ] 94 tenkhongbiet293 - INFO - Current url: https://www.shinsei.e-aichi.jp/pref-aichi-police-u/profile/userLogin_login
[ 2024-04-16 05:00:08,447 ] 94 tenkhongbiet293 - INFO - Current url: https://www.shinsei.e-aichi.jp/pref-aichi-police-u/profile/userLogin_login
[ 2024-04-16 05:00:09,360 ] 94 tenkhongbiet293 - INFO - Logging in
[ 2024-04-16 05:00:09,360 ] 94 tenkhongbiet293 - INFO - Logging in
[ 2024-04-16 05:00:09,360 ] 94 tenkhongbiet293 - INFO - Logging in
[ 2024-04-16 05:00:09,364 ] 94 tenkhongbiet293 - INFO - Current url: https://www.shinsei.e-aichi.jp/pref-aichi-police-u/profile/userLogin_login
[ 2024-04-16 05:00:09,364 ] 94 tenkhongbiet293 - INFO - Current url: https://www.shinsei.e-aichi.jp/pref-aichi-police-u/profile/userLogin_login
[ 2024-04-16 05:00:09,364 ] 94 tenkhongbiet293 - INFO - Current url: https://www.shinsei.e-aichi.jp/pref-aichi-police-u/profile/userLogin_login
[ 2024-04-16 05:00:09,834 ] 94 tenkhongbiet293 - INFO - Logging in
[ 2024-04-16 05:00:09,834 ] 94 tenkhongbiet293 - INFO - Logging in
[ 2024-04-16 05:00:09,834 ] 94 tenkhongbiet293 - INFO - Logging in
[ 2024-04-16 05:00:09,840 ] 94 tenkhongbiet293 - INFO - Current url: https://www.shinsei.e-aichi.jp/pref-aichi-police-u/profile/userLogin_login
[ 2024-04-16 05:00:09,840 ] 94 tenkhongbiet293 - INFO - Current url: https://www.shinsei.e-aichi.jp/pref-aichi-police-u/profile/userLogin_login
[ 2024-04-16 05:00:09,840 ] 94 tenkhongbiet293 - INFO - Current url: https://www.shinsei.e-aichi.jp/pref-aichi-police-u/profile/userLogin_login
[ 2024-04-16 05:00:10,285 ] 94 tenkhongbiet293 - INFO - Logging in
[ 2024-04-16 05:00:10,285 ] 94 tenkhongbiet293 - INFO - Logging in
[ 2024-04-16 05:00:10,285 ] 94 tenkhongbiet293 - INFO - Logging in
[ 2024-04-16 05:00:10,289 ] 94 tenkhongbiet293 - INFO - Current url: https://www.shinsei.e-aichi.jp/pref-aichi-police-u/profile/userLogin_login
[ 2024-04-16 05:00:10,289 ] 94 tenkhongbiet293 - INFO - Current url: https://www.shinsei.e-aichi.jp/pref-aichi-police-u/profile/userLogin_login
[ 2024-04-16 05:00:10,289 ] 94 tenkhongbiet293 - INFO - Current url: https://www.shinsei.e-aichi.jp/pref-aichi-police-u/profile/userLogin_login
[ 2024-04-16 05:00:10,693 ] 94 tenkhongbiet293 - INFO - Logging in
[ 2024-04-16 05:00:10,693 ] 94 tenkhongbiet293 - INFO - Logging in
[ 2024-04-16 05:00:10,693 ] 94 tenkhongbiet293 - INFO - Logging in
[ 2024-04-16 05:00:10,695 ] 94 tenkhongbiet293 - INFO - Current url: https://www.shinsei.e-aichi.jp/pref-aichi-police-u/profile/userLogin_login
[ 2024-04-16 05:00:10,695 ] 94 tenkhongbiet293 - INFO - Current url: https://www.shinsei.e-aichi.jp/pref-aichi-police-u/profile/userLogin_login
[ 2024-04-16 05:00:10,695 ] 94 tenkhongbiet293 - INFO - Current url: https://www.shinsei.e-aichi.jp/pref-aichi-police-u/profile/userLogin_login
[ 2024-04-16 05:00:11,012 ] 94 tenkhongbiet293 - ERROR - Failed to login after 20 refreshing
[ 2024-04-16 05:00:11,012 ] 94 tenkhongbiet293 - ERROR - Failed to login after 20 refreshing
[ 2024-04-16 05:00:11,012 ] 94 tenkhongbiet293 - ERROR - Failed to login after 20 refreshing
[ 2024-04-16 05:00:17,582 ] 94 tenkhongbiet293 - INFO - Opened login page
[ 2024-04-16 05:00:17,582 ] 94 tenkhongbiet293 - INFO - Opened login page
[ 2024-04-16 05:00:17,582 ] 94 tenkhongbiet293 - INFO - Opened login page
[ 2024-04-16 05:00:19,982 ] 94 tenkhongbiet293 - INFO - Logging in
[ 2024-04-16 05:00:19,982 ] 94 tenkhongbiet293 - INFO - Logging in
[ 2024-04-16 05:00:19,982 ] 94 tenkhongbiet293 - INFO - Logging in
[ 2024-04-16 05:00:19,986 ] 94 tenkhongbiet293 - INFO - Current url: https://www.shinsei.e-aichi.jp/pref-aichi-police-u/profile/userLogin_login
[ 2024-04-16 05:00:19,986 ] 94 tenkhongbiet293 - INFO - Current url: https://www.shinsei.e-aichi.jp/pref-aichi-police-u/profile/userLogin_login
[ 2024-04-16 05:00:19,986 ] 94 tenkhongbiet293 - INFO - Current url: https://www.shinsei.e-aichi.jp/pref-aichi-police-u/profile/userLogin_login
[ 2024-04-16 05:00:21,057 ] 94 tenkhongbiet293 - INFO - Logging in
[ 2024-04-16 05:00:21,057 ] 94 tenkhongbiet293 - INFO - Logging in
[ 2024-04-16 05:00:21,057 ] 94 tenkhongbiet293 - INFO - Logging in
[ 2024-04-16 05:00:21,062 ] 94 tenkhongbiet293 - INFO - Current url: https://www.shinsei.e-aichi.jp/pref-aichi-police-u/profile/userLogin_login
[ 2024-04-16 05:00:21,062 ] 94 tenkhongbiet293 - INFO - Current url: https://www.shinsei.e-aichi.jp/pref-aichi-police-u/profile/userLogin_login
[ 2024-04-16 05:00:21,062 ] 94 tenkhongbiet293 - INFO - Current url: https://www.shinsei.e-aichi.jp/pref-aichi-police-u/profile/userLogin_login
[ 2024-04-16 05:00:22,211 ] 94 tenkhongbiet293 - INFO - Logging in
[ 2024-04-16 05:00:22,211 ] 94 tenkhongbiet293 - INFO - Logging in
[ 2024-04-16 05:00:22,211 ] 94 tenkhongbiet293 - INFO - Logging in
[ 2024-04-16 05:00:22,215 ] 94 tenkhongbiet293 - INFO - Current url: https://www.shinsei.e-aichi.jp/pref-aichi-police-u/profile/userLogin_login
[ 2024-04-16 05:00:22,215 ] 94 tenkhongbiet293 - INFO - Current url: https://www.shinsei.e-aichi.jp/pref-aichi-police-u/profile/userLogin_login
[ 2024-04-16 05:00:22,215 ] 94 tenkhongbiet293 - INFO - Current url: https://www.shinsei.e-aichi.jp/pref-aichi-police-u/profile/userLogin_login
[ 2024-04-16 05:00:23,117 ] 94 tenkhongbiet293 - INFO - Logging in
[ 2024-04-16 05:00:23,117 ] 94 tenkhongbiet293 - INFO - Logging in
[ 2024-04-16 05:00:23,117 ] 94 tenkhongbiet293 - INFO - Logging in
[ 2024-04-16 05:00:23,130 ] 94 tenkhongbiet293 - INFO - Current url: https://www.shinsei.e-aichi.jp/pref-aichi-police-u/profile/userLogin_login
[ 2024-04-16 05:00:23,130 ] 94 tenkhongbiet293 - INFO - Current url: https://www.shinsei.e-aichi.jp/pref-aichi-police-u/profile/userLogin_login
[ 2024-04-16 05:00:23,130 ] 94 tenkhongbiet293 - INFO - Current url: https://www.shinsei.e-aichi.jp/pref-aichi-police-u/profile/userLogin_login
[ 2024-04-16 05:00:24,066 ] 94 tenkhongbiet293 - INFO - Logging in
[ 2024-04-16 05:00:24,066 ] 94 tenkhongbiet293 - INFO - Logging in
[ 2024-04-16 05:00:24,066 ] 94 tenkhongbiet293 - INFO - Logging in
[ 2024-04-16 05:00:24,081 ] 94 tenkhongbiet293 - INFO - Current url: https://www.shinsei.e-aichi.jp/pref-aichi-police-u/profile/userLogin_login
[ 2024-04-16 05:00:24,081 ] 94 tenkhongbiet293 - INFO - Current url: https://www.shinsei.e-aichi.jp/pref-aichi-police-u/profile/userLogin_login
[ 2024-04-16 05:00:24,081 ] 94 tenkhongbiet293 - INFO - Current url: https://www.shinsei.e-aichi.jp/pref-aichi-police-u/profile/userLogin_login
[ 2024-04-16 05:00:24,983 ] 94 tenkhongbiet293 - INFO - Logging in
[ 2024-04-16 05:00:24,983 ] 94 tenkhongbiet293 - INFO - Logging in
[ 2024-04-16 05:00:24,983 ] 94 tenkhongbiet293 - INFO - Logging in
[ 2024-04-16 05:00:24,994 ] 94 tenkhongbiet293 - INFO - Current url: https://www.shinsei.e-aichi.jp/pref-aichi-police-u/profile/userLogin_login
[ 2024-04-16 05:00:24,994 ] 94 tenkhongbiet293 - INFO - Current url: https://www.shinsei.e-aichi.jp/pref-aichi-police-u/profile/userLogin_login
[ 2024-04-16 05:00:24,994 ] 94 tenkhongbiet293 - INFO - Current url: https://www.shinsei.e-aichi.jp/pref-aichi-police-u/profile/userLogin_login
[ 2024-04-16 05:00:25,964 ] 94 tenkhongbiet293 - INFO - Logging in
[ 2024-04-16 05:00:25,964 ] 94 tenkhongbiet293 - INFO - Logging in
[ 2024-04-16 05:00:25,964 ] 94 tenkhongbiet293 - INFO - Logging in
[ 2024-04-16 05:00:25,969 ] 94 tenkhongbiet293 - INFO - Current url: https://www.shinsei.e-aichi.jp/pref-aichi-police-u/profile/userLogin_login
[ 2024-04-16 05:00:25,969 ] 94 tenkhongbiet293 - INFO - Current url: https://www.shinsei.e-aichi.jp/pref-aichi-police-u/profile/userLogin_login
[ 2024-04-16 05:00:25,969 ] 94 tenkhongbiet293 - INFO - Current url: https://www.shinsei.e-aichi.jp/pref-aichi-police-u/profile/userLogin_login
[ 2024-04-16 05:00:26,814 ] 94 tenkhongbiet293 - INFO - Logging in
[ 2024-04-16 05:00:26,814 ] 94 tenkhongbiet293 - INFO - Logging in
[ 2024-04-16 05:00:26,814 ] 94 tenkhongbiet293 - INFO - Logging in
[ 2024-04-16 05:00:26,821 ] 94 tenkhongbiet293 - INFO - Current url: https://www.shinsei.e-aichi.jp/pref-aichi-police-u/profile/userLogin_login
[ 2024-04-16 05:00:26,821 ] 94 tenkhongbiet293 - INFO - Current url: https://www.shinsei.e-aichi.jp/pref-aichi-police-u/profile/userLogin_login
[ 2024-04-16 05:00:26,821 ] 94 tenkhongbiet293 - INFO - Current url: https://www.shinsei.e-aichi.jp/pref-aichi-police-u/profile/userLogin_login
[ 2024-04-16 05:00:27,670 ] 94 tenkhongbiet293 - INFO - Logging in
[ 2024-04-16 05:00:27,670 ] 94 tenkhongbiet293 - INFO - Logging in
[ 2024-04-16 05:00:27,670 ] 94 tenkhongbiet293 - INFO - Logging in
[ 2024-04-16 05:00:27,676 ] 94 tenkhongbiet293 - INFO - Current url: https://www.shinsei.e-aichi.jp/pref-aichi-police-u/profile/userLogin_login
[ 2024-04-16 05:00:27,676 ] 94 tenkhongbiet293 - INFO - Current url: https://www.shinsei.e-aichi.jp/pref-aichi-police-u/profile/userLogin_login
[ 2024-04-16 05:00:27,676 ] 94 tenkhongbiet293 - INFO - Current url: https://www.shinsei.e-aichi.jp/pref-aichi-police-u/profile/userLogin_login
[ 2024-04-16 05:00:28,525 ] 94 tenkhongbiet293 - INFO - Logging in
[ 2024-04-16 05:00:28,525 ] 94 tenkhongbiet293 - INFO - Logging in
[ 2024-04-16 05:00:28,525 ] 94 tenkhongbiet293 - INFO - Logging in
[ 2024-04-16 05:00:28,529 ] 94 tenkhongbiet293 - INFO - Current url: https://www.shinsei.e-aichi.jp/pref-aichi-police-u/profile/userLogin_login
[ 2024-04-16 05:00:28,529 ] 94 tenkhongbiet293 - INFO - Current url: https://www.shinsei.e-aichi.jp/pref-aichi-police-u/profile/userLogin_login
[ 2024-04-16 05:00:28,529 ] 94 tenkhongbiet293 - INFO - Current url: https://www.shinsei.e-aichi.jp/pref-aichi-police-u/profile/userLogin_login
[ 2024-04-16 05:00:29,364 ] 94 tenkhongbiet293 - INFO - Logging in
[ 2024-04-16 05:00:29,364 ] 94 tenkhongbiet293 - INFO - Logging in
[ 2024-04-16 05:00:29,364 ] 94 tenkhongbiet293 - INFO - Logging in
[ 2024-04-16 05:00:29,369 ] 94 tenkhongbiet293 - INFO - Current url: https://www.shinsei.e-aichi.jp/pref-aichi-police-u/profile/userLogin_login
[ 2024-04-16 05:00:29,369 ] 94 tenkhongbiet293 - INFO - Current url: https://www.shinsei.e-aichi.jp/pref-aichi-police-u/profile/userLogin_login
[ 2024-04-16 05:00:29,369 ] 94 tenkhongbiet293 - INFO - Current url: https://www.shinsei.e-aichi.jp/pref-aichi-police-u/profile/userLogin_login
[ 2024-04-16 05:00:30,447 ] 94 tenkhongbiet293 - INFO - Logging in
[ 2024-04-16 05:00:30,447 ] 94 tenkhongbiet293 - INFO - Logging in
[ 2024-04-16 05:00:30,447 ] 94 tenkhongbiet293 - INFO - Logging in
[ 2024-04-16 05:00:30,457 ] 94 tenkhongbiet293 - INFO - Current url: https://www.shinsei.e-aichi.jp/pref-aichi-police-u/profile/userLogin_login
[ 2024-04-16 05:00:30,457 ] 94 tenkhongbiet293 - INFO - Current url: https://www.shinsei.e-aichi.jp/pref-aichi-police-u/profile/userLogin_login
[ 2024-04-16 05:00:30,457 ] 94 tenkhongbiet293 - INFO - Current url: https://www.shinsei.e-aichi.jp/pref-aichi-police-u/profile/userLogin_login
[ 2024-04-16 05:00:31,341 ] 94 tenkhongbiet293 - INFO - Logging in
[ 2024-04-16 05:00:31,341 ] 94 tenkhongbiet293 - INFO - Logging in
[ 2024-04-16 05:00:31,341 ] 94 tenkhongbiet293 - INFO - Logging in
[ 2024-04-16 05:00:31,347 ] 94 tenkhongbiet293 - INFO - Current url: https://www.shinsei.e-aichi.jp/pref-aichi-police-u/profile/userLogin_login
[ 2024-04-16 05:00:31,347 ] 94 tenkhongbiet293 - INFO - Current url: https://www.shinsei.e-aichi.jp/pref-aichi-police-u/profile/userLogin_login
[ 2024-04-16 05:00:31,347 ] 94 tenkhongbiet293 - INFO - Current url: https://www.shinsei.e-aichi.jp/pref-aichi-police-u/profile/userLogin_login
[ 2024-04-16 05:00:32,213 ] 94 tenkhongbiet293 - INFO - Logging in
[ 2024-04-16 05:00:32,213 ] 94 tenkhongbiet293 - INFO - Logging in
[ 2024-04-16 05:00:32,213 ] 94 tenkhongbiet293 - INFO - Logging in
[ 2024-04-16 05:00:32,218 ] 94 tenkhongbiet293 - INFO - Current url: https://www.shinsei.e-aichi.jp/pref-aichi-police-u/profile/userLogin_login
[ 2024-04-16 05:00:32,218 ] 94 tenkhongbiet293 - INFO - Current url: https://www.shinsei.e-aichi.jp/pref-aichi-police-u/profile/userLogin_login
[ 2024-04-16 05:00:32,218 ] 94 tenkhongbiet293 - INFO - Current url: https://www.shinsei.e-aichi.jp/pref-aichi-police-u/profile/userLogin_login
[ 2024-04-16 05:00:33,089 ] 94 tenkhongbiet293 - INFO - Logging in
[ 2024-04-16 05:00:33,089 ] 94 tenkhongbiet293 - INFO - Logging in
[ 2024-04-16 05:00:33,089 ] 94 tenkhongbiet293 - INFO - Logging in
[ 2024-04-16 05:00:33,096 ] 94 tenkhongbiet293 - INFO - Current url: https://www.shinsei.e-aichi.jp/pref-aichi-police-u/profile/userLogin_login
[ 2024-04-16 05:00:33,096 ] 94 tenkhongbiet293 - INFO - Current url: https://www.shinsei.e-aichi.jp/pref-aichi-police-u/profile/userLogin_login
[ 2024-04-16 05:00:33,096 ] 94 tenkhongbiet293 - INFO - Current url: https://www.shinsei.e-aichi.jp/pref-aichi-police-u/profile/userLogin_login
[ 2024-04-16 05:00:33,960 ] 94 tenkhongbiet293 - INFO - Logging in
[ 2024-04-16 05:00:33,960 ] 94 tenkhongbiet293 - INFO - Logging in
[ 2024-04-16 05:00:33,960 ] 94 tenkhongbiet293 - INFO - Logging in
[ 2024-04-16 05:00:33,963 ] 94 tenkhongbiet293 - INFO - Current url: https://www.shinsei.e-aichi.jp/pref-aichi-police-u/profile/userLogin_login
[ 2024-04-16 05:00:33,963 ] 94 tenkhongbiet293 - INFO - Current url: https://www.shinsei.e-aichi.jp/pref-aichi-police-u/profile/userLogin_login
[ 2024-04-16 05:00:33,963 ] 94 tenkhongbiet293 - INFO - Current url: https://www.shinsei.e-aichi.jp/pref-aichi-police-u/profile/userLogin_login
[ 2024-04-16 05:00:34,803 ] 94 tenkhongbiet293 - INFO - Logging in
[ 2024-04-16 05:00:34,803 ] 94 tenkhongbiet293 - INFO - Logging in
[ 2024-04-16 05:00:34,803 ] 94 tenkhongbiet293 - INFO - Logging in
[ 2024-04-16 05:00:34,809 ] 94 tenkhongbiet293 - INFO - Current url: https://www.shinsei.e-aichi.jp/pref-aichi-police-u/profile/userLogin_login
[ 2024-04-16 05:00:34,809 ] 94 tenkhongbiet293 - INFO - Current url: https://www.shinsei.e-aichi.jp/pref-aichi-police-u/profile/userLogin_login
[ 2024-04-16 05:00:34,809 ] 94 tenkhongbiet293 - INFO - Current url: https://www.shinsei.e-aichi.jp/pref-aichi-police-u/profile/userLogin_login
[ 2024-04-16 05:00:35,695 ] 94 tenkhongbiet293 - INFO - Logging in
[ 2024-04-16 05:00:35,695 ] 94 tenkhongbiet293 - INFO - Logging in
[ 2024-04-16 05:00:35,695 ] 94 tenkhongbiet293 - INFO - Logging in
[ 2024-04-16 05:00:35,700 ] 94 tenkhongbiet293 - INFO - Current url: https://www.shinsei.e-aichi.jp/pref-aichi-police-u/profile/userLogin_login
[ 2024-04-16 05:00:35,700 ] 94 tenkhongbiet293 - INFO - Current url: https://www.shinsei.e-aichi.jp/pref-aichi-police-u/profile/userLogin_login
[ 2024-04-16 05:00:35,700 ] 94 tenkhongbiet293 - INFO - Current url: https://www.shinsei.e-aichi.jp/pref-aichi-police-u/profile/userLogin_login
[ 2024-04-16 05:00:36,538 ] 94 tenkhongbiet293 - INFO - Logging in
[ 2024-04-16 05:00:36,538 ] 94 tenkhongbiet293 - INFO - Logging in
[ 2024-04-16 05:00:36,538 ] 94 tenkhongbiet293 - INFO - Logging in
[ 2024-04-16 05:00:36,544 ] 94 tenkhongbiet293 - INFO - Current url: https://www.shinsei.e-aichi.jp/pref-aichi-police-u/profile/userLogin_login
[ 2024-04-16 05:00:36,544 ] 94 tenkhongbiet293 - INFO - Current url: https://www.shinsei.e-aichi.jp/pref-aichi-police-u/profile/userLogin_login
[ 2024-04-16 05:00:36,544 ] 94 tenkhongbiet293 - INFO - Current url: https://www.shinsei.e-aichi.jp/pref-aichi-police-u/profile/userLogin_login
[ 2024-04-16 05:00:37,404 ] 94 tenkhongbiet293 - INFO - Logging in
[ 2024-04-16 05:00:37,404 ] 94 tenkhongbiet293 - INFO - Logging in
[ 2024-04-16 05:00:37,404 ] 94 tenkhongbiet293 - INFO - Logging in
[ 2024-04-16 05:00:37,410 ] 94 tenkhongbiet293 - INFO - Current url: https://www.shinsei.e-aichi.jp/pref-aichi-police-u/profile/userLogin_login
[ 2024-04-16 05:00:37,410 ] 94 tenkhongbiet293 - INFO - Current url: https://www.shinsei.e-aichi.jp/pref-aichi-police-u/profile/userLogin_login
[ 2024-04-16 05:00:37,410 ] 94 tenkhongbiet293 - INFO - Current url: https://www.shinsei.e-aichi.jp/pref-aichi-police-u/profile/userLogin_login
[ 2024-04-16 05:00:37,724 ] 94 tenkhongbiet293 - ERROR - Failed to login after 20 refreshing
[ 2024-04-16 05:00:37,724 ] 94 tenkhongbiet293 - ERROR - Failed to login after 20 refreshing
[ 2024-04-16 05:00:37,724 ] 94 tenkhongbiet293 - ERROR - Failed to login after 20 refreshing
