[ 2024-04-29 22:42:36,781 ] 91 benemmai380 - INFO - Opened login page
[ 2024-04-29 22:42:36,781 ] 91 benemmai380 - INFO - Opened login page
[ 2024-04-29 22:42:36,781 ] 91 benemmai380 - INFO - Opened login page
[ 2024-04-29 22:42:40,604 ] 91 benemmai380 - INFO - Logging in
[ 2024-04-29 22:42:40,604 ] 91 benemmai380 - INFO - Logging in
[ 2024-04-29 22:42:40,604 ] 91 benemmai380 - INFO - Logging in
[ 2024-04-29 22:42:40,607 ] 91 benemmai380 - INFO - Current url: https://www.shinsei.e-aichi.jp/pref-aichi-police-u/offer/offerList_initDisplay
[ 2024-04-29 22:42:40,607 ] 91 benemmai380 - INFO - Current url: https://www.shinsei.e-aichi.jp/pref-aichi-police-u/offer/offerList_initDisplay
[ 2024-04-29 22:42:40,607 ] 91 benemmai380 - INFO - Current url: https://www.shinsei.e-aichi.jp/pref-aichi-police-u/offer/offerList_initDisplay
[ 2024-04-29 22:42:40,913 ] 91 benemmai380 - INFO - Logged in finished
[ 2024-04-29 22:42:40,913 ] 91 benemmai380 - INFO - Logged in finished
[ 2024-04-29 22:42:40,913 ] 91 benemmai380 - INFO - Logged in finished
[ 2024-04-29 22:42:41,039 ] 91 benemmai380 - INFO - On main page
[ 2024-04-29 22:42:41,039 ] 91 benemmai380 - INFO - On main page
[ 2024-04-29 22:42:41,039 ] 91 benemmai380 - INFO - On main page
[ 2024-04-29 22:42:42,387 ] 91 benemmai380 - INFO - Search submitted
[ 2024-04-29 22:42:42,387 ] 91 benemmai380 - INFO - Search submitted
[ 2024-04-29 22:42:42,387 ] 91 benemmai380 - INFO - Search submitted
[ 2024-04-29 22:42:42,400 ] 91 benemmai380 - INFO - Collected 20 forms
[ 2024-04-29 22:42:42,400 ] 91 benemmai380 - INFO - Collected 20 forms
[ 2024-04-29 22:42:42,400 ] 91 benemmai380 - INFO - Collected 20 forms
[ 2024-04-29 22:42:42,680 ] 91 benemmai380 - INFO - Number of filtered forms left is: 5 form(s)
[ 2024-04-29 22:42:42,680 ] 91 benemmai380 - INFO - Number of filtered forms left is: 5 form(s)
[ 2024-04-29 22:42:42,680 ] 91 benemmai380 - INFO - Number of filtered forms left is: 5 form(s)
[ 2024-04-29 22:42:42,680 ] 91 benemmai380 - INFO - ＜05月14日(火) 08:45～09:30＞[平針]外国免許切替審査 Hirabari Exchanging Foreign Driver's License -  - 2024年04月30日 07時30分 - 2024年05月10日 12時00分 - 96490 - https://www.shinsei.e-aichi.jp/pref-aichi-police-u/offer/offerList_detailTop?tempSeq=96490 - True
[ 2024-04-29 22:42:42,680 ] 91 benemmai380 - INFO - ＜05月14日(火) 08:45～09:30＞[平針]外国免許切替審査 Hirabari Exchanging Foreign Driver's License -  - 2024年04月30日 07時30分 - 2024年05月10日 12時00分 - 96490 - https://www.shinsei.e-aichi.jp/pref-aichi-police-u/offer/offerList_detailTop?tempSeq=96490 - True
[ 2024-04-29 22:42:42,680 ] 91 benemmai380 - INFO - ＜05月14日(火) 08:45～09:30＞[平針]外国免許切替審査 Hirabari Exchanging Foreign Driver's License -  - 2024年04月30日 07時30分 - 2024年05月10日 12時00分 - 96490 - https://www.shinsei.e-aichi.jp/pref-aichi-police-u/offer/offerList_detailTop?tempSeq=96490 - True
[ 2024-04-29 22:42:42,680 ] 91 benemmai380 - INFO - ＜05月14日(火) 09:30～10:30＞[平針]外国免許切替審査 Hirabari Exchanging Foreign Driver's License -  - 2024年04月30日 07時30分 - 2024年05月10日 12時00分 - 96491 - https://www.shinsei.e-aichi.jp/pref-aichi-police-u/offer/offerList_detailTop?tempSeq=96491 - True
[ 2024-04-29 22:42:42,680 ] 91 benemmai380 - INFO - ＜05月14日(火) 09:30～10:30＞[平針]外国免許切替審査 Hirabari Exchanging Foreign Driver's License -  - 2024年04月30日 07時30分 - 2024年05月10日 12時00分 - 96491 - https://www.shinsei.e-aichi.jp/pref-aichi-police-u/offer/offerList_detailTop?tempSeq=96491 - True
[ 2024-04-29 22:42:42,680 ] 91 benemmai380 - INFO - ＜05月14日(火) 09:30～10:30＞[平針]外国免許切替審査 Hirabari Exchanging Foreign Driver's License -  - 2024年04月30日 07時30分 - 2024年05月10日 12時00分 - 96491 - https://www.shinsei.e-aichi.jp/pref-aichi-police-u/offer/offerList_detailTop?tempSeq=96491 - True
[ 2024-04-29 22:42:42,680 ] 91 benemmai380 - INFO - ＜05月14日(火) 10:30～11:45＞[平針]外国免許切替審査 Hirabari Exchanging Foreign Driver's License -  - 2024年04月30日 07時30分 - 2024年05月10日 12時00分 - 96492 - https://www.shinsei.e-aichi.jp/pref-aichi-police-u/offer/offerList_detailTop?tempSeq=96492 - True
[ 2024-04-29 22:42:42,680 ] 91 benemmai380 - INFO - ＜05月14日(火) 10:30～11:45＞[平針]外国免許切替審査 Hirabari Exchanging Foreign Driver's License -  - 2024年04月30日 07時30分 - 2024年05月10日 12時00分 - 96492 - https://www.shinsei.e-aichi.jp/pref-aichi-police-u/offer/offerList_detailTop?tempSeq=96492 - True
[ 2024-04-29 22:42:42,680 ] 91 benemmai380 - INFO - ＜05月14日(火) 10:30～11:45＞[平針]外国免許切替審査 Hirabari Exchanging Foreign Driver's License -  - 2024年04月30日 07時30分 - 2024年05月10日 12時00分 - 96492 - https://www.shinsei.e-aichi.jp/pref-aichi-police-u/offer/offerList_detailTop?tempSeq=96492 - True
[ 2024-04-29 22:42:42,681 ] 91 benemmai380 - INFO - ＜05月14日(火) 12:45～13:30＞[平針]外国免許切替審査 Hirabari Exchanging Foreign Driver's License -  - 2024年04月30日 07時30分 - 2024年05月10日 12時00分 - 96493 - https://www.shinsei.e-aichi.jp/pref-aichi-police-u/offer/offerList_detailTop?tempSeq=96493 - True
[ 2024-04-29 22:42:42,681 ] 91 benemmai380 - INFO - ＜05月14日(火) 12:45～13:30＞[平針]外国免許切替審査 Hirabari Exchanging Foreign Driver's License -  - 2024年04月30日 07時30分 - 2024年05月10日 12時00分 - 96493 - https://www.shinsei.e-aichi.jp/pref-aichi-police-u/offer/offerList_detailTop?tempSeq=96493 - True
[ 2024-04-29 22:42:42,681 ] 91 benemmai380 - INFO - ＜05月14日(火) 12:45～13:30＞[平針]外国免許切替審査 Hirabari Exchanging Foreign Driver's License -  - 2024年04月30日 07時30分 - 2024年05月10日 12時00分 - 96493 - https://www.shinsei.e-aichi.jp/pref-aichi-police-u/offer/offerList_detailTop?tempSeq=96493 - True
[ 2024-04-29 22:42:42,681 ] 91 benemmai380 - INFO - ＜05月14日(火) 13:30～14:45＞[平針]外国免許切替審査 Hirabari Exchanging Foreign Driver's License -  - 2024年04月30日 07時30分 - 2024年05月10日 12時00分 - 96494 - https://www.shinsei.e-aichi.jp/pref-aichi-police-u/offer/offerList_detailTop?tempSeq=96494 - True
[ 2024-04-29 22:42:42,681 ] 91 benemmai380 - INFO - ＜05月14日(火) 13:30～14:45＞[平針]外国免許切替審査 Hirabari Exchanging Foreign Driver's License -  - 2024年04月30日 07時30分 - 2024年05月10日 12時00分 - 96494 - https://www.shinsei.e-aichi.jp/pref-aichi-police-u/offer/offerList_detailTop?tempSeq=96494 - True
[ 2024-04-29 22:42:42,681 ] 91 benemmai380 - INFO - ＜05月14日(火) 13:30～14:45＞[平針]外国免許切替審査 Hirabari Exchanging Foreign Driver's License -  - 2024年04月30日 07時30分 - 2024年05月10日 12時00分 - 96494 - https://www.shinsei.e-aichi.jp/pref-aichi-police-u/offer/offerList_detailTop?tempSeq=96494 - True
[ 2024-04-29 22:42:42,682 ] 91 benemmai380 - INFO - Accessing form, template sequence: 96494
[ 2024-04-29 22:42:42,682 ] 91 benemmai380 - INFO - Accessing form, template sequence: 96494
[ 2024-04-29 22:42:42,682 ] 91 benemmai380 - INFO - Accessing form, template sequence: 96494
[ 2024-04-29 22:42:42,683 ] 91 benemmai380 - INFO - Form URL: https://www.shinsei.e-aichi.jp/pref-aichi-police-u/offer/offerList_detailTop?tempSeq=96494
[ 2024-04-29 22:42:42,683 ] 91 benemmai380 - INFO - Form URL: https://www.shinsei.e-aichi.jp/pref-aichi-police-u/offer/offerList_detailTop?tempSeq=96494
[ 2024-04-29 22:42:42,683 ] 91 benemmai380 - INFO - Form URL: https://www.shinsei.e-aichi.jp/pref-aichi-police-u/offer/offerList_detailTop?tempSeq=96494
[ 2024-04-29 22:42:48,313 ] 91 benemmai380 - INFO - Accessed form successfully
[ 2024-04-29 22:42:48,313 ] 91 benemmai380 - INFO - Accessed form successfully
[ 2024-04-29 22:42:48,313 ] 91 benemmai380 - INFO - Accessed form successfully
[ 2024-04-29 22:42:48,324 ] 91 benemmai380 - INFO - Form message: 申込期間ではありません。
[ 2024-04-29 22:42:48,324 ] 91 benemmai380 - INFO - Form message: 申込期間ではありません。
[ 2024-04-29 22:42:48,324 ] 91 benemmai380 - INFO - Form message: 申込期間ではありません。
[ 2024-04-29 22:42:48,324 ] 91 benemmai380 - INFO - Refreshing page to check availability trial number 1, template sequence: 96494
[ 2024-04-29 22:42:48,324 ] 91 benemmai380 - INFO - Refreshing page to check availability trial number 1, template sequence: 96494
[ 2024-04-29 22:42:48,324 ] 91 benemmai380 - INFO - Refreshing page to check availability trial number 1, template sequence: 96494
[ 2024-04-29 22:42:49,648 ] 91 benemmai380 - INFO - Form message: 申込期間ではありません。
[ 2024-04-29 22:42:49,648 ] 91 benemmai380 - INFO - Form message: 申込期間ではありません。
[ 2024-04-29 22:42:49,648 ] 91 benemmai380 - INFO - Form message: 申込期間ではありません。
[ 2024-04-29 22:42:49,648 ] 91 benemmai380 - INFO - Refreshing page to check availability trial number 2, template sequence: 96494
[ 2024-04-29 22:42:49,648 ] 91 benemmai380 - INFO - Refreshing page to check availability trial number 2, template sequence: 96494
[ 2024-04-29 22:42:49,648 ] 91 benemmai380 - INFO - Refreshing page to check availability trial number 2, template sequence: 96494
[ 2024-04-29 22:42:51,282 ] 91 benemmai380 - INFO - Form message: 申込期間ではありません。
[ 2024-04-29 22:42:51,282 ] 91 benemmai380 - INFO - Form message: 申込期間ではありません。
[ 2024-04-29 22:42:51,282 ] 91 benemmai380 - INFO - Form message: 申込期間ではありません。
[ 2024-04-29 22:42:51,282 ] 91 benemmai380 - INFO - Refreshing page to check availability trial number 3, template sequence: 96494
[ 2024-04-29 22:42:51,282 ] 91 benemmai380 - INFO - Refreshing page to check availability trial number 3, template sequence: 96494
[ 2024-04-29 22:42:51,282 ] 91 benemmai380 - INFO - Refreshing page to check availability trial number 3, template sequence: 96494
[ 2024-04-29 22:42:52,870 ] 91 benemmai380 - INFO - Form message: 申込期間ではありません。
[ 2024-04-29 22:42:52,870 ] 91 benemmai380 - INFO - Form message: 申込期間ではありません。
[ 2024-04-29 22:42:52,870 ] 91 benemmai380 - INFO - Form message: 申込期間ではありません。
[ 2024-04-29 22:42:52,870 ] 91 benemmai380 - INFO - Refreshing page to check availability trial number 4, template sequence: 96494
[ 2024-04-29 22:42:52,870 ] 91 benemmai380 - INFO - Refreshing page to check availability trial number 4, template sequence: 96494
[ 2024-04-29 22:42:52,870 ] 91 benemmai380 - INFO - Refreshing page to check availability trial number 4, template sequence: 96494
[ 2024-04-29 22:42:54,486 ] 91 benemmai380 - INFO - Form message: 申込期間ではありません。
[ 2024-04-29 22:42:54,486 ] 91 benemmai380 - INFO - Form message: 申込期間ではありません。
[ 2024-04-29 22:42:54,486 ] 91 benemmai380 - INFO - Form message: 申込期間ではありません。
[ 2024-04-29 22:42:54,486 ] 91 benemmai380 - INFO - Refreshing page to check availability trial number 5, template sequence: 96494
[ 2024-04-29 22:42:54,486 ] 91 benemmai380 - INFO - Refreshing page to check availability trial number 5, template sequence: 96494
[ 2024-04-29 22:42:54,486 ] 91 benemmai380 - INFO - Refreshing page to check availability trial number 5, template sequence: 96494
[ 2024-04-29 22:42:55,851 ] 91 benemmai380 - INFO - Form message: 申込期間ではありません。
[ 2024-04-29 22:42:55,851 ] 91 benemmai380 - INFO - Form message: 申込期間ではありません。
[ 2024-04-29 22:42:55,851 ] 91 benemmai380 - INFO - Form message: 申込期間ではありません。
[ 2024-04-29 22:42:55,851 ] 91 benemmai380 - INFO - Refreshing page to check availability trial number 6, template sequence: 96494
[ 2024-04-29 22:42:55,851 ] 91 benemmai380 - INFO - Refreshing page to check availability trial number 6, template sequence: 96494
[ 2024-04-29 22:42:55,851 ] 91 benemmai380 - INFO - Refreshing page to check availability trial number 6, template sequence: 96494
[ 2024-04-29 22:42:57,468 ] 91 benemmai380 - INFO - Form message: 申込期間ではありません。
[ 2024-04-29 22:42:57,468 ] 91 benemmai380 - INFO - Form message: 申込期間ではありません。
[ 2024-04-29 22:42:57,468 ] 91 benemmai380 - INFO - Form message: 申込期間ではありません。
[ 2024-04-29 22:42:57,468 ] 91 benemmai380 - INFO - Refreshing page to check availability trial number 7, template sequence: 96494
[ 2024-04-29 22:42:57,468 ] 91 benemmai380 - INFO - Refreshing page to check availability trial number 7, template sequence: 96494
[ 2024-04-29 22:42:57,468 ] 91 benemmai380 - INFO - Refreshing page to check availability trial number 7, template sequence: 96494
[ 2024-04-29 22:42:58,783 ] 91 benemmai380 - INFO - Form message: 申込期間ではありません。
[ 2024-04-29 22:42:58,783 ] 91 benemmai380 - INFO - Form message: 申込期間ではありません。
[ 2024-04-29 22:42:58,783 ] 91 benemmai380 - INFO - Form message: 申込期間ではありません。
[ 2024-04-29 22:42:58,784 ] 91 benemmai380 - INFO - Refreshing page to check availability trial number 8, template sequence: 96494
[ 2024-04-29 22:42:58,784 ] 91 benemmai380 - INFO - Refreshing page to check availability trial number 8, template sequence: 96494
[ 2024-04-29 22:42:58,784 ] 91 benemmai380 - INFO - Refreshing page to check availability trial number 8, template sequence: 96494
[ 2024-04-29 22:43:00,403 ] 91 benemmai380 - INFO - Form message: 申込期間ではありません。
[ 2024-04-29 22:43:00,403 ] 91 benemmai380 - INFO - Form message: 申込期間ではありません。
[ 2024-04-29 22:43:00,403 ] 91 benemmai380 - INFO - Form message: 申込期間ではありません。
[ 2024-04-29 22:43:00,403 ] 91 benemmai380 - INFO - Refreshing page to check availability trial number 9, template sequence: 96494
[ 2024-04-29 22:43:00,403 ] 91 benemmai380 - INFO - Refreshing page to check availability trial number 9, template sequence: 96494
[ 2024-04-29 22:43:00,403 ] 91 benemmai380 - INFO - Refreshing page to check availability trial number 9, template sequence: 96494
