[ 2024-04-29 22:42:34,801 ] 91 ble79037 - INFO - Opened login page
[ 2024-04-29 22:42:34,801 ] 91 ble79037 - INFO - Opened login page
[ 2024-04-29 22:42:34,801 ] 91 ble79037 - INFO - Opened login page
[ 2024-04-29 22:42:55,162 ] 91 ble79037 - INFO - Opened login page
[ 2024-04-29 22:42:55,162 ] 91 ble79037 - INFO - Opened login page
[ 2024-04-29 22:42:55,162 ] 91 ble79037 - INFO - Opened login page
[ 2024-04-29 22:42:55,162 ] 91 ble79037 - INFO - Opened login page
[ 2024-04-29 22:42:55,162 ] 91 ble79037 - INFO - Opened login page
[ 2024-04-29 22:42:55,162 ] 91 ble79037 - INFO - Opened login page
[ 2024-04-29 22:42:58,794 ] 91 ble79037 - INFO - Logging in
[ 2024-04-29 22:42:58,794 ] 91 ble79037 - INFO - Logging in
[ 2024-04-29 22:42:58,794 ] 91 ble79037 - INFO - Logging in
[ 2024-04-29 22:42:58,794 ] 91 ble79037 - INFO - Logging in
[ 2024-04-29 22:42:58,794 ] 91 ble79037 - INFO - Logging in
[ 2024-04-29 22:42:58,794 ] 91 ble79037 - INFO - Logging in
[ 2024-04-29 22:42:58,798 ] 91 ble79037 - INFO - Current url: https://www.shinsei.e-aichi.jp/pref-aichi-police-u/offer/offerList_initDisplay
[ 2024-04-29 22:42:58,798 ] 91 ble79037 - INFO - Current url: https://www.shinsei.e-aichi.jp/pref-aichi-police-u/offer/offerList_initDisplay
[ 2024-04-29 22:42:58,798 ] 91 ble79037 - INFO - Current url: https://www.shinsei.e-aichi.jp/pref-aichi-police-u/offer/offerList_initDisplay
[ 2024-04-29 22:42:58,798 ] 91 ble79037 - INFO - Current url: https://www.shinsei.e-aichi.jp/pref-aichi-police-u/offer/offerList_initDisplay
[ 2024-04-29 22:42:58,798 ] 91 ble79037 - INFO - Current url: https://www.shinsei.e-aichi.jp/pref-aichi-police-u/offer/offerList_initDisplay
[ 2024-04-29 22:42:58,798 ] 91 ble79037 - INFO - Current url: https://www.shinsei.e-aichi.jp/pref-aichi-police-u/offer/offerList_initDisplay
[ 2024-04-29 22:42:59,110 ] 91 ble79037 - INFO - Logged in finished
[ 2024-04-29 22:42:59,110 ] 91 ble79037 - INFO - Logged in finished
[ 2024-04-29 22:42:59,110 ] 91 ble79037 - INFO - Logged in finished
[ 2024-04-29 22:42:59,110 ] 91 ble79037 - INFO - Logged in finished
[ 2024-04-29 22:42:59,110 ] 91 ble79037 - INFO - Logged in finished
[ 2024-04-29 22:42:59,110 ] 91 ble79037 - INFO - Logged in finished
[ 2024-04-29 22:42:59,268 ] 91 ble79037 - INFO - On main page
[ 2024-04-29 22:42:59,268 ] 91 ble79037 - INFO - On main page
[ 2024-04-29 22:42:59,268 ] 91 ble79037 - INFO - On main page
[ 2024-04-29 22:42:59,268 ] 91 ble79037 - INFO - On main page
[ 2024-04-29 22:42:59,268 ] 91 ble79037 - INFO - On main page
[ 2024-04-29 22:42:59,268 ] 91 ble79037 - INFO - On main page
[ 2024-04-29 22:43:00,690 ] 91 ble79037 - INFO - Search submitted
[ 2024-04-29 22:43:00,690 ] 91 ble79037 - INFO - Search submitted
[ 2024-04-29 22:43:00,690 ] 91 ble79037 - INFO - Search submitted
[ 2024-04-29 22:43:00,690 ] 91 ble79037 - INFO - Search submitted
[ 2024-04-29 22:43:00,690 ] 91 ble79037 - INFO - Search submitted
[ 2024-04-29 22:43:00,690 ] 91 ble79037 - INFO - Search submitted
[ 2024-04-29 22:43:00,710 ] 91 ble79037 - INFO - Collected 20 forms
[ 2024-04-29 22:43:00,710 ] 91 ble79037 - INFO - Collected 20 forms
[ 2024-04-29 22:43:00,710 ] 91 ble79037 - INFO - Collected 20 forms
[ 2024-04-29 22:43:00,710 ] 91 ble79037 - INFO - Collected 20 forms
[ 2024-04-29 22:43:00,710 ] 91 ble79037 - INFO - Collected 20 forms
[ 2024-04-29 22:43:00,710 ] 91 ble79037 - INFO - Collected 20 forms
[ 2024-04-29 22:43:01,103 ] 91 ble79037 - INFO - Number of filtered forms left is: 5 form(s)
[ 2024-04-29 22:43:01,103 ] 91 ble79037 - INFO - Number of filtered forms left is: 5 form(s)
[ 2024-04-29 22:43:01,103 ] 91 ble79037 - INFO - Number of filtered forms left is: 5 form(s)
[ 2024-04-29 22:43:01,103 ] 91 ble79037 - INFO - Number of filtered forms left is: 5 form(s)
[ 2024-04-29 22:43:01,103 ] 91 ble79037 - INFO - Number of filtered forms left is: 5 form(s)
[ 2024-04-29 22:43:01,103 ] 91 ble79037 - INFO - Number of filtered forms left is: 5 form(s)
[ 2024-04-29 22:43:01,103 ] 91 ble79037 - INFO - ＜05月14日(火) 08:45～09:30＞[平針]外国免許切替審査 Hirabari Exchanging Foreign Driver's License -  - 2024年04月30日 07時30分 - 2024年05月10日 12時00分 - 96490 - https://www.shinsei.e-aichi.jp/pref-aichi-police-u/offer/offerList_detailTop?tempSeq=96490 - True
[ 2024-04-29 22:43:01,103 ] 91 ble79037 - INFO - ＜05月14日(火) 08:45～09:30＞[平針]外国免許切替審査 Hirabari Exchanging Foreign Driver's License -  - 2024年04月30日 07時30分 - 2024年05月10日 12時00分 - 96490 - https://www.shinsei.e-aichi.jp/pref-aichi-police-u/offer/offerList_detailTop?tempSeq=96490 - True
[ 2024-04-29 22:43:01,103 ] 91 ble79037 - INFO - ＜05月14日(火) 08:45～09:30＞[平針]外国免許切替審査 Hirabari Exchanging Foreign Driver's License -  - 2024年04月30日 07時30分 - 2024年05月10日 12時00分 - 96490 - https://www.shinsei.e-aichi.jp/pref-aichi-police-u/offer/offerList_detailTop?tempSeq=96490 - True
[ 2024-04-29 22:43:01,103 ] 91 ble79037 - INFO - ＜05月14日(火) 08:45～09:30＞[平針]外国免許切替審査 Hirabari Exchanging Foreign Driver's License -  - 2024年04月30日 07時30分 - 2024年05月10日 12時00分 - 96490 - https://www.shinsei.e-aichi.jp/pref-aichi-police-u/offer/offerList_detailTop?tempSeq=96490 - True
[ 2024-04-29 22:43:01,103 ] 91 ble79037 - INFO - ＜05月14日(火) 08:45～09:30＞[平針]外国免許切替審査 Hirabari Exchanging Foreign Driver's License -  - 2024年04月30日 07時30分 - 2024年05月10日 12時00分 - 96490 - https://www.shinsei.e-aichi.jp/pref-aichi-police-u/offer/offerList_detailTop?tempSeq=96490 - True
[ 2024-04-29 22:43:01,103 ] 91 ble79037 - INFO - ＜05月14日(火) 08:45～09:30＞[平針]外国免許切替審査 Hirabari Exchanging Foreign Driver's License -  - 2024年04月30日 07時30分 - 2024年05月10日 12時00分 - 96490 - https://www.shinsei.e-aichi.jp/pref-aichi-police-u/offer/offerList_detailTop?tempSeq=96490 - True
[ 2024-04-29 22:43:01,103 ] 91 ble79037 - INFO - ＜05月14日(火) 09:30～10:30＞[平針]外国免許切替審査 Hirabari Exchanging Foreign Driver's License -  - 2024年04月30日 07時30分 - 2024年05月10日 12時00分 - 96491 - https://www.shinsei.e-aichi.jp/pref-aichi-police-u/offer/offerList_detailTop?tempSeq=96491 - True
[ 2024-04-29 22:43:01,103 ] 91 ble79037 - INFO - ＜05月14日(火) 09:30～10:30＞[平針]外国免許切替審査 Hirabari Exchanging Foreign Driver's License -  - 2024年04月30日 07時30分 - 2024年05月10日 12時00分 - 96491 - https://www.shinsei.e-aichi.jp/pref-aichi-police-u/offer/offerList_detailTop?tempSeq=96491 - True
[ 2024-04-29 22:43:01,103 ] 91 ble79037 - INFO - ＜05月14日(火) 09:30～10:30＞[平針]外国免許切替審査 Hirabari Exchanging Foreign Driver's License -  - 2024年04月30日 07時30分 - 2024年05月10日 12時00分 - 96491 - https://www.shinsei.e-aichi.jp/pref-aichi-police-u/offer/offerList_detailTop?tempSeq=96491 - True
[ 2024-04-29 22:43:01,103 ] 91 ble79037 - INFO - ＜05月14日(火) 09:30～10:30＞[平針]外国免許切替審査 Hirabari Exchanging Foreign Driver's License -  - 2024年04月30日 07時30分 - 2024年05月10日 12時00分 - 96491 - https://www.shinsei.e-aichi.jp/pref-aichi-police-u/offer/offerList_detailTop?tempSeq=96491 - True
[ 2024-04-29 22:43:01,103 ] 91 ble79037 - INFO - ＜05月14日(火) 09:30～10:30＞[平針]外国免許切替審査 Hirabari Exchanging Foreign Driver's License -  - 2024年04月30日 07時30分 - 2024年05月10日 12時00分 - 96491 - https://www.shinsei.e-aichi.jp/pref-aichi-police-u/offer/offerList_detailTop?tempSeq=96491 - True
[ 2024-04-29 22:43:01,103 ] 91 ble79037 - INFO - ＜05月14日(火) 09:30～10:30＞[平針]外国免許切替審査 Hirabari Exchanging Foreign Driver's License -  - 2024年04月30日 07時30分 - 2024年05月10日 12時00分 - 96491 - https://www.shinsei.e-aichi.jp/pref-aichi-police-u/offer/offerList_detailTop?tempSeq=96491 - True
[ 2024-04-29 22:43:01,103 ] 91 ble79037 - INFO - ＜05月14日(火) 10:30～11:45＞[平針]外国免許切替審査 Hirabari Exchanging Foreign Driver's License -  - 2024年04月30日 07時30分 - 2024年05月10日 12時00分 - 96492 - https://www.shinsei.e-aichi.jp/pref-aichi-police-u/offer/offerList_detailTop?tempSeq=96492 - True
[ 2024-04-29 22:43:01,103 ] 91 ble79037 - INFO - ＜05月14日(火) 10:30～11:45＞[平針]外国免許切替審査 Hirabari Exchanging Foreign Driver's License -  - 2024年04月30日 07時30分 - 2024年05月10日 12時00分 - 96492 - https://www.shinsei.e-aichi.jp/pref-aichi-police-u/offer/offerList_detailTop?tempSeq=96492 - True
[ 2024-04-29 22:43:01,103 ] 91 ble79037 - INFO - ＜05月14日(火) 10:30～11:45＞[平針]外国免許切替審査 Hirabari Exchanging Foreign Driver's License -  - 2024年04月30日 07時30分 - 2024年05月10日 12時00分 - 96492 - https://www.shinsei.e-aichi.jp/pref-aichi-police-u/offer/offerList_detailTop?tempSeq=96492 - True
[ 2024-04-29 22:43:01,103 ] 91 ble79037 - INFO - ＜05月14日(火) 10:30～11:45＞[平針]外国免許切替審査 Hirabari Exchanging Foreign Driver's License -  - 2024年04月30日 07時30分 - 2024年05月10日 12時00分 - 96492 - https://www.shinsei.e-aichi.jp/pref-aichi-police-u/offer/offerList_detailTop?tempSeq=96492 - True
[ 2024-04-29 22:43:01,103 ] 91 ble79037 - INFO - ＜05月14日(火) 10:30～11:45＞[平針]外国免許切替審査 Hirabari Exchanging Foreign Driver's License -  - 2024年04月30日 07時30分 - 2024年05月10日 12時00分 - 96492 - https://www.shinsei.e-aichi.jp/pref-aichi-police-u/offer/offerList_detailTop?tempSeq=96492 - True
[ 2024-04-29 22:43:01,103 ] 91 ble79037 - INFO - ＜05月14日(火) 10:30～11:45＞[平針]外国免許切替審査 Hirabari Exchanging Foreign Driver's License -  - 2024年04月30日 07時30分 - 2024年05月10日 12時00分 - 96492 - https://www.shinsei.e-aichi.jp/pref-aichi-police-u/offer/offerList_detailTop?tempSeq=96492 - True
[ 2024-04-29 22:43:01,104 ] 91 ble79037 - INFO - ＜05月14日(火) 12:45～13:30＞[平針]外国免許切替審査 Hirabari Exchanging Foreign Driver's License -  - 2024年04月30日 07時30分 - 2024年05月10日 12時00分 - 96493 - https://www.shinsei.e-aichi.jp/pref-aichi-police-u/offer/offerList_detailTop?tempSeq=96493 - True
[ 2024-04-29 22:43:01,104 ] 91 ble79037 - INFO - ＜05月14日(火) 12:45～13:30＞[平針]外国免許切替審査 Hirabari Exchanging Foreign Driver's License -  - 2024年04月30日 07時30分 - 2024年05月10日 12時00分 - 96493 - https://www.shinsei.e-aichi.jp/pref-aichi-police-u/offer/offerList_detailTop?tempSeq=96493 - True
[ 2024-04-29 22:43:01,104 ] 91 ble79037 - INFO - ＜05月14日(火) 12:45～13:30＞[平針]外国免許切替審査 Hirabari Exchanging Foreign Driver's License -  - 2024年04月30日 07時30分 - 2024年05月10日 12時00分 - 96493 - https://www.shinsei.e-aichi.jp/pref-aichi-police-u/offer/offerList_detailTop?tempSeq=96493 - True
[ 2024-04-29 22:43:01,104 ] 91 ble79037 - INFO - ＜05月14日(火) 12:45～13:30＞[平針]外国免許切替審査 Hirabari Exchanging Foreign Driver's License -  - 2024年04月30日 07時30分 - 2024年05月10日 12時00分 - 96493 - https://www.shinsei.e-aichi.jp/pref-aichi-police-u/offer/offerList_detailTop?tempSeq=96493 - True
[ 2024-04-29 22:43:01,104 ] 91 ble79037 - INFO - ＜05月14日(火) 12:45～13:30＞[平針]外国免許切替審査 Hirabari Exchanging Foreign Driver's License -  - 2024年04月30日 07時30分 - 2024年05月10日 12時00分 - 96493 - https://www.shinsei.e-aichi.jp/pref-aichi-police-u/offer/offerList_detailTop?tempSeq=96493 - True
[ 2024-04-29 22:43:01,104 ] 91 ble79037 - INFO - ＜05月14日(火) 12:45～13:30＞[平針]外国免許切替審査 Hirabari Exchanging Foreign Driver's License -  - 2024年04月30日 07時30分 - 2024年05月10日 12時00分 - 96493 - https://www.shinsei.e-aichi.jp/pref-aichi-police-u/offer/offerList_detailTop?tempSeq=96493 - True
[ 2024-04-29 22:43:01,105 ] 91 ble79037 - INFO - ＜05月14日(火) 13:30～14:45＞[平針]外国免許切替審査 Hirabari Exchanging Foreign Driver's License -  - 2024年04月30日 07時30分 - 2024年05月10日 12時00分 - 96494 - https://www.shinsei.e-aichi.jp/pref-aichi-police-u/offer/offerList_detailTop?tempSeq=96494 - True
[ 2024-04-29 22:43:01,105 ] 91 ble79037 - INFO - ＜05月14日(火) 13:30～14:45＞[平針]外国免許切替審査 Hirabari Exchanging Foreign Driver's License -  - 2024年04月30日 07時30分 - 2024年05月10日 12時00分 - 96494 - https://www.shinsei.e-aichi.jp/pref-aichi-police-u/offer/offerList_detailTop?tempSeq=96494 - True
[ 2024-04-29 22:43:01,105 ] 91 ble79037 - INFO - ＜05月14日(火) 13:30～14:45＞[平針]外国免許切替審査 Hirabari Exchanging Foreign Driver's License -  - 2024年04月30日 07時30分 - 2024年05月10日 12時00分 - 96494 - https://www.shinsei.e-aichi.jp/pref-aichi-police-u/offer/offerList_detailTop?tempSeq=96494 - True
[ 2024-04-29 22:43:01,105 ] 91 ble79037 - INFO - ＜05月14日(火) 13:30～14:45＞[平針]外国免許切替審査 Hirabari Exchanging Foreign Driver's License -  - 2024年04月30日 07時30分 - 2024年05月10日 12時00分 - 96494 - https://www.shinsei.e-aichi.jp/pref-aichi-police-u/offer/offerList_detailTop?tempSeq=96494 - True
[ 2024-04-29 22:43:01,105 ] 91 ble79037 - INFO - ＜05月14日(火) 13:30～14:45＞[平針]外国免許切替審査 Hirabari Exchanging Foreign Driver's License -  - 2024年04月30日 07時30分 - 2024年05月10日 12時00分 - 96494 - https://www.shinsei.e-aichi.jp/pref-aichi-police-u/offer/offerList_detailTop?tempSeq=96494 - True
[ 2024-04-29 22:43:01,105 ] 91 ble79037 - INFO - ＜05月14日(火) 13:30～14:45＞[平針]外国免許切替審査 Hirabari Exchanging Foreign Driver's License -  - 2024年04月30日 07時30分 - 2024年05月10日 12時00分 - 96494 - https://www.shinsei.e-aichi.jp/pref-aichi-police-u/offer/offerList_detailTop?tempSeq=96494 - True
[ 2024-04-29 22:43:01,106 ] 91 ble79037 - INFO - Accessing form, template sequence: 96492
[ 2024-04-29 22:43:01,106 ] 91 ble79037 - INFO - Accessing form, template sequence: 96492
[ 2024-04-29 22:43:01,106 ] 91 ble79037 - INFO - Accessing form, template sequence: 96492
[ 2024-04-29 22:43:01,106 ] 91 ble79037 - INFO - Accessing form, template sequence: 96492
[ 2024-04-29 22:43:01,106 ] 91 ble79037 - INFO - Accessing form, template sequence: 96492
[ 2024-04-29 22:43:01,106 ] 91 ble79037 - INFO - Accessing form, template sequence: 96492
[ 2024-04-29 22:43:01,107 ] 91 ble79037 - INFO - Form URL: https://www.shinsei.e-aichi.jp/pref-aichi-police-u/offer/offerList_detailTop?tempSeq=96492
[ 2024-04-29 22:43:01,107 ] 91 ble79037 - INFO - Form URL: https://www.shinsei.e-aichi.jp/pref-aichi-police-u/offer/offerList_detailTop?tempSeq=96492
[ 2024-04-29 22:43:01,107 ] 91 ble79037 - INFO - Form URL: https://www.shinsei.e-aichi.jp/pref-aichi-police-u/offer/offerList_detailTop?tempSeq=96492
[ 2024-04-29 22:43:01,107 ] 91 ble79037 - INFO - Form URL: https://www.shinsei.e-aichi.jp/pref-aichi-police-u/offer/offerList_detailTop?tempSeq=96492
[ 2024-04-29 22:43:01,107 ] 91 ble79037 - INFO - Form URL: https://www.shinsei.e-aichi.jp/pref-aichi-police-u/offer/offerList_detailTop?tempSeq=96492
[ 2024-04-29 22:43:01,107 ] 91 ble79037 - INFO - Form URL: https://www.shinsei.e-aichi.jp/pref-aichi-police-u/offer/offerList_detailTop?tempSeq=96492
