[ 2024-04-29 22:42:38,797 ] 91 leongnardo12 - INFO - Opened login page
[ 2024-04-29 22:42:38,797 ] 91 leongnardo12 - INFO - Opened login page
[ 2024-04-29 22:42:38,797 ] 91 leongnardo12 - INFO - Opened login page
[ 2024-04-29 22:42:42,271 ] 91 leongnardo12 - INFO - Logging in
[ 2024-04-29 22:42:42,271 ] 91 leongnardo12 - INFO - Logging in
[ 2024-04-29 22:42:42,271 ] 91 leongnardo12 - INFO - Logging in
[ 2024-04-29 22:42:42,274 ] 91 leongnardo12 - INFO - Current url: https://www.shinsei.e-aichi.jp/pref-aichi-police-u/offer/offerList_initDisplay
[ 2024-04-29 22:42:42,274 ] 91 leongnardo12 - INFO - Current url: https://www.shinsei.e-aichi.jp/pref-aichi-police-u/offer/offerList_initDisplay
[ 2024-04-29 22:42:42,274 ] 91 leongnardo12 - INFO - Current url: https://www.shinsei.e-aichi.jp/pref-aichi-police-u/offer/offerList_initDisplay
[ 2024-04-29 22:42:42,587 ] 91 leongnardo12 - INFO - Logged in finished
[ 2024-04-29 22:42:42,587 ] 91 leongnardo12 - INFO - Logged in finished
[ 2024-04-29 22:42:42,587 ] 91 leongnardo12 - INFO - Logged in finished
[ 2024-04-29 22:42:42,703 ] 91 leongnardo12 - INFO - On main page
[ 2024-04-29 22:42:42,703 ] 91 leongnardo12 - INFO - On main page
[ 2024-04-29 22:42:42,703 ] 91 leongnardo12 - INFO - On main page
[ 2024-04-29 22:42:44,116 ] 91 leongnardo12 - INFO - Search submitted
[ 2024-04-29 22:42:44,116 ] 91 leongnardo12 - INFO - Search submitted
[ 2024-04-29 22:42:44,116 ] 91 leongnardo12 - INFO - Search submitted
[ 2024-04-29 22:42:44,126 ] 91 leongnardo12 - INFO - Collected 20 forms
[ 2024-04-29 22:42:44,126 ] 91 leongnardo12 - INFO - Collected 20 forms
[ 2024-04-29 22:42:44,126 ] 91 leongnardo12 - INFO - Collected 20 forms
[ 2024-04-29 22:42:44,429 ] 91 leongnardo12 - INFO - Number of filtered forms left is: 5 form(s)
[ 2024-04-29 22:42:44,429 ] 91 leongnardo12 - INFO - Number of filtered forms left is: 5 form(s)
[ 2024-04-29 22:42:44,429 ] 91 leongnardo12 - INFO - Number of filtered forms left is: 5 form(s)
[ 2024-04-29 22:42:44,429 ] 91 leongnardo12 - INFO - ＜05月14日(火) 08:45～09:30＞[平針]外国免許切替審査 Hirabari Exchanging Foreign Driver's License -  - 2024年04月30日 07時30分 - 2024年05月10日 12時00分 - 96490 - https://www.shinsei.e-aichi.jp/pref-aichi-police-u/offer/offerList_detailTop?tempSeq=96490 - True
[ 2024-04-29 22:42:44,429 ] 91 leongnardo12 - INFO - ＜05月14日(火) 08:45～09:30＞[平針]外国免許切替審査 Hirabari Exchanging Foreign Driver's License -  - 2024年04月30日 07時30分 - 2024年05月10日 12時00分 - 96490 - https://www.shinsei.e-aichi.jp/pref-aichi-police-u/offer/offerList_detailTop?tempSeq=96490 - True
[ 2024-04-29 22:42:44,429 ] 91 leongnardo12 - INFO - ＜05月14日(火) 08:45～09:30＞[平針]外国免許切替審査 Hirabari Exchanging Foreign Driver's License -  - 2024年04月30日 07時30分 - 2024年05月10日 12時00分 - 96490 - https://www.shinsei.e-aichi.jp/pref-aichi-police-u/offer/offerList_detailTop?tempSeq=96490 - True
[ 2024-04-29 22:42:44,429 ] 91 leongnardo12 - INFO - ＜05月14日(火) 09:30～10:30＞[平針]外国免許切替審査 Hirabari Exchanging Foreign Driver's License -  - 2024年04月30日 07時30分 - 2024年05月10日 12時00分 - 96491 - https://www.shinsei.e-aichi.jp/pref-aichi-police-u/offer/offerList_detailTop?tempSeq=96491 - True
[ 2024-04-29 22:42:44,429 ] 91 leongnardo12 - INFO - ＜05月14日(火) 09:30～10:30＞[平針]外国免許切替審査 Hirabari Exchanging Foreign Driver's License -  - 2024年04月30日 07時30分 - 2024年05月10日 12時00分 - 96491 - https://www.shinsei.e-aichi.jp/pref-aichi-police-u/offer/offerList_detailTop?tempSeq=96491 - True
[ 2024-04-29 22:42:44,429 ] 91 leongnardo12 - INFO - ＜05月14日(火) 09:30～10:30＞[平針]外国免許切替審査 Hirabari Exchanging Foreign Driver's License -  - 2024年04月30日 07時30分 - 2024年05月10日 12時00分 - 96491 - https://www.shinsei.e-aichi.jp/pref-aichi-police-u/offer/offerList_detailTop?tempSeq=96491 - True
[ 2024-04-29 22:42:44,429 ] 91 leongnardo12 - INFO - ＜05月14日(火) 10:30～11:45＞[平針]外国免許切替審査 Hirabari Exchanging Foreign Driver's License -  - 2024年04月30日 07時30分 - 2024年05月10日 12時00分 - 96492 - https://www.shinsei.e-aichi.jp/pref-aichi-police-u/offer/offerList_detailTop?tempSeq=96492 - True
[ 2024-04-29 22:42:44,429 ] 91 leongnardo12 - INFO - ＜05月14日(火) 10:30～11:45＞[平針]外国免許切替審査 Hirabari Exchanging Foreign Driver's License -  - 2024年04月30日 07時30分 - 2024年05月10日 12時00分 - 96492 - https://www.shinsei.e-aichi.jp/pref-aichi-police-u/offer/offerList_detailTop?tempSeq=96492 - True
[ 2024-04-29 22:42:44,429 ] 91 leongnardo12 - INFO - ＜05月14日(火) 10:30～11:45＞[平針]外国免許切替審査 Hirabari Exchanging Foreign Driver's License -  - 2024年04月30日 07時30分 - 2024年05月10日 12時00分 - 96492 - https://www.shinsei.e-aichi.jp/pref-aichi-police-u/offer/offerList_detailTop?tempSeq=96492 - True
[ 2024-04-29 22:42:44,430 ] 91 leongnardo12 - INFO - ＜05月14日(火) 12:45～13:30＞[平針]外国免許切替審査 Hirabari Exchanging Foreign Driver's License -  - 2024年04月30日 07時30分 - 2024年05月10日 12時00分 - 96493 - https://www.shinsei.e-aichi.jp/pref-aichi-police-u/offer/offerList_detailTop?tempSeq=96493 - True
[ 2024-04-29 22:42:44,430 ] 91 leongnardo12 - INFO - ＜05月14日(火) 12:45～13:30＞[平針]外国免許切替審査 Hirabari Exchanging Foreign Driver's License -  - 2024年04月30日 07時30分 - 2024年05月10日 12時00分 - 96493 - https://www.shinsei.e-aichi.jp/pref-aichi-police-u/offer/offerList_detailTop?tempSeq=96493 - True
[ 2024-04-29 22:42:44,430 ] 91 leongnardo12 - INFO - ＜05月14日(火) 12:45～13:30＞[平針]外国免許切替審査 Hirabari Exchanging Foreign Driver's License -  - 2024年04月30日 07時30分 - 2024年05月10日 12時00分 - 96493 - https://www.shinsei.e-aichi.jp/pref-aichi-police-u/offer/offerList_detailTop?tempSeq=96493 - True
[ 2024-04-29 22:42:44,430 ] 91 leongnardo12 - INFO - ＜05月14日(火) 13:30～14:45＞[平針]外国免許切替審査 Hirabari Exchanging Foreign Driver's License -  - 2024年04月30日 07時30分 - 2024年05月10日 12時00分 - 96494 - https://www.shinsei.e-aichi.jp/pref-aichi-police-u/offer/offerList_detailTop?tempSeq=96494 - True
[ 2024-04-29 22:42:44,430 ] 91 leongnardo12 - INFO - ＜05月14日(火) 13:30～14:45＞[平針]外国免許切替審査 Hirabari Exchanging Foreign Driver's License -  - 2024年04月30日 07時30分 - 2024年05月10日 12時00分 - 96494 - https://www.shinsei.e-aichi.jp/pref-aichi-police-u/offer/offerList_detailTop?tempSeq=96494 - True
[ 2024-04-29 22:42:44,430 ] 91 leongnardo12 - INFO - ＜05月14日(火) 13:30～14:45＞[平針]外国免許切替審査 Hirabari Exchanging Foreign Driver's License -  - 2024年04月30日 07時30分 - 2024年05月10日 12時00分 - 96494 - https://www.shinsei.e-aichi.jp/pref-aichi-police-u/offer/offerList_detailTop?tempSeq=96494 - True
[ 2024-04-29 22:42:44,431 ] 91 leongnardo12 - INFO - Accessing form, template sequence: 96494
[ 2024-04-29 22:42:44,431 ] 91 leongnardo12 - INFO - Accessing form, template sequence: 96494
[ 2024-04-29 22:42:44,431 ] 91 leongnardo12 - INFO - Accessing form, template sequence: 96494
[ 2024-04-29 22:42:44,432 ] 91 leongnardo12 - INFO - Form URL: https://www.shinsei.e-aichi.jp/pref-aichi-police-u/offer/offerList_detailTop?tempSeq=96494
[ 2024-04-29 22:42:44,432 ] 91 leongnardo12 - INFO - Form URL: https://www.shinsei.e-aichi.jp/pref-aichi-police-u/offer/offerList_detailTop?tempSeq=96494
[ 2024-04-29 22:42:44,432 ] 91 leongnardo12 - INFO - Form URL: https://www.shinsei.e-aichi.jp/pref-aichi-police-u/offer/offerList_detailTop?tempSeq=96494
[ 2024-04-29 22:42:50,008 ] 91 leongnardo12 - INFO - Accessed form successfully
[ 2024-04-29 22:42:50,008 ] 91 leongnardo12 - INFO - Accessed form successfully
[ 2024-04-29 22:42:50,008 ] 91 leongnardo12 - INFO - Accessed form successfully
[ 2024-04-29 22:42:50,019 ] 91 leongnardo12 - INFO - Form message: 申込期間ではありません。
[ 2024-04-29 22:42:50,019 ] 91 leongnardo12 - INFO - Form message: 申込期間ではありません。
[ 2024-04-29 22:42:50,019 ] 91 leongnardo12 - INFO - Form message: 申込期間ではありません。
[ 2024-04-29 22:42:50,019 ] 91 leongnardo12 - INFO - Refreshing page to check availability trial number 1, template sequence: 96494
[ 2024-04-29 22:42:50,019 ] 91 leongnardo12 - INFO - Refreshing page to check availability trial number 1, template sequence: 96494
[ 2024-04-29 22:42:50,019 ] 91 leongnardo12 - INFO - Refreshing page to check availability trial number 1, template sequence: 96494
[ 2024-04-29 22:42:51,346 ] 91 leongnardo12 - INFO - Form message: 申込期間ではありません。
[ 2024-04-29 22:42:51,346 ] 91 leongnardo12 - INFO - Form message: 申込期間ではありません。
[ 2024-04-29 22:42:51,346 ] 91 leongnardo12 - INFO - Form message: 申込期間ではありません。
[ 2024-04-29 22:42:51,346 ] 91 leongnardo12 - INFO - Refreshing page to check availability trial number 2, template sequence: 96494
[ 2024-04-29 22:42:51,346 ] 91 leongnardo12 - INFO - Refreshing page to check availability trial number 2, template sequence: 96494
[ 2024-04-29 22:42:51,346 ] 91 leongnardo12 - INFO - Refreshing page to check availability trial number 2, template sequence: 96494
[ 2024-04-29 22:42:52,952 ] 91 leongnardo12 - INFO - Form message: 申込期間ではありません。
[ 2024-04-29 22:42:52,952 ] 91 leongnardo12 - INFO - Form message: 申込期間ではありません。
[ 2024-04-29 22:42:52,952 ] 91 leongnardo12 - INFO - Form message: 申込期間ではありません。
[ 2024-04-29 22:42:52,952 ] 91 leongnardo12 - INFO - Refreshing page to check availability trial number 3, template sequence: 96494
[ 2024-04-29 22:42:52,952 ] 91 leongnardo12 - INFO - Refreshing page to check availability trial number 3, template sequence: 96494
[ 2024-04-29 22:42:52,952 ] 91 leongnardo12 - INFO - Refreshing page to check availability trial number 3, template sequence: 96494
[ 2024-04-29 22:42:54,013 ] 91 leongnardo12 - INFO - Form message: 申込期間ではありません。
[ 2024-04-29 22:42:54,013 ] 91 leongnardo12 - INFO - Form message: 申込期間ではありません。
[ 2024-04-29 22:42:54,013 ] 91 leongnardo12 - INFO - Form message: 申込期間ではありません。
[ 2024-04-29 22:42:54,013 ] 91 leongnardo12 - INFO - Refreshing page to check availability trial number 4, template sequence: 96494
[ 2024-04-29 22:42:54,013 ] 91 leongnardo12 - INFO - Refreshing page to check availability trial number 4, template sequence: 96494
[ 2024-04-29 22:42:54,013 ] 91 leongnardo12 - INFO - Refreshing page to check availability trial number 4, template sequence: 96494
[ 2024-04-29 22:42:55,584 ] 91 leongnardo12 - INFO - Form message: 申込期間ではありません。
[ 2024-04-29 22:42:55,584 ] 91 leongnardo12 - INFO - Form message: 申込期間ではありません。
[ 2024-04-29 22:42:55,584 ] 91 leongnardo12 - INFO - Form message: 申込期間ではありません。
[ 2024-04-29 22:42:55,584 ] 91 leongnardo12 - INFO - Refreshing page to check availability trial number 5, template sequence: 96494
[ 2024-04-29 22:42:55,584 ] 91 leongnardo12 - INFO - Refreshing page to check availability trial number 5, template sequence: 96494
[ 2024-04-29 22:42:55,584 ] 91 leongnardo12 - INFO - Refreshing page to check availability trial number 5, template sequence: 96494
[ 2024-04-29 22:42:56,877 ] 91 leongnardo12 - INFO - Form message: 申込期間ではありません。
[ 2024-04-29 22:42:56,877 ] 91 leongnardo12 - INFO - Form message: 申込期間ではありません。
[ 2024-04-29 22:42:56,877 ] 91 leongnardo12 - INFO - Form message: 申込期間ではありません。
[ 2024-04-29 22:42:56,877 ] 91 leongnardo12 - INFO - Refreshing page to check availability trial number 6, template sequence: 96494
[ 2024-04-29 22:42:56,877 ] 91 leongnardo12 - INFO - Refreshing page to check availability trial number 6, template sequence: 96494
[ 2024-04-29 22:42:56,877 ] 91 leongnardo12 - INFO - Refreshing page to check availability trial number 6, template sequence: 96494
[ 2024-04-29 22:42:57,902 ] 91 leongnardo12 - INFO - Form message: 申込期間ではありません。
[ 2024-04-29 22:42:57,902 ] 91 leongnardo12 - INFO - Form message: 申込期間ではありません。
[ 2024-04-29 22:42:57,902 ] 91 leongnardo12 - INFO - Form message: 申込期間ではありません。
[ 2024-04-29 22:42:57,902 ] 91 leongnardo12 - INFO - Refreshing page to check availability trial number 7, template sequence: 96494
[ 2024-04-29 22:42:57,902 ] 91 leongnardo12 - INFO - Refreshing page to check availability trial number 7, template sequence: 96494
[ 2024-04-29 22:42:57,902 ] 91 leongnardo12 - INFO - Refreshing page to check availability trial number 7, template sequence: 96494
[ 2024-04-29 22:42:59,536 ] 91 leongnardo12 - INFO - Form message: 申込期間ではありません。
[ 2024-04-29 22:42:59,536 ] 91 leongnardo12 - INFO - Form message: 申込期間ではありません。
[ 2024-04-29 22:42:59,536 ] 91 leongnardo12 - INFO - Form message: 申込期間ではありません。
[ 2024-04-29 22:42:59,536 ] 91 leongnardo12 - INFO - Refreshing page to check availability trial number 8, template sequence: 96494
[ 2024-04-29 22:42:59,536 ] 91 leongnardo12 - INFO - Refreshing page to check availability trial number 8, template sequence: 96494
[ 2024-04-29 22:42:59,536 ] 91 leongnardo12 - INFO - Refreshing page to check availability trial number 8, template sequence: 96494
[ 2024-04-29 22:43:00,898 ] 91 leongnardo12 - INFO - Form message: 申込期間ではありません。
[ 2024-04-29 22:43:00,898 ] 91 leongnardo12 - INFO - Form message: 申込期間ではありません。
[ 2024-04-29 22:43:00,898 ] 91 leongnardo12 - INFO - Form message: 申込期間ではありません。
[ 2024-04-29 22:43:00,898 ] 91 leongnardo12 - INFO - Refreshing page to check availability trial number 9, template sequence: 96494
[ 2024-04-29 22:43:00,898 ] 91 leongnardo12 - INFO - Refreshing page to check availability trial number 9, template sequence: 96494
[ 2024-04-29 22:43:00,898 ] 91 leongnardo12 - INFO - Refreshing page to check availability trial number 9, template sequence: 96494
