[ 2024-04-29 22:42:26,488 ] 91 root - INFO - Starting all threads
[ 2024-04-29 22:42:26,488 ] 91 root - INFO - Starting all threads
[ 2024-04-29 22:42:26,488 ] 91 root - INFO - Meta: {'__module__': 'src.globals', '__doc__': '        Meta configs        ', 'keyword': 'Hirabari', 'test_mode': False, 'debug_mode': True, 'onlyday': False, 'max_num_retry': 5, 'default_num_threads': 0, 'display_number': 50, 'main_phone_number_dash': '080-1583-0891', 'uc': True, 'headless': False, 'timeout': 900, '__dict__': <attribute '__dict__' of 'Meta' objects>, '__weakref__': <attribute '__weakref__' of 'Meta' objects>}
[ 2024-04-29 22:42:26,488 ] 91 root - INFO - Meta: {'__module__': 'src.globals', '__doc__': '        Meta configs        ', 'keyword': 'Hirabari', 'test_mode': False, 'debug_mode': True, 'onlyday': False, 'max_num_retry': 5, 'default_num_threads': 0, 'display_number': 50, 'main_phone_number_dash': '080-1583-0891', 'uc': True, 'headless': False, 'timeout': 900, '__dict__': <attribute '__dict__' of 'Meta' objects>, '__weakref__': <attribute '__weakref__' of 'Meta' objects>}
[ 2024-04-29 22:42:26,488 ] 91 root - INFO - Number of dev accounts: 4
[ 2024-04-29 22:42:26,488 ] 91 root - INFO - Number of dev accounts: 4
[ 2024-04-29 22:42:26,490 ] 91 main_controller - INFO - Subprocess 0 started with trial number 0
[ 2024-04-29 22:42:26,490 ] 91 main_controller - ERROR - Account is a dictionary, convert to Account object: Username: nihahi50@gmail.com, Password: hoahong1234
[ 2024-04-29 22:42:28,230 ] 91 main_controller - INFO - Browser opened
[ 2024-04-29 22:42:28,499 ] 91 root - INFO - Thread 0 started
[ 2024-04-29 22:42:28,499 ] 91 root - INFO - Thread 0 started
[ 2024-04-29 22:42:28,501 ] 91 main_controller - INFO - Subprocess 1 started with trial number 0
[ 2024-04-29 22:42:28,501 ] 91 main_controller - ERROR - Account is a dictionary, convert to Account object: Username: ble79037@gmail.com, Password: hoahong1234
[ 2024-04-29 22:42:29,255 ] 91 main_controller - INFO - Browser opened
[ 2024-04-29 22:42:30,503 ] 91 root - INFO - Thread 1 started
[ 2024-04-29 22:42:30,503 ] 91 root - INFO - Thread 1 started
[ 2024-04-29 22:42:30,504 ] 91 main_controller - INFO - Subprocess 2 started with trial number 0
[ 2024-04-29 22:42:30,505 ] 91 main_controller - ERROR - Account is a dictionary, convert to Account object: Username: benemmai380@gmail.com, Password: hoahong1234
[ 2024-04-29 22:42:31,277 ] 91 main_controller - INFO - Browser opened
[ 2024-04-29 22:42:32,508 ] 91 root - INFO - Thread 2 started
[ 2024-04-29 22:42:32,508 ] 91 root - INFO - Thread 2 started
[ 2024-04-29 22:42:32,510 ] 91 main_controller - INFO - Subprocess 3 started with trial number 0
[ 2024-04-29 22:42:32,511 ] 91 main_controller - ERROR - Account is a dictionary, convert to Account object: Username: leongnardo12@gmail.com, Password: hoahong1234
[ 2024-04-29 22:42:33,318 ] 91 main_controller - INFO - Browser opened
[ 2024-04-29 22:42:33,982 ] 91 nihahi50 - INFO - Opened login page
[ 2024-04-29 22:42:34,514 ] 91 root - INFO - Thread 3 started
[ 2024-04-29 22:42:34,514 ] 91 root - INFO - Thread 3 started
[ 2024-04-29 22:42:34,801 ] 91 ble79037 - INFO - Opened login page
[ 2024-04-29 22:42:36,781 ] 91 benemmai380 - INFO - Opened login page
[ 2024-04-29 22:42:38,797 ] 91 leongnardo12 - INFO - Opened login page
[ 2024-04-29 22:42:40,604 ] 91 benemmai380 - INFO - Logging in
[ 2024-04-29 22:42:40,607 ] 91 benemmai380 - INFO - Current url: https://www.shinsei.e-aichi.jp/pref-aichi-police-u/offer/offerList_initDisplay
[ 2024-04-29 22:42:40,913 ] 91 benemmai380 - INFO - Logged in finished
[ 2024-04-29 22:42:40,913 ] 91 main_controller - INFO - Logged in successfully
[ 2024-04-29 22:42:41,036 ] 91 main_controller - INFO - Screenshot saved to D:\luthien\code\Achi.Tool\AichiSelenium\logs\2024_04_29\22_42_26\screenshot_benemmai380.png
[ 2024-04-29 22:42:41,037 ] 91 main_controller - INFO - Finding forms
[ 2024-04-29 22:42:41,039 ] 91 benemmai380 - INFO - On main page
[ 2024-04-29 22:42:42,271 ] 91 leongnardo12 - INFO - Logging in
[ 2024-04-29 22:42:42,274 ] 91 leongnardo12 - INFO - Current url: https://www.shinsei.e-aichi.jp/pref-aichi-police-u/offer/offerList_initDisplay
[ 2024-04-29 22:42:42,387 ] 91 benemmai380 - INFO - Search submitted
[ 2024-04-29 22:42:42,400 ] 91 benemmai380 - INFO - Collected 20 forms
[ 2024-04-29 22:42:42,587 ] 91 leongnardo12 - INFO - Logged in finished
[ 2024-04-29 22:42:42,587 ] 91 main_controller - INFO - Logged in successfully
[ 2024-04-29 22:42:42,680 ] 91 benemmai380 - INFO - Number of filtered forms left is: 5 form(s)
[ 2024-04-29 22:42:42,680 ] 91 benemmai380 - INFO - ＜05月14日(火) 08:45～09:30＞[平針]外国免許切替審査 Hirabari Exchanging Foreign Driver's License -  - 2024年04月30日 07時30分 - 2024年05月10日 12時00分 - 96490 - https://www.shinsei.e-aichi.jp/pref-aichi-police-u/offer/offerList_detailTop?tempSeq=96490 - True
[ 2024-04-29 22:42:42,680 ] 91 benemmai380 - INFO - ＜05月14日(火) 09:30～10:30＞[平針]外国免許切替審査 Hirabari Exchanging Foreign Driver's License -  - 2024年04月30日 07時30分 - 2024年05月10日 12時00分 - 96491 - https://www.shinsei.e-aichi.jp/pref-aichi-police-u/offer/offerList_detailTop?tempSeq=96491 - True
[ 2024-04-29 22:42:42,680 ] 91 benemmai380 - INFO - ＜05月14日(火) 10:30～11:45＞[平針]外国免許切替審査 Hirabari Exchanging Foreign Driver's License -  - 2024年04月30日 07時30分 - 2024年05月10日 12時00分 - 96492 - https://www.shinsei.e-aichi.jp/pref-aichi-police-u/offer/offerList_detailTop?tempSeq=96492 - True
[ 2024-04-29 22:42:42,681 ] 91 benemmai380 - INFO - ＜05月14日(火) 12:45～13:30＞[平針]外国免許切替審査 Hirabari Exchanging Foreign Driver's License -  - 2024年04月30日 07時30分 - 2024年05月10日 12時00分 - 96493 - https://www.shinsei.e-aichi.jp/pref-aichi-police-u/offer/offerList_detailTop?tempSeq=96493 - True
[ 2024-04-29 22:42:42,681 ] 91 benemmai380 - INFO - ＜05月14日(火) 13:30～14:45＞[平針]外国免許切替審査 Hirabari Exchanging Foreign Driver's License -  - 2024年04月30日 07時30分 - 2024年05月10日 12時00分 - 96494 - https://www.shinsei.e-aichi.jp/pref-aichi-police-u/offer/offerList_detailTop?tempSeq=96494 - True
[ 2024-04-29 22:42:42,681 ] 91 main_controller - INFO - Found 5 form(s)
[ 2024-04-29 22:42:42,681 ] 91 main_controller - INFO - Customers: [{'first_name': 'Thi Ngoc', 'last_name': 'Bui', 'date_birth': '19930101', 'nation': 'ベトナム', 'country': 'ベトナム'}, {'first_name': 'Van Thuc', 'last_name': 'Nguyen', 'date_birth': '19941003', 'nation': 'ベトナム', 'country': 'ベトナム'}, {'first_name': 'Ghimire', 'last_name': 'Sagyan', 'date_birth': '20020604', 'nation': 'ネパール', 'country': 'ネパール'}, {'first_name': 'Emmanuel', 'last_name': 'Obua', 'date_birth': '19801225', 'nation': 'ウガンダ', 'country': 'ウガンダ'}, {'first_name': 'Ritoshi Dos Santos Oyakawa', 'last_name': 'Vinicius', 'date_birth': '19990621', 'nation': 'ブラジル', 'country': 'ブラジル'}, {'first_name': 'Raiz Sintani', 'last_name': 'Vinicius', 'date_birth': '19990621', 'nation': 'ブラジル', 'country': 'ブラジル'}, {'first_name': 'Ritoshi Dos Santos Oyakawa', 'last_name': 'Cristiane', 'date_birth': '19680727', 'nation': 'ブラジル', 'country': 'ブラジル'}, {'first_name': 'Lama', 'last_name': 'Karan', 'date_birth': '20010512', 'nation': 'ネパール', 'country': 'ネパール'}, {'first_name': 'Jan Hakim Jan', 'last_name': 'Muhammad', 'date_birth': '19770101', 'nation': 'パキスタン', 'country': 'パキスタン'}]
[ 2024-04-29 22:42:42,682 ] 91 main_controller - INFO - Customer info index 0: {'first_name': 'Thi Ngoc', 'last_name': 'Bui', 'date_birth': '19930101', 'nation': 'ベトナム', 'country': 'ベトナム', 'phone_number': '080-1583-0891', 'gender': 'F'}
[ 2024-04-29 22:42:42,682 ] 91 main_controller - INFO - Customer index 0: Bui Thi Ngoc, F, 19930101, 080-1583-0891, ベトナム
[ 2024-04-29 22:42:42,682 ] 91 benemmai380 - INFO - Accessing form, template sequence: 96494
[ 2024-04-29 22:42:42,683 ] 91 benemmai380 - INFO - Form URL: https://www.shinsei.e-aichi.jp/pref-aichi-police-u/offer/offerList_detailTop?tempSeq=96494
[ 2024-04-29 22:42:42,700 ] 91 main_controller - INFO - Screenshot saved to D:\luthien\code\Achi.Tool\AichiSelenium\logs\2024_04_29\22_42_26\screenshot_leongnardo12.png
[ 2024-04-29 22:42:42,701 ] 91 main_controller - INFO - Finding forms
[ 2024-04-29 22:42:42,703 ] 91 leongnardo12 - INFO - On main page
[ 2024-04-29 22:42:44,116 ] 91 leongnardo12 - INFO - Search submitted
[ 2024-04-29 22:42:44,126 ] 91 leongnardo12 - INFO - Collected 20 forms
[ 2024-04-29 22:42:44,429 ] 91 leongnardo12 - INFO - Number of filtered forms left is: 5 form(s)
[ 2024-04-29 22:42:44,429 ] 91 leongnardo12 - INFO - ＜05月14日(火) 08:45～09:30＞[平針]外国免許切替審査 Hirabari Exchanging Foreign Driver's License -  - 2024年04月30日 07時30分 - 2024年05月10日 12時00分 - 96490 - https://www.shinsei.e-aichi.jp/pref-aichi-police-u/offer/offerList_detailTop?tempSeq=96490 - True
[ 2024-04-29 22:42:44,429 ] 91 leongnardo12 - INFO - ＜05月14日(火) 09:30～10:30＞[平針]外国免許切替審査 Hirabari Exchanging Foreign Driver's License -  - 2024年04月30日 07時30分 - 2024年05月10日 12時00分 - 96491 - https://www.shinsei.e-aichi.jp/pref-aichi-police-u/offer/offerList_detailTop?tempSeq=96491 - True
[ 2024-04-29 22:42:44,429 ] 91 leongnardo12 - INFO - ＜05月14日(火) 10:30～11:45＞[平針]外国免許切替審査 Hirabari Exchanging Foreign Driver's License -  - 2024年04月30日 07時30分 - 2024年05月10日 12時00分 - 96492 - https://www.shinsei.e-aichi.jp/pref-aichi-police-u/offer/offerList_detailTop?tempSeq=96492 - True
[ 2024-04-29 22:42:44,430 ] 91 leongnardo12 - INFO - ＜05月14日(火) 12:45～13:30＞[平針]外国免許切替審査 Hirabari Exchanging Foreign Driver's License -  - 2024年04月30日 07時30分 - 2024年05月10日 12時00分 - 96493 - https://www.shinsei.e-aichi.jp/pref-aichi-police-u/offer/offerList_detailTop?tempSeq=96493 - True
[ 2024-04-29 22:42:44,430 ] 91 leongnardo12 - INFO - ＜05月14日(火) 13:30～14:45＞[平針]外国免許切替審査 Hirabari Exchanging Foreign Driver's License -  - 2024年04月30日 07時30分 - 2024年05月10日 12時00分 - 96494 - https://www.shinsei.e-aichi.jp/pref-aichi-police-u/offer/offerList_detailTop?tempSeq=96494 - True
[ 2024-04-29 22:42:44,430 ] 91 main_controller - INFO - Found 5 form(s)
[ 2024-04-29 22:42:44,430 ] 91 main_controller - INFO - Customers: [{'first_name': 'Thi Ngoc', 'last_name': 'Bui', 'date_birth': '19930101', 'nation': 'ベトナム', 'country': 'ベトナム', 'phone_number': '080-1583-0891', 'gender': 'F'}, {'first_name': 'Van Thuc', 'last_name': 'Nguyen', 'date_birth': '19941003', 'nation': 'ベトナム', 'country': 'ベトナム'}, {'first_name': 'Ghimire', 'last_name': 'Sagyan', 'date_birth': '20020604', 'nation': 'ネパール', 'country': 'ネパール'}, {'first_name': 'Emmanuel', 'last_name': 'Obua', 'date_birth': '19801225', 'nation': 'ウガンダ', 'country': 'ウガンダ'}, {'first_name': 'Ritoshi Dos Santos Oyakawa', 'last_name': 'Vinicius', 'date_birth': '19990621', 'nation': 'ブラジル', 'country': 'ブラジル'}, {'first_name': 'Raiz Sintani', 'last_name': 'Vinicius', 'date_birth': '19990621', 'nation': 'ブラジル', 'country': 'ブラジル'}, {'first_name': 'Ritoshi Dos Santos Oyakawa', 'last_name': 'Cristiane', 'date_birth': '19680727', 'nation': 'ブラジル', 'country': 'ブラジル'}, {'first_name': 'Lama', 'last_name': 'Karan', 'date_birth': '20010512', 'nation': 'ネパール', 'country': 'ネパール'}, {'first_name': 'Jan Hakim Jan', 'last_name': 'Muhammad', 'date_birth': '19770101', 'nation': 'パキスタン', 'country': 'パキスタン'}]
[ 2024-04-29 22:42:44,431 ] 91 main_controller - INFO - Customer info index 0: {'first_name': 'Thi Ngoc', 'last_name': 'Bui', 'date_birth': '19930101', 'nation': 'ベトナム', 'country': 'ベトナム', 'phone_number': '080-1583-0891', 'gender': 'M'}
[ 2024-04-29 22:42:44,431 ] 91 main_controller - INFO - Customer index 0: Bui Thi Ngoc, M, 19930101, 080-1583-0891, ベトナム
[ 2024-04-29 22:42:44,431 ] 91 leongnardo12 - INFO - Accessing form, template sequence: 96494
[ 2024-04-29 22:42:44,432 ] 91 leongnardo12 - INFO - Form URL: https://www.shinsei.e-aichi.jp/pref-aichi-police-u/offer/offerList_detailTop?tempSeq=96494
[ 2024-04-29 22:42:45,240 ] 79 main_controller - ERROR - Caught exception: sequence item 1: expected str instance, TimeoutException found
Traceback (most recent call last):
  File "D:\luthien\code\Achi.Tool\AichiSelenium\src\controllers\access.py", line 29, in login
    wait_until_presence(browser, By.ID, "userLoginForm.userId")
  File "D:\luthien\code\Achi.Tool\AichiSelenium\src\utils\html_utils.py", line 8, in wait_until_presence
    WebDriverWait(browser, timeout).until(EC.presence_of_element_located((by, html)))
  File "C:\Users\Admin\anaconda3\envs\aichi\lib\site-packages\selenium\webdriver\support\wait.py", line 105, in until
    raise TimeoutException(message, screen, stacktrace)
selenium.common.exceptions.TimeoutException: Message: 
Stacktrace:
	GetHandleVerifier [0x00007FF68FB0F922+3045234]
	(No symbol) [0x00007FF68F7B3652]
	(No symbol) [0x00007FF68F677564]
	(No symbol) [0x00007FF68F6C5F9D]
	(No symbol) [0x00007FF68F6C606C]
	(No symbol) [0x00007FF68F70BDD7]
	(No symbol) [0x00007FF68F6E9DEF]
	(No symbol) [0x00007FF68F7091C4]
	(No symbol) [0x00007FF68F6E9B53]
	(No symbol) [0x00007FF68F6B813C]
	(No symbol) [0x00007FF68F6B8D71]
	GetHandleVerifier [0x00007FF68FB3E89D+3237613]
	GetHandleVerifier [0x00007FF68FB80BA7+3508727]
	GetHandleVerifier [0x00007FF68FB7976F+3478975]
	GetHandleVerifier [0x00007FF68F8EF1C6+815126]
	(No symbol) [0x00007FF68F7BED0F]
	(No symbol) [0x00007FF68F7B9854]
	(No symbol) [0x00007FF68F7B99E2]
	(No symbol) [0x00007FF68F7AA574]
	BaseThreadInitThunk [0x00007FFB6E9B257D+29]
	RtlUserThreadStart [0x00007FFB6FD0AA48+40]


During handling of the above exception, another exception occurred:

Traceback (most recent call last):
  File "D:\luthien\code\Achi.Tool\AichiSelenium\src\controllers\main_controller.py", line 58, in subprocess
    result = access.login(browser)
  File "D:\luthien\code\Achi.Tool\AichiSelenium\src\controllers\access.py", line 53, in login
    self.logger.error("Failed to login", e)
  File "D:\luthien\code\Achi.Tool\AichiSelenium\src\logs.py", line 73, in error
    self._log(logging.ERROR, *msg)
  File "D:\luthien\code\Achi.Tool\AichiSelenium\src\logs.py", line 90, in _log
    message = " ".join(msg)
TypeError: sequence item 1: expected str instance, TimeoutException found
[ 2024-04-29 22:42:46,062 ] 79 main_controller - ERROR - Caught exception: sequence item 1: expected str instance, TimeoutException found
Traceback (most recent call last):
  File "D:\luthien\code\Achi.Tool\AichiSelenium\src\controllers\access.py", line 29, in login
    wait_until_presence(browser, By.ID, "userLoginForm.userId")
  File "D:\luthien\code\Achi.Tool\AichiSelenium\src\utils\html_utils.py", line 8, in wait_until_presence
    WebDriverWait(browser, timeout).until(EC.presence_of_element_located((by, html)))
  File "C:\Users\Admin\anaconda3\envs\aichi\lib\site-packages\selenium\webdriver\support\wait.py", line 105, in until
    raise TimeoutException(message, screen, stacktrace)
selenium.common.exceptions.TimeoutException: Message: 
Stacktrace:
	GetHandleVerifier [0x00007FF68FB0F922+3045234]
	(No symbol) [0x00007FF68F7B3652]
	(No symbol) [0x00007FF68F677564]
	(No symbol) [0x00007FF68F6C5F9D]
	(No symbol) [0x00007FF68F6C606C]
	(No symbol) [0x00007FF68F70BDD7]
	(No symbol) [0x00007FF68F6E9DEF]
	(No symbol) [0x00007FF68F7091C4]
	(No symbol) [0x00007FF68F6E9B53]
	(No symbol) [0x00007FF68F6B813C]
	(No symbol) [0x00007FF68F6B8D71]
	GetHandleVerifier [0x00007FF68FB3E89D+3237613]
	GetHandleVerifier [0x00007FF68FB80BA7+3508727]
	GetHandleVerifier [0x00007FF68FB7976F+3478975]
	GetHandleVerifier [0x00007FF68F8EF1C6+815126]
	(No symbol) [0x00007FF68F7BED0F]
	(No symbol) [0x00007FF68F7B9854]
	(No symbol) [0x00007FF68F7B99E2]
	(No symbol) [0x00007FF68F7AA574]
	BaseThreadInitThunk [0x00007FFB6E9B257D+29]
	RtlUserThreadStart [0x00007FFB6FD0AA48+40]


During handling of the above exception, another exception occurred:

Traceback (most recent call last):
  File "D:\luthien\code\Achi.Tool\AichiSelenium\src\controllers\main_controller.py", line 58, in subprocess
    result = access.login(browser)
  File "D:\luthien\code\Achi.Tool\AichiSelenium\src\controllers\access.py", line 53, in login
    self.logger.error("Failed to login", e)
  File "D:\luthien\code\Achi.Tool\AichiSelenium\src\logs.py", line 73, in error
    self._log(logging.ERROR, *msg)
  File "D:\luthien\code\Achi.Tool\AichiSelenium\src\logs.py", line 90, in _log
    message = " ".join(msg)
TypeError: sequence item 1: expected str instance, TimeoutException found
[ 2024-04-29 22:42:47,363 ] 91 main_controller - INFO - Subprocess 0 started with trial number 1
[ 2024-04-29 22:42:48,184 ] 91 main_controller - INFO - Subprocess 1 started with trial number 1
[ 2024-04-29 22:42:48,313 ] 91 benemmai380 - INFO - Accessed form successfully
[ 2024-04-29 22:42:48,324 ] 91 benemmai380 - INFO - Form message: 申込期間ではありません。
[ 2024-04-29 22:42:48,324 ] 91 benemmai380 - INFO - Refreshing page to check availability trial number 1, template sequence: 96494
[ 2024-04-29 22:42:49,101 ] 91 main_controller - INFO - Browser opened
[ 2024-04-29 22:42:49,648 ] 91 benemmai380 - INFO - Form message: 申込期間ではありません。
[ 2024-04-29 22:42:49,648 ] 91 benemmai380 - INFO - Refreshing page to check availability trial number 2, template sequence: 96494
[ 2024-04-29 22:42:49,664 ] 91 main_controller - INFO - Browser opened
[ 2024-04-29 22:42:50,008 ] 91 leongnardo12 - INFO - Accessed form successfully
[ 2024-04-29 22:42:50,019 ] 91 leongnardo12 - INFO - Form message: 申込期間ではありません。
[ 2024-04-29 22:42:50,019 ] 91 leongnardo12 - INFO - Refreshing page to check availability trial number 1, template sequence: 96494
[ 2024-04-29 22:42:51,282 ] 91 benemmai380 - INFO - Form message: 申込期間ではありません。
[ 2024-04-29 22:42:51,282 ] 91 benemmai380 - INFO - Refreshing page to check availability trial number 3, template sequence: 96494
[ 2024-04-29 22:42:51,346 ] 91 leongnardo12 - INFO - Form message: 申込期間ではありません。
[ 2024-04-29 22:42:51,346 ] 91 leongnardo12 - INFO - Refreshing page to check availability trial number 2, template sequence: 96494
[ 2024-04-29 22:42:52,870 ] 91 benemmai380 - INFO - Form message: 申込期間ではありません。
[ 2024-04-29 22:42:52,870 ] 91 benemmai380 - INFO - Refreshing page to check availability trial number 4, template sequence: 96494
[ 2024-04-29 22:42:52,952 ] 91 leongnardo12 - INFO - Form message: 申込期間ではありません。
[ 2024-04-29 22:42:52,952 ] 91 leongnardo12 - INFO - Refreshing page to check availability trial number 3, template sequence: 96494
[ 2024-04-29 22:42:54,013 ] 91 leongnardo12 - INFO - Form message: 申込期間ではありません。
[ 2024-04-29 22:42:54,013 ] 91 leongnardo12 - INFO - Refreshing page to check availability trial number 4, template sequence: 96494
[ 2024-04-29 22:42:54,486 ] 91 benemmai380 - INFO - Form message: 申込期間ではありません。
[ 2024-04-29 22:42:54,486 ] 91 benemmai380 - INFO - Refreshing page to check availability trial number 5, template sequence: 96494
[ 2024-04-29 22:42:54,742 ] 91 nihahi50 - INFO - Opened login page
[ 2024-04-29 22:42:55,162 ] 91 ble79037 - INFO - Opened login page
[ 2024-04-29 22:42:55,584 ] 91 leongnardo12 - INFO - Form message: 申込期間ではありません。
[ 2024-04-29 22:42:55,584 ] 91 leongnardo12 - INFO - Refreshing page to check availability trial number 5, template sequence: 96494
[ 2024-04-29 22:42:55,851 ] 91 benemmai380 - INFO - Form message: 申込期間ではありません。
[ 2024-04-29 22:42:55,851 ] 91 benemmai380 - INFO - Refreshing page to check availability trial number 6, template sequence: 96494
[ 2024-04-29 22:42:56,877 ] 91 leongnardo12 - INFO - Form message: 申込期間ではありません。
[ 2024-04-29 22:42:56,877 ] 91 leongnardo12 - INFO - Refreshing page to check availability trial number 6, template sequence: 96494
[ 2024-04-29 22:42:57,468 ] 91 benemmai380 - INFO - Form message: 申込期間ではありません。
[ 2024-04-29 22:42:57,468 ] 91 benemmai380 - INFO - Refreshing page to check availability trial number 7, template sequence: 96494
[ 2024-04-29 22:42:57,902 ] 91 leongnardo12 - INFO - Form message: 申込期間ではありません。
[ 2024-04-29 22:42:57,902 ] 91 leongnardo12 - INFO - Refreshing page to check availability trial number 7, template sequence: 96494
[ 2024-04-29 22:42:58,059 ] 91 nihahi50 - INFO - Logging in
[ 2024-04-29 22:42:58,062 ] 91 nihahi50 - INFO - Current url: https://www.shinsei.e-aichi.jp/pref-aichi-police-u/offer/offerList_initDisplay
[ 2024-04-29 22:42:58,380 ] 91 nihahi50 - INFO - Logged in finished
[ 2024-04-29 22:42:58,381 ] 91 main_controller - INFO - Logged in successfully
[ 2024-04-29 22:42:58,517 ] 91 main_controller - INFO - Screenshot saved to D:\luthien\code\Achi.Tool\AichiSelenium\logs\2024_04_29\22_42_26\screenshot_nihahi50.png
[ 2024-04-29 22:42:58,517 ] 91 main_controller - INFO - Finding forms
[ 2024-04-29 22:42:58,520 ] 91 nihahi50 - INFO - On main page
[ 2024-04-29 22:42:58,783 ] 91 benemmai380 - INFO - Form message: 申込期間ではありません。
[ 2024-04-29 22:42:58,784 ] 91 benemmai380 - INFO - Refreshing page to check availability trial number 8, template sequence: 96494
[ 2024-04-29 22:42:58,794 ] 91 ble79037 - INFO - Logging in
[ 2024-04-29 22:42:58,798 ] 91 ble79037 - INFO - Current url: https://www.shinsei.e-aichi.jp/pref-aichi-police-u/offer/offerList_initDisplay
[ 2024-04-29 22:42:59,110 ] 91 ble79037 - INFO - Logged in finished
[ 2024-04-29 22:42:59,111 ] 91 main_controller - INFO - Logged in successfully
[ 2024-04-29 22:42:59,265 ] 91 main_controller - INFO - Screenshot saved to D:\luthien\code\Achi.Tool\AichiSelenium\logs\2024_04_29\22_42_26\screenshot_ble79037.png
[ 2024-04-29 22:42:59,265 ] 91 main_controller - INFO - Finding forms
[ 2024-04-29 22:42:59,268 ] 91 ble79037 - INFO - On main page
[ 2024-04-29 22:42:59,536 ] 91 leongnardo12 - INFO - Form message: 申込期間ではありません。
[ 2024-04-29 22:42:59,536 ] 91 leongnardo12 - INFO - Refreshing page to check availability trial number 8, template sequence: 96494
[ 2024-04-29 22:42:59,835 ] 91 nihahi50 - INFO - Search submitted
[ 2024-04-29 22:42:59,860 ] 91 nihahi50 - INFO - Collected 20 forms
[ 2024-04-29 22:43:00,265 ] 91 nihahi50 - INFO - Number of filtered forms left is: 5 form(s)
[ 2024-04-29 22:43:00,266 ] 91 nihahi50 - INFO - ＜05月14日(火) 08:45～09:30＞[平針]外国免許切替審査 Hirabari Exchanging Foreign Driver's License -  - 2024年04月30日 07時30分 - 2024年05月10日 12時00分 - 96490 - https://www.shinsei.e-aichi.jp/pref-aichi-police-u/offer/offerList_detailTop?tempSeq=96490 - True
[ 2024-04-29 22:43:00,266 ] 91 nihahi50 - INFO - ＜05月14日(火) 09:30～10:30＞[平針]外国免許切替審査 Hirabari Exchanging Foreign Driver's License -  - 2024年04月30日 07時30分 - 2024年05月10日 12時00分 - 96491 - https://www.shinsei.e-aichi.jp/pref-aichi-police-u/offer/offerList_detailTop?tempSeq=96491 - True
[ 2024-04-29 22:43:00,266 ] 91 nihahi50 - INFO - ＜05月14日(火) 10:30～11:45＞[平針]外国免許切替審査 Hirabari Exchanging Foreign Driver's License -  - 2024年04月30日 07時30分 - 2024年05月10日 12時00分 - 96492 - https://www.shinsei.e-aichi.jp/pref-aichi-police-u/offer/offerList_detailTop?tempSeq=96492 - True
[ 2024-04-29 22:43:00,266 ] 91 nihahi50 - INFO - ＜05月14日(火) 12:45～13:30＞[平針]外国免許切替審査 Hirabari Exchanging Foreign Driver's License -  - 2024年04月30日 07時30分 - 2024年05月10日 12時00分 - 96493 - https://www.shinsei.e-aichi.jp/pref-aichi-police-u/offer/offerList_detailTop?tempSeq=96493 - True
[ 2024-04-29 22:43:00,266 ] 91 nihahi50 - INFO - ＜05月14日(火) 13:30～14:45＞[平針]外国免許切替審査 Hirabari Exchanging Foreign Driver's License -  - 2024年04月30日 07時30分 - 2024年05月10日 12時00分 - 96494 - https://www.shinsei.e-aichi.jp/pref-aichi-police-u/offer/offerList_detailTop?tempSeq=96494 - True
[ 2024-04-29 22:43:00,266 ] 91 main_controller - INFO - Found 5 form(s)
[ 2024-04-29 22:43:00,266 ] 91 main_controller - INFO - Customers: [{'first_name': 'Thi Ngoc', 'last_name': 'Bui', 'date_birth': '19930101', 'nation': 'ベトナム', 'country': 'ベトナム', 'phone_number': '080-1583-0891', 'gender': 'M'}, {'first_name': 'Van Thuc', 'last_name': 'Nguyen', 'date_birth': '19941003', 'nation': 'ベトナム', 'country': 'ベトナム'}, {'first_name': 'Ghimire', 'last_name': 'Sagyan', 'date_birth': '20020604', 'nation': 'ネパール', 'country': 'ネパール'}, {'first_name': 'Emmanuel', 'last_name': 'Obua', 'date_birth': '19801225', 'nation': 'ウガンダ', 'country': 'ウガンダ'}, {'first_name': 'Ritoshi Dos Santos Oyakawa', 'last_name': 'Vinicius', 'date_birth': '19990621', 'nation': 'ブラジル', 'country': 'ブラジル'}, {'first_name': 'Raiz Sintani', 'last_name': 'Vinicius', 'date_birth': '19990621', 'nation': 'ブラジル', 'country': 'ブラジル'}, {'first_name': 'Ritoshi Dos Santos Oyakawa', 'last_name': 'Cristiane', 'date_birth': '19680727', 'nation': 'ブラジル', 'country': 'ブラジル'}, {'first_name': 'Lama', 'last_name': 'Karan', 'date_birth': '20010512', 'nation': 'ネパール', 'country': 'ネパール'}, {'first_name': 'Jan Hakim Jan', 'last_name': 'Muhammad', 'date_birth': '19770101', 'nation': 'パキスタン', 'country': 'パキスタン'}]
[ 2024-04-29 22:43:00,267 ] 91 main_controller - INFO - Customer info index 0: {'first_name': 'Thi Ngoc', 'last_name': 'Bui', 'date_birth': '19930101', 'nation': 'ベトナム', 'country': 'ベトナム', 'phone_number': '080-1583-0891', 'gender': 'F'}
[ 2024-04-29 22:43:00,267 ] 91 main_controller - INFO - Customer index 0: Bui Thi Ngoc, F, 19930101, 080-1583-0891, ベトナム
[ 2024-04-29 22:43:00,267 ] 91 nihahi50 - INFO - Accessing form, template sequence: 96493
[ 2024-04-29 22:43:00,268 ] 91 nihahi50 - INFO - Form URL: https://www.shinsei.e-aichi.jp/pref-aichi-police-u/offer/offerList_detailTop?tempSeq=96493
[ 2024-04-29 22:43:00,403 ] 91 benemmai380 - INFO - Form message: 申込期間ではありません。
[ 2024-04-29 22:43:00,403 ] 91 benemmai380 - INFO - Refreshing page to check availability trial number 9, template sequence: 96494
[ 2024-04-29 22:43:00,690 ] 91 ble79037 - INFO - Search submitted
[ 2024-04-29 22:43:00,710 ] 91 ble79037 - INFO - Collected 20 forms
[ 2024-04-29 22:43:00,898 ] 91 leongnardo12 - INFO - Form message: 申込期間ではありません。
[ 2024-04-29 22:43:00,898 ] 91 leongnardo12 - INFO - Refreshing page to check availability trial number 9, template sequence: 96494
[ 2024-04-29 22:43:01,103 ] 91 ble79037 - INFO - Number of filtered forms left is: 5 form(s)
[ 2024-04-29 22:43:01,103 ] 91 ble79037 - INFO - ＜05月14日(火) 08:45～09:30＞[平針]外国免許切替審査 Hirabari Exchanging Foreign Driver's License -  - 2024年04月30日 07時30分 - 2024年05月10日 12時00分 - 96490 - https://www.shinsei.e-aichi.jp/pref-aichi-police-u/offer/offerList_detailTop?tempSeq=96490 - True
[ 2024-04-29 22:43:01,103 ] 91 ble79037 - INFO - ＜05月14日(火) 09:30～10:30＞[平針]外国免許切替審査 Hirabari Exchanging Foreign Driver's License -  - 2024年04月30日 07時30分 - 2024年05月10日 12時00分 - 96491 - https://www.shinsei.e-aichi.jp/pref-aichi-police-u/offer/offerList_detailTop?tempSeq=96491 - True
[ 2024-04-29 22:43:01,103 ] 91 ble79037 - INFO - ＜05月14日(火) 10:30～11:45＞[平針]外国免許切替審査 Hirabari Exchanging Foreign Driver's License -  - 2024年04月30日 07時30分 - 2024年05月10日 12時00分 - 96492 - https://www.shinsei.e-aichi.jp/pref-aichi-police-u/offer/offerList_detailTop?tempSeq=96492 - True
[ 2024-04-29 22:43:01,104 ] 91 ble79037 - INFO - ＜05月14日(火) 12:45～13:30＞[平針]外国免許切替審査 Hirabari Exchanging Foreign Driver's License -  - 2024年04月30日 07時30分 - 2024年05月10日 12時00分 - 96493 - https://www.shinsei.e-aichi.jp/pref-aichi-police-u/offer/offerList_detailTop?tempSeq=96493 - True
[ 2024-04-29 22:43:01,105 ] 91 ble79037 - INFO - ＜05月14日(火) 13:30～14:45＞[平針]外国免許切替審査 Hirabari Exchanging Foreign Driver's License -  - 2024年04月30日 07時30分 - 2024年05月10日 12時00分 - 96494 - https://www.shinsei.e-aichi.jp/pref-aichi-police-u/offer/offerList_detailTop?tempSeq=96494 - True
[ 2024-04-29 22:43:01,105 ] 91 main_controller - INFO - Found 5 form(s)
[ 2024-04-29 22:43:01,105 ] 91 main_controller - INFO - Customers: [{'first_name': 'Thi Ngoc', 'last_name': 'Bui', 'date_birth': '19930101', 'nation': 'ベトナム', 'country': 'ベトナム', 'phone_number': '080-1583-0891', 'gender': 'F'}, {'first_name': 'Van Thuc', 'last_name': 'Nguyen', 'date_birth': '19941003', 'nation': 'ベトナム', 'country': 'ベトナム'}, {'first_name': 'Ghimire', 'last_name': 'Sagyan', 'date_birth': '20020604', 'nation': 'ネパール', 'country': 'ネパール'}, {'first_name': 'Emmanuel', 'last_name': 'Obua', 'date_birth': '19801225', 'nation': 'ウガンダ', 'country': 'ウガンダ'}, {'first_name': 'Ritoshi Dos Santos Oyakawa', 'last_name': 'Vinicius', 'date_birth': '19990621', 'nation': 'ブラジル', 'country': 'ブラジル'}, {'first_name': 'Raiz Sintani', 'last_name': 'Vinicius', 'date_birth': '19990621', 'nation': 'ブラジル', 'country': 'ブラジル'}, {'first_name': 'Ritoshi Dos Santos Oyakawa', 'last_name': 'Cristiane', 'date_birth': '19680727', 'nation': 'ブラジル', 'country': 'ブラジル'}, {'first_name': 'Lama', 'last_name': 'Karan', 'date_birth': '20010512', 'nation': 'ネパール', 'country': 'ネパール'}, {'first_name': 'Jan Hakim Jan', 'last_name': 'Muhammad', 'date_birth': '19770101', 'nation': 'パキスタン', 'country': 'パキスタン'}]
[ 2024-04-29 22:43:01,106 ] 91 main_controller - INFO - Customer info index 0: {'first_name': 'Thi Ngoc', 'last_name': 'Bui', 'date_birth': '19930101', 'nation': 'ベトナム', 'country': 'ベトナム', 'phone_number': '080-1583-0891', 'gender': 'F'}
[ 2024-04-29 22:43:01,106 ] 91 main_controller - INFO - Customer index 0: Bui Thi Ngoc, F, 19930101, 080-1583-0891, ベトナム
[ 2024-04-29 22:43:01,106 ] 91 ble79037 - INFO - Accessing form, template sequence: 96492
[ 2024-04-29 22:43:01,107 ] 91 ble79037 - INFO - Form URL: https://www.shinsei.e-aichi.jp/pref-aichi-police-u/offer/offerList_detailTop?tempSeq=96492
