[ 2024-04-17 05:21:07,589 ] 94 main_controller - INFO - Subprocess 0 started with trial number 0
[ 2024-04-17 05:21:07,590 ] 94 main_controller - ERROR - Account is a dictionary, convert to Account object: Username: Nickpown0411@gmail.com, Password: hoahong1234
[ 2024-04-17 05:21:09,596 ] 94 main_controller - INFO - Subprocess 1 started with trial number 0
[ 2024-04-17 05:21:09,596 ] 94 main_controller - INFO - Subprocess 1 started with trial number 0
[ 2024-04-17 05:21:09,597 ] 94 main_controller - ERROR - Account is a dictionary, convert to Account object: Username: marjyamada040493@gmail.com, Password: Marj0409
[ 2024-04-17 05:21:09,597 ] 94 main_controller - ERROR - Account is a dictionary, convert to Account object: Username: marjyamada040493@gmail.com, Password: Marj0409
[ 2024-04-17 05:21:11,524 ] 94 main_controller - INFO - Browser opened
[ 2024-04-17 05:21:11,524 ] 94 main_controller - INFO - Browser opened
[ 2024-04-17 05:21:11,609 ] 94 main_controller - INFO - Subprocess 2 started with trial number 0
[ 2024-04-17 05:21:11,609 ] 94 main_controller - INFO - Subprocess 2 started with trial number 0
[ 2024-04-17 05:21:11,609 ] 94 main_controller - INFO - Subprocess 2 started with trial number 0
[ 2024-04-17 05:21:11,611 ] 94 main_controller - ERROR - Account is a dictionary, convert to Account object: Username: Jamebrown0206@gmail.com, Password: hoahong1234
[ 2024-04-17 05:21:11,611 ] 94 main_controller - ERROR - Account is a dictionary, convert to Account object: Username: Jamebrown0206@gmail.com, Password: hoahong1234
[ 2024-04-17 05:21:11,611 ] 94 main_controller - ERROR - Account is a dictionary, convert to Account object: Username: Jamebrown0206@gmail.com, Password: hoahong1234
[ 2024-04-17 05:21:12,373 ] 94 main_controller - INFO - Browser opened
[ 2024-04-17 05:21:12,373 ] 94 main_controller - INFO - Browser opened
[ 2024-04-17 05:21:12,373 ] 94 main_controller - INFO - Browser opened
[ 2024-04-17 05:21:13,845 ] 94 main_controller - INFO - Browser opened
[ 2024-04-17 05:21:13,845 ] 94 main_controller - INFO - Browser opened
[ 2024-04-17 05:21:13,845 ] 94 main_controller - INFO - Browser opened
[ 2024-04-17 05:21:18,192 ] 82 main_controller - ERROR - Caught exception: sequence item 1: expected str instance, NoSuchWindowException found
Traceback (most recent call last):
  File "C:\Users\USER\Projects\AichiTool\AichiSelenium\src\controllers\access.py", line 24, in login
    browser.get(URLs.login_url)
  File "c:\ProgramData\anaconda3\envs\aichi\lib\site-packages\seleniumbase\core\browser_launcher.py", line 3739, in <lambda>
    driver.get = lambda url: uc_special_open_if_cf(
  File "c:\ProgramData\anaconda3\envs\aichi\lib\site-packages\seleniumbase\core\browser_launcher.py", line 363, in uc_special_open_if_cf
    driver.execute_script('window.open("%s","_blank");' % url)
  File "c:\ProgramData\anaconda3\envs\aichi\lib\site-packages\selenium\webdriver\remote\webdriver.py", line 407, in execute_script
    return self.execute(command, {"script": script, "args": converted_args})["value"]
  File "c:\ProgramData\anaconda3\envs\aichi\lib\site-packages\selenium\webdriver\remote\webdriver.py", line 347, in execute
    self.error_handler.check_response(response)
  File "c:\ProgramData\anaconda3\envs\aichi\lib\site-packages\selenium\webdriver\remote\errorhandler.py", line 229, in check_response
    raise exception_class(message, screen, stacktrace)
selenium.common.exceptions.NoSuchWindowException: Message: no such window: target window already closed
from unknown error: web view not found
  (Session info: chrome=123.0.6312.123)
Stacktrace:
	GetHandleVerifier [0x00007FF7080A7032+63090]
	(No symbol) [0x00007FF708012C82]
	(No symbol) [0x00007FF707EAEC65]
	(No symbol) [0x00007FF707E8CA7C]
	(No symbol) [0x00007FF707F1D687]
	(No symbol) [0x00007FF707F32AC1]
	(No symbol) [0x00007FF707F16D83]
	(No symbol) [0x00007FF707EE83A8]
	(No symbol) [0x00007FF707EE9441]
	GetHandleVerifier [0x00007FF7084A25AD+4238317]
	GetHandleVerifier [0x00007FF7084DF70D+4488525]
	GetHandleVerifier [0x00007FF7084D79EF+4456495]
	GetHandleVerifier [0x00007FF708180576+953270]
	(No symbol) [0x00007FF70801E54F]
	(No symbol) [0x00007FF708019224]
	(No symbol) [0x00007FF70801935B]
	(No symbol) [0x00007FF708009B94]
	BaseThreadInitThunk [0x00007FFE6870257D+29]
	RtlUserThreadStart [0x00007FFE6946AA48+40]


During handling of the above exception, another exception occurred:

Traceback (most recent call last):
  File "C:\Users\USER\Projects\AichiTool\AichiSelenium\src\controllers\main_controller.py", line 57, in subprocess
    result = access.login(browser)
  File "C:\Users\USER\Projects\AichiTool\AichiSelenium\src\controllers\access.py", line 51, in login
    self.logger.error("Failed to login", e)
  File "C:\Users\USER\Projects\AichiTool\AichiSelenium\src\logs.py", line 76, in error
    self._log(logging.ERROR, *msg)
  File "C:\Users\USER\Projects\AichiTool\AichiSelenium\src\logs.py", line 93, in _log
    message = " ".join(msg)
TypeError: sequence item 1: expected str instance, NoSuchWindowException found
[ 2024-04-17 05:21:18,192 ] 82 main_controller - ERROR - Caught exception: sequence item 1: expected str instance, NoSuchWindowException found
Traceback (most recent call last):
  File "C:\Users\USER\Projects\AichiTool\AichiSelenium\src\controllers\access.py", line 24, in login
    browser.get(URLs.login_url)
  File "c:\ProgramData\anaconda3\envs\aichi\lib\site-packages\seleniumbase\core\browser_launcher.py", line 3739, in <lambda>
    driver.get = lambda url: uc_special_open_if_cf(
  File "c:\ProgramData\anaconda3\envs\aichi\lib\site-packages\seleniumbase\core\browser_launcher.py", line 363, in uc_special_open_if_cf
    driver.execute_script('window.open("%s","_blank");' % url)
  File "c:\ProgramData\anaconda3\envs\aichi\lib\site-packages\selenium\webdriver\remote\webdriver.py", line 407, in execute_script
    return self.execute(command, {"script": script, "args": converted_args})["value"]
  File "c:\ProgramData\anaconda3\envs\aichi\lib\site-packages\selenium\webdriver\remote\webdriver.py", line 347, in execute
    self.error_handler.check_response(response)
  File "c:\ProgramData\anaconda3\envs\aichi\lib\site-packages\selenium\webdriver\remote\errorhandler.py", line 229, in check_response
    raise exception_class(message, screen, stacktrace)
selenium.common.exceptions.NoSuchWindowException: Message: no such window: target window already closed
from unknown error: web view not found
  (Session info: chrome=123.0.6312.123)
Stacktrace:
	GetHandleVerifier [0x00007FF7080A7032+63090]
	(No symbol) [0x00007FF708012C82]
	(No symbol) [0x00007FF707EAEC65]
	(No symbol) [0x00007FF707E8CA7C]
	(No symbol) [0x00007FF707F1D687]
	(No symbol) [0x00007FF707F32AC1]
	(No symbol) [0x00007FF707F16D83]
	(No symbol) [0x00007FF707EE83A8]
	(No symbol) [0x00007FF707EE9441]
	GetHandleVerifier [0x00007FF7084A25AD+4238317]
	GetHandleVerifier [0x00007FF7084DF70D+4488525]
	GetHandleVerifier [0x00007FF7084D79EF+4456495]
	GetHandleVerifier [0x00007FF708180576+953270]
	(No symbol) [0x00007FF70801E54F]
	(No symbol) [0x00007FF708019224]
	(No symbol) [0x00007FF70801935B]
	(No symbol) [0x00007FF708009B94]
	BaseThreadInitThunk [0x00007FFE6870257D+29]
	RtlUserThreadStart [0x00007FFE6946AA48+40]


During handling of the above exception, another exception occurred:

Traceback (most recent call last):
  File "C:\Users\USER\Projects\AichiTool\AichiSelenium\src\controllers\main_controller.py", line 57, in subprocess
    result = access.login(browser)
  File "C:\Users\USER\Projects\AichiTool\AichiSelenium\src\controllers\access.py", line 51, in login
    self.logger.error("Failed to login", e)
  File "C:\Users\USER\Projects\AichiTool\AichiSelenium\src\logs.py", line 76, in error
    self._log(logging.ERROR, *msg)
  File "C:\Users\USER\Projects\AichiTool\AichiSelenium\src\logs.py", line 93, in _log
    message = " ".join(msg)
TypeError: sequence item 1: expected str instance, NoSuchWindowException found
[ 2024-04-17 05:21:18,192 ] 82 main_controller - ERROR - Caught exception: sequence item 1: expected str instance, NoSuchWindowException found
Traceback (most recent call last):
  File "C:\Users\USER\Projects\AichiTool\AichiSelenium\src\controllers\access.py", line 24, in login
    browser.get(URLs.login_url)
  File "c:\ProgramData\anaconda3\envs\aichi\lib\site-packages\seleniumbase\core\browser_launcher.py", line 3739, in <lambda>
    driver.get = lambda url: uc_special_open_if_cf(
  File "c:\ProgramData\anaconda3\envs\aichi\lib\site-packages\seleniumbase\core\browser_launcher.py", line 363, in uc_special_open_if_cf
    driver.execute_script('window.open("%s","_blank");' % url)
  File "c:\ProgramData\anaconda3\envs\aichi\lib\site-packages\selenium\webdriver\remote\webdriver.py", line 407, in execute_script
    return self.execute(command, {"script": script, "args": converted_args})["value"]
  File "c:\ProgramData\anaconda3\envs\aichi\lib\site-packages\selenium\webdriver\remote\webdriver.py", line 347, in execute
    self.error_handler.check_response(response)
  File "c:\ProgramData\anaconda3\envs\aichi\lib\site-packages\selenium\webdriver\remote\errorhandler.py", line 229, in check_response
    raise exception_class(message, screen, stacktrace)
selenium.common.exceptions.NoSuchWindowException: Message: no such window: target window already closed
from unknown error: web view not found
  (Session info: chrome=123.0.6312.123)
Stacktrace:
	GetHandleVerifier [0x00007FF7080A7032+63090]
	(No symbol) [0x00007FF708012C82]
	(No symbol) [0x00007FF707EAEC65]
	(No symbol) [0x00007FF707E8CA7C]
	(No symbol) [0x00007FF707F1D687]
	(No symbol) [0x00007FF707F32AC1]
	(No symbol) [0x00007FF707F16D83]
	(No symbol) [0x00007FF707EE83A8]
	(No symbol) [0x00007FF707EE9441]
	GetHandleVerifier [0x00007FF7084A25AD+4238317]
	GetHandleVerifier [0x00007FF7084DF70D+4488525]
	GetHandleVerifier [0x00007FF7084D79EF+4456495]
	GetHandleVerifier [0x00007FF708180576+953270]
	(No symbol) [0x00007FF70801E54F]
	(No symbol) [0x00007FF708019224]
	(No symbol) [0x00007FF70801935B]
	(No symbol) [0x00007FF708009B94]
	BaseThreadInitThunk [0x00007FFE6870257D+29]
	RtlUserThreadStart [0x00007FFE6946AA48+40]


During handling of the above exception, another exception occurred:

Traceback (most recent call last):
  File "C:\Users\USER\Projects\AichiTool\AichiSelenium\src\controllers\main_controller.py", line 57, in subprocess
    result = access.login(browser)
  File "C:\Users\USER\Projects\AichiTool\AichiSelenium\src\controllers\access.py", line 51, in login
    self.logger.error("Failed to login", e)
  File "C:\Users\USER\Projects\AichiTool\AichiSelenium\src\logs.py", line 76, in error
    self._log(logging.ERROR, *msg)
  File "C:\Users\USER\Projects\AichiTool\AichiSelenium\src\logs.py", line 93, in _log
    message = " ".join(msg)
TypeError: sequence item 1: expected str instance, NoSuchWindowException found
[ 2024-04-17 05:21:18,220 ] 94 main_controller - INFO - Subprocess 1 started with trial number 1
[ 2024-04-17 05:21:18,220 ] 94 main_controller - INFO - Subprocess 1 started with trial number 1
[ 2024-04-17 05:21:18,220 ] 94 main_controller - INFO - Subprocess 1 started with trial number 1
[ 2024-04-17 05:21:18,220 ] 94 main_controller - INFO - Subprocess 1 started with trial number 1
[ 2024-04-17 05:21:21,710 ] 94 main_controller - INFO - Browser opened
[ 2024-04-17 05:21:21,710 ] 94 main_controller - INFO - Browser opened
[ 2024-04-17 05:21:21,710 ] 94 main_controller - INFO - Browser opened
[ 2024-04-17 05:21:21,710 ] 94 main_controller - INFO - Browser opened
[ 2024-04-17 05:21:23,792 ] 94 main_controller - INFO - Logged in successfully
[ 2024-04-17 05:21:23,792 ] 94 main_controller - INFO - Logged in successfully
[ 2024-04-17 05:21:23,792 ] 94 main_controller - INFO - Logged in successfully
[ 2024-04-17 05:21:23,792 ] 94 main_controller - INFO - Logged in successfully
[ 2024-04-17 05:21:24,471 ] 94 main_controller - INFO - Screenshot saved to C:\Users\USER\Projects\AichiTool\AichiSelenium\logs\2024_04_17\05_21_06\screenshot_Nickpown0411.png
[ 2024-04-17 05:21:24,471 ] 94 main_controller - INFO - Screenshot saved to C:\Users\USER\Projects\AichiTool\AichiSelenium\logs\2024_04_17\05_21_06\screenshot_Nickpown0411.png
[ 2024-04-17 05:21:24,471 ] 94 main_controller - INFO - Screenshot saved to C:\Users\USER\Projects\AichiTool\AichiSelenium\logs\2024_04_17\05_21_06\screenshot_Nickpown0411.png
[ 2024-04-17 05:21:24,471 ] 94 main_controller - INFO - Screenshot saved to C:\Users\USER\Projects\AichiTool\AichiSelenium\logs\2024_04_17\05_21_06\screenshot_Nickpown0411.png
[ 2024-04-17 05:21:24,472 ] 94 main_controller - INFO - Finding forms
[ 2024-04-17 05:21:24,472 ] 94 main_controller - INFO - Finding forms
[ 2024-04-17 05:21:24,472 ] 94 main_controller - INFO - Finding forms
[ 2024-04-17 05:21:24,472 ] 94 main_controller - INFO - Finding forms
[ 2024-04-17 05:21:28,388 ] 94 main_controller - INFO - Logged in successfully
[ 2024-04-17 05:21:28,388 ] 94 main_controller - INFO - Logged in successfully
[ 2024-04-17 05:21:28,388 ] 94 main_controller - INFO - Logged in successfully
[ 2024-04-17 05:21:28,388 ] 94 main_controller - INFO - Logged in successfully
[ 2024-04-17 05:21:28,639 ] 94 main_controller - INFO - Found 5 form(s)
[ 2024-04-17 05:21:28,639 ] 94 main_controller - INFO - Found 5 form(s)
[ 2024-04-17 05:21:28,639 ] 94 main_controller - INFO - Found 5 form(s)
[ 2024-04-17 05:21:28,639 ] 94 main_controller - INFO - Found 5 form(s)
[ 2024-04-17 05:21:28,854 ] 94 main_controller - INFO - Screenshot saved to C:\Users\USER\Projects\AichiTool\AichiSelenium\logs\2024_04_17\05_21_06\screenshot_Jamebrown0206.png
[ 2024-04-17 05:21:28,854 ] 94 main_controller - INFO - Screenshot saved to C:\Users\USER\Projects\AichiTool\AichiSelenium\logs\2024_04_17\05_21_06\screenshot_Jamebrown0206.png
[ 2024-04-17 05:21:28,854 ] 94 main_controller - INFO - Screenshot saved to C:\Users\USER\Projects\AichiTool\AichiSelenium\logs\2024_04_17\05_21_06\screenshot_Jamebrown0206.png
[ 2024-04-17 05:21:28,854 ] 94 main_controller - INFO - Screenshot saved to C:\Users\USER\Projects\AichiTool\AichiSelenium\logs\2024_04_17\05_21_06\screenshot_Jamebrown0206.png
[ 2024-04-17 05:21:28,855 ] 94 main_controller - INFO - Finding forms
[ 2024-04-17 05:21:28,855 ] 94 main_controller - INFO - Finding forms
[ 2024-04-17 05:21:28,855 ] 94 main_controller - INFO - Finding forms
[ 2024-04-17 05:21:28,855 ] 94 main_controller - INFO - Finding forms
[ 2024-04-17 05:21:32,850 ] 94 main_controller - INFO - Logged in successfully
[ 2024-04-17 05:21:32,850 ] 94 main_controller - INFO - Logged in successfully
[ 2024-04-17 05:21:32,850 ] 94 main_controller - INFO - Logged in successfully
[ 2024-04-17 05:21:32,850 ] 94 main_controller - INFO - Logged in successfully
[ 2024-04-17 05:21:32,996 ] 94 main_controller - INFO - Found 5 form(s)
[ 2024-04-17 05:21:32,996 ] 94 main_controller - INFO - Found 5 form(s)
[ 2024-04-17 05:21:32,996 ] 94 main_controller - INFO - Found 5 form(s)
[ 2024-04-17 05:21:32,996 ] 94 main_controller - INFO - Found 5 form(s)
[ 2024-04-17 05:21:33,086 ] 94 main_controller - INFO - Screenshot saved to C:\Users\USER\Projects\AichiTool\AichiSelenium\logs\2024_04_17\05_21_06\screenshot_marjyamada040493.png
[ 2024-04-17 05:21:33,086 ] 94 main_controller - INFO - Screenshot saved to C:\Users\USER\Projects\AichiTool\AichiSelenium\logs\2024_04_17\05_21_06\screenshot_marjyamada040493.png
[ 2024-04-17 05:21:33,086 ] 94 main_controller - INFO - Screenshot saved to C:\Users\USER\Projects\AichiTool\AichiSelenium\logs\2024_04_17\05_21_06\screenshot_marjyamada040493.png
[ 2024-04-17 05:21:33,086 ] 94 main_controller - INFO - Screenshot saved to C:\Users\USER\Projects\AichiTool\AichiSelenium\logs\2024_04_17\05_21_06\screenshot_marjyamada040493.png
[ 2024-04-17 05:21:33,087 ] 94 main_controller - INFO - Finding forms
[ 2024-04-17 05:21:33,087 ] 94 main_controller - INFO - Finding forms
[ 2024-04-17 05:21:33,087 ] 94 main_controller - INFO - Finding forms
[ 2024-04-17 05:21:33,087 ] 94 main_controller - INFO - Finding forms
[ 2024-04-17 05:21:36,692 ] 94 main_controller - INFO - Found 5 form(s)
[ 2024-04-17 05:21:36,692 ] 94 main_controller - INFO - Found 5 form(s)
[ 2024-04-17 05:21:36,692 ] 94 main_controller - INFO - Found 5 form(s)
[ 2024-04-17 05:21:36,692 ] 94 main_controller - INFO - Found 5 form(s)
[ 2024-04-17 05:22:08,374 ] 94 main_controller - INFO - Failed to fill form, template sequence: 96093
[ 2024-04-17 05:22:08,374 ] 94 main_controller - INFO - Failed to fill form, template sequence: 96093
[ 2024-04-17 05:22:08,374 ] 94 main_controller - INFO - Failed to fill form, template sequence: 96093
[ 2024-04-17 05:22:08,374 ] 94 main_controller - INFO - Failed to fill form, template sequence: 96093
[ 2024-04-17 05:22:08,374 ] 94 main_controller - INFO - Remaining form(s): 5
[ 2024-04-17 05:22:08,374 ] 94 main_controller - INFO - Remaining form(s): 5
[ 2024-04-17 05:22:08,374 ] 94 main_controller - INFO - Remaining form(s): 5
[ 2024-04-17 05:22:08,374 ] 94 main_controller - INFO - Remaining form(s): 5
[ 2024-04-17 05:22:10,814 ] 94 main_controller - INFO - Failed to fill form, template sequence: 96091
[ 2024-04-17 05:22:10,814 ] 94 main_controller - INFO - Failed to fill form, template sequence: 96091
[ 2024-04-17 05:22:10,814 ] 94 main_controller - INFO - Failed to fill form, template sequence: 96091
[ 2024-04-17 05:22:10,814 ] 94 main_controller - INFO - Failed to fill form, template sequence: 96091
[ 2024-04-17 05:22:10,815 ] 94 main_controller - INFO - Remaining form(s): 5
[ 2024-04-17 05:22:10,815 ] 94 main_controller - INFO - Remaining form(s): 5
[ 2024-04-17 05:22:10,815 ] 94 main_controller - INFO - Remaining form(s): 5
[ 2024-04-17 05:22:10,815 ] 94 main_controller - INFO - Remaining form(s): 5
[ 2024-04-17 05:22:18,015 ] 94 main_controller - INFO - Failed to fill form, template sequence: 96091
[ 2024-04-17 05:22:18,015 ] 94 main_controller - INFO - Failed to fill form, template sequence: 96091
[ 2024-04-17 05:22:18,015 ] 94 main_controller - INFO - Failed to fill form, template sequence: 96091
[ 2024-04-17 05:22:18,015 ] 94 main_controller - INFO - Failed to fill form, template sequence: 96091
[ 2024-04-17 05:22:18,016 ] 94 main_controller - INFO - Remaining form(s): 5
[ 2024-04-17 05:22:18,016 ] 94 main_controller - INFO - Remaining form(s): 5
[ 2024-04-17 05:22:18,016 ] 94 main_controller - INFO - Remaining form(s): 5
[ 2024-04-17 05:22:18,016 ] 94 main_controller - INFO - Remaining form(s): 5
[ 2024-04-17 05:22:41,146 ] 94 main_controller - INFO - Failed to fill form, template sequence: 96090
[ 2024-04-17 05:22:41,146 ] 94 main_controller - INFO - Failed to fill form, template sequence: 96090
[ 2024-04-17 05:22:41,146 ] 94 main_controller - INFO - Failed to fill form, template sequence: 96090
[ 2024-04-17 05:22:41,146 ] 94 main_controller - INFO - Failed to fill form, template sequence: 96090
[ 2024-04-17 05:22:41,147 ] 94 main_controller - INFO - Remaining form(s): 5
[ 2024-04-17 05:22:41,147 ] 94 main_controller - INFO - Remaining form(s): 5
[ 2024-04-17 05:22:41,147 ] 94 main_controller - INFO - Remaining form(s): 5
[ 2024-04-17 05:22:41,147 ] 94 main_controller - INFO - Remaining form(s): 5
[ 2024-04-17 05:22:43,538 ] 94 main_controller - INFO - Failed to fill form, template sequence: 96093
[ 2024-04-17 05:22:43,538 ] 94 main_controller - INFO - Failed to fill form, template sequence: 96093
[ 2024-04-17 05:22:43,538 ] 94 main_controller - INFO - Failed to fill form, template sequence: 96093
[ 2024-04-17 05:22:43,538 ] 94 main_controller - INFO - Failed to fill form, template sequence: 96093
[ 2024-04-17 05:22:43,539 ] 94 main_controller - INFO - Remaining form(s): 5
[ 2024-04-17 05:22:43,539 ] 94 main_controller - INFO - Remaining form(s): 5
[ 2024-04-17 05:22:43,539 ] 94 main_controller - INFO - Remaining form(s): 5
[ 2024-04-17 05:22:43,539 ] 94 main_controller - INFO - Remaining form(s): 5
[ 2024-04-17 05:22:54,488 ] 94 main_controller - INFO - Failed to fill form, template sequence: 96088
[ 2024-04-17 05:22:54,488 ] 94 main_controller - INFO - Failed to fill form, template sequence: 96088
[ 2024-04-17 05:22:54,488 ] 94 main_controller - INFO - Failed to fill form, template sequence: 96088
[ 2024-04-17 05:22:54,488 ] 94 main_controller - INFO - Failed to fill form, template sequence: 96088
[ 2024-04-17 05:22:54,489 ] 94 main_controller - INFO - Remaining form(s): 5
[ 2024-04-17 05:22:54,489 ] 94 main_controller - INFO - Remaining form(s): 5
[ 2024-04-17 05:22:54,489 ] 94 main_controller - INFO - Remaining form(s): 5
[ 2024-04-17 05:22:54,489 ] 94 main_controller - INFO - Remaining form(s): 5
[ 2024-04-17 05:23:14,935 ] 94 main_controller - INFO - Failed to fill form, template sequence: 96089
[ 2024-04-17 05:23:14,935 ] 94 main_controller - INFO - Failed to fill form, template sequence: 96089
[ 2024-04-17 05:23:14,935 ] 94 main_controller - INFO - Failed to fill form, template sequence: 96089
[ 2024-04-17 05:23:14,935 ] 94 main_controller - INFO - Failed to fill form, template sequence: 96089
[ 2024-04-17 05:23:14,936 ] 94 main_controller - INFO - Remaining form(s): 5
[ 2024-04-17 05:23:14,936 ] 94 main_controller - INFO - Remaining form(s): 5
[ 2024-04-17 05:23:14,936 ] 94 main_controller - INFO - Remaining form(s): 5
[ 2024-04-17 05:23:14,936 ] 94 main_controller - INFO - Remaining form(s): 5
[ 2024-04-17 05:23:16,495 ] 94 main_controller - INFO - Failed to fill form, template sequence: 96088
[ 2024-04-17 05:23:16,495 ] 94 main_controller - INFO - Failed to fill form, template sequence: 96088
[ 2024-04-17 05:23:16,495 ] 94 main_controller - INFO - Failed to fill form, template sequence: 96088
[ 2024-04-17 05:23:16,495 ] 94 main_controller - INFO - Failed to fill form, template sequence: 96088
[ 2024-04-17 05:23:16,497 ] 94 main_controller - INFO - Remaining form(s): 5
[ 2024-04-17 05:23:16,497 ] 94 main_controller - INFO - Remaining form(s): 5
[ 2024-04-17 05:23:16,497 ] 94 main_controller - INFO - Remaining form(s): 5
[ 2024-04-17 05:23:16,497 ] 94 main_controller - INFO - Remaining form(s): 5
[ 2024-04-17 05:23:28,800 ] 94 main_controller - INFO - Failed to fill form, template sequence: 96093
[ 2024-04-17 05:23:28,800 ] 94 main_controller - INFO - Failed to fill form, template sequence: 96093
[ 2024-04-17 05:23:28,800 ] 94 main_controller - INFO - Failed to fill form, template sequence: 96093
[ 2024-04-17 05:23:28,800 ] 94 main_controller - INFO - Failed to fill form, template sequence: 96093
[ 2024-04-17 05:23:28,801 ] 94 main_controller - INFO - Remaining form(s): 5
[ 2024-04-17 05:23:28,801 ] 94 main_controller - INFO - Remaining form(s): 5
[ 2024-04-17 05:23:28,801 ] 94 main_controller - INFO - Remaining form(s): 5
[ 2024-04-17 05:23:28,801 ] 94 main_controller - INFO - Remaining form(s): 5
[ 2024-04-17 05:23:48,420 ] 94 main_controller - INFO - Failed to fill form, template sequence: 96088
[ 2024-04-17 05:23:48,420 ] 94 main_controller - INFO - Failed to fill form, template sequence: 96088
[ 2024-04-17 05:23:48,420 ] 94 main_controller - INFO - Failed to fill form, template sequence: 96088
[ 2024-04-17 05:23:48,420 ] 94 main_controller - INFO - Failed to fill form, template sequence: 96088
[ 2024-04-17 05:23:48,421 ] 94 main_controller - INFO - Remaining form(s): 5
[ 2024-04-17 05:23:48,421 ] 94 main_controller - INFO - Remaining form(s): 5
[ 2024-04-17 05:23:48,421 ] 94 main_controller - INFO - Remaining form(s): 5
[ 2024-04-17 05:23:48,421 ] 94 main_controller - INFO - Remaining form(s): 5
[ 2024-04-17 05:23:50,933 ] 94 main_controller - INFO - Failed to fill form, template sequence: 96090
[ 2024-04-17 05:23:50,933 ] 94 main_controller - INFO - Failed to fill form, template sequence: 96090
[ 2024-04-17 05:23:50,933 ] 94 main_controller - INFO - Failed to fill form, template sequence: 96090
[ 2024-04-17 05:23:50,933 ] 94 main_controller - INFO - Failed to fill form, template sequence: 96090
[ 2024-04-17 05:23:50,934 ] 94 main_controller - INFO - Remaining form(s): 5
[ 2024-04-17 05:23:50,934 ] 94 main_controller - INFO - Remaining form(s): 5
[ 2024-04-17 05:23:50,934 ] 94 main_controller - INFO - Remaining form(s): 5
[ 2024-04-17 05:23:50,934 ] 94 main_controller - INFO - Remaining form(s): 5
[ 2024-04-17 05:24:02,789 ] 94 main_controller - INFO - Failed to fill form, template sequence: 96089
[ 2024-04-17 05:24:02,789 ] 94 main_controller - INFO - Failed to fill form, template sequence: 96089
[ 2024-04-17 05:24:02,789 ] 94 main_controller - INFO - Failed to fill form, template sequence: 96089
[ 2024-04-17 05:24:02,789 ] 94 main_controller - INFO - Failed to fill form, template sequence: 96089
[ 2024-04-17 05:24:02,791 ] 94 main_controller - INFO - Remaining form(s): 5
[ 2024-04-17 05:24:02,791 ] 94 main_controller - INFO - Remaining form(s): 5
[ 2024-04-17 05:24:02,791 ] 94 main_controller - INFO - Remaining form(s): 5
[ 2024-04-17 05:24:02,791 ] 94 main_controller - INFO - Remaining form(s): 5
[ 2024-04-17 05:24:25,090 ] 94 main_controller - INFO - Failed to fill form, template sequence: 96091
[ 2024-04-17 05:24:25,090 ] 94 main_controller - INFO - Failed to fill form, template sequence: 96091
[ 2024-04-17 05:24:25,090 ] 94 main_controller - INFO - Failed to fill form, template sequence: 96091
[ 2024-04-17 05:24:25,090 ] 94 main_controller - INFO - Failed to fill form, template sequence: 96091
[ 2024-04-17 05:24:25,090 ] 94 main_controller - INFO - Remaining form(s): 5
[ 2024-04-17 05:24:25,090 ] 94 main_controller - INFO - Remaining form(s): 5
[ 2024-04-17 05:24:25,090 ] 94 main_controller - INFO - Remaining form(s): 5
[ 2024-04-17 05:24:25,090 ] 94 main_controller - INFO - Remaining form(s): 5
[ 2024-04-17 05:24:31,001 ] 94 main_controller - INFO - Failed to fill form, template sequence: 96089
[ 2024-04-17 05:24:31,001 ] 94 main_controller - INFO - Failed to fill form, template sequence: 96089
[ 2024-04-17 05:24:31,001 ] 94 main_controller - INFO - Failed to fill form, template sequence: 96089
[ 2024-04-17 05:24:31,001 ] 94 main_controller - INFO - Failed to fill form, template sequence: 96089
[ 2024-04-17 05:24:31,002 ] 94 main_controller - INFO - Remaining form(s): 5
[ 2024-04-17 05:24:31,002 ] 94 main_controller - INFO - Remaining form(s): 5
[ 2024-04-17 05:24:31,002 ] 94 main_controller - INFO - Remaining form(s): 5
[ 2024-04-17 05:24:31,002 ] 94 main_controller - INFO - Remaining form(s): 5
[ 2024-04-17 05:24:40,700 ] 94 main_controller - INFO - Failed to fill form, template sequence: 96090
[ 2024-04-17 05:24:40,700 ] 94 main_controller - INFO - Failed to fill form, template sequence: 96090
[ 2024-04-17 05:24:40,700 ] 94 main_controller - INFO - Failed to fill form, template sequence: 96090
[ 2024-04-17 05:24:40,700 ] 94 main_controller - INFO - Failed to fill form, template sequence: 96090
[ 2024-04-17 05:24:40,700 ] 94 main_controller - INFO - Remaining form(s): 5
[ 2024-04-17 05:24:40,700 ] 94 main_controller - INFO - Remaining form(s): 5
[ 2024-04-17 05:24:40,700 ] 94 main_controller - INFO - Remaining form(s): 5
[ 2024-04-17 05:24:40,700 ] 94 main_controller - INFO - Remaining form(s): 5
[ 2024-04-17 05:25:03,303 ] 94 main_controller - INFO - Failed to fill form, template sequence: 96093
[ 2024-04-17 05:25:03,303 ] 94 main_controller - INFO - Failed to fill form, template sequence: 96093
[ 2024-04-17 05:25:03,303 ] 94 main_controller - INFO - Failed to fill form, template sequence: 96093
[ 2024-04-17 05:25:03,303 ] 94 main_controller - INFO - Failed to fill form, template sequence: 96093
[ 2024-04-17 05:25:03,304 ] 94 main_controller - INFO - Remaining form(s): 5
[ 2024-04-17 05:25:03,304 ] 94 main_controller - INFO - Remaining form(s): 5
[ 2024-04-17 05:25:03,304 ] 94 main_controller - INFO - Remaining form(s): 5
[ 2024-04-17 05:25:03,304 ] 94 main_controller - INFO - Remaining form(s): 5
[ 2024-04-17 05:25:05,453 ] 94 main_controller - INFO - Failed to fill form, template sequence: 96091
[ 2024-04-17 05:25:05,453 ] 94 main_controller - INFO - Failed to fill form, template sequence: 96091
[ 2024-04-17 05:25:05,453 ] 94 main_controller - INFO - Failed to fill form, template sequence: 96091
[ 2024-04-17 05:25:05,453 ] 94 main_controller - INFO - Failed to fill form, template sequence: 96091
[ 2024-04-17 05:25:05,453 ] 94 main_controller - INFO - Remaining form(s): 5
[ 2024-04-17 05:25:05,453 ] 94 main_controller - INFO - Remaining form(s): 5
[ 2024-04-17 05:25:05,453 ] 94 main_controller - INFO - Remaining form(s): 5
[ 2024-04-17 05:25:05,453 ] 94 main_controller - INFO - Remaining form(s): 5
[ 2024-04-17 05:25:17,179 ] 94 main_controller - INFO - Failed to fill form, template sequence: 96091
[ 2024-04-17 05:25:17,179 ] 94 main_controller - INFO - Failed to fill form, template sequence: 96091
[ 2024-04-17 05:25:17,179 ] 94 main_controller - INFO - Failed to fill form, template sequence: 96091
[ 2024-04-17 05:25:17,179 ] 94 main_controller - INFO - Failed to fill form, template sequence: 96091
[ 2024-04-17 05:25:17,179 ] 94 main_controller - INFO - Remaining form(s): 5
[ 2024-04-17 05:25:17,179 ] 94 main_controller - INFO - Remaining form(s): 5
[ 2024-04-17 05:25:17,179 ] 94 main_controller - INFO - Remaining form(s): 5
[ 2024-04-17 05:25:17,179 ] 94 main_controller - INFO - Remaining form(s): 5
[ 2024-04-17 05:25:43,297 ] 94 main_controller - INFO - Failed to fill form, template sequence: 96090
[ 2024-04-17 05:25:43,297 ] 94 main_controller - INFO - Failed to fill form, template sequence: 96090
[ 2024-04-17 05:25:43,297 ] 94 main_controller - INFO - Failed to fill form, template sequence: 96090
[ 2024-04-17 05:25:43,297 ] 94 main_controller - INFO - Failed to fill form, template sequence: 96090
[ 2024-04-17 05:25:43,298 ] 94 main_controller - INFO - Remaining form(s): 5
[ 2024-04-17 05:25:43,298 ] 94 main_controller - INFO - Remaining form(s): 5
[ 2024-04-17 05:25:43,298 ] 94 main_controller - INFO - Remaining form(s): 5
[ 2024-04-17 05:25:43,298 ] 94 main_controller - INFO - Remaining form(s): 5
[ 2024-04-17 05:25:44,491 ] 94 main_controller - INFO - Failed to fill form, template sequence: 96093
[ 2024-04-17 05:25:44,491 ] 94 main_controller - INFO - Failed to fill form, template sequence: 96093
[ 2024-04-17 05:25:44,491 ] 94 main_controller - INFO - Failed to fill form, template sequence: 96093
[ 2024-04-17 05:25:44,491 ] 94 main_controller - INFO - Failed to fill form, template sequence: 96093
[ 2024-04-17 05:25:44,492 ] 94 main_controller - INFO - Remaining form(s): 5
[ 2024-04-17 05:25:44,492 ] 94 main_controller - INFO - Remaining form(s): 5
[ 2024-04-17 05:25:44,492 ] 94 main_controller - INFO - Remaining form(s): 5
[ 2024-04-17 05:25:44,492 ] 94 main_controller - INFO - Remaining form(s): 5
[ 2024-04-17 05:25:50,930 ] 94 main_controller - INFO - Failed to fill form, template sequence: 96088
[ 2024-04-17 05:25:50,930 ] 94 main_controller - INFO - Failed to fill form, template sequence: 96088
[ 2024-04-17 05:25:50,930 ] 94 main_controller - INFO - Failed to fill form, template sequence: 96088
[ 2024-04-17 05:25:50,930 ] 94 main_controller - INFO - Failed to fill form, template sequence: 96088
[ 2024-04-17 05:25:50,931 ] 94 main_controller - INFO - Remaining form(s): 5
[ 2024-04-17 05:25:50,931 ] 94 main_controller - INFO - Remaining form(s): 5
[ 2024-04-17 05:25:50,931 ] 94 main_controller - INFO - Remaining form(s): 5
[ 2024-04-17 05:25:50,931 ] 94 main_controller - INFO - Remaining form(s): 5
[ 2024-04-17 05:26:18,494 ] 94 main_controller - INFO - Failed to fill form, template sequence: 96088
[ 2024-04-17 05:26:18,494 ] 94 main_controller - INFO - Failed to fill form, template sequence: 96088
[ 2024-04-17 05:26:18,494 ] 94 main_controller - INFO - Failed to fill form, template sequence: 96088
[ 2024-04-17 05:26:18,494 ] 94 main_controller - INFO - Failed to fill form, template sequence: 96088
[ 2024-04-17 05:26:18,495 ] 94 main_controller - INFO - Remaining form(s): 5
[ 2024-04-17 05:26:18,495 ] 94 main_controller - INFO - Remaining form(s): 5
[ 2024-04-17 05:26:18,495 ] 94 main_controller - INFO - Remaining form(s): 5
[ 2024-04-17 05:26:18,495 ] 94 main_controller - INFO - Remaining form(s): 5
[ 2024-04-17 05:26:19,996 ] 94 main_controller - INFO - Failed to fill form, template sequence: 96089
[ 2024-04-17 05:26:19,996 ] 94 main_controller - INFO - Failed to fill form, template sequence: 96089
[ 2024-04-17 05:26:19,996 ] 94 main_controller - INFO - Failed to fill form, template sequence: 96089
[ 2024-04-17 05:26:19,996 ] 94 main_controller - INFO - Failed to fill form, template sequence: 96089
[ 2024-04-17 05:26:19,997 ] 94 main_controller - INFO - Remaining form(s): 5
[ 2024-04-17 05:26:19,997 ] 94 main_controller - INFO - Remaining form(s): 5
[ 2024-04-17 05:26:19,997 ] 94 main_controller - INFO - Remaining form(s): 5
[ 2024-04-17 05:26:19,997 ] 94 main_controller - INFO - Remaining form(s): 5
[ 2024-04-17 05:26:32,660 ] 94 main_controller - INFO - Failed to fill form, template sequence: 96093
[ 2024-04-17 05:26:32,660 ] 94 main_controller - INFO - Failed to fill form, template sequence: 96093
[ 2024-04-17 05:26:32,660 ] 94 main_controller - INFO - Failed to fill form, template sequence: 96093
[ 2024-04-17 05:26:32,660 ] 94 main_controller - INFO - Failed to fill form, template sequence: 96093
[ 2024-04-17 05:26:32,660 ] 94 main_controller - INFO - Remaining form(s): 5
[ 2024-04-17 05:26:32,660 ] 94 main_controller - INFO - Remaining form(s): 5
[ 2024-04-17 05:26:32,660 ] 94 main_controller - INFO - Remaining form(s): 5
[ 2024-04-17 05:26:32,660 ] 94 main_controller - INFO - Remaining form(s): 5
[ 2024-04-17 05:26:52,689 ] 94 main_controller - INFO - Failed to fill form, template sequence: 96090
[ 2024-04-17 05:26:52,689 ] 94 main_controller - INFO - Failed to fill form, template sequence: 96090
[ 2024-04-17 05:26:52,689 ] 94 main_controller - INFO - Failed to fill form, template sequence: 96090
[ 2024-04-17 05:26:52,689 ] 94 main_controller - INFO - Failed to fill form, template sequence: 96090
[ 2024-04-17 05:26:52,690 ] 94 main_controller - INFO - Remaining form(s): 5
[ 2024-04-17 05:26:52,690 ] 94 main_controller - INFO - Remaining form(s): 5
[ 2024-04-17 05:26:52,690 ] 94 main_controller - INFO - Remaining form(s): 5
[ 2024-04-17 05:26:52,690 ] 94 main_controller - INFO - Remaining form(s): 5
[ 2024-04-17 05:26:54,382 ] 94 main_controller - INFO - Failed to fill form, template sequence: 96088
[ 2024-04-17 05:26:54,382 ] 94 main_controller - INFO - Failed to fill form, template sequence: 96088
[ 2024-04-17 05:26:54,382 ] 94 main_controller - INFO - Failed to fill form, template sequence: 96088
[ 2024-04-17 05:26:54,382 ] 94 main_controller - INFO - Failed to fill form, template sequence: 96088
[ 2024-04-17 05:26:54,383 ] 94 main_controller - INFO - Remaining form(s): 5
[ 2024-04-17 05:26:54,383 ] 94 main_controller - INFO - Remaining form(s): 5
[ 2024-04-17 05:26:54,383 ] 94 main_controller - INFO - Remaining form(s): 5
[ 2024-04-17 05:26:54,383 ] 94 main_controller - INFO - Remaining form(s): 5
[ 2024-04-17 05:27:11,288 ] 94 main_controller - INFO - Failed to fill form, template sequence: 96089
[ 2024-04-17 05:27:11,288 ] 94 main_controller - INFO - Failed to fill form, template sequence: 96089
[ 2024-04-17 05:27:11,288 ] 94 main_controller - INFO - Failed to fill form, template sequence: 96089
[ 2024-04-17 05:27:11,288 ] 94 main_controller - INFO - Failed to fill form, template sequence: 96089
[ 2024-04-17 05:27:11,289 ] 94 main_controller - INFO - Remaining form(s): 5
[ 2024-04-17 05:27:11,289 ] 94 main_controller - INFO - Remaining form(s): 5
[ 2024-04-17 05:27:11,289 ] 94 main_controller - INFO - Remaining form(s): 5
[ 2024-04-17 05:27:11,289 ] 94 main_controller - INFO - Remaining form(s): 5
[ 2024-04-17 05:27:28,058 ] 94 main_controller - INFO - Failed to fill form, template sequence: 96089
[ 2024-04-17 05:27:28,058 ] 94 main_controller - INFO - Failed to fill form, template sequence: 96089
[ 2024-04-17 05:27:28,058 ] 94 main_controller - INFO - Failed to fill form, template sequence: 96089
[ 2024-04-17 05:27:28,058 ] 94 main_controller - INFO - Failed to fill form, template sequence: 96089
[ 2024-04-17 05:27:28,059 ] 94 main_controller - INFO - Remaining form(s): 5
[ 2024-04-17 05:27:28,059 ] 94 main_controller - INFO - Remaining form(s): 5
[ 2024-04-17 05:27:28,059 ] 94 main_controller - INFO - Remaining form(s): 5
[ 2024-04-17 05:27:28,059 ] 94 main_controller - INFO - Remaining form(s): 5
[ 2024-04-17 05:27:34,302 ] 94 main_controller - INFO - Failed to fill form, template sequence: 96091
[ 2024-04-17 05:27:34,302 ] 94 main_controller - INFO - Failed to fill form, template sequence: 96091
[ 2024-04-17 05:27:34,302 ] 94 main_controller - INFO - Failed to fill form, template sequence: 96091
[ 2024-04-17 05:27:34,302 ] 94 main_controller - INFO - Failed to fill form, template sequence: 96091
[ 2024-04-17 05:27:34,302 ] 94 main_controller - INFO - Remaining form(s): 5
[ 2024-04-17 05:27:34,302 ] 94 main_controller - INFO - Remaining form(s): 5
[ 2024-04-17 05:27:34,302 ] 94 main_controller - INFO - Remaining form(s): 5
[ 2024-04-17 05:27:34,302 ] 94 main_controller - INFO - Remaining form(s): 5
[ 2024-04-17 05:27:48,358 ] 94 main_controller - INFO - Failed to fill form, template sequence: 96090
[ 2024-04-17 05:27:48,358 ] 94 main_controller - INFO - Failed to fill form, template sequence: 96090
[ 2024-04-17 05:27:48,358 ] 94 main_controller - INFO - Failed to fill form, template sequence: 96090
[ 2024-04-17 05:27:48,358 ] 94 main_controller - INFO - Failed to fill form, template sequence: 96090
[ 2024-04-17 05:27:48,359 ] 94 main_controller - INFO - Remaining form(s): 5
[ 2024-04-17 05:27:48,359 ] 94 main_controller - INFO - Remaining form(s): 5
[ 2024-04-17 05:27:48,359 ] 94 main_controller - INFO - Remaining form(s): 5
[ 2024-04-17 05:27:48,359 ] 94 main_controller - INFO - Remaining form(s): 5
[ 2024-04-17 05:28:09,756 ] 94 main_controller - INFO - Failed to fill form, template sequence: 96093
[ 2024-04-17 05:28:09,756 ] 94 main_controller - INFO - Failed to fill form, template sequence: 96093
[ 2024-04-17 05:28:09,756 ] 94 main_controller - INFO - Failed to fill form, template sequence: 96093
[ 2024-04-17 05:28:09,756 ] 94 main_controller - INFO - Failed to fill form, template sequence: 96093
[ 2024-04-17 05:28:09,757 ] 94 main_controller - INFO - Remaining form(s): 5
[ 2024-04-17 05:28:09,757 ] 94 main_controller - INFO - Remaining form(s): 5
[ 2024-04-17 05:28:09,757 ] 94 main_controller - INFO - Remaining form(s): 5
[ 2024-04-17 05:28:09,757 ] 94 main_controller - INFO - Remaining form(s): 5
[ 2024-04-17 05:28:12,684 ] 94 main_controller - INFO - Failed to fill form, template sequence: 96091
[ 2024-04-17 05:28:12,684 ] 94 main_controller - INFO - Failed to fill form, template sequence: 96091
[ 2024-04-17 05:28:12,684 ] 94 main_controller - INFO - Failed to fill form, template sequence: 96091
[ 2024-04-17 05:28:12,684 ] 94 main_controller - INFO - Failed to fill form, template sequence: 96091
[ 2024-04-17 05:28:12,685 ] 94 main_controller - INFO - Remaining form(s): 5
[ 2024-04-17 05:28:12,685 ] 94 main_controller - INFO - Remaining form(s): 5
[ 2024-04-17 05:28:12,685 ] 94 main_controller - INFO - Remaining form(s): 5
[ 2024-04-17 05:28:12,685 ] 94 main_controller - INFO - Remaining form(s): 5
[ 2024-04-17 05:28:22,068 ] 94 main_controller - INFO - Failed to fill form, template sequence: 96091
[ 2024-04-17 05:28:22,068 ] 94 main_controller - INFO - Failed to fill form, template sequence: 96091
[ 2024-04-17 05:28:22,068 ] 94 main_controller - INFO - Failed to fill form, template sequence: 96091
[ 2024-04-17 05:28:22,068 ] 94 main_controller - INFO - Failed to fill form, template sequence: 96091
[ 2024-04-17 05:28:22,069 ] 94 main_controller - INFO - Remaining form(s): 5
[ 2024-04-17 05:28:22,069 ] 94 main_controller - INFO - Remaining form(s): 5
[ 2024-04-17 05:28:22,069 ] 94 main_controller - INFO - Remaining form(s): 5
[ 2024-04-17 05:28:22,069 ] 94 main_controller - INFO - Remaining form(s): 5
[ 2024-04-17 05:28:46,637 ] 94 main_controller - INFO - Failed to fill form, template sequence: 96090
[ 2024-04-17 05:28:46,637 ] 94 main_controller - INFO - Failed to fill form, template sequence: 96090
[ 2024-04-17 05:28:46,637 ] 94 main_controller - INFO - Failed to fill form, template sequence: 96090
[ 2024-04-17 05:28:46,637 ] 94 main_controller - INFO - Failed to fill form, template sequence: 96090
[ 2024-04-17 05:28:46,637 ] 94 main_controller - INFO - Remaining form(s): 5
[ 2024-04-17 05:28:46,637 ] 94 main_controller - INFO - Remaining form(s): 5
[ 2024-04-17 05:28:46,637 ] 94 main_controller - INFO - Remaining form(s): 5
[ 2024-04-17 05:28:46,637 ] 94 main_controller - INFO - Remaining form(s): 5
[ 2024-04-17 05:28:50,601 ] 94 main_controller - INFO - Failed to fill form, template sequence: 96093
[ 2024-04-17 05:28:50,601 ] 94 main_controller - INFO - Failed to fill form, template sequence: 96093
[ 2024-04-17 05:28:50,601 ] 94 main_controller - INFO - Failed to fill form, template sequence: 96093
[ 2024-04-17 05:28:50,601 ] 94 main_controller - INFO - Failed to fill form, template sequence: 96093
[ 2024-04-17 05:28:50,602 ] 94 main_controller - INFO - Remaining form(s): 5
[ 2024-04-17 05:28:50,602 ] 94 main_controller - INFO - Remaining form(s): 5
[ 2024-04-17 05:28:50,602 ] 94 main_controller - INFO - Remaining form(s): 5
[ 2024-04-17 05:28:50,602 ] 94 main_controller - INFO - Remaining form(s): 5
[ 2024-04-17 05:28:57,677 ] 94 main_controller - INFO - Failed to fill form, template sequence: 96088
[ 2024-04-17 05:28:57,677 ] 94 main_controller - INFO - Failed to fill form, template sequence: 96088
[ 2024-04-17 05:28:57,677 ] 94 main_controller - INFO - Failed to fill form, template sequence: 96088
[ 2024-04-17 05:28:57,677 ] 94 main_controller - INFO - Failed to fill form, template sequence: 96088
[ 2024-04-17 05:28:57,678 ] 94 main_controller - INFO - Remaining form(s): 5
[ 2024-04-17 05:28:57,678 ] 94 main_controller - INFO - Remaining form(s): 5
[ 2024-04-17 05:28:57,678 ] 94 main_controller - INFO - Remaining form(s): 5
[ 2024-04-17 05:28:57,678 ] 94 main_controller - INFO - Remaining form(s): 5
[ 2024-04-17 05:29:24,273 ] 94 main_controller - INFO - Failed to fill form, template sequence: 96089
[ 2024-04-17 05:29:24,273 ] 94 main_controller - INFO - Failed to fill form, template sequence: 96089
[ 2024-04-17 05:29:24,273 ] 94 main_controller - INFO - Failed to fill form, template sequence: 96089
[ 2024-04-17 05:29:24,273 ] 94 main_controller - INFO - Failed to fill form, template sequence: 96089
[ 2024-04-17 05:29:24,273 ] 94 main_controller - INFO - Remaining form(s): 5
[ 2024-04-17 05:29:24,273 ] 94 main_controller - INFO - Remaining form(s): 5
[ 2024-04-17 05:29:24,273 ] 94 main_controller - INFO - Remaining form(s): 5
[ 2024-04-17 05:29:24,273 ] 94 main_controller - INFO - Remaining form(s): 5
[ 2024-04-17 05:29:28,847 ] 94 main_controller - INFO - Failed to fill form, template sequence: 96088
[ 2024-04-17 05:29:28,847 ] 94 main_controller - INFO - Failed to fill form, template sequence: 96088
[ 2024-04-17 05:29:28,847 ] 94 main_controller - INFO - Failed to fill form, template sequence: 96088
[ 2024-04-17 05:29:28,847 ] 94 main_controller - INFO - Failed to fill form, template sequence: 96088
[ 2024-04-17 05:29:28,848 ] 94 main_controller - INFO - Remaining form(s): 5
[ 2024-04-17 05:29:28,848 ] 94 main_controller - INFO - Remaining form(s): 5
[ 2024-04-17 05:29:28,848 ] 94 main_controller - INFO - Remaining form(s): 5
[ 2024-04-17 05:29:28,848 ] 94 main_controller - INFO - Remaining form(s): 5
[ 2024-04-17 05:29:35,752 ] 94 main_controller - INFO - Failed to fill form, template sequence: 96093
[ 2024-04-17 05:29:35,752 ] 94 main_controller - INFO - Failed to fill form, template sequence: 96093
[ 2024-04-17 05:29:35,752 ] 94 main_controller - INFO - Failed to fill form, template sequence: 96093
[ 2024-04-17 05:29:35,752 ] 94 main_controller - INFO - Failed to fill form, template sequence: 96093
[ 2024-04-17 05:29:35,753 ] 94 main_controller - INFO - Remaining form(s): 5
[ 2024-04-17 05:29:35,753 ] 94 main_controller - INFO - Remaining form(s): 5
[ 2024-04-17 05:29:35,753 ] 94 main_controller - INFO - Remaining form(s): 5
[ 2024-04-17 05:29:35,753 ] 94 main_controller - INFO - Remaining form(s): 5
[ 2024-04-17 05:30:36,792 ] 94 main_controller - INFO - Failed to fill form, template sequence: 96088
[ 2024-04-17 05:30:36,792 ] 94 main_controller - INFO - Failed to fill form, template sequence: 96088
[ 2024-04-17 05:30:36,792 ] 94 main_controller - INFO - Failed to fill form, template sequence: 96088
[ 2024-04-17 05:30:36,792 ] 94 main_controller - INFO - Failed to fill form, template sequence: 96088
[ 2024-04-17 05:30:36,793 ] 94 main_controller - INFO - Remaining form(s): 5
[ 2024-04-17 05:30:36,793 ] 94 main_controller - INFO - Remaining form(s): 5
[ 2024-04-17 05:30:36,793 ] 94 main_controller - INFO - Remaining form(s): 5
[ 2024-04-17 05:30:36,793 ] 94 main_controller - INFO - Remaining form(s): 5
[ 2024-04-17 05:30:39,810 ] 94 main_controller - INFO - Failed to fill form, template sequence: 96089
[ 2024-04-17 05:30:39,810 ] 94 main_controller - INFO - Failed to fill form, template sequence: 96089
[ 2024-04-17 05:30:39,810 ] 94 main_controller - INFO - Failed to fill form, template sequence: 96089
[ 2024-04-17 05:30:39,810 ] 94 main_controller - INFO - Failed to fill form, template sequence: 96089
[ 2024-04-17 05:30:39,811 ] 94 main_controller - INFO - Remaining form(s): 5
[ 2024-04-17 05:30:39,811 ] 94 main_controller - INFO - Remaining form(s): 5
[ 2024-04-17 05:30:39,811 ] 94 main_controller - INFO - Remaining form(s): 5
[ 2024-04-17 05:30:39,811 ] 94 main_controller - INFO - Remaining form(s): 5
[ 2024-04-17 05:30:52,704 ] 94 main_controller - INFO - Failed to fill form, template sequence: 96090
[ 2024-04-17 05:30:52,704 ] 94 main_controller - INFO - Failed to fill form, template sequence: 96090
[ 2024-04-17 05:30:52,704 ] 94 main_controller - INFO - Failed to fill form, template sequence: 96090
[ 2024-04-17 05:30:52,704 ] 94 main_controller - INFO - Failed to fill form, template sequence: 96090
[ 2024-04-17 05:30:52,705 ] 94 main_controller - INFO - Remaining form(s): 5
[ 2024-04-17 05:30:52,705 ] 94 main_controller - INFO - Remaining form(s): 5
[ 2024-04-17 05:30:52,705 ] 94 main_controller - INFO - Remaining form(s): 5
[ 2024-04-17 05:30:52,705 ] 94 main_controller - INFO - Remaining form(s): 5
