[ 2024-04-16 04:49:49,323 ] 94 main_controller - INFO - Subprocess 0 started with trial number 0
[ 2024-04-16 04:49:49,323 ] 94 main_controller - ERROR - Account is a dictionary, convert to Account object: Username: luthien5921@gmail.com, Password: aichi@5921
[ 2024-04-16 04:49:51,496 ] 94 main_controller - INFO - Browser opened
[ 2024-04-16 04:50:01,345 ] 94 main_controller - INFO - Logged in successfully
[ 2024-04-16 04:50:01,552 ] 94 main_controller - INFO - Screenshot saved to C:\Users\USER\Projects\AichiTool\AichiSelenium\logs\2024_04_16\04_49_48\screenshot_luthien5921.png
[ 2024-04-16 04:50:01,552 ] 94 main_controller - INFO - Finding forms
[ 2024-04-16 04:50:03,470 ] 94 main_controller - INFO - Found 4 form(s)
[ 2024-04-16 04:50:13,440 ] 94 main_controller - INFO - Failed to fill form, template sequence: 90551
[ 2024-04-16 04:50:13,440 ] 94 main_controller - INFO - Remaining form(s): 4
[ 2024-04-16 04:50:24,302 ] 94 main_controller - INFO - Failed to fill form, template sequence: 90549
[ 2024-04-16 04:50:24,302 ] 94 main_controller - INFO - Remaining form(s): 4
[ 2024-04-16 04:50:29,818 ] 94 main_controller - INFO - Form is closed, template sequence: 90548
[ 2024-04-16 04:50:29,819 ] 94 main_controller - INFO - Remaining form(s): 3
[ 2024-04-16 04:50:39,186 ] 94 main_controller - INFO - Failed to fill form, template sequence: 90550
[ 2024-04-16 04:50:39,186 ] 94 main_controller - INFO - Remaining form(s): 3
[ 2024-04-16 04:50:49,021 ] 94 main_controller - INFO - Failed to fill form, template sequence: 90551
[ 2024-04-16 04:50:49,021 ] 94 main_controller - INFO - Remaining form(s): 3
[ 2024-04-16 04:50:57,508 ] 94 main_controller - INFO - Failed to fill form, template sequence: 90549
[ 2024-04-16 04:50:57,508 ] 94 main_controller - INFO - Remaining form(s): 3
[ 2024-04-16 04:52:03,609 ] 94 main_controller - INFO - Failed to fill form, template sequence: 90550
[ 2024-04-16 04:52:03,610 ] 94 main_controller - INFO - Remaining form(s): 3
