[ 2024-04-19 05:26:54,893 ] 94 Nickpown0411 - INFO - Opened login page
[ 2024-04-19 05:26:54,893 ] 94 Nickpown0411 - INFO - Opened login page
[ 2024-04-19 05:26:54,893 ] 94 Nickpown0411 - INFO - Opened login page
[ 2024-04-19 05:27:07,011 ] 94 Nickpown0411 - INFO - Opened login page
[ 2024-04-19 05:27:07,011 ] 94 Nickpown0411 - INFO - Opened login page
[ 2024-04-19 05:27:07,011 ] 94 Nickpown0411 - INFO - Opened login page
[ 2024-04-19 05:27:07,011 ] 94 Nickpown0411 - INFO - Opened login page
[ 2024-04-19 05:27:07,011 ] 94 Nickpown0411 - INFO - Opened login page
[ 2024-04-19 05:27:07,011 ] 94 Nickpown0411 - INFO - Opened login page
[ 2024-04-19 05:27:10,631 ] 94 Nickpown0411 - INFO - Logging in
[ 2024-04-19 05:27:10,631 ] 94 Nickpown0411 - INFO - Logging in
[ 2024-04-19 05:27:10,631 ] 94 Nickpown0411 - INFO - Logging in
[ 2024-04-19 05:27:10,631 ] 94 Nickpown0411 - INFO - Logging in
[ 2024-04-19 05:27:10,631 ] 94 Nickpown0411 - INFO - Logging in
[ 2024-04-19 05:27:10,631 ] 94 Nickpown0411 - INFO - Logging in
[ 2024-04-19 05:27:10,650 ] 94 Nickpown0411 - INFO - Current url: https://www.shinsei.e-aichi.jp/pref-aichi-police-u/offer/offerList_initDisplay
[ 2024-04-19 05:27:10,650 ] 94 Nickpown0411 - INFO - Current url: https://www.shinsei.e-aichi.jp/pref-aichi-police-u/offer/offerList_initDisplay
[ 2024-04-19 05:27:10,650 ] 94 Nickpown0411 - INFO - Current url: https://www.shinsei.e-aichi.jp/pref-aichi-police-u/offer/offerList_initDisplay
[ 2024-04-19 05:27:10,650 ] 94 Nickpown0411 - INFO - Current url: https://www.shinsei.e-aichi.jp/pref-aichi-police-u/offer/offerList_initDisplay
[ 2024-04-19 05:27:10,650 ] 94 Nickpown0411 - INFO - Current url: https://www.shinsei.e-aichi.jp/pref-aichi-police-u/offer/offerList_initDisplay
[ 2024-04-19 05:27:10,650 ] 94 Nickpown0411 - INFO - Current url: https://www.shinsei.e-aichi.jp/pref-aichi-police-u/offer/offerList_initDisplay
[ 2024-04-19 05:27:10,970 ] 94 Nickpown0411 - INFO - Logged in finished
[ 2024-04-19 05:27:10,970 ] 94 Nickpown0411 - INFO - Logged in finished
[ 2024-04-19 05:27:10,970 ] 94 Nickpown0411 - INFO - Logged in finished
[ 2024-04-19 05:27:10,970 ] 94 Nickpown0411 - INFO - Logged in finished
[ 2024-04-19 05:27:10,970 ] 94 Nickpown0411 - INFO - Logged in finished
[ 2024-04-19 05:27:10,970 ] 94 Nickpown0411 - INFO - Logged in finished
[ 2024-04-19 05:27:11,227 ] 94 Nickpown0411 - INFO - On main page
[ 2024-04-19 05:27:11,227 ] 94 Nickpown0411 - INFO - On main page
[ 2024-04-19 05:27:11,227 ] 94 Nickpown0411 - INFO - On main page
[ 2024-04-19 05:27:11,227 ] 94 Nickpown0411 - INFO - On main page
[ 2024-04-19 05:27:11,227 ] 94 Nickpown0411 - INFO - On main page
[ 2024-04-19 05:27:11,227 ] 94 Nickpown0411 - INFO - On main page
[ 2024-04-19 05:27:12,462 ] 94 Nickpown0411 - INFO - Search submitted
[ 2024-04-19 05:27:12,462 ] 94 Nickpown0411 - INFO - Search submitted
[ 2024-04-19 05:27:12,462 ] 94 Nickpown0411 - INFO - Search submitted
[ 2024-04-19 05:27:12,462 ] 94 Nickpown0411 - INFO - Search submitted
[ 2024-04-19 05:27:12,462 ] 94 Nickpown0411 - INFO - Search submitted
[ 2024-04-19 05:27:12,462 ] 94 Nickpown0411 - INFO - Search submitted
[ 2024-04-19 05:27:12,484 ] 94 Nickpown0411 - INFO - Collected 20 forms
[ 2024-04-19 05:27:12,484 ] 94 Nickpown0411 - INFO - Collected 20 forms
[ 2024-04-19 05:27:12,484 ] 94 Nickpown0411 - INFO - Collected 20 forms
[ 2024-04-19 05:27:12,484 ] 94 Nickpown0411 - INFO - Collected 20 forms
[ 2024-04-19 05:27:12,484 ] 94 Nickpown0411 - INFO - Collected 20 forms
[ 2024-04-19 05:27:12,484 ] 94 Nickpown0411 - INFO - Collected 20 forms
[ 2024-04-19 05:27:12,514 ] 94 Nickpown0411 - INFO - Parsed data: title: ＜05月02日(木) 08:45～09:30＞[平針]外国免許切替審査 Hirabari Exchanging Foreign Driver's License, status: None, start_date: 2024年04月18日 07時30分, end_date: 2024年04月30日 12時00分, template_seq: 96126
[ 2024-04-19 05:27:12,514 ] 94 Nickpown0411 - INFO - Parsed data: title: ＜05月02日(木) 08:45～09:30＞[平針]外国免許切替審査 Hirabari Exchanging Foreign Driver's License, status: None, start_date: 2024年04月18日 07時30分, end_date: 2024年04月30日 12時00分, template_seq: 96126
[ 2024-04-19 05:27:12,514 ] 94 Nickpown0411 - INFO - Parsed data: title: ＜05月02日(木) 08:45～09:30＞[平針]外国免許切替審査 Hirabari Exchanging Foreign Driver's License, status: None, start_date: 2024年04月18日 07時30分, end_date: 2024年04月30日 12時00分, template_seq: 96126
[ 2024-04-19 05:27:12,514 ] 94 Nickpown0411 - INFO - Parsed data: title: ＜05月02日(木) 08:45～09:30＞[平針]外国免許切替審査 Hirabari Exchanging Foreign Driver's License, status: None, start_date: 2024年04月18日 07時30分, end_date: 2024年04月30日 12時00分, template_seq: 96126
[ 2024-04-19 05:27:12,514 ] 94 Nickpown0411 - INFO - Parsed data: title: ＜05月02日(木) 08:45～09:30＞[平針]外国免許切替審査 Hirabari Exchanging Foreign Driver's License, status: None, start_date: 2024年04月18日 07時30分, end_date: 2024年04月30日 12時00分, template_seq: 96126
[ 2024-04-19 05:27:12,514 ] 94 Nickpown0411 - INFO - Parsed data: title: ＜05月02日(木) 08:45～09:30＞[平針]外国免許切替審査 Hirabari Exchanging Foreign Driver's License, status: None, start_date: 2024年04月18日 07時30分, end_date: 2024年04月30日 12時00分, template_seq: 96126
[ 2024-04-19 05:27:12,536 ] 94 Nickpown0411 - INFO - Parsed data: title: ＜05月02日(木) 09:30～10:30＞[平針]外国免許切替審査 Hirabari Exchanging Foreign Driver's License, status: None, start_date: 2024年04月18日 07時30分, end_date: 2024年04月30日 12時00分, template_seq: 96127
[ 2024-04-19 05:27:12,536 ] 94 Nickpown0411 - INFO - Parsed data: title: ＜05月02日(木) 09:30～10:30＞[平針]外国免許切替審査 Hirabari Exchanging Foreign Driver's License, status: None, start_date: 2024年04月18日 07時30分, end_date: 2024年04月30日 12時00分, template_seq: 96127
[ 2024-04-19 05:27:12,536 ] 94 Nickpown0411 - INFO - Parsed data: title: ＜05月02日(木) 09:30～10:30＞[平針]外国免許切替審査 Hirabari Exchanging Foreign Driver's License, status: None, start_date: 2024年04月18日 07時30分, end_date: 2024年04月30日 12時00分, template_seq: 96127
[ 2024-04-19 05:27:12,536 ] 94 Nickpown0411 - INFO - Parsed data: title: ＜05月02日(木) 09:30～10:30＞[平針]外国免許切替審査 Hirabari Exchanging Foreign Driver's License, status: None, start_date: 2024年04月18日 07時30分, end_date: 2024年04月30日 12時00分, template_seq: 96127
[ 2024-04-19 05:27:12,536 ] 94 Nickpown0411 - INFO - Parsed data: title: ＜05月02日(木) 09:30～10:30＞[平針]外国免許切替審査 Hirabari Exchanging Foreign Driver's License, status: None, start_date: 2024年04月18日 07時30分, end_date: 2024年04月30日 12時00分, template_seq: 96127
[ 2024-04-19 05:27:12,536 ] 94 Nickpown0411 - INFO - Parsed data: title: ＜05月02日(木) 09:30～10:30＞[平針]外国免許切替審査 Hirabari Exchanging Foreign Driver's License, status: None, start_date: 2024年04月18日 07時30分, end_date: 2024年04月30日 12時00分, template_seq: 96127
[ 2024-04-19 05:27:12,556 ] 94 Nickpown0411 - INFO - Parsed data: title: ＜05月02日(木) 10:30～11:45＞[平針]外国免許切替審査 Hirabari Exchanging Foreign Driver's License, status: None, start_date: 2024年04月18日 07時30分, end_date: 2024年04月30日 12時00分, template_seq: 96128
[ 2024-04-19 05:27:12,556 ] 94 Nickpown0411 - INFO - Parsed data: title: ＜05月02日(木) 10:30～11:45＞[平針]外国免許切替審査 Hirabari Exchanging Foreign Driver's License, status: None, start_date: 2024年04月18日 07時30分, end_date: 2024年04月30日 12時00分, template_seq: 96128
[ 2024-04-19 05:27:12,556 ] 94 Nickpown0411 - INFO - Parsed data: title: ＜05月02日(木) 10:30～11:45＞[平針]外国免許切替審査 Hirabari Exchanging Foreign Driver's License, status: None, start_date: 2024年04月18日 07時30分, end_date: 2024年04月30日 12時00分, template_seq: 96128
[ 2024-04-19 05:27:12,556 ] 94 Nickpown0411 - INFO - Parsed data: title: ＜05月02日(木) 10:30～11:45＞[平針]外国免許切替審査 Hirabari Exchanging Foreign Driver's License, status: None, start_date: 2024年04月18日 07時30分, end_date: 2024年04月30日 12時00分, template_seq: 96128
[ 2024-04-19 05:27:12,556 ] 94 Nickpown0411 - INFO - Parsed data: title: ＜05月02日(木) 10:30～11:45＞[平針]外国免許切替審査 Hirabari Exchanging Foreign Driver's License, status: None, start_date: 2024年04月18日 07時30分, end_date: 2024年04月30日 12時00分, template_seq: 96128
[ 2024-04-19 05:27:12,556 ] 94 Nickpown0411 - INFO - Parsed data: title: ＜05月02日(木) 10:30～11:45＞[平針]外国免許切替審査 Hirabari Exchanging Foreign Driver's License, status: None, start_date: 2024年04月18日 07時30分, end_date: 2024年04月30日 12時00分, template_seq: 96128
[ 2024-04-19 05:27:12,576 ] 94 Nickpown0411 - INFO - Parsed data: title: ＜05月02日(木) 12:45～13:30＞[平針]外国免許切替審査 Hirabari Exchanging Foreign Driver's License, status: None, start_date: 2024年04月18日 07時30分, end_date: 2024年04月30日 12時00分, template_seq: 96129
[ 2024-04-19 05:27:12,576 ] 94 Nickpown0411 - INFO - Parsed data: title: ＜05月02日(木) 12:45～13:30＞[平針]外国免許切替審査 Hirabari Exchanging Foreign Driver's License, status: None, start_date: 2024年04月18日 07時30分, end_date: 2024年04月30日 12時00分, template_seq: 96129
[ 2024-04-19 05:27:12,576 ] 94 Nickpown0411 - INFO - Parsed data: title: ＜05月02日(木) 12:45～13:30＞[平針]外国免許切替審査 Hirabari Exchanging Foreign Driver's License, status: None, start_date: 2024年04月18日 07時30分, end_date: 2024年04月30日 12時00分, template_seq: 96129
[ 2024-04-19 05:27:12,576 ] 94 Nickpown0411 - INFO - Parsed data: title: ＜05月02日(木) 12:45～13:30＞[平針]外国免許切替審査 Hirabari Exchanging Foreign Driver's License, status: None, start_date: 2024年04月18日 07時30分, end_date: 2024年04月30日 12時00分, template_seq: 96129
[ 2024-04-19 05:27:12,576 ] 94 Nickpown0411 - INFO - Parsed data: title: ＜05月02日(木) 12:45～13:30＞[平針]外国免許切替審査 Hirabari Exchanging Foreign Driver's License, status: None, start_date: 2024年04月18日 07時30分, end_date: 2024年04月30日 12時00分, template_seq: 96129
[ 2024-04-19 05:27:12,576 ] 94 Nickpown0411 - INFO - Parsed data: title: ＜05月02日(木) 12:45～13:30＞[平針]外国免許切替審査 Hirabari Exchanging Foreign Driver's License, status: None, start_date: 2024年04月18日 07時30分, end_date: 2024年04月30日 12時00分, template_seq: 96129
[ 2024-04-19 05:27:12,603 ] 94 Nickpown0411 - INFO - Parsed data: title: ＜05月02日(木) 13:30～14:45＞[平針]外国免許切替審査 Hirabari Exchanging Foreign Driver's License, status: None, start_date: 2024年04月18日 07時30分, end_date: 2024年04月30日 12時00分, template_seq: 96130
[ 2024-04-19 05:27:12,603 ] 94 Nickpown0411 - INFO - Parsed data: title: ＜05月02日(木) 13:30～14:45＞[平針]外国免許切替審査 Hirabari Exchanging Foreign Driver's License, status: None, start_date: 2024年04月18日 07時30分, end_date: 2024年04月30日 12時00分, template_seq: 96130
[ 2024-04-19 05:27:12,603 ] 94 Nickpown0411 - INFO - Parsed data: title: ＜05月02日(木) 13:30～14:45＞[平針]外国免許切替審査 Hirabari Exchanging Foreign Driver's License, status: None, start_date: 2024年04月18日 07時30分, end_date: 2024年04月30日 12時00分, template_seq: 96130
[ 2024-04-19 05:27:12,603 ] 94 Nickpown0411 - INFO - Parsed data: title: ＜05月02日(木) 13:30～14:45＞[平針]外国免許切替審査 Hirabari Exchanging Foreign Driver's License, status: None, start_date: 2024年04月18日 07時30分, end_date: 2024年04月30日 12時00分, template_seq: 96130
[ 2024-04-19 05:27:12,603 ] 94 Nickpown0411 - INFO - Parsed data: title: ＜05月02日(木) 13:30～14:45＞[平針]外国免許切替審査 Hirabari Exchanging Foreign Driver's License, status: None, start_date: 2024年04月18日 07時30分, end_date: 2024年04月30日 12時00分, template_seq: 96130
[ 2024-04-19 05:27:12,603 ] 94 Nickpown0411 - INFO - Parsed data: title: ＜05月02日(木) 13:30～14:45＞[平針]外国免許切替審査 Hirabari Exchanging Foreign Driver's License, status: None, start_date: 2024年04月18日 07時30分, end_date: 2024年04月30日 12時00分, template_seq: 96130
[ 2024-04-19 05:27:12,655 ] 94 Nickpown0411 - INFO - Parsed data: title: ＜05月01日(水) 08:45～09:30＞[平針]外国免許切替審査 Hirabari Exchanging Foreign Driver's License, status: None, start_date: 2024年04月17日 07時30分, end_date: 2024年04月26日 12時00分, template_seq: 96088
[ 2024-04-19 05:27:12,655 ] 94 Nickpown0411 - INFO - Parsed data: title: ＜05月01日(水) 08:45～09:30＞[平針]外国免許切替審査 Hirabari Exchanging Foreign Driver's License, status: None, start_date: 2024年04月17日 07時30分, end_date: 2024年04月26日 12時00分, template_seq: 96088
[ 2024-04-19 05:27:12,655 ] 94 Nickpown0411 - INFO - Parsed data: title: ＜05月01日(水) 08:45～09:30＞[平針]外国免許切替審査 Hirabari Exchanging Foreign Driver's License, status: None, start_date: 2024年04月17日 07時30分, end_date: 2024年04月26日 12時00分, template_seq: 96088
[ 2024-04-19 05:27:12,655 ] 94 Nickpown0411 - INFO - Parsed data: title: ＜05月01日(水) 08:45～09:30＞[平針]外国免許切替審査 Hirabari Exchanging Foreign Driver's License, status: None, start_date: 2024年04月17日 07時30分, end_date: 2024年04月26日 12時00分, template_seq: 96088
[ 2024-04-19 05:27:12,655 ] 94 Nickpown0411 - INFO - Parsed data: title: ＜05月01日(水) 08:45～09:30＞[平針]外国免許切替審査 Hirabari Exchanging Foreign Driver's License, status: None, start_date: 2024年04月17日 07時30分, end_date: 2024年04月26日 12時00分, template_seq: 96088
[ 2024-04-19 05:27:12,655 ] 94 Nickpown0411 - INFO - Parsed data: title: ＜05月01日(水) 08:45～09:30＞[平針]外国免許切替審査 Hirabari Exchanging Foreign Driver's License, status: None, start_date: 2024年04月17日 07時30分, end_date: 2024年04月26日 12時00分, template_seq: 96088
[ 2024-04-19 05:27:12,696 ] 94 Nickpown0411 - INFO - Parsed data: title: ＜05月01日(水) 09:30～10:30＞[平針]外国免許切替審査 Hirabari Exchanging Foreign Driver's License, status: None, start_date: 2024年04月17日 07時30分, end_date: 2024年04月26日 12時00分, template_seq: 96089
[ 2024-04-19 05:27:12,696 ] 94 Nickpown0411 - INFO - Parsed data: title: ＜05月01日(水) 09:30～10:30＞[平針]外国免許切替審査 Hirabari Exchanging Foreign Driver's License, status: None, start_date: 2024年04月17日 07時30分, end_date: 2024年04月26日 12時00分, template_seq: 96089
[ 2024-04-19 05:27:12,696 ] 94 Nickpown0411 - INFO - Parsed data: title: ＜05月01日(水) 09:30～10:30＞[平針]外国免許切替審査 Hirabari Exchanging Foreign Driver's License, status: None, start_date: 2024年04月17日 07時30分, end_date: 2024年04月26日 12時00分, template_seq: 96089
[ 2024-04-19 05:27:12,696 ] 94 Nickpown0411 - INFO - Parsed data: title: ＜05月01日(水) 09:30～10:30＞[平針]外国免許切替審査 Hirabari Exchanging Foreign Driver's License, status: None, start_date: 2024年04月17日 07時30分, end_date: 2024年04月26日 12時00分, template_seq: 96089
[ 2024-04-19 05:27:12,696 ] 94 Nickpown0411 - INFO - Parsed data: title: ＜05月01日(水) 09:30～10:30＞[平針]外国免許切替審査 Hirabari Exchanging Foreign Driver's License, status: None, start_date: 2024年04月17日 07時30分, end_date: 2024年04月26日 12時00分, template_seq: 96089
[ 2024-04-19 05:27:12,696 ] 94 Nickpown0411 - INFO - Parsed data: title: ＜05月01日(水) 09:30～10:30＞[平針]外国免許切替審査 Hirabari Exchanging Foreign Driver's License, status: None, start_date: 2024年04月17日 07時30分, end_date: 2024年04月26日 12時00分, template_seq: 96089
[ 2024-04-19 05:27:12,729 ] 94 Nickpown0411 - INFO - Parsed data: title: ＜05月01日(水) 10:30～11:45＞[平針]外国免許切替審査 Hirabari Exchanging Foreign Driver's License, status: None, start_date: 2024年04月17日 07時30分, end_date: 2024年04月26日 12時00分, template_seq: 96090
[ 2024-04-19 05:27:12,729 ] 94 Nickpown0411 - INFO - Parsed data: title: ＜05月01日(水) 10:30～11:45＞[平針]外国免許切替審査 Hirabari Exchanging Foreign Driver's License, status: None, start_date: 2024年04月17日 07時30分, end_date: 2024年04月26日 12時00分, template_seq: 96090
[ 2024-04-19 05:27:12,729 ] 94 Nickpown0411 - INFO - Parsed data: title: ＜05月01日(水) 10:30～11:45＞[平針]外国免許切替審査 Hirabari Exchanging Foreign Driver's License, status: None, start_date: 2024年04月17日 07時30分, end_date: 2024年04月26日 12時00分, template_seq: 96090
[ 2024-04-19 05:27:12,729 ] 94 Nickpown0411 - INFO - Parsed data: title: ＜05月01日(水) 10:30～11:45＞[平針]外国免許切替審査 Hirabari Exchanging Foreign Driver's License, status: None, start_date: 2024年04月17日 07時30分, end_date: 2024年04月26日 12時00分, template_seq: 96090
[ 2024-04-19 05:27:12,729 ] 94 Nickpown0411 - INFO - Parsed data: title: ＜05月01日(水) 10:30～11:45＞[平針]外国免許切替審査 Hirabari Exchanging Foreign Driver's License, status: None, start_date: 2024年04月17日 07時30分, end_date: 2024年04月26日 12時00分, template_seq: 96090
[ 2024-04-19 05:27:12,729 ] 94 Nickpown0411 - INFO - Parsed data: title: ＜05月01日(水) 10:30～11:45＞[平針]外国免許切替審査 Hirabari Exchanging Foreign Driver's License, status: None, start_date: 2024年04月17日 07時30分, end_date: 2024年04月26日 12時00分, template_seq: 96090
[ 2024-04-19 05:27:12,766 ] 94 Nickpown0411 - INFO - Parsed data: title: ＜05月01日(水) 12:45～13:30＞[平針]外国免許切替審査 Hirabari Exchanging Foreign Driver's License, status: None, start_date: 2024年04月17日 07時30分, end_date: 2024年04月26日 12時00分, template_seq: 96091
[ 2024-04-19 05:27:12,766 ] 94 Nickpown0411 - INFO - Parsed data: title: ＜05月01日(水) 12:45～13:30＞[平針]外国免許切替審査 Hirabari Exchanging Foreign Driver's License, status: None, start_date: 2024年04月17日 07時30分, end_date: 2024年04月26日 12時00分, template_seq: 96091
[ 2024-04-19 05:27:12,766 ] 94 Nickpown0411 - INFO - Parsed data: title: ＜05月01日(水) 12:45～13:30＞[平針]外国免許切替審査 Hirabari Exchanging Foreign Driver's License, status: None, start_date: 2024年04月17日 07時30分, end_date: 2024年04月26日 12時00分, template_seq: 96091
[ 2024-04-19 05:27:12,766 ] 94 Nickpown0411 - INFO - Parsed data: title: ＜05月01日(水) 12:45～13:30＞[平針]外国免許切替審査 Hirabari Exchanging Foreign Driver's License, status: None, start_date: 2024年04月17日 07時30分, end_date: 2024年04月26日 12時00分, template_seq: 96091
[ 2024-04-19 05:27:12,766 ] 94 Nickpown0411 - INFO - Parsed data: title: ＜05月01日(水) 12:45～13:30＞[平針]外国免許切替審査 Hirabari Exchanging Foreign Driver's License, status: None, start_date: 2024年04月17日 07時30分, end_date: 2024年04月26日 12時00分, template_seq: 96091
[ 2024-04-19 05:27:12,766 ] 94 Nickpown0411 - INFO - Parsed data: title: ＜05月01日(水) 12:45～13:30＞[平針]外国免許切替審査 Hirabari Exchanging Foreign Driver's License, status: None, start_date: 2024年04月17日 07時30分, end_date: 2024年04月26日 12時00分, template_seq: 96091
[ 2024-04-19 05:27:12,791 ] 94 Nickpown0411 - INFO - Parsed data: title: ＜05月01日(水) 13:30～14:45＞[平針]外国免許切替審査 Hirabari Exchanging Foreign Driver's License, status: None, start_date: 2024年04月17日 07時30分, end_date: 2024年04月26日 12時00分, template_seq: 96093
[ 2024-04-19 05:27:12,791 ] 94 Nickpown0411 - INFO - Parsed data: title: ＜05月01日(水) 13:30～14:45＞[平針]外国免許切替審査 Hirabari Exchanging Foreign Driver's License, status: None, start_date: 2024年04月17日 07時30分, end_date: 2024年04月26日 12時00分, template_seq: 96093
[ 2024-04-19 05:27:12,791 ] 94 Nickpown0411 - INFO - Parsed data: title: ＜05月01日(水) 13:30～14:45＞[平針]外国免許切替審査 Hirabari Exchanging Foreign Driver's License, status: None, start_date: 2024年04月17日 07時30分, end_date: 2024年04月26日 12時00分, template_seq: 96093
[ 2024-04-19 05:27:12,791 ] 94 Nickpown0411 - INFO - Parsed data: title: ＜05月01日(水) 13:30～14:45＞[平針]外国免許切替審査 Hirabari Exchanging Foreign Driver's License, status: None, start_date: 2024年04月17日 07時30分, end_date: 2024年04月26日 12時00分, template_seq: 96093
[ 2024-04-19 05:27:12,791 ] 94 Nickpown0411 - INFO - Parsed data: title: ＜05月01日(水) 13:30～14:45＞[平針]外国免許切替審査 Hirabari Exchanging Foreign Driver's License, status: None, start_date: 2024年04月17日 07時30分, end_date: 2024年04月26日 12時00分, template_seq: 96093
[ 2024-04-19 05:27:12,791 ] 94 Nickpown0411 - INFO - Parsed data: title: ＜05月01日(水) 13:30～14:45＞[平針]外国免許切替審査 Hirabari Exchanging Foreign Driver's License, status: None, start_date: 2024年04月17日 07時30分, end_date: 2024年04月26日 12時00分, template_seq: 96093
[ 2024-04-19 05:27:12,818 ] 94 Nickpown0411 - INFO - Parsed data: title: ＜04月30日(火) 08:45～09:30＞[平針]外国免許切替審査 Hirabari Exchanging Foreign Driver's License, status: None, start_date: 2024年04月16日 07時30分, end_date: 2024年04月25日 12時00分, template_seq: 95604
[ 2024-04-19 05:27:12,818 ] 94 Nickpown0411 - INFO - Parsed data: title: ＜04月30日(火) 08:45～09:30＞[平針]外国免許切替審査 Hirabari Exchanging Foreign Driver's License, status: None, start_date: 2024年04月16日 07時30分, end_date: 2024年04月25日 12時00分, template_seq: 95604
[ 2024-04-19 05:27:12,818 ] 94 Nickpown0411 - INFO - Parsed data: title: ＜04月30日(火) 08:45～09:30＞[平針]外国免許切替審査 Hirabari Exchanging Foreign Driver's License, status: None, start_date: 2024年04月16日 07時30分, end_date: 2024年04月25日 12時00分, template_seq: 95604
[ 2024-04-19 05:27:12,818 ] 94 Nickpown0411 - INFO - Parsed data: title: ＜04月30日(火) 08:45～09:30＞[平針]外国免許切替審査 Hirabari Exchanging Foreign Driver's License, status: None, start_date: 2024年04月16日 07時30分, end_date: 2024年04月25日 12時00分, template_seq: 95604
[ 2024-04-19 05:27:12,818 ] 94 Nickpown0411 - INFO - Parsed data: title: ＜04月30日(火) 08:45～09:30＞[平針]外国免許切替審査 Hirabari Exchanging Foreign Driver's License, status: None, start_date: 2024年04月16日 07時30分, end_date: 2024年04月25日 12時00分, template_seq: 95604
[ 2024-04-19 05:27:12,818 ] 94 Nickpown0411 - INFO - Parsed data: title: ＜04月30日(火) 08:45～09:30＞[平針]外国免許切替審査 Hirabari Exchanging Foreign Driver's License, status: None, start_date: 2024年04月16日 07時30分, end_date: 2024年04月25日 12時00分, template_seq: 95604
[ 2024-04-19 05:27:12,848 ] 94 Nickpown0411 - INFO - Parsed data: title: ＜04月30日(火) 09:30～10:30＞[平針]外国免許切替審査 Hirabari Exchanging Foreign Driver's License, status: None, start_date: 2024年04月16日 07時30分, end_date: 2024年04月25日 12時00分, template_seq: 95605
[ 2024-04-19 05:27:12,848 ] 94 Nickpown0411 - INFO - Parsed data: title: ＜04月30日(火) 09:30～10:30＞[平針]外国免許切替審査 Hirabari Exchanging Foreign Driver's License, status: None, start_date: 2024年04月16日 07時30分, end_date: 2024年04月25日 12時00分, template_seq: 95605
[ 2024-04-19 05:27:12,848 ] 94 Nickpown0411 - INFO - Parsed data: title: ＜04月30日(火) 09:30～10:30＞[平針]外国免許切替審査 Hirabari Exchanging Foreign Driver's License, status: None, start_date: 2024年04月16日 07時30分, end_date: 2024年04月25日 12時00分, template_seq: 95605
[ 2024-04-19 05:27:12,848 ] 94 Nickpown0411 - INFO - Parsed data: title: ＜04月30日(火) 09:30～10:30＞[平針]外国免許切替審査 Hirabari Exchanging Foreign Driver's License, status: None, start_date: 2024年04月16日 07時30分, end_date: 2024年04月25日 12時00分, template_seq: 95605
[ 2024-04-19 05:27:12,848 ] 94 Nickpown0411 - INFO - Parsed data: title: ＜04月30日(火) 09:30～10:30＞[平針]外国免許切替審査 Hirabari Exchanging Foreign Driver's License, status: None, start_date: 2024年04月16日 07時30分, end_date: 2024年04月25日 12時00分, template_seq: 95605
[ 2024-04-19 05:27:12,848 ] 94 Nickpown0411 - INFO - Parsed data: title: ＜04月30日(火) 09:30～10:30＞[平針]外国免許切替審査 Hirabari Exchanging Foreign Driver's License, status: None, start_date: 2024年04月16日 07時30分, end_date: 2024年04月25日 12時00分, template_seq: 95605
[ 2024-04-19 05:27:12,877 ] 94 Nickpown0411 - INFO - Parsed data: title: ＜04月30日(火) 10:30～11:45＞[平針]外国免許切替審査 Hirabari Exchanging Foreign Driver's License, status: None, start_date: 2024年04月16日 07時30分, end_date: 2024年04月25日 12時00分, template_seq: 95607
[ 2024-04-19 05:27:12,877 ] 94 Nickpown0411 - INFO - Parsed data: title: ＜04月30日(火) 10:30～11:45＞[平針]外国免許切替審査 Hirabari Exchanging Foreign Driver's License, status: None, start_date: 2024年04月16日 07時30分, end_date: 2024年04月25日 12時00分, template_seq: 95607
[ 2024-04-19 05:27:12,877 ] 94 Nickpown0411 - INFO - Parsed data: title: ＜04月30日(火) 10:30～11:45＞[平針]外国免許切替審査 Hirabari Exchanging Foreign Driver's License, status: None, start_date: 2024年04月16日 07時30分, end_date: 2024年04月25日 12時00分, template_seq: 95607
[ 2024-04-19 05:27:12,877 ] 94 Nickpown0411 - INFO - Parsed data: title: ＜04月30日(火) 10:30～11:45＞[平針]外国免許切替審査 Hirabari Exchanging Foreign Driver's License, status: None, start_date: 2024年04月16日 07時30分, end_date: 2024年04月25日 12時00分, template_seq: 95607
[ 2024-04-19 05:27:12,877 ] 94 Nickpown0411 - INFO - Parsed data: title: ＜04月30日(火) 10:30～11:45＞[平針]外国免許切替審査 Hirabari Exchanging Foreign Driver's License, status: None, start_date: 2024年04月16日 07時30分, end_date: 2024年04月25日 12時00分, template_seq: 95607
[ 2024-04-19 05:27:12,877 ] 94 Nickpown0411 - INFO - Parsed data: title: ＜04月30日(火) 10:30～11:45＞[平針]外国免許切替審査 Hirabari Exchanging Foreign Driver's License, status: None, start_date: 2024年04月16日 07時30分, end_date: 2024年04月25日 12時00分, template_seq: 95607
[ 2024-04-19 05:27:12,903 ] 94 Nickpown0411 - INFO - Parsed data: title: ＜04月30日(火) 12:45～13:30＞[平針]外国免許切替審査 Hirabari Exchanging Foreign Driver's License, status: None, start_date: 2024年04月16日 07時30分, end_date: 2024年04月25日 12時00分, template_seq: 95608
[ 2024-04-19 05:27:12,903 ] 94 Nickpown0411 - INFO - Parsed data: title: ＜04月30日(火) 12:45～13:30＞[平針]外国免許切替審査 Hirabari Exchanging Foreign Driver's License, status: None, start_date: 2024年04月16日 07時30分, end_date: 2024年04月25日 12時00分, template_seq: 95608
[ 2024-04-19 05:27:12,903 ] 94 Nickpown0411 - INFO - Parsed data: title: ＜04月30日(火) 12:45～13:30＞[平針]外国免許切替審査 Hirabari Exchanging Foreign Driver's License, status: None, start_date: 2024年04月16日 07時30分, end_date: 2024年04月25日 12時00分, template_seq: 95608
[ 2024-04-19 05:27:12,903 ] 94 Nickpown0411 - INFO - Parsed data: title: ＜04月30日(火) 12:45～13:30＞[平針]外国免許切替審査 Hirabari Exchanging Foreign Driver's License, status: None, start_date: 2024年04月16日 07時30分, end_date: 2024年04月25日 12時00分, template_seq: 95608
[ 2024-04-19 05:27:12,903 ] 94 Nickpown0411 - INFO - Parsed data: title: ＜04月30日(火) 12:45～13:30＞[平針]外国免許切替審査 Hirabari Exchanging Foreign Driver's License, status: None, start_date: 2024年04月16日 07時30分, end_date: 2024年04月25日 12時00分, template_seq: 95608
[ 2024-04-19 05:27:12,903 ] 94 Nickpown0411 - INFO - Parsed data: title: ＜04月30日(火) 12:45～13:30＞[平針]外国免許切替審査 Hirabari Exchanging Foreign Driver's License, status: None, start_date: 2024年04月16日 07時30分, end_date: 2024年04月25日 12時00分, template_seq: 95608
[ 2024-04-19 05:27:12,926 ] 94 Nickpown0411 - INFO - Parsed data: title: ＜04月30日(火) 13:30～14:45＞[平針]外国免許切替審査 Hirabari Exchanging Foreign Driver's License, status: None, start_date: 2024年04月16日 07時30分, end_date: 2024年04月25日 12時00分, template_seq: 95609
[ 2024-04-19 05:27:12,926 ] 94 Nickpown0411 - INFO - Parsed data: title: ＜04月30日(火) 13:30～14:45＞[平針]外国免許切替審査 Hirabari Exchanging Foreign Driver's License, status: None, start_date: 2024年04月16日 07時30分, end_date: 2024年04月25日 12時00分, template_seq: 95609
[ 2024-04-19 05:27:12,926 ] 94 Nickpown0411 - INFO - Parsed data: title: ＜04月30日(火) 13:30～14:45＞[平針]外国免許切替審査 Hirabari Exchanging Foreign Driver's License, status: None, start_date: 2024年04月16日 07時30分, end_date: 2024年04月25日 12時00分, template_seq: 95609
[ 2024-04-19 05:27:12,926 ] 94 Nickpown0411 - INFO - Parsed data: title: ＜04月30日(火) 13:30～14:45＞[平針]外国免許切替審査 Hirabari Exchanging Foreign Driver's License, status: None, start_date: 2024年04月16日 07時30分, end_date: 2024年04月25日 12時00分, template_seq: 95609
[ 2024-04-19 05:27:12,926 ] 94 Nickpown0411 - INFO - Parsed data: title: ＜04月30日(火) 13:30～14:45＞[平針]外国免許切替審査 Hirabari Exchanging Foreign Driver's License, status: None, start_date: 2024年04月16日 07時30分, end_date: 2024年04月25日 12時00分, template_seq: 95609
[ 2024-04-19 05:27:12,926 ] 94 Nickpown0411 - INFO - Parsed data: title: ＜04月30日(火) 13:30～14:45＞[平針]外国免許切替審査 Hirabari Exchanging Foreign Driver's License, status: None, start_date: 2024年04月16日 07時30分, end_date: 2024年04月25日 12時00分, template_seq: 95609
[ 2024-04-19 05:27:12,948 ] 94 Nickpown0411 - INFO - Parsed data: title: ＜04月26日(金) 08:45～09:30＞[平針]外国免許切替審査 Hirabari Exchanging Foreign Driver's License, status: None, start_date: 2024年04月12日 07時30分, end_date: 2024年04月24日 12時00分, template_seq: 95410
[ 2024-04-19 05:27:12,948 ] 94 Nickpown0411 - INFO - Parsed data: title: ＜04月26日(金) 08:45～09:30＞[平針]外国免許切替審査 Hirabari Exchanging Foreign Driver's License, status: None, start_date: 2024年04月12日 07時30分, end_date: 2024年04月24日 12時00分, template_seq: 95410
[ 2024-04-19 05:27:12,948 ] 94 Nickpown0411 - INFO - Parsed data: title: ＜04月26日(金) 08:45～09:30＞[平針]外国免許切替審査 Hirabari Exchanging Foreign Driver's License, status: None, start_date: 2024年04月12日 07時30分, end_date: 2024年04月24日 12時00分, template_seq: 95410
[ 2024-04-19 05:27:12,948 ] 94 Nickpown0411 - INFO - Parsed data: title: ＜04月26日(金) 08:45～09:30＞[平針]外国免許切替審査 Hirabari Exchanging Foreign Driver's License, status: None, start_date: 2024年04月12日 07時30分, end_date: 2024年04月24日 12時00分, template_seq: 95410
[ 2024-04-19 05:27:12,948 ] 94 Nickpown0411 - INFO - Parsed data: title: ＜04月26日(金) 08:45～09:30＞[平針]外国免許切替審査 Hirabari Exchanging Foreign Driver's License, status: None, start_date: 2024年04月12日 07時30分, end_date: 2024年04月24日 12時00分, template_seq: 95410
[ 2024-04-19 05:27:12,948 ] 94 Nickpown0411 - INFO - Parsed data: title: ＜04月26日(金) 08:45～09:30＞[平針]外国免許切替審査 Hirabari Exchanging Foreign Driver's License, status: None, start_date: 2024年04月12日 07時30分, end_date: 2024年04月24日 12時00分, template_seq: 95410
[ 2024-04-19 05:27:12,968 ] 94 Nickpown0411 - INFO - Parsed data: title: ＜04月26日(金) 09:30～10:30＞[平針]外国免許切替審査 Hirabari Exchanging Foreign Driver's License, status: None, start_date: 2024年04月12日 07時30分, end_date: 2024年04月24日 12時00分, template_seq: 95411
[ 2024-04-19 05:27:12,968 ] 94 Nickpown0411 - INFO - Parsed data: title: ＜04月26日(金) 09:30～10:30＞[平針]外国免許切替審査 Hirabari Exchanging Foreign Driver's License, status: None, start_date: 2024年04月12日 07時30分, end_date: 2024年04月24日 12時00分, template_seq: 95411
[ 2024-04-19 05:27:12,968 ] 94 Nickpown0411 - INFO - Parsed data: title: ＜04月26日(金) 09:30～10:30＞[平針]外国免許切替審査 Hirabari Exchanging Foreign Driver's License, status: None, start_date: 2024年04月12日 07時30分, end_date: 2024年04月24日 12時00分, template_seq: 95411
[ 2024-04-19 05:27:12,968 ] 94 Nickpown0411 - INFO - Parsed data: title: ＜04月26日(金) 09:30～10:30＞[平針]外国免許切替審査 Hirabari Exchanging Foreign Driver's License, status: None, start_date: 2024年04月12日 07時30分, end_date: 2024年04月24日 12時00分, template_seq: 95411
[ 2024-04-19 05:27:12,968 ] 94 Nickpown0411 - INFO - Parsed data: title: ＜04月26日(金) 09:30～10:30＞[平針]外国免許切替審査 Hirabari Exchanging Foreign Driver's License, status: None, start_date: 2024年04月12日 07時30分, end_date: 2024年04月24日 12時00分, template_seq: 95411
[ 2024-04-19 05:27:12,968 ] 94 Nickpown0411 - INFO - Parsed data: title: ＜04月26日(金) 09:30～10:30＞[平針]外国免許切替審査 Hirabari Exchanging Foreign Driver's License, status: None, start_date: 2024年04月12日 07時30分, end_date: 2024年04月24日 12時00分, template_seq: 95411
[ 2024-04-19 05:27:12,990 ] 94 Nickpown0411 - INFO - Parsed data: title: ＜04月26日(金) 10:30～11:45＞[平針]外国免許切替審査 Hirabari Exchanging Foreign Driver's License, status: None, start_date: 2024年04月12日 07時30分, end_date: 2024年04月24日 12時00分, template_seq: 95412
[ 2024-04-19 05:27:12,990 ] 94 Nickpown0411 - INFO - Parsed data: title: ＜04月26日(金) 10:30～11:45＞[平針]外国免許切替審査 Hirabari Exchanging Foreign Driver's License, status: None, start_date: 2024年04月12日 07時30分, end_date: 2024年04月24日 12時00分, template_seq: 95412
[ 2024-04-19 05:27:12,990 ] 94 Nickpown0411 - INFO - Parsed data: title: ＜04月26日(金) 10:30～11:45＞[平針]外国免許切替審査 Hirabari Exchanging Foreign Driver's License, status: None, start_date: 2024年04月12日 07時30分, end_date: 2024年04月24日 12時00分, template_seq: 95412
[ 2024-04-19 05:27:12,990 ] 94 Nickpown0411 - INFO - Parsed data: title: ＜04月26日(金) 10:30～11:45＞[平針]外国免許切替審査 Hirabari Exchanging Foreign Driver's License, status: None, start_date: 2024年04月12日 07時30分, end_date: 2024年04月24日 12時00分, template_seq: 95412
[ 2024-04-19 05:27:12,990 ] 94 Nickpown0411 - INFO - Parsed data: title: ＜04月26日(金) 10:30～11:45＞[平針]外国免許切替審査 Hirabari Exchanging Foreign Driver's License, status: None, start_date: 2024年04月12日 07時30分, end_date: 2024年04月24日 12時00分, template_seq: 95412
[ 2024-04-19 05:27:12,990 ] 94 Nickpown0411 - INFO - Parsed data: title: ＜04月26日(金) 10:30～11:45＞[平針]外国免許切替審査 Hirabari Exchanging Foreign Driver's License, status: None, start_date: 2024年04月12日 07時30分, end_date: 2024年04月24日 12時00分, template_seq: 95412
[ 2024-04-19 05:27:13,014 ] 94 Nickpown0411 - INFO - Parsed data: title: ＜04月26日(金) 12:45～13:30＞[平針]外国免許切替審査 Hirabari Exchanging Foreign Driver's License, status: None, start_date: 2024年04月12日 07時30分, end_date: 2024年04月24日 12時00分, template_seq: 95413
[ 2024-04-19 05:27:13,014 ] 94 Nickpown0411 - INFO - Parsed data: title: ＜04月26日(金) 12:45～13:30＞[平針]外国免許切替審査 Hirabari Exchanging Foreign Driver's License, status: None, start_date: 2024年04月12日 07時30分, end_date: 2024年04月24日 12時00分, template_seq: 95413
[ 2024-04-19 05:27:13,014 ] 94 Nickpown0411 - INFO - Parsed data: title: ＜04月26日(金) 12:45～13:30＞[平針]外国免許切替審査 Hirabari Exchanging Foreign Driver's License, status: None, start_date: 2024年04月12日 07時30分, end_date: 2024年04月24日 12時00分, template_seq: 95413
[ 2024-04-19 05:27:13,014 ] 94 Nickpown0411 - INFO - Parsed data: title: ＜04月26日(金) 12:45～13:30＞[平針]外国免許切替審査 Hirabari Exchanging Foreign Driver's License, status: None, start_date: 2024年04月12日 07時30分, end_date: 2024年04月24日 12時00分, template_seq: 95413
[ 2024-04-19 05:27:13,014 ] 94 Nickpown0411 - INFO - Parsed data: title: ＜04月26日(金) 12:45～13:30＞[平針]外国免許切替審査 Hirabari Exchanging Foreign Driver's License, status: None, start_date: 2024年04月12日 07時30分, end_date: 2024年04月24日 12時00分, template_seq: 95413
[ 2024-04-19 05:27:13,014 ] 94 Nickpown0411 - INFO - Parsed data: title: ＜04月26日(金) 12:45～13:30＞[平針]外国免許切替審査 Hirabari Exchanging Foreign Driver's License, status: None, start_date: 2024年04月12日 07時30分, end_date: 2024年04月24日 12時00分, template_seq: 95413
[ 2024-04-19 05:27:13,065 ] 94 Nickpown0411 - INFO - Parsed data: title: ＜04月26日(金) 13:30～14:45＞[平針]外国免許切替審査 Hirabari Exchanging Foreign Driver's License, status: None, start_date: 2024年04月12日 07時30分, end_date: 2024年04月24日 12時00分, template_seq: 95414
[ 2024-04-19 05:27:13,065 ] 94 Nickpown0411 - INFO - Parsed data: title: ＜04月26日(金) 13:30～14:45＞[平針]外国免許切替審査 Hirabari Exchanging Foreign Driver's License, status: None, start_date: 2024年04月12日 07時30分, end_date: 2024年04月24日 12時00分, template_seq: 95414
[ 2024-04-19 05:27:13,065 ] 94 Nickpown0411 - INFO - Parsed data: title: ＜04月26日(金) 13:30～14:45＞[平針]外国免許切替審査 Hirabari Exchanging Foreign Driver's License, status: None, start_date: 2024年04月12日 07時30分, end_date: 2024年04月24日 12時00分, template_seq: 95414
[ 2024-04-19 05:27:13,065 ] 94 Nickpown0411 - INFO - Parsed data: title: ＜04月26日(金) 13:30～14:45＞[平針]外国免許切替審査 Hirabari Exchanging Foreign Driver's License, status: None, start_date: 2024年04月12日 07時30分, end_date: 2024年04月24日 12時00分, template_seq: 95414
[ 2024-04-19 05:27:13,065 ] 94 Nickpown0411 - INFO - Parsed data: title: ＜04月26日(金) 13:30～14:45＞[平針]外国免許切替審査 Hirabari Exchanging Foreign Driver's License, status: None, start_date: 2024年04月12日 07時30分, end_date: 2024年04月24日 12時00分, template_seq: 95414
[ 2024-04-19 05:27:13,065 ] 94 Nickpown0411 - INFO - Parsed data: title: ＜04月26日(金) 13:30～14:45＞[平針]外国免許切替審査 Hirabari Exchanging Foreign Driver's License, status: None, start_date: 2024年04月12日 07時30分, end_date: 2024年04月24日 12時00分, template_seq: 95414
[ 2024-04-19 05:27:13,066 ] 94 Nickpown0411 - INFO - Number of filtered forms left is: 0 form(s)
[ 2024-04-19 05:27:13,066 ] 94 Nickpown0411 - INFO - Number of filtered forms left is: 0 form(s)
[ 2024-04-19 05:27:13,066 ] 94 Nickpown0411 - INFO - Number of filtered forms left is: 0 form(s)
[ 2024-04-19 05:27:13,066 ] 94 Nickpown0411 - INFO - Number of filtered forms left is: 0 form(s)
[ 2024-04-19 05:27:13,066 ] 94 Nickpown0411 - INFO - Number of filtered forms left is: 0 form(s)
[ 2024-04-19 05:27:13,066 ] 94 Nickpown0411 - INFO - Number of filtered forms left is: 0 form(s)
[ 2024-04-19 05:27:15,261 ] 94 Nickpown0411 - INFO - Search submitted
[ 2024-04-19 05:27:15,261 ] 94 Nickpown0411 - INFO - Search submitted
[ 2024-04-19 05:27:15,261 ] 94 Nickpown0411 - INFO - Search submitted
[ 2024-04-19 05:27:15,261 ] 94 Nickpown0411 - INFO - Search submitted
[ 2024-04-19 05:27:15,261 ] 94 Nickpown0411 - INFO - Search submitted
[ 2024-04-19 05:27:15,261 ] 94 Nickpown0411 - INFO - Search submitted
[ 2024-04-19 05:27:24,106 ] 94 Nickpown0411 - INFO - Opened login page
[ 2024-04-19 05:27:24,106 ] 94 Nickpown0411 - INFO - Opened login page
[ 2024-04-19 05:27:24,106 ] 94 Nickpown0411 - INFO - Opened login page
[ 2024-04-19 05:27:24,106 ] 94 Nickpown0411 - INFO - Opened login page
[ 2024-04-19 05:27:24,106 ] 94 Nickpown0411 - INFO - Opened login page
[ 2024-04-19 05:27:24,106 ] 94 Nickpown0411 - INFO - Opened login page
[ 2024-04-19 05:27:24,106 ] 94 Nickpown0411 - INFO - Opened login page
[ 2024-04-19 05:27:24,106 ] 94 Nickpown0411 - INFO - Opened login page
[ 2024-04-19 05:27:24,106 ] 94 Nickpown0411 - INFO - Opened login page
