[ 2024-04-19 05:26:45,437 ] 94 root - INFO - Starting all threads
[ 2024-04-19 05:26:45,437 ] 94 root - INFO - Starting all threads
[ 2024-04-19 05:26:45,437 ] 94 root - INFO - Meta: {'__module__': 'src.globals', '__doc__': '        Meta configs        ', 'keyword': 'Hirabari', 'test_mode': False, 'onlyday': True, 'max_num_retry': 5, 'default_num_threads': 3, 'display_number': 50, 'main_phone_number_hash': '080-1583-0891', 'uc': True, 'headless': False, '__dict__': <attribute '__dict__' of 'Meta' objects>, '__weakref__': <attribute '__weakref__' of 'Meta' objects>}
[ 2024-04-19 05:26:45,437 ] 94 root - INFO - Meta: {'__module__': 'src.globals', '__doc__': '        Meta configs        ', 'keyword': 'Hirabari', 'test_mode': False, 'onlyday': True, 'max_num_retry': 5, 'default_num_threads': 3, 'display_number': 50, 'main_phone_number_hash': '080-1583-0891', 'uc': True, 'headless': False, '__dict__': <attribute '__dict__' of 'Meta' objects>, '__weakref__': <attribute '__weakref__' of 'Meta' objects>}
[ 2024-04-19 05:26:45,438 ] 94 root - INFO - Number of dev accounts: 3
[ 2024-04-19 05:26:45,438 ] 94 root - INFO - Number of dev accounts: 3
[ 2024-04-19 05:26:45,441 ] 94 main_controller - INFO - Subprocess 0 started with trial number 0
[ 2024-04-19 05:26:45,441 ] 94 main_controller - ERROR - Account is a dictionary, convert to Account object: Username: Nickpown0411@gmail.com, Password: hoahong1234
[ 2024-04-19 05:26:47,420 ] 94 main_controller - INFO - Browser opened
[ 2024-04-19 05:26:47,443 ] 94 root - INFO - Thread 0 started
[ 2024-04-19 05:26:47,443 ] 94 root - INFO - Thread 0 started
[ 2024-04-19 05:26:47,445 ] 94 main_controller - INFO - Subprocess 1 started with trial number 0
[ 2024-04-19 05:26:47,446 ] 94 main_controller - ERROR - Account is a dictionary, convert to Account object: Username: marjyamada040493@gmail.com, Password: Marj0409
[ 2024-04-19 05:26:48,728 ] 94 main_controller - INFO - Browser opened
[ 2024-04-19 05:26:49,449 ] 94 root - INFO - Thread 1 started
[ 2024-04-19 05:26:49,449 ] 94 root - INFO - Thread 1 started
[ 2024-04-19 05:26:49,456 ] 94 main_controller - INFO - Subprocess 2 started with trial number 0
[ 2024-04-19 05:26:49,458 ] 94 main_controller - ERROR - Account is a dictionary, convert to Account object: Username: Jamebrown0206@gmail.com, Password: hoahong1234
[ 2024-04-19 05:26:51,458 ] 94 root - INFO - Thread 2 started
[ 2024-04-19 05:26:51,458 ] 94 root - INFO - Thread 2 started
[ 2024-04-19 05:26:51,772 ] 94 main_controller - INFO - Browser opened
[ 2024-04-19 05:26:54,893 ] 94 Nickpown0411 - INFO - Opened login page
[ 2024-04-19 05:26:55,267 ] 94 marjyamada040493 - INFO - Opened login page
[ 2024-04-19 05:26:56,367 ] 82 main_controller - ERROR - Caught exception: sequence item 1: expected str instance, NoSuchElementException found
Traceback (most recent call last):
  File "C:\Users\USER\Projects\AichiTool\AichiSelenium\src\controllers\access.py", line 38, in login
    browser.find_element(By.ID, "userLoginForm.userId").send_keys(self.account.username)
  File "c:\ProgramData\anaconda3\envs\aichi\lib\site-packages\seleniumbase\core\sb_driver.py", line 20, in find_element
    return self.driver.default_find_element(by=by, value=value)
  File "c:\ProgramData\anaconda3\envs\aichi\lib\site-packages\selenium\webdriver\remote\webdriver.py", line 741, in find_element
    return self.execute(Command.FIND_ELEMENT, {"using": by, "value": value})["value"]
  File "c:\ProgramData\anaconda3\envs\aichi\lib\site-packages\selenium\webdriver\remote\webdriver.py", line 347, in execute
    self.error_handler.check_response(response)
  File "c:\ProgramData\anaconda3\envs\aichi\lib\site-packages\selenium\webdriver\remote\errorhandler.py", line 229, in check_response
    raise exception_class(message, screen, stacktrace)
selenium.common.exceptions.NoSuchElementException: Message: no such element: Unable to locate element: {"method":"css selector","selector":"[id="userLoginForm.userId"]"}
  (Session info: chrome=123.0.6312.124); For documentation on this error, please visit: https://www.selenium.dev/documentation/webdriver/troubleshooting/errors#no-such-element-exception
Stacktrace:
	GetHandleVerifier [0x00007FF79D9D7032+63090]
	(No symbol) [0x00007FF79D942C82]
	(No symbol) [0x00007FF79D7DEC65]
	(No symbol) [0x00007FF79D82499D]
	(No symbol) [0x00007FF79D824ADC]
	(No symbol) [0x00007FF79D865B37]
	(No symbol) [0x00007FF79D84701F]
	(No symbol) [0x00007FF79D863412]
	(No symbol) [0x00007FF79D846D83]
	(No symbol) [0x00007FF79D8183A8]
	(No symbol) [0x00007FF79D819441]
	GetHandleVerifier [0x00007FF79DDD25AD+4238317]
	GetHandleVerifier [0x00007FF79DE0F70D+4488525]
	GetHandleVerifier [0x00007FF79DE079EF+4456495]
	GetHandleVerifier [0x00007FF79DAB0576+953270]
	(No symbol) [0x00007FF79D94E54F]
	(No symbol) [0x00007FF79D949224]
	(No symbol) [0x00007FF79D94935B]
	(No symbol) [0x00007FF79D939B94]
	BaseThreadInitThunk [0x00007FF94FE9257D+29]
	RtlUserThreadStart [0x00007FF95116AA48+40]


During handling of the above exception, another exception occurred:

Traceback (most recent call last):
  File "C:\Users\USER\Projects\AichiTool\AichiSelenium\src\controllers\main_controller.py", line 57, in subprocess
    result = access.login(browser)
  File "C:\Users\USER\Projects\AichiTool\AichiSelenium\src\controllers\access.py", line 51, in login
    self.logger.error("Failed to login", e)
  File "C:\Users\USER\Projects\AichiTool\AichiSelenium\src\logs.py", line 76, in error
    self._log(logging.ERROR, *msg)
  File "C:\Users\USER\Projects\AichiTool\AichiSelenium\src\logs.py", line 93, in _log
    message = " ".join(msg)
TypeError: sequence item 1: expected str instance, NoSuchElementException found
[ 2024-04-19 05:26:56,438 ] 94 main_controller - INFO - Subprocess 0 started with trial number 1
[ 2024-04-19 05:26:56,908 ] 82 main_controller - ERROR - Caught exception: sequence item 1: expected str instance, NoSuchElementException found
Traceback (most recent call last):
  File "C:\Users\USER\Projects\AichiTool\AichiSelenium\src\controllers\access.py", line 38, in login
    browser.find_element(By.ID, "userLoginForm.userId").send_keys(self.account.username)
  File "c:\ProgramData\anaconda3\envs\aichi\lib\site-packages\seleniumbase\core\sb_driver.py", line 20, in find_element
    return self.driver.default_find_element(by=by, value=value)
  File "c:\ProgramData\anaconda3\envs\aichi\lib\site-packages\selenium\webdriver\remote\webdriver.py", line 741, in find_element
    return self.execute(Command.FIND_ELEMENT, {"using": by, "value": value})["value"]
  File "c:\ProgramData\anaconda3\envs\aichi\lib\site-packages\selenium\webdriver\remote\webdriver.py", line 347, in execute
    self.error_handler.check_response(response)
  File "c:\ProgramData\anaconda3\envs\aichi\lib\site-packages\selenium\webdriver\remote\errorhandler.py", line 229, in check_response
    raise exception_class(message, screen, stacktrace)
selenium.common.exceptions.NoSuchElementException: Message: no such element: Unable to locate element: {"method":"css selector","selector":"[id="userLoginForm.userId"]"}
  (Session info: chrome=123.0.6312.124); For documentation on this error, please visit: https://www.selenium.dev/documentation/webdriver/troubleshooting/errors#no-such-element-exception
Stacktrace:
	GetHandleVerifier [0x00007FF79D9D7032+63090]
	(No symbol) [0x00007FF79D942C82]
	(No symbol) [0x00007FF79D7DEC65]
	(No symbol) [0x00007FF79D82499D]
	(No symbol) [0x00007FF79D824ADC]
	(No symbol) [0x00007FF79D865B37]
	(No symbol) [0x00007FF79D84701F]
	(No symbol) [0x00007FF79D863412]
	(No symbol) [0x00007FF79D846D83]
	(No symbol) [0x00007FF79D8183A8]
	(No symbol) [0x00007FF79D819441]
	GetHandleVerifier [0x00007FF79DDD25AD+4238317]
	GetHandleVerifier [0x00007FF79DE0F70D+4488525]
	GetHandleVerifier [0x00007FF79DE079EF+4456495]
	GetHandleVerifier [0x00007FF79DAB0576+953270]
	(No symbol) [0x00007FF79D94E54F]
	(No symbol) [0x00007FF79D949224]
	(No symbol) [0x00007FF79D94935B]
	(No symbol) [0x00007FF79D939B94]
	BaseThreadInitThunk [0x00007FF94FE9257D+29]
	RtlUserThreadStart [0x00007FF95116AA48+40]


During handling of the above exception, another exception occurred:

Traceback (most recent call last):
  File "C:\Users\USER\Projects\AichiTool\AichiSelenium\src\controllers\main_controller.py", line 57, in subprocess
    result = access.login(browser)
  File "C:\Users\USER\Projects\AichiTool\AichiSelenium\src\controllers\access.py", line 51, in login
    self.logger.error("Failed to login", e)
  File "C:\Users\USER\Projects\AichiTool\AichiSelenium\src\logs.py", line 76, in error
    self._log(logging.ERROR, *msg)
  File "C:\Users\USER\Projects\AichiTool\AichiSelenium\src\logs.py", line 93, in _log
    message = " ".join(msg)
TypeError: sequence item 1: expected str instance, NoSuchElementException found
[ 2024-04-19 05:26:56,917 ] 94 main_controller - INFO - Subprocess 1 started with trial number 1
[ 2024-04-19 05:26:59,110 ] 94 Jamebrown0206 - INFO - Opened login page
[ 2024-04-19 05:26:59,515 ] 94 main_controller - INFO - Browser opened
[ 2024-04-19 05:27:01,436 ] 94 main_controller - INFO - Browser opened
[ 2024-04-19 05:27:07,011 ] 94 Nickpown0411 - INFO - Opened login page
[ 2024-04-19 05:27:07,639 ] 94 marjyamada040493 - INFO - Opened login page
[ 2024-04-19 05:27:07,750 ] 94 Jamebrown0206 - INFO - Logging in
[ 2024-04-19 05:27:07,763 ] 94 Jamebrown0206 - INFO - Current url: https://www.shinsei.e-aichi.jp/pref-aichi-police-u/offer/offerList_initDisplay
[ 2024-04-19 05:27:08,085 ] 94 Jamebrown0206 - INFO - Logged in finished
[ 2024-04-19 05:27:08,086 ] 94 main_controller - INFO - Logged in successfully
[ 2024-04-19 05:27:08,263 ] 94 main_controller - INFO - Screenshot saved to C:\Users\USER\Projects\AichiTool\AichiSelenium\logs\2024_04_19\05_26_44\screenshot_Jamebrown0206.png
[ 2024-04-19 05:27:08,265 ] 94 main_controller - INFO - Finding forms
[ 2024-04-19 05:27:08,281 ] 94 Jamebrown0206 - INFO - On main page
[ 2024-04-19 05:27:10,026 ] 94 Jamebrown0206 - INFO - Search submitted
[ 2024-04-19 05:27:10,050 ] 94 Jamebrown0206 - INFO - Collected 20 forms
[ 2024-04-19 05:27:10,114 ] 94 Jamebrown0206 - INFO - Parsed data: title: ＜05月02日(木) 08:45～09:30＞[平針]外国免許切替審査 Hirabari Exchanging Foreign Driver's License, status: None, start_date: 2024年04月18日 07時30分, end_date: 2024年04月30日 12時00分, template_seq: 96126
[ 2024-04-19 05:27:10,157 ] 94 Jamebrown0206 - INFO - Parsed data: title: ＜05月02日(木) 09:30～10:30＞[平針]外国免許切替審査 Hirabari Exchanging Foreign Driver's License, status: None, start_date: 2024年04月18日 07時30分, end_date: 2024年04月30日 12時00分, template_seq: 96127
[ 2024-04-19 05:27:10,189 ] 94 Jamebrown0206 - INFO - Parsed data: title: ＜05月02日(木) 10:30～11:45＞[平針]外国免許切替審査 Hirabari Exchanging Foreign Driver's License, status: None, start_date: 2024年04月18日 07時30分, end_date: 2024年04月30日 12時00分, template_seq: 96128
[ 2024-04-19 05:27:10,237 ] 94 Jamebrown0206 - INFO - Parsed data: title: ＜05月02日(木) 12:45～13:30＞[平針]外国免許切替審査 Hirabari Exchanging Foreign Driver's License, status: None, start_date: 2024年04月18日 07時30分, end_date: 2024年04月30日 12時00分, template_seq: 96129
[ 2024-04-19 05:27:10,266 ] 94 Jamebrown0206 - INFO - Parsed data: title: ＜05月02日(木) 13:30～14:45＞[平針]外国免許切替審査 Hirabari Exchanging Foreign Driver's License, status: None, start_date: 2024年04月18日 07時30分, end_date: 2024年04月30日 12時00分, template_seq: 96130
[ 2024-04-19 05:27:10,305 ] 94 Jamebrown0206 - INFO - Parsed data: title: ＜05月01日(水) 08:45～09:30＞[平針]外国免許切替審査 Hirabari Exchanging Foreign Driver's License, status: None, start_date: 2024年04月17日 07時30分, end_date: 2024年04月26日 12時00分, template_seq: 96088
[ 2024-04-19 05:27:10,342 ] 94 Jamebrown0206 - INFO - Parsed data: title: ＜05月01日(水) 09:30～10:30＞[平針]外国免許切替審査 Hirabari Exchanging Foreign Driver's License, status: None, start_date: 2024年04月17日 07時30分, end_date: 2024年04月26日 12時00分, template_seq: 96089
[ 2024-04-19 05:27:10,375 ] 94 Jamebrown0206 - INFO - Parsed data: title: ＜05月01日(水) 10:30～11:45＞[平針]外国免許切替審査 Hirabari Exchanging Foreign Driver's License, status: None, start_date: 2024年04月17日 07時30分, end_date: 2024年04月26日 12時00分, template_seq: 96090
[ 2024-04-19 05:27:10,400 ] 94 Jamebrown0206 - INFO - Parsed data: title: ＜05月01日(水) 12:45～13:30＞[平針]外国免許切替審査 Hirabari Exchanging Foreign Driver's License, status: None, start_date: 2024年04月17日 07時30分, end_date: 2024年04月26日 12時00分, template_seq: 96091
[ 2024-04-19 05:27:10,430 ] 94 Jamebrown0206 - INFO - Parsed data: title: ＜05月01日(水) 13:30～14:45＞[平針]外国免許切替審査 Hirabari Exchanging Foreign Driver's License, status: None, start_date: 2024年04月17日 07時30分, end_date: 2024年04月26日 12時00分, template_seq: 96093
[ 2024-04-19 05:27:10,466 ] 94 Jamebrown0206 - INFO - Parsed data: title: ＜04月30日(火) 08:45～09:30＞[平針]外国免許切替審査 Hirabari Exchanging Foreign Driver's License, status: None, start_date: 2024年04月16日 07時30分, end_date: 2024年04月25日 12時00分, template_seq: 95604
[ 2024-04-19 05:27:10,509 ] 94 Jamebrown0206 - INFO - Parsed data: title: ＜04月30日(火) 09:30～10:30＞[平針]外国免許切替審査 Hirabari Exchanging Foreign Driver's License, status: None, start_date: 2024年04月16日 07時30分, end_date: 2024年04月25日 12時00分, template_seq: 95605
[ 2024-04-19 05:27:10,534 ] 94 Jamebrown0206 - INFO - Parsed data: title: ＜04月30日(火) 10:30～11:45＞[平針]外国免許切替審査 Hirabari Exchanging Foreign Driver's License, status: None, start_date: 2024年04月16日 07時30分, end_date: 2024年04月25日 12時00分, template_seq: 95607
[ 2024-04-19 05:27:10,557 ] 94 Jamebrown0206 - INFO - Parsed data: title: ＜04月30日(火) 12:45～13:30＞[平針]外国免許切替審査 Hirabari Exchanging Foreign Driver's License, status: None, start_date: 2024年04月16日 07時30分, end_date: 2024年04月25日 12時00分, template_seq: 95608
[ 2024-04-19 05:27:10,584 ] 94 Jamebrown0206 - INFO - Parsed data: title: ＜04月30日(火) 13:30～14:45＞[平針]外国免許切替審査 Hirabari Exchanging Foreign Driver's License, status: None, start_date: 2024年04月16日 07時30分, end_date: 2024年04月25日 12時00分, template_seq: 95609
[ 2024-04-19 05:27:10,608 ] 94 Jamebrown0206 - INFO - Parsed data: title: ＜04月26日(金) 08:45～09:30＞[平針]外国免許切替審査 Hirabari Exchanging Foreign Driver's License, status: None, start_date: 2024年04月12日 07時30分, end_date: 2024年04月24日 12時00分, template_seq: 95410
[ 2024-04-19 05:27:10,631 ] 94 Nickpown0411 - INFO - Logging in
[ 2024-04-19 05:27:10,650 ] 94 Nickpown0411 - INFO - Current url: https://www.shinsei.e-aichi.jp/pref-aichi-police-u/offer/offerList_initDisplay
[ 2024-04-19 05:27:10,658 ] 94 Jamebrown0206 - INFO - Parsed data: title: ＜04月26日(金) 09:30～10:30＞[平針]外国免許切替審査 Hirabari Exchanging Foreign Driver's License, status: None, start_date: 2024年04月12日 07時30分, end_date: 2024年04月24日 12時00分, template_seq: 95411
[ 2024-04-19 05:27:10,685 ] 94 Jamebrown0206 - INFO - Parsed data: title: ＜04月26日(金) 10:30～11:45＞[平針]外国免許切替審査 Hirabari Exchanging Foreign Driver's License, status: None, start_date: 2024年04月12日 07時30分, end_date: 2024年04月24日 12時00分, template_seq: 95412
[ 2024-04-19 05:27:10,707 ] 94 Jamebrown0206 - INFO - Parsed data: title: ＜04月26日(金) 12:45～13:30＞[平針]外国免許切替審査 Hirabari Exchanging Foreign Driver's License, status: None, start_date: 2024年04月12日 07時30分, end_date: 2024年04月24日 12時00分, template_seq: 95413
[ 2024-04-19 05:27:10,729 ] 94 Jamebrown0206 - INFO - Parsed data: title: ＜04月26日(金) 13:30～14:45＞[平針]外国免許切替審査 Hirabari Exchanging Foreign Driver's License, status: None, start_date: 2024年04月12日 07時30分, end_date: 2024年04月24日 12時00分, template_seq: 95414
[ 2024-04-19 05:27:10,730 ] 94 Jamebrown0206 - INFO - Number of filtered forms left is: 0 form(s)
[ 2024-04-19 05:27:10,970 ] 94 Nickpown0411 - INFO - Logged in finished
[ 2024-04-19 05:27:10,971 ] 94 main_controller - INFO - Logged in successfully
[ 2024-04-19 05:27:11,221 ] 94 main_controller - INFO - Screenshot saved to C:\Users\USER\Projects\AichiTool\AichiSelenium\logs\2024_04_19\05_26_44\screenshot_Nickpown0411.png
[ 2024-04-19 05:27:11,222 ] 94 main_controller - INFO - Finding forms
[ 2024-04-19 05:27:11,227 ] 94 Nickpown0411 - INFO - On main page
[ 2024-04-19 05:27:11,259 ] 94 marjyamada040493 - INFO - Logging in
[ 2024-04-19 05:27:11,266 ] 94 marjyamada040493 - INFO - Current url: https://www.shinsei.e-aichi.jp/pref-aichi-police-u/offer/offerList_initDisplay
[ 2024-04-19 05:27:11,573 ] 94 marjyamada040493 - INFO - Logged in finished
[ 2024-04-19 05:27:11,574 ] 94 main_controller - INFO - Logged in successfully
[ 2024-04-19 05:27:11,828 ] 94 main_controller - INFO - Screenshot saved to C:\Users\USER\Projects\AichiTool\AichiSelenium\logs\2024_04_19\05_26_44\screenshot_marjyamada040493.png
[ 2024-04-19 05:27:11,828 ] 94 main_controller - INFO - Finding forms
[ 2024-04-19 05:27:11,834 ] 94 marjyamada040493 - INFO - On main page
[ 2024-04-19 05:27:12,462 ] 94 Nickpown0411 - INFO - Search submitted
[ 2024-04-19 05:27:12,484 ] 94 Nickpown0411 - INFO - Collected 20 forms
[ 2024-04-19 05:27:12,514 ] 94 Nickpown0411 - INFO - Parsed data: title: ＜05月02日(木) 08:45～09:30＞[平針]外国免許切替審査 Hirabari Exchanging Foreign Driver's License, status: None, start_date: 2024年04月18日 07時30分, end_date: 2024年04月30日 12時00分, template_seq: 96126
[ 2024-04-19 05:27:12,536 ] 94 Nickpown0411 - INFO - Parsed data: title: ＜05月02日(木) 09:30～10:30＞[平針]外国免許切替審査 Hirabari Exchanging Foreign Driver's License, status: None, start_date: 2024年04月18日 07時30分, end_date: 2024年04月30日 12時00分, template_seq: 96127
[ 2024-04-19 05:27:12,556 ] 94 Nickpown0411 - INFO - Parsed data: title: ＜05月02日(木) 10:30～11:45＞[平針]外国免許切替審査 Hirabari Exchanging Foreign Driver's License, status: None, start_date: 2024年04月18日 07時30分, end_date: 2024年04月30日 12時00分, template_seq: 96128
[ 2024-04-19 05:27:12,576 ] 94 Nickpown0411 - INFO - Parsed data: title: ＜05月02日(木) 12:45～13:30＞[平針]外国免許切替審査 Hirabari Exchanging Foreign Driver's License, status: None, start_date: 2024年04月18日 07時30分, end_date: 2024年04月30日 12時00分, template_seq: 96129
[ 2024-04-19 05:27:12,601 ] 94 Jamebrown0206 - INFO - Search submitted
[ 2024-04-19 05:27:12,603 ] 94 Nickpown0411 - INFO - Parsed data: title: ＜05月02日(木) 13:30～14:45＞[平針]外国免許切替審査 Hirabari Exchanging Foreign Driver's License, status: None, start_date: 2024年04月18日 07時30分, end_date: 2024年04月30日 12時00分, template_seq: 96130
[ 2024-04-19 05:27:12,619 ] 82 main_controller - ERROR - Caught exception: Message: no such element: Unable to locate element: {"method":"xpath","selector":"/html/body/form/main/div/div[5]/div/ul"}
  (Session info: chrome=123.0.6312.124); For documentation on this error, please visit: https://www.selenium.dev/documentation/webdriver/troubleshooting/errors#no-such-element-exception
Stacktrace:
	GetHandleVerifier [0x00007FF79D9D7032+63090]
	(No symbol) [0x00007FF79D942C82]
	(No symbol) [0x00007FF79D7DEC65]
	(No symbol) [0x00007FF79D82499D]
	(No symbol) [0x00007FF79D824ADC]
	(No symbol) [0x00007FF79D865B37]
	(No symbol) [0x00007FF79D84701F]
	(No symbol) [0x00007FF79D863412]
	(No symbol) [0x00007FF79D846D83]
	(No symbol) [0x00007FF79D8183A8]
	(No symbol) [0x00007FF79D819441]
	GetHandleVerifier [0x00007FF79DDD25AD+4238317]
	GetHandleVerifier [0x00007FF79DE0F70D+4488525]
	GetHandleVerifier [0x00007FF79DE079EF+4456495]
	GetHandleVerifier [0x00007FF79DAB0576+953270]
	(No symbol) [0x00007FF79D94E54F]
	(No symbol) [0x00007FF79D949224]
	(No symbol) [0x00007FF79D94935B]
	(No symbol) [0x00007FF79D939B94]
	BaseThreadInitThunk [0x00007FF94FE9257D+29]
	RtlUserThreadStart [0x00007FF95116AA48+40]
Traceback (most recent call last):
  File "C:\Users\USER\Projects\AichiTool\AichiSelenium\src\controllers\main_controller.py", line 71, in subprocess
    list_form_info = finder.find(browser)
  File "C:\Users\USER\Projects\AichiTool\AichiSelenium\src\controllers\finder.py", line 22, in find
    self._collect(browser)
  File "C:\Users\USER\Projects\AichiTool\AichiSelenium\src\controllers\finder.py", line 34, in _collect
    form_table = browser.find_element(By.XPATH, "/html/body/form/main/div/div[5]/div/ul")
  File "c:\ProgramData\anaconda3\envs\aichi\lib\site-packages\seleniumbase\core\sb_driver.py", line 20, in find_element
    return self.driver.default_find_element(by=by, value=value)
  File "c:\ProgramData\anaconda3\envs\aichi\lib\site-packages\selenium\webdriver\remote\webdriver.py", line 741, in find_element
    return self.execute(Command.FIND_ELEMENT, {"using": by, "value": value})["value"]
  File "c:\ProgramData\anaconda3\envs\aichi\lib\site-packages\selenium\webdriver\remote\webdriver.py", line 347, in execute
    self.error_handler.check_response(response)
  File "c:\ProgramData\anaconda3\envs\aichi\lib\site-packages\selenium\webdriver\remote\errorhandler.py", line 229, in check_response
    raise exception_class(message, screen, stacktrace)
selenium.common.exceptions.NoSuchElementException: Message: no such element: Unable to locate element: {"method":"xpath","selector":"/html/body/form/main/div/div[5]/div/ul"}
  (Session info: chrome=123.0.6312.124); For documentation on this error, please visit: https://www.selenium.dev/documentation/webdriver/troubleshooting/errors#no-such-element-exception
Stacktrace:
	GetHandleVerifier [0x00007FF79D9D7032+63090]
	(No symbol) [0x00007FF79D942C82]
	(No symbol) [0x00007FF79D7DEC65]
	(No symbol) [0x00007FF79D82499D]
	(No symbol) [0x00007FF79D824ADC]
	(No symbol) [0x00007FF79D865B37]
	(No symbol) [0x00007FF79D84701F]
	(No symbol) [0x00007FF79D863412]
	(No symbol) [0x00007FF79D846D83]
	(No symbol) [0x00007FF79D8183A8]
	(No symbol) [0x00007FF79D819441]
	GetHandleVerifier [0x00007FF79DDD25AD+4238317]
	GetHandleVerifier [0x00007FF79DE0F70D+4488525]
	GetHandleVerifier [0x00007FF79DE079EF+4456495]
	GetHandleVerifier [0x00007FF79DAB0576+953270]
	(No symbol) [0x00007FF79D94E54F]
	(No symbol) [0x00007FF79D949224]
	(No symbol) [0x00007FF79D94935B]
	(No symbol) [0x00007FF79D939B94]
	BaseThreadInitThunk [0x00007FF94FE9257D+29]
	RtlUserThreadStart [0x00007FF95116AA48+40]

[ 2024-04-19 05:27:12,625 ] 94 main_controller - INFO - Subprocess 2 started with trial number 1
[ 2024-04-19 05:27:12,655 ] 94 Nickpown0411 - INFO - Parsed data: title: ＜05月01日(水) 08:45～09:30＞[平針]外国免許切替審査 Hirabari Exchanging Foreign Driver's License, status: None, start_date: 2024年04月17日 07時30分, end_date: 2024年04月26日 12時00分, template_seq: 96088
[ 2024-04-19 05:27:12,696 ] 94 Nickpown0411 - INFO - Parsed data: title: ＜05月01日(水) 09:30～10:30＞[平針]外国免許切替審査 Hirabari Exchanging Foreign Driver's License, status: None, start_date: 2024年04月17日 07時30分, end_date: 2024年04月26日 12時00分, template_seq: 96089
[ 2024-04-19 05:27:12,729 ] 94 Nickpown0411 - INFO - Parsed data: title: ＜05月01日(水) 10:30～11:45＞[平針]外国免許切替審査 Hirabari Exchanging Foreign Driver's License, status: None, start_date: 2024年04月17日 07時30分, end_date: 2024年04月26日 12時00分, template_seq: 96090
[ 2024-04-19 05:27:12,766 ] 94 Nickpown0411 - INFO - Parsed data: title: ＜05月01日(水) 12:45～13:30＞[平針]外国免許切替審査 Hirabari Exchanging Foreign Driver's License, status: None, start_date: 2024年04月17日 07時30分, end_date: 2024年04月26日 12時00分, template_seq: 96091
[ 2024-04-19 05:27:12,791 ] 94 Nickpown0411 - INFO - Parsed data: title: ＜05月01日(水) 13:30～14:45＞[平針]外国免許切替審査 Hirabari Exchanging Foreign Driver's License, status: None, start_date: 2024年04月17日 07時30分, end_date: 2024年04月26日 12時00分, template_seq: 96093
[ 2024-04-19 05:27:12,818 ] 94 Nickpown0411 - INFO - Parsed data: title: ＜04月30日(火) 08:45～09:30＞[平針]外国免許切替審査 Hirabari Exchanging Foreign Driver's License, status: None, start_date: 2024年04月16日 07時30分, end_date: 2024年04月25日 12時00分, template_seq: 95604
[ 2024-04-19 05:27:12,848 ] 94 Nickpown0411 - INFO - Parsed data: title: ＜04月30日(火) 09:30～10:30＞[平針]外国免許切替審査 Hirabari Exchanging Foreign Driver's License, status: None, start_date: 2024年04月16日 07時30分, end_date: 2024年04月25日 12時00分, template_seq: 95605
[ 2024-04-19 05:27:12,877 ] 94 Nickpown0411 - INFO - Parsed data: title: ＜04月30日(火) 10:30～11:45＞[平針]外国免許切替審査 Hirabari Exchanging Foreign Driver's License, status: None, start_date: 2024年04月16日 07時30分, end_date: 2024年04月25日 12時00分, template_seq: 95607
[ 2024-04-19 05:27:12,903 ] 94 Nickpown0411 - INFO - Parsed data: title: ＜04月30日(火) 12:45～13:30＞[平針]外国免許切替審査 Hirabari Exchanging Foreign Driver's License, status: None, start_date: 2024年04月16日 07時30分, end_date: 2024年04月25日 12時00分, template_seq: 95608
[ 2024-04-19 05:27:12,926 ] 94 Nickpown0411 - INFO - Parsed data: title: ＜04月30日(火) 13:30～14:45＞[平針]外国免許切替審査 Hirabari Exchanging Foreign Driver's License, status: None, start_date: 2024年04月16日 07時30分, end_date: 2024年04月25日 12時00分, template_seq: 95609
[ 2024-04-19 05:27:12,948 ] 94 Nickpown0411 - INFO - Parsed data: title: ＜04月26日(金) 08:45～09:30＞[平針]外国免許切替審査 Hirabari Exchanging Foreign Driver's License, status: None, start_date: 2024年04月12日 07時30分, end_date: 2024年04月24日 12時00分, template_seq: 95410
[ 2024-04-19 05:27:12,968 ] 94 Nickpown0411 - INFO - Parsed data: title: ＜04月26日(金) 09:30～10:30＞[平針]外国免許切替審査 Hirabari Exchanging Foreign Driver's License, status: None, start_date: 2024年04月12日 07時30分, end_date: 2024年04月24日 12時00分, template_seq: 95411
[ 2024-04-19 05:27:12,990 ] 94 Nickpown0411 - INFO - Parsed data: title: ＜04月26日(金) 10:30～11:45＞[平針]外国免許切替審査 Hirabari Exchanging Foreign Driver's License, status: None, start_date: 2024年04月12日 07時30分, end_date: 2024年04月24日 12時00分, template_seq: 95412
[ 2024-04-19 05:27:13,014 ] 94 Nickpown0411 - INFO - Parsed data: title: ＜04月26日(金) 12:45～13:30＞[平針]外国免許切替審査 Hirabari Exchanging Foreign Driver's License, status: None, start_date: 2024年04月12日 07時30分, end_date: 2024年04月24日 12時00分, template_seq: 95413
[ 2024-04-19 05:27:13,065 ] 94 Nickpown0411 - INFO - Parsed data: title: ＜04月26日(金) 13:30～14:45＞[平針]外国免許切替審査 Hirabari Exchanging Foreign Driver's License, status: None, start_date: 2024年04月12日 07時30分, end_date: 2024年04月24日 12時00分, template_seq: 95414
[ 2024-04-19 05:27:13,066 ] 94 Nickpown0411 - INFO - Number of filtered forms left is: 0 form(s)
[ 2024-04-19 05:27:13,593 ] 94 marjyamada040493 - INFO - Search submitted
[ 2024-04-19 05:27:13,641 ] 94 marjyamada040493 - INFO - Collected 20 forms
[ 2024-04-19 05:27:13,695 ] 94 marjyamada040493 - INFO - Parsed data: title: ＜05月02日(木) 08:45～09:30＞[平針]外国免許切替審査 Hirabari Exchanging Foreign Driver's License, status: None, start_date: 2024年04月18日 07時30分, end_date: 2024年04月30日 12時00分, template_seq: 96126
[ 2024-04-19 05:27:13,754 ] 94 marjyamada040493 - INFO - Parsed data: title: ＜05月02日(木) 09:30～10:30＞[平針]外国免許切替審査 Hirabari Exchanging Foreign Driver's License, status: None, start_date: 2024年04月18日 07時30分, end_date: 2024年04月30日 12時00分, template_seq: 96127
[ 2024-04-19 05:27:13,926 ] 94 marjyamada040493 - INFO - Parsed data: title: ＜05月02日(木) 10:30～11:45＞[平針]外国免許切替審査 Hirabari Exchanging Foreign Driver's License, status: None, start_date: 2024年04月18日 07時30分, end_date: 2024年04月30日 12時00分, template_seq: 96128
[ 2024-04-19 05:27:14,085 ] 94 marjyamada040493 - INFO - Parsed data: title: ＜05月02日(木) 12:45～13:30＞[平針]外国免許切替審査 Hirabari Exchanging Foreign Driver's License, status: None, start_date: 2024年04月18日 07時30分, end_date: 2024年04月30日 12時00分, template_seq: 96129
[ 2024-04-19 05:27:14,185 ] 94 main_controller - INFO - Browser opened
[ 2024-04-19 05:27:14,203 ] 94 marjyamada040493 - INFO - Parsed data: title: ＜05月02日(木) 13:30～14:45＞[平針]外国免許切替審査 Hirabari Exchanging Foreign Driver's License, status: None, start_date: 2024年04月18日 07時30分, end_date: 2024年04月30日 12時00分, template_seq: 96130
[ 2024-04-19 05:27:14,238 ] 94 marjyamada040493 - INFO - Parsed data: title: ＜05月01日(水) 08:45～09:30＞[平針]外国免許切替審査 Hirabari Exchanging Foreign Driver's License, status: None, start_date: 2024年04月17日 07時30分, end_date: 2024年04月26日 12時00分, template_seq: 96088
[ 2024-04-19 05:27:14,269 ] 94 marjyamada040493 - INFO - Parsed data: title: ＜05月01日(水) 09:30～10:30＞[平針]外国免許切替審査 Hirabari Exchanging Foreign Driver's License, status: None, start_date: 2024年04月17日 07時30分, end_date: 2024年04月26日 12時00分, template_seq: 96089
[ 2024-04-19 05:27:14,309 ] 94 marjyamada040493 - INFO - Parsed data: title: ＜05月01日(水) 10:30～11:45＞[平針]外国免許切替審査 Hirabari Exchanging Foreign Driver's License, status: None, start_date: 2024年04月17日 07時30分, end_date: 2024年04月26日 12時00分, template_seq: 96090
[ 2024-04-19 05:27:14,371 ] 94 marjyamada040493 - INFO - Parsed data: title: ＜05月01日(水) 12:45～13:30＞[平針]外国免許切替審査 Hirabari Exchanging Foreign Driver's License, status: None, start_date: 2024年04月17日 07時30分, end_date: 2024年04月26日 12時00分, template_seq: 96091
[ 2024-04-19 05:27:14,420 ] 94 marjyamada040493 - INFO - Parsed data: title: ＜05月01日(水) 13:30～14:45＞[平針]外国免許切替審査 Hirabari Exchanging Foreign Driver's License, status: None, start_date: 2024年04月17日 07時30分, end_date: 2024年04月26日 12時00分, template_seq: 96093
[ 2024-04-19 05:27:14,461 ] 94 marjyamada040493 - INFO - Parsed data: title: ＜04月30日(火) 08:45～09:30＞[平針]外国免許切替審査 Hirabari Exchanging Foreign Driver's License, status: None, start_date: 2024年04月16日 07時30分, end_date: 2024年04月25日 12時00分, template_seq: 95604
[ 2024-04-19 05:27:14,489 ] 94 marjyamada040493 - INFO - Parsed data: title: ＜04月30日(火) 09:30～10:30＞[平針]外国免許切替審査 Hirabari Exchanging Foreign Driver's License, status: None, start_date: 2024年04月16日 07時30分, end_date: 2024年04月25日 12時00分, template_seq: 95605
[ 2024-04-19 05:27:14,542 ] 94 marjyamada040493 - INFO - Parsed data: title: ＜04月30日(火) 10:30～11:45＞[平針]外国免許切替審査 Hirabari Exchanging Foreign Driver's License, status: None, start_date: 2024年04月16日 07時30分, end_date: 2024年04月25日 12時00分, template_seq: 95607
[ 2024-04-19 05:27:14,573 ] 94 marjyamada040493 - INFO - Parsed data: title: ＜04月30日(火) 12:45～13:30＞[平針]外国免許切替審査 Hirabari Exchanging Foreign Driver's License, status: None, start_date: 2024年04月16日 07時30分, end_date: 2024年04月25日 12時00分, template_seq: 95608
[ 2024-04-19 05:27:14,622 ] 94 marjyamada040493 - INFO - Parsed data: title: ＜04月30日(火) 13:30～14:45＞[平針]外国免許切替審査 Hirabari Exchanging Foreign Driver's License, status: None, start_date: 2024年04月16日 07時30分, end_date: 2024年04月25日 12時00分, template_seq: 95609
[ 2024-04-19 05:27:14,683 ] 94 marjyamada040493 - INFO - Parsed data: title: ＜04月26日(金) 08:45～09:30＞[平針]外国免許切替審査 Hirabari Exchanging Foreign Driver's License, status: None, start_date: 2024年04月12日 07時30分, end_date: 2024年04月24日 12時00分, template_seq: 95410
[ 2024-04-19 05:27:14,720 ] 94 marjyamada040493 - INFO - Parsed data: title: ＜04月26日(金) 09:30～10:30＞[平針]外国免許切替審査 Hirabari Exchanging Foreign Driver's License, status: None, start_date: 2024年04月12日 07時30分, end_date: 2024年04月24日 12時00分, template_seq: 95411
[ 2024-04-19 05:27:14,748 ] 94 marjyamada040493 - INFO - Parsed data: title: ＜04月26日(金) 10:30～11:45＞[平針]外国免許切替審査 Hirabari Exchanging Foreign Driver's License, status: None, start_date: 2024年04月12日 07時30分, end_date: 2024年04月24日 12時00分, template_seq: 95412
[ 2024-04-19 05:27:14,773 ] 94 marjyamada040493 - INFO - Parsed data: title: ＜04月26日(金) 12:45～13:30＞[平針]外国免許切替審査 Hirabari Exchanging Foreign Driver's License, status: None, start_date: 2024年04月12日 07時30分, end_date: 2024年04月24日 12時00分, template_seq: 95413
[ 2024-04-19 05:27:14,824 ] 94 marjyamada040493 - INFO - Parsed data: title: ＜04月26日(金) 13:30～14:45＞[平針]外国免許切替審査 Hirabari Exchanging Foreign Driver's License, status: None, start_date: 2024年04月12日 07時30分, end_date: 2024年04月24日 12時00分, template_seq: 95414
[ 2024-04-19 05:27:14,826 ] 94 marjyamada040493 - INFO - Number of filtered forms left is: 0 form(s)
[ 2024-04-19 05:27:15,261 ] 94 Nickpown0411 - INFO - Search submitted
[ 2024-04-19 05:27:15,293 ] 82 main_controller - ERROR - Caught exception: Message: no such element: Unable to locate element: {"method":"xpath","selector":"/html/body/form/main/div/div[5]/div/ul"}
  (Session info: chrome=123.0.6312.124); For documentation on this error, please visit: https://www.selenium.dev/documentation/webdriver/troubleshooting/errors#no-such-element-exception
Stacktrace:
	GetHandleVerifier [0x00007FF79D9D7032+63090]
	(No symbol) [0x00007FF79D942C82]
	(No symbol) [0x00007FF79D7DEC65]
	(No symbol) [0x00007FF79D82499D]
	(No symbol) [0x00007FF79D824ADC]
	(No symbol) [0x00007FF79D865B37]
	(No symbol) [0x00007FF79D84701F]
	(No symbol) [0x00007FF79D863412]
	(No symbol) [0x00007FF79D846D83]
	(No symbol) [0x00007FF79D8183A8]
	(No symbol) [0x00007FF79D819441]
	GetHandleVerifier [0x00007FF79DDD25AD+4238317]
	GetHandleVerifier [0x00007FF79DE0F70D+4488525]
	GetHandleVerifier [0x00007FF79DE079EF+4456495]
	GetHandleVerifier [0x00007FF79DAB0576+953270]
	(No symbol) [0x00007FF79D94E54F]
	(No symbol) [0x00007FF79D949224]
	(No symbol) [0x00007FF79D94935B]
	(No symbol) [0x00007FF79D939B94]
	BaseThreadInitThunk [0x00007FF94FE9257D+29]
	RtlUserThreadStart [0x00007FF95116AA48+40]
Traceback (most recent call last):
  File "C:\Users\USER\Projects\AichiTool\AichiSelenium\src\controllers\access.py", line 38, in login
    browser.find_element(By.ID, "userLoginForm.userId").send_keys(self.account.username)
  File "c:\ProgramData\anaconda3\envs\aichi\lib\site-packages\seleniumbase\core\sb_driver.py", line 20, in find_element
    return self.driver.default_find_element(by=by, value=value)
  File "c:\ProgramData\anaconda3\envs\aichi\lib\site-packages\selenium\webdriver\remote\webdriver.py", line 741, in find_element
    return self.execute(Command.FIND_ELEMENT, {"using": by, "value": value})["value"]
  File "c:\ProgramData\anaconda3\envs\aichi\lib\site-packages\selenium\webdriver\remote\webdriver.py", line 347, in execute
    self.error_handler.check_response(response)
  File "c:\ProgramData\anaconda3\envs\aichi\lib\site-packages\selenium\webdriver\remote\errorhandler.py", line 229, in check_response
    raise exception_class(message, screen, stacktrace)
selenium.common.exceptions.NoSuchElementException: Message: no such element: Unable to locate element: {"method":"css selector","selector":"[id="userLoginForm.userId"]"}
  (Session info: chrome=123.0.6312.124); For documentation on this error, please visit: https://www.selenium.dev/documentation/webdriver/troubleshooting/errors#no-such-element-exception
Stacktrace:
	GetHandleVerifier [0x00007FF79D9D7032+63090]
	(No symbol) [0x00007FF79D942C82]
	(No symbol) [0x00007FF79D7DEC65]
	(No symbol) [0x00007FF79D82499D]
	(No symbol) [0x00007FF79D824ADC]
	(No symbol) [0x00007FF79D865B37]
	(No symbol) [0x00007FF79D84701F]
	(No symbol) [0x00007FF79D863412]
	(No symbol) [0x00007FF79D846D83]
	(No symbol) [0x00007FF79D8183A8]
	(No symbol) [0x00007FF79D819441]
	GetHandleVerifier [0x00007FF79DDD25AD+4238317]
	GetHandleVerifier [0x00007FF79DE0F70D+4488525]
	GetHandleVerifier [0x00007FF79DE079EF+4456495]
	GetHandleVerifier [0x00007FF79DAB0576+953270]
	(No symbol) [0x00007FF79D94E54F]
	(No symbol) [0x00007FF79D949224]
	(No symbol) [0x00007FF79D94935B]
	(No symbol) [0x00007FF79D939B94]
	BaseThreadInitThunk [0x00007FF94FE9257D+29]
	RtlUserThreadStart [0x00007FF95116AA48+40]


During handling of the above exception, another exception occurred:

Traceback (most recent call last):
  File "C:\Users\USER\Projects\AichiTool\AichiSelenium\src\controllers\main_controller.py", line 57, in subprocess
    result = access.login(browser)
  File "C:\Users\USER\Projects\AichiTool\AichiSelenium\src\controllers\access.py", line 51, in login
    self.logger.error("Failed to login", e)
  File "C:\Users\USER\Projects\AichiTool\AichiSelenium\src\logs.py", line 76, in error
    self._log(logging.ERROR, *msg)
  File "C:\Users\USER\Projects\AichiTool\AichiSelenium\src\logs.py", line 93, in _log
    message = " ".join(msg)
TypeError: sequence item 1: expected str instance, NoSuchElementException found

During handling of the above exception, another exception occurred:

Traceback (most recent call last):
  File "C:\Users\USER\Projects\AichiTool\AichiSelenium\src\controllers\main_controller.py", line 71, in subprocess
    list_form_info = finder.find(browser)
  File "C:\Users\USER\Projects\AichiTool\AichiSelenium\src\controllers\finder.py", line 22, in find
    self._collect(browser)
  File "C:\Users\USER\Projects\AichiTool\AichiSelenium\src\controllers\finder.py", line 34, in _collect
    form_table = browser.find_element(By.XPATH, "/html/body/form/main/div/div[5]/div/ul")
  File "c:\ProgramData\anaconda3\envs\aichi\lib\site-packages\seleniumbase\core\sb_driver.py", line 20, in find_element
    return self.driver.default_find_element(by=by, value=value)
  File "c:\ProgramData\anaconda3\envs\aichi\lib\site-packages\selenium\webdriver\remote\webdriver.py", line 741, in find_element
    return self.execute(Command.FIND_ELEMENT, {"using": by, "value": value})["value"]
  File "c:\ProgramData\anaconda3\envs\aichi\lib\site-packages\selenium\webdriver\remote\webdriver.py", line 347, in execute
    self.error_handler.check_response(response)
  File "c:\ProgramData\anaconda3\envs\aichi\lib\site-packages\selenium\webdriver\remote\errorhandler.py", line 229, in check_response
    raise exception_class(message, screen, stacktrace)
selenium.common.exceptions.NoSuchElementException: Message: no such element: Unable to locate element: {"method":"xpath","selector":"/html/body/form/main/div/div[5]/div/ul"}
  (Session info: chrome=123.0.6312.124); For documentation on this error, please visit: https://www.selenium.dev/documentation/webdriver/troubleshooting/errors#no-such-element-exception
Stacktrace:
	GetHandleVerifier [0x00007FF79D9D7032+63090]
	(No symbol) [0x00007FF79D942C82]
	(No symbol) [0x00007FF79D7DEC65]
	(No symbol) [0x00007FF79D82499D]
	(No symbol) [0x00007FF79D824ADC]
	(No symbol) [0x00007FF79D865B37]
	(No symbol) [0x00007FF79D84701F]
	(No symbol) [0x00007FF79D863412]
	(No symbol) [0x00007FF79D846D83]
	(No symbol) [0x00007FF79D8183A8]
	(No symbol) [0x00007FF79D819441]
	GetHandleVerifier [0x00007FF79DDD25AD+4238317]
	GetHandleVerifier [0x00007FF79DE0F70D+4488525]
	GetHandleVerifier [0x00007FF79DE079EF+4456495]
	GetHandleVerifier [0x00007FF79DAB0576+953270]
	(No symbol) [0x00007FF79D94E54F]
	(No symbol) [0x00007FF79D949224]
	(No symbol) [0x00007FF79D94935B]
	(No symbol) [0x00007FF79D939B94]
	BaseThreadInitThunk [0x00007FF94FE9257D+29]
	RtlUserThreadStart [0x00007FF95116AA48+40]

[ 2024-04-19 05:27:15,300 ] 94 main_controller - INFO - Subprocess 0 started with trial number 2
[ 2024-04-19 05:27:17,067 ] 94 marjyamada040493 - INFO - Search submitted
[ 2024-04-19 05:27:17,147 ] 82 main_controller - ERROR - Caught exception: Message: no such element: Unable to locate element: {"method":"xpath","selector":"/html/body/form/main/div/div[5]/div/ul"}
  (Session info: chrome=123.0.6312.124); For documentation on this error, please visit: https://www.selenium.dev/documentation/webdriver/troubleshooting/errors#no-such-element-exception
Stacktrace:
	GetHandleVerifier [0x00007FF79D9D7032+63090]
	(No symbol) [0x00007FF79D942C82]
	(No symbol) [0x00007FF79D7DEC65]
	(No symbol) [0x00007FF79D82499D]
	(No symbol) [0x00007FF79D824ADC]
	(No symbol) [0x00007FF79D865B37]
	(No symbol) [0x00007FF79D84701F]
	(No symbol) [0x00007FF79D863412]
	(No symbol) [0x00007FF79D846D83]
	(No symbol) [0x00007FF79D8183A8]
	(No symbol) [0x00007FF79D819441]
	GetHandleVerifier [0x00007FF79DDD25AD+4238317]
	GetHandleVerifier [0x00007FF79DE0F70D+4488525]
	GetHandleVerifier [0x00007FF79DE079EF+4456495]
	GetHandleVerifier [0x00007FF79DAB0576+953270]
	(No symbol) [0x00007FF79D94E54F]
	(No symbol) [0x00007FF79D949224]
	(No symbol) [0x00007FF79D94935B]
	(No symbol) [0x00007FF79D939B94]
	BaseThreadInitThunk [0x00007FF94FE9257D+29]
	RtlUserThreadStart [0x00007FF95116AA48+40]
Traceback (most recent call last):
  File "C:\Users\USER\Projects\AichiTool\AichiSelenium\src\controllers\access.py", line 38, in login
    browser.find_element(By.ID, "userLoginForm.userId").send_keys(self.account.username)
  File "c:\ProgramData\anaconda3\envs\aichi\lib\site-packages\seleniumbase\core\sb_driver.py", line 20, in find_element
    return self.driver.default_find_element(by=by, value=value)
  File "c:\ProgramData\anaconda3\envs\aichi\lib\site-packages\selenium\webdriver\remote\webdriver.py", line 741, in find_element
    return self.execute(Command.FIND_ELEMENT, {"using": by, "value": value})["value"]
  File "c:\ProgramData\anaconda3\envs\aichi\lib\site-packages\selenium\webdriver\remote\webdriver.py", line 347, in execute
    self.error_handler.check_response(response)
  File "c:\ProgramData\anaconda3\envs\aichi\lib\site-packages\selenium\webdriver\remote\errorhandler.py", line 229, in check_response
    raise exception_class(message, screen, stacktrace)
selenium.common.exceptions.NoSuchElementException: Message: no such element: Unable to locate element: {"method":"css selector","selector":"[id="userLoginForm.userId"]"}
  (Session info: chrome=123.0.6312.124); For documentation on this error, please visit: https://www.selenium.dev/documentation/webdriver/troubleshooting/errors#no-such-element-exception
Stacktrace:
	GetHandleVerifier [0x00007FF79D9D7032+63090]
	(No symbol) [0x00007FF79D942C82]
	(No symbol) [0x00007FF79D7DEC65]
	(No symbol) [0x00007FF79D82499D]
	(No symbol) [0x00007FF79D824ADC]
	(No symbol) [0x00007FF79D865B37]
	(No symbol) [0x00007FF79D84701F]
	(No symbol) [0x00007FF79D863412]
	(No symbol) [0x00007FF79D846D83]
	(No symbol) [0x00007FF79D8183A8]
	(No symbol) [0x00007FF79D819441]
	GetHandleVerifier [0x00007FF79DDD25AD+4238317]
	GetHandleVerifier [0x00007FF79DE0F70D+4488525]
	GetHandleVerifier [0x00007FF79DE079EF+4456495]
	GetHandleVerifier [0x00007FF79DAB0576+953270]
	(No symbol) [0x00007FF79D94E54F]
	(No symbol) [0x00007FF79D949224]
	(No symbol) [0x00007FF79D94935B]
	(No symbol) [0x00007FF79D939B94]
	BaseThreadInitThunk [0x00007FF94FE9257D+29]
	RtlUserThreadStart [0x00007FF95116AA48+40]


During handling of the above exception, another exception occurred:

Traceback (most recent call last):
  File "C:\Users\USER\Projects\AichiTool\AichiSelenium\src\controllers\main_controller.py", line 57, in subprocess
    result = access.login(browser)
  File "C:\Users\USER\Projects\AichiTool\AichiSelenium\src\controllers\access.py", line 51, in login
    self.logger.error("Failed to login", e)
  File "C:\Users\USER\Projects\AichiTool\AichiSelenium\src\logs.py", line 76, in error
    self._log(logging.ERROR, *msg)
  File "C:\Users\USER\Projects\AichiTool\AichiSelenium\src\logs.py", line 93, in _log
    message = " ".join(msg)
TypeError: sequence item 1: expected str instance, NoSuchElementException found

During handling of the above exception, another exception occurred:

Traceback (most recent call last):
  File "C:\Users\USER\Projects\AichiTool\AichiSelenium\src\controllers\main_controller.py", line 71, in subprocess
    list_form_info = finder.find(browser)
  File "C:\Users\USER\Projects\AichiTool\AichiSelenium\src\controllers\finder.py", line 22, in find
    self._collect(browser)
  File "C:\Users\USER\Projects\AichiTool\AichiSelenium\src\controllers\finder.py", line 34, in _collect
    form_table = browser.find_element(By.XPATH, "/html/body/form/main/div/div[5]/div/ul")
  File "c:\ProgramData\anaconda3\envs\aichi\lib\site-packages\seleniumbase\core\sb_driver.py", line 20, in find_element
    return self.driver.default_find_element(by=by, value=value)
  File "c:\ProgramData\anaconda3\envs\aichi\lib\site-packages\selenium\webdriver\remote\webdriver.py", line 741, in find_element
    return self.execute(Command.FIND_ELEMENT, {"using": by, "value": value})["value"]
  File "c:\ProgramData\anaconda3\envs\aichi\lib\site-packages\selenium\webdriver\remote\webdriver.py", line 347, in execute
    self.error_handler.check_response(response)
  File "c:\ProgramData\anaconda3\envs\aichi\lib\site-packages\selenium\webdriver\remote\errorhandler.py", line 229, in check_response
    raise exception_class(message, screen, stacktrace)
selenium.common.exceptions.NoSuchElementException: Message: no such element: Unable to locate element: {"method":"xpath","selector":"/html/body/form/main/div/div[5]/div/ul"}
  (Session info: chrome=123.0.6312.124); For documentation on this error, please visit: https://www.selenium.dev/documentation/webdriver/troubleshooting/errors#no-such-element-exception
Stacktrace:
	GetHandleVerifier [0x00007FF79D9D7032+63090]
	(No symbol) [0x00007FF79D942C82]
	(No symbol) [0x00007FF79D7DEC65]
	(No symbol) [0x00007FF79D82499D]
	(No symbol) [0x00007FF79D824ADC]
	(No symbol) [0x00007FF79D865B37]
	(No symbol) [0x00007FF79D84701F]
	(No symbol) [0x00007FF79D863412]
	(No symbol) [0x00007FF79D846D83]
	(No symbol) [0x00007FF79D8183A8]
	(No symbol) [0x00007FF79D819441]
	GetHandleVerifier [0x00007FF79DDD25AD+4238317]
	GetHandleVerifier [0x00007FF79DE0F70D+4488525]
	GetHandleVerifier [0x00007FF79DE079EF+4456495]
	GetHandleVerifier [0x00007FF79DAB0576+953270]
	(No symbol) [0x00007FF79D94E54F]
	(No symbol) [0x00007FF79D949224]
	(No symbol) [0x00007FF79D94935B]
	(No symbol) [0x00007FF79D939B94]
	BaseThreadInitThunk [0x00007FF94FE9257D+29]
	RtlUserThreadStart [0x00007FF95116AA48+40]

[ 2024-04-19 05:27:17,164 ] 94 main_controller - INFO - Subprocess 1 started with trial number 2
[ 2024-04-19 05:27:18,128 ] 94 main_controller - INFO - Browser opened
[ 2024-04-19 05:27:20,933 ] 94 main_controller - INFO - Browser opened
[ 2024-04-19 05:27:21,284 ] 94 Jamebrown0206 - INFO - Opened login page
[ 2024-04-19 05:27:24,106 ] 94 Nickpown0411 - INFO - Opened login page
[ 2024-04-19 05:27:25,148 ] 82 main_controller - ERROR - Caught exception: sequence item 1: expected str instance, NoSuchElementException found
Traceback (most recent call last):
  File "C:\Users\USER\Projects\AichiTool\AichiSelenium\src\controllers\access.py", line 38, in login
    browser.find_element(By.ID, "userLoginForm.userId").send_keys(self.account.username)
  File "c:\ProgramData\anaconda3\envs\aichi\lib\site-packages\seleniumbase\core\sb_driver.py", line 20, in find_element
    return self.driver.default_find_element(by=by, value=value)
  File "c:\ProgramData\anaconda3\envs\aichi\lib\site-packages\selenium\webdriver\remote\webdriver.py", line 741, in find_element
    return self.execute(Command.FIND_ELEMENT, {"using": by, "value": value})["value"]
  File "c:\ProgramData\anaconda3\envs\aichi\lib\site-packages\selenium\webdriver\remote\webdriver.py", line 347, in execute
    self.error_handler.check_response(response)
  File "c:\ProgramData\anaconda3\envs\aichi\lib\site-packages\selenium\webdriver\remote\errorhandler.py", line 229, in check_response
    raise exception_class(message, screen, stacktrace)
selenium.common.exceptions.NoSuchElementException: Message: no such element: Unable to locate element: {"method":"css selector","selector":"[id="userLoginForm.userId"]"}
  (Session info: chrome=123.0.6312.124); For documentation on this error, please visit: https://www.selenium.dev/documentation/webdriver/troubleshooting/errors#no-such-element-exception
Stacktrace:
	GetHandleVerifier [0x00007FF79D9D7032+63090]
	(No symbol) [0x00007FF79D942C82]
	(No symbol) [0x00007FF79D7DEC65]
	(No symbol) [0x00007FF79D82499D]
	(No symbol) [0x00007FF79D824ADC]
	(No symbol) [0x00007FF79D865B37]
	(No symbol) [0x00007FF79D84701F]
	(No symbol) [0x00007FF79D863412]
	(No symbol) [0x00007FF79D846D83]
	(No symbol) [0x00007FF79D8183A8]
	(No symbol) [0x00007FF79D819441]
	GetHandleVerifier [0x00007FF79DDD25AD+4238317]
	GetHandleVerifier [0x00007FF79DE0F70D+4488525]
	GetHandleVerifier [0x00007FF79DE079EF+4456495]
	GetHandleVerifier [0x00007FF79DAB0576+953270]
	(No symbol) [0x00007FF79D94E54F]
	(No symbol) [0x00007FF79D949224]
	(No symbol) [0x00007FF79D94935B]
	(No symbol) [0x00007FF79D939B94]
	BaseThreadInitThunk [0x00007FF94FE9257D+29]
	RtlUserThreadStart [0x00007FF95116AA48+40]


During handling of the above exception, another exception occurred:

Traceback (most recent call last):
  File "C:\Users\USER\Projects\AichiTool\AichiSelenium\src\controllers\main_controller.py", line 57, in subprocess
    result = access.login(browser)
  File "C:\Users\USER\Projects\AichiTool\AichiSelenium\src\controllers\access.py", line 51, in login
    self.logger.error("Failed to login", e)
  File "C:\Users\USER\Projects\AichiTool\AichiSelenium\src\logs.py", line 76, in error
    self._log(logging.ERROR, *msg)
  File "C:\Users\USER\Projects\AichiTool\AichiSelenium\src\logs.py", line 93, in _log
    message = " ".join(msg)
TypeError: sequence item 1: expected str instance, NoSuchElementException found

During handling of the above exception, another exception occurred:

Traceback (most recent call last):
  File "C:\Users\USER\Projects\AichiTool\AichiSelenium\src\controllers\main_controller.py", line 71, in subprocess
    list_form_info = finder.find(browser)
  File "C:\Users\USER\Projects\AichiTool\AichiSelenium\src\controllers\finder.py", line 22, in find
    self._collect(browser)
  File "C:\Users\USER\Projects\AichiTool\AichiSelenium\src\controllers\finder.py", line 34, in _collect
    form_table = browser.find_element(By.XPATH, "/html/body/form/main/div/div[5]/div/ul")
  File "c:\ProgramData\anaconda3\envs\aichi\lib\site-packages\seleniumbase\core\sb_driver.py", line 20, in find_element
    return self.driver.default_find_element(by=by, value=value)
  File "c:\ProgramData\anaconda3\envs\aichi\lib\site-packages\selenium\webdriver\remote\webdriver.py", line 741, in find_element
    return self.execute(Command.FIND_ELEMENT, {"using": by, "value": value})["value"]
  File "c:\ProgramData\anaconda3\envs\aichi\lib\site-packages\selenium\webdriver\remote\webdriver.py", line 347, in execute
    self.error_handler.check_response(response)
  File "c:\ProgramData\anaconda3\envs\aichi\lib\site-packages\selenium\webdriver\remote\errorhandler.py", line 229, in check_response
    raise exception_class(message, screen, stacktrace)
selenium.common.exceptions.NoSuchElementException: Message: no such element: Unable to locate element: {"method":"xpath","selector":"/html/body/form/main/div/div[5]/div/ul"}
  (Session info: chrome=123.0.6312.124); For documentation on this error, please visit: https://www.selenium.dev/documentation/webdriver/troubleshooting/errors#no-such-element-exception
Stacktrace:
	GetHandleVerifier [0x00007FF79D9D7032+63090]
	(No symbol) [0x00007FF79D942C82]
	(No symbol) [0x00007FF79D7DEC65]
	(No symbol) [0x00007FF79D82499D]
	(No symbol) [0x00007FF79D824ADC]
	(No symbol) [0x00007FF79D865B37]
	(No symbol) [0x00007FF79D84701F]
	(No symbol) [0x00007FF79D863412]
	(No symbol) [0x00007FF79D846D83]
	(No symbol) [0x00007FF79D8183A8]
	(No symbol) [0x00007FF79D819441]
	GetHandleVerifier [0x00007FF79DDD25AD+4238317]
	GetHandleVerifier [0x00007FF79DE0F70D+4488525]
	GetHandleVerifier [0x00007FF79DE079EF+4456495]
	GetHandleVerifier [0x00007FF79DAB0576+953270]
	(No symbol) [0x00007FF79D94E54F]
	(No symbol) [0x00007FF79D949224]
	(No symbol) [0x00007FF79D94935B]
	(No symbol) [0x00007FF79D939B94]
	BaseThreadInitThunk [0x00007FF94FE9257D+29]
	RtlUserThreadStart [0x00007FF95116AA48+40]


During handling of the above exception, another exception occurred:

Traceback (most recent call last):
  File "C:\Users\USER\Projects\AichiTool\AichiSelenium\src\controllers\access.py", line 38, in login
    browser.find_element(By.ID, "userLoginForm.userId").send_keys(self.account.username)
  File "c:\ProgramData\anaconda3\envs\aichi\lib\site-packages\seleniumbase\core\sb_driver.py", line 20, in find_element
    return self.driver.default_find_element(by=by, value=value)
  File "c:\ProgramData\anaconda3\envs\aichi\lib\site-packages\selenium\webdriver\remote\webdriver.py", line 741, in find_element
    return self.execute(Command.FIND_ELEMENT, {"using": by, "value": value})["value"]
  File "c:\ProgramData\anaconda3\envs\aichi\lib\site-packages\selenium\webdriver\remote\webdriver.py", line 347, in execute
    self.error_handler.check_response(response)
  File "c:\ProgramData\anaconda3\envs\aichi\lib\site-packages\selenium\webdriver\remote\errorhandler.py", line 229, in check_response
    raise exception_class(message, screen, stacktrace)
selenium.common.exceptions.NoSuchElementException: Message: no such element: Unable to locate element: {"method":"css selector","selector":"[id="userLoginForm.userId"]"}
  (Session info: chrome=123.0.6312.124); For documentation on this error, please visit: https://www.selenium.dev/documentation/webdriver/troubleshooting/errors#no-such-element-exception
Stacktrace:
	GetHandleVerifier [0x00007FF79D9D7032+63090]
	(No symbol) [0x00007FF79D942C82]
	(No symbol) [0x00007FF79D7DEC65]
	(No symbol) [0x00007FF79D82499D]
	(No symbol) [0x00007FF79D824ADC]
	(No symbol) [0x00007FF79D865B37]
	(No symbol) [0x00007FF79D84701F]
	(No symbol) [0x00007FF79D863412]
	(No symbol) [0x00007FF79D846D83]
	(No symbol) [0x00007FF79D8183A8]
	(No symbol) [0x00007FF79D819441]
	GetHandleVerifier [0x00007FF79DDD25AD+4238317]
	GetHandleVerifier [0x00007FF79DE0F70D+4488525]
	GetHandleVerifier [0x00007FF79DE079EF+4456495]
	GetHandleVerifier [0x00007FF79DAB0576+953270]
	(No symbol) [0x00007FF79D94E54F]
	(No symbol) [0x00007FF79D949224]
	(No symbol) [0x00007FF79D94935B]
	(No symbol) [0x00007FF79D939B94]
	BaseThreadInitThunk [0x00007FF94FE9257D+29]
	RtlUserThreadStart [0x00007FF95116AA48+40]


During handling of the above exception, another exception occurred:

Traceback (most recent call last):
  File "C:\Users\USER\Projects\AichiTool\AichiSelenium\src\controllers\main_controller.py", line 57, in subprocess
    result = access.login(browser)
  File "C:\Users\USER\Projects\AichiTool\AichiSelenium\src\controllers\access.py", line 51, in login
    self.logger.error("Failed to login", e)
  File "C:\Users\USER\Projects\AichiTool\AichiSelenium\src\logs.py", line 76, in error
    self._log(logging.ERROR, *msg)
  File "C:\Users\USER\Projects\AichiTool\AichiSelenium\src\logs.py", line 93, in _log
    message = " ".join(msg)
TypeError: sequence item 1: expected str instance, NoSuchElementException found
[ 2024-04-19 05:27:25,222 ] 94 main_controller - INFO - Subprocess 0 started with trial number 3
[ 2024-04-19 05:27:26,471 ] 94 Jamebrown0206 - INFO - Logging in
[ 2024-04-19 05:27:26,480 ] 94 Jamebrown0206 - INFO - Current url: https://www.shinsei.e-aichi.jp/pref-aichi-police-u/offer/offerList_initDisplay
[ 2024-04-19 05:27:26,859 ] 94 Jamebrown0206 - INFO - Logged in finished
[ 2024-04-19 05:27:26,860 ] 94 main_controller - INFO - Logged in successfully
[ 2024-04-19 05:27:27,009 ] 94 main_controller - INFO - Browser opened
[ 2024-04-19 05:27:27,364 ] 94 main_controller - INFO - Screenshot saved to C:\Users\USER\Projects\AichiTool\AichiSelenium\logs\2024_04_19\05_26_44\screenshot_Jamebrown0206.png
[ 2024-04-19 05:27:27,366 ] 94 main_controller - INFO - Finding forms
[ 2024-04-19 05:27:27,418 ] 94 Jamebrown0206 - INFO - On main page
[ 2024-04-19 05:27:28,373 ] 94 marjyamada040493 - INFO - Opened login page
[ 2024-04-19 05:27:29,592 ] 94 Jamebrown0206 - INFO - Search submitted
[ 2024-04-19 05:27:29,660 ] 94 Jamebrown0206 - INFO - Collected 20 forms
[ 2024-04-19 05:27:29,734 ] 94 Jamebrown0206 - INFO - Parsed data: title: ＜05月02日(木) 08:45～09:30＞[平針]外国免許切替審査 Hirabari Exchanging Foreign Driver's License, status: None, start_date: 2024年04月18日 07時30分, end_date: 2024年04月30日 12時00分, template_seq: 96126
[ 2024-04-19 05:27:29,776 ] 94 Jamebrown0206 - INFO - Parsed data: title: ＜05月02日(木) 09:30～10:30＞[平針]外国免許切替審査 Hirabari Exchanging Foreign Driver's License, status: None, start_date: 2024年04月18日 07時30分, end_date: 2024年04月30日 12時00分, template_seq: 96127
[ 2024-04-19 05:27:29,896 ] 94 Jamebrown0206 - INFO - Parsed data: title: ＜05月02日(木) 10:30～11:45＞[平針]外国免許切替審査 Hirabari Exchanging Foreign Driver's License, status: None, start_date: 2024年04月18日 07時30分, end_date: 2024年04月30日 12時00分, template_seq: 96128
[ 2024-04-19 05:27:29,989 ] 94 Jamebrown0206 - INFO - Parsed data: title: ＜05月02日(木) 12:45～13:30＞[平針]外国免許切替審査 Hirabari Exchanging Foreign Driver's License, status: None, start_date: 2024年04月18日 07時30分, end_date: 2024年04月30日 12時00分, template_seq: 96129
[ 2024-04-19 05:27:30,082 ] 94 Jamebrown0206 - INFO - Parsed data: title: ＜05月02日(木) 13:30～14:45＞[平針]外国免許切替審査 Hirabari Exchanging Foreign Driver's License, status: None, start_date: 2024年04月18日 07時30分, end_date: 2024年04月30日 12時00分, template_seq: 96130
[ 2024-04-19 05:27:30,188 ] 94 Jamebrown0206 - INFO - Parsed data: title: ＜05月01日(水) 08:45～09:30＞[平針]外国免許切替審査 Hirabari Exchanging Foreign Driver's License, status: None, start_date: 2024年04月17日 07時30分, end_date: 2024年04月26日 12時00分, template_seq: 96088
[ 2024-04-19 05:27:30,266 ] 94 Jamebrown0206 - INFO - Parsed data: title: ＜05月01日(水) 09:30～10:30＞[平針]外国免許切替審査 Hirabari Exchanging Foreign Driver's License, status: None, start_date: 2024年04月17日 07時30分, end_date: 2024年04月26日 12時00分, template_seq: 96089
[ 2024-04-19 05:27:30,363 ] 94 Jamebrown0206 - INFO - Parsed data: title: ＜05月01日(水) 10:30～11:45＞[平針]外国免許切替審査 Hirabari Exchanging Foreign Driver's License, status: None, start_date: 2024年04月17日 07時30分, end_date: 2024年04月26日 12時00分, template_seq: 96090
[ 2024-04-19 05:27:30,419 ] 94 Jamebrown0206 - INFO - Parsed data: title: ＜05月01日(水) 12:45～13:30＞[平針]外国免許切替審査 Hirabari Exchanging Foreign Driver's License, status: None, start_date: 2024年04月17日 07時30分, end_date: 2024年04月26日 12時00分, template_seq: 96091
[ 2024-04-19 05:27:30,479 ] 94 Jamebrown0206 - INFO - Parsed data: title: ＜05月01日(水) 13:30～14:45＞[平針]外国免許切替審査 Hirabari Exchanging Foreign Driver's License, status: None, start_date: 2024年04月17日 07時30分, end_date: 2024年04月26日 12時00分, template_seq: 96093
[ 2024-04-19 05:27:30,525 ] 94 Jamebrown0206 - INFO - Parsed data: title: ＜04月30日(火) 08:45～09:30＞[平針]外国免許切替審査 Hirabari Exchanging Foreign Driver's License, status: None, start_date: 2024年04月16日 07時30分, end_date: 2024年04月25日 12時00分, template_seq: 95604
[ 2024-04-19 05:27:30,583 ] 94 Jamebrown0206 - INFO - Parsed data: title: ＜04月30日(火) 09:30～10:30＞[平針]外国免許切替審査 Hirabari Exchanging Foreign Driver's License, status: None, start_date: 2024年04月16日 07時30分, end_date: 2024年04月25日 12時00分, template_seq: 95605
[ 2024-04-19 05:27:30,633 ] 94 Jamebrown0206 - INFO - Parsed data: title: ＜04月30日(火) 10:30～11:45＞[平針]外国免許切替審査 Hirabari Exchanging Foreign Driver's License, status: None, start_date: 2024年04月16日 07時30分, end_date: 2024年04月25日 12時00分, template_seq: 95607
[ 2024-04-19 05:27:30,692 ] 94 Jamebrown0206 - INFO - Parsed data: title: ＜04月30日(火) 12:45～13:30＞[平針]外国免許切替審査 Hirabari Exchanging Foreign Driver's License, status: None, start_date: 2024年04月16日 07時30分, end_date: 2024年04月25日 12時00分, template_seq: 95608
[ 2024-04-19 05:27:30,756 ] 94 Jamebrown0206 - INFO - Parsed data: title: ＜04月30日(火) 13:30～14:45＞[平針]外国免許切替審査 Hirabari Exchanging Foreign Driver's License, status: None, start_date: 2024年04月16日 07時30分, end_date: 2024年04月25日 12時00分, template_seq: 95609
[ 2024-04-19 05:27:30,834 ] 94 Jamebrown0206 - INFO - Parsed data: title: ＜04月26日(金) 08:45～09:30＞[平針]外国免許切替審査 Hirabari Exchanging Foreign Driver's License, status: None, start_date: 2024年04月12日 07時30分, end_date: 2024年04月24日 12時00分, template_seq: 95410
[ 2024-04-19 05:27:30,894 ] 94 Jamebrown0206 - INFO - Parsed data: title: ＜04月26日(金) 09:30～10:30＞[平針]外国免許切替審査 Hirabari Exchanging Foreign Driver's License, status: None, start_date: 2024年04月12日 07時30分, end_date: 2024年04月24日 12時00分, template_seq: 95411
[ 2024-04-19 05:27:31,007 ] 94 Jamebrown0206 - INFO - Parsed data: title: ＜04月26日(金) 10:30～11:45＞[平針]外国免許切替審査 Hirabari Exchanging Foreign Driver's License, status: None, start_date: 2024年04月12日 07時30分, end_date: 2024年04月24日 12時00分, template_seq: 95412
[ 2024-04-19 05:27:31,064 ] 94 Jamebrown0206 - INFO - Parsed data: title: ＜04月26日(金) 12:45～13:30＞[平針]外国免許切替審査 Hirabari Exchanging Foreign Driver's License, status: None, start_date: 2024年04月12日 07時30分, end_date: 2024年04月24日 12時00分, template_seq: 95413
