[ 2024-04-16 04:44:52,141 ] 94 main_controller - INFO - Subprocess 0 started with trial number 0
[ 2024-04-16 04:44:52,141 ] 94 main_controller - ERROR - Account is a dictionary, convert to Account object: Username: luthien5921@gmail.com, Password: aichi@5921
[ 2024-04-16 04:44:54,204 ] 94 main_controller - INFO - Browser opened
[ 2024-04-16 04:45:03,993 ] 94 main_controller - INFO - Logged in successfully
[ 2024-04-16 04:45:04,247 ] 94 main_controller - INFO - Screenshot saved to C:\Users\USER\Projects\AichiTool\AichiSelenium\logs\2024_04_16\04_44_51\screenshot_luthien5921.png
[ 2024-04-16 04:45:04,248 ] 94 main_controller - INFO - Finding forms
[ 2024-04-16 04:45:06,123 ] 94 main_controller - INFO - Found 4 form(s)
[ 2024-04-16 04:45:18,270 ] 94 main_controller - INFO - Form filled successfully, template sequence: 90550
[ 2024-04-16 04:45:18,270 ] 94 main_controller - INFO - Remaining form(s): 3
[ 2024-04-16 04:45:23,808 ] 94 main_controller - INFO - Form is closed, template sequence: 90548
[ 2024-04-16 04:45:23,808 ] 94 main_controller - INFO - Remaining form(s): 2
[ 2024-04-16 04:45:33,137 ] 94 main_controller - INFO - Failed to fill form, template sequence: 90549
[ 2024-04-16 04:45:33,137 ] 94 main_controller - INFO - Remaining form(s): 2
[ 2024-04-16 04:46:39,318 ] 82 main_controller - ERROR - Caught exception: Message: invalid session id
Stacktrace:
	GetHandleVerifier [0x00007FF770D87032+63090]
	(No symbol) [0x00007FF770CF2C82]
	(No symbol) [0x00007FF770B8EB1D]
	(No symbol) [0x00007FF770BC7E27]
	(No symbol) [0x00007FF770BF6E89]
	(No symbol) [0x00007FF770BF12AB]
	(No symbol) [0x00007FF770BF0C76]
	(No symbol) [0x00007FF770B62E55]
	GetHandleVerifier [0x00007FF7711825AD+4238317]
	GetHandleVerifier [0x00007FF7711BF70D+4488525]
	GetHandleVerifier [0x00007FF7711B79EF+4456495]
	GetHandleVerifier [0x00007FF770E60576+953270]
	(No symbol) [0x00007FF770CFE54F]
	(No symbol) [0x00007FF770B61E90]
	GetHandleVerifier [0x00007FF771209958+4792216]
	BaseThreadInitThunk [0x00007FFDC2F1257D+29]
	RtlUserThreadStart [0x00007FFDC3E0AA48+40]
Traceback (most recent call last):
  File "C:\Users\USER\Projects\AichiTool\AichiSelenium\src\controllers\main_controller.py", line 80, in subprocess
    filler.fill(browser, form_info)
  File "C:\Users\USER\Projects\AichiTool\AichiSelenium\src\controllers\filler.py", line 20, in fill
    browser.get(form_info.url)
  File "C:\ProgramData\anaconda3\envs\aichi\lib\site-packages\seleniumbase\core\browser_launcher.py", line 3739, in <lambda>
    driver.get = lambda url: uc_special_open_if_cf(
  File "C:\ProgramData\anaconda3\envs\aichi\lib\site-packages\seleniumbase\core\browser_launcher.py", line 396, in uc_special_open_if_cf
    driver.switch_to.window(driver.window_handles[-1])
  File "C:\ProgramData\anaconda3\envs\aichi\lib\site-packages\seleniumbase\undetected\__init__.py", line 326, in __getattribute__
    return super().__getattribute__(item)
  File "C:\ProgramData\anaconda3\envs\aichi\lib\site-packages\selenium\webdriver\remote\webdriver.py", line 494, in window_handles
    return self.execute(Command.W3C_GET_WINDOW_HANDLES)["value"]
  File "C:\ProgramData\anaconda3\envs\aichi\lib\site-packages\selenium\webdriver\remote\webdriver.py", line 347, in execute
    self.error_handler.check_response(response)
  File "C:\ProgramData\anaconda3\envs\aichi\lib\site-packages\selenium\webdriver\remote\errorhandler.py", line 229, in check_response
    raise exception_class(message, screen, stacktrace)
selenium.common.exceptions.InvalidSessionIdException: Message: invalid session id
Stacktrace:
	GetHandleVerifier [0x00007FF770D87032+63090]
	(No symbol) [0x00007FF770CF2C82]
	(No symbol) [0x00007FF770B8EB1D]
	(No symbol) [0x00007FF770BC7E27]
	(No symbol) [0x00007FF770BF6E89]
	(No symbol) [0x00007FF770BF12AB]
	(No symbol) [0x00007FF770BF0C76]
	(No symbol) [0x00007FF770B62E55]
	GetHandleVerifier [0x00007FF7711825AD+4238317]
	GetHandleVerifier [0x00007FF7711BF70D+4488525]
	GetHandleVerifier [0x00007FF7711B79EF+4456495]
	GetHandleVerifier [0x00007FF770E60576+953270]
	(No symbol) [0x00007FF770CFE54F]
	(No symbol) [0x00007FF770B61E90]
	GetHandleVerifier [0x00007FF771209958+4792216]
	BaseThreadInitThunk [0x00007FFDC2F1257D+29]
	RtlUserThreadStart [0x00007FFDC3E0AA48+40]

[ 2024-04-16 04:46:39,322 ] 94 main_controller - INFO - Subprocess 0 started with trial number 1
[ 2024-04-16 04:46:39,322 ] 94 main_controller - INFO - Subprocess 0 started with trial number 1
[ 2024-04-16 04:46:41,336 ] 94 main_controller - INFO - Browser opened
[ 2024-04-16 04:46:41,336 ] 94 main_controller - INFO - Browser opened
[ 2024-04-16 04:46:50,737 ] 94 main_controller - INFO - Logged in successfully
[ 2024-04-16 04:46:50,737 ] 94 main_controller - INFO - Logged in successfully
[ 2024-04-16 04:46:50,974 ] 94 main_controller - INFO - Screenshot saved to C:\Users\USER\Projects\AichiTool\AichiSelenium\logs\2024_04_16\04_44_51\screenshot_luthien5921.png
[ 2024-04-16 04:46:50,974 ] 94 main_controller - INFO - Screenshot saved to C:\Users\USER\Projects\AichiTool\AichiSelenium\logs\2024_04_16\04_44_51\screenshot_luthien5921.png
[ 2024-04-16 04:46:50,974 ] 94 main_controller - INFO - Finding forms
[ 2024-04-16 04:46:50,974 ] 94 main_controller - INFO - Finding forms
[ 2024-04-16 04:46:52,223 ] 94 main_controller - INFO - Found 4 form(s)
[ 2024-04-16 04:46:52,223 ] 94 main_controller - INFO - Found 4 form(s)
[ 2024-04-16 04:47:01,374 ] 94 main_controller - INFO - Failed to fill form, template sequence: 90551
[ 2024-04-16 04:47:01,374 ] 94 main_controller - INFO - Failed to fill form, template sequence: 90551
[ 2024-04-16 04:47:01,374 ] 94 main_controller - INFO - Remaining form(s): 4
[ 2024-04-16 04:47:01,374 ] 94 main_controller - INFO - Remaining form(s): 4
[ 2024-04-16 04:48:07,469 ] 82 main_controller - ERROR - Caught exception: Message: invalid session id
Stacktrace:
	GetHandleVerifier [0x00007FF770D87032+63090]
	(No symbol) [0x00007FF770CF2C82]
	(No symbol) [0x00007FF770B8EB1D]
	(No symbol) [0x00007FF770BC7E27]
	(No symbol) [0x00007FF770BF6E89]
	(No symbol) [0x00007FF770BF12AB]
	(No symbol) [0x00007FF770BF0C76]
	(No symbol) [0x00007FF770B62E55]
	GetHandleVerifier [0x00007FF7711825AD+4238317]
	GetHandleVerifier [0x00007FF7711BF70D+4488525]
	GetHandleVerifier [0x00007FF7711B79EF+4456495]
	GetHandleVerifier [0x00007FF770E60576+953270]
	(No symbol) [0x00007FF770CFE54F]
	(No symbol) [0x00007FF770B61E90]
	GetHandleVerifier [0x00007FF771209958+4792216]
	BaseThreadInitThunk [0x00007FFDC2F1257D+29]
	RtlUserThreadStart [0x00007FFDC3E0AA48+40]
Traceback (most recent call last):
  File "C:\Users\USER\Projects\AichiTool\AichiSelenium\src\controllers\main_controller.py", line 80, in subprocess
    filler.fill(browser, form_info)
  File "C:\Users\USER\Projects\AichiTool\AichiSelenium\src\controllers\filler.py", line 20, in fill
    browser.get(form_info.url)
  File "C:\ProgramData\anaconda3\envs\aichi\lib\site-packages\seleniumbase\core\browser_launcher.py", line 3739, in <lambda>
    driver.get = lambda url: uc_special_open_if_cf(
  File "C:\ProgramData\anaconda3\envs\aichi\lib\site-packages\seleniumbase\core\browser_launcher.py", line 396, in uc_special_open_if_cf
    driver.switch_to.window(driver.window_handles[-1])
  File "C:\ProgramData\anaconda3\envs\aichi\lib\site-packages\seleniumbase\undetected\__init__.py", line 326, in __getattribute__
    return super().__getattribute__(item)
  File "C:\ProgramData\anaconda3\envs\aichi\lib\site-packages\selenium\webdriver\remote\webdriver.py", line 494, in window_handles
    return self.execute(Command.W3C_GET_WINDOW_HANDLES)["value"]
  File "C:\ProgramData\anaconda3\envs\aichi\lib\site-packages\selenium\webdriver\remote\webdriver.py", line 347, in execute
    self.error_handler.check_response(response)
  File "C:\ProgramData\anaconda3\envs\aichi\lib\site-packages\selenium\webdriver\remote\errorhandler.py", line 229, in check_response
    raise exception_class(message, screen, stacktrace)
selenium.common.exceptions.InvalidSessionIdException: Message: invalid session id
Stacktrace:
	GetHandleVerifier [0x00007FF770D87032+63090]
	(No symbol) [0x00007FF770CF2C82]
	(No symbol) [0x00007FF770B8EB1D]
	(No symbol) [0x00007FF770BC7E27]
	(No symbol) [0x00007FF770BF6E89]
	(No symbol) [0x00007FF770BF12AB]
	(No symbol) [0x00007FF770BF0C76]
	(No symbol) [0x00007FF770B62E55]
	GetHandleVerifier [0x00007FF7711825AD+4238317]
	GetHandleVerifier [0x00007FF7711BF70D+4488525]
	GetHandleVerifier [0x00007FF7711B79EF+4456495]
	GetHandleVerifier [0x00007FF770E60576+953270]
	(No symbol) [0x00007FF770CFE54F]
	(No symbol) [0x00007FF770B61E90]
	GetHandleVerifier [0x00007FF771209958+4792216]
	BaseThreadInitThunk [0x00007FFDC2F1257D+29]
	RtlUserThreadStart [0x00007FFDC3E0AA48+40]


During handling of the above exception, another exception occurred:

Traceback (most recent call last):
  File "C:\Users\USER\Projects\AichiTool\AichiSelenium\src\controllers\main_controller.py", line 80, in subprocess
    filler.fill(browser, form_info)
  File "C:\Users\USER\Projects\AichiTool\AichiSelenium\src\controllers\filler.py", line 20, in fill
    browser.get(form_info.url)
  File "C:\ProgramData\anaconda3\envs\aichi\lib\site-packages\seleniumbase\core\browser_launcher.py", line 3739, in <lambda>
    driver.get = lambda url: uc_special_open_if_cf(
  File "C:\ProgramData\anaconda3\envs\aichi\lib\site-packages\seleniumbase\core\browser_launcher.py", line 396, in uc_special_open_if_cf
    driver.switch_to.window(driver.window_handles[-1])
  File "C:\ProgramData\anaconda3\envs\aichi\lib\site-packages\seleniumbase\undetected\__init__.py", line 326, in __getattribute__
    return super().__getattribute__(item)
  File "C:\ProgramData\anaconda3\envs\aichi\lib\site-packages\selenium\webdriver\remote\webdriver.py", line 494, in window_handles
    return self.execute(Command.W3C_GET_WINDOW_HANDLES)["value"]
  File "C:\ProgramData\anaconda3\envs\aichi\lib\site-packages\selenium\webdriver\remote\webdriver.py", line 347, in execute
    self.error_handler.check_response(response)
  File "C:\ProgramData\anaconda3\envs\aichi\lib\site-packages\selenium\webdriver\remote\errorhandler.py", line 229, in check_response
    raise exception_class(message, screen, stacktrace)
selenium.common.exceptions.InvalidSessionIdException: Message: invalid session id
Stacktrace:
	GetHandleVerifier [0x00007FF770D87032+63090]
	(No symbol) [0x00007FF770CF2C82]
	(No symbol) [0x00007FF770B8EB1D]
	(No symbol) [0x00007FF770BC7E27]
	(No symbol) [0x00007FF770BF6E89]
	(No symbol) [0x00007FF770BF12AB]
	(No symbol) [0x00007FF770BF0C76]
	(No symbol) [0x00007FF770B62E55]
	GetHandleVerifier [0x00007FF7711825AD+4238317]
	GetHandleVerifier [0x00007FF7711BF70D+4488525]
	GetHandleVerifier [0x00007FF7711B79EF+4456495]
	GetHandleVerifier [0x00007FF770E60576+953270]
	(No symbol) [0x00007FF770CFE54F]
	(No symbol) [0x00007FF770B61E90]
	GetHandleVerifier [0x00007FF771209958+4792216]
	BaseThreadInitThunk [0x00007FFDC2F1257D+29]
	RtlUserThreadStart [0x00007FFDC3E0AA48+40]

[ 2024-04-16 04:48:07,469 ] 82 main_controller - ERROR - Caught exception: Message: invalid session id
Stacktrace:
	GetHandleVerifier [0x00007FF770D87032+63090]
	(No symbol) [0x00007FF770CF2C82]
	(No symbol) [0x00007FF770B8EB1D]
	(No symbol) [0x00007FF770BC7E27]
	(No symbol) [0x00007FF770BF6E89]
	(No symbol) [0x00007FF770BF12AB]
	(No symbol) [0x00007FF770BF0C76]
	(No symbol) [0x00007FF770B62E55]
	GetHandleVerifier [0x00007FF7711825AD+4238317]
	GetHandleVerifier [0x00007FF7711BF70D+4488525]
	GetHandleVerifier [0x00007FF7711B79EF+4456495]
	GetHandleVerifier [0x00007FF770E60576+953270]
	(No symbol) [0x00007FF770CFE54F]
	(No symbol) [0x00007FF770B61E90]
	GetHandleVerifier [0x00007FF771209958+4792216]
	BaseThreadInitThunk [0x00007FFDC2F1257D+29]
	RtlUserThreadStart [0x00007FFDC3E0AA48+40]
Traceback (most recent call last):
  File "C:\Users\USER\Projects\AichiTool\AichiSelenium\src\controllers\main_controller.py", line 80, in subprocess
    filler.fill(browser, form_info)
  File "C:\Users\USER\Projects\AichiTool\AichiSelenium\src\controllers\filler.py", line 20, in fill
    browser.get(form_info.url)
  File "C:\ProgramData\anaconda3\envs\aichi\lib\site-packages\seleniumbase\core\browser_launcher.py", line 3739, in <lambda>
    driver.get = lambda url: uc_special_open_if_cf(
  File "C:\ProgramData\anaconda3\envs\aichi\lib\site-packages\seleniumbase\core\browser_launcher.py", line 396, in uc_special_open_if_cf
    driver.switch_to.window(driver.window_handles[-1])
  File "C:\ProgramData\anaconda3\envs\aichi\lib\site-packages\seleniumbase\undetected\__init__.py", line 326, in __getattribute__
    return super().__getattribute__(item)
  File "C:\ProgramData\anaconda3\envs\aichi\lib\site-packages\selenium\webdriver\remote\webdriver.py", line 494, in window_handles
    return self.execute(Command.W3C_GET_WINDOW_HANDLES)["value"]
  File "C:\ProgramData\anaconda3\envs\aichi\lib\site-packages\selenium\webdriver\remote\webdriver.py", line 347, in execute
    self.error_handler.check_response(response)
  File "C:\ProgramData\anaconda3\envs\aichi\lib\site-packages\selenium\webdriver\remote\errorhandler.py", line 229, in check_response
    raise exception_class(message, screen, stacktrace)
selenium.common.exceptions.InvalidSessionIdException: Message: invalid session id
Stacktrace:
	GetHandleVerifier [0x00007FF770D87032+63090]
	(No symbol) [0x00007FF770CF2C82]
	(No symbol) [0x00007FF770B8EB1D]
	(No symbol) [0x00007FF770BC7E27]
	(No symbol) [0x00007FF770BF6E89]
	(No symbol) [0x00007FF770BF12AB]
	(No symbol) [0x00007FF770BF0C76]
	(No symbol) [0x00007FF770B62E55]
	GetHandleVerifier [0x00007FF7711825AD+4238317]
	GetHandleVerifier [0x00007FF7711BF70D+4488525]
	GetHandleVerifier [0x00007FF7711B79EF+4456495]
	GetHandleVerifier [0x00007FF770E60576+953270]
	(No symbol) [0x00007FF770CFE54F]
	(No symbol) [0x00007FF770B61E90]
	GetHandleVerifier [0x00007FF771209958+4792216]
	BaseThreadInitThunk [0x00007FFDC2F1257D+29]
	RtlUserThreadStart [0x00007FFDC3E0AA48+40]


During handling of the above exception, another exception occurred:

Traceback (most recent call last):
  File "C:\Users\USER\Projects\AichiTool\AichiSelenium\src\controllers\main_controller.py", line 80, in subprocess
    filler.fill(browser, form_info)
  File "C:\Users\USER\Projects\AichiTool\AichiSelenium\src\controllers\filler.py", line 20, in fill
    browser.get(form_info.url)
  File "C:\ProgramData\anaconda3\envs\aichi\lib\site-packages\seleniumbase\core\browser_launcher.py", line 3739, in <lambda>
    driver.get = lambda url: uc_special_open_if_cf(
  File "C:\ProgramData\anaconda3\envs\aichi\lib\site-packages\seleniumbase\core\browser_launcher.py", line 396, in uc_special_open_if_cf
    driver.switch_to.window(driver.window_handles[-1])
  File "C:\ProgramData\anaconda3\envs\aichi\lib\site-packages\seleniumbase\undetected\__init__.py", line 326, in __getattribute__
    return super().__getattribute__(item)
  File "C:\ProgramData\anaconda3\envs\aichi\lib\site-packages\selenium\webdriver\remote\webdriver.py", line 494, in window_handles
    return self.execute(Command.W3C_GET_WINDOW_HANDLES)["value"]
  File "C:\ProgramData\anaconda3\envs\aichi\lib\site-packages\selenium\webdriver\remote\webdriver.py", line 347, in execute
    self.error_handler.check_response(response)
  File "C:\ProgramData\anaconda3\envs\aichi\lib\site-packages\selenium\webdriver\remote\errorhandler.py", line 229, in check_response
    raise exception_class(message, screen, stacktrace)
selenium.common.exceptions.InvalidSessionIdException: Message: invalid session id
Stacktrace:
	GetHandleVerifier [0x00007FF770D87032+63090]
	(No symbol) [0x00007FF770CF2C82]
	(No symbol) [0x00007FF770B8EB1D]
	(No symbol) [0x00007FF770BC7E27]
	(No symbol) [0x00007FF770BF6E89]
	(No symbol) [0x00007FF770BF12AB]
	(No symbol) [0x00007FF770BF0C76]
	(No symbol) [0x00007FF770B62E55]
	GetHandleVerifier [0x00007FF7711825AD+4238317]
	GetHandleVerifier [0x00007FF7711BF70D+4488525]
	GetHandleVerifier [0x00007FF7711B79EF+4456495]
	GetHandleVerifier [0x00007FF770E60576+953270]
	(No symbol) [0x00007FF770CFE54F]
	(No symbol) [0x00007FF770B61E90]
	GetHandleVerifier [0x00007FF771209958+4792216]
	BaseThreadInitThunk [0x00007FFDC2F1257D+29]
	RtlUserThreadStart [0x00007FFDC3E0AA48+40]

[ 2024-04-16 04:48:07,475 ] 94 main_controller - INFO - Subprocess 0 started with trial number 2
[ 2024-04-16 04:48:07,475 ] 94 main_controller - INFO - Subprocess 0 started with trial number 2
[ 2024-04-16 04:48:07,475 ] 94 main_controller - INFO - Subprocess 0 started with trial number 2
[ 2024-04-16 04:48:09,512 ] 94 main_controller - INFO - Browser opened
[ 2024-04-16 04:48:09,512 ] 94 main_controller - INFO - Browser opened
[ 2024-04-16 04:48:09,512 ] 94 main_controller - INFO - Browser opened
[ 2024-04-16 04:48:19,293 ] 94 main_controller - INFO - Logged in successfully
[ 2024-04-16 04:48:19,293 ] 94 main_controller - INFO - Logged in successfully
[ 2024-04-16 04:48:19,293 ] 94 main_controller - INFO - Logged in successfully
[ 2024-04-16 04:48:19,578 ] 94 main_controller - INFO - Screenshot saved to C:\Users\USER\Projects\AichiTool\AichiSelenium\logs\2024_04_16\04_44_51\screenshot_luthien5921.png
[ 2024-04-16 04:48:19,578 ] 94 main_controller - INFO - Screenshot saved to C:\Users\USER\Projects\AichiTool\AichiSelenium\logs\2024_04_16\04_44_51\screenshot_luthien5921.png
[ 2024-04-16 04:48:19,578 ] 94 main_controller - INFO - Screenshot saved to C:\Users\USER\Projects\AichiTool\AichiSelenium\logs\2024_04_16\04_44_51\screenshot_luthien5921.png
[ 2024-04-16 04:48:19,580 ] 94 main_controller - INFO - Finding forms
[ 2024-04-16 04:48:19,580 ] 94 main_controller - INFO - Finding forms
[ 2024-04-16 04:48:19,580 ] 94 main_controller - INFO - Finding forms
[ 2024-04-16 04:48:21,717 ] 94 main_controller - INFO - Found 4 form(s)
[ 2024-04-16 04:48:21,717 ] 94 main_controller - INFO - Found 4 form(s)
[ 2024-04-16 04:48:21,717 ] 94 main_controller - INFO - Found 4 form(s)
[ 2024-04-16 04:48:32,327 ] 94 main_controller - INFO - Form filled successfully, template sequence: 90549
[ 2024-04-16 04:48:32,327 ] 94 main_controller - INFO - Form filled successfully, template sequence: 90549
[ 2024-04-16 04:48:32,327 ] 94 main_controller - INFO - Form filled successfully, template sequence: 90549
[ 2024-04-16 04:48:32,327 ] 94 main_controller - INFO - Remaining form(s): 3
[ 2024-04-16 04:48:32,327 ] 94 main_controller - INFO - Remaining form(s): 3
[ 2024-04-16 04:48:32,327 ] 94 main_controller - INFO - Remaining form(s): 3
[ 2024-04-16 04:48:42,066 ] 94 main_controller - INFO - Failed to fill form, template sequence: 90550
[ 2024-04-16 04:48:42,066 ] 94 main_controller - INFO - Failed to fill form, template sequence: 90550
[ 2024-04-16 04:48:42,066 ] 94 main_controller - INFO - Failed to fill form, template sequence: 90550
[ 2024-04-16 04:48:42,067 ] 94 main_controller - INFO - Remaining form(s): 3
[ 2024-04-16 04:48:42,067 ] 94 main_controller - INFO - Remaining form(s): 3
[ 2024-04-16 04:48:42,067 ] 94 main_controller - INFO - Remaining form(s): 3
[ 2024-04-16 04:48:47,652 ] 94 main_controller - INFO - Form is closed, template sequence: 90548
[ 2024-04-16 04:48:47,652 ] 94 main_controller - INFO - Form is closed, template sequence: 90548
[ 2024-04-16 04:48:47,652 ] 94 main_controller - INFO - Form is closed, template sequence: 90548
[ 2024-04-16 04:48:47,652 ] 94 main_controller - INFO - Remaining form(s): 2
[ 2024-04-16 04:48:47,652 ] 94 main_controller - INFO - Remaining form(s): 2
[ 2024-04-16 04:48:47,652 ] 94 main_controller - INFO - Remaining form(s): 2
[ 2024-04-16 04:48:57,795 ] 94 main_controller - INFO - Form filled successfully, template sequence: 90551
[ 2024-04-16 04:48:57,795 ] 94 main_controller - INFO - Form filled successfully, template sequence: 90551
[ 2024-04-16 04:48:57,795 ] 94 main_controller - INFO - Form filled successfully, template sequence: 90551
[ 2024-04-16 04:48:57,795 ] 94 main_controller - INFO - Remaining form(s): 1
[ 2024-04-16 04:48:57,795 ] 94 main_controller - INFO - Remaining form(s): 1
[ 2024-04-16 04:48:57,795 ] 94 main_controller - INFO - Remaining form(s): 1
[ 2024-04-16 04:49:06,585 ] 94 main_controller - INFO - Failed to fill form, template sequence: 90550
[ 2024-04-16 04:49:06,585 ] 94 main_controller - INFO - Failed to fill form, template sequence: 90550
[ 2024-04-16 04:49:06,585 ] 94 main_controller - INFO - Failed to fill form, template sequence: 90550
[ 2024-04-16 04:49:06,585 ] 94 main_controller - INFO - Remaining form(s): 1
[ 2024-04-16 04:49:06,585 ] 94 main_controller - INFO - Remaining form(s): 1
[ 2024-04-16 04:49:06,585 ] 94 main_controller - INFO - Remaining form(s): 1
[ 2024-04-16 04:49:15,458 ] 94 main_controller - INFO - Failed to fill form, template sequence: 90550
[ 2024-04-16 04:49:15,458 ] 94 main_controller - INFO - Failed to fill form, template sequence: 90550
[ 2024-04-16 04:49:15,458 ] 94 main_controller - INFO - Failed to fill form, template sequence: 90550
[ 2024-04-16 04:49:15,458 ] 94 main_controller - INFO - Remaining form(s): 1
[ 2024-04-16 04:49:15,458 ] 94 main_controller - INFO - Remaining form(s): 1
[ 2024-04-16 04:49:15,458 ] 94 main_controller - INFO - Remaining form(s): 1
[ 2024-04-16 04:49:24,892 ] 94 main_controller - INFO - Failed to fill form, template sequence: 90550
[ 2024-04-16 04:49:24,892 ] 94 main_controller - INFO - Failed to fill form, template sequence: 90550
[ 2024-04-16 04:49:24,892 ] 94 main_controller - INFO - Failed to fill form, template sequence: 90550
[ 2024-04-16 04:49:24,892 ] 94 main_controller - INFO - Remaining form(s): 1
[ 2024-04-16 04:49:24,892 ] 94 main_controller - INFO - Remaining form(s): 1
[ 2024-04-16 04:49:24,892 ] 94 main_controller - INFO - Remaining form(s): 1
[ 2024-04-16 04:49:33,938 ] 94 main_controller - INFO - Failed to fill form, template sequence: 90550
[ 2024-04-16 04:49:33,938 ] 94 main_controller - INFO - Failed to fill form, template sequence: 90550
[ 2024-04-16 04:49:33,938 ] 94 main_controller - INFO - Failed to fill form, template sequence: 90550
[ 2024-04-16 04:49:33,939 ] 94 main_controller - INFO - Remaining form(s): 1
[ 2024-04-16 04:49:33,939 ] 94 main_controller - INFO - Remaining form(s): 1
[ 2024-04-16 04:49:33,939 ] 94 main_controller - INFO - Remaining form(s): 1
