[ 2024-04-29 22:36:24,300 ] 91 nihahi50 - INFO - Opened login page
[ 2024-04-29 22:36:24,300 ] 91 nihahi50 - INFO - Opened login page
[ 2024-04-29 22:36:24,300 ] 91 nihahi50 - INFO - Opened login page
[ 2024-04-29 22:36:27,958 ] 91 nihahi50 - INFO - Logging in
[ 2024-04-29 22:36:27,958 ] 91 nihahi50 - INFO - Logging in
[ 2024-04-29 22:36:27,958 ] 91 nihahi50 - INFO - Logging in
[ 2024-04-29 22:36:27,960 ] 91 nihahi50 - INFO - Current url: https://www.shinsei.e-aichi.jp/pref-aichi-police-u/offer/offerList_initDisplay
[ 2024-04-29 22:36:27,960 ] 91 nihahi50 - INFO - Current url: https://www.shinsei.e-aichi.jp/pref-aichi-police-u/offer/offerList_initDisplay
[ 2024-04-29 22:36:27,960 ] 91 nihahi50 - INFO - Current url: https://www.shinsei.e-aichi.jp/pref-aichi-police-u/offer/offerList_initDisplay
[ 2024-04-29 22:36:28,279 ] 91 nihahi50 - INFO - Logged in finished
[ 2024-04-29 22:36:28,279 ] 91 nihahi50 - INFO - Logged in finished
[ 2024-04-29 22:36:28,279 ] 91 nihahi50 - INFO - Logged in finished
[ 2024-04-29 22:36:28,389 ] 91 nihahi50 - INFO - On main page
[ 2024-04-29 22:36:28,389 ] 91 nihahi50 - INFO - On main page
[ 2024-04-29 22:36:28,389 ] 91 nihahi50 - INFO - On main page
[ 2024-04-29 22:36:30,082 ] 91 nihahi50 - INFO - Search submitted
[ 2024-04-29 22:36:30,082 ] 91 nihahi50 - INFO - Search submitted
[ 2024-04-29 22:36:30,082 ] 91 nihahi50 - INFO - Search submitted
[ 2024-04-29 22:36:30,094 ] 91 nihahi50 - INFO - Collected 20 forms
[ 2024-04-29 22:36:30,094 ] 91 nihahi50 - INFO - Collected 20 forms
[ 2024-04-29 22:36:30,094 ] 91 nihahi50 - INFO - Collected 20 forms
[ 2024-04-29 22:36:30,341 ] 91 nihahi50 - INFO - Number of filtered forms left is: 5 form(s)
[ 2024-04-29 22:36:30,341 ] 91 nihahi50 - INFO - Number of filtered forms left is: 5 form(s)
[ 2024-04-29 22:36:30,341 ] 91 nihahi50 - INFO - Number of filtered forms left is: 5 form(s)
[ 2024-04-29 22:36:30,341 ] 91 nihahi50 - INFO - ＜05月14日(火) 08:45～09:30＞[平針]外国免許切替審査 Hirabari Exchanging Foreign Driver's License -  - 2024年04月30日 07時30分 - 2024年05月10日 12時00分 - 96490 - https://www.shinsei.e-aichi.jp/pref-aichi-police-u/offer/offerList_detailTop?tempSeq=96490 - True
[ 2024-04-29 22:36:30,341 ] 91 nihahi50 - INFO - ＜05月14日(火) 08:45～09:30＞[平針]外国免許切替審査 Hirabari Exchanging Foreign Driver's License -  - 2024年04月30日 07時30分 - 2024年05月10日 12時00分 - 96490 - https://www.shinsei.e-aichi.jp/pref-aichi-police-u/offer/offerList_detailTop?tempSeq=96490 - True
[ 2024-04-29 22:36:30,341 ] 91 nihahi50 - INFO - ＜05月14日(火) 08:45～09:30＞[平針]外国免許切替審査 Hirabari Exchanging Foreign Driver's License -  - 2024年04月30日 07時30分 - 2024年05月10日 12時00分 - 96490 - https://www.shinsei.e-aichi.jp/pref-aichi-police-u/offer/offerList_detailTop?tempSeq=96490 - True
[ 2024-04-29 22:36:30,341 ] 91 nihahi50 - INFO - ＜05月14日(火) 09:30～10:30＞[平針]外国免許切替審査 Hirabari Exchanging Foreign Driver's License -  - 2024年04月30日 07時30分 - 2024年05月10日 12時00分 - 96491 - https://www.shinsei.e-aichi.jp/pref-aichi-police-u/offer/offerList_detailTop?tempSeq=96491 - True
[ 2024-04-29 22:36:30,341 ] 91 nihahi50 - INFO - ＜05月14日(火) 09:30～10:30＞[平針]外国免許切替審査 Hirabari Exchanging Foreign Driver's License -  - 2024年04月30日 07時30分 - 2024年05月10日 12時00分 - 96491 - https://www.shinsei.e-aichi.jp/pref-aichi-police-u/offer/offerList_detailTop?tempSeq=96491 - True
[ 2024-04-29 22:36:30,341 ] 91 nihahi50 - INFO - ＜05月14日(火) 09:30～10:30＞[平針]外国免許切替審査 Hirabari Exchanging Foreign Driver's License -  - 2024年04月30日 07時30分 - 2024年05月10日 12時00分 - 96491 - https://www.shinsei.e-aichi.jp/pref-aichi-police-u/offer/offerList_detailTop?tempSeq=96491 - True
[ 2024-04-29 22:36:30,341 ] 91 nihahi50 - INFO - ＜05月14日(火) 10:30～11:45＞[平針]外国免許切替審査 Hirabari Exchanging Foreign Driver's License -  - 2024年04月30日 07時30分 - 2024年05月10日 12時00分 - 96492 - https://www.shinsei.e-aichi.jp/pref-aichi-police-u/offer/offerList_detailTop?tempSeq=96492 - True
[ 2024-04-29 22:36:30,341 ] 91 nihahi50 - INFO - ＜05月14日(火) 10:30～11:45＞[平針]外国免許切替審査 Hirabari Exchanging Foreign Driver's License -  - 2024年04月30日 07時30分 - 2024年05月10日 12時00分 - 96492 - https://www.shinsei.e-aichi.jp/pref-aichi-police-u/offer/offerList_detailTop?tempSeq=96492 - True
[ 2024-04-29 22:36:30,341 ] 91 nihahi50 - INFO - ＜05月14日(火) 10:30～11:45＞[平針]外国免許切替審査 Hirabari Exchanging Foreign Driver's License -  - 2024年04月30日 07時30分 - 2024年05月10日 12時00分 - 96492 - https://www.shinsei.e-aichi.jp/pref-aichi-police-u/offer/offerList_detailTop?tempSeq=96492 - True
[ 2024-04-29 22:36:30,342 ] 91 nihahi50 - INFO - ＜05月14日(火) 12:45～13:30＞[平針]外国免許切替審査 Hirabari Exchanging Foreign Driver's License -  - 2024年04月30日 07時30分 - 2024年05月10日 12時00分 - 96493 - https://www.shinsei.e-aichi.jp/pref-aichi-police-u/offer/offerList_detailTop?tempSeq=96493 - True
[ 2024-04-29 22:36:30,342 ] 91 nihahi50 - INFO - ＜05月14日(火) 12:45～13:30＞[平針]外国免許切替審査 Hirabari Exchanging Foreign Driver's License -  - 2024年04月30日 07時30分 - 2024年05月10日 12時00分 - 96493 - https://www.shinsei.e-aichi.jp/pref-aichi-police-u/offer/offerList_detailTop?tempSeq=96493 - True
[ 2024-04-29 22:36:30,342 ] 91 nihahi50 - INFO - ＜05月14日(火) 12:45～13:30＞[平針]外国免許切替審査 Hirabari Exchanging Foreign Driver's License -  - 2024年04月30日 07時30分 - 2024年05月10日 12時00分 - 96493 - https://www.shinsei.e-aichi.jp/pref-aichi-police-u/offer/offerList_detailTop?tempSeq=96493 - True
[ 2024-04-29 22:36:30,342 ] 91 nihahi50 - INFO - ＜05月14日(火) 13:30～14:45＞[平針]外国免許切替審査 Hirabari Exchanging Foreign Driver's License -  - 2024年04月30日 07時30分 - 2024年05月10日 12時00分 - 96494 - https://www.shinsei.e-aichi.jp/pref-aichi-police-u/offer/offerList_detailTop?tempSeq=96494 - True
[ 2024-04-29 22:36:30,342 ] 91 nihahi50 - INFO - ＜05月14日(火) 13:30～14:45＞[平針]外国免許切替審査 Hirabari Exchanging Foreign Driver's License -  - 2024年04月30日 07時30分 - 2024年05月10日 12時00分 - 96494 - https://www.shinsei.e-aichi.jp/pref-aichi-police-u/offer/offerList_detailTop?tempSeq=96494 - True
[ 2024-04-29 22:36:30,342 ] 91 nihahi50 - INFO - ＜05月14日(火) 13:30～14:45＞[平針]外国免許切替審査 Hirabari Exchanging Foreign Driver's License -  - 2024年04月30日 07時30分 - 2024年05月10日 12時00分 - 96494 - https://www.shinsei.e-aichi.jp/pref-aichi-police-u/offer/offerList_detailTop?tempSeq=96494 - True
[ 2024-04-29 22:36:30,344 ] 91 nihahi50 - INFO - Accessing form, template sequence: 96494
[ 2024-04-29 22:36:30,344 ] 91 nihahi50 - INFO - Accessing form, template sequence: 96494
[ 2024-04-29 22:36:30,344 ] 91 nihahi50 - INFO - Accessing form, template sequence: 96494
[ 2024-04-29 22:36:30,344 ] 91 nihahi50 - INFO - Form URL: https://www.shinsei.e-aichi.jp/pref-aichi-police-u/offer/offerList_detailTop?tempSeq=96494
[ 2024-04-29 22:36:30,344 ] 91 nihahi50 - INFO - Form URL: https://www.shinsei.e-aichi.jp/pref-aichi-police-u/offer/offerList_detailTop?tempSeq=96494
[ 2024-04-29 22:36:30,344 ] 91 nihahi50 - INFO - Form URL: https://www.shinsei.e-aichi.jp/pref-aichi-police-u/offer/offerList_detailTop?tempSeq=96494
[ 2024-04-29 22:36:36,009 ] 91 nihahi50 - INFO - Accessed form successfully
[ 2024-04-29 22:36:36,009 ] 91 nihahi50 - INFO - Accessed form successfully
[ 2024-04-29 22:36:36,009 ] 91 nihahi50 - INFO - Accessed form successfully
[ 2024-04-29 22:36:36,021 ] 91 nihahi50 - INFO - Form message: 申込期間ではありません。
[ 2024-04-29 22:36:36,021 ] 91 nihahi50 - INFO - Form message: 申込期間ではありません。
[ 2024-04-29 22:36:36,021 ] 91 nihahi50 - INFO - Form message: 申込期間ではありません。
[ 2024-04-29 22:36:36,021 ] 91 nihahi50 - INFO - Refreshing page to check availability trial number 1, template sequence: 96494
[ 2024-04-29 22:36:36,021 ] 91 nihahi50 - INFO - Refreshing page to check availability trial number 1, template sequence: 96494
[ 2024-04-29 22:36:36,021 ] 91 nihahi50 - INFO - Refreshing page to check availability trial number 1, template sequence: 96494
[ 2024-04-29 22:36:37,704 ] 91 nihahi50 - INFO - Form message: 申込期間ではありません。
[ 2024-04-29 22:36:37,704 ] 91 nihahi50 - INFO - Form message: 申込期間ではありません。
[ 2024-04-29 22:36:37,704 ] 91 nihahi50 - INFO - Form message: 申込期間ではありません。
[ 2024-04-29 22:36:37,704 ] 91 nihahi50 - INFO - Refreshing page to check availability trial number 2, template sequence: 96494
[ 2024-04-29 22:36:37,704 ] 91 nihahi50 - INFO - Refreshing page to check availability trial number 2, template sequence: 96494
[ 2024-04-29 22:36:37,704 ] 91 nihahi50 - INFO - Refreshing page to check availability trial number 2, template sequence: 96494
[ 2024-04-29 22:36:39,403 ] 91 nihahi50 - INFO - Form message: 申込期間ではありません。
[ 2024-04-29 22:36:39,403 ] 91 nihahi50 - INFO - Form message: 申込期間ではありません。
[ 2024-04-29 22:36:39,403 ] 91 nihahi50 - INFO - Form message: 申込期間ではありません。
[ 2024-04-29 22:36:39,403 ] 91 nihahi50 - INFO - Refreshing page to check availability trial number 3, template sequence: 96494
[ 2024-04-29 22:36:39,403 ] 91 nihahi50 - INFO - Refreshing page to check availability trial number 3, template sequence: 96494
[ 2024-04-29 22:36:39,403 ] 91 nihahi50 - INFO - Refreshing page to check availability trial number 3, template sequence: 96494
[ 2024-04-29 22:36:42,121 ] 91 nihahi50 - INFO - Form message: 申込期間ではありません。
[ 2024-04-29 22:36:42,121 ] 91 nihahi50 - INFO - Form message: 申込期間ではありません。
[ 2024-04-29 22:36:42,121 ] 91 nihahi50 - INFO - Form message: 申込期間ではありません。
[ 2024-04-29 22:36:42,122 ] 91 nihahi50 - INFO - Refreshing page to check availability trial number 4, template sequence: 96494
[ 2024-04-29 22:36:42,122 ] 91 nihahi50 - INFO - Refreshing page to check availability trial number 4, template sequence: 96494
[ 2024-04-29 22:36:42,122 ] 91 nihahi50 - INFO - Refreshing page to check availability trial number 4, template sequence: 96494
[ 2024-04-29 22:36:43,579 ] 91 nihahi50 - INFO - Form message: 申込期間ではありません。
[ 2024-04-29 22:36:43,579 ] 91 nihahi50 - INFO - Form message: 申込期間ではありません。
[ 2024-04-29 22:36:43,579 ] 91 nihahi50 - INFO - Form message: 申込期間ではありません。
[ 2024-04-29 22:36:43,580 ] 91 nihahi50 - INFO - Refreshing page to check availability trial number 5, template sequence: 96494
[ 2024-04-29 22:36:43,580 ] 91 nihahi50 - INFO - Refreshing page to check availability trial number 5, template sequence: 96494
[ 2024-04-29 22:36:43,580 ] 91 nihahi50 - INFO - Refreshing page to check availability trial number 5, template sequence: 96494
[ 2024-04-29 22:36:44,997 ] 91 nihahi50 - INFO - Form message: 申込期間ではありません。
[ 2024-04-29 22:36:44,997 ] 91 nihahi50 - INFO - Form message: 申込期間ではありません。
[ 2024-04-29 22:36:44,997 ] 91 nihahi50 - INFO - Form message: 申込期間ではありません。
[ 2024-04-29 22:36:44,998 ] 91 nihahi50 - INFO - Refreshing page to check availability trial number 6, template sequence: 96494
[ 2024-04-29 22:36:44,998 ] 91 nihahi50 - INFO - Refreshing page to check availability trial number 6, template sequence: 96494
[ 2024-04-29 22:36:44,998 ] 91 nihahi50 - INFO - Refreshing page to check availability trial number 6, template sequence: 96494
[ 2024-04-29 22:36:46,461 ] 91 nihahi50 - INFO - Form message: 申込期間ではありません。
[ 2024-04-29 22:36:46,461 ] 91 nihahi50 - INFO - Form message: 申込期間ではありません。
[ 2024-04-29 22:36:46,461 ] 91 nihahi50 - INFO - Form message: 申込期間ではありません。
[ 2024-04-29 22:36:46,461 ] 91 nihahi50 - INFO - Refreshing page to check availability trial number 7, template sequence: 96494
[ 2024-04-29 22:36:46,461 ] 91 nihahi50 - INFO - Refreshing page to check availability trial number 7, template sequence: 96494
[ 2024-04-29 22:36:46,461 ] 91 nihahi50 - INFO - Refreshing page to check availability trial number 7, template sequence: 96494
[ 2024-04-29 22:36:47,822 ] 91 nihahi50 - INFO - Form message: 申込期間ではありません。
[ 2024-04-29 22:36:47,822 ] 91 nihahi50 - INFO - Form message: 申込期間ではありません。
[ 2024-04-29 22:36:47,822 ] 91 nihahi50 - INFO - Form message: 申込期間ではありません。
[ 2024-04-29 22:36:47,822 ] 91 nihahi50 - INFO - Refreshing page to check availability trial number 8, template sequence: 96494
[ 2024-04-29 22:36:47,822 ] 91 nihahi50 - INFO - Refreshing page to check availability trial number 8, template sequence: 96494
[ 2024-04-29 22:36:47,822 ] 91 nihahi50 - INFO - Refreshing page to check availability trial number 8, template sequence: 96494
[ 2024-04-29 22:36:49,225 ] 91 nihahi50 - INFO - Form message: 申込期間ではありません。
[ 2024-04-29 22:36:49,225 ] 91 nihahi50 - INFO - Form message: 申込期間ではありません。
[ 2024-04-29 22:36:49,225 ] 91 nihahi50 - INFO - Form message: 申込期間ではありません。
[ 2024-04-29 22:36:49,225 ] 91 nihahi50 - INFO - Refreshing page to check availability trial number 9, template sequence: 96494
[ 2024-04-29 22:36:49,225 ] 91 nihahi50 - INFO - Refreshing page to check availability trial number 9, template sequence: 96494
[ 2024-04-29 22:36:49,225 ] 91 nihahi50 - INFO - Refreshing page to check availability trial number 9, template sequence: 96494
[ 2024-04-29 22:36:50,651 ] 91 nihahi50 - INFO - Form message: 申込期間ではありません。
[ 2024-04-29 22:36:50,651 ] 91 nihahi50 - INFO - Form message: 申込期間ではありません。
[ 2024-04-29 22:36:50,651 ] 91 nihahi50 - INFO - Form message: 申込期間ではありません。
[ 2024-04-29 22:36:50,651 ] 91 nihahi50 - INFO - Refreshing page to check availability trial number 10, template sequence: 96494
[ 2024-04-29 22:36:50,651 ] 91 nihahi50 - INFO - Refreshing page to check availability trial number 10, template sequence: 96494
[ 2024-04-29 22:36:50,651 ] 91 nihahi50 - INFO - Refreshing page to check availability trial number 10, template sequence: 96494
[ 2024-04-29 22:36:52,082 ] 91 nihahi50 - INFO - Form message: 申込期間ではありません。
[ 2024-04-29 22:36:52,082 ] 91 nihahi50 - INFO - Form message: 申込期間ではありません。
[ 2024-04-29 22:36:52,082 ] 91 nihahi50 - INFO - Form message: 申込期間ではありません。
[ 2024-04-29 22:36:52,083 ] 91 nihahi50 - INFO - Refreshing page to check availability trial number 11, template sequence: 96494
[ 2024-04-29 22:36:52,083 ] 91 nihahi50 - INFO - Refreshing page to check availability trial number 11, template sequence: 96494
[ 2024-04-29 22:36:52,083 ] 91 nihahi50 - INFO - Refreshing page to check availability trial number 11, template sequence: 96494
[ 2024-04-29 22:36:53,792 ] 91 nihahi50 - INFO - Form message: 申込期間ではありません。
[ 2024-04-29 22:36:53,792 ] 91 nihahi50 - INFO - Form message: 申込期間ではありません。
[ 2024-04-29 22:36:53,792 ] 91 nihahi50 - INFO - Form message: 申込期間ではありません。
[ 2024-04-29 22:36:53,792 ] 91 nihahi50 - INFO - Refreshing page to check availability trial number 12, template sequence: 96494
[ 2024-04-29 22:36:53,792 ] 91 nihahi50 - INFO - Refreshing page to check availability trial number 12, template sequence: 96494
[ 2024-04-29 22:36:53,792 ] 91 nihahi50 - INFO - Refreshing page to check availability trial number 12, template sequence: 96494
[ 2024-04-29 22:36:55,495 ] 91 nihahi50 - INFO - Form message: 申込期間ではありません。
[ 2024-04-29 22:36:55,495 ] 91 nihahi50 - INFO - Form message: 申込期間ではありません。
[ 2024-04-29 22:36:55,495 ] 91 nihahi50 - INFO - Form message: 申込期間ではありません。
[ 2024-04-29 22:36:55,496 ] 91 nihahi50 - INFO - Refreshing page to check availability trial number 13, template sequence: 96494
[ 2024-04-29 22:36:55,496 ] 91 nihahi50 - INFO - Refreshing page to check availability trial number 13, template sequence: 96494
[ 2024-04-29 22:36:55,496 ] 91 nihahi50 - INFO - Refreshing page to check availability trial number 13, template sequence: 96494
[ 2024-04-29 22:36:57,158 ] 91 nihahi50 - INFO - Form message: 申込期間ではありません。
[ 2024-04-29 22:36:57,158 ] 91 nihahi50 - INFO - Form message: 申込期間ではありません。
[ 2024-04-29 22:36:57,158 ] 91 nihahi50 - INFO - Form message: 申込期間ではありません。
[ 2024-04-29 22:36:57,158 ] 91 nihahi50 - INFO - Refreshing page to check availability trial number 14, template sequence: 96494
[ 2024-04-29 22:36:57,158 ] 91 nihahi50 - INFO - Refreshing page to check availability trial number 14, template sequence: 96494
[ 2024-04-29 22:36:57,158 ] 91 nihahi50 - INFO - Refreshing page to check availability trial number 14, template sequence: 96494
[ 2024-04-29 22:36:58,536 ] 91 nihahi50 - INFO - Form message: 申込期間ではありません。
[ 2024-04-29 22:36:58,536 ] 91 nihahi50 - INFO - Form message: 申込期間ではありません。
[ 2024-04-29 22:36:58,536 ] 91 nihahi50 - INFO - Form message: 申込期間ではありません。
[ 2024-04-29 22:36:58,536 ] 91 nihahi50 - INFO - Refreshing page to check availability trial number 15, template sequence: 96494
[ 2024-04-29 22:36:58,536 ] 91 nihahi50 - INFO - Refreshing page to check availability trial number 15, template sequence: 96494
[ 2024-04-29 22:36:58,536 ] 91 nihahi50 - INFO - Refreshing page to check availability trial number 15, template sequence: 96494
[ 2024-04-29 22:36:59,857 ] 91 nihahi50 - INFO - Form message: 申込期間ではありません。
[ 2024-04-29 22:36:59,857 ] 91 nihahi50 - INFO - Form message: 申込期間ではありません。
[ 2024-04-29 22:36:59,857 ] 91 nihahi50 - INFO - Form message: 申込期間ではありません。
[ 2024-04-29 22:36:59,857 ] 91 nihahi50 - INFO - Refreshing page to check availability trial number 16, template sequence: 96494
[ 2024-04-29 22:36:59,857 ] 91 nihahi50 - INFO - Refreshing page to check availability trial number 16, template sequence: 96494
[ 2024-04-29 22:36:59,857 ] 91 nihahi50 - INFO - Refreshing page to check availability trial number 16, template sequence: 96494
