[ 2024-04-24 15:00:54,995 ] 91 luthien5921 - INFO - Opened login page
[ 2024-04-24 15:00:54,995 ] 91 luthien5921 - INFO - Opened login page
[ 2024-04-24 15:00:54,995 ] 91 luthien5921 - INFO - Opened login page
[ 2024-04-24 15:00:58,941 ] 91 luthien5921 - INFO - Logging in
[ 2024-04-24 15:00:58,941 ] 91 luthien5921 - INFO - Logging in
[ 2024-04-24 15:00:58,941 ] 91 luthien5921 - INFO - Logging in
[ 2024-04-24 15:00:58,945 ] 91 luthien5921 - INFO - Current url: https://www.shinsei.e-aichi.jp/pref-aichi-police-u/offer/offerList_initDisplay
[ 2024-04-24 15:00:58,945 ] 91 luthien5921 - INFO - Current url: https://www.shinsei.e-aichi.jp/pref-aichi-police-u/offer/offerList_initDisplay
[ 2024-04-24 15:00:58,945 ] 91 luthien5921 - INFO - Current url: https://www.shinsei.e-aichi.jp/pref-aichi-police-u/offer/offerList_initDisplay
[ 2024-04-24 15:00:59,262 ] 91 luthien5921 - INFO - Logged in finished
[ 2024-04-24 15:00:59,262 ] 91 luthien5921 - INFO - Logged in finished
[ 2024-04-24 15:00:59,262 ] 91 luthien5921 - INFO - Logged in finished
[ 2024-04-24 15:00:59,503 ] 91 luthien5921 - INFO - On main page
[ 2024-04-24 15:00:59,503 ] 91 luthien5921 - INFO - On main page
[ 2024-04-24 15:00:59,503 ] 91 luthien5921 - INFO - On main page
[ 2024-04-24 15:01:01,089 ] 91 luthien5921 - INFO - Search submitted
[ 2024-04-24 15:01:01,089 ] 91 luthien5921 - INFO - Search submitted
[ 2024-04-24 15:01:01,089 ] 91 luthien5921 - INFO - Search submitted
[ 2024-04-24 15:01:01,106 ] 91 luthien5921 - INFO - Collected 2 forms
[ 2024-04-24 15:01:01,106 ] 91 luthien5921 - INFO - Collected 2 forms
[ 2024-04-24 15:01:01,106 ] 91 luthien5921 - INFO - Collected 2 forms
[ 2024-04-24 15:01:10,941 ] 91 luthien5921 - INFO - Opened login page
[ 2024-04-24 15:01:10,941 ] 91 luthien5921 - INFO - Opened login page
[ 2024-04-24 15:01:10,941 ] 91 luthien5921 - INFO - Opened login page
[ 2024-04-24 15:01:10,941 ] 91 luthien5921 - INFO - Opened login page
[ 2024-04-24 15:01:10,941 ] 91 luthien5921 - INFO - Opened login page
[ 2024-04-24 15:01:10,941 ] 91 luthien5921 - INFO - Opened login page
[ 2024-04-24 15:01:14,205 ] 91 luthien5921 - INFO - Logging in
[ 2024-04-24 15:01:14,205 ] 91 luthien5921 - INFO - Logging in
[ 2024-04-24 15:01:14,205 ] 91 luthien5921 - INFO - Logging in
[ 2024-04-24 15:01:14,205 ] 91 luthien5921 - INFO - Logging in
[ 2024-04-24 15:01:14,205 ] 91 luthien5921 - INFO - Logging in
[ 2024-04-24 15:01:14,205 ] 91 luthien5921 - INFO - Logging in
[ 2024-04-24 15:01:14,210 ] 91 luthien5921 - INFO - Current url: https://www.shinsei.e-aichi.jp/pref-aichi-police-u/offer/offerList_initDisplay
[ 2024-04-24 15:01:14,210 ] 91 luthien5921 - INFO - Current url: https://www.shinsei.e-aichi.jp/pref-aichi-police-u/offer/offerList_initDisplay
[ 2024-04-24 15:01:14,210 ] 91 luthien5921 - INFO - Current url: https://www.shinsei.e-aichi.jp/pref-aichi-police-u/offer/offerList_initDisplay
[ 2024-04-24 15:01:14,210 ] 91 luthien5921 - INFO - Current url: https://www.shinsei.e-aichi.jp/pref-aichi-police-u/offer/offerList_initDisplay
[ 2024-04-24 15:01:14,210 ] 91 luthien5921 - INFO - Current url: https://www.shinsei.e-aichi.jp/pref-aichi-police-u/offer/offerList_initDisplay
[ 2024-04-24 15:01:14,210 ] 91 luthien5921 - INFO - Current url: https://www.shinsei.e-aichi.jp/pref-aichi-police-u/offer/offerList_initDisplay
[ 2024-04-24 15:01:14,516 ] 91 luthien5921 - INFO - Logged in finished
[ 2024-04-24 15:01:14,516 ] 91 luthien5921 - INFO - Logged in finished
[ 2024-04-24 15:01:14,516 ] 91 luthien5921 - INFO - Logged in finished
[ 2024-04-24 15:01:14,516 ] 91 luthien5921 - INFO - Logged in finished
[ 2024-04-24 15:01:14,516 ] 91 luthien5921 - INFO - Logged in finished
[ 2024-04-24 15:01:14,516 ] 91 luthien5921 - INFO - Logged in finished
[ 2024-04-24 15:01:14,774 ] 91 luthien5921 - INFO - On main page
[ 2024-04-24 15:01:14,774 ] 91 luthien5921 - INFO - On main page
[ 2024-04-24 15:01:14,774 ] 91 luthien5921 - INFO - On main page
[ 2024-04-24 15:01:14,774 ] 91 luthien5921 - INFO - On main page
[ 2024-04-24 15:01:14,774 ] 91 luthien5921 - INFO - On main page
[ 2024-04-24 15:01:14,774 ] 91 luthien5921 - INFO - On main page
[ 2024-04-24 15:01:15,875 ] 91 luthien5921 - INFO - Search submitted
[ 2024-04-24 15:01:15,875 ] 91 luthien5921 - INFO - Search submitted
[ 2024-04-24 15:01:15,875 ] 91 luthien5921 - INFO - Search submitted
[ 2024-04-24 15:01:15,875 ] 91 luthien5921 - INFO - Search submitted
[ 2024-04-24 15:01:15,875 ] 91 luthien5921 - INFO - Search submitted
[ 2024-04-24 15:01:15,875 ] 91 luthien5921 - INFO - Search submitted
[ 2024-04-24 15:01:15,894 ] 91 luthien5921 - INFO - Collected 2 forms
[ 2024-04-24 15:01:15,894 ] 91 luthien5921 - INFO - Collected 2 forms
[ 2024-04-24 15:01:15,894 ] 91 luthien5921 - INFO - Collected 2 forms
[ 2024-04-24 15:01:15,894 ] 91 luthien5921 - INFO - Collected 2 forms
[ 2024-04-24 15:01:15,894 ] 91 luthien5921 - INFO - Collected 2 forms
[ 2024-04-24 15:01:15,894 ] 91 luthien5921 - INFO - Collected 2 forms
[ 2024-04-24 15:01:25,621 ] 91 luthien5921 - INFO - Opened login page
[ 2024-04-24 15:01:25,621 ] 91 luthien5921 - INFO - Opened login page
[ 2024-04-24 15:01:25,621 ] 91 luthien5921 - INFO - Opened login page
[ 2024-04-24 15:01:25,621 ] 91 luthien5921 - INFO - Opened login page
[ 2024-04-24 15:01:25,621 ] 91 luthien5921 - INFO - Opened login page
[ 2024-04-24 15:01:25,621 ] 91 luthien5921 - INFO - Opened login page
[ 2024-04-24 15:01:25,621 ] 91 luthien5921 - INFO - Opened login page
[ 2024-04-24 15:01:25,621 ] 91 luthien5921 - INFO - Opened login page
[ 2024-04-24 15:01:25,621 ] 91 luthien5921 - INFO - Opened login page
[ 2024-04-24 15:01:29,636 ] 91 luthien5921 - INFO - Logging in
[ 2024-04-24 15:01:29,636 ] 91 luthien5921 - INFO - Logging in
[ 2024-04-24 15:01:29,636 ] 91 luthien5921 - INFO - Logging in
[ 2024-04-24 15:01:29,636 ] 91 luthien5921 - INFO - Logging in
[ 2024-04-24 15:01:29,636 ] 91 luthien5921 - INFO - Logging in
[ 2024-04-24 15:01:29,636 ] 91 luthien5921 - INFO - Logging in
[ 2024-04-24 15:01:29,636 ] 91 luthien5921 - INFO - Logging in
[ 2024-04-24 15:01:29,636 ] 91 luthien5921 - INFO - Logging in
[ 2024-04-24 15:01:29,636 ] 91 luthien5921 - INFO - Logging in
[ 2024-04-24 15:01:29,643 ] 91 luthien5921 - INFO - Current url: https://www.shinsei.e-aichi.jp/pref-aichi-police-u/offer/offerList_initDisplay
[ 2024-04-24 15:01:29,643 ] 91 luthien5921 - INFO - Current url: https://www.shinsei.e-aichi.jp/pref-aichi-police-u/offer/offerList_initDisplay
[ 2024-04-24 15:01:29,643 ] 91 luthien5921 - INFO - Current url: https://www.shinsei.e-aichi.jp/pref-aichi-police-u/offer/offerList_initDisplay
[ 2024-04-24 15:01:29,643 ] 91 luthien5921 - INFO - Current url: https://www.shinsei.e-aichi.jp/pref-aichi-police-u/offer/offerList_initDisplay
[ 2024-04-24 15:01:29,643 ] 91 luthien5921 - INFO - Current url: https://www.shinsei.e-aichi.jp/pref-aichi-police-u/offer/offerList_initDisplay
[ 2024-04-24 15:01:29,643 ] 91 luthien5921 - INFO - Current url: https://www.shinsei.e-aichi.jp/pref-aichi-police-u/offer/offerList_initDisplay
[ 2024-04-24 15:01:29,643 ] 91 luthien5921 - INFO - Current url: https://www.shinsei.e-aichi.jp/pref-aichi-police-u/offer/offerList_initDisplay
[ 2024-04-24 15:01:29,643 ] 91 luthien5921 - INFO - Current url: https://www.shinsei.e-aichi.jp/pref-aichi-police-u/offer/offerList_initDisplay
[ 2024-04-24 15:01:29,643 ] 91 luthien5921 - INFO - Current url: https://www.shinsei.e-aichi.jp/pref-aichi-police-u/offer/offerList_initDisplay
[ 2024-04-24 15:01:29,961 ] 91 luthien5921 - INFO - Logged in finished
[ 2024-04-24 15:01:29,961 ] 91 luthien5921 - INFO - Logged in finished
[ 2024-04-24 15:01:29,961 ] 91 luthien5921 - INFO - Logged in finished
[ 2024-04-24 15:01:29,961 ] 91 luthien5921 - INFO - Logged in finished
[ 2024-04-24 15:01:29,961 ] 91 luthien5921 - INFO - Logged in finished
[ 2024-04-24 15:01:29,961 ] 91 luthien5921 - INFO - Logged in finished
[ 2024-04-24 15:01:29,961 ] 91 luthien5921 - INFO - Logged in finished
[ 2024-04-24 15:01:29,961 ] 91 luthien5921 - INFO - Logged in finished
[ 2024-04-24 15:01:29,961 ] 91 luthien5921 - INFO - Logged in finished
[ 2024-04-24 15:01:30,216 ] 91 luthien5921 - INFO - On main page
[ 2024-04-24 15:01:30,216 ] 91 luthien5921 - INFO - On main page
[ 2024-04-24 15:01:30,216 ] 91 luthien5921 - INFO - On main page
[ 2024-04-24 15:01:30,216 ] 91 luthien5921 - INFO - On main page
[ 2024-04-24 15:01:30,216 ] 91 luthien5921 - INFO - On main page
[ 2024-04-24 15:01:30,216 ] 91 luthien5921 - INFO - On main page
[ 2024-04-24 15:01:30,216 ] 91 luthien5921 - INFO - On main page
[ 2024-04-24 15:01:30,216 ] 91 luthien5921 - INFO - On main page
[ 2024-04-24 15:01:30,216 ] 91 luthien5921 - INFO - On main page
[ 2024-04-24 15:01:32,126 ] 91 luthien5921 - INFO - Search submitted
[ 2024-04-24 15:01:32,126 ] 91 luthien5921 - INFO - Search submitted
[ 2024-04-24 15:01:32,126 ] 91 luthien5921 - INFO - Search submitted
[ 2024-04-24 15:01:32,126 ] 91 luthien5921 - INFO - Search submitted
[ 2024-04-24 15:01:32,126 ] 91 luthien5921 - INFO - Search submitted
[ 2024-04-24 15:01:32,126 ] 91 luthien5921 - INFO - Search submitted
[ 2024-04-24 15:01:32,126 ] 91 luthien5921 - INFO - Search submitted
[ 2024-04-24 15:01:32,126 ] 91 luthien5921 - INFO - Search submitted
[ 2024-04-24 15:01:32,126 ] 91 luthien5921 - INFO - Search submitted
[ 2024-04-24 15:01:32,143 ] 91 luthien5921 - INFO - Collected 2 forms
[ 2024-04-24 15:01:32,143 ] 91 luthien5921 - INFO - Collected 2 forms
[ 2024-04-24 15:01:32,143 ] 91 luthien5921 - INFO - Collected 2 forms
[ 2024-04-24 15:01:32,143 ] 91 luthien5921 - INFO - Collected 2 forms
[ 2024-04-24 15:01:32,143 ] 91 luthien5921 - INFO - Collected 2 forms
[ 2024-04-24 15:01:32,143 ] 91 luthien5921 - INFO - Collected 2 forms
[ 2024-04-24 15:01:32,143 ] 91 luthien5921 - INFO - Collected 2 forms
[ 2024-04-24 15:01:32,143 ] 91 luthien5921 - INFO - Collected 2 forms
[ 2024-04-24 15:01:32,143 ] 91 luthien5921 - INFO - Collected 2 forms
[ 2024-04-24 15:01:41,935 ] 91 luthien5921 - INFO - Opened login page
[ 2024-04-24 15:01:41,935 ] 91 luthien5921 - INFO - Opened login page
[ 2024-04-24 15:01:41,935 ] 91 luthien5921 - INFO - Opened login page
[ 2024-04-24 15:01:41,935 ] 91 luthien5921 - INFO - Opened login page
[ 2024-04-24 15:01:41,935 ] 91 luthien5921 - INFO - Opened login page
[ 2024-04-24 15:01:41,935 ] 91 luthien5921 - INFO - Opened login page
[ 2024-04-24 15:01:41,935 ] 91 luthien5921 - INFO - Opened login page
[ 2024-04-24 15:01:41,935 ] 91 luthien5921 - INFO - Opened login page
[ 2024-04-24 15:01:41,935 ] 91 luthien5921 - INFO - Opened login page
[ 2024-04-24 15:01:41,935 ] 91 luthien5921 - INFO - Opened login page
[ 2024-04-24 15:01:41,935 ] 91 luthien5921 - INFO - Opened login page
[ 2024-04-24 15:01:41,935 ] 91 luthien5921 - INFO - Opened login page
[ 2024-04-24 15:01:46,048 ] 91 luthien5921 - INFO - Logging in
[ 2024-04-24 15:01:46,048 ] 91 luthien5921 - INFO - Logging in
[ 2024-04-24 15:01:46,048 ] 91 luthien5921 - INFO - Logging in
[ 2024-04-24 15:01:46,048 ] 91 luthien5921 - INFO - Logging in
[ 2024-04-24 15:01:46,048 ] 91 luthien5921 - INFO - Logging in
[ 2024-04-24 15:01:46,048 ] 91 luthien5921 - INFO - Logging in
[ 2024-04-24 15:01:46,048 ] 91 luthien5921 - INFO - Logging in
[ 2024-04-24 15:01:46,048 ] 91 luthien5921 - INFO - Logging in
[ 2024-04-24 15:01:46,048 ] 91 luthien5921 - INFO - Logging in
[ 2024-04-24 15:01:46,048 ] 91 luthien5921 - INFO - Logging in
[ 2024-04-24 15:01:46,048 ] 91 luthien5921 - INFO - Logging in
[ 2024-04-24 15:01:46,048 ] 91 luthien5921 - INFO - Logging in
[ 2024-04-24 15:01:46,054 ] 91 luthien5921 - INFO - Current url: https://www.shinsei.e-aichi.jp/pref-aichi-police-u/offer/offerList_initDisplay
[ 2024-04-24 15:01:46,054 ] 91 luthien5921 - INFO - Current url: https://www.shinsei.e-aichi.jp/pref-aichi-police-u/offer/offerList_initDisplay
[ 2024-04-24 15:01:46,054 ] 91 luthien5921 - INFO - Current url: https://www.shinsei.e-aichi.jp/pref-aichi-police-u/offer/offerList_initDisplay
[ 2024-04-24 15:01:46,054 ] 91 luthien5921 - INFO - Current url: https://www.shinsei.e-aichi.jp/pref-aichi-police-u/offer/offerList_initDisplay
[ 2024-04-24 15:01:46,054 ] 91 luthien5921 - INFO - Current url: https://www.shinsei.e-aichi.jp/pref-aichi-police-u/offer/offerList_initDisplay
[ 2024-04-24 15:01:46,054 ] 91 luthien5921 - INFO - Current url: https://www.shinsei.e-aichi.jp/pref-aichi-police-u/offer/offerList_initDisplay
[ 2024-04-24 15:01:46,054 ] 91 luthien5921 - INFO - Current url: https://www.shinsei.e-aichi.jp/pref-aichi-police-u/offer/offerList_initDisplay
[ 2024-04-24 15:01:46,054 ] 91 luthien5921 - INFO - Current url: https://www.shinsei.e-aichi.jp/pref-aichi-police-u/offer/offerList_initDisplay
[ 2024-04-24 15:01:46,054 ] 91 luthien5921 - INFO - Current url: https://www.shinsei.e-aichi.jp/pref-aichi-police-u/offer/offerList_initDisplay
[ 2024-04-24 15:01:46,054 ] 91 luthien5921 - INFO - Current url: https://www.shinsei.e-aichi.jp/pref-aichi-police-u/offer/offerList_initDisplay
[ 2024-04-24 15:01:46,054 ] 91 luthien5921 - INFO - Current url: https://www.shinsei.e-aichi.jp/pref-aichi-police-u/offer/offerList_initDisplay
[ 2024-04-24 15:01:46,054 ] 91 luthien5921 - INFO - Current url: https://www.shinsei.e-aichi.jp/pref-aichi-police-u/offer/offerList_initDisplay
[ 2024-04-24 15:01:46,366 ] 91 luthien5921 - INFO - Logged in finished
[ 2024-04-24 15:01:46,366 ] 91 luthien5921 - INFO - Logged in finished
[ 2024-04-24 15:01:46,366 ] 91 luthien5921 - INFO - Logged in finished
[ 2024-04-24 15:01:46,366 ] 91 luthien5921 - INFO - Logged in finished
[ 2024-04-24 15:01:46,366 ] 91 luthien5921 - INFO - Logged in finished
[ 2024-04-24 15:01:46,366 ] 91 luthien5921 - INFO - Logged in finished
[ 2024-04-24 15:01:46,366 ] 91 luthien5921 - INFO - Logged in finished
[ 2024-04-24 15:01:46,366 ] 91 luthien5921 - INFO - Logged in finished
[ 2024-04-24 15:01:46,366 ] 91 luthien5921 - INFO - Logged in finished
[ 2024-04-24 15:01:46,366 ] 91 luthien5921 - INFO - Logged in finished
[ 2024-04-24 15:01:46,366 ] 91 luthien5921 - INFO - Logged in finished
[ 2024-04-24 15:01:46,366 ] 91 luthien5921 - INFO - Logged in finished
[ 2024-04-24 15:01:46,625 ] 91 luthien5921 - INFO - On main page
[ 2024-04-24 15:01:46,625 ] 91 luthien5921 - INFO - On main page
[ 2024-04-24 15:01:46,625 ] 91 luthien5921 - INFO - On main page
[ 2024-04-24 15:01:46,625 ] 91 luthien5921 - INFO - On main page
[ 2024-04-24 15:01:46,625 ] 91 luthien5921 - INFO - On main page
[ 2024-04-24 15:01:46,625 ] 91 luthien5921 - INFO - On main page
[ 2024-04-24 15:01:46,625 ] 91 luthien5921 - INFO - On main page
[ 2024-04-24 15:01:46,625 ] 91 luthien5921 - INFO - On main page
[ 2024-04-24 15:01:46,625 ] 91 luthien5921 - INFO - On main page
[ 2024-04-24 15:01:46,625 ] 91 luthien5921 - INFO - On main page
[ 2024-04-24 15:01:46,625 ] 91 luthien5921 - INFO - On main page
[ 2024-04-24 15:01:46,625 ] 91 luthien5921 - INFO - On main page
[ 2024-04-24 15:01:48,433 ] 91 luthien5921 - INFO - Search submitted
[ 2024-04-24 15:01:48,433 ] 91 luthien5921 - INFO - Search submitted
[ 2024-04-24 15:01:48,433 ] 91 luthien5921 - INFO - Search submitted
[ 2024-04-24 15:01:48,433 ] 91 luthien5921 - INFO - Search submitted
[ 2024-04-24 15:01:48,433 ] 91 luthien5921 - INFO - Search submitted
[ 2024-04-24 15:01:48,433 ] 91 luthien5921 - INFO - Search submitted
[ 2024-04-24 15:01:48,433 ] 91 luthien5921 - INFO - Search submitted
[ 2024-04-24 15:01:48,433 ] 91 luthien5921 - INFO - Search submitted
[ 2024-04-24 15:01:48,433 ] 91 luthien5921 - INFO - Search submitted
[ 2024-04-24 15:01:48,433 ] 91 luthien5921 - INFO - Search submitted
[ 2024-04-24 15:01:48,433 ] 91 luthien5921 - INFO - Search submitted
[ 2024-04-24 15:01:48,433 ] 91 luthien5921 - INFO - Search submitted
[ 2024-04-24 15:01:48,452 ] 91 luthien5921 - INFO - Collected 2 forms
[ 2024-04-24 15:01:48,452 ] 91 luthien5921 - INFO - Collected 2 forms
[ 2024-04-24 15:01:48,452 ] 91 luthien5921 - INFO - Collected 2 forms
[ 2024-04-24 15:01:48,452 ] 91 luthien5921 - INFO - Collected 2 forms
[ 2024-04-24 15:01:48,452 ] 91 luthien5921 - INFO - Collected 2 forms
[ 2024-04-24 15:01:48,452 ] 91 luthien5921 - INFO - Collected 2 forms
[ 2024-04-24 15:01:48,452 ] 91 luthien5921 - INFO - Collected 2 forms
[ 2024-04-24 15:01:48,452 ] 91 luthien5921 - INFO - Collected 2 forms
[ 2024-04-24 15:01:48,452 ] 91 luthien5921 - INFO - Collected 2 forms
[ 2024-04-24 15:01:48,452 ] 91 luthien5921 - INFO - Collected 2 forms
[ 2024-04-24 15:01:48,452 ] 91 luthien5921 - INFO - Collected 2 forms
[ 2024-04-24 15:01:48,452 ] 91 luthien5921 - INFO - Collected 2 forms
[ 2024-04-24 15:01:58,209 ] 91 luthien5921 - INFO - Opened login page
[ 2024-04-24 15:01:58,209 ] 91 luthien5921 - INFO - Opened login page
[ 2024-04-24 15:01:58,209 ] 91 luthien5921 - INFO - Opened login page
[ 2024-04-24 15:01:58,209 ] 91 luthien5921 - INFO - Opened login page
[ 2024-04-24 15:01:58,209 ] 91 luthien5921 - INFO - Opened login page
[ 2024-04-24 15:01:58,209 ] 91 luthien5921 - INFO - Opened login page
[ 2024-04-24 15:01:58,209 ] 91 luthien5921 - INFO - Opened login page
[ 2024-04-24 15:01:58,209 ] 91 luthien5921 - INFO - Opened login page
[ 2024-04-24 15:01:58,209 ] 91 luthien5921 - INFO - Opened login page
[ 2024-04-24 15:01:58,209 ] 91 luthien5921 - INFO - Opened login page
[ 2024-04-24 15:01:58,209 ] 91 luthien5921 - INFO - Opened login page
[ 2024-04-24 15:01:58,209 ] 91 luthien5921 - INFO - Opened login page
[ 2024-04-24 15:01:58,209 ] 91 luthien5921 - INFO - Opened login page
[ 2024-04-24 15:01:58,209 ] 91 luthien5921 - INFO - Opened login page
[ 2024-04-24 15:01:58,209 ] 91 luthien5921 - INFO - Opened login page
[ 2024-04-24 15:02:01,914 ] 91 luthien5921 - INFO - Logging in
[ 2024-04-24 15:02:01,914 ] 91 luthien5921 - INFO - Logging in
[ 2024-04-24 15:02:01,914 ] 91 luthien5921 - INFO - Logging in
[ 2024-04-24 15:02:01,914 ] 91 luthien5921 - INFO - Logging in
[ 2024-04-24 15:02:01,914 ] 91 luthien5921 - INFO - Logging in
[ 2024-04-24 15:02:01,914 ] 91 luthien5921 - INFO - Logging in
[ 2024-04-24 15:02:01,914 ] 91 luthien5921 - INFO - Logging in
[ 2024-04-24 15:02:01,914 ] 91 luthien5921 - INFO - Logging in
[ 2024-04-24 15:02:01,914 ] 91 luthien5921 - INFO - Logging in
[ 2024-04-24 15:02:01,914 ] 91 luthien5921 - INFO - Logging in
[ 2024-04-24 15:02:01,914 ] 91 luthien5921 - INFO - Logging in
[ 2024-04-24 15:02:01,914 ] 91 luthien5921 - INFO - Logging in
[ 2024-04-24 15:02:01,914 ] 91 luthien5921 - INFO - Logging in
[ 2024-04-24 15:02:01,914 ] 91 luthien5921 - INFO - Logging in
[ 2024-04-24 15:02:01,914 ] 91 luthien5921 - INFO - Logging in
[ 2024-04-24 15:02:01,924 ] 91 luthien5921 - INFO - Current url: https://www.shinsei.e-aichi.jp/pref-aichi-police-u/offer/offerList_initDisplay
[ 2024-04-24 15:02:01,924 ] 91 luthien5921 - INFO - Current url: https://www.shinsei.e-aichi.jp/pref-aichi-police-u/offer/offerList_initDisplay
[ 2024-04-24 15:02:01,924 ] 91 luthien5921 - INFO - Current url: https://www.shinsei.e-aichi.jp/pref-aichi-police-u/offer/offerList_initDisplay
[ 2024-04-24 15:02:01,924 ] 91 luthien5921 - INFO - Current url: https://www.shinsei.e-aichi.jp/pref-aichi-police-u/offer/offerList_initDisplay
[ 2024-04-24 15:02:01,924 ] 91 luthien5921 - INFO - Current url: https://www.shinsei.e-aichi.jp/pref-aichi-police-u/offer/offerList_initDisplay
[ 2024-04-24 15:02:01,924 ] 91 luthien5921 - INFO - Current url: https://www.shinsei.e-aichi.jp/pref-aichi-police-u/offer/offerList_initDisplay
[ 2024-04-24 15:02:01,924 ] 91 luthien5921 - INFO - Current url: https://www.shinsei.e-aichi.jp/pref-aichi-police-u/offer/offerList_initDisplay
[ 2024-04-24 15:02:01,924 ] 91 luthien5921 - INFO - Current url: https://www.shinsei.e-aichi.jp/pref-aichi-police-u/offer/offerList_initDisplay
[ 2024-04-24 15:02:01,924 ] 91 luthien5921 - INFO - Current url: https://www.shinsei.e-aichi.jp/pref-aichi-police-u/offer/offerList_initDisplay
[ 2024-04-24 15:02:01,924 ] 91 luthien5921 - INFO - Current url: https://www.shinsei.e-aichi.jp/pref-aichi-police-u/offer/offerList_initDisplay
[ 2024-04-24 15:02:01,924 ] 91 luthien5921 - INFO - Current url: https://www.shinsei.e-aichi.jp/pref-aichi-police-u/offer/offerList_initDisplay
[ 2024-04-24 15:02:01,924 ] 91 luthien5921 - INFO - Current url: https://www.shinsei.e-aichi.jp/pref-aichi-police-u/offer/offerList_initDisplay
[ 2024-04-24 15:02:01,924 ] 91 luthien5921 - INFO - Current url: https://www.shinsei.e-aichi.jp/pref-aichi-police-u/offer/offerList_initDisplay
[ 2024-04-24 15:02:01,924 ] 91 luthien5921 - INFO - Current url: https://www.shinsei.e-aichi.jp/pref-aichi-police-u/offer/offerList_initDisplay
[ 2024-04-24 15:02:01,924 ] 91 luthien5921 - INFO - Current url: https://www.shinsei.e-aichi.jp/pref-aichi-police-u/offer/offerList_initDisplay
[ 2024-04-24 15:02:02,243 ] 91 luthien5921 - INFO - Logged in finished
[ 2024-04-24 15:02:02,243 ] 91 luthien5921 - INFO - Logged in finished
[ 2024-04-24 15:02:02,243 ] 91 luthien5921 - INFO - Logged in finished
[ 2024-04-24 15:02:02,243 ] 91 luthien5921 - INFO - Logged in finished
[ 2024-04-24 15:02:02,243 ] 91 luthien5921 - INFO - Logged in finished
[ 2024-04-24 15:02:02,243 ] 91 luthien5921 - INFO - Logged in finished
[ 2024-04-24 15:02:02,243 ] 91 luthien5921 - INFO - Logged in finished
[ 2024-04-24 15:02:02,243 ] 91 luthien5921 - INFO - Logged in finished
[ 2024-04-24 15:02:02,243 ] 91 luthien5921 - INFO - Logged in finished
[ 2024-04-24 15:02:02,243 ] 91 luthien5921 - INFO - Logged in finished
[ 2024-04-24 15:02:02,243 ] 91 luthien5921 - INFO - Logged in finished
[ 2024-04-24 15:02:02,243 ] 91 luthien5921 - INFO - Logged in finished
[ 2024-04-24 15:02:02,243 ] 91 luthien5921 - INFO - Logged in finished
[ 2024-04-24 15:02:02,243 ] 91 luthien5921 - INFO - Logged in finished
[ 2024-04-24 15:02:02,243 ] 91 luthien5921 - INFO - Logged in finished
[ 2024-04-24 15:02:02,673 ] 91 luthien5921 - INFO - On main page
[ 2024-04-24 15:02:02,673 ] 91 luthien5921 - INFO - On main page
[ 2024-04-24 15:02:02,673 ] 91 luthien5921 - INFO - On main page
[ 2024-04-24 15:02:02,673 ] 91 luthien5921 - INFO - On main page
[ 2024-04-24 15:02:02,673 ] 91 luthien5921 - INFO - On main page
[ 2024-04-24 15:02:02,673 ] 91 luthien5921 - INFO - On main page
[ 2024-04-24 15:02:02,673 ] 91 luthien5921 - INFO - On main page
[ 2024-04-24 15:02:02,673 ] 91 luthien5921 - INFO - On main page
[ 2024-04-24 15:02:02,673 ] 91 luthien5921 - INFO - On main page
[ 2024-04-24 15:02:02,673 ] 91 luthien5921 - INFO - On main page
[ 2024-04-24 15:02:02,673 ] 91 luthien5921 - INFO - On main page
[ 2024-04-24 15:02:02,673 ] 91 luthien5921 - INFO - On main page
[ 2024-04-24 15:02:02,673 ] 91 luthien5921 - INFO - On main page
[ 2024-04-24 15:02:02,673 ] 91 luthien5921 - INFO - On main page
[ 2024-04-24 15:02:02,673 ] 91 luthien5921 - INFO - On main page
[ 2024-04-24 15:02:04,874 ] 91 luthien5921 - INFO - Search submitted
[ 2024-04-24 15:02:04,874 ] 91 luthien5921 - INFO - Search submitted
[ 2024-04-24 15:02:04,874 ] 91 luthien5921 - INFO - Search submitted
[ 2024-04-24 15:02:04,874 ] 91 luthien5921 - INFO - Search submitted
[ 2024-04-24 15:02:04,874 ] 91 luthien5921 - INFO - Search submitted
[ 2024-04-24 15:02:04,874 ] 91 luthien5921 - INFO - Search submitted
[ 2024-04-24 15:02:04,874 ] 91 luthien5921 - INFO - Search submitted
[ 2024-04-24 15:02:04,874 ] 91 luthien5921 - INFO - Search submitted
[ 2024-04-24 15:02:04,874 ] 91 luthien5921 - INFO - Search submitted
[ 2024-04-24 15:02:04,874 ] 91 luthien5921 - INFO - Search submitted
[ 2024-04-24 15:02:04,874 ] 91 luthien5921 - INFO - Search submitted
[ 2024-04-24 15:02:04,874 ] 91 luthien5921 - INFO - Search submitted
[ 2024-04-24 15:02:04,874 ] 91 luthien5921 - INFO - Search submitted
[ 2024-04-24 15:02:04,874 ] 91 luthien5921 - INFO - Search submitted
[ 2024-04-24 15:02:04,874 ] 91 luthien5921 - INFO - Search submitted
[ 2024-04-24 15:02:04,910 ] 91 luthien5921 - INFO - Collected 2 forms
[ 2024-04-24 15:02:04,910 ] 91 luthien5921 - INFO - Collected 2 forms
[ 2024-04-24 15:02:04,910 ] 91 luthien5921 - INFO - Collected 2 forms
[ 2024-04-24 15:02:04,910 ] 91 luthien5921 - INFO - Collected 2 forms
[ 2024-04-24 15:02:04,910 ] 91 luthien5921 - INFO - Collected 2 forms
[ 2024-04-24 15:02:04,910 ] 91 luthien5921 - INFO - Collected 2 forms
[ 2024-04-24 15:02:04,910 ] 91 luthien5921 - INFO - Collected 2 forms
[ 2024-04-24 15:02:04,910 ] 91 luthien5921 - INFO - Collected 2 forms
[ 2024-04-24 15:02:04,910 ] 91 luthien5921 - INFO - Collected 2 forms
[ 2024-04-24 15:02:04,910 ] 91 luthien5921 - INFO - Collected 2 forms
[ 2024-04-24 15:02:04,910 ] 91 luthien5921 - INFO - Collected 2 forms
[ 2024-04-24 15:02:04,910 ] 91 luthien5921 - INFO - Collected 2 forms
[ 2024-04-24 15:02:04,910 ] 91 luthien5921 - INFO - Collected 2 forms
[ 2024-04-24 15:02:04,910 ] 91 luthien5921 - INFO - Collected 2 forms
[ 2024-04-24 15:02:04,910 ] 91 luthien5921 - INFO - Collected 2 forms
[ 2024-04-24 15:02:14,890 ] 91 luthien5921 - INFO - Opened login page
[ 2024-04-24 15:02:14,890 ] 91 luthien5921 - INFO - Opened login page
[ 2024-04-24 15:02:14,890 ] 91 luthien5921 - INFO - Opened login page
[ 2024-04-24 15:02:14,890 ] 91 luthien5921 - INFO - Opened login page
[ 2024-04-24 15:02:14,890 ] 91 luthien5921 - INFO - Opened login page
[ 2024-04-24 15:02:14,890 ] 91 luthien5921 - INFO - Opened login page
[ 2024-04-24 15:02:14,890 ] 91 luthien5921 - INFO - Opened login page
[ 2024-04-24 15:02:14,890 ] 91 luthien5921 - INFO - Opened login page
[ 2024-04-24 15:02:14,890 ] 91 luthien5921 - INFO - Opened login page
[ 2024-04-24 15:02:14,890 ] 91 luthien5921 - INFO - Opened login page
[ 2024-04-24 15:02:14,890 ] 91 luthien5921 - INFO - Opened login page
[ 2024-04-24 15:02:14,890 ] 91 luthien5921 - INFO - Opened login page
[ 2024-04-24 15:02:14,890 ] 91 luthien5921 - INFO - Opened login page
[ 2024-04-24 15:02:14,890 ] 91 luthien5921 - INFO - Opened login page
[ 2024-04-24 15:02:14,890 ] 91 luthien5921 - INFO - Opened login page
[ 2024-04-24 15:02:14,890 ] 91 luthien5921 - INFO - Opened login page
[ 2024-04-24 15:02:14,890 ] 91 luthien5921 - INFO - Opened login page
[ 2024-04-24 15:02:14,890 ] 91 luthien5921 - INFO - Opened login page
[ 2024-04-24 15:02:18,411 ] 91 luthien5921 - INFO - Logging in
[ 2024-04-24 15:02:18,411 ] 91 luthien5921 - INFO - Logging in
[ 2024-04-24 15:02:18,411 ] 91 luthien5921 - INFO - Logging in
[ 2024-04-24 15:02:18,411 ] 91 luthien5921 - INFO - Logging in
[ 2024-04-24 15:02:18,411 ] 91 luthien5921 - INFO - Logging in
[ 2024-04-24 15:02:18,411 ] 91 luthien5921 - INFO - Logging in
[ 2024-04-24 15:02:18,411 ] 91 luthien5921 - INFO - Logging in
[ 2024-04-24 15:02:18,411 ] 91 luthien5921 - INFO - Logging in
[ 2024-04-24 15:02:18,411 ] 91 luthien5921 - INFO - Logging in
[ 2024-04-24 15:02:18,411 ] 91 luthien5921 - INFO - Logging in
[ 2024-04-24 15:02:18,411 ] 91 luthien5921 - INFO - Logging in
[ 2024-04-24 15:02:18,411 ] 91 luthien5921 - INFO - Logging in
[ 2024-04-24 15:02:18,411 ] 91 luthien5921 - INFO - Logging in
[ 2024-04-24 15:02:18,411 ] 91 luthien5921 - INFO - Logging in
[ 2024-04-24 15:02:18,411 ] 91 luthien5921 - INFO - Logging in
[ 2024-04-24 15:02:18,411 ] 91 luthien5921 - INFO - Logging in
[ 2024-04-24 15:02:18,411 ] 91 luthien5921 - INFO - Logging in
[ 2024-04-24 15:02:18,411 ] 91 luthien5921 - INFO - Logging in
[ 2024-04-24 15:02:18,417 ] 91 luthien5921 - INFO - Current url: https://www.shinsei.e-aichi.jp/pref-aichi-police-u/offer/offerList_initDisplay
[ 2024-04-24 15:02:18,417 ] 91 luthien5921 - INFO - Current url: https://www.shinsei.e-aichi.jp/pref-aichi-police-u/offer/offerList_initDisplay
[ 2024-04-24 15:02:18,417 ] 91 luthien5921 - INFO - Current url: https://www.shinsei.e-aichi.jp/pref-aichi-police-u/offer/offerList_initDisplay
[ 2024-04-24 15:02:18,417 ] 91 luthien5921 - INFO - Current url: https://www.shinsei.e-aichi.jp/pref-aichi-police-u/offer/offerList_initDisplay
[ 2024-04-24 15:02:18,417 ] 91 luthien5921 - INFO - Current url: https://www.shinsei.e-aichi.jp/pref-aichi-police-u/offer/offerList_initDisplay
[ 2024-04-24 15:02:18,417 ] 91 luthien5921 - INFO - Current url: https://www.shinsei.e-aichi.jp/pref-aichi-police-u/offer/offerList_initDisplay
[ 2024-04-24 15:02:18,417 ] 91 luthien5921 - INFO - Current url: https://www.shinsei.e-aichi.jp/pref-aichi-police-u/offer/offerList_initDisplay
[ 2024-04-24 15:02:18,417 ] 91 luthien5921 - INFO - Current url: https://www.shinsei.e-aichi.jp/pref-aichi-police-u/offer/offerList_initDisplay
[ 2024-04-24 15:02:18,417 ] 91 luthien5921 - INFO - Current url: https://www.shinsei.e-aichi.jp/pref-aichi-police-u/offer/offerList_initDisplay
[ 2024-04-24 15:02:18,417 ] 91 luthien5921 - INFO - Current url: https://www.shinsei.e-aichi.jp/pref-aichi-police-u/offer/offerList_initDisplay
[ 2024-04-24 15:02:18,417 ] 91 luthien5921 - INFO - Current url: https://www.shinsei.e-aichi.jp/pref-aichi-police-u/offer/offerList_initDisplay
[ 2024-04-24 15:02:18,417 ] 91 luthien5921 - INFO - Current url: https://www.shinsei.e-aichi.jp/pref-aichi-police-u/offer/offerList_initDisplay
[ 2024-04-24 15:02:18,417 ] 91 luthien5921 - INFO - Current url: https://www.shinsei.e-aichi.jp/pref-aichi-police-u/offer/offerList_initDisplay
[ 2024-04-24 15:02:18,417 ] 91 luthien5921 - INFO - Current url: https://www.shinsei.e-aichi.jp/pref-aichi-police-u/offer/offerList_initDisplay
[ 2024-04-24 15:02:18,417 ] 91 luthien5921 - INFO - Current url: https://www.shinsei.e-aichi.jp/pref-aichi-police-u/offer/offerList_initDisplay
[ 2024-04-24 15:02:18,417 ] 91 luthien5921 - INFO - Current url: https://www.shinsei.e-aichi.jp/pref-aichi-police-u/offer/offerList_initDisplay
[ 2024-04-24 15:02:18,417 ] 91 luthien5921 - INFO - Current url: https://www.shinsei.e-aichi.jp/pref-aichi-police-u/offer/offerList_initDisplay
[ 2024-04-24 15:02:18,417 ] 91 luthien5921 - INFO - Current url: https://www.shinsei.e-aichi.jp/pref-aichi-police-u/offer/offerList_initDisplay
[ 2024-04-24 15:02:18,731 ] 91 luthien5921 - INFO - Logged in finished
[ 2024-04-24 15:02:18,731 ] 91 luthien5921 - INFO - Logged in finished
[ 2024-04-24 15:02:18,731 ] 91 luthien5921 - INFO - Logged in finished
[ 2024-04-24 15:02:18,731 ] 91 luthien5921 - INFO - Logged in finished
[ 2024-04-24 15:02:18,731 ] 91 luthien5921 - INFO - Logged in finished
[ 2024-04-24 15:02:18,731 ] 91 luthien5921 - INFO - Logged in finished
[ 2024-04-24 15:02:18,731 ] 91 luthien5921 - INFO - Logged in finished
[ 2024-04-24 15:02:18,731 ] 91 luthien5921 - INFO - Logged in finished
[ 2024-04-24 15:02:18,731 ] 91 luthien5921 - INFO - Logged in finished
[ 2024-04-24 15:02:18,731 ] 91 luthien5921 - INFO - Logged in finished
[ 2024-04-24 15:02:18,731 ] 91 luthien5921 - INFO - Logged in finished
[ 2024-04-24 15:02:18,731 ] 91 luthien5921 - INFO - Logged in finished
[ 2024-04-24 15:02:18,731 ] 91 luthien5921 - INFO - Logged in finished
[ 2024-04-24 15:02:18,731 ] 91 luthien5921 - INFO - Logged in finished
[ 2024-04-24 15:02:18,731 ] 91 luthien5921 - INFO - Logged in finished
[ 2024-04-24 15:02:18,731 ] 91 luthien5921 - INFO - Logged in finished
[ 2024-04-24 15:02:18,731 ] 91 luthien5921 - INFO - Logged in finished
[ 2024-04-24 15:02:18,731 ] 91 luthien5921 - INFO - Logged in finished
[ 2024-04-24 15:02:18,973 ] 91 luthien5921 - INFO - On main page
[ 2024-04-24 15:02:18,973 ] 91 luthien5921 - INFO - On main page
[ 2024-04-24 15:02:18,973 ] 91 luthien5921 - INFO - On main page
[ 2024-04-24 15:02:18,973 ] 91 luthien5921 - INFO - On main page
[ 2024-04-24 15:02:18,973 ] 91 luthien5921 - INFO - On main page
[ 2024-04-24 15:02:18,973 ] 91 luthien5921 - INFO - On main page
[ 2024-04-24 15:02:18,973 ] 91 luthien5921 - INFO - On main page
[ 2024-04-24 15:02:18,973 ] 91 luthien5921 - INFO - On main page
[ 2024-04-24 15:02:18,973 ] 91 luthien5921 - INFO - On main page
[ 2024-04-24 15:02:18,973 ] 91 luthien5921 - INFO - On main page
[ 2024-04-24 15:02:18,973 ] 91 luthien5921 - INFO - On main page
[ 2024-04-24 15:02:18,973 ] 91 luthien5921 - INFO - On main page
[ 2024-04-24 15:02:18,973 ] 91 luthien5921 - INFO - On main page
[ 2024-04-24 15:02:18,973 ] 91 luthien5921 - INFO - On main page
[ 2024-04-24 15:02:18,973 ] 91 luthien5921 - INFO - On main page
[ 2024-04-24 15:02:18,973 ] 91 luthien5921 - INFO - On main page
[ 2024-04-24 15:02:18,973 ] 91 luthien5921 - INFO - On main page
[ 2024-04-24 15:02:18,973 ] 91 luthien5921 - INFO - On main page
[ 2024-04-24 15:02:20,281 ] 91 luthien5921 - INFO - Search submitted
[ 2024-04-24 15:02:20,281 ] 91 luthien5921 - INFO - Search submitted
[ 2024-04-24 15:02:20,281 ] 91 luthien5921 - INFO - Search submitted
[ 2024-04-24 15:02:20,281 ] 91 luthien5921 - INFO - Search submitted
[ 2024-04-24 15:02:20,281 ] 91 luthien5921 - INFO - Search submitted
[ 2024-04-24 15:02:20,281 ] 91 luthien5921 - INFO - Search submitted
[ 2024-04-24 15:02:20,281 ] 91 luthien5921 - INFO - Search submitted
[ 2024-04-24 15:02:20,281 ] 91 luthien5921 - INFO - Search submitted
[ 2024-04-24 15:02:20,281 ] 91 luthien5921 - INFO - Search submitted
[ 2024-04-24 15:02:20,281 ] 91 luthien5921 - INFO - Search submitted
[ 2024-04-24 15:02:20,281 ] 91 luthien5921 - INFO - Search submitted
[ 2024-04-24 15:02:20,281 ] 91 luthien5921 - INFO - Search submitted
[ 2024-04-24 15:02:20,281 ] 91 luthien5921 - INFO - Search submitted
[ 2024-04-24 15:02:20,281 ] 91 luthien5921 - INFO - Search submitted
[ 2024-04-24 15:02:20,281 ] 91 luthien5921 - INFO - Search submitted
[ 2024-04-24 15:02:20,281 ] 91 luthien5921 - INFO - Search submitted
[ 2024-04-24 15:02:20,281 ] 91 luthien5921 - INFO - Search submitted
[ 2024-04-24 15:02:20,281 ] 91 luthien5921 - INFO - Search submitted
[ 2024-04-24 15:02:20,306 ] 91 luthien5921 - INFO - Collected 2 forms
[ 2024-04-24 15:02:20,306 ] 91 luthien5921 - INFO - Collected 2 forms
[ 2024-04-24 15:02:20,306 ] 91 luthien5921 - INFO - Collected 2 forms
[ 2024-04-24 15:02:20,306 ] 91 luthien5921 - INFO - Collected 2 forms
[ 2024-04-24 15:02:20,306 ] 91 luthien5921 - INFO - Collected 2 forms
[ 2024-04-24 15:02:20,306 ] 91 luthien5921 - INFO - Collected 2 forms
[ 2024-04-24 15:02:20,306 ] 91 luthien5921 - INFO - Collected 2 forms
[ 2024-04-24 15:02:20,306 ] 91 luthien5921 - INFO - Collected 2 forms
[ 2024-04-24 15:02:20,306 ] 91 luthien5921 - INFO - Collected 2 forms
[ 2024-04-24 15:02:20,306 ] 91 luthien5921 - INFO - Collected 2 forms
[ 2024-04-24 15:02:20,306 ] 91 luthien5921 - INFO - Collected 2 forms
[ 2024-04-24 15:02:20,306 ] 91 luthien5921 - INFO - Collected 2 forms
[ 2024-04-24 15:02:20,306 ] 91 luthien5921 - INFO - Collected 2 forms
[ 2024-04-24 15:02:20,306 ] 91 luthien5921 - INFO - Collected 2 forms
[ 2024-04-24 15:02:20,306 ] 91 luthien5921 - INFO - Collected 2 forms
[ 2024-04-24 15:02:20,306 ] 91 luthien5921 - INFO - Collected 2 forms
[ 2024-04-24 15:02:20,306 ] 91 luthien5921 - INFO - Collected 2 forms
[ 2024-04-24 15:02:20,306 ] 91 luthien5921 - INFO - Collected 2 forms
