[ 2024-04-16 14:35:02,725 ] 94 Nickpown0411 - INFO - Opened login page
[ 2024-04-16 14:35:02,725 ] 94 Nickpown0411 - INFO - Opened login page
[ 2024-04-16 14:35:02,725 ] 94 Nickpown0411 - INFO - Opened login page
[ 2024-04-16 14:35:18,301 ] 94 Nickpown0411 - INFO - Opened login page
[ 2024-04-16 14:35:18,301 ] 94 Nickpown0411 - INFO - Opened login page
[ 2024-04-16 14:35:18,301 ] 94 Nickpown0411 - INFO - Opened login page
[ 2024-04-16 14:35:18,301 ] 94 Nickpown0411 - INFO - Opened login page
[ 2024-04-16 14:35:18,301 ] 94 Nickpown0411 - INFO - Opened login page
[ 2024-04-16 14:35:18,301 ] 94 Nickpown0411 - INFO - Opened login page
[ 2024-04-16 14:35:22,660 ] 94 Nickpown0411 - INFO - Logging in
[ 2024-04-16 14:35:22,660 ] 94 Nickpown0411 - INFO - Logging in
[ 2024-04-16 14:35:22,660 ] 94 Nickpown0411 - INFO - Logging in
[ 2024-04-16 14:35:22,660 ] 94 Nickpown0411 - INFO - Logging in
[ 2024-04-16 14:35:22,660 ] 94 Nickpown0411 - INFO - Logging in
[ 2024-04-16 14:35:22,660 ] 94 Nickpown0411 - INFO - Logging in
[ 2024-04-16 14:35:22,668 ] 94 Nickpown0411 - INFO - Current url: https://www.shinsei.e-aichi.jp/pref-aichi-police-u/offer/offerList_initDisplay
[ 2024-04-16 14:35:22,668 ] 94 Nickpown0411 - INFO - Current url: https://www.shinsei.e-aichi.jp/pref-aichi-police-u/offer/offerList_initDisplay
[ 2024-04-16 14:35:22,668 ] 94 Nickpown0411 - INFO - Current url: https://www.shinsei.e-aichi.jp/pref-aichi-police-u/offer/offerList_initDisplay
[ 2024-04-16 14:35:22,668 ] 94 Nickpown0411 - INFO - Current url: https://www.shinsei.e-aichi.jp/pref-aichi-police-u/offer/offerList_initDisplay
[ 2024-04-16 14:35:22,668 ] 94 Nickpown0411 - INFO - Current url: https://www.shinsei.e-aichi.jp/pref-aichi-police-u/offer/offerList_initDisplay
[ 2024-04-16 14:35:22,668 ] 94 Nickpown0411 - INFO - Current url: https://www.shinsei.e-aichi.jp/pref-aichi-police-u/offer/offerList_initDisplay
[ 2024-04-16 14:35:22,986 ] 94 Nickpown0411 - INFO - Logged in finished
[ 2024-04-16 14:35:22,986 ] 94 Nickpown0411 - INFO - Logged in finished
[ 2024-04-16 14:35:22,986 ] 94 Nickpown0411 - INFO - Logged in finished
[ 2024-04-16 14:35:22,986 ] 94 Nickpown0411 - INFO - Logged in finished
[ 2024-04-16 14:35:22,986 ] 94 Nickpown0411 - INFO - Logged in finished
[ 2024-04-16 14:35:22,986 ] 94 Nickpown0411 - INFO - Logged in finished
[ 2024-04-16 14:35:23,248 ] 94 Nickpown0411 - INFO - On main page
[ 2024-04-16 14:35:23,248 ] 94 Nickpown0411 - INFO - On main page
[ 2024-04-16 14:35:23,248 ] 94 Nickpown0411 - INFO - On main page
[ 2024-04-16 14:35:23,248 ] 94 Nickpown0411 - INFO - On main page
[ 2024-04-16 14:35:23,248 ] 94 Nickpown0411 - INFO - On main page
[ 2024-04-16 14:35:23,248 ] 94 Nickpown0411 - INFO - On main page
[ 2024-04-16 14:35:25,178 ] 94 Nickpown0411 - INFO - Search submitted
[ 2024-04-16 14:35:25,178 ] 94 Nickpown0411 - INFO - Search submitted
[ 2024-04-16 14:35:25,178 ] 94 Nickpown0411 - INFO - Search submitted
[ 2024-04-16 14:35:25,178 ] 94 Nickpown0411 - INFO - Search submitted
[ 2024-04-16 14:35:25,178 ] 94 Nickpown0411 - INFO - Search submitted
[ 2024-04-16 14:35:25,178 ] 94 Nickpown0411 - INFO - Search submitted
[ 2024-04-16 14:35:25,204 ] 94 Nickpown0411 - INFO - Collected 20 forms
[ 2024-04-16 14:35:25,204 ] 94 Nickpown0411 - INFO - Collected 20 forms
[ 2024-04-16 14:35:25,204 ] 94 Nickpown0411 - INFO - Collected 20 forms
[ 2024-04-16 14:35:25,204 ] 94 Nickpown0411 - INFO - Collected 20 forms
[ 2024-04-16 14:35:25,204 ] 94 Nickpown0411 - INFO - Collected 20 forms
[ 2024-04-16 14:35:25,204 ] 94 Nickpown0411 - INFO - Collected 20 forms
[ 2024-04-16 14:35:25,275 ] 94 Nickpown0411 - INFO - Parsed data: title: ＜05月02日(木) 08:45～09:30＞[平針]外国免許切替審査 Hirabari Exchanging Foreign Driver's License, status: None, start_date: 2024年04月18日 07時30分, end_date: 2024年04月30日 12時00分, template_seq: 96126
[ 2024-04-16 14:35:25,275 ] 94 Nickpown0411 - INFO - Parsed data: title: ＜05月02日(木) 08:45～09:30＞[平針]外国免許切替審査 Hirabari Exchanging Foreign Driver's License, status: None, start_date: 2024年04月18日 07時30分, end_date: 2024年04月30日 12時00分, template_seq: 96126
[ 2024-04-16 14:35:25,275 ] 94 Nickpown0411 - INFO - Parsed data: title: ＜05月02日(木) 08:45～09:30＞[平針]外国免許切替審査 Hirabari Exchanging Foreign Driver's License, status: None, start_date: 2024年04月18日 07時30分, end_date: 2024年04月30日 12時00分, template_seq: 96126
[ 2024-04-16 14:35:25,275 ] 94 Nickpown0411 - INFO - Parsed data: title: ＜05月02日(木) 08:45～09:30＞[平針]外国免許切替審査 Hirabari Exchanging Foreign Driver's License, status: None, start_date: 2024年04月18日 07時30分, end_date: 2024年04月30日 12時00分, template_seq: 96126
[ 2024-04-16 14:35:25,275 ] 94 Nickpown0411 - INFO - Parsed data: title: ＜05月02日(木) 08:45～09:30＞[平針]外国免許切替審査 Hirabari Exchanging Foreign Driver's License, status: None, start_date: 2024年04月18日 07時30分, end_date: 2024年04月30日 12時00分, template_seq: 96126
[ 2024-04-16 14:35:25,275 ] 94 Nickpown0411 - INFO - Parsed data: title: ＜05月02日(木) 08:45～09:30＞[平針]外国免許切替審査 Hirabari Exchanging Foreign Driver's License, status: None, start_date: 2024年04月18日 07時30分, end_date: 2024年04月30日 12時00分, template_seq: 96126
[ 2024-04-16 14:35:25,324 ] 94 Nickpown0411 - INFO - Parsed data: title: ＜05月02日(木) 09:30～10:30＞[平針]外国免許切替審査 Hirabari Exchanging Foreign Driver's License, status: None, start_date: 2024年04月18日 07時30分, end_date: 2024年04月30日 12時00分, template_seq: 96127
[ 2024-04-16 14:35:25,324 ] 94 Nickpown0411 - INFO - Parsed data: title: ＜05月02日(木) 09:30～10:30＞[平針]外国免許切替審査 Hirabari Exchanging Foreign Driver's License, status: None, start_date: 2024年04月18日 07時30分, end_date: 2024年04月30日 12時00分, template_seq: 96127
[ 2024-04-16 14:35:25,324 ] 94 Nickpown0411 - INFO - Parsed data: title: ＜05月02日(木) 09:30～10:30＞[平針]外国免許切替審査 Hirabari Exchanging Foreign Driver's License, status: None, start_date: 2024年04月18日 07時30分, end_date: 2024年04月30日 12時00分, template_seq: 96127
[ 2024-04-16 14:35:25,324 ] 94 Nickpown0411 - INFO - Parsed data: title: ＜05月02日(木) 09:30～10:30＞[平針]外国免許切替審査 Hirabari Exchanging Foreign Driver's License, status: None, start_date: 2024年04月18日 07時30分, end_date: 2024年04月30日 12時00分, template_seq: 96127
[ 2024-04-16 14:35:25,324 ] 94 Nickpown0411 - INFO - Parsed data: title: ＜05月02日(木) 09:30～10:30＞[平針]外国免許切替審査 Hirabari Exchanging Foreign Driver's License, status: None, start_date: 2024年04月18日 07時30分, end_date: 2024年04月30日 12時00分, template_seq: 96127
[ 2024-04-16 14:35:25,324 ] 94 Nickpown0411 - INFO - Parsed data: title: ＜05月02日(木) 09:30～10:30＞[平針]外国免許切替審査 Hirabari Exchanging Foreign Driver's License, status: None, start_date: 2024年04月18日 07時30分, end_date: 2024年04月30日 12時00分, template_seq: 96127
[ 2024-04-16 14:35:25,393 ] 94 Nickpown0411 - INFO - Parsed data: title: ＜05月02日(木) 10:30～11:45＞[平針]外国免許切替審査 Hirabari Exchanging Foreign Driver's License, status: None, start_date: 2024年04月18日 07時30分, end_date: 2024年04月30日 12時00分, template_seq: 96128
[ 2024-04-16 14:35:25,393 ] 94 Nickpown0411 - INFO - Parsed data: title: ＜05月02日(木) 10:30～11:45＞[平針]外国免許切替審査 Hirabari Exchanging Foreign Driver's License, status: None, start_date: 2024年04月18日 07時30分, end_date: 2024年04月30日 12時00分, template_seq: 96128
[ 2024-04-16 14:35:25,393 ] 94 Nickpown0411 - INFO - Parsed data: title: ＜05月02日(木) 10:30～11:45＞[平針]外国免許切替審査 Hirabari Exchanging Foreign Driver's License, status: None, start_date: 2024年04月18日 07時30分, end_date: 2024年04月30日 12時00分, template_seq: 96128
[ 2024-04-16 14:35:25,393 ] 94 Nickpown0411 - INFO - Parsed data: title: ＜05月02日(木) 10:30～11:45＞[平針]外国免許切替審査 Hirabari Exchanging Foreign Driver's License, status: None, start_date: 2024年04月18日 07時30分, end_date: 2024年04月30日 12時00分, template_seq: 96128
[ 2024-04-16 14:35:25,393 ] 94 Nickpown0411 - INFO - Parsed data: title: ＜05月02日(木) 10:30～11:45＞[平針]外国免許切替審査 Hirabari Exchanging Foreign Driver's License, status: None, start_date: 2024年04月18日 07時30分, end_date: 2024年04月30日 12時00分, template_seq: 96128
[ 2024-04-16 14:35:25,393 ] 94 Nickpown0411 - INFO - Parsed data: title: ＜05月02日(木) 10:30～11:45＞[平針]外国免許切替審査 Hirabari Exchanging Foreign Driver's License, status: None, start_date: 2024年04月18日 07時30分, end_date: 2024年04月30日 12時00分, template_seq: 96128
[ 2024-04-16 14:35:25,501 ] 94 Nickpown0411 - INFO - Parsed data: title: ＜05月02日(木) 12:45～13:30＞[平針]外国免許切替審査 Hirabari Exchanging Foreign Driver's License, status: None, start_date: 2024年04月18日 07時30分, end_date: 2024年04月30日 12時00分, template_seq: 96129
[ 2024-04-16 14:35:25,501 ] 94 Nickpown0411 - INFO - Parsed data: title: ＜05月02日(木) 12:45～13:30＞[平針]外国免許切替審査 Hirabari Exchanging Foreign Driver's License, status: None, start_date: 2024年04月18日 07時30分, end_date: 2024年04月30日 12時00分, template_seq: 96129
[ 2024-04-16 14:35:25,501 ] 94 Nickpown0411 - INFO - Parsed data: title: ＜05月02日(木) 12:45～13:30＞[平針]外国免許切替審査 Hirabari Exchanging Foreign Driver's License, status: None, start_date: 2024年04月18日 07時30分, end_date: 2024年04月30日 12時00分, template_seq: 96129
[ 2024-04-16 14:35:25,501 ] 94 Nickpown0411 - INFO - Parsed data: title: ＜05月02日(木) 12:45～13:30＞[平針]外国免許切替審査 Hirabari Exchanging Foreign Driver's License, status: None, start_date: 2024年04月18日 07時30分, end_date: 2024年04月30日 12時00分, template_seq: 96129
[ 2024-04-16 14:35:25,501 ] 94 Nickpown0411 - INFO - Parsed data: title: ＜05月02日(木) 12:45～13:30＞[平針]外国免許切替審査 Hirabari Exchanging Foreign Driver's License, status: None, start_date: 2024年04月18日 07時30分, end_date: 2024年04月30日 12時00分, template_seq: 96129
[ 2024-04-16 14:35:25,501 ] 94 Nickpown0411 - INFO - Parsed data: title: ＜05月02日(木) 12:45～13:30＞[平針]外国免許切替審査 Hirabari Exchanging Foreign Driver's License, status: None, start_date: 2024年04月18日 07時30分, end_date: 2024年04月30日 12時00分, template_seq: 96129
[ 2024-04-16 14:35:25,581 ] 94 Nickpown0411 - INFO - Parsed data: title: ＜05月02日(木) 13:30～14:45＞[平針]外国免許切替審査 Hirabari Exchanging Foreign Driver's License, status: None, start_date: 2024年04月18日 07時30分, end_date: 2024年04月30日 12時00分, template_seq: 96130
[ 2024-04-16 14:35:25,581 ] 94 Nickpown0411 - INFO - Parsed data: title: ＜05月02日(木) 13:30～14:45＞[平針]外国免許切替審査 Hirabari Exchanging Foreign Driver's License, status: None, start_date: 2024年04月18日 07時30分, end_date: 2024年04月30日 12時00分, template_seq: 96130
[ 2024-04-16 14:35:25,581 ] 94 Nickpown0411 - INFO - Parsed data: title: ＜05月02日(木) 13:30～14:45＞[平針]外国免許切替審査 Hirabari Exchanging Foreign Driver's License, status: None, start_date: 2024年04月18日 07時30分, end_date: 2024年04月30日 12時00分, template_seq: 96130
[ 2024-04-16 14:35:25,581 ] 94 Nickpown0411 - INFO - Parsed data: title: ＜05月02日(木) 13:30～14:45＞[平針]外国免許切替審査 Hirabari Exchanging Foreign Driver's License, status: None, start_date: 2024年04月18日 07時30分, end_date: 2024年04月30日 12時00分, template_seq: 96130
[ 2024-04-16 14:35:25,581 ] 94 Nickpown0411 - INFO - Parsed data: title: ＜05月02日(木) 13:30～14:45＞[平針]外国免許切替審査 Hirabari Exchanging Foreign Driver's License, status: None, start_date: 2024年04月18日 07時30分, end_date: 2024年04月30日 12時00分, template_seq: 96130
[ 2024-04-16 14:35:25,581 ] 94 Nickpown0411 - INFO - Parsed data: title: ＜05月02日(木) 13:30～14:45＞[平針]外国免許切替審査 Hirabari Exchanging Foreign Driver's License, status: None, start_date: 2024年04月18日 07時30分, end_date: 2024年04月30日 12時00分, template_seq: 96130
[ 2024-04-16 14:35:25,678 ] 94 Nickpown0411 - INFO - Parsed data: title: ＜05月01日(水) 08:45～09:30＞[平針]外国免許切替審査 Hirabari Exchanging Foreign Driver's License, status: None, start_date: 2024年04月17日 07時30分, end_date: 2024年04月26日 12時00分, template_seq: 96088
[ 2024-04-16 14:35:25,678 ] 94 Nickpown0411 - INFO - Parsed data: title: ＜05月01日(水) 08:45～09:30＞[平針]外国免許切替審査 Hirabari Exchanging Foreign Driver's License, status: None, start_date: 2024年04月17日 07時30分, end_date: 2024年04月26日 12時00分, template_seq: 96088
[ 2024-04-16 14:35:25,678 ] 94 Nickpown0411 - INFO - Parsed data: title: ＜05月01日(水) 08:45～09:30＞[平針]外国免許切替審査 Hirabari Exchanging Foreign Driver's License, status: None, start_date: 2024年04月17日 07時30分, end_date: 2024年04月26日 12時00分, template_seq: 96088
[ 2024-04-16 14:35:25,678 ] 94 Nickpown0411 - INFO - Parsed data: title: ＜05月01日(水) 08:45～09:30＞[平針]外国免許切替審査 Hirabari Exchanging Foreign Driver's License, status: None, start_date: 2024年04月17日 07時30分, end_date: 2024年04月26日 12時00分, template_seq: 96088
[ 2024-04-16 14:35:25,678 ] 94 Nickpown0411 - INFO - Parsed data: title: ＜05月01日(水) 08:45～09:30＞[平針]外国免許切替審査 Hirabari Exchanging Foreign Driver's License, status: None, start_date: 2024年04月17日 07時30分, end_date: 2024年04月26日 12時00分, template_seq: 96088
[ 2024-04-16 14:35:25,678 ] 94 Nickpown0411 - INFO - Parsed data: title: ＜05月01日(水) 08:45～09:30＞[平針]外国免許切替審査 Hirabari Exchanging Foreign Driver's License, status: None, start_date: 2024年04月17日 07時30分, end_date: 2024年04月26日 12時00分, template_seq: 96088
[ 2024-04-16 14:35:25,771 ] 94 Nickpown0411 - INFO - Parsed data: title: ＜05月01日(水) 09:30～10:30＞[平針]外国免許切替審査 Hirabari Exchanging Foreign Driver's License, status: None, start_date: 2024年04月17日 07時30分, end_date: 2024年04月26日 12時00分, template_seq: 96089
[ 2024-04-16 14:35:25,771 ] 94 Nickpown0411 - INFO - Parsed data: title: ＜05月01日(水) 09:30～10:30＞[平針]外国免許切替審査 Hirabari Exchanging Foreign Driver's License, status: None, start_date: 2024年04月17日 07時30分, end_date: 2024年04月26日 12時00分, template_seq: 96089
[ 2024-04-16 14:35:25,771 ] 94 Nickpown0411 - INFO - Parsed data: title: ＜05月01日(水) 09:30～10:30＞[平針]外国免許切替審査 Hirabari Exchanging Foreign Driver's License, status: None, start_date: 2024年04月17日 07時30分, end_date: 2024年04月26日 12時00分, template_seq: 96089
[ 2024-04-16 14:35:25,771 ] 94 Nickpown0411 - INFO - Parsed data: title: ＜05月01日(水) 09:30～10:30＞[平針]外国免許切替審査 Hirabari Exchanging Foreign Driver's License, status: None, start_date: 2024年04月17日 07時30分, end_date: 2024年04月26日 12時00分, template_seq: 96089
[ 2024-04-16 14:35:25,771 ] 94 Nickpown0411 - INFO - Parsed data: title: ＜05月01日(水) 09:30～10:30＞[平針]外国免許切替審査 Hirabari Exchanging Foreign Driver's License, status: None, start_date: 2024年04月17日 07時30分, end_date: 2024年04月26日 12時00分, template_seq: 96089
[ 2024-04-16 14:35:25,771 ] 94 Nickpown0411 - INFO - Parsed data: title: ＜05月01日(水) 09:30～10:30＞[平針]外国免許切替審査 Hirabari Exchanging Foreign Driver's License, status: None, start_date: 2024年04月17日 07時30分, end_date: 2024年04月26日 12時00分, template_seq: 96089
[ 2024-04-16 14:35:25,835 ] 94 Nickpown0411 - INFO - Parsed data: title: ＜05月01日(水) 10:30～11:45＞[平針]外国免許切替審査 Hirabari Exchanging Foreign Driver's License, status: None, start_date: 2024年04月17日 07時30分, end_date: 2024年04月26日 12時00分, template_seq: 96090
[ 2024-04-16 14:35:25,835 ] 94 Nickpown0411 - INFO - Parsed data: title: ＜05月01日(水) 10:30～11:45＞[平針]外国免許切替審査 Hirabari Exchanging Foreign Driver's License, status: None, start_date: 2024年04月17日 07時30分, end_date: 2024年04月26日 12時00分, template_seq: 96090
[ 2024-04-16 14:35:25,835 ] 94 Nickpown0411 - INFO - Parsed data: title: ＜05月01日(水) 10:30～11:45＞[平針]外国免許切替審査 Hirabari Exchanging Foreign Driver's License, status: None, start_date: 2024年04月17日 07時30分, end_date: 2024年04月26日 12時00分, template_seq: 96090
[ 2024-04-16 14:35:25,835 ] 94 Nickpown0411 - INFO - Parsed data: title: ＜05月01日(水) 10:30～11:45＞[平針]外国免許切替審査 Hirabari Exchanging Foreign Driver's License, status: None, start_date: 2024年04月17日 07時30分, end_date: 2024年04月26日 12時00分, template_seq: 96090
[ 2024-04-16 14:35:25,835 ] 94 Nickpown0411 - INFO - Parsed data: title: ＜05月01日(水) 10:30～11:45＞[平針]外国免許切替審査 Hirabari Exchanging Foreign Driver's License, status: None, start_date: 2024年04月17日 07時30分, end_date: 2024年04月26日 12時00分, template_seq: 96090
[ 2024-04-16 14:35:25,835 ] 94 Nickpown0411 - INFO - Parsed data: title: ＜05月01日(水) 10:30～11:45＞[平針]外国免許切替審査 Hirabari Exchanging Foreign Driver's License, status: None, start_date: 2024年04月17日 07時30分, end_date: 2024年04月26日 12時00分, template_seq: 96090
[ 2024-04-16 14:35:25,900 ] 94 Nickpown0411 - INFO - Parsed data: title: ＜05月01日(水) 12:45～13:30＞[平針]外国免許切替審査 Hirabari Exchanging Foreign Driver's License, status: None, start_date: 2024年04月17日 07時30分, end_date: 2024年04月26日 12時00分, template_seq: 96091
[ 2024-04-16 14:35:25,900 ] 94 Nickpown0411 - INFO - Parsed data: title: ＜05月01日(水) 12:45～13:30＞[平針]外国免許切替審査 Hirabari Exchanging Foreign Driver's License, status: None, start_date: 2024年04月17日 07時30分, end_date: 2024年04月26日 12時00分, template_seq: 96091
[ 2024-04-16 14:35:25,900 ] 94 Nickpown0411 - INFO - Parsed data: title: ＜05月01日(水) 12:45～13:30＞[平針]外国免許切替審査 Hirabari Exchanging Foreign Driver's License, status: None, start_date: 2024年04月17日 07時30分, end_date: 2024年04月26日 12時00分, template_seq: 96091
[ 2024-04-16 14:35:25,900 ] 94 Nickpown0411 - INFO - Parsed data: title: ＜05月01日(水) 12:45～13:30＞[平針]外国免許切替審査 Hirabari Exchanging Foreign Driver's License, status: None, start_date: 2024年04月17日 07時30分, end_date: 2024年04月26日 12時00分, template_seq: 96091
[ 2024-04-16 14:35:25,900 ] 94 Nickpown0411 - INFO - Parsed data: title: ＜05月01日(水) 12:45～13:30＞[平針]外国免許切替審査 Hirabari Exchanging Foreign Driver's License, status: None, start_date: 2024年04月17日 07時30分, end_date: 2024年04月26日 12時00分, template_seq: 96091
[ 2024-04-16 14:35:25,900 ] 94 Nickpown0411 - INFO - Parsed data: title: ＜05月01日(水) 12:45～13:30＞[平針]外国免許切替審査 Hirabari Exchanging Foreign Driver's License, status: None, start_date: 2024年04月17日 07時30分, end_date: 2024年04月26日 12時00分, template_seq: 96091
[ 2024-04-16 14:35:25,955 ] 94 Nickpown0411 - INFO - Parsed data: title: ＜05月01日(水) 13:30～14:45＞[平針]外国免許切替審査 Hirabari Exchanging Foreign Driver's License, status: None, start_date: 2024年04月17日 07時30分, end_date: 2024年04月26日 12時00分, template_seq: 96093
[ 2024-04-16 14:35:25,955 ] 94 Nickpown0411 - INFO - Parsed data: title: ＜05月01日(水) 13:30～14:45＞[平針]外国免許切替審査 Hirabari Exchanging Foreign Driver's License, status: None, start_date: 2024年04月17日 07時30分, end_date: 2024年04月26日 12時00分, template_seq: 96093
[ 2024-04-16 14:35:25,955 ] 94 Nickpown0411 - INFO - Parsed data: title: ＜05月01日(水) 13:30～14:45＞[平針]外国免許切替審査 Hirabari Exchanging Foreign Driver's License, status: None, start_date: 2024年04月17日 07時30分, end_date: 2024年04月26日 12時00分, template_seq: 96093
[ 2024-04-16 14:35:25,955 ] 94 Nickpown0411 - INFO - Parsed data: title: ＜05月01日(水) 13:30～14:45＞[平針]外国免許切替審査 Hirabari Exchanging Foreign Driver's License, status: None, start_date: 2024年04月17日 07時30分, end_date: 2024年04月26日 12時00分, template_seq: 96093
[ 2024-04-16 14:35:25,955 ] 94 Nickpown0411 - INFO - Parsed data: title: ＜05月01日(水) 13:30～14:45＞[平針]外国免許切替審査 Hirabari Exchanging Foreign Driver's License, status: None, start_date: 2024年04月17日 07時30分, end_date: 2024年04月26日 12時00分, template_seq: 96093
[ 2024-04-16 14:35:25,955 ] 94 Nickpown0411 - INFO - Parsed data: title: ＜05月01日(水) 13:30～14:45＞[平針]外国免許切替審査 Hirabari Exchanging Foreign Driver's License, status: None, start_date: 2024年04月17日 07時30分, end_date: 2024年04月26日 12時00分, template_seq: 96093
[ 2024-04-16 14:35:25,998 ] 94 Nickpown0411 - INFO - Parsed data: title: ＜04月30日(火) 08:45～09:30＞[平針]外国免許切替審査 Hirabari Exchanging Foreign Driver's License, status: None, start_date: 2024年04月16日 07時30分, end_date: 2024年04月25日 12時00分, template_seq: 95604
[ 2024-04-16 14:35:25,998 ] 94 Nickpown0411 - INFO - Parsed data: title: ＜04月30日(火) 08:45～09:30＞[平針]外国免許切替審査 Hirabari Exchanging Foreign Driver's License, status: None, start_date: 2024年04月16日 07時30分, end_date: 2024年04月25日 12時00分, template_seq: 95604
[ 2024-04-16 14:35:25,998 ] 94 Nickpown0411 - INFO - Parsed data: title: ＜04月30日(火) 08:45～09:30＞[平針]外国免許切替審査 Hirabari Exchanging Foreign Driver's License, status: None, start_date: 2024年04月16日 07時30分, end_date: 2024年04月25日 12時00分, template_seq: 95604
[ 2024-04-16 14:35:25,998 ] 94 Nickpown0411 - INFO - Parsed data: title: ＜04月30日(火) 08:45～09:30＞[平針]外国免許切替審査 Hirabari Exchanging Foreign Driver's License, status: None, start_date: 2024年04月16日 07時30分, end_date: 2024年04月25日 12時00分, template_seq: 95604
[ 2024-04-16 14:35:25,998 ] 94 Nickpown0411 - INFO - Parsed data: title: ＜04月30日(火) 08:45～09:30＞[平針]外国免許切替審査 Hirabari Exchanging Foreign Driver's License, status: None, start_date: 2024年04月16日 07時30分, end_date: 2024年04月25日 12時00分, template_seq: 95604
[ 2024-04-16 14:35:25,998 ] 94 Nickpown0411 - INFO - Parsed data: title: ＜04月30日(火) 08:45～09:30＞[平針]外国免許切替審査 Hirabari Exchanging Foreign Driver's License, status: None, start_date: 2024年04月16日 07時30分, end_date: 2024年04月25日 12時00分, template_seq: 95604
[ 2024-04-16 14:35:25,999 ] 94 Nickpown0411 - INFO - Parsed data: title: ＜04月30日(火) 08:45～09:30＞[平針]外国免許切替審査 Hirabari Exchanging Foreign Driver's License, status: None, start_date: 2024年04月16日 07時30分, end_date: 2024年04月25日 12時00分, template_seq: 95604
[ 2024-04-16 14:35:25,999 ] 94 Nickpown0411 - INFO - Parsed data: title: ＜04月30日(火) 08:45～09:30＞[平針]外国免許切替審査 Hirabari Exchanging Foreign Driver's License, status: None, start_date: 2024年04月16日 07時30分, end_date: 2024年04月25日 12時00分, template_seq: 95604
[ 2024-04-16 14:35:25,999 ] 94 Nickpown0411 - INFO - Parsed data: title: ＜04月30日(火) 08:45～09:30＞[平針]外国免許切替審査 Hirabari Exchanging Foreign Driver's License, status: None, start_date: 2024年04月16日 07時30分, end_date: 2024年04月25日 12時00分, template_seq: 95604
[ 2024-04-16 14:35:25,999 ] 94 Nickpown0411 - INFO - Parsed data: title: ＜04月30日(火) 08:45～09:30＞[平針]外国免許切替審査 Hirabari Exchanging Foreign Driver's License, status: None, start_date: 2024年04月16日 07時30分, end_date: 2024年04月25日 12時00分, template_seq: 95604
[ 2024-04-16 14:35:25,999 ] 94 Nickpown0411 - INFO - Parsed data: title: ＜04月30日(火) 08:45～09:30＞[平針]外国免許切替審査 Hirabari Exchanging Foreign Driver's License, status: None, start_date: 2024年04月16日 07時30分, end_date: 2024年04月25日 12時00分, template_seq: 95604
[ 2024-04-16 14:35:25,999 ] 94 Nickpown0411 - INFO - Parsed data: title: ＜04月30日(火) 08:45～09:30＞[平針]外国免許切替審査 Hirabari Exchanging Foreign Driver's License, status: None, start_date: 2024年04月16日 07時30分, end_date: 2024年04月25日 12時00分, template_seq: 95604
[ 2024-04-16 14:35:26,055 ] 94 Nickpown0411 - INFO - Parsed data: title: ＜04月30日(火) 09:30～10:30＞[平針]外国免許切替審査 Hirabari Exchanging Foreign Driver's License, status: None, start_date: 2024年04月16日 07時30分, end_date: 2024年04月25日 12時00分, template_seq: 95605
[ 2024-04-16 14:35:26,055 ] 94 Nickpown0411 - INFO - Parsed data: title: ＜04月30日(火) 09:30～10:30＞[平針]外国免許切替審査 Hirabari Exchanging Foreign Driver's License, status: None, start_date: 2024年04月16日 07時30分, end_date: 2024年04月25日 12時00分, template_seq: 95605
[ 2024-04-16 14:35:26,055 ] 94 Nickpown0411 - INFO - Parsed data: title: ＜04月30日(火) 09:30～10:30＞[平針]外国免許切替審査 Hirabari Exchanging Foreign Driver's License, status: None, start_date: 2024年04月16日 07時30分, end_date: 2024年04月25日 12時00分, template_seq: 95605
[ 2024-04-16 14:35:26,055 ] 94 Nickpown0411 - INFO - Parsed data: title: ＜04月30日(火) 09:30～10:30＞[平針]外国免許切替審査 Hirabari Exchanging Foreign Driver's License, status: None, start_date: 2024年04月16日 07時30分, end_date: 2024年04月25日 12時00分, template_seq: 95605
[ 2024-04-16 14:35:26,055 ] 94 Nickpown0411 - INFO - Parsed data: title: ＜04月30日(火) 09:30～10:30＞[平針]外国免許切替審査 Hirabari Exchanging Foreign Driver's License, status: None, start_date: 2024年04月16日 07時30分, end_date: 2024年04月25日 12時00分, template_seq: 95605
[ 2024-04-16 14:35:26,055 ] 94 Nickpown0411 - INFO - Parsed data: title: ＜04月30日(火) 09:30～10:30＞[平針]外国免許切替審査 Hirabari Exchanging Foreign Driver's License, status: None, start_date: 2024年04月16日 07時30分, end_date: 2024年04月25日 12時00分, template_seq: 95605
[ 2024-04-16 14:35:26,057 ] 94 Nickpown0411 - INFO - Parsed data: title: ＜04月30日(火) 09:30～10:30＞[平針]外国免許切替審査 Hirabari Exchanging Foreign Driver's License, status: None, start_date: 2024年04月16日 07時30分, end_date: 2024年04月25日 12時00分, template_seq: 95605
[ 2024-04-16 14:35:26,057 ] 94 Nickpown0411 - INFO - Parsed data: title: ＜04月30日(火) 09:30～10:30＞[平針]外国免許切替審査 Hirabari Exchanging Foreign Driver's License, status: None, start_date: 2024年04月16日 07時30分, end_date: 2024年04月25日 12時00分, template_seq: 95605
[ 2024-04-16 14:35:26,057 ] 94 Nickpown0411 - INFO - Parsed data: title: ＜04月30日(火) 09:30～10:30＞[平針]外国免許切替審査 Hirabari Exchanging Foreign Driver's License, status: None, start_date: 2024年04月16日 07時30分, end_date: 2024年04月25日 12時00分, template_seq: 95605
[ 2024-04-16 14:35:26,057 ] 94 Nickpown0411 - INFO - Parsed data: title: ＜04月30日(火) 09:30～10:30＞[平針]外国免許切替審査 Hirabari Exchanging Foreign Driver's License, status: None, start_date: 2024年04月16日 07時30分, end_date: 2024年04月25日 12時00分, template_seq: 95605
[ 2024-04-16 14:35:26,057 ] 94 Nickpown0411 - INFO - Parsed data: title: ＜04月30日(火) 09:30～10:30＞[平針]外国免許切替審査 Hirabari Exchanging Foreign Driver's License, status: None, start_date: 2024年04月16日 07時30分, end_date: 2024年04月25日 12時00分, template_seq: 95605
[ 2024-04-16 14:35:26,057 ] 94 Nickpown0411 - INFO - Parsed data: title: ＜04月30日(火) 09:30～10:30＞[平針]外国免許切替審査 Hirabari Exchanging Foreign Driver's License, status: None, start_date: 2024年04月16日 07時30分, end_date: 2024年04月25日 12時00分, template_seq: 95605
[ 2024-04-16 14:35:26,293 ] 94 Nickpown0411 - INFO - Parsed data: title: ＜04月30日(火) 10:30～11:45＞[平針]外国免許切替審査 Hirabari Exchanging Foreign Driver's License, status: None, start_date: 2024年04月16日 07時30分, end_date: 2024年04月25日 12時00分, template_seq: 95607
[ 2024-04-16 14:35:26,293 ] 94 Nickpown0411 - INFO - Parsed data: title: ＜04月30日(火) 10:30～11:45＞[平針]外国免許切替審査 Hirabari Exchanging Foreign Driver's License, status: None, start_date: 2024年04月16日 07時30分, end_date: 2024年04月25日 12時00分, template_seq: 95607
[ 2024-04-16 14:35:26,293 ] 94 Nickpown0411 - INFO - Parsed data: title: ＜04月30日(火) 10:30～11:45＞[平針]外国免許切替審査 Hirabari Exchanging Foreign Driver's License, status: None, start_date: 2024年04月16日 07時30分, end_date: 2024年04月25日 12時00分, template_seq: 95607
[ 2024-04-16 14:35:26,293 ] 94 Nickpown0411 - INFO - Parsed data: title: ＜04月30日(火) 10:30～11:45＞[平針]外国免許切替審査 Hirabari Exchanging Foreign Driver's License, status: None, start_date: 2024年04月16日 07時30分, end_date: 2024年04月25日 12時00分, template_seq: 95607
[ 2024-04-16 14:35:26,293 ] 94 Nickpown0411 - INFO - Parsed data: title: ＜04月30日(火) 10:30～11:45＞[平針]外国免許切替審査 Hirabari Exchanging Foreign Driver's License, status: None, start_date: 2024年04月16日 07時30分, end_date: 2024年04月25日 12時00分, template_seq: 95607
[ 2024-04-16 14:35:26,293 ] 94 Nickpown0411 - INFO - Parsed data: title: ＜04月30日(火) 10:30～11:45＞[平針]外国免許切替審査 Hirabari Exchanging Foreign Driver's License, status: None, start_date: 2024年04月16日 07時30分, end_date: 2024年04月25日 12時00分, template_seq: 95607
[ 2024-04-16 14:35:26,299 ] 94 Nickpown0411 - INFO - Parsed data: title: ＜04月30日(火) 10:30～11:45＞[平針]外国免許切替審査 Hirabari Exchanging Foreign Driver's License, status: None, start_date: 2024年04月16日 07時30分, end_date: 2024年04月25日 12時00分, template_seq: 95607
[ 2024-04-16 14:35:26,299 ] 94 Nickpown0411 - INFO - Parsed data: title: ＜04月30日(火) 10:30～11:45＞[平針]外国免許切替審査 Hirabari Exchanging Foreign Driver's License, status: None, start_date: 2024年04月16日 07時30分, end_date: 2024年04月25日 12時00分, template_seq: 95607
[ 2024-04-16 14:35:26,299 ] 94 Nickpown0411 - INFO - Parsed data: title: ＜04月30日(火) 10:30～11:45＞[平針]外国免許切替審査 Hirabari Exchanging Foreign Driver's License, status: None, start_date: 2024年04月16日 07時30分, end_date: 2024年04月25日 12時00分, template_seq: 95607
[ 2024-04-16 14:35:26,299 ] 94 Nickpown0411 - INFO - Parsed data: title: ＜04月30日(火) 10:30～11:45＞[平針]外国免許切替審査 Hirabari Exchanging Foreign Driver's License, status: None, start_date: 2024年04月16日 07時30分, end_date: 2024年04月25日 12時00分, template_seq: 95607
[ 2024-04-16 14:35:26,299 ] 94 Nickpown0411 - INFO - Parsed data: title: ＜04月30日(火) 10:30～11:45＞[平針]外国免許切替審査 Hirabari Exchanging Foreign Driver's License, status: None, start_date: 2024年04月16日 07時30分, end_date: 2024年04月25日 12時00分, template_seq: 95607
[ 2024-04-16 14:35:26,299 ] 94 Nickpown0411 - INFO - Parsed data: title: ＜04月30日(火) 10:30～11:45＞[平針]外国免許切替審査 Hirabari Exchanging Foreign Driver's License, status: None, start_date: 2024年04月16日 07時30分, end_date: 2024年04月25日 12時00分, template_seq: 95607
[ 2024-04-16 14:35:26,394 ] 94 Nickpown0411 - INFO - Parsed data: title: ＜04月30日(火) 12:45～13:30＞[平針]外国免許切替審査 Hirabari Exchanging Foreign Driver's License, status: None, start_date: 2024年04月16日 07時30分, end_date: 2024年04月25日 12時00分, template_seq: 95608
[ 2024-04-16 14:35:26,394 ] 94 Nickpown0411 - INFO - Parsed data: title: ＜04月30日(火) 12:45～13:30＞[平針]外国免許切替審査 Hirabari Exchanging Foreign Driver's License, status: None, start_date: 2024年04月16日 07時30分, end_date: 2024年04月25日 12時00分, template_seq: 95608
[ 2024-04-16 14:35:26,394 ] 94 Nickpown0411 - INFO - Parsed data: title: ＜04月30日(火) 12:45～13:30＞[平針]外国免許切替審査 Hirabari Exchanging Foreign Driver's License, status: None, start_date: 2024年04月16日 07時30分, end_date: 2024年04月25日 12時00分, template_seq: 95608
[ 2024-04-16 14:35:26,394 ] 94 Nickpown0411 - INFO - Parsed data: title: ＜04月30日(火) 12:45～13:30＞[平針]外国免許切替審査 Hirabari Exchanging Foreign Driver's License, status: None, start_date: 2024年04月16日 07時30分, end_date: 2024年04月25日 12時00分, template_seq: 95608
[ 2024-04-16 14:35:26,394 ] 94 Nickpown0411 - INFO - Parsed data: title: ＜04月30日(火) 12:45～13:30＞[平針]外国免許切替審査 Hirabari Exchanging Foreign Driver's License, status: None, start_date: 2024年04月16日 07時30分, end_date: 2024年04月25日 12時00分, template_seq: 95608
[ 2024-04-16 14:35:26,394 ] 94 Nickpown0411 - INFO - Parsed data: title: ＜04月30日(火) 12:45～13:30＞[平針]外国免許切替審査 Hirabari Exchanging Foreign Driver's License, status: None, start_date: 2024年04月16日 07時30分, end_date: 2024年04月25日 12時00分, template_seq: 95608
[ 2024-04-16 14:35:26,395 ] 94 Nickpown0411 - INFO - Parsed data: title: ＜04月30日(火) 12:45～13:30＞[平針]外国免許切替審査 Hirabari Exchanging Foreign Driver's License, status: None, start_date: 2024年04月16日 07時30分, end_date: 2024年04月25日 12時00分, template_seq: 95608
[ 2024-04-16 14:35:26,395 ] 94 Nickpown0411 - INFO - Parsed data: title: ＜04月30日(火) 12:45～13:30＞[平針]外国免許切替審査 Hirabari Exchanging Foreign Driver's License, status: None, start_date: 2024年04月16日 07時30分, end_date: 2024年04月25日 12時00分, template_seq: 95608
[ 2024-04-16 14:35:26,395 ] 94 Nickpown0411 - INFO - Parsed data: title: ＜04月30日(火) 12:45～13:30＞[平針]外国免許切替審査 Hirabari Exchanging Foreign Driver's License, status: None, start_date: 2024年04月16日 07時30分, end_date: 2024年04月25日 12時00分, template_seq: 95608
[ 2024-04-16 14:35:26,395 ] 94 Nickpown0411 - INFO - Parsed data: title: ＜04月30日(火) 12:45～13:30＞[平針]外国免許切替審査 Hirabari Exchanging Foreign Driver's License, status: None, start_date: 2024年04月16日 07時30分, end_date: 2024年04月25日 12時00分, template_seq: 95608
[ 2024-04-16 14:35:26,395 ] 94 Nickpown0411 - INFO - Parsed data: title: ＜04月30日(火) 12:45～13:30＞[平針]外国免許切替審査 Hirabari Exchanging Foreign Driver's License, status: None, start_date: 2024年04月16日 07時30分, end_date: 2024年04月25日 12時00分, template_seq: 95608
[ 2024-04-16 14:35:26,395 ] 94 Nickpown0411 - INFO - Parsed data: title: ＜04月30日(火) 12:45～13:30＞[平針]外国免許切替審査 Hirabari Exchanging Foreign Driver's License, status: None, start_date: 2024年04月16日 07時30分, end_date: 2024年04月25日 12時00分, template_seq: 95608
[ 2024-04-16 14:35:26,463 ] 94 Nickpown0411 - INFO - Parsed data: title: ＜04月30日(火) 13:30～14:45＞[平針]外国免許切替審査 Hirabari Exchanging Foreign Driver's License, status: None, start_date: 2024年04月16日 07時30分, end_date: 2024年04月25日 12時00分, template_seq: 95609
[ 2024-04-16 14:35:26,463 ] 94 Nickpown0411 - INFO - Parsed data: title: ＜04月30日(火) 13:30～14:45＞[平針]外国免許切替審査 Hirabari Exchanging Foreign Driver's License, status: None, start_date: 2024年04月16日 07時30分, end_date: 2024年04月25日 12時00分, template_seq: 95609
[ 2024-04-16 14:35:26,463 ] 94 Nickpown0411 - INFO - Parsed data: title: ＜04月30日(火) 13:30～14:45＞[平針]外国免許切替審査 Hirabari Exchanging Foreign Driver's License, status: None, start_date: 2024年04月16日 07時30分, end_date: 2024年04月25日 12時00分, template_seq: 95609
[ 2024-04-16 14:35:26,463 ] 94 Nickpown0411 - INFO - Parsed data: title: ＜04月30日(火) 13:30～14:45＞[平針]外国免許切替審査 Hirabari Exchanging Foreign Driver's License, status: None, start_date: 2024年04月16日 07時30分, end_date: 2024年04月25日 12時00分, template_seq: 95609
[ 2024-04-16 14:35:26,463 ] 94 Nickpown0411 - INFO - Parsed data: title: ＜04月30日(火) 13:30～14:45＞[平針]外国免許切替審査 Hirabari Exchanging Foreign Driver's License, status: None, start_date: 2024年04月16日 07時30分, end_date: 2024年04月25日 12時00分, template_seq: 95609
[ 2024-04-16 14:35:26,463 ] 94 Nickpown0411 - INFO - Parsed data: title: ＜04月30日(火) 13:30～14:45＞[平針]外国免許切替審査 Hirabari Exchanging Foreign Driver's License, status: None, start_date: 2024年04月16日 07時30分, end_date: 2024年04月25日 12時00分, template_seq: 95609
[ 2024-04-16 14:35:26,466 ] 94 Nickpown0411 - INFO - Parsed data: title: ＜04月30日(火) 13:30～14:45＞[平針]外国免許切替審査 Hirabari Exchanging Foreign Driver's License, status: None, start_date: 2024年04月16日 07時30分, end_date: 2024年04月25日 12時00分, template_seq: 95609
[ 2024-04-16 14:35:26,466 ] 94 Nickpown0411 - INFO - Parsed data: title: ＜04月30日(火) 13:30～14:45＞[平針]外国免許切替審査 Hirabari Exchanging Foreign Driver's License, status: None, start_date: 2024年04月16日 07時30分, end_date: 2024年04月25日 12時00分, template_seq: 95609
[ 2024-04-16 14:35:26,466 ] 94 Nickpown0411 - INFO - Parsed data: title: ＜04月30日(火) 13:30～14:45＞[平針]外国免許切替審査 Hirabari Exchanging Foreign Driver's License, status: None, start_date: 2024年04月16日 07時30分, end_date: 2024年04月25日 12時00分, template_seq: 95609
[ 2024-04-16 14:35:26,466 ] 94 Nickpown0411 - INFO - Parsed data: title: ＜04月30日(火) 13:30～14:45＞[平針]外国免許切替審査 Hirabari Exchanging Foreign Driver's License, status: None, start_date: 2024年04月16日 07時30分, end_date: 2024年04月25日 12時00分, template_seq: 95609
[ 2024-04-16 14:35:26,466 ] 94 Nickpown0411 - INFO - Parsed data: title: ＜04月30日(火) 13:30～14:45＞[平針]外国免許切替審査 Hirabari Exchanging Foreign Driver's License, status: None, start_date: 2024年04月16日 07時30分, end_date: 2024年04月25日 12時00分, template_seq: 95609
[ 2024-04-16 14:35:26,466 ] 94 Nickpown0411 - INFO - Parsed data: title: ＜04月30日(火) 13:30～14:45＞[平針]外国免許切替審査 Hirabari Exchanging Foreign Driver's License, status: None, start_date: 2024年04月16日 07時30分, end_date: 2024年04月25日 12時00分, template_seq: 95609
[ 2024-04-16 14:35:26,546 ] 94 Nickpown0411 - INFO - Parsed data: title: ＜04月26日(金) 08:45～09:30＞[平針]外国免許切替審査 Hirabari Exchanging Foreign Driver's License, status: None, start_date: 2024年04月12日 07時30分, end_date: 2024年04月24日 12時00分, template_seq: 95410
[ 2024-04-16 14:35:26,546 ] 94 Nickpown0411 - INFO - Parsed data: title: ＜04月26日(金) 08:45～09:30＞[平針]外国免許切替審査 Hirabari Exchanging Foreign Driver's License, status: None, start_date: 2024年04月12日 07時30分, end_date: 2024年04月24日 12時00分, template_seq: 95410
[ 2024-04-16 14:35:26,546 ] 94 Nickpown0411 - INFO - Parsed data: title: ＜04月26日(金) 08:45～09:30＞[平針]外国免許切替審査 Hirabari Exchanging Foreign Driver's License, status: None, start_date: 2024年04月12日 07時30分, end_date: 2024年04月24日 12時00分, template_seq: 95410
[ 2024-04-16 14:35:26,546 ] 94 Nickpown0411 - INFO - Parsed data: title: ＜04月26日(金) 08:45～09:30＞[平針]外国免許切替審査 Hirabari Exchanging Foreign Driver's License, status: None, start_date: 2024年04月12日 07時30分, end_date: 2024年04月24日 12時00分, template_seq: 95410
[ 2024-04-16 14:35:26,546 ] 94 Nickpown0411 - INFO - Parsed data: title: ＜04月26日(金) 08:45～09:30＞[平針]外国免許切替審査 Hirabari Exchanging Foreign Driver's License, status: None, start_date: 2024年04月12日 07時30分, end_date: 2024年04月24日 12時00分, template_seq: 95410
[ 2024-04-16 14:35:26,546 ] 94 Nickpown0411 - INFO - Parsed data: title: ＜04月26日(金) 08:45～09:30＞[平針]外国免許切替審査 Hirabari Exchanging Foreign Driver's License, status: None, start_date: 2024年04月12日 07時30分, end_date: 2024年04月24日 12時00分, template_seq: 95410
[ 2024-04-16 14:35:26,694 ] 94 Nickpown0411 - INFO - Parsed data: title: ＜04月26日(金) 09:30～10:30＞[平針]外国免許切替審査 Hirabari Exchanging Foreign Driver's License, status: None, start_date: 2024年04月12日 07時30分, end_date: 2024年04月24日 12時00分, template_seq: 95411
[ 2024-04-16 14:35:26,694 ] 94 Nickpown0411 - INFO - Parsed data: title: ＜04月26日(金) 09:30～10:30＞[平針]外国免許切替審査 Hirabari Exchanging Foreign Driver's License, status: None, start_date: 2024年04月12日 07時30分, end_date: 2024年04月24日 12時00分, template_seq: 95411
[ 2024-04-16 14:35:26,694 ] 94 Nickpown0411 - INFO - Parsed data: title: ＜04月26日(金) 09:30～10:30＞[平針]外国免許切替審査 Hirabari Exchanging Foreign Driver's License, status: None, start_date: 2024年04月12日 07時30分, end_date: 2024年04月24日 12時00分, template_seq: 95411
[ 2024-04-16 14:35:26,694 ] 94 Nickpown0411 - INFO - Parsed data: title: ＜04月26日(金) 09:30～10:30＞[平針]外国免許切替審査 Hirabari Exchanging Foreign Driver's License, status: None, start_date: 2024年04月12日 07時30分, end_date: 2024年04月24日 12時00分, template_seq: 95411
[ 2024-04-16 14:35:26,694 ] 94 Nickpown0411 - INFO - Parsed data: title: ＜04月26日(金) 09:30～10:30＞[平針]外国免許切替審査 Hirabari Exchanging Foreign Driver's License, status: None, start_date: 2024年04月12日 07時30分, end_date: 2024年04月24日 12時00分, template_seq: 95411
[ 2024-04-16 14:35:26,694 ] 94 Nickpown0411 - INFO - Parsed data: title: ＜04月26日(金) 09:30～10:30＞[平針]外国免許切替審査 Hirabari Exchanging Foreign Driver's License, status: None, start_date: 2024年04月12日 07時30分, end_date: 2024年04月24日 12時00分, template_seq: 95411
[ 2024-04-16 14:35:26,809 ] 94 Nickpown0411 - INFO - Parsed data: title: ＜04月26日(金) 10:30～11:45＞[平針]外国免許切替審査 Hirabari Exchanging Foreign Driver's License, status: None, start_date: 2024年04月12日 07時30分, end_date: 2024年04月24日 12時00分, template_seq: 95412
[ 2024-04-16 14:35:26,809 ] 94 Nickpown0411 - INFO - Parsed data: title: ＜04月26日(金) 10:30～11:45＞[平針]外国免許切替審査 Hirabari Exchanging Foreign Driver's License, status: None, start_date: 2024年04月12日 07時30分, end_date: 2024年04月24日 12時00分, template_seq: 95412
[ 2024-04-16 14:35:26,809 ] 94 Nickpown0411 - INFO - Parsed data: title: ＜04月26日(金) 10:30～11:45＞[平針]外国免許切替審査 Hirabari Exchanging Foreign Driver's License, status: None, start_date: 2024年04月12日 07時30分, end_date: 2024年04月24日 12時00分, template_seq: 95412
[ 2024-04-16 14:35:26,809 ] 94 Nickpown0411 - INFO - Parsed data: title: ＜04月26日(金) 10:30～11:45＞[平針]外国免許切替審査 Hirabari Exchanging Foreign Driver's License, status: None, start_date: 2024年04月12日 07時30分, end_date: 2024年04月24日 12時00分, template_seq: 95412
[ 2024-04-16 14:35:26,809 ] 94 Nickpown0411 - INFO - Parsed data: title: ＜04月26日(金) 10:30～11:45＞[平針]外国免許切替審査 Hirabari Exchanging Foreign Driver's License, status: None, start_date: 2024年04月12日 07時30分, end_date: 2024年04月24日 12時00分, template_seq: 95412
[ 2024-04-16 14:35:26,809 ] 94 Nickpown0411 - INFO - Parsed data: title: ＜04月26日(金) 10:30～11:45＞[平針]外国免許切替審査 Hirabari Exchanging Foreign Driver's License, status: None, start_date: 2024年04月12日 07時30分, end_date: 2024年04月24日 12時00分, template_seq: 95412
[ 2024-04-16 14:35:26,936 ] 94 Nickpown0411 - INFO - Parsed data: title: ＜04月26日(金) 12:45～13:30＞[平針]外国免許切替審査 Hirabari Exchanging Foreign Driver's License, status: None, start_date: 2024年04月12日 07時30分, end_date: 2024年04月24日 12時00分, template_seq: 95413
[ 2024-04-16 14:35:26,936 ] 94 Nickpown0411 - INFO - Parsed data: title: ＜04月26日(金) 12:45～13:30＞[平針]外国免許切替審査 Hirabari Exchanging Foreign Driver's License, status: None, start_date: 2024年04月12日 07時30分, end_date: 2024年04月24日 12時00分, template_seq: 95413
[ 2024-04-16 14:35:26,936 ] 94 Nickpown0411 - INFO - Parsed data: title: ＜04月26日(金) 12:45～13:30＞[平針]外国免許切替審査 Hirabari Exchanging Foreign Driver's License, status: None, start_date: 2024年04月12日 07時30分, end_date: 2024年04月24日 12時00分, template_seq: 95413
[ 2024-04-16 14:35:26,936 ] 94 Nickpown0411 - INFO - Parsed data: title: ＜04月26日(金) 12:45～13:30＞[平針]外国免許切替審査 Hirabari Exchanging Foreign Driver's License, status: None, start_date: 2024年04月12日 07時30分, end_date: 2024年04月24日 12時00分, template_seq: 95413
[ 2024-04-16 14:35:26,936 ] 94 Nickpown0411 - INFO - Parsed data: title: ＜04月26日(金) 12:45～13:30＞[平針]外国免許切替審査 Hirabari Exchanging Foreign Driver's License, status: None, start_date: 2024年04月12日 07時30分, end_date: 2024年04月24日 12時00分, template_seq: 95413
[ 2024-04-16 14:35:26,936 ] 94 Nickpown0411 - INFO - Parsed data: title: ＜04月26日(金) 12:45～13:30＞[平針]外国免許切替審査 Hirabari Exchanging Foreign Driver's License, status: None, start_date: 2024年04月12日 07時30分, end_date: 2024年04月24日 12時00分, template_seq: 95413
[ 2024-04-16 14:35:27,032 ] 94 Nickpown0411 - INFO - Parsed data: title: ＜04月26日(金) 13:30～14:45＞[平針]外国免許切替審査 Hirabari Exchanging Foreign Driver's License, status: None, start_date: 2024年04月12日 07時30分, end_date: 2024年04月24日 12時00分, template_seq: 95414
[ 2024-04-16 14:35:27,032 ] 94 Nickpown0411 - INFO - Parsed data: title: ＜04月26日(金) 13:30～14:45＞[平針]外国免許切替審査 Hirabari Exchanging Foreign Driver's License, status: None, start_date: 2024年04月12日 07時30分, end_date: 2024年04月24日 12時00分, template_seq: 95414
[ 2024-04-16 14:35:27,032 ] 94 Nickpown0411 - INFO - Parsed data: title: ＜04月26日(金) 13:30～14:45＞[平針]外国免許切替審査 Hirabari Exchanging Foreign Driver's License, status: None, start_date: 2024年04月12日 07時30分, end_date: 2024年04月24日 12時00分, template_seq: 95414
[ 2024-04-16 14:35:27,032 ] 94 Nickpown0411 - INFO - Parsed data: title: ＜04月26日(金) 13:30～14:45＞[平針]外国免許切替審査 Hirabari Exchanging Foreign Driver's License, status: None, start_date: 2024年04月12日 07時30分, end_date: 2024年04月24日 12時00分, template_seq: 95414
[ 2024-04-16 14:35:27,032 ] 94 Nickpown0411 - INFO - Parsed data: title: ＜04月26日(金) 13:30～14:45＞[平針]外国免許切替審査 Hirabari Exchanging Foreign Driver's License, status: None, start_date: 2024年04月12日 07時30分, end_date: 2024年04月24日 12時00分, template_seq: 95414
[ 2024-04-16 14:35:27,032 ] 94 Nickpown0411 - INFO - Parsed data: title: ＜04月26日(金) 13:30～14:45＞[平針]外国免許切替審査 Hirabari Exchanging Foreign Driver's License, status: None, start_date: 2024年04月12日 07時30分, end_date: 2024年04月24日 12時00分, template_seq: 95414
[ 2024-04-16 14:35:27,033 ] 94 Nickpown0411 - INFO - Number of filtered forms left is: 5 form(s)
[ 2024-04-16 14:35:27,033 ] 94 Nickpown0411 - INFO - Number of filtered forms left is: 5 form(s)
[ 2024-04-16 14:35:27,033 ] 94 Nickpown0411 - INFO - Number of filtered forms left is: 5 form(s)
[ 2024-04-16 14:35:27,033 ] 94 Nickpown0411 - INFO - Number of filtered forms left is: 5 form(s)
[ 2024-04-16 14:35:27,033 ] 94 Nickpown0411 - INFO - Number of filtered forms left is: 5 form(s)
[ 2024-04-16 14:35:27,033 ] 94 Nickpown0411 - INFO - Number of filtered forms left is: 5 form(s)
[ 2024-04-16 14:35:27,035 ] 94 Nickpown0411 - INFO - Accessing form, template sequence: 95604
[ 2024-04-16 14:35:27,035 ] 94 Nickpown0411 - INFO - Accessing form, template sequence: 95604
[ 2024-04-16 14:35:27,035 ] 94 Nickpown0411 - INFO - Accessing form, template sequence: 95604
[ 2024-04-16 14:35:27,035 ] 94 Nickpown0411 - INFO - Accessing form, template sequence: 95604
[ 2024-04-16 14:35:27,035 ] 94 Nickpown0411 - INFO - Accessing form, template sequence: 95604
[ 2024-04-16 14:35:27,035 ] 94 Nickpown0411 - INFO - Accessing form, template sequence: 95604
[ 2024-04-16 14:35:27,036 ] 94 Nickpown0411 - INFO - Form URL: https://www.shinsei.e-aichi.jp/pref-aichi-police-u/offer/offerList_detailTop?tempSeq=95604
[ 2024-04-16 14:35:27,036 ] 94 Nickpown0411 - INFO - Form URL: https://www.shinsei.e-aichi.jp/pref-aichi-police-u/offer/offerList_detailTop?tempSeq=95604
[ 2024-04-16 14:35:27,036 ] 94 Nickpown0411 - INFO - Form URL: https://www.shinsei.e-aichi.jp/pref-aichi-police-u/offer/offerList_detailTop?tempSeq=95604
[ 2024-04-16 14:35:27,036 ] 94 Nickpown0411 - INFO - Form URL: https://www.shinsei.e-aichi.jp/pref-aichi-police-u/offer/offerList_detailTop?tempSeq=95604
[ 2024-04-16 14:35:27,036 ] 94 Nickpown0411 - INFO - Form URL: https://www.shinsei.e-aichi.jp/pref-aichi-police-u/offer/offerList_detailTop?tempSeq=95604
[ 2024-04-16 14:35:27,036 ] 94 Nickpown0411 - INFO - Form URL: https://www.shinsei.e-aichi.jp/pref-aichi-police-u/offer/offerList_detailTop?tempSeq=95604
[ 2024-04-16 14:35:32,685 ] 94 Nickpown0411 - INFO - Accessed form successfully
[ 2024-04-16 14:35:32,685 ] 94 Nickpown0411 - INFO - Accessed form successfully
[ 2024-04-16 14:35:32,685 ] 94 Nickpown0411 - INFO - Accessed form successfully
[ 2024-04-16 14:35:32,685 ] 94 Nickpown0411 - INFO - Accessed form successfully
[ 2024-04-16 14:35:32,685 ] 94 Nickpown0411 - INFO - Accessed form successfully
[ 2024-04-16 14:35:32,685 ] 94 Nickpown0411 - INFO - Accessed form successfully
[ 2024-04-16 14:35:32,722 ] 94 Nickpown0411 - INFO - Form message: 大変申し訳ございません。申込数が上限に達した為、締め切らせていただきました。
[ 2024-04-16 14:35:32,722 ] 94 Nickpown0411 - INFO - Form message: 大変申し訳ございません。申込数が上限に達した為、締め切らせていただきました。
[ 2024-04-16 14:35:32,722 ] 94 Nickpown0411 - INFO - Form message: 大変申し訳ございません。申込数が上限に達した為、締め切らせていただきました。
[ 2024-04-16 14:35:32,722 ] 94 Nickpown0411 - INFO - Form message: 大変申し訳ございません。申込数が上限に達した為、締め切らせていただきました。
[ 2024-04-16 14:35:32,722 ] 94 Nickpown0411 - INFO - Form message: 大変申し訳ございません。申込数が上限に達した為、締め切らせていただきました。
[ 2024-04-16 14:35:32,722 ] 94 Nickpown0411 - INFO - Form message: 大変申し訳ございません。申込数が上限に達した為、締め切らせていただきました。
[ 2024-04-16 14:35:32,723 ] 94 Nickpown0411 - INFO - Form is closed, template sequence: 95604
[ 2024-04-16 14:35:32,723 ] 94 Nickpown0411 - INFO - Form is closed, template sequence: 95604
[ 2024-04-16 14:35:32,723 ] 94 Nickpown0411 - INFO - Form is closed, template sequence: 95604
[ 2024-04-16 14:35:32,723 ] 94 Nickpown0411 - INFO - Form is closed, template sequence: 95604
[ 2024-04-16 14:35:32,723 ] 94 Nickpown0411 - INFO - Form is closed, template sequence: 95604
[ 2024-04-16 14:35:32,723 ] 94 Nickpown0411 - INFO - Form is closed, template sequence: 95604
[ 2024-04-16 14:35:32,724 ] 94 Nickpown0411 - INFO - Accessing form, template sequence: 95608
[ 2024-04-16 14:35:32,724 ] 94 Nickpown0411 - INFO - Accessing form, template sequence: 95608
[ 2024-04-16 14:35:32,724 ] 94 Nickpown0411 - INFO - Accessing form, template sequence: 95608
[ 2024-04-16 14:35:32,724 ] 94 Nickpown0411 - INFO - Accessing form, template sequence: 95608
[ 2024-04-16 14:35:32,724 ] 94 Nickpown0411 - INFO - Accessing form, template sequence: 95608
[ 2024-04-16 14:35:32,724 ] 94 Nickpown0411 - INFO - Accessing form, template sequence: 95608
[ 2024-04-16 14:35:32,725 ] 94 Nickpown0411 - INFO - Form URL: https://www.shinsei.e-aichi.jp/pref-aichi-police-u/offer/offerList_detailTop?tempSeq=95608
[ 2024-04-16 14:35:32,725 ] 94 Nickpown0411 - INFO - Form URL: https://www.shinsei.e-aichi.jp/pref-aichi-police-u/offer/offerList_detailTop?tempSeq=95608
[ 2024-04-16 14:35:32,725 ] 94 Nickpown0411 - INFO - Form URL: https://www.shinsei.e-aichi.jp/pref-aichi-police-u/offer/offerList_detailTop?tempSeq=95608
[ 2024-04-16 14:35:32,725 ] 94 Nickpown0411 - INFO - Form URL: https://www.shinsei.e-aichi.jp/pref-aichi-police-u/offer/offerList_detailTop?tempSeq=95608
[ 2024-04-16 14:35:32,725 ] 94 Nickpown0411 - INFO - Form URL: https://www.shinsei.e-aichi.jp/pref-aichi-police-u/offer/offerList_detailTop?tempSeq=95608
[ 2024-04-16 14:35:32,725 ] 94 Nickpown0411 - INFO - Form URL: https://www.shinsei.e-aichi.jp/pref-aichi-police-u/offer/offerList_detailTop?tempSeq=95608
[ 2024-04-16 14:35:38,398 ] 94 Nickpown0411 - INFO - Accessed form successfully
[ 2024-04-16 14:35:38,398 ] 94 Nickpown0411 - INFO - Accessed form successfully
[ 2024-04-16 14:35:38,398 ] 94 Nickpown0411 - INFO - Accessed form successfully
[ 2024-04-16 14:35:38,398 ] 94 Nickpown0411 - INFO - Accessed form successfully
[ 2024-04-16 14:35:38,398 ] 94 Nickpown0411 - INFO - Accessed form successfully
[ 2024-04-16 14:35:38,398 ] 94 Nickpown0411 - INFO - Accessed form successfully
[ 2024-04-16 14:35:38,411 ] 94 Nickpown0411 - INFO - Form message: 大変申し訳ございません。申込数が上限に達した為、締め切らせていただきました。
[ 2024-04-16 14:35:38,411 ] 94 Nickpown0411 - INFO - Form message: 大変申し訳ございません。申込数が上限に達した為、締め切らせていただきました。
[ 2024-04-16 14:35:38,411 ] 94 Nickpown0411 - INFO - Form message: 大変申し訳ございません。申込数が上限に達した為、締め切らせていただきました。
[ 2024-04-16 14:35:38,411 ] 94 Nickpown0411 - INFO - Form message: 大変申し訳ございません。申込数が上限に達した為、締め切らせていただきました。
[ 2024-04-16 14:35:38,411 ] 94 Nickpown0411 - INFO - Form message: 大変申し訳ございません。申込数が上限に達した為、締め切らせていただきました。
[ 2024-04-16 14:35:38,411 ] 94 Nickpown0411 - INFO - Form message: 大変申し訳ございません。申込数が上限に達した為、締め切らせていただきました。
[ 2024-04-16 14:35:38,412 ] 94 Nickpown0411 - INFO - Form is closed, template sequence: 95608
[ 2024-04-16 14:35:38,412 ] 94 Nickpown0411 - INFO - Form is closed, template sequence: 95608
[ 2024-04-16 14:35:38,412 ] 94 Nickpown0411 - INFO - Form is closed, template sequence: 95608
[ 2024-04-16 14:35:38,412 ] 94 Nickpown0411 - INFO - Form is closed, template sequence: 95608
[ 2024-04-16 14:35:38,412 ] 94 Nickpown0411 - INFO - Form is closed, template sequence: 95608
[ 2024-04-16 14:35:38,412 ] 94 Nickpown0411 - INFO - Form is closed, template sequence: 95608
[ 2024-04-16 14:35:38,412 ] 94 Nickpown0411 - INFO - Accessing form, template sequence: 95609
[ 2024-04-16 14:35:38,412 ] 94 Nickpown0411 - INFO - Accessing form, template sequence: 95609
[ 2024-04-16 14:35:38,412 ] 94 Nickpown0411 - INFO - Accessing form, template sequence: 95609
[ 2024-04-16 14:35:38,412 ] 94 Nickpown0411 - INFO - Accessing form, template sequence: 95609
[ 2024-04-16 14:35:38,412 ] 94 Nickpown0411 - INFO - Accessing form, template sequence: 95609
[ 2024-04-16 14:35:38,412 ] 94 Nickpown0411 - INFO - Accessing form, template sequence: 95609
[ 2024-04-16 14:35:38,412 ] 94 Nickpown0411 - INFO - Form URL: https://www.shinsei.e-aichi.jp/pref-aichi-police-u/offer/offerList_detailTop?tempSeq=95609
[ 2024-04-16 14:35:38,412 ] 94 Nickpown0411 - INFO - Form URL: https://www.shinsei.e-aichi.jp/pref-aichi-police-u/offer/offerList_detailTop?tempSeq=95609
[ 2024-04-16 14:35:38,412 ] 94 Nickpown0411 - INFO - Form URL: https://www.shinsei.e-aichi.jp/pref-aichi-police-u/offer/offerList_detailTop?tempSeq=95609
[ 2024-04-16 14:35:38,412 ] 94 Nickpown0411 - INFO - Form URL: https://www.shinsei.e-aichi.jp/pref-aichi-police-u/offer/offerList_detailTop?tempSeq=95609
[ 2024-04-16 14:35:38,412 ] 94 Nickpown0411 - INFO - Form URL: https://www.shinsei.e-aichi.jp/pref-aichi-police-u/offer/offerList_detailTop?tempSeq=95609
[ 2024-04-16 14:35:38,412 ] 94 Nickpown0411 - INFO - Form URL: https://www.shinsei.e-aichi.jp/pref-aichi-police-u/offer/offerList_detailTop?tempSeq=95609
[ 2024-04-16 14:35:44,020 ] 94 Nickpown0411 - INFO - Accessed form successfully
[ 2024-04-16 14:35:44,020 ] 94 Nickpown0411 - INFO - Accessed form successfully
[ 2024-04-16 14:35:44,020 ] 94 Nickpown0411 - INFO - Accessed form successfully
[ 2024-04-16 14:35:44,020 ] 94 Nickpown0411 - INFO - Accessed form successfully
[ 2024-04-16 14:35:44,020 ] 94 Nickpown0411 - INFO - Accessed form successfully
[ 2024-04-16 14:35:44,020 ] 94 Nickpown0411 - INFO - Accessed form successfully
[ 2024-04-16 14:35:44,033 ] 94 Nickpown0411 - INFO - Form message: 大変申し訳ございません。申込数が上限に達した為、締め切らせていただきました。
[ 2024-04-16 14:35:44,033 ] 94 Nickpown0411 - INFO - Form message: 大変申し訳ございません。申込数が上限に達した為、締め切らせていただきました。
[ 2024-04-16 14:35:44,033 ] 94 Nickpown0411 - INFO - Form message: 大変申し訳ございません。申込数が上限に達した為、締め切らせていただきました。
[ 2024-04-16 14:35:44,033 ] 94 Nickpown0411 - INFO - Form message: 大変申し訳ございません。申込数が上限に達した為、締め切らせていただきました。
[ 2024-04-16 14:35:44,033 ] 94 Nickpown0411 - INFO - Form message: 大変申し訳ございません。申込数が上限に達した為、締め切らせていただきました。
[ 2024-04-16 14:35:44,033 ] 94 Nickpown0411 - INFO - Form message: 大変申し訳ございません。申込数が上限に達した為、締め切らせていただきました。
[ 2024-04-16 14:35:44,034 ] 94 Nickpown0411 - INFO - Form is closed, template sequence: 95609
[ 2024-04-16 14:35:44,034 ] 94 Nickpown0411 - INFO - Form is closed, template sequence: 95609
[ 2024-04-16 14:35:44,034 ] 94 Nickpown0411 - INFO - Form is closed, template sequence: 95609
[ 2024-04-16 14:35:44,034 ] 94 Nickpown0411 - INFO - Form is closed, template sequence: 95609
[ 2024-04-16 14:35:44,034 ] 94 Nickpown0411 - INFO - Form is closed, template sequence: 95609
[ 2024-04-16 14:35:44,034 ] 94 Nickpown0411 - INFO - Form is closed, template sequence: 95609
[ 2024-04-16 14:35:44,035 ] 94 Nickpown0411 - INFO - Accessing form, template sequence: 95605
[ 2024-04-16 14:35:44,035 ] 94 Nickpown0411 - INFO - Accessing form, template sequence: 95605
[ 2024-04-16 14:35:44,035 ] 94 Nickpown0411 - INFO - Accessing form, template sequence: 95605
[ 2024-04-16 14:35:44,035 ] 94 Nickpown0411 - INFO - Accessing form, template sequence: 95605
[ 2024-04-16 14:35:44,035 ] 94 Nickpown0411 - INFO - Accessing form, template sequence: 95605
[ 2024-04-16 14:35:44,035 ] 94 Nickpown0411 - INFO - Accessing form, template sequence: 95605
[ 2024-04-16 14:35:44,036 ] 94 Nickpown0411 - INFO - Form URL: https://www.shinsei.e-aichi.jp/pref-aichi-police-u/offer/offerList_detailTop?tempSeq=95605
[ 2024-04-16 14:35:44,036 ] 94 Nickpown0411 - INFO - Form URL: https://www.shinsei.e-aichi.jp/pref-aichi-police-u/offer/offerList_detailTop?tempSeq=95605
[ 2024-04-16 14:35:44,036 ] 94 Nickpown0411 - INFO - Form URL: https://www.shinsei.e-aichi.jp/pref-aichi-police-u/offer/offerList_detailTop?tempSeq=95605
[ 2024-04-16 14:35:44,036 ] 94 Nickpown0411 - INFO - Form URL: https://www.shinsei.e-aichi.jp/pref-aichi-police-u/offer/offerList_detailTop?tempSeq=95605
[ 2024-04-16 14:35:44,036 ] 94 Nickpown0411 - INFO - Form URL: https://www.shinsei.e-aichi.jp/pref-aichi-police-u/offer/offerList_detailTop?tempSeq=95605
[ 2024-04-16 14:35:44,036 ] 94 Nickpown0411 - INFO - Form URL: https://www.shinsei.e-aichi.jp/pref-aichi-police-u/offer/offerList_detailTop?tempSeq=95605
[ 2024-04-16 14:35:49,757 ] 94 Nickpown0411 - INFO - Accessed form successfully
[ 2024-04-16 14:35:49,757 ] 94 Nickpown0411 - INFO - Accessed form successfully
[ 2024-04-16 14:35:49,757 ] 94 Nickpown0411 - INFO - Accessed form successfully
[ 2024-04-16 14:35:49,757 ] 94 Nickpown0411 - INFO - Accessed form successfully
[ 2024-04-16 14:35:49,757 ] 94 Nickpown0411 - INFO - Accessed form successfully
[ 2024-04-16 14:35:49,757 ] 94 Nickpown0411 - INFO - Accessed form successfully
[ 2024-04-16 14:35:49,771 ] 94 Nickpown0411 - INFO - Form message: 大変申し訳ございません。申込数が上限に達した為、締め切らせていただきました。
[ 2024-04-16 14:35:49,771 ] 94 Nickpown0411 - INFO - Form message: 大変申し訳ございません。申込数が上限に達した為、締め切らせていただきました。
[ 2024-04-16 14:35:49,771 ] 94 Nickpown0411 - INFO - Form message: 大変申し訳ございません。申込数が上限に達した為、締め切らせていただきました。
[ 2024-04-16 14:35:49,771 ] 94 Nickpown0411 - INFO - Form message: 大変申し訳ございません。申込数が上限に達した為、締め切らせていただきました。
[ 2024-04-16 14:35:49,771 ] 94 Nickpown0411 - INFO - Form message: 大変申し訳ございません。申込数が上限に達した為、締め切らせていただきました。
[ 2024-04-16 14:35:49,771 ] 94 Nickpown0411 - INFO - Form message: 大変申し訳ございません。申込数が上限に達した為、締め切らせていただきました。
[ 2024-04-16 14:35:49,771 ] 94 Nickpown0411 - INFO - Form is closed, template sequence: 95605
[ 2024-04-16 14:35:49,771 ] 94 Nickpown0411 - INFO - Form is closed, template sequence: 95605
[ 2024-04-16 14:35:49,771 ] 94 Nickpown0411 - INFO - Form is closed, template sequence: 95605
[ 2024-04-16 14:35:49,771 ] 94 Nickpown0411 - INFO - Form is closed, template sequence: 95605
[ 2024-04-16 14:35:49,771 ] 94 Nickpown0411 - INFO - Form is closed, template sequence: 95605
[ 2024-04-16 14:35:49,771 ] 94 Nickpown0411 - INFO - Form is closed, template sequence: 95605
[ 2024-04-16 14:35:49,773 ] 94 Nickpown0411 - INFO - Accessing form, template sequence: 95607
[ 2024-04-16 14:35:49,773 ] 94 Nickpown0411 - INFO - Accessing form, template sequence: 95607
[ 2024-04-16 14:35:49,773 ] 94 Nickpown0411 - INFO - Accessing form, template sequence: 95607
[ 2024-04-16 14:35:49,773 ] 94 Nickpown0411 - INFO - Accessing form, template sequence: 95607
[ 2024-04-16 14:35:49,773 ] 94 Nickpown0411 - INFO - Accessing form, template sequence: 95607
[ 2024-04-16 14:35:49,773 ] 94 Nickpown0411 - INFO - Accessing form, template sequence: 95607
[ 2024-04-16 14:35:49,773 ] 94 Nickpown0411 - INFO - Form URL: https://www.shinsei.e-aichi.jp/pref-aichi-police-u/offer/offerList_detailTop?tempSeq=95607
[ 2024-04-16 14:35:49,773 ] 94 Nickpown0411 - INFO - Form URL: https://www.shinsei.e-aichi.jp/pref-aichi-police-u/offer/offerList_detailTop?tempSeq=95607
[ 2024-04-16 14:35:49,773 ] 94 Nickpown0411 - INFO - Form URL: https://www.shinsei.e-aichi.jp/pref-aichi-police-u/offer/offerList_detailTop?tempSeq=95607
[ 2024-04-16 14:35:49,773 ] 94 Nickpown0411 - INFO - Form URL: https://www.shinsei.e-aichi.jp/pref-aichi-police-u/offer/offerList_detailTop?tempSeq=95607
[ 2024-04-16 14:35:49,773 ] 94 Nickpown0411 - INFO - Form URL: https://www.shinsei.e-aichi.jp/pref-aichi-police-u/offer/offerList_detailTop?tempSeq=95607
[ 2024-04-16 14:35:49,773 ] 94 Nickpown0411 - INFO - Form URL: https://www.shinsei.e-aichi.jp/pref-aichi-police-u/offer/offerList_detailTop?tempSeq=95607
