[ 2024-04-16 14:34:53,458 ] 94 root - INFO - Starting all threads
[ 2024-04-16 14:34:53,458 ] 94 root - INFO - Starting all threads
[ 2024-04-16 14:34:53,458 ] 94 root - INFO - Meta: {'__module__': 'src.globals', '__doc__': '        Meta configs        ', 'keyword': 'Hirabari', 'test_mode': False, 'max_num_retry': 5, 'default_num_threads': 3, 'display_number': 50, 'main_phone_number_hash': '080-1583-0891', 'uc': True, 'headless': False, '__dict__': <attribute '__dict__' of 'Meta' objects>, '__weakref__': <attribute '__weakref__' of 'Meta' objects>}
[ 2024-04-16 14:34:53,458 ] 94 root - INFO - Meta: {'__module__': 'src.globals', '__doc__': '        Meta configs        ', 'keyword': 'Hirabari', 'test_mode': False, 'max_num_retry': 5, 'default_num_threads': 3, 'display_number': 50, 'main_phone_number_hash': '080-1583-0891', 'uc': True, 'headless': False, '__dict__': <attribute '__dict__' of 'Meta' objects>, '__weakref__': <attribute '__weakref__' of 'Meta' objects>}
[ 2024-04-16 14:34:53,458 ] 94 root - INFO - Number of dev accounts: 3
[ 2024-04-16 14:34:53,458 ] 94 root - INFO - Number of dev accounts: 3
[ 2024-04-16 14:34:53,460 ] 94 main_controller - INFO - Subprocess 0 started with trial number 0
[ 2024-04-16 14:34:53,461 ] 94 main_controller - ERROR - Account is a dictionary, convert to Account object: Username: Nickpown0411@gmail.com, Password: hoahong1234
[ 2024-04-16 14:34:55,462 ] 94 root - INFO - Thread 0 started
[ 2024-04-16 14:34:55,462 ] 94 root - INFO - Thread 0 started
[ 2024-04-16 14:34:55,479 ] 94 main_controller - INFO - Subprocess 1 started with trial number 0
[ 2024-04-16 14:34:55,482 ] 94 main_controller - ERROR - Account is a dictionary, convert to Account object: Username: marjyamada040493@gmail.com, Password: Marj0409
[ 2024-04-16 14:34:56,049 ] 94 main_controller - INFO - Browser opened
[ 2024-04-16 14:34:57,487 ] 94 root - INFO - Thread 1 started
[ 2024-04-16 14:34:57,487 ] 94 root - INFO - Thread 1 started
[ 2024-04-16 14:34:57,512 ] 94 main_controller - INFO - Subprocess 2 started with trial number 0
[ 2024-04-16 14:34:57,513 ] 94 main_controller - ERROR - Account is a dictionary, convert to Account object: Username: Jamebrown0206@gmail.com, Password: hoahong1234
[ 2024-04-16 14:34:57,609 ] 94 main_controller - INFO - Browser opened
[ 2024-04-16 14:34:59,530 ] 94 root - INFO - Thread 2 started
[ 2024-04-16 14:34:59,530 ] 94 root - INFO - Thread 2 started
[ 2024-04-16 14:35:00,220 ] 94 main_controller - INFO - Browser opened
[ 2024-04-16 14:35:02,725 ] 94 Nickpown0411 - INFO - Opened login page
[ 2024-04-16 14:35:03,657 ] 94 marjyamada040493 - INFO - Opened login page
[ 2024-04-16 14:35:04,050 ] 82 main_controller - ERROR - Caught exception: sequence item 1: expected str instance, NoSuchElementException found
Traceback (most recent call last):
  File "C:\Users\USER\Projects\AichiTool\AichiSelenium\src\controllers\access.py", line 38, in login
    browser.find_element(By.ID, "userLoginForm.userId").send_keys(self.account.username)
  File "C:\ProgramData\anaconda3\envs\aichi\lib\site-packages\seleniumbase\core\sb_driver.py", line 20, in find_element
    return self.driver.default_find_element(by=by, value=value)
  File "C:\ProgramData\anaconda3\envs\aichi\lib\site-packages\selenium\webdriver\remote\webdriver.py", line 741, in find_element
    return self.execute(Command.FIND_ELEMENT, {"using": by, "value": value})["value"]
  File "C:\ProgramData\anaconda3\envs\aichi\lib\site-packages\selenium\webdriver\remote\webdriver.py", line 347, in execute
    self.error_handler.check_response(response)
  File "C:\ProgramData\anaconda3\envs\aichi\lib\site-packages\selenium\webdriver\remote\errorhandler.py", line 229, in check_response
    raise exception_class(message, screen, stacktrace)
selenium.common.exceptions.NoSuchElementException: Message: no such element: Unable to locate element: {"method":"css selector","selector":"[id="userLoginForm.userId"]"}
  (Session info: chrome=123.0.6312.123); For documentation on this error, please visit: https://www.selenium.dev/documentation/webdriver/troubleshooting/errors#no-such-element-exception
Stacktrace:
	GetHandleVerifier [0x00007FF770D87032+63090]
	(No symbol) [0x00007FF770CF2C82]
	(No symbol) [0x00007FF770B8EC65]
	(No symbol) [0x00007FF770BD499D]
	(No symbol) [0x00007FF770BD4ADC]
	(No symbol) [0x00007FF770C15B37]
	(No symbol) [0x00007FF770BF701F]
	(No symbol) [0x00007FF770C13412]
	(No symbol) [0x00007FF770BF6D83]
	(No symbol) [0x00007FF770BC83A8]
	(No symbol) [0x00007FF770BC9441]
	GetHandleVerifier [0x00007FF7711825AD+4238317]
	GetHandleVerifier [0x00007FF7711BF70D+4488525]
	GetHandleVerifier [0x00007FF7711B79EF+4456495]
	GetHandleVerifier [0x00007FF770E60576+953270]
	(No symbol) [0x00007FF770CFE54F]
	(No symbol) [0x00007FF770CF9224]
	(No symbol) [0x00007FF770CF935B]
	(No symbol) [0x00007FF770CE9B94]
	BaseThreadInitThunk [0x00007FFDC2F1257D+29]
	RtlUserThreadStart [0x00007FFDC3E0AA48+40]


During handling of the above exception, another exception occurred:

Traceback (most recent call last):
  File "C:\Users\USER\Projects\AichiTool\AichiSelenium\src\controllers\main_controller.py", line 57, in subprocess
    result = access.login(browser)
  File "C:\Users\USER\Projects\AichiTool\AichiSelenium\src\controllers\access.py", line 51, in login
    self.logger.error("Failed to login", e)
  File "C:\Users\USER\Projects\AichiTool\AichiSelenium\src\logs.py", line 76, in error
    self._log(logging.ERROR, *msg)
  File "C:\Users\USER\Projects\AichiTool\AichiSelenium\src\logs.py", line 93, in _log
    message = " ".join(msg)
TypeError: sequence item 1: expected str instance, NoSuchElementException found
[ 2024-04-16 14:35:04,069 ] 94 main_controller - INFO - Subprocess 0 started with trial number 1
[ 2024-04-16 14:35:07,745 ] 94 main_controller - INFO - Browser opened
[ 2024-04-16 14:35:08,738 ] 94 Jamebrown0206 - INFO - Opened login page
[ 2024-04-16 14:35:13,237 ] 94 Jamebrown0206 - INFO - Logging in
[ 2024-04-16 14:35:13,244 ] 94 Jamebrown0206 - INFO - Current url: https://www.shinsei.e-aichi.jp/pref-aichi-police-u/offer/offerList_initDisplay
[ 2024-04-16 14:35:13,549 ] 94 marjyamada040493 - INFO - Logging in
[ 2024-04-16 14:35:13,578 ] 94 Jamebrown0206 - INFO - Logged in finished
[ 2024-04-16 14:35:13,577 ] 94 marjyamada040493 - INFO - Current url: https://www.shinsei.e-aichi.jp/pref-aichi-police-u/offer/offerList_initDisplay
[ 2024-04-16 14:35:13,579 ] 94 main_controller - INFO - Logged in successfully
[ 2024-04-16 14:35:13,891 ] 94 marjyamada040493 - INFO - Logged in finished
[ 2024-04-16 14:35:13,892 ] 94 main_controller - INFO - Logged in successfully
[ 2024-04-16 14:35:13,938 ] 94 main_controller - INFO - Screenshot saved to C:\Users\USER\Projects\AichiTool\AichiSelenium\logs\2024_04_16\14_34_52\screenshot_Jamebrown0206.png
[ 2024-04-16 14:35:13,941 ] 94 main_controller - INFO - Finding forms
[ 2024-04-16 14:35:13,957 ] 94 Jamebrown0206 - INFO - On main page
[ 2024-04-16 14:35:14,253 ] 94 main_controller - INFO - Screenshot saved to C:\Users\USER\Projects\AichiTool\AichiSelenium\logs\2024_04_16\14_34_52\screenshot_marjyamada040493.png
[ 2024-04-16 14:35:14,256 ] 94 main_controller - INFO - Finding forms
[ 2024-04-16 14:35:14,407 ] 94 marjyamada040493 - INFO - On main page
[ 2024-04-16 14:35:16,400 ] 94 Jamebrown0206 - INFO - Search submitted
[ 2024-04-16 14:35:16,451 ] 94 Jamebrown0206 - INFO - Collected 20 forms
[ 2024-04-16 14:35:16,561 ] 94 Jamebrown0206 - INFO - Parsed data: title: ＜05月02日(木) 08:45～09:30＞[平針]外国免許切替審査 Hirabari Exchanging Foreign Driver's License, status: None, start_date: 2024年04月18日 07時30分, end_date: 2024年04月30日 12時00分, template_seq: 96126
[ 2024-04-16 14:35:16,583 ] 94 marjyamada040493 - INFO - Search submitted
[ 2024-04-16 14:35:16,602 ] 94 Jamebrown0206 - INFO - Parsed data: title: ＜05月02日(木) 09:30～10:30＞[平針]外国免許切替審査 Hirabari Exchanging Foreign Driver's License, status: None, start_date: 2024年04月18日 07時30分, end_date: 2024年04月30日 12時00分, template_seq: 96127
[ 2024-04-16 14:35:16,629 ] 94 marjyamada040493 - INFO - Collected 20 forms
[ 2024-04-16 14:35:16,671 ] 94 Jamebrown0206 - INFO - Parsed data: title: ＜05月02日(木) 10:30～11:45＞[平針]外国免許切替審査 Hirabari Exchanging Foreign Driver's License, status: None, start_date: 2024年04月18日 07時30分, end_date: 2024年04月30日 12時00分, template_seq: 96128
[ 2024-04-16 14:35:16,709 ] 94 marjyamada040493 - INFO - Parsed data: title: ＜05月02日(木) 08:45～09:30＞[平針]外国免許切替審査 Hirabari Exchanging Foreign Driver's License, status: None, start_date: 2024年04月18日 07時30分, end_date: 2024年04月30日 12時00分, template_seq: 96126
[ 2024-04-16 14:35:16,750 ] 94 Jamebrown0206 - INFO - Parsed data: title: ＜05月02日(木) 12:45～13:30＞[平針]外国免許切替審査 Hirabari Exchanging Foreign Driver's License, status: None, start_date: 2024年04月18日 07時30分, end_date: 2024年04月30日 12時00分, template_seq: 96129
[ 2024-04-16 14:35:16,845 ] 94 Jamebrown0206 - INFO - Parsed data: title: ＜05月02日(木) 13:30～14:45＞[平針]外国免許切替審査 Hirabari Exchanging Foreign Driver's License, status: None, start_date: 2024年04月18日 07時30分, end_date: 2024年04月30日 12時00分, template_seq: 96130
[ 2024-04-16 14:35:16,864 ] 94 marjyamada040493 - INFO - Parsed data: title: ＜05月02日(木) 09:30～10:30＞[平針]外国免許切替審査 Hirabari Exchanging Foreign Driver's License, status: None, start_date: 2024年04月18日 07時30分, end_date: 2024年04月30日 12時00分, template_seq: 96127
[ 2024-04-16 14:35:16,920 ] 94 Jamebrown0206 - INFO - Parsed data: title: ＜05月01日(水) 08:45～09:30＞[平針]外国免許切替審査 Hirabari Exchanging Foreign Driver's License, status: None, start_date: 2024年04月17日 07時30分, end_date: 2024年04月26日 12時00分, template_seq: 96088
[ 2024-04-16 14:35:16,936 ] 94 marjyamada040493 - INFO - Parsed data: title: ＜05月02日(木) 10:30～11:45＞[平針]外国免許切替審査 Hirabari Exchanging Foreign Driver's License, status: None, start_date: 2024年04月18日 07時30分, end_date: 2024年04月30日 12時00分, template_seq: 96128
[ 2024-04-16 14:35:16,988 ] 94 Jamebrown0206 - INFO - Parsed data: title: ＜05月01日(水) 09:30～10:30＞[平針]外国免許切替審査 Hirabari Exchanging Foreign Driver's License, status: None, start_date: 2024年04月17日 07時30分, end_date: 2024年04月26日 12時00分, template_seq: 96089
[ 2024-04-16 14:35:17,039 ] 94 marjyamada040493 - INFO - Parsed data: title: ＜05月02日(木) 12:45～13:30＞[平針]外国免許切替審査 Hirabari Exchanging Foreign Driver's License, status: None, start_date: 2024年04月18日 07時30分, end_date: 2024年04月30日 12時00分, template_seq: 96129
[ 2024-04-16 14:35:17,054 ] 94 Jamebrown0206 - INFO - Parsed data: title: ＜05月01日(水) 10:30～11:45＞[平針]外国免許切替審査 Hirabari Exchanging Foreign Driver's License, status: None, start_date: 2024年04月17日 07時30分, end_date: 2024年04月26日 12時00分, template_seq: 96090
[ 2024-04-16 14:35:17,123 ] 94 marjyamada040493 - INFO - Parsed data: title: ＜05月02日(木) 13:30～14:45＞[平針]外国免許切替審査 Hirabari Exchanging Foreign Driver's License, status: None, start_date: 2024年04月18日 07時30分, end_date: 2024年04月30日 12時00分, template_seq: 96130
[ 2024-04-16 14:35:17,127 ] 94 Jamebrown0206 - INFO - Parsed data: title: ＜05月01日(水) 12:45～13:30＞[平針]外国免許切替審査 Hirabari Exchanging Foreign Driver's License, status: None, start_date: 2024年04月17日 07時30分, end_date: 2024年04月26日 12時00分, template_seq: 96091
[ 2024-04-16 14:35:17,187 ] 94 Jamebrown0206 - INFO - Parsed data: title: ＜05月01日(水) 13:30～14:45＞[平針]外国免許切替審査 Hirabari Exchanging Foreign Driver's License, status: None, start_date: 2024年04月17日 07時30分, end_date: 2024年04月26日 12時00分, template_seq: 96093
[ 2024-04-16 14:35:17,188 ] 94 marjyamada040493 - INFO - Parsed data: title: ＜05月01日(水) 08:45～09:30＞[平針]外国免許切替審査 Hirabari Exchanging Foreign Driver's License, status: None, start_date: 2024年04月17日 07時30分, end_date: 2024年04月26日 12時00分, template_seq: 96088
[ 2024-04-16 14:35:17,252 ] 94 Jamebrown0206 - INFO - Parsed data: title: ＜04月30日(火) 08:45～09:30＞[平針]外国免許切替審査 Hirabari Exchanging Foreign Driver's License, status: None, start_date: 2024年04月16日 07時30分, end_date: 2024年04月25日 12時00分, template_seq: 95604
[ 2024-04-16 14:35:17,254 ] 94 marjyamada040493 - INFO - Parsed data: title: ＜05月01日(水) 09:30～10:30＞[平針]外国免許切替審査 Hirabari Exchanging Foreign Driver's License, status: None, start_date: 2024年04月17日 07時30分, end_date: 2024年04月26日 12時00分, template_seq: 96089
[ 2024-04-16 14:35:17,257 ] 94 Jamebrown0206 - INFO - Parsed data: title: ＜04月30日(火) 08:45～09:30＞[平針]外国免許切替審査 Hirabari Exchanging Foreign Driver's License, status: None, start_date: 2024年04月16日 07時30分, end_date: 2024年04月25日 12時00分, template_seq: 95604
[ 2024-04-16 14:35:17,404 ] 94 Jamebrown0206 - INFO - Parsed data: title: ＜04月30日(火) 09:30～10:30＞[平針]外国免許切替審査 Hirabari Exchanging Foreign Driver's License, status: None, start_date: 2024年04月16日 07時30分, end_date: 2024年04月25日 12時00分, template_seq: 95605
[ 2024-04-16 14:35:17,408 ] 94 Jamebrown0206 - INFO - Parsed data: title: ＜04月30日(火) 09:30～10:30＞[平針]外国免許切替審査 Hirabari Exchanging Foreign Driver's License, status: None, start_date: 2024年04月16日 07時30分, end_date: 2024年04月25日 12時00分, template_seq: 95605
[ 2024-04-16 14:35:17,440 ] 94 marjyamada040493 - INFO - Parsed data: title: ＜05月01日(水) 10:30～11:45＞[平針]外国免許切替審査 Hirabari Exchanging Foreign Driver's License, status: None, start_date: 2024年04月17日 07時30分, end_date: 2024年04月26日 12時00分, template_seq: 96090
[ 2024-04-16 14:35:17,496 ] 94 Jamebrown0206 - INFO - Parsed data: title: ＜04月30日(火) 10:30～11:45＞[平針]外国免許切替審査 Hirabari Exchanging Foreign Driver's License, status: None, start_date: 2024年04月16日 07時30分, end_date: 2024年04月25日 12時00分, template_seq: 95607
[ 2024-04-16 14:35:17,499 ] 94 Jamebrown0206 - INFO - Parsed data: title: ＜04月30日(火) 10:30～11:45＞[平針]外国免許切替審査 Hirabari Exchanging Foreign Driver's License, status: None, start_date: 2024年04月16日 07時30分, end_date: 2024年04月25日 12時00分, template_seq: 95607
[ 2024-04-16 14:35:17,633 ] 94 marjyamada040493 - INFO - Parsed data: title: ＜05月01日(水) 12:45～13:30＞[平針]外国免許切替審査 Hirabari Exchanging Foreign Driver's License, status: None, start_date: 2024年04月17日 07時30分, end_date: 2024年04月26日 12時00分, template_seq: 96091
[ 2024-04-16 14:35:17,711 ] 94 Jamebrown0206 - INFO - Parsed data: title: ＜04月30日(火) 12:45～13:30＞[平針]外国免許切替審査 Hirabari Exchanging Foreign Driver's License, status: None, start_date: 2024年04月16日 07時30分, end_date: 2024年04月25日 12時00分, template_seq: 95608
[ 2024-04-16 14:35:17,717 ] 94 Jamebrown0206 - INFO - Parsed data: title: ＜04月30日(火) 12:45～13:30＞[平針]外国免許切替審査 Hirabari Exchanging Foreign Driver's License, status: None, start_date: 2024年04月16日 07時30分, end_date: 2024年04月25日 12時00分, template_seq: 95608
[ 2024-04-16 14:35:17,803 ] 94 marjyamada040493 - INFO - Parsed data: title: ＜05月01日(水) 13:30～14:45＞[平針]外国免許切替審査 Hirabari Exchanging Foreign Driver's License, status: None, start_date: 2024年04月17日 07時30分, end_date: 2024年04月26日 12時00分, template_seq: 96093
[ 2024-04-16 14:35:17,849 ] 94 Jamebrown0206 - INFO - Parsed data: title: ＜04月30日(火) 13:30～14:45＞[平針]外国免許切替審査 Hirabari Exchanging Foreign Driver's License, status: None, start_date: 2024年04月16日 07時30分, end_date: 2024年04月25日 12時00分, template_seq: 95609
[ 2024-04-16 14:35:17,852 ] 94 Jamebrown0206 - INFO - Parsed data: title: ＜04月30日(火) 13:30～14:45＞[平針]外国免許切替審査 Hirabari Exchanging Foreign Driver's License, status: None, start_date: 2024年04月16日 07時30分, end_date: 2024年04月25日 12時00分, template_seq: 95609
[ 2024-04-16 14:35:17,899 ] 94 marjyamada040493 - INFO - Parsed data: title: ＜04月30日(火) 08:45～09:30＞[平針]外国免許切替審査 Hirabari Exchanging Foreign Driver's License, status: None, start_date: 2024年04月16日 07時30分, end_date: 2024年04月25日 12時00分, template_seq: 95604
[ 2024-04-16 14:35:17,904 ] 94 marjyamada040493 - INFO - Parsed data: title: ＜04月30日(火) 08:45～09:30＞[平針]外国免許切替審査 Hirabari Exchanging Foreign Driver's License, status: None, start_date: 2024年04月16日 07時30分, end_date: 2024年04月25日 12時00分, template_seq: 95604
[ 2024-04-16 14:35:17,966 ] 94 Jamebrown0206 - INFO - Parsed data: title: ＜04月26日(金) 08:45～09:30＞[平針]外国免許切替審査 Hirabari Exchanging Foreign Driver's License, status: None, start_date: 2024年04月12日 07時30分, end_date: 2024年04月24日 12時00分, template_seq: 95410
[ 2024-04-16 14:35:18,037 ] 94 marjyamada040493 - INFO - Parsed data: title: ＜04月30日(火) 09:30～10:30＞[平針]外国免許切替審査 Hirabari Exchanging Foreign Driver's License, status: None, start_date: 2024年04月16日 07時30分, end_date: 2024年04月25日 12時00分, template_seq: 95605
[ 2024-04-16 14:35:18,041 ] 94 marjyamada040493 - INFO - Parsed data: title: ＜04月30日(火) 09:30～10:30＞[平針]外国免許切替審査 Hirabari Exchanging Foreign Driver's License, status: None, start_date: 2024年04月16日 07時30分, end_date: 2024年04月25日 12時00分, template_seq: 95605
[ 2024-04-16 14:35:18,060 ] 94 Jamebrown0206 - INFO - Parsed data: title: ＜04月26日(金) 09:30～10:30＞[平針]外国免許切替審査 Hirabari Exchanging Foreign Driver's License, status: None, start_date: 2024年04月12日 07時30分, end_date: 2024年04月24日 12時00分, template_seq: 95411
[ 2024-04-16 14:35:18,146 ] 94 marjyamada040493 - INFO - Parsed data: title: ＜04月30日(火) 10:30～11:45＞[平針]外国免許切替審査 Hirabari Exchanging Foreign Driver's License, status: None, start_date: 2024年04月16日 07時30分, end_date: 2024年04月25日 12時00分, template_seq: 95607
[ 2024-04-16 14:35:18,147 ] 94 Jamebrown0206 - INFO - Parsed data: title: ＜04月26日(金) 10:30～11:45＞[平針]外国免許切替審査 Hirabari Exchanging Foreign Driver's License, status: None, start_date: 2024年04月12日 07時30分, end_date: 2024年04月24日 12時00分, template_seq: 95412
[ 2024-04-16 14:35:18,149 ] 94 marjyamada040493 - INFO - Parsed data: title: ＜04月30日(火) 10:30～11:45＞[平針]外国免許切替審査 Hirabari Exchanging Foreign Driver's License, status: None, start_date: 2024年04月16日 07時30分, end_date: 2024年04月25日 12時00分, template_seq: 95607
[ 2024-04-16 14:35:18,253 ] 94 marjyamada040493 - INFO - Parsed data: title: ＜04月30日(火) 12:45～13:30＞[平針]外国免許切替審査 Hirabari Exchanging Foreign Driver's License, status: None, start_date: 2024年04月16日 07時30分, end_date: 2024年04月25日 12時00分, template_seq: 95608
[ 2024-04-16 14:35:18,260 ] 94 marjyamada040493 - INFO - Parsed data: title: ＜04月30日(火) 12:45～13:30＞[平針]外国免許切替審査 Hirabari Exchanging Foreign Driver's License, status: None, start_date: 2024年04月16日 07時30分, end_date: 2024年04月25日 12時00分, template_seq: 95608
[ 2024-04-16 14:35:18,290 ] 94 Jamebrown0206 - INFO - Parsed data: title: ＜04月26日(金) 12:45～13:30＞[平針]外国免許切替審査 Hirabari Exchanging Foreign Driver's License, status: None, start_date: 2024年04月12日 07時30分, end_date: 2024年04月24日 12時00分, template_seq: 95413
[ 2024-04-16 14:35:18,301 ] 94 Nickpown0411 - INFO - Opened login page
[ 2024-04-16 14:35:18,442 ] 94 marjyamada040493 - INFO - Parsed data: title: ＜04月30日(火) 13:30～14:45＞[平針]外国免許切替審査 Hirabari Exchanging Foreign Driver's License, status: None, start_date: 2024年04月16日 07時30分, end_date: 2024年04月25日 12時00分, template_seq: 95609
[ 2024-04-16 14:35:18,444 ] 94 marjyamada040493 - INFO - Parsed data: title: ＜04月30日(火) 13:30～14:45＞[平針]外国免許切替審査 Hirabari Exchanging Foreign Driver's License, status: None, start_date: 2024年04月16日 07時30分, end_date: 2024年04月25日 12時00分, template_seq: 95609
[ 2024-04-16 14:35:18,513 ] 94 Jamebrown0206 - INFO - Parsed data: title: ＜04月26日(金) 13:30～14:45＞[平針]外国免許切替審査 Hirabari Exchanging Foreign Driver's License, status: None, start_date: 2024年04月12日 07時30分, end_date: 2024年04月24日 12時00分, template_seq: 95414
[ 2024-04-16 14:35:18,519 ] 94 Jamebrown0206 - INFO - Number of filtered forms left is: 5 form(s)
[ 2024-04-16 14:35:18,520 ] 94 main_controller - INFO - Found 5 form(s)
[ 2024-04-16 14:35:18,523 ] 94 Jamebrown0206 - INFO - Accessing form, template sequence: 95605
[ 2024-04-16 14:35:18,524 ] 94 Jamebrown0206 - INFO - Form URL: https://www.shinsei.e-aichi.jp/pref-aichi-police-u/offer/offerList_detailTop?tempSeq=95605
[ 2024-04-16 14:35:18,623 ] 94 marjyamada040493 - INFO - Parsed data: title: ＜04月26日(金) 08:45～09:30＞[平針]外国免許切替審査 Hirabari Exchanging Foreign Driver's License, status: None, start_date: 2024年04月12日 07時30分, end_date: 2024年04月24日 12時00分, template_seq: 95410
[ 2024-04-16 14:35:18,685 ] 94 marjyamada040493 - INFO - Parsed data: title: ＜04月26日(金) 09:30～10:30＞[平針]外国免許切替審査 Hirabari Exchanging Foreign Driver's License, status: None, start_date: 2024年04月12日 07時30分, end_date: 2024年04月24日 12時00分, template_seq: 95411
[ 2024-04-16 14:35:18,735 ] 94 marjyamada040493 - INFO - Parsed data: title: ＜04月26日(金) 10:30～11:45＞[平針]外国免許切替審査 Hirabari Exchanging Foreign Driver's License, status: None, start_date: 2024年04月12日 07時30分, end_date: 2024年04月24日 12時00分, template_seq: 95412
[ 2024-04-16 14:35:18,788 ] 94 marjyamada040493 - INFO - Parsed data: title: ＜04月26日(金) 12:45～13:30＞[平針]外国免許切替審査 Hirabari Exchanging Foreign Driver's License, status: None, start_date: 2024年04月12日 07時30分, end_date: 2024年04月24日 12時00分, template_seq: 95413
[ 2024-04-16 14:35:18,851 ] 94 marjyamada040493 - INFO - Parsed data: title: ＜04月26日(金) 13:30～14:45＞[平針]外国免許切替審査 Hirabari Exchanging Foreign Driver's License, status: None, start_date: 2024年04月12日 07時30分, end_date: 2024年04月24日 12時00分, template_seq: 95414
[ 2024-04-16 14:35:18,856 ] 94 marjyamada040493 - INFO - Number of filtered forms left is: 5 form(s)
[ 2024-04-16 14:35:18,857 ] 94 main_controller - INFO - Found 5 form(s)
[ 2024-04-16 14:35:18,858 ] 94 marjyamada040493 - INFO - Accessing form, template sequence: 95608
[ 2024-04-16 14:35:18,858 ] 94 marjyamada040493 - INFO - Form URL: https://www.shinsei.e-aichi.jp/pref-aichi-police-u/offer/offerList_detailTop?tempSeq=95608
[ 2024-04-16 14:35:22,660 ] 94 Nickpown0411 - INFO - Logging in
[ 2024-04-16 14:35:22,668 ] 94 Nickpown0411 - INFO - Current url: https://www.shinsei.e-aichi.jp/pref-aichi-police-u/offer/offerList_initDisplay
[ 2024-04-16 14:35:22,986 ] 94 Nickpown0411 - INFO - Logged in finished
[ 2024-04-16 14:35:22,986 ] 94 main_controller - INFO - Logged in successfully
[ 2024-04-16 14:35:23,235 ] 94 main_controller - INFO - Screenshot saved to C:\Users\USER\Projects\AichiTool\AichiSelenium\logs\2024_04_16\14_34_52\screenshot_Nickpown0411.png
[ 2024-04-16 14:35:23,236 ] 94 main_controller - INFO - Finding forms
[ 2024-04-16 14:35:23,248 ] 94 Nickpown0411 - INFO - On main page
[ 2024-04-16 14:35:24,044 ] 94 Jamebrown0206 - INFO - Accessed form successfully
[ 2024-04-16 14:35:24,063 ] 94 Jamebrown0206 - INFO - Form message: 大変申し訳ございません。申込数が上限に達した為、締め切らせていただきました。
[ 2024-04-16 14:35:24,065 ] 94 Jamebrown0206 - INFO - Form is closed, template sequence: 95605
[ 2024-04-16 14:35:24,065 ] 94 main_controller - INFO - Form is closed, template sequence: 95605
[ 2024-04-16 14:35:24,066 ] 94 main_controller - INFO - Remaining form(s): 4
[ 2024-04-16 14:35:24,066 ] 94 Jamebrown0206 - INFO - Accessing form, template sequence: 95609
[ 2024-04-16 14:35:24,066 ] 94 Jamebrown0206 - INFO - Form URL: https://www.shinsei.e-aichi.jp/pref-aichi-police-u/offer/offerList_detailTop?tempSeq=95609
[ 2024-04-16 14:35:24,832 ] 94 marjyamada040493 - INFO - Accessed form successfully
[ 2024-04-16 14:35:24,932 ] 94 marjyamada040493 - INFO - Form message: 大変申し訳ございません。申込数が上限に達した為、締め切らせていただきました。
[ 2024-04-16 14:35:24,934 ] 94 marjyamada040493 - INFO - Form is closed, template sequence: 95608
[ 2024-04-16 14:35:24,936 ] 94 main_controller - INFO - Form is closed, template sequence: 95608
[ 2024-04-16 14:35:24,937 ] 94 main_controller - INFO - Remaining form(s): 4
[ 2024-04-16 14:35:24,937 ] 94 marjyamada040493 - INFO - Accessing form, template sequence: 95604
[ 2024-04-16 14:35:24,938 ] 94 marjyamada040493 - INFO - Form URL: https://www.shinsei.e-aichi.jp/pref-aichi-police-u/offer/offerList_detailTop?tempSeq=95604
[ 2024-04-16 14:35:25,178 ] 94 Nickpown0411 - INFO - Search submitted
[ 2024-04-16 14:35:25,204 ] 94 Nickpown0411 - INFO - Collected 20 forms
[ 2024-04-16 14:35:25,275 ] 94 Nickpown0411 - INFO - Parsed data: title: ＜05月02日(木) 08:45～09:30＞[平針]外国免許切替審査 Hirabari Exchanging Foreign Driver's License, status: None, start_date: 2024年04月18日 07時30分, end_date: 2024年04月30日 12時00分, template_seq: 96126
[ 2024-04-16 14:35:25,324 ] 94 Nickpown0411 - INFO - Parsed data: title: ＜05月02日(木) 09:30～10:30＞[平針]外国免許切替審査 Hirabari Exchanging Foreign Driver's License, status: None, start_date: 2024年04月18日 07時30分, end_date: 2024年04月30日 12時00分, template_seq: 96127
[ 2024-04-16 14:35:25,393 ] 94 Nickpown0411 - INFO - Parsed data: title: ＜05月02日(木) 10:30～11:45＞[平針]外国免許切替審査 Hirabari Exchanging Foreign Driver's License, status: None, start_date: 2024年04月18日 07時30分, end_date: 2024年04月30日 12時00分, template_seq: 96128
[ 2024-04-16 14:35:25,501 ] 94 Nickpown0411 - INFO - Parsed data: title: ＜05月02日(木) 12:45～13:30＞[平針]外国免許切替審査 Hirabari Exchanging Foreign Driver's License, status: None, start_date: 2024年04月18日 07時30分, end_date: 2024年04月30日 12時00分, template_seq: 96129
[ 2024-04-16 14:35:25,581 ] 94 Nickpown0411 - INFO - Parsed data: title: ＜05月02日(木) 13:30～14:45＞[平針]外国免許切替審査 Hirabari Exchanging Foreign Driver's License, status: None, start_date: 2024年04月18日 07時30分, end_date: 2024年04月30日 12時00分, template_seq: 96130
[ 2024-04-16 14:35:25,678 ] 94 Nickpown0411 - INFO - Parsed data: title: ＜05月01日(水) 08:45～09:30＞[平針]外国免許切替審査 Hirabari Exchanging Foreign Driver's License, status: None, start_date: 2024年04月17日 07時30分, end_date: 2024年04月26日 12時00分, template_seq: 96088
[ 2024-04-16 14:35:25,771 ] 94 Nickpown0411 - INFO - Parsed data: title: ＜05月01日(水) 09:30～10:30＞[平針]外国免許切替審査 Hirabari Exchanging Foreign Driver's License, status: None, start_date: 2024年04月17日 07時30分, end_date: 2024年04月26日 12時00分, template_seq: 96089
[ 2024-04-16 14:35:25,835 ] 94 Nickpown0411 - INFO - Parsed data: title: ＜05月01日(水) 10:30～11:45＞[平針]外国免許切替審査 Hirabari Exchanging Foreign Driver's License, status: None, start_date: 2024年04月17日 07時30分, end_date: 2024年04月26日 12時00分, template_seq: 96090
[ 2024-04-16 14:35:25,900 ] 94 Nickpown0411 - INFO - Parsed data: title: ＜05月01日(水) 12:45～13:30＞[平針]外国免許切替審査 Hirabari Exchanging Foreign Driver's License, status: None, start_date: 2024年04月17日 07時30分, end_date: 2024年04月26日 12時00分, template_seq: 96091
[ 2024-04-16 14:35:25,955 ] 94 Nickpown0411 - INFO - Parsed data: title: ＜05月01日(水) 13:30～14:45＞[平針]外国免許切替審査 Hirabari Exchanging Foreign Driver's License, status: None, start_date: 2024年04月17日 07時30分, end_date: 2024年04月26日 12時00分, template_seq: 96093
[ 2024-04-16 14:35:25,998 ] 94 Nickpown0411 - INFO - Parsed data: title: ＜04月30日(火) 08:45～09:30＞[平針]外国免許切替審査 Hirabari Exchanging Foreign Driver's License, status: None, start_date: 2024年04月16日 07時30分, end_date: 2024年04月25日 12時00分, template_seq: 95604
[ 2024-04-16 14:35:25,999 ] 94 Nickpown0411 - INFO - Parsed data: title: ＜04月30日(火) 08:45～09:30＞[平針]外国免許切替審査 Hirabari Exchanging Foreign Driver's License, status: None, start_date: 2024年04月16日 07時30分, end_date: 2024年04月25日 12時00分, template_seq: 95604
[ 2024-04-16 14:35:26,055 ] 94 Nickpown0411 - INFO - Parsed data: title: ＜04月30日(火) 09:30～10:30＞[平針]外国免許切替審査 Hirabari Exchanging Foreign Driver's License, status: None, start_date: 2024年04月16日 07時30分, end_date: 2024年04月25日 12時00分, template_seq: 95605
[ 2024-04-16 14:35:26,057 ] 94 Nickpown0411 - INFO - Parsed data: title: ＜04月30日(火) 09:30～10:30＞[平針]外国免許切替審査 Hirabari Exchanging Foreign Driver's License, status: None, start_date: 2024年04月16日 07時30分, end_date: 2024年04月25日 12時00分, template_seq: 95605
[ 2024-04-16 14:35:26,293 ] 94 Nickpown0411 - INFO - Parsed data: title: ＜04月30日(火) 10:30～11:45＞[平針]外国免許切替審査 Hirabari Exchanging Foreign Driver's License, status: None, start_date: 2024年04月16日 07時30分, end_date: 2024年04月25日 12時00分, template_seq: 95607
[ 2024-04-16 14:35:26,299 ] 94 Nickpown0411 - INFO - Parsed data: title: ＜04月30日(火) 10:30～11:45＞[平針]外国免許切替審査 Hirabari Exchanging Foreign Driver's License, status: None, start_date: 2024年04月16日 07時30分, end_date: 2024年04月25日 12時00分, template_seq: 95607
[ 2024-04-16 14:35:26,394 ] 94 Nickpown0411 - INFO - Parsed data: title: ＜04月30日(火) 12:45～13:30＞[平針]外国免許切替審査 Hirabari Exchanging Foreign Driver's License, status: None, start_date: 2024年04月16日 07時30分, end_date: 2024年04月25日 12時00分, template_seq: 95608
[ 2024-04-16 14:35:26,395 ] 94 Nickpown0411 - INFO - Parsed data: title: ＜04月30日(火) 12:45～13:30＞[平針]外国免許切替審査 Hirabari Exchanging Foreign Driver's License, status: None, start_date: 2024年04月16日 07時30分, end_date: 2024年04月25日 12時00分, template_seq: 95608
[ 2024-04-16 14:35:26,463 ] 94 Nickpown0411 - INFO - Parsed data: title: ＜04月30日(火) 13:30～14:45＞[平針]外国免許切替審査 Hirabari Exchanging Foreign Driver's License, status: None, start_date: 2024年04月16日 07時30分, end_date: 2024年04月25日 12時00分, template_seq: 95609
[ 2024-04-16 14:35:26,466 ] 94 Nickpown0411 - INFO - Parsed data: title: ＜04月30日(火) 13:30～14:45＞[平針]外国免許切替審査 Hirabari Exchanging Foreign Driver's License, status: None, start_date: 2024年04月16日 07時30分, end_date: 2024年04月25日 12時00分, template_seq: 95609
[ 2024-04-16 14:35:26,546 ] 94 Nickpown0411 - INFO - Parsed data: title: ＜04月26日(金) 08:45～09:30＞[平針]外国免許切替審査 Hirabari Exchanging Foreign Driver's License, status: None, start_date: 2024年04月12日 07時30分, end_date: 2024年04月24日 12時00分, template_seq: 95410
[ 2024-04-16 14:35:26,694 ] 94 Nickpown0411 - INFO - Parsed data: title: ＜04月26日(金) 09:30～10:30＞[平針]外国免許切替審査 Hirabari Exchanging Foreign Driver's License, status: None, start_date: 2024年04月12日 07時30分, end_date: 2024年04月24日 12時00分, template_seq: 95411
[ 2024-04-16 14:35:26,809 ] 94 Nickpown0411 - INFO - Parsed data: title: ＜04月26日(金) 10:30～11:45＞[平針]外国免許切替審査 Hirabari Exchanging Foreign Driver's License, status: None, start_date: 2024年04月12日 07時30分, end_date: 2024年04月24日 12時00分, template_seq: 95412
[ 2024-04-16 14:35:26,936 ] 94 Nickpown0411 - INFO - Parsed data: title: ＜04月26日(金) 12:45～13:30＞[平針]外国免許切替審査 Hirabari Exchanging Foreign Driver's License, status: None, start_date: 2024年04月12日 07時30分, end_date: 2024年04月24日 12時00分, template_seq: 95413
[ 2024-04-16 14:35:27,032 ] 94 Nickpown0411 - INFO - Parsed data: title: ＜04月26日(金) 13:30～14:45＞[平針]外国免許切替審査 Hirabari Exchanging Foreign Driver's License, status: None, start_date: 2024年04月12日 07時30分, end_date: 2024年04月24日 12時00分, template_seq: 95414
[ 2024-04-16 14:35:27,033 ] 94 Nickpown0411 - INFO - Number of filtered forms left is: 5 form(s)
[ 2024-04-16 14:35:27,035 ] 94 main_controller - INFO - Found 5 form(s)
[ 2024-04-16 14:35:27,035 ] 94 Nickpown0411 - INFO - Accessing form, template sequence: 95604
[ 2024-04-16 14:35:27,036 ] 94 Nickpown0411 - INFO - Form URL: https://www.shinsei.e-aichi.jp/pref-aichi-police-u/offer/offerList_detailTop?tempSeq=95604
[ 2024-04-16 14:35:30,066 ] 94 Jamebrown0206 - INFO - Accessed form successfully
[ 2024-04-16 14:35:30,083 ] 94 Jamebrown0206 - INFO - Form message: 大変申し訳ございません。申込数が上限に達した為、締め切らせていただきました。
[ 2024-04-16 14:35:30,084 ] 94 Jamebrown0206 - INFO - Form is closed, template sequence: 95609
[ 2024-04-16 14:35:30,084 ] 94 main_controller - INFO - Form is closed, template sequence: 95609
[ 2024-04-16 14:35:30,085 ] 94 main_controller - INFO - Remaining form(s): 3
[ 2024-04-16 14:35:30,085 ] 94 Jamebrown0206 - INFO - Accessing form, template sequence: 95604
[ 2024-04-16 14:35:30,086 ] 94 Jamebrown0206 - INFO - Form URL: https://www.shinsei.e-aichi.jp/pref-aichi-police-u/offer/offerList_detailTop?tempSeq=95604
[ 2024-04-16 14:35:30,739 ] 94 marjyamada040493 - INFO - Accessed form successfully
[ 2024-04-16 14:35:30,753 ] 94 marjyamada040493 - INFO - Form message: 大変申し訳ございません。申込数が上限に達した為、締め切らせていただきました。
[ 2024-04-16 14:35:30,754 ] 94 marjyamada040493 - INFO - Form is closed, template sequence: 95604
[ 2024-04-16 14:35:30,754 ] 94 main_controller - INFO - Form is closed, template sequence: 95604
[ 2024-04-16 14:35:30,754 ] 94 main_controller - INFO - Remaining form(s): 3
[ 2024-04-16 14:35:30,754 ] 94 marjyamada040493 - INFO - Accessing form, template sequence: 95607
[ 2024-04-16 14:35:30,754 ] 94 marjyamada040493 - INFO - Form URL: https://www.shinsei.e-aichi.jp/pref-aichi-police-u/offer/offerList_detailTop?tempSeq=95607
[ 2024-04-16 14:35:32,685 ] 94 Nickpown0411 - INFO - Accessed form successfully
[ 2024-04-16 14:35:32,722 ] 94 Nickpown0411 - INFO - Form message: 大変申し訳ございません。申込数が上限に達した為、締め切らせていただきました。
[ 2024-04-16 14:35:32,723 ] 94 Nickpown0411 - INFO - Form is closed, template sequence: 95604
[ 2024-04-16 14:35:32,723 ] 94 main_controller - INFO - Form is closed, template sequence: 95604
[ 2024-04-16 14:35:32,724 ] 94 main_controller - INFO - Remaining form(s): 4
[ 2024-04-16 14:35:32,724 ] 94 Nickpown0411 - INFO - Accessing form, template sequence: 95608
[ 2024-04-16 14:35:32,725 ] 94 Nickpown0411 - INFO - Form URL: https://www.shinsei.e-aichi.jp/pref-aichi-police-u/offer/offerList_detailTop?tempSeq=95608
[ 2024-04-16 14:35:35,771 ] 94 Jamebrown0206 - INFO - Accessed form successfully
[ 2024-04-16 14:35:35,797 ] 94 Jamebrown0206 - INFO - Form message: 大変申し訳ございません。申込数が上限に達した為、締め切らせていただきました。
[ 2024-04-16 14:35:35,799 ] 94 Jamebrown0206 - INFO - Form is closed, template sequence: 95604
[ 2024-04-16 14:35:35,800 ] 94 main_controller - INFO - Form is closed, template sequence: 95604
[ 2024-04-16 14:35:35,801 ] 94 main_controller - INFO - Remaining form(s): 2
[ 2024-04-16 14:35:35,801 ] 94 Jamebrown0206 - INFO - Accessing form, template sequence: 95607
[ 2024-04-16 14:35:35,802 ] 94 Jamebrown0206 - INFO - Form URL: https://www.shinsei.e-aichi.jp/pref-aichi-police-u/offer/offerList_detailTop?tempSeq=95607
[ 2024-04-16 14:35:36,603 ] 94 marjyamada040493 - INFO - Accessed form successfully
[ 2024-04-16 14:35:36,617 ] 94 marjyamada040493 - INFO - Form message: 大変申し訳ございません。申込数が上限に達した為、締め切らせていただきました。
[ 2024-04-16 14:35:36,617 ] 94 marjyamada040493 - INFO - Form is closed, template sequence: 95607
[ 2024-04-16 14:35:36,618 ] 94 main_controller - INFO - Form is closed, template sequence: 95607
[ 2024-04-16 14:35:36,618 ] 94 main_controller - INFO - Remaining form(s): 2
[ 2024-04-16 14:35:36,618 ] 94 marjyamada040493 - INFO - Accessing form, template sequence: 95609
[ 2024-04-16 14:35:36,619 ] 94 marjyamada040493 - INFO - Form URL: https://www.shinsei.e-aichi.jp/pref-aichi-police-u/offer/offerList_detailTop?tempSeq=95609
[ 2024-04-16 14:35:38,398 ] 94 Nickpown0411 - INFO - Accessed form successfully
[ 2024-04-16 14:35:38,411 ] 94 Nickpown0411 - INFO - Form message: 大変申し訳ございません。申込数が上限に達した為、締め切らせていただきました。
[ 2024-04-16 14:35:38,412 ] 94 Nickpown0411 - INFO - Form is closed, template sequence: 95608
[ 2024-04-16 14:35:38,412 ] 94 main_controller - INFO - Form is closed, template sequence: 95608
[ 2024-04-16 14:35:38,412 ] 94 main_controller - INFO - Remaining form(s): 3
[ 2024-04-16 14:35:38,412 ] 94 Nickpown0411 - INFO - Accessing form, template sequence: 95609
[ 2024-04-16 14:35:38,412 ] 94 Nickpown0411 - INFO - Form URL: https://www.shinsei.e-aichi.jp/pref-aichi-police-u/offer/offerList_detailTop?tempSeq=95609
[ 2024-04-16 14:35:41,414 ] 94 Jamebrown0206 - INFO - Accessed form successfully
[ 2024-04-16 14:35:41,427 ] 94 Jamebrown0206 - INFO - Form message: 大変申し訳ございません。申込数が上限に達した為、締め切らせていただきました。
[ 2024-04-16 14:35:41,428 ] 94 Jamebrown0206 - INFO - Form is closed, template sequence: 95607
[ 2024-04-16 14:35:41,428 ] 94 main_controller - INFO - Form is closed, template sequence: 95607
[ 2024-04-16 14:35:41,428 ] 94 main_controller - INFO - Remaining form(s): 1
[ 2024-04-16 14:35:41,429 ] 94 Jamebrown0206 - INFO - Accessing form, template sequence: 95608
[ 2024-04-16 14:35:41,429 ] 94 Jamebrown0206 - INFO - Form URL: https://www.shinsei.e-aichi.jp/pref-aichi-police-u/offer/offerList_detailTop?tempSeq=95608
[ 2024-04-16 14:35:42,295 ] 94 marjyamada040493 - INFO - Accessed form successfully
[ 2024-04-16 14:35:42,309 ] 94 marjyamada040493 - INFO - Form message: 大変申し訳ございません。申込数が上限に達した為、締め切らせていただきました。
[ 2024-04-16 14:35:42,310 ] 94 marjyamada040493 - INFO - Form is closed, template sequence: 95609
[ 2024-04-16 14:35:42,310 ] 94 main_controller - INFO - Form is closed, template sequence: 95609
[ 2024-04-16 14:35:42,310 ] 94 main_controller - INFO - Remaining form(s): 1
[ 2024-04-16 14:35:42,310 ] 94 marjyamada040493 - INFO - Accessing form, template sequence: 95605
[ 2024-04-16 14:35:42,311 ] 94 marjyamada040493 - INFO - Form URL: https://www.shinsei.e-aichi.jp/pref-aichi-police-u/offer/offerList_detailTop?tempSeq=95605
[ 2024-04-16 14:35:44,020 ] 94 Nickpown0411 - INFO - Accessed form successfully
[ 2024-04-16 14:35:44,033 ] 94 Nickpown0411 - INFO - Form message: 大変申し訳ございません。申込数が上限に達した為、締め切らせていただきました。
[ 2024-04-16 14:35:44,034 ] 94 Nickpown0411 - INFO - Form is closed, template sequence: 95609
[ 2024-04-16 14:35:44,034 ] 94 main_controller - INFO - Form is closed, template sequence: 95609
[ 2024-04-16 14:35:44,035 ] 94 main_controller - INFO - Remaining form(s): 2
[ 2024-04-16 14:35:44,035 ] 94 Nickpown0411 - INFO - Accessing form, template sequence: 95605
[ 2024-04-16 14:35:44,036 ] 94 Nickpown0411 - INFO - Form URL: https://www.shinsei.e-aichi.jp/pref-aichi-police-u/offer/offerList_detailTop?tempSeq=95605
[ 2024-04-16 14:35:47,096 ] 94 Jamebrown0206 - INFO - Accessed form successfully
[ 2024-04-16 14:35:47,110 ] 94 Jamebrown0206 - INFO - Form message: 大変申し訳ございません。申込数が上限に達した為、締め切らせていただきました。
[ 2024-04-16 14:35:47,110 ] 94 Jamebrown0206 - INFO - Form is closed, template sequence: 95608
[ 2024-04-16 14:35:47,110 ] 94 main_controller - INFO - Form is closed, template sequence: 95608
[ 2024-04-16 14:35:47,111 ] 94 main_controller - INFO - Remaining form(s): 0
[ 2024-04-16 14:35:47,111 ] 94 main_controller - INFO - All forms passed
[ 2024-04-16 14:35:47,988 ] 94 marjyamada040493 - INFO - Accessed form successfully
[ 2024-04-16 14:35:48,006 ] 94 marjyamada040493 - INFO - Form message: 大変申し訳ございません。申込数が上限に達した為、締め切らせていただきました。
[ 2024-04-16 14:35:48,008 ] 94 marjyamada040493 - INFO - Form is closed, template sequence: 95605
[ 2024-04-16 14:35:48,008 ] 94 main_controller - INFO - Form is closed, template sequence: 95605
[ 2024-04-16 14:35:48,008 ] 94 main_controller - INFO - Remaining form(s): 0
[ 2024-04-16 14:35:48,008 ] 94 main_controller - INFO - All forms passed
[ 2024-04-16 14:35:49,757 ] 94 Nickpown0411 - INFO - Accessed form successfully
[ 2024-04-16 14:35:49,771 ] 94 Nickpown0411 - INFO - Form message: 大変申し訳ございません。申込数が上限に達した為、締め切らせていただきました。
[ 2024-04-16 14:35:49,771 ] 94 Nickpown0411 - INFO - Form is closed, template sequence: 95605
[ 2024-04-16 14:35:49,771 ] 94 main_controller - INFO - Form is closed, template sequence: 95605
[ 2024-04-16 14:35:49,771 ] 94 main_controller - INFO - Remaining form(s): 1
[ 2024-04-16 14:35:49,773 ] 94 Nickpown0411 - INFO - Accessing form, template sequence: 95607
[ 2024-04-16 14:35:49,773 ] 94 Nickpown0411 - INFO - Form URL: https://www.shinsei.e-aichi.jp/pref-aichi-police-u/offer/offerList_detailTop?tempSeq=95607
