[ 2024-04-23 22:40:16,780 ] 94 nihahi50 - INFO - Opened login page
[ 2024-04-23 22:40:16,780 ] 94 nihahi50 - INFO - Opened login page
[ 2024-04-23 22:40:16,780 ] 94 nihahi50 - INFO - Opened login page
[ 2024-04-23 22:40:20,578 ] 94 nihahi50 - INFO - Logging in
[ 2024-04-23 22:40:20,578 ] 94 nihahi50 - INFO - Logging in
[ 2024-04-23 22:40:20,578 ] 94 nihahi50 - INFO - Logging in
[ 2024-04-23 22:40:20,598 ] 94 nihahi50 - INFO - Current url: https://www.shinsei.e-aichi.jp/pref-aichi-police-u/offer/offerList_initDisplay
[ 2024-04-23 22:40:20,598 ] 94 nihahi50 - INFO - Current url: https://www.shinsei.e-aichi.jp/pref-aichi-police-u/offer/offerList_initDisplay
[ 2024-04-23 22:40:20,598 ] 94 nihahi50 - INFO - Current url: https://www.shinsei.e-aichi.jp/pref-aichi-police-u/offer/offerList_initDisplay
[ 2024-04-23 22:40:20,910 ] 94 nihahi50 - INFO - Logged in finished
[ 2024-04-23 22:40:20,910 ] 94 nihahi50 - INFO - Logged in finished
[ 2024-04-23 22:40:20,910 ] 94 nihahi50 - INFO - Logged in finished
[ 2024-04-23 22:40:21,345 ] 94 nihahi50 - INFO - On main page
[ 2024-04-23 22:40:21,345 ] 94 nihahi50 - INFO - On main page
[ 2024-04-23 22:40:21,345 ] 94 nihahi50 - INFO - On main page
[ 2024-04-23 22:40:23,220 ] 94 nihahi50 - INFO - Search submitted
[ 2024-04-23 22:40:23,220 ] 94 nihahi50 - INFO - Search submitted
[ 2024-04-23 22:40:23,220 ] 94 nihahi50 - INFO - Search submitted
[ 2024-04-23 22:40:23,244 ] 94 nihahi50 - INFO - Collected 20 forms
[ 2024-04-23 22:40:23,244 ] 94 nihahi50 - INFO - Collected 20 forms
[ 2024-04-23 22:40:23,244 ] 94 nihahi50 - INFO - Collected 20 forms
[ 2024-04-23 22:40:23,296 ] 94 nihahi50 - INFO - Parsed data: title: ＜05月09日(木) 08:45～09:30＞[平針]外国免許切替審査 Hirabari Exchanging Foreign Driver's License, status: 近日受付開始, start_date: 2024年04月25日 07時30分, end_date: 2024年05月07日 12時00分, template_seq: 96458
[ 2024-04-23 22:40:23,296 ] 94 nihahi50 - INFO - Parsed data: title: ＜05月09日(木) 08:45～09:30＞[平針]外国免許切替審査 Hirabari Exchanging Foreign Driver's License, status: 近日受付開始, start_date: 2024年04月25日 07時30分, end_date: 2024年05月07日 12時00分, template_seq: 96458
[ 2024-04-23 22:40:23,296 ] 94 nihahi50 - INFO - Parsed data: title: ＜05月09日(木) 08:45～09:30＞[平針]外国免許切替審査 Hirabari Exchanging Foreign Driver's License, status: 近日受付開始, start_date: 2024年04月25日 07時30分, end_date: 2024年05月07日 12時00分, template_seq: 96458
[ 2024-04-23 22:40:23,300 ] 94 nihahi50 - INFO - Skip form with passed, ended, or not today status
[ 2024-04-23 22:40:23,300 ] 94 nihahi50 - INFO - Skip form with passed, ended, or not today status
[ 2024-04-23 22:40:23,300 ] 94 nihahi50 - INFO - Skip form with passed, ended, or not today status
[ 2024-04-23 22:40:23,365 ] 94 nihahi50 - INFO - Parsed data: title: ＜05月09日(木) 09:30～10:30＞[平針]外国免許切替審査 Hirabari Exchanging Foreign Driver's License, status: 近日受付開始, start_date: 2024年04月25日 07時30分, end_date: 2024年05月07日 12時00分, template_seq: 96459
[ 2024-04-23 22:40:23,365 ] 94 nihahi50 - INFO - Parsed data: title: ＜05月09日(木) 09:30～10:30＞[平針]外国免許切替審査 Hirabari Exchanging Foreign Driver's License, status: 近日受付開始, start_date: 2024年04月25日 07時30分, end_date: 2024年05月07日 12時00分, template_seq: 96459
[ 2024-04-23 22:40:23,365 ] 94 nihahi50 - INFO - Parsed data: title: ＜05月09日(木) 09:30～10:30＞[平針]外国免許切替審査 Hirabari Exchanging Foreign Driver's License, status: 近日受付開始, start_date: 2024年04月25日 07時30分, end_date: 2024年05月07日 12時00分, template_seq: 96459
[ 2024-04-23 22:40:23,367 ] 94 nihahi50 - INFO - Skip form with passed, ended, or not today status
[ 2024-04-23 22:40:23,367 ] 94 nihahi50 - INFO - Skip form with passed, ended, or not today status
[ 2024-04-23 22:40:23,367 ] 94 nihahi50 - INFO - Skip form with passed, ended, or not today status
[ 2024-04-23 22:40:23,411 ] 94 nihahi50 - INFO - Parsed data: title: ＜05月09日(木) 10:30～11:45＞[平針]外国免許切替審査 Hirabari Exchanging Foreign Driver's License, status: 近日受付開始, start_date: 2024年04月25日 07時30分, end_date: 2024年05月07日 12時00分, template_seq: 96460
[ 2024-04-23 22:40:23,411 ] 94 nihahi50 - INFO - Parsed data: title: ＜05月09日(木) 10:30～11:45＞[平針]外国免許切替審査 Hirabari Exchanging Foreign Driver's License, status: 近日受付開始, start_date: 2024年04月25日 07時30分, end_date: 2024年05月07日 12時00分, template_seq: 96460
[ 2024-04-23 22:40:23,411 ] 94 nihahi50 - INFO - Parsed data: title: ＜05月09日(木) 10:30～11:45＞[平針]外国免許切替審査 Hirabari Exchanging Foreign Driver's License, status: 近日受付開始, start_date: 2024年04月25日 07時30分, end_date: 2024年05月07日 12時00分, template_seq: 96460
[ 2024-04-23 22:40:23,412 ] 94 nihahi50 - INFO - Skip form with passed, ended, or not today status
[ 2024-04-23 22:40:23,412 ] 94 nihahi50 - INFO - Skip form with passed, ended, or not today status
[ 2024-04-23 22:40:23,412 ] 94 nihahi50 - INFO - Skip form with passed, ended, or not today status
[ 2024-04-23 22:40:23,458 ] 94 nihahi50 - INFO - Parsed data: title: ＜05月09日(木) 12:45～13:30＞[平針]外国免許切替審査 Hirabari Exchanging Foreign Driver's License, status: 近日受付開始, start_date: 2024年04月25日 07時30分, end_date: 2024年05月07日 12時00分, template_seq: 96461
[ 2024-04-23 22:40:23,458 ] 94 nihahi50 - INFO - Parsed data: title: ＜05月09日(木) 12:45～13:30＞[平針]外国免許切替審査 Hirabari Exchanging Foreign Driver's License, status: 近日受付開始, start_date: 2024年04月25日 07時30分, end_date: 2024年05月07日 12時00分, template_seq: 96461
[ 2024-04-23 22:40:23,458 ] 94 nihahi50 - INFO - Parsed data: title: ＜05月09日(木) 12:45～13:30＞[平針]外国免許切替審査 Hirabari Exchanging Foreign Driver's License, status: 近日受付開始, start_date: 2024年04月25日 07時30分, end_date: 2024年05月07日 12時00分, template_seq: 96461
[ 2024-04-23 22:40:23,460 ] 94 nihahi50 - INFO - Skip form with passed, ended, or not today status
[ 2024-04-23 22:40:23,460 ] 94 nihahi50 - INFO - Skip form with passed, ended, or not today status
[ 2024-04-23 22:40:23,460 ] 94 nihahi50 - INFO - Skip form with passed, ended, or not today status
[ 2024-04-23 22:40:23,516 ] 94 nihahi50 - INFO - Parsed data: title: ＜05月09日(木) 13:30～14:45＞[平針]外国免許切替審査 Hirabari Exchanging Foreign Driver's License, status: 近日受付開始, start_date: 2024年04月25日 07時30分, end_date: 2024年05月07日 12時00分, template_seq: 96462
[ 2024-04-23 22:40:23,516 ] 94 nihahi50 - INFO - Parsed data: title: ＜05月09日(木) 13:30～14:45＞[平針]外国免許切替審査 Hirabari Exchanging Foreign Driver's License, status: 近日受付開始, start_date: 2024年04月25日 07時30分, end_date: 2024年05月07日 12時00分, template_seq: 96462
[ 2024-04-23 22:40:23,516 ] 94 nihahi50 - INFO - Parsed data: title: ＜05月09日(木) 13:30～14:45＞[平針]外国免許切替審査 Hirabari Exchanging Foreign Driver's License, status: 近日受付開始, start_date: 2024年04月25日 07時30分, end_date: 2024年05月07日 12時00分, template_seq: 96462
[ 2024-04-23 22:40:23,517 ] 94 nihahi50 - INFO - Skip form with passed, ended, or not today status
[ 2024-04-23 22:40:23,517 ] 94 nihahi50 - INFO - Skip form with passed, ended, or not today status
[ 2024-04-23 22:40:23,517 ] 94 nihahi50 - INFO - Skip form with passed, ended, or not today status
[ 2024-04-23 22:40:23,564 ] 94 nihahi50 - INFO - Parsed data: title: ＜05月08日(水) 08:45～09:30＞[平針]外国免許切替審査 Hirabari Exchanging Foreign Driver's License, status: 近日受付開始, start_date: 2024年04月24日 07時30分, end_date: 2024年05月02日 12時00分, template_seq: 96453
[ 2024-04-23 22:40:23,564 ] 94 nihahi50 - INFO - Parsed data: title: ＜05月08日(水) 08:45～09:30＞[平針]外国免許切替審査 Hirabari Exchanging Foreign Driver's License, status: 近日受付開始, start_date: 2024年04月24日 07時30分, end_date: 2024年05月02日 12時00分, template_seq: 96453
[ 2024-04-23 22:40:23,564 ] 94 nihahi50 - INFO - Parsed data: title: ＜05月08日(水) 08:45～09:30＞[平針]外国免許切替審査 Hirabari Exchanging Foreign Driver's License, status: 近日受付開始, start_date: 2024年04月24日 07時30分, end_date: 2024年05月02日 12時00分, template_seq: 96453
[ 2024-04-23 22:40:23,609 ] 94 nihahi50 - INFO - Parsed data: title: ＜05月08日(水) 09:30～10:30＞[平針]外国免許切替審査 Hirabari Exchanging Foreign Driver's License, status: 近日受付開始, start_date: 2024年04月24日 07時30分, end_date: 2024年05月02日 12時00分, template_seq: 96454
[ 2024-04-23 22:40:23,609 ] 94 nihahi50 - INFO - Parsed data: title: ＜05月08日(水) 09:30～10:30＞[平針]外国免許切替審査 Hirabari Exchanging Foreign Driver's License, status: 近日受付開始, start_date: 2024年04月24日 07時30分, end_date: 2024年05月02日 12時00分, template_seq: 96454
[ 2024-04-23 22:40:23,609 ] 94 nihahi50 - INFO - Parsed data: title: ＜05月08日(水) 09:30～10:30＞[平針]外国免許切替審査 Hirabari Exchanging Foreign Driver's License, status: 近日受付開始, start_date: 2024年04月24日 07時30分, end_date: 2024年05月02日 12時00分, template_seq: 96454
[ 2024-04-23 22:40:23,652 ] 94 nihahi50 - INFO - Parsed data: title: ＜05月08日(水) 10:30～11:45＞[平針]外国免許切替審査 Hirabari Exchanging Foreign Driver's License, status: 近日受付開始, start_date: 2024年04月24日 07時30分, end_date: 2024年05月02日 12時00分, template_seq: 96455
[ 2024-04-23 22:40:23,652 ] 94 nihahi50 - INFO - Parsed data: title: ＜05月08日(水) 10:30～11:45＞[平針]外国免許切替審査 Hirabari Exchanging Foreign Driver's License, status: 近日受付開始, start_date: 2024年04月24日 07時30分, end_date: 2024年05月02日 12時00分, template_seq: 96455
[ 2024-04-23 22:40:23,652 ] 94 nihahi50 - INFO - Parsed data: title: ＜05月08日(水) 10:30～11:45＞[平針]外国免許切替審査 Hirabari Exchanging Foreign Driver's License, status: 近日受付開始, start_date: 2024年04月24日 07時30分, end_date: 2024年05月02日 12時00分, template_seq: 96455
[ 2024-04-23 22:40:23,697 ] 94 nihahi50 - INFO - Parsed data: title: ＜05月08日(水) 12:45～13:30＞[平針]外国免許切替審査 Hirabari Exchanging Foreign Driver's License, status: 近日受付開始, start_date: 2024年04月24日 07時30分, end_date: 2024年05月02日 12時00分, template_seq: 96456
[ 2024-04-23 22:40:23,697 ] 94 nihahi50 - INFO - Parsed data: title: ＜05月08日(水) 12:45～13:30＞[平針]外国免許切替審査 Hirabari Exchanging Foreign Driver's License, status: 近日受付開始, start_date: 2024年04月24日 07時30分, end_date: 2024年05月02日 12時00分, template_seq: 96456
[ 2024-04-23 22:40:23,697 ] 94 nihahi50 - INFO - Parsed data: title: ＜05月08日(水) 12:45～13:30＞[平針]外国免許切替審査 Hirabari Exchanging Foreign Driver's License, status: 近日受付開始, start_date: 2024年04月24日 07時30分, end_date: 2024年05月02日 12時00分, template_seq: 96456
[ 2024-04-23 22:40:23,746 ] 94 nihahi50 - INFO - Parsed data: title: ＜05月08日(水) 13:30～14:45＞[平針]外国免許切替審査 Hirabari Exchanging Foreign Driver's License, status: 近日受付開始, start_date: 2024年04月24日 07時30分, end_date: 2024年05月02日 12時00分, template_seq: 96457
[ 2024-04-23 22:40:23,746 ] 94 nihahi50 - INFO - Parsed data: title: ＜05月08日(水) 13:30～14:45＞[平針]外国免許切替審査 Hirabari Exchanging Foreign Driver's License, status: 近日受付開始, start_date: 2024年04月24日 07時30分, end_date: 2024年05月02日 12時00分, template_seq: 96457
[ 2024-04-23 22:40:23,746 ] 94 nihahi50 - INFO - Parsed data: title: ＜05月08日(水) 13:30～14:45＞[平針]外国免許切替審査 Hirabari Exchanging Foreign Driver's License, status: 近日受付開始, start_date: 2024年04月24日 07時30分, end_date: 2024年05月02日 12時00分, template_seq: 96457
[ 2024-04-23 22:40:23,812 ] 94 nihahi50 - INFO - Parsed data: title: ＜05月07日(火) 08:45～09:30＞[平針]外国免許切替審査 Hirabari Exchanging Foreign Driver's License, status: 受付終了しました, start_date: 2024年04月23日 07時30分, end_date: 2024年05月01日 12時00分, template_seq: 96447
[ 2024-04-23 22:40:23,812 ] 94 nihahi50 - INFO - Parsed data: title: ＜05月07日(火) 08:45～09:30＞[平針]外国免許切替審査 Hirabari Exchanging Foreign Driver's License, status: 受付終了しました, start_date: 2024年04月23日 07時30分, end_date: 2024年05月01日 12時00分, template_seq: 96447
[ 2024-04-23 22:40:23,812 ] 94 nihahi50 - INFO - Parsed data: title: ＜05月07日(火) 08:45～09:30＞[平針]外国免許切替審査 Hirabari Exchanging Foreign Driver's License, status: 受付終了しました, start_date: 2024年04月23日 07時30分, end_date: 2024年05月01日 12時00分, template_seq: 96447
[ 2024-04-23 22:40:23,813 ] 94 nihahi50 - INFO - Skip form with passed, ended, or not today status
[ 2024-04-23 22:40:23,813 ] 94 nihahi50 - INFO - Skip form with passed, ended, or not today status
[ 2024-04-23 22:40:23,813 ] 94 nihahi50 - INFO - Skip form with passed, ended, or not today status
[ 2024-04-23 22:40:23,876 ] 94 nihahi50 - INFO - Parsed data: title: ＜05月07日(火) 09:30～10:30＞[平針]外国免許切替審査 Hirabari Exchanging Foreign Driver's License, status: 受付終了しました, start_date: 2024年04月23日 07時30分, end_date: 2024年05月01日 12時00分, template_seq: 96448
[ 2024-04-23 22:40:23,876 ] 94 nihahi50 - INFO - Parsed data: title: ＜05月07日(火) 09:30～10:30＞[平針]外国免許切替審査 Hirabari Exchanging Foreign Driver's License, status: 受付終了しました, start_date: 2024年04月23日 07時30分, end_date: 2024年05月01日 12時00分, template_seq: 96448
[ 2024-04-23 22:40:23,876 ] 94 nihahi50 - INFO - Parsed data: title: ＜05月07日(火) 09:30～10:30＞[平針]外国免許切替審査 Hirabari Exchanging Foreign Driver's License, status: 受付終了しました, start_date: 2024年04月23日 07時30分, end_date: 2024年05月01日 12時00分, template_seq: 96448
[ 2024-04-23 22:40:23,879 ] 94 nihahi50 - INFO - Skip form with passed, ended, or not today status
[ 2024-04-23 22:40:23,879 ] 94 nihahi50 - INFO - Skip form with passed, ended, or not today status
[ 2024-04-23 22:40:23,879 ] 94 nihahi50 - INFO - Skip form with passed, ended, or not today status
[ 2024-04-23 22:40:23,928 ] 94 nihahi50 - INFO - Parsed data: title: ＜05月07日(火) 10:30～11:45＞[平針]外国免許切替審査 Hirabari Exchanging Foreign Driver's License, status: 受付終了しました, start_date: 2024年04月23日 07時30分, end_date: 2024年05月01日 12時00分, template_seq: 96450
[ 2024-04-23 22:40:23,928 ] 94 nihahi50 - INFO - Parsed data: title: ＜05月07日(火) 10:30～11:45＞[平針]外国免許切替審査 Hirabari Exchanging Foreign Driver's License, status: 受付終了しました, start_date: 2024年04月23日 07時30分, end_date: 2024年05月01日 12時00分, template_seq: 96450
[ 2024-04-23 22:40:23,928 ] 94 nihahi50 - INFO - Parsed data: title: ＜05月07日(火) 10:30～11:45＞[平針]外国免許切替審査 Hirabari Exchanging Foreign Driver's License, status: 受付終了しました, start_date: 2024年04月23日 07時30分, end_date: 2024年05月01日 12時00分, template_seq: 96450
[ 2024-04-23 22:40:23,932 ] 94 nihahi50 - INFO - Skip form with passed, ended, or not today status
[ 2024-04-23 22:40:23,932 ] 94 nihahi50 - INFO - Skip form with passed, ended, or not today status
[ 2024-04-23 22:40:23,932 ] 94 nihahi50 - INFO - Skip form with passed, ended, or not today status
[ 2024-04-23 22:40:23,992 ] 94 nihahi50 - INFO - Parsed data: title: ＜05月07日(火) 12:45～13:30＞[平針]外国免許切替審査 Hirabari Exchanging Foreign Driver's License, status: 受付終了しました, start_date: 2024年04月23日 07時30分, end_date: 2024年05月01日 12時00分, template_seq: 96451
[ 2024-04-23 22:40:23,992 ] 94 nihahi50 - INFO - Parsed data: title: ＜05月07日(火) 12:45～13:30＞[平針]外国免許切替審査 Hirabari Exchanging Foreign Driver's License, status: 受付終了しました, start_date: 2024年04月23日 07時30分, end_date: 2024年05月01日 12時00分, template_seq: 96451
[ 2024-04-23 22:40:23,992 ] 94 nihahi50 - INFO - Parsed data: title: ＜05月07日(火) 12:45～13:30＞[平針]外国免許切替審査 Hirabari Exchanging Foreign Driver's License, status: 受付終了しました, start_date: 2024年04月23日 07時30分, end_date: 2024年05月01日 12時00分, template_seq: 96451
[ 2024-04-23 22:40:23,995 ] 94 nihahi50 - INFO - Skip form with passed, ended, or not today status
[ 2024-04-23 22:40:23,995 ] 94 nihahi50 - INFO - Skip form with passed, ended, or not today status
[ 2024-04-23 22:40:23,995 ] 94 nihahi50 - INFO - Skip form with passed, ended, or not today status
[ 2024-04-23 22:40:24,062 ] 94 nihahi50 - INFO - Parsed data: title: ＜05月07日(火) 13:30～14:45＞[平針]外国免許切替審査 Hirabari Exchanging Foreign Driver's License, status: 受付終了しました, start_date: 2024年04月23日 07時30分, end_date: 2024年05月01日 12時00分, template_seq: 96452
[ 2024-04-23 22:40:24,062 ] 94 nihahi50 - INFO - Parsed data: title: ＜05月07日(火) 13:30～14:45＞[平針]外国免許切替審査 Hirabari Exchanging Foreign Driver's License, status: 受付終了しました, start_date: 2024年04月23日 07時30分, end_date: 2024年05月01日 12時00分, template_seq: 96452
[ 2024-04-23 22:40:24,062 ] 94 nihahi50 - INFO - Parsed data: title: ＜05月07日(火) 13:30～14:45＞[平針]外国免許切替審査 Hirabari Exchanging Foreign Driver's License, status: 受付終了しました, start_date: 2024年04月23日 07時30分, end_date: 2024年05月01日 12時00分, template_seq: 96452
[ 2024-04-23 22:40:24,065 ] 94 nihahi50 - INFO - Skip form with passed, ended, or not today status
[ 2024-04-23 22:40:24,065 ] 94 nihahi50 - INFO - Skip form with passed, ended, or not today status
[ 2024-04-23 22:40:24,065 ] 94 nihahi50 - INFO - Skip form with passed, ended, or not today status
[ 2024-04-23 22:40:24,108 ] 94 nihahi50 - INFO - Parsed data: title: ＜05月02日(木) 08:45～09:30＞[平針]外国免許切替審査 Hirabari Exchanging Foreign Driver's License, status: 受付終了しました, start_date: 2024年04月18日 07時30分, end_date: 2024年04月30日 12時00分, template_seq: 96126
[ 2024-04-23 22:40:24,108 ] 94 nihahi50 - INFO - Parsed data: title: ＜05月02日(木) 08:45～09:30＞[平針]外国免許切替審査 Hirabari Exchanging Foreign Driver's License, status: 受付終了しました, start_date: 2024年04月18日 07時30分, end_date: 2024年04月30日 12時00分, template_seq: 96126
[ 2024-04-23 22:40:24,108 ] 94 nihahi50 - INFO - Parsed data: title: ＜05月02日(木) 08:45～09:30＞[平針]外国免許切替審査 Hirabari Exchanging Foreign Driver's License, status: 受付終了しました, start_date: 2024年04月18日 07時30分, end_date: 2024年04月30日 12時00分, template_seq: 96126
[ 2024-04-23 22:40:24,108 ] 94 nihahi50 - INFO - Skip form with passed, ended, or not today status
[ 2024-04-23 22:40:24,108 ] 94 nihahi50 - INFO - Skip form with passed, ended, or not today status
[ 2024-04-23 22:40:24,108 ] 94 nihahi50 - INFO - Skip form with passed, ended, or not today status
[ 2024-04-23 22:40:24,169 ] 94 nihahi50 - INFO - Parsed data: title: ＜05月02日(木) 09:30～10:30＞[平針]外国免許切替審査 Hirabari Exchanging Foreign Driver's License, status: 受付終了しました, start_date: 2024年04月18日 07時30分, end_date: 2024年04月30日 12時00分, template_seq: 96127
[ 2024-04-23 22:40:24,169 ] 94 nihahi50 - INFO - Parsed data: title: ＜05月02日(木) 09:30～10:30＞[平針]外国免許切替審査 Hirabari Exchanging Foreign Driver's License, status: 受付終了しました, start_date: 2024年04月18日 07時30分, end_date: 2024年04月30日 12時00分, template_seq: 96127
[ 2024-04-23 22:40:24,169 ] 94 nihahi50 - INFO - Parsed data: title: ＜05月02日(木) 09:30～10:30＞[平針]外国免許切替審査 Hirabari Exchanging Foreign Driver's License, status: 受付終了しました, start_date: 2024年04月18日 07時30分, end_date: 2024年04月30日 12時00分, template_seq: 96127
[ 2024-04-23 22:40:24,170 ] 94 nihahi50 - INFO - Skip form with passed, ended, or not today status
[ 2024-04-23 22:40:24,170 ] 94 nihahi50 - INFO - Skip form with passed, ended, or not today status
[ 2024-04-23 22:40:24,170 ] 94 nihahi50 - INFO - Skip form with passed, ended, or not today status
[ 2024-04-23 22:40:24,222 ] 94 nihahi50 - INFO - Parsed data: title: ＜05月02日(木) 10:30～11:45＞[平針]外国免許切替審査 Hirabari Exchanging Foreign Driver's License, status: 受付終了しました, start_date: 2024年04月18日 07時30分, end_date: 2024年04月30日 12時00分, template_seq: 96128
[ 2024-04-23 22:40:24,222 ] 94 nihahi50 - INFO - Parsed data: title: ＜05月02日(木) 10:30～11:45＞[平針]外国免許切替審査 Hirabari Exchanging Foreign Driver's License, status: 受付終了しました, start_date: 2024年04月18日 07時30分, end_date: 2024年04月30日 12時00分, template_seq: 96128
[ 2024-04-23 22:40:24,222 ] 94 nihahi50 - INFO - Parsed data: title: ＜05月02日(木) 10:30～11:45＞[平針]外国免許切替審査 Hirabari Exchanging Foreign Driver's License, status: 受付終了しました, start_date: 2024年04月18日 07時30分, end_date: 2024年04月30日 12時00分, template_seq: 96128
[ 2024-04-23 22:40:24,225 ] 94 nihahi50 - INFO - Skip form with passed, ended, or not today status
[ 2024-04-23 22:40:24,225 ] 94 nihahi50 - INFO - Skip form with passed, ended, or not today status
[ 2024-04-23 22:40:24,225 ] 94 nihahi50 - INFO - Skip form with passed, ended, or not today status
[ 2024-04-23 22:40:24,272 ] 94 nihahi50 - INFO - Parsed data: title: ＜05月02日(木) 12:45～13:30＞[平針]外国免許切替審査 Hirabari Exchanging Foreign Driver's License, status: 受付終了しました, start_date: 2024年04月18日 07時30分, end_date: 2024年04月30日 12時00分, template_seq: 96129
[ 2024-04-23 22:40:24,272 ] 94 nihahi50 - INFO - Parsed data: title: ＜05月02日(木) 12:45～13:30＞[平針]外国免許切替審査 Hirabari Exchanging Foreign Driver's License, status: 受付終了しました, start_date: 2024年04月18日 07時30分, end_date: 2024年04月30日 12時00分, template_seq: 96129
[ 2024-04-23 22:40:24,272 ] 94 nihahi50 - INFO - Parsed data: title: ＜05月02日(木) 12:45～13:30＞[平針]外国免許切替審査 Hirabari Exchanging Foreign Driver's License, status: 受付終了しました, start_date: 2024年04月18日 07時30分, end_date: 2024年04月30日 12時00分, template_seq: 96129
[ 2024-04-23 22:40:24,274 ] 94 nihahi50 - INFO - Skip form with passed, ended, or not today status
[ 2024-04-23 22:40:24,274 ] 94 nihahi50 - INFO - Skip form with passed, ended, or not today status
[ 2024-04-23 22:40:24,274 ] 94 nihahi50 - INFO - Skip form with passed, ended, or not today status
[ 2024-04-23 22:40:24,327 ] 94 nihahi50 - INFO - Parsed data: title: ＜05月02日(木) 13:30～14:45＞[平針]外国免許切替審査 Hirabari Exchanging Foreign Driver's License, status: 受付終了しました, start_date: 2024年04月18日 07時30分, end_date: 2024年04月30日 12時00分, template_seq: 96130
[ 2024-04-23 22:40:24,327 ] 94 nihahi50 - INFO - Parsed data: title: ＜05月02日(木) 13:30～14:45＞[平針]外国免許切替審査 Hirabari Exchanging Foreign Driver's License, status: 受付終了しました, start_date: 2024年04月18日 07時30分, end_date: 2024年04月30日 12時00分, template_seq: 96130
[ 2024-04-23 22:40:24,327 ] 94 nihahi50 - INFO - Parsed data: title: ＜05月02日(木) 13:30～14:45＞[平針]外国免許切替審査 Hirabari Exchanging Foreign Driver's License, status: 受付終了しました, start_date: 2024年04月18日 07時30分, end_date: 2024年04月30日 12時00分, template_seq: 96130
[ 2024-04-23 22:40:24,330 ] 94 nihahi50 - INFO - Skip form with passed, ended, or not today status
[ 2024-04-23 22:40:24,330 ] 94 nihahi50 - INFO - Skip form with passed, ended, or not today status
[ 2024-04-23 22:40:24,330 ] 94 nihahi50 - INFO - Skip form with passed, ended, or not today status
[ 2024-04-23 22:40:24,330 ] 94 nihahi50 - INFO - Number of filtered forms left is: 5 form(s)
[ 2024-04-23 22:40:24,330 ] 94 nihahi50 - INFO - Number of filtered forms left is: 5 form(s)
[ 2024-04-23 22:40:24,330 ] 94 nihahi50 - INFO - Number of filtered forms left is: 5 form(s)
[ 2024-04-23 22:40:31,312 ] 94 nihahi50 - INFO - Opened login page
[ 2024-04-23 22:40:31,312 ] 94 nihahi50 - INFO - Opened login page
[ 2024-04-23 22:40:31,312 ] 94 nihahi50 - INFO - Opened login page
[ 2024-04-23 22:40:31,312 ] 94 nihahi50 - INFO - Opened login page
[ 2024-04-23 22:40:31,312 ] 94 nihahi50 - INFO - Opened login page
[ 2024-04-23 22:40:31,312 ] 94 nihahi50 - INFO - Opened login page
[ 2024-04-23 22:40:34,506 ] 94 nihahi50 - INFO - Logging in
[ 2024-04-23 22:40:34,506 ] 94 nihahi50 - INFO - Logging in
[ 2024-04-23 22:40:34,506 ] 94 nihahi50 - INFO - Logging in
[ 2024-04-23 22:40:34,506 ] 94 nihahi50 - INFO - Logging in
[ 2024-04-23 22:40:34,506 ] 94 nihahi50 - INFO - Logging in
[ 2024-04-23 22:40:34,506 ] 94 nihahi50 - INFO - Logging in
[ 2024-04-23 22:40:34,511 ] 94 nihahi50 - INFO - Current url: https://www.shinsei.e-aichi.jp/pref-aichi-police-u/offer/offerList_initDisplay
[ 2024-04-23 22:40:34,511 ] 94 nihahi50 - INFO - Current url: https://www.shinsei.e-aichi.jp/pref-aichi-police-u/offer/offerList_initDisplay
[ 2024-04-23 22:40:34,511 ] 94 nihahi50 - INFO - Current url: https://www.shinsei.e-aichi.jp/pref-aichi-police-u/offer/offerList_initDisplay
[ 2024-04-23 22:40:34,511 ] 94 nihahi50 - INFO - Current url: https://www.shinsei.e-aichi.jp/pref-aichi-police-u/offer/offerList_initDisplay
[ 2024-04-23 22:40:34,511 ] 94 nihahi50 - INFO - Current url: https://www.shinsei.e-aichi.jp/pref-aichi-police-u/offer/offerList_initDisplay
[ 2024-04-23 22:40:34,511 ] 94 nihahi50 - INFO - Current url: https://www.shinsei.e-aichi.jp/pref-aichi-police-u/offer/offerList_initDisplay
[ 2024-04-23 22:40:34,824 ] 94 nihahi50 - INFO - Logged in finished
[ 2024-04-23 22:40:34,824 ] 94 nihahi50 - INFO - Logged in finished
[ 2024-04-23 22:40:34,824 ] 94 nihahi50 - INFO - Logged in finished
[ 2024-04-23 22:40:34,824 ] 94 nihahi50 - INFO - Logged in finished
[ 2024-04-23 22:40:34,824 ] 94 nihahi50 - INFO - Logged in finished
[ 2024-04-23 22:40:34,824 ] 94 nihahi50 - INFO - Logged in finished
[ 2024-04-23 22:40:35,208 ] 94 nihahi50 - INFO - On main page
[ 2024-04-23 22:40:35,208 ] 94 nihahi50 - INFO - On main page
[ 2024-04-23 22:40:35,208 ] 94 nihahi50 - INFO - On main page
[ 2024-04-23 22:40:35,208 ] 94 nihahi50 - INFO - On main page
[ 2024-04-23 22:40:35,208 ] 94 nihahi50 - INFO - On main page
[ 2024-04-23 22:40:35,208 ] 94 nihahi50 - INFO - On main page
[ 2024-04-23 22:40:36,960 ] 94 nihahi50 - INFO - Search submitted
[ 2024-04-23 22:40:36,960 ] 94 nihahi50 - INFO - Search submitted
[ 2024-04-23 22:40:36,960 ] 94 nihahi50 - INFO - Search submitted
[ 2024-04-23 22:40:36,960 ] 94 nihahi50 - INFO - Search submitted
[ 2024-04-23 22:40:36,960 ] 94 nihahi50 - INFO - Search submitted
[ 2024-04-23 22:40:36,960 ] 94 nihahi50 - INFO - Search submitted
[ 2024-04-23 22:40:36,988 ] 94 nihahi50 - INFO - Collected 20 forms
[ 2024-04-23 22:40:36,988 ] 94 nihahi50 - INFO - Collected 20 forms
[ 2024-04-23 22:40:36,988 ] 94 nihahi50 - INFO - Collected 20 forms
[ 2024-04-23 22:40:36,988 ] 94 nihahi50 - INFO - Collected 20 forms
[ 2024-04-23 22:40:36,988 ] 94 nihahi50 - INFO - Collected 20 forms
[ 2024-04-23 22:40:36,988 ] 94 nihahi50 - INFO - Collected 20 forms
[ 2024-04-23 22:40:37,043 ] 94 nihahi50 - INFO - Parsed data: title: ＜05月09日(木) 08:45～09:30＞[平針]外国免許切替審査 Hirabari Exchanging Foreign Driver's License, status: 近日受付開始, start_date: 2024年04月25日 07時30分, end_date: 2024年05月07日 12時00分, template_seq: 96458
[ 2024-04-23 22:40:37,043 ] 94 nihahi50 - INFO - Parsed data: title: ＜05月09日(木) 08:45～09:30＞[平針]外国免許切替審査 Hirabari Exchanging Foreign Driver's License, status: 近日受付開始, start_date: 2024年04月25日 07時30分, end_date: 2024年05月07日 12時00分, template_seq: 96458
[ 2024-04-23 22:40:37,043 ] 94 nihahi50 - INFO - Parsed data: title: ＜05月09日(木) 08:45～09:30＞[平針]外国免許切替審査 Hirabari Exchanging Foreign Driver's License, status: 近日受付開始, start_date: 2024年04月25日 07時30分, end_date: 2024年05月07日 12時00分, template_seq: 96458
[ 2024-04-23 22:40:37,043 ] 94 nihahi50 - INFO - Parsed data: title: ＜05月09日(木) 08:45～09:30＞[平針]外国免許切替審査 Hirabari Exchanging Foreign Driver's License, status: 近日受付開始, start_date: 2024年04月25日 07時30分, end_date: 2024年05月07日 12時00分, template_seq: 96458
[ 2024-04-23 22:40:37,043 ] 94 nihahi50 - INFO - Parsed data: title: ＜05月09日(木) 08:45～09:30＞[平針]外国免許切替審査 Hirabari Exchanging Foreign Driver's License, status: 近日受付開始, start_date: 2024年04月25日 07時30分, end_date: 2024年05月07日 12時00分, template_seq: 96458
[ 2024-04-23 22:40:37,043 ] 94 nihahi50 - INFO - Parsed data: title: ＜05月09日(木) 08:45～09:30＞[平針]外国免許切替審査 Hirabari Exchanging Foreign Driver's License, status: 近日受付開始, start_date: 2024年04月25日 07時30分, end_date: 2024年05月07日 12時00分, template_seq: 96458
[ 2024-04-23 22:40:37,047 ] 94 nihahi50 - INFO - Skip form with passed, ended, or not today status
[ 2024-04-23 22:40:37,047 ] 94 nihahi50 - INFO - Skip form with passed, ended, or not today status
[ 2024-04-23 22:40:37,047 ] 94 nihahi50 - INFO - Skip form with passed, ended, or not today status
[ 2024-04-23 22:40:37,047 ] 94 nihahi50 - INFO - Skip form with passed, ended, or not today status
[ 2024-04-23 22:40:37,047 ] 94 nihahi50 - INFO - Skip form with passed, ended, or not today status
[ 2024-04-23 22:40:37,047 ] 94 nihahi50 - INFO - Skip form with passed, ended, or not today status
[ 2024-04-23 22:40:37,100 ] 94 nihahi50 - INFO - Parsed data: title: ＜05月09日(木) 09:30～10:30＞[平針]外国免許切替審査 Hirabari Exchanging Foreign Driver's License, status: 近日受付開始, start_date: 2024年04月25日 07時30分, end_date: 2024年05月07日 12時00分, template_seq: 96459
[ 2024-04-23 22:40:37,100 ] 94 nihahi50 - INFO - Parsed data: title: ＜05月09日(木) 09:30～10:30＞[平針]外国免許切替審査 Hirabari Exchanging Foreign Driver's License, status: 近日受付開始, start_date: 2024年04月25日 07時30分, end_date: 2024年05月07日 12時00分, template_seq: 96459
[ 2024-04-23 22:40:37,100 ] 94 nihahi50 - INFO - Parsed data: title: ＜05月09日(木) 09:30～10:30＞[平針]外国免許切替審査 Hirabari Exchanging Foreign Driver's License, status: 近日受付開始, start_date: 2024年04月25日 07時30分, end_date: 2024年05月07日 12時00分, template_seq: 96459
[ 2024-04-23 22:40:37,100 ] 94 nihahi50 - INFO - Parsed data: title: ＜05月09日(木) 09:30～10:30＞[平針]外国免許切替審査 Hirabari Exchanging Foreign Driver's License, status: 近日受付開始, start_date: 2024年04月25日 07時30分, end_date: 2024年05月07日 12時00分, template_seq: 96459
[ 2024-04-23 22:40:37,100 ] 94 nihahi50 - INFO - Parsed data: title: ＜05月09日(木) 09:30～10:30＞[平針]外国免許切替審査 Hirabari Exchanging Foreign Driver's License, status: 近日受付開始, start_date: 2024年04月25日 07時30分, end_date: 2024年05月07日 12時00分, template_seq: 96459
[ 2024-04-23 22:40:37,100 ] 94 nihahi50 - INFO - Parsed data: title: ＜05月09日(木) 09:30～10:30＞[平針]外国免許切替審査 Hirabari Exchanging Foreign Driver's License, status: 近日受付開始, start_date: 2024年04月25日 07時30分, end_date: 2024年05月07日 12時00分, template_seq: 96459
[ 2024-04-23 22:40:37,103 ] 94 nihahi50 - INFO - Skip form with passed, ended, or not today status
[ 2024-04-23 22:40:37,103 ] 94 nihahi50 - INFO - Skip form with passed, ended, or not today status
[ 2024-04-23 22:40:37,103 ] 94 nihahi50 - INFO - Skip form with passed, ended, or not today status
[ 2024-04-23 22:40:37,103 ] 94 nihahi50 - INFO - Skip form with passed, ended, or not today status
[ 2024-04-23 22:40:37,103 ] 94 nihahi50 - INFO - Skip form with passed, ended, or not today status
[ 2024-04-23 22:40:37,103 ] 94 nihahi50 - INFO - Skip form with passed, ended, or not today status
[ 2024-04-23 22:40:37,159 ] 94 nihahi50 - INFO - Parsed data: title: ＜05月09日(木) 10:30～11:45＞[平針]外国免許切替審査 Hirabari Exchanging Foreign Driver's License, status: 近日受付開始, start_date: 2024年04月25日 07時30分, end_date: 2024年05月07日 12時00分, template_seq: 96460
[ 2024-04-23 22:40:37,159 ] 94 nihahi50 - INFO - Parsed data: title: ＜05月09日(木) 10:30～11:45＞[平針]外国免許切替審査 Hirabari Exchanging Foreign Driver's License, status: 近日受付開始, start_date: 2024年04月25日 07時30分, end_date: 2024年05月07日 12時00分, template_seq: 96460
[ 2024-04-23 22:40:37,159 ] 94 nihahi50 - INFO - Parsed data: title: ＜05月09日(木) 10:30～11:45＞[平針]外国免許切替審査 Hirabari Exchanging Foreign Driver's License, status: 近日受付開始, start_date: 2024年04月25日 07時30分, end_date: 2024年05月07日 12時00分, template_seq: 96460
[ 2024-04-23 22:40:37,159 ] 94 nihahi50 - INFO - Parsed data: title: ＜05月09日(木) 10:30～11:45＞[平針]外国免許切替審査 Hirabari Exchanging Foreign Driver's License, status: 近日受付開始, start_date: 2024年04月25日 07時30分, end_date: 2024年05月07日 12時00分, template_seq: 96460
[ 2024-04-23 22:40:37,159 ] 94 nihahi50 - INFO - Parsed data: title: ＜05月09日(木) 10:30～11:45＞[平針]外国免許切替審査 Hirabari Exchanging Foreign Driver's License, status: 近日受付開始, start_date: 2024年04月25日 07時30分, end_date: 2024年05月07日 12時00分, template_seq: 96460
[ 2024-04-23 22:40:37,159 ] 94 nihahi50 - INFO - Parsed data: title: ＜05月09日(木) 10:30～11:45＞[平針]外国免許切替審査 Hirabari Exchanging Foreign Driver's License, status: 近日受付開始, start_date: 2024年04月25日 07時30分, end_date: 2024年05月07日 12時00分, template_seq: 96460
[ 2024-04-23 22:40:37,162 ] 94 nihahi50 - INFO - Skip form with passed, ended, or not today status
[ 2024-04-23 22:40:37,162 ] 94 nihahi50 - INFO - Skip form with passed, ended, or not today status
[ 2024-04-23 22:40:37,162 ] 94 nihahi50 - INFO - Skip form with passed, ended, or not today status
[ 2024-04-23 22:40:37,162 ] 94 nihahi50 - INFO - Skip form with passed, ended, or not today status
[ 2024-04-23 22:40:37,162 ] 94 nihahi50 - INFO - Skip form with passed, ended, or not today status
[ 2024-04-23 22:40:37,162 ] 94 nihahi50 - INFO - Skip form with passed, ended, or not today status
[ 2024-04-23 22:40:37,218 ] 94 nihahi50 - INFO - Parsed data: title: ＜05月09日(木) 12:45～13:30＞[平針]外国免許切替審査 Hirabari Exchanging Foreign Driver's License, status: 近日受付開始, start_date: 2024年04月25日 07時30分, end_date: 2024年05月07日 12時00分, template_seq: 96461
[ 2024-04-23 22:40:37,218 ] 94 nihahi50 - INFO - Parsed data: title: ＜05月09日(木) 12:45～13:30＞[平針]外国免許切替審査 Hirabari Exchanging Foreign Driver's License, status: 近日受付開始, start_date: 2024年04月25日 07時30分, end_date: 2024年05月07日 12時00分, template_seq: 96461
[ 2024-04-23 22:40:37,218 ] 94 nihahi50 - INFO - Parsed data: title: ＜05月09日(木) 12:45～13:30＞[平針]外国免許切替審査 Hirabari Exchanging Foreign Driver's License, status: 近日受付開始, start_date: 2024年04月25日 07時30分, end_date: 2024年05月07日 12時00分, template_seq: 96461
[ 2024-04-23 22:40:37,218 ] 94 nihahi50 - INFO - Parsed data: title: ＜05月09日(木) 12:45～13:30＞[平針]外国免許切替審査 Hirabari Exchanging Foreign Driver's License, status: 近日受付開始, start_date: 2024年04月25日 07時30分, end_date: 2024年05月07日 12時00分, template_seq: 96461
[ 2024-04-23 22:40:37,218 ] 94 nihahi50 - INFO - Parsed data: title: ＜05月09日(木) 12:45～13:30＞[平針]外国免許切替審査 Hirabari Exchanging Foreign Driver's License, status: 近日受付開始, start_date: 2024年04月25日 07時30分, end_date: 2024年05月07日 12時00分, template_seq: 96461
[ 2024-04-23 22:40:37,218 ] 94 nihahi50 - INFO - Parsed data: title: ＜05月09日(木) 12:45～13:30＞[平針]外国免許切替審査 Hirabari Exchanging Foreign Driver's License, status: 近日受付開始, start_date: 2024年04月25日 07時30分, end_date: 2024年05月07日 12時00分, template_seq: 96461
[ 2024-04-23 22:40:37,221 ] 94 nihahi50 - INFO - Skip form with passed, ended, or not today status
[ 2024-04-23 22:40:37,221 ] 94 nihahi50 - INFO - Skip form with passed, ended, or not today status
[ 2024-04-23 22:40:37,221 ] 94 nihahi50 - INFO - Skip form with passed, ended, or not today status
[ 2024-04-23 22:40:37,221 ] 94 nihahi50 - INFO - Skip form with passed, ended, or not today status
[ 2024-04-23 22:40:37,221 ] 94 nihahi50 - INFO - Skip form with passed, ended, or not today status
[ 2024-04-23 22:40:37,221 ] 94 nihahi50 - INFO - Skip form with passed, ended, or not today status
[ 2024-04-23 22:40:37,271 ] 94 nihahi50 - INFO - Parsed data: title: ＜05月09日(木) 13:30～14:45＞[平針]外国免許切替審査 Hirabari Exchanging Foreign Driver's License, status: 近日受付開始, start_date: 2024年04月25日 07時30分, end_date: 2024年05月07日 12時00分, template_seq: 96462
[ 2024-04-23 22:40:37,271 ] 94 nihahi50 - INFO - Parsed data: title: ＜05月09日(木) 13:30～14:45＞[平針]外国免許切替審査 Hirabari Exchanging Foreign Driver's License, status: 近日受付開始, start_date: 2024年04月25日 07時30分, end_date: 2024年05月07日 12時00分, template_seq: 96462
[ 2024-04-23 22:40:37,271 ] 94 nihahi50 - INFO - Parsed data: title: ＜05月09日(木) 13:30～14:45＞[平針]外国免許切替審査 Hirabari Exchanging Foreign Driver's License, status: 近日受付開始, start_date: 2024年04月25日 07時30分, end_date: 2024年05月07日 12時00分, template_seq: 96462
[ 2024-04-23 22:40:37,271 ] 94 nihahi50 - INFO - Parsed data: title: ＜05月09日(木) 13:30～14:45＞[平針]外国免許切替審査 Hirabari Exchanging Foreign Driver's License, status: 近日受付開始, start_date: 2024年04月25日 07時30分, end_date: 2024年05月07日 12時00分, template_seq: 96462
[ 2024-04-23 22:40:37,271 ] 94 nihahi50 - INFO - Parsed data: title: ＜05月09日(木) 13:30～14:45＞[平針]外国免許切替審査 Hirabari Exchanging Foreign Driver's License, status: 近日受付開始, start_date: 2024年04月25日 07時30分, end_date: 2024年05月07日 12時00分, template_seq: 96462
[ 2024-04-23 22:40:37,271 ] 94 nihahi50 - INFO - Parsed data: title: ＜05月09日(木) 13:30～14:45＞[平針]外国免許切替審査 Hirabari Exchanging Foreign Driver's License, status: 近日受付開始, start_date: 2024年04月25日 07時30分, end_date: 2024年05月07日 12時00分, template_seq: 96462
[ 2024-04-23 22:40:37,273 ] 94 nihahi50 - INFO - Skip form with passed, ended, or not today status
[ 2024-04-23 22:40:37,273 ] 94 nihahi50 - INFO - Skip form with passed, ended, or not today status
[ 2024-04-23 22:40:37,273 ] 94 nihahi50 - INFO - Skip form with passed, ended, or not today status
[ 2024-04-23 22:40:37,273 ] 94 nihahi50 - INFO - Skip form with passed, ended, or not today status
[ 2024-04-23 22:40:37,273 ] 94 nihahi50 - INFO - Skip form with passed, ended, or not today status
[ 2024-04-23 22:40:37,273 ] 94 nihahi50 - INFO - Skip form with passed, ended, or not today status
[ 2024-04-23 22:40:37,318 ] 94 nihahi50 - INFO - Parsed data: title: ＜05月08日(水) 08:45～09:30＞[平針]外国免許切替審査 Hirabari Exchanging Foreign Driver's License, status: 近日受付開始, start_date: 2024年04月24日 07時30分, end_date: 2024年05月02日 12時00分, template_seq: 96453
[ 2024-04-23 22:40:37,318 ] 94 nihahi50 - INFO - Parsed data: title: ＜05月08日(水) 08:45～09:30＞[平針]外国免許切替審査 Hirabari Exchanging Foreign Driver's License, status: 近日受付開始, start_date: 2024年04月24日 07時30分, end_date: 2024年05月02日 12時00分, template_seq: 96453
[ 2024-04-23 22:40:37,318 ] 94 nihahi50 - INFO - Parsed data: title: ＜05月08日(水) 08:45～09:30＞[平針]外国免許切替審査 Hirabari Exchanging Foreign Driver's License, status: 近日受付開始, start_date: 2024年04月24日 07時30分, end_date: 2024年05月02日 12時00分, template_seq: 96453
[ 2024-04-23 22:40:37,318 ] 94 nihahi50 - INFO - Parsed data: title: ＜05月08日(水) 08:45～09:30＞[平針]外国免許切替審査 Hirabari Exchanging Foreign Driver's License, status: 近日受付開始, start_date: 2024年04月24日 07時30分, end_date: 2024年05月02日 12時00分, template_seq: 96453
[ 2024-04-23 22:40:37,318 ] 94 nihahi50 - INFO - Parsed data: title: ＜05月08日(水) 08:45～09:30＞[平針]外国免許切替審査 Hirabari Exchanging Foreign Driver's License, status: 近日受付開始, start_date: 2024年04月24日 07時30分, end_date: 2024年05月02日 12時00分, template_seq: 96453
[ 2024-04-23 22:40:37,318 ] 94 nihahi50 - INFO - Parsed data: title: ＜05月08日(水) 08:45～09:30＞[平針]外国免許切替審査 Hirabari Exchanging Foreign Driver's License, status: 近日受付開始, start_date: 2024年04月24日 07時30分, end_date: 2024年05月02日 12時00分, template_seq: 96453
[ 2024-04-23 22:40:37,356 ] 94 nihahi50 - INFO - Parsed data: title: ＜05月08日(水) 09:30～10:30＞[平針]外国免許切替審査 Hirabari Exchanging Foreign Driver's License, status: 近日受付開始, start_date: 2024年04月24日 07時30分, end_date: 2024年05月02日 12時00分, template_seq: 96454
[ 2024-04-23 22:40:37,356 ] 94 nihahi50 - INFO - Parsed data: title: ＜05月08日(水) 09:30～10:30＞[平針]外国免許切替審査 Hirabari Exchanging Foreign Driver's License, status: 近日受付開始, start_date: 2024年04月24日 07時30分, end_date: 2024年05月02日 12時00分, template_seq: 96454
[ 2024-04-23 22:40:37,356 ] 94 nihahi50 - INFO - Parsed data: title: ＜05月08日(水) 09:30～10:30＞[平針]外国免許切替審査 Hirabari Exchanging Foreign Driver's License, status: 近日受付開始, start_date: 2024年04月24日 07時30分, end_date: 2024年05月02日 12時00分, template_seq: 96454
[ 2024-04-23 22:40:37,356 ] 94 nihahi50 - INFO - Parsed data: title: ＜05月08日(水) 09:30～10:30＞[平針]外国免許切替審査 Hirabari Exchanging Foreign Driver's License, status: 近日受付開始, start_date: 2024年04月24日 07時30分, end_date: 2024年05月02日 12時00分, template_seq: 96454
[ 2024-04-23 22:40:37,356 ] 94 nihahi50 - INFO - Parsed data: title: ＜05月08日(水) 09:30～10:30＞[平針]外国免許切替審査 Hirabari Exchanging Foreign Driver's License, status: 近日受付開始, start_date: 2024年04月24日 07時30分, end_date: 2024年05月02日 12時00分, template_seq: 96454
[ 2024-04-23 22:40:37,356 ] 94 nihahi50 - INFO - Parsed data: title: ＜05月08日(水) 09:30～10:30＞[平針]外国免許切替審査 Hirabari Exchanging Foreign Driver's License, status: 近日受付開始, start_date: 2024年04月24日 07時30分, end_date: 2024年05月02日 12時00分, template_seq: 96454
[ 2024-04-23 22:40:37,401 ] 94 nihahi50 - INFO - Parsed data: title: ＜05月08日(水) 10:30～11:45＞[平針]外国免許切替審査 Hirabari Exchanging Foreign Driver's License, status: 近日受付開始, start_date: 2024年04月24日 07時30分, end_date: 2024年05月02日 12時00分, template_seq: 96455
[ 2024-04-23 22:40:37,401 ] 94 nihahi50 - INFO - Parsed data: title: ＜05月08日(水) 10:30～11:45＞[平針]外国免許切替審査 Hirabari Exchanging Foreign Driver's License, status: 近日受付開始, start_date: 2024年04月24日 07時30分, end_date: 2024年05月02日 12時00分, template_seq: 96455
[ 2024-04-23 22:40:37,401 ] 94 nihahi50 - INFO - Parsed data: title: ＜05月08日(水) 10:30～11:45＞[平針]外国免許切替審査 Hirabari Exchanging Foreign Driver's License, status: 近日受付開始, start_date: 2024年04月24日 07時30分, end_date: 2024年05月02日 12時00分, template_seq: 96455
[ 2024-04-23 22:40:37,401 ] 94 nihahi50 - INFO - Parsed data: title: ＜05月08日(水) 10:30～11:45＞[平針]外国免許切替審査 Hirabari Exchanging Foreign Driver's License, status: 近日受付開始, start_date: 2024年04月24日 07時30分, end_date: 2024年05月02日 12時00分, template_seq: 96455
[ 2024-04-23 22:40:37,401 ] 94 nihahi50 - INFO - Parsed data: title: ＜05月08日(水) 10:30～11:45＞[平針]外国免許切替審査 Hirabari Exchanging Foreign Driver's License, status: 近日受付開始, start_date: 2024年04月24日 07時30分, end_date: 2024年05月02日 12時00分, template_seq: 96455
[ 2024-04-23 22:40:37,401 ] 94 nihahi50 - INFO - Parsed data: title: ＜05月08日(水) 10:30～11:45＞[平針]外国免許切替審査 Hirabari Exchanging Foreign Driver's License, status: 近日受付開始, start_date: 2024年04月24日 07時30分, end_date: 2024年05月02日 12時00分, template_seq: 96455
[ 2024-04-23 22:40:37,448 ] 94 nihahi50 - INFO - Parsed data: title: ＜05月08日(水) 12:45～13:30＞[平針]外国免許切替審査 Hirabari Exchanging Foreign Driver's License, status: 近日受付開始, start_date: 2024年04月24日 07時30分, end_date: 2024年05月02日 12時00分, template_seq: 96456
[ 2024-04-23 22:40:37,448 ] 94 nihahi50 - INFO - Parsed data: title: ＜05月08日(水) 12:45～13:30＞[平針]外国免許切替審査 Hirabari Exchanging Foreign Driver's License, status: 近日受付開始, start_date: 2024年04月24日 07時30分, end_date: 2024年05月02日 12時00分, template_seq: 96456
[ 2024-04-23 22:40:37,448 ] 94 nihahi50 - INFO - Parsed data: title: ＜05月08日(水) 12:45～13:30＞[平針]外国免許切替審査 Hirabari Exchanging Foreign Driver's License, status: 近日受付開始, start_date: 2024年04月24日 07時30分, end_date: 2024年05月02日 12時00分, template_seq: 96456
[ 2024-04-23 22:40:37,448 ] 94 nihahi50 - INFO - Parsed data: title: ＜05月08日(水) 12:45～13:30＞[平針]外国免許切替審査 Hirabari Exchanging Foreign Driver's License, status: 近日受付開始, start_date: 2024年04月24日 07時30分, end_date: 2024年05月02日 12時00分, template_seq: 96456
[ 2024-04-23 22:40:37,448 ] 94 nihahi50 - INFO - Parsed data: title: ＜05月08日(水) 12:45～13:30＞[平針]外国免許切替審査 Hirabari Exchanging Foreign Driver's License, status: 近日受付開始, start_date: 2024年04月24日 07時30分, end_date: 2024年05月02日 12時00分, template_seq: 96456
[ 2024-04-23 22:40:37,448 ] 94 nihahi50 - INFO - Parsed data: title: ＜05月08日(水) 12:45～13:30＞[平針]外国免許切替審査 Hirabari Exchanging Foreign Driver's License, status: 近日受付開始, start_date: 2024年04月24日 07時30分, end_date: 2024年05月02日 12時00分, template_seq: 96456
[ 2024-04-23 22:40:37,492 ] 94 nihahi50 - INFO - Parsed data: title: ＜05月08日(水) 13:30～14:45＞[平針]外国免許切替審査 Hirabari Exchanging Foreign Driver's License, status: 近日受付開始, start_date: 2024年04月24日 07時30分, end_date: 2024年05月02日 12時00分, template_seq: 96457
[ 2024-04-23 22:40:37,492 ] 94 nihahi50 - INFO - Parsed data: title: ＜05月08日(水) 13:30～14:45＞[平針]外国免許切替審査 Hirabari Exchanging Foreign Driver's License, status: 近日受付開始, start_date: 2024年04月24日 07時30分, end_date: 2024年05月02日 12時00分, template_seq: 96457
[ 2024-04-23 22:40:37,492 ] 94 nihahi50 - INFO - Parsed data: title: ＜05月08日(水) 13:30～14:45＞[平針]外国免許切替審査 Hirabari Exchanging Foreign Driver's License, status: 近日受付開始, start_date: 2024年04月24日 07時30分, end_date: 2024年05月02日 12時00分, template_seq: 96457
[ 2024-04-23 22:40:37,492 ] 94 nihahi50 - INFO - Parsed data: title: ＜05月08日(水) 13:30～14:45＞[平針]外国免許切替審査 Hirabari Exchanging Foreign Driver's License, status: 近日受付開始, start_date: 2024年04月24日 07時30分, end_date: 2024年05月02日 12時00分, template_seq: 96457
[ 2024-04-23 22:40:37,492 ] 94 nihahi50 - INFO - Parsed data: title: ＜05月08日(水) 13:30～14:45＞[平針]外国免許切替審査 Hirabari Exchanging Foreign Driver's License, status: 近日受付開始, start_date: 2024年04月24日 07時30分, end_date: 2024年05月02日 12時00分, template_seq: 96457
[ 2024-04-23 22:40:37,492 ] 94 nihahi50 - INFO - Parsed data: title: ＜05月08日(水) 13:30～14:45＞[平針]外国免許切替審査 Hirabari Exchanging Foreign Driver's License, status: 近日受付開始, start_date: 2024年04月24日 07時30分, end_date: 2024年05月02日 12時00分, template_seq: 96457
[ 2024-04-23 22:40:37,527 ] 94 nihahi50 - INFO - Parsed data: title: ＜05月07日(火) 08:45～09:30＞[平針]外国免許切替審査 Hirabari Exchanging Foreign Driver's License, status: 受付終了しました, start_date: 2024年04月23日 07時30分, end_date: 2024年05月01日 12時00分, template_seq: 96447
[ 2024-04-23 22:40:37,527 ] 94 nihahi50 - INFO - Parsed data: title: ＜05月07日(火) 08:45～09:30＞[平針]外国免許切替審査 Hirabari Exchanging Foreign Driver's License, status: 受付終了しました, start_date: 2024年04月23日 07時30分, end_date: 2024年05月01日 12時00分, template_seq: 96447
[ 2024-04-23 22:40:37,527 ] 94 nihahi50 - INFO - Parsed data: title: ＜05月07日(火) 08:45～09:30＞[平針]外国免許切替審査 Hirabari Exchanging Foreign Driver's License, status: 受付終了しました, start_date: 2024年04月23日 07時30分, end_date: 2024年05月01日 12時00分, template_seq: 96447
[ 2024-04-23 22:40:37,527 ] 94 nihahi50 - INFO - Parsed data: title: ＜05月07日(火) 08:45～09:30＞[平針]外国免許切替審査 Hirabari Exchanging Foreign Driver's License, status: 受付終了しました, start_date: 2024年04月23日 07時30分, end_date: 2024年05月01日 12時00分, template_seq: 96447
[ 2024-04-23 22:40:37,527 ] 94 nihahi50 - INFO - Parsed data: title: ＜05月07日(火) 08:45～09:30＞[平針]外国免許切替審査 Hirabari Exchanging Foreign Driver's License, status: 受付終了しました, start_date: 2024年04月23日 07時30分, end_date: 2024年05月01日 12時00分, template_seq: 96447
[ 2024-04-23 22:40:37,527 ] 94 nihahi50 - INFO - Parsed data: title: ＜05月07日(火) 08:45～09:30＞[平針]外国免許切替審査 Hirabari Exchanging Foreign Driver's License, status: 受付終了しました, start_date: 2024年04月23日 07時30分, end_date: 2024年05月01日 12時00分, template_seq: 96447
[ 2024-04-23 22:40:37,530 ] 94 nihahi50 - INFO - Skip form with passed, ended, or not today status
[ 2024-04-23 22:40:37,530 ] 94 nihahi50 - INFO - Skip form with passed, ended, or not today status
[ 2024-04-23 22:40:37,530 ] 94 nihahi50 - INFO - Skip form with passed, ended, or not today status
[ 2024-04-23 22:40:37,530 ] 94 nihahi50 - INFO - Skip form with passed, ended, or not today status
[ 2024-04-23 22:40:37,530 ] 94 nihahi50 - INFO - Skip form with passed, ended, or not today status
[ 2024-04-23 22:40:37,530 ] 94 nihahi50 - INFO - Skip form with passed, ended, or not today status
[ 2024-04-23 22:40:37,606 ] 94 nihahi50 - INFO - Parsed data: title: ＜05月07日(火) 09:30～10:30＞[平針]外国免許切替審査 Hirabari Exchanging Foreign Driver's License, status: 受付終了しました, start_date: 2024年04月23日 07時30分, end_date: 2024年05月01日 12時00分, template_seq: 96448
[ 2024-04-23 22:40:37,606 ] 94 nihahi50 - INFO - Parsed data: title: ＜05月07日(火) 09:30～10:30＞[平針]外国免許切替審査 Hirabari Exchanging Foreign Driver's License, status: 受付終了しました, start_date: 2024年04月23日 07時30分, end_date: 2024年05月01日 12時00分, template_seq: 96448
[ 2024-04-23 22:40:37,606 ] 94 nihahi50 - INFO - Parsed data: title: ＜05月07日(火) 09:30～10:30＞[平針]外国免許切替審査 Hirabari Exchanging Foreign Driver's License, status: 受付終了しました, start_date: 2024年04月23日 07時30分, end_date: 2024年05月01日 12時00分, template_seq: 96448
[ 2024-04-23 22:40:37,606 ] 94 nihahi50 - INFO - Parsed data: title: ＜05月07日(火) 09:30～10:30＞[平針]外国免許切替審査 Hirabari Exchanging Foreign Driver's License, status: 受付終了しました, start_date: 2024年04月23日 07時30分, end_date: 2024年05月01日 12時00分, template_seq: 96448
[ 2024-04-23 22:40:37,606 ] 94 nihahi50 - INFO - Parsed data: title: ＜05月07日(火) 09:30～10:30＞[平針]外国免許切替審査 Hirabari Exchanging Foreign Driver's License, status: 受付終了しました, start_date: 2024年04月23日 07時30分, end_date: 2024年05月01日 12時00分, template_seq: 96448
[ 2024-04-23 22:40:37,606 ] 94 nihahi50 - INFO - Parsed data: title: ＜05月07日(火) 09:30～10:30＞[平針]外国免許切替審査 Hirabari Exchanging Foreign Driver's License, status: 受付終了しました, start_date: 2024年04月23日 07時30分, end_date: 2024年05月01日 12時00分, template_seq: 96448
[ 2024-04-23 22:40:37,611 ] 94 nihahi50 - INFO - Skip form with passed, ended, or not today status
[ 2024-04-23 22:40:37,611 ] 94 nihahi50 - INFO - Skip form with passed, ended, or not today status
[ 2024-04-23 22:40:37,611 ] 94 nihahi50 - INFO - Skip form with passed, ended, or not today status
[ 2024-04-23 22:40:37,611 ] 94 nihahi50 - INFO - Skip form with passed, ended, or not today status
[ 2024-04-23 22:40:37,611 ] 94 nihahi50 - INFO - Skip form with passed, ended, or not today status
[ 2024-04-23 22:40:37,611 ] 94 nihahi50 - INFO - Skip form with passed, ended, or not today status
[ 2024-04-23 22:40:37,672 ] 94 nihahi50 - INFO - Parsed data: title: ＜05月07日(火) 10:30～11:45＞[平針]外国免許切替審査 Hirabari Exchanging Foreign Driver's License, status: 受付終了しました, start_date: 2024年04月23日 07時30分, end_date: 2024年05月01日 12時00分, template_seq: 96450
[ 2024-04-23 22:40:37,672 ] 94 nihahi50 - INFO - Parsed data: title: ＜05月07日(火) 10:30～11:45＞[平針]外国免許切替審査 Hirabari Exchanging Foreign Driver's License, status: 受付終了しました, start_date: 2024年04月23日 07時30分, end_date: 2024年05月01日 12時00分, template_seq: 96450
[ 2024-04-23 22:40:37,672 ] 94 nihahi50 - INFO - Parsed data: title: ＜05月07日(火) 10:30～11:45＞[平針]外国免許切替審査 Hirabari Exchanging Foreign Driver's License, status: 受付終了しました, start_date: 2024年04月23日 07時30分, end_date: 2024年05月01日 12時00分, template_seq: 96450
[ 2024-04-23 22:40:37,672 ] 94 nihahi50 - INFO - Parsed data: title: ＜05月07日(火) 10:30～11:45＞[平針]外国免許切替審査 Hirabari Exchanging Foreign Driver's License, status: 受付終了しました, start_date: 2024年04月23日 07時30分, end_date: 2024年05月01日 12時00分, template_seq: 96450
[ 2024-04-23 22:40:37,672 ] 94 nihahi50 - INFO - Parsed data: title: ＜05月07日(火) 10:30～11:45＞[平針]外国免許切替審査 Hirabari Exchanging Foreign Driver's License, status: 受付終了しました, start_date: 2024年04月23日 07時30分, end_date: 2024年05月01日 12時00分, template_seq: 96450
[ 2024-04-23 22:40:37,672 ] 94 nihahi50 - INFO - Parsed data: title: ＜05月07日(火) 10:30～11:45＞[平針]外国免許切替審査 Hirabari Exchanging Foreign Driver's License, status: 受付終了しました, start_date: 2024年04月23日 07時30分, end_date: 2024年05月01日 12時00分, template_seq: 96450
[ 2024-04-23 22:40:37,674 ] 94 nihahi50 - INFO - Skip form with passed, ended, or not today status
[ 2024-04-23 22:40:37,674 ] 94 nihahi50 - INFO - Skip form with passed, ended, or not today status
[ 2024-04-23 22:40:37,674 ] 94 nihahi50 - INFO - Skip form with passed, ended, or not today status
[ 2024-04-23 22:40:37,674 ] 94 nihahi50 - INFO - Skip form with passed, ended, or not today status
[ 2024-04-23 22:40:37,674 ] 94 nihahi50 - INFO - Skip form with passed, ended, or not today status
[ 2024-04-23 22:40:37,674 ] 94 nihahi50 - INFO - Skip form with passed, ended, or not today status
[ 2024-04-23 22:40:37,715 ] 94 nihahi50 - INFO - Parsed data: title: ＜05月07日(火) 12:45～13:30＞[平針]外国免許切替審査 Hirabari Exchanging Foreign Driver's License, status: 受付終了しました, start_date: 2024年04月23日 07時30分, end_date: 2024年05月01日 12時00分, template_seq: 96451
[ 2024-04-23 22:40:37,715 ] 94 nihahi50 - INFO - Parsed data: title: ＜05月07日(火) 12:45～13:30＞[平針]外国免許切替審査 Hirabari Exchanging Foreign Driver's License, status: 受付終了しました, start_date: 2024年04月23日 07時30分, end_date: 2024年05月01日 12時00分, template_seq: 96451
[ 2024-04-23 22:40:37,715 ] 94 nihahi50 - INFO - Parsed data: title: ＜05月07日(火) 12:45～13:30＞[平針]外国免許切替審査 Hirabari Exchanging Foreign Driver's License, status: 受付終了しました, start_date: 2024年04月23日 07時30分, end_date: 2024年05月01日 12時00分, template_seq: 96451
[ 2024-04-23 22:40:37,715 ] 94 nihahi50 - INFO - Parsed data: title: ＜05月07日(火) 12:45～13:30＞[平針]外国免許切替審査 Hirabari Exchanging Foreign Driver's License, status: 受付終了しました, start_date: 2024年04月23日 07時30分, end_date: 2024年05月01日 12時00分, template_seq: 96451
[ 2024-04-23 22:40:37,715 ] 94 nihahi50 - INFO - Parsed data: title: ＜05月07日(火) 12:45～13:30＞[平針]外国免許切替審査 Hirabari Exchanging Foreign Driver's License, status: 受付終了しました, start_date: 2024年04月23日 07時30分, end_date: 2024年05月01日 12時00分, template_seq: 96451
[ 2024-04-23 22:40:37,715 ] 94 nihahi50 - INFO - Parsed data: title: ＜05月07日(火) 12:45～13:30＞[平針]外国免許切替審査 Hirabari Exchanging Foreign Driver's License, status: 受付終了しました, start_date: 2024年04月23日 07時30分, end_date: 2024年05月01日 12時00分, template_seq: 96451
[ 2024-04-23 22:40:37,716 ] 94 nihahi50 - INFO - Skip form with passed, ended, or not today status
[ 2024-04-23 22:40:37,716 ] 94 nihahi50 - INFO - Skip form with passed, ended, or not today status
[ 2024-04-23 22:40:37,716 ] 94 nihahi50 - INFO - Skip form with passed, ended, or not today status
[ 2024-04-23 22:40:37,716 ] 94 nihahi50 - INFO - Skip form with passed, ended, or not today status
[ 2024-04-23 22:40:37,716 ] 94 nihahi50 - INFO - Skip form with passed, ended, or not today status
[ 2024-04-23 22:40:37,716 ] 94 nihahi50 - INFO - Skip form with passed, ended, or not today status
[ 2024-04-23 22:40:37,763 ] 94 nihahi50 - INFO - Parsed data: title: ＜05月07日(火) 13:30～14:45＞[平針]外国免許切替審査 Hirabari Exchanging Foreign Driver's License, status: 受付終了しました, start_date: 2024年04月23日 07時30分, end_date: 2024年05月01日 12時00分, template_seq: 96452
[ 2024-04-23 22:40:37,763 ] 94 nihahi50 - INFO - Parsed data: title: ＜05月07日(火) 13:30～14:45＞[平針]外国免許切替審査 Hirabari Exchanging Foreign Driver's License, status: 受付終了しました, start_date: 2024年04月23日 07時30分, end_date: 2024年05月01日 12時00分, template_seq: 96452
[ 2024-04-23 22:40:37,763 ] 94 nihahi50 - INFO - Parsed data: title: ＜05月07日(火) 13:30～14:45＞[平針]外国免許切替審査 Hirabari Exchanging Foreign Driver's License, status: 受付終了しました, start_date: 2024年04月23日 07時30分, end_date: 2024年05月01日 12時00分, template_seq: 96452
[ 2024-04-23 22:40:37,763 ] 94 nihahi50 - INFO - Parsed data: title: ＜05月07日(火) 13:30～14:45＞[平針]外国免許切替審査 Hirabari Exchanging Foreign Driver's License, status: 受付終了しました, start_date: 2024年04月23日 07時30分, end_date: 2024年05月01日 12時00分, template_seq: 96452
[ 2024-04-23 22:40:37,763 ] 94 nihahi50 - INFO - Parsed data: title: ＜05月07日(火) 13:30～14:45＞[平針]外国免許切替審査 Hirabari Exchanging Foreign Driver's License, status: 受付終了しました, start_date: 2024年04月23日 07時30分, end_date: 2024年05月01日 12時00分, template_seq: 96452
[ 2024-04-23 22:40:37,763 ] 94 nihahi50 - INFO - Parsed data: title: ＜05月07日(火) 13:30～14:45＞[平針]外国免許切替審査 Hirabari Exchanging Foreign Driver's License, status: 受付終了しました, start_date: 2024年04月23日 07時30分, end_date: 2024年05月01日 12時00分, template_seq: 96452
[ 2024-04-23 22:40:37,765 ] 94 nihahi50 - INFO - Skip form with passed, ended, or not today status
[ 2024-04-23 22:40:37,765 ] 94 nihahi50 - INFO - Skip form with passed, ended, or not today status
[ 2024-04-23 22:40:37,765 ] 94 nihahi50 - INFO - Skip form with passed, ended, or not today status
[ 2024-04-23 22:40:37,765 ] 94 nihahi50 - INFO - Skip form with passed, ended, or not today status
[ 2024-04-23 22:40:37,765 ] 94 nihahi50 - INFO - Skip form with passed, ended, or not today status
[ 2024-04-23 22:40:37,765 ] 94 nihahi50 - INFO - Skip form with passed, ended, or not today status
[ 2024-04-23 22:40:37,812 ] 94 nihahi50 - INFO - Parsed data: title: ＜05月02日(木) 08:45～09:30＞[平針]外国免許切替審査 Hirabari Exchanging Foreign Driver's License, status: 受付終了しました, start_date: 2024年04月18日 07時30分, end_date: 2024年04月30日 12時00分, template_seq: 96126
[ 2024-04-23 22:40:37,812 ] 94 nihahi50 - INFO - Parsed data: title: ＜05月02日(木) 08:45～09:30＞[平針]外国免許切替審査 Hirabari Exchanging Foreign Driver's License, status: 受付終了しました, start_date: 2024年04月18日 07時30分, end_date: 2024年04月30日 12時00分, template_seq: 96126
[ 2024-04-23 22:40:37,812 ] 94 nihahi50 - INFO - Parsed data: title: ＜05月02日(木) 08:45～09:30＞[平針]外国免許切替審査 Hirabari Exchanging Foreign Driver's License, status: 受付終了しました, start_date: 2024年04月18日 07時30分, end_date: 2024年04月30日 12時00分, template_seq: 96126
[ 2024-04-23 22:40:37,812 ] 94 nihahi50 - INFO - Parsed data: title: ＜05月02日(木) 08:45～09:30＞[平針]外国免許切替審査 Hirabari Exchanging Foreign Driver's License, status: 受付終了しました, start_date: 2024年04月18日 07時30分, end_date: 2024年04月30日 12時00分, template_seq: 96126
[ 2024-04-23 22:40:37,812 ] 94 nihahi50 - INFO - Parsed data: title: ＜05月02日(木) 08:45～09:30＞[平針]外国免許切替審査 Hirabari Exchanging Foreign Driver's License, status: 受付終了しました, start_date: 2024年04月18日 07時30分, end_date: 2024年04月30日 12時00分, template_seq: 96126
[ 2024-04-23 22:40:37,812 ] 94 nihahi50 - INFO - Parsed data: title: ＜05月02日(木) 08:45～09:30＞[平針]外国免許切替審査 Hirabari Exchanging Foreign Driver's License, status: 受付終了しました, start_date: 2024年04月18日 07時30分, end_date: 2024年04月30日 12時00分, template_seq: 96126
[ 2024-04-23 22:40:37,816 ] 94 nihahi50 - INFO - Skip form with passed, ended, or not today status
[ 2024-04-23 22:40:37,816 ] 94 nihahi50 - INFO - Skip form with passed, ended, or not today status
[ 2024-04-23 22:40:37,816 ] 94 nihahi50 - INFO - Skip form with passed, ended, or not today status
[ 2024-04-23 22:40:37,816 ] 94 nihahi50 - INFO - Skip form with passed, ended, or not today status
[ 2024-04-23 22:40:37,816 ] 94 nihahi50 - INFO - Skip form with passed, ended, or not today status
[ 2024-04-23 22:40:37,816 ] 94 nihahi50 - INFO - Skip form with passed, ended, or not today status
[ 2024-04-23 22:40:37,856 ] 94 nihahi50 - INFO - Parsed data: title: ＜05月02日(木) 09:30～10:30＞[平針]外国免許切替審査 Hirabari Exchanging Foreign Driver's License, status: 受付終了しました, start_date: 2024年04月18日 07時30分, end_date: 2024年04月30日 12時00分, template_seq: 96127
[ 2024-04-23 22:40:37,856 ] 94 nihahi50 - INFO - Parsed data: title: ＜05月02日(木) 09:30～10:30＞[平針]外国免許切替審査 Hirabari Exchanging Foreign Driver's License, status: 受付終了しました, start_date: 2024年04月18日 07時30分, end_date: 2024年04月30日 12時00分, template_seq: 96127
[ 2024-04-23 22:40:37,856 ] 94 nihahi50 - INFO - Parsed data: title: ＜05月02日(木) 09:30～10:30＞[平針]外国免許切替審査 Hirabari Exchanging Foreign Driver's License, status: 受付終了しました, start_date: 2024年04月18日 07時30分, end_date: 2024年04月30日 12時00分, template_seq: 96127
[ 2024-04-23 22:40:37,856 ] 94 nihahi50 - INFO - Parsed data: title: ＜05月02日(木) 09:30～10:30＞[平針]外国免許切替審査 Hirabari Exchanging Foreign Driver's License, status: 受付終了しました, start_date: 2024年04月18日 07時30分, end_date: 2024年04月30日 12時00分, template_seq: 96127
[ 2024-04-23 22:40:37,856 ] 94 nihahi50 - INFO - Parsed data: title: ＜05月02日(木) 09:30～10:30＞[平針]外国免許切替審査 Hirabari Exchanging Foreign Driver's License, status: 受付終了しました, start_date: 2024年04月18日 07時30分, end_date: 2024年04月30日 12時00分, template_seq: 96127
[ 2024-04-23 22:40:37,856 ] 94 nihahi50 - INFO - Parsed data: title: ＜05月02日(木) 09:30～10:30＞[平針]外国免許切替審査 Hirabari Exchanging Foreign Driver's License, status: 受付終了しました, start_date: 2024年04月18日 07時30分, end_date: 2024年04月30日 12時00分, template_seq: 96127
[ 2024-04-23 22:40:37,859 ] 94 nihahi50 - INFO - Skip form with passed, ended, or not today status
[ 2024-04-23 22:40:37,859 ] 94 nihahi50 - INFO - Skip form with passed, ended, or not today status
[ 2024-04-23 22:40:37,859 ] 94 nihahi50 - INFO - Skip form with passed, ended, or not today status
[ 2024-04-23 22:40:37,859 ] 94 nihahi50 - INFO - Skip form with passed, ended, or not today status
[ 2024-04-23 22:40:37,859 ] 94 nihahi50 - INFO - Skip form with passed, ended, or not today status
[ 2024-04-23 22:40:37,859 ] 94 nihahi50 - INFO - Skip form with passed, ended, or not today status
[ 2024-04-23 22:40:37,911 ] 94 nihahi50 - INFO - Parsed data: title: ＜05月02日(木) 10:30～11:45＞[平針]外国免許切替審査 Hirabari Exchanging Foreign Driver's License, status: 受付終了しました, start_date: 2024年04月18日 07時30分, end_date: 2024年04月30日 12時00分, template_seq: 96128
[ 2024-04-23 22:40:37,911 ] 94 nihahi50 - INFO - Parsed data: title: ＜05月02日(木) 10:30～11:45＞[平針]外国免許切替審査 Hirabari Exchanging Foreign Driver's License, status: 受付終了しました, start_date: 2024年04月18日 07時30分, end_date: 2024年04月30日 12時00分, template_seq: 96128
[ 2024-04-23 22:40:37,911 ] 94 nihahi50 - INFO - Parsed data: title: ＜05月02日(木) 10:30～11:45＞[平針]外国免許切替審査 Hirabari Exchanging Foreign Driver's License, status: 受付終了しました, start_date: 2024年04月18日 07時30分, end_date: 2024年04月30日 12時00分, template_seq: 96128
[ 2024-04-23 22:40:37,911 ] 94 nihahi50 - INFO - Parsed data: title: ＜05月02日(木) 10:30～11:45＞[平針]外国免許切替審査 Hirabari Exchanging Foreign Driver's License, status: 受付終了しました, start_date: 2024年04月18日 07時30分, end_date: 2024年04月30日 12時00分, template_seq: 96128
[ 2024-04-23 22:40:37,911 ] 94 nihahi50 - INFO - Parsed data: title: ＜05月02日(木) 10:30～11:45＞[平針]外国免許切替審査 Hirabari Exchanging Foreign Driver's License, status: 受付終了しました, start_date: 2024年04月18日 07時30分, end_date: 2024年04月30日 12時00分, template_seq: 96128
[ 2024-04-23 22:40:37,911 ] 94 nihahi50 - INFO - Parsed data: title: ＜05月02日(木) 10:30～11:45＞[平針]外国免許切替審査 Hirabari Exchanging Foreign Driver's License, status: 受付終了しました, start_date: 2024年04月18日 07時30分, end_date: 2024年04月30日 12時00分, template_seq: 96128
[ 2024-04-23 22:40:37,916 ] 94 nihahi50 - INFO - Skip form with passed, ended, or not today status
[ 2024-04-23 22:40:37,916 ] 94 nihahi50 - INFO - Skip form with passed, ended, or not today status
[ 2024-04-23 22:40:37,916 ] 94 nihahi50 - INFO - Skip form with passed, ended, or not today status
[ 2024-04-23 22:40:37,916 ] 94 nihahi50 - INFO - Skip form with passed, ended, or not today status
[ 2024-04-23 22:40:37,916 ] 94 nihahi50 - INFO - Skip form with passed, ended, or not today status
[ 2024-04-23 22:40:37,916 ] 94 nihahi50 - INFO - Skip form with passed, ended, or not today status
[ 2024-04-23 22:40:37,966 ] 94 nihahi50 - INFO - Parsed data: title: ＜05月02日(木) 12:45～13:30＞[平針]外国免許切替審査 Hirabari Exchanging Foreign Driver's License, status: 受付終了しました, start_date: 2024年04月18日 07時30分, end_date: 2024年04月30日 12時00分, template_seq: 96129
[ 2024-04-23 22:40:37,966 ] 94 nihahi50 - INFO - Parsed data: title: ＜05月02日(木) 12:45～13:30＞[平針]外国免許切替審査 Hirabari Exchanging Foreign Driver's License, status: 受付終了しました, start_date: 2024年04月18日 07時30分, end_date: 2024年04月30日 12時00分, template_seq: 96129
[ 2024-04-23 22:40:37,966 ] 94 nihahi50 - INFO - Parsed data: title: ＜05月02日(木) 12:45～13:30＞[平針]外国免許切替審査 Hirabari Exchanging Foreign Driver's License, status: 受付終了しました, start_date: 2024年04月18日 07時30分, end_date: 2024年04月30日 12時00分, template_seq: 96129
[ 2024-04-23 22:40:37,966 ] 94 nihahi50 - INFO - Parsed data: title: ＜05月02日(木) 12:45～13:30＞[平針]外国免許切替審査 Hirabari Exchanging Foreign Driver's License, status: 受付終了しました, start_date: 2024年04月18日 07時30分, end_date: 2024年04月30日 12時00分, template_seq: 96129
[ 2024-04-23 22:40:37,966 ] 94 nihahi50 - INFO - Parsed data: title: ＜05月02日(木) 12:45～13:30＞[平針]外国免許切替審査 Hirabari Exchanging Foreign Driver's License, status: 受付終了しました, start_date: 2024年04月18日 07時30分, end_date: 2024年04月30日 12時00分, template_seq: 96129
[ 2024-04-23 22:40:37,966 ] 94 nihahi50 - INFO - Parsed data: title: ＜05月02日(木) 12:45～13:30＞[平針]外国免許切替審査 Hirabari Exchanging Foreign Driver's License, status: 受付終了しました, start_date: 2024年04月18日 07時30分, end_date: 2024年04月30日 12時00分, template_seq: 96129
[ 2024-04-23 22:40:37,970 ] 94 nihahi50 - INFO - Skip form with passed, ended, or not today status
[ 2024-04-23 22:40:37,970 ] 94 nihahi50 - INFO - Skip form with passed, ended, or not today status
[ 2024-04-23 22:40:37,970 ] 94 nihahi50 - INFO - Skip form with passed, ended, or not today status
[ 2024-04-23 22:40:37,970 ] 94 nihahi50 - INFO - Skip form with passed, ended, or not today status
[ 2024-04-23 22:40:37,970 ] 94 nihahi50 - INFO - Skip form with passed, ended, or not today status
[ 2024-04-23 22:40:37,970 ] 94 nihahi50 - INFO - Skip form with passed, ended, or not today status
[ 2024-04-23 22:40:38,035 ] 94 nihahi50 - INFO - Parsed data: title: ＜05月02日(木) 13:30～14:45＞[平針]外国免許切替審査 Hirabari Exchanging Foreign Driver's License, status: 受付終了しました, start_date: 2024年04月18日 07時30分, end_date: 2024年04月30日 12時00分, template_seq: 96130
[ 2024-04-23 22:40:38,035 ] 94 nihahi50 - INFO - Parsed data: title: ＜05月02日(木) 13:30～14:45＞[平針]外国免許切替審査 Hirabari Exchanging Foreign Driver's License, status: 受付終了しました, start_date: 2024年04月18日 07時30分, end_date: 2024年04月30日 12時00分, template_seq: 96130
[ 2024-04-23 22:40:38,035 ] 94 nihahi50 - INFO - Parsed data: title: ＜05月02日(木) 13:30～14:45＞[平針]外国免許切替審査 Hirabari Exchanging Foreign Driver's License, status: 受付終了しました, start_date: 2024年04月18日 07時30分, end_date: 2024年04月30日 12時00分, template_seq: 96130
[ 2024-04-23 22:40:38,035 ] 94 nihahi50 - INFO - Parsed data: title: ＜05月02日(木) 13:30～14:45＞[平針]外国免許切替審査 Hirabari Exchanging Foreign Driver's License, status: 受付終了しました, start_date: 2024年04月18日 07時30分, end_date: 2024年04月30日 12時00分, template_seq: 96130
[ 2024-04-23 22:40:38,035 ] 94 nihahi50 - INFO - Parsed data: title: ＜05月02日(木) 13:30～14:45＞[平針]外国免許切替審査 Hirabari Exchanging Foreign Driver's License, status: 受付終了しました, start_date: 2024年04月18日 07時30分, end_date: 2024年04月30日 12時00分, template_seq: 96130
[ 2024-04-23 22:40:38,035 ] 94 nihahi50 - INFO - Parsed data: title: ＜05月02日(木) 13:30～14:45＞[平針]外国免許切替審査 Hirabari Exchanging Foreign Driver's License, status: 受付終了しました, start_date: 2024年04月18日 07時30分, end_date: 2024年04月30日 12時00分, template_seq: 96130
[ 2024-04-23 22:40:38,036 ] 94 nihahi50 - INFO - Skip form with passed, ended, or not today status
[ 2024-04-23 22:40:38,036 ] 94 nihahi50 - INFO - Skip form with passed, ended, or not today status
[ 2024-04-23 22:40:38,036 ] 94 nihahi50 - INFO - Skip form with passed, ended, or not today status
[ 2024-04-23 22:40:38,036 ] 94 nihahi50 - INFO - Skip form with passed, ended, or not today status
[ 2024-04-23 22:40:38,036 ] 94 nihahi50 - INFO - Skip form with passed, ended, or not today status
[ 2024-04-23 22:40:38,036 ] 94 nihahi50 - INFO - Skip form with passed, ended, or not today status
[ 2024-04-23 22:40:38,037 ] 94 nihahi50 - INFO - Number of filtered forms left is: 5 form(s)
[ 2024-04-23 22:40:38,037 ] 94 nihahi50 - INFO - Number of filtered forms left is: 5 form(s)
[ 2024-04-23 22:40:38,037 ] 94 nihahi50 - INFO - Number of filtered forms left is: 5 form(s)
[ 2024-04-23 22:40:38,037 ] 94 nihahi50 - INFO - Number of filtered forms left is: 5 form(s)
[ 2024-04-23 22:40:38,037 ] 94 nihahi50 - INFO - Number of filtered forms left is: 5 form(s)
[ 2024-04-23 22:40:38,037 ] 94 nihahi50 - INFO - Number of filtered forms left is: 5 form(s)
