[ 2024-04-28 23:35:31,263 ] 91 luthien5921+shinsei1 - INFO - Opened login page
[ 2024-04-28 23:35:31,263 ] 91 luthien5921+shinsei1 - INFO - Opened login page
[ 2024-04-28 23:35:31,263 ] 91 luthien5921+shinsei1 - INFO - Opened login page
[ 2024-04-28 23:35:42,580 ] 91 luthien5921+shinsei1 - INFO - Opened login page
[ 2024-04-28 23:35:42,580 ] 91 luthien5921+shinsei1 - INFO - Opened login page
[ 2024-04-28 23:35:42,580 ] 91 luthien5921+shinsei1 - INFO - Opened login page
[ 2024-04-28 23:35:42,580 ] 91 luthien5921+shinsei1 - INFO - Opened login page
[ 2024-04-28 23:35:42,580 ] 91 luthien5921+shinsei1 - INFO - Opened login page
[ 2024-04-28 23:35:42,580 ] 91 luthien5921+shinsei1 - INFO - Opened login page
[ 2024-04-28 23:35:50,284 ] 91 luthien5921+shinsei1 - INFO - Logging in
[ 2024-04-28 23:35:50,284 ] 91 luthien5921+shinsei1 - INFO - Logging in
[ 2024-04-28 23:35:50,284 ] 91 luthien5921+shinsei1 - INFO - Logging in
[ 2024-04-28 23:35:50,284 ] 91 luthien5921+shinsei1 - INFO - Logging in
[ 2024-04-28 23:35:50,284 ] 91 luthien5921+shinsei1 - INFO - Logging in
[ 2024-04-28 23:35:50,284 ] 91 luthien5921+shinsei1 - INFO - Logging in
[ 2024-04-28 23:35:50,296 ] 91 luthien5921+shinsei1 - INFO - Current url: https://www.shinsei.e-aichi.jp/pref-aichi-police-u/offer/offerList_initDisplay
[ 2024-04-28 23:35:50,296 ] 91 luthien5921+shinsei1 - INFO - Current url: https://www.shinsei.e-aichi.jp/pref-aichi-police-u/offer/offerList_initDisplay
[ 2024-04-28 23:35:50,296 ] 91 luthien5921+shinsei1 - INFO - Current url: https://www.shinsei.e-aichi.jp/pref-aichi-police-u/offer/offerList_initDisplay
[ 2024-04-28 23:35:50,296 ] 91 luthien5921+shinsei1 - INFO - Current url: https://www.shinsei.e-aichi.jp/pref-aichi-police-u/offer/offerList_initDisplay
[ 2024-04-28 23:35:50,296 ] 91 luthien5921+shinsei1 - INFO - Current url: https://www.shinsei.e-aichi.jp/pref-aichi-police-u/offer/offerList_initDisplay
[ 2024-04-28 23:35:50,296 ] 91 luthien5921+shinsei1 - INFO - Current url: https://www.shinsei.e-aichi.jp/pref-aichi-police-u/offer/offerList_initDisplay
[ 2024-04-28 23:35:50,617 ] 91 luthien5921+shinsei1 - INFO - Logged in finished
[ 2024-04-28 23:35:50,617 ] 91 luthien5921+shinsei1 - INFO - Logged in finished
[ 2024-04-28 23:35:50,617 ] 91 luthien5921+shinsei1 - INFO - Logged in finished
[ 2024-04-28 23:35:50,617 ] 91 luthien5921+shinsei1 - INFO - Logged in finished
[ 2024-04-28 23:35:50,617 ] 91 luthien5921+shinsei1 - INFO - Logged in finished
[ 2024-04-28 23:35:50,617 ] 91 luthien5921+shinsei1 - INFO - Logged in finished
[ 2024-04-28 23:35:50,924 ] 91 luthien5921+shinsei1 - INFO - On main page
[ 2024-04-28 23:35:50,924 ] 91 luthien5921+shinsei1 - INFO - On main page
[ 2024-04-28 23:35:50,924 ] 91 luthien5921+shinsei1 - INFO - On main page
[ 2024-04-28 23:35:50,924 ] 91 luthien5921+shinsei1 - INFO - On main page
[ 2024-04-28 23:35:50,924 ] 91 luthien5921+shinsei1 - INFO - On main page
[ 2024-04-28 23:35:50,924 ] 91 luthien5921+shinsei1 - INFO - On main page
[ 2024-04-28 23:35:52,995 ] 91 luthien5921+shinsei1 - INFO - Search submitted
[ 2024-04-28 23:35:52,995 ] 91 luthien5921+shinsei1 - INFO - Search submitted
[ 2024-04-28 23:35:52,995 ] 91 luthien5921+shinsei1 - INFO - Search submitted
[ 2024-04-28 23:35:52,995 ] 91 luthien5921+shinsei1 - INFO - Search submitted
[ 2024-04-28 23:35:52,995 ] 91 luthien5921+shinsei1 - INFO - Search submitted
[ 2024-04-28 23:35:52,995 ] 91 luthien5921+shinsei1 - INFO - Search submitted
[ 2024-04-28 23:35:53,013 ] 91 luthien5921+shinsei1 - INFO - Collected 10 forms
[ 2024-04-28 23:35:53,013 ] 91 luthien5921+shinsei1 - INFO - Collected 10 forms
[ 2024-04-28 23:35:53,013 ] 91 luthien5921+shinsei1 - INFO - Collected 10 forms
[ 2024-04-28 23:35:53,013 ] 91 luthien5921+shinsei1 - INFO - Collected 10 forms
[ 2024-04-28 23:35:53,013 ] 91 luthien5921+shinsei1 - INFO - Collected 10 forms
[ 2024-04-28 23:35:53,013 ] 91 luthien5921+shinsei1 - INFO - Collected 10 forms
[ 2024-04-28 23:35:53,261 ] 91 luthien5921+shinsei1 - INFO - Number of filtered forms left is: 10 form(s)
[ 2024-04-28 23:35:53,261 ] 91 luthien5921+shinsei1 - INFO - Number of filtered forms left is: 10 form(s)
[ 2024-04-28 23:35:53,261 ] 91 luthien5921+shinsei1 - INFO - Number of filtered forms left is: 10 form(s)
[ 2024-04-28 23:35:53,261 ] 91 luthien5921+shinsei1 - INFO - Number of filtered forms left is: 10 form(s)
[ 2024-04-28 23:35:53,261 ] 91 luthien5921+shinsei1 - INFO - Number of filtered forms left is: 10 form(s)
[ 2024-04-28 23:35:53,261 ] 91 luthien5921+shinsei1 - INFO - Number of filtered forms left is: 10 form(s)
[ 2024-04-28 23:35:53,261 ] 91 luthien5921+shinsei1 - INFO - 05月13日(月) 13:30[東三]外国免許切替一次審査 Tosan Exchanging Foreign Driver's License 1st Exam -  - 2024年04月29日 07時30分 - 2024年05月09日 12時00分 - 95433 - https://www.shinsei.e-aichi.jp/pref-aichi-police-u/offer/offerList_detailTop?tempSeq=95433 - True
[ 2024-04-28 23:35:53,261 ] 91 luthien5921+shinsei1 - INFO - 05月13日(月) 13:30[東三]外国免許切替一次審査 Tosan Exchanging Foreign Driver's License 1st Exam -  - 2024年04月29日 07時30分 - 2024年05月09日 12時00分 - 95433 - https://www.shinsei.e-aichi.jp/pref-aichi-police-u/offer/offerList_detailTop?tempSeq=95433 - True
[ 2024-04-28 23:35:53,261 ] 91 luthien5921+shinsei1 - INFO - 05月13日(月) 13:30[東三]外国免許切替一次審査 Tosan Exchanging Foreign Driver's License 1st Exam -  - 2024年04月29日 07時30分 - 2024年05月09日 12時00分 - 95433 - https://www.shinsei.e-aichi.jp/pref-aichi-police-u/offer/offerList_detailTop?tempSeq=95433 - True
[ 2024-04-28 23:35:53,261 ] 91 luthien5921+shinsei1 - INFO - 05月13日(月) 13:30[東三]外国免許切替一次審査 Tosan Exchanging Foreign Driver's License 1st Exam -  - 2024年04月29日 07時30分 - 2024年05月09日 12時00分 - 95433 - https://www.shinsei.e-aichi.jp/pref-aichi-police-u/offer/offerList_detailTop?tempSeq=95433 - True
[ 2024-04-28 23:35:53,261 ] 91 luthien5921+shinsei1 - INFO - 05月13日(月) 13:30[東三]外国免許切替一次審査 Tosan Exchanging Foreign Driver's License 1st Exam -  - 2024年04月29日 07時30分 - 2024年05月09日 12時00分 - 95433 - https://www.shinsei.e-aichi.jp/pref-aichi-police-u/offer/offerList_detailTop?tempSeq=95433 - True
[ 2024-04-28 23:35:53,261 ] 91 luthien5921+shinsei1 - INFO - 05月13日(月) 13:30[東三]外国免許切替一次審査 Tosan Exchanging Foreign Driver's License 1st Exam -  - 2024年04月29日 07時30分 - 2024年05月09日 12時00分 - 95433 - https://www.shinsei.e-aichi.jp/pref-aichi-police-u/offer/offerList_detailTop?tempSeq=95433 - True
[ 2024-04-28 23:35:53,261 ] 91 luthien5921+shinsei1 - INFO - 05月14日(火) 13:30[東三]外国免許切替一次審査 Tosan Exchanging Foreign Driver's License 1st Exam -  - 2024年04月29日 07時30分 - 2024年05月10日 12時00分 - 95435 - https://www.shinsei.e-aichi.jp/pref-aichi-police-u/offer/offerList_detailTop?tempSeq=95435 - True
[ 2024-04-28 23:35:53,261 ] 91 luthien5921+shinsei1 - INFO - 05月14日(火) 13:30[東三]外国免許切替一次審査 Tosan Exchanging Foreign Driver's License 1st Exam -  - 2024年04月29日 07時30分 - 2024年05月10日 12時00分 - 95435 - https://www.shinsei.e-aichi.jp/pref-aichi-police-u/offer/offerList_detailTop?tempSeq=95435 - True
[ 2024-04-28 23:35:53,261 ] 91 luthien5921+shinsei1 - INFO - 05月14日(火) 13:30[東三]外国免許切替一次審査 Tosan Exchanging Foreign Driver's License 1st Exam -  - 2024年04月29日 07時30分 - 2024年05月10日 12時00分 - 95435 - https://www.shinsei.e-aichi.jp/pref-aichi-police-u/offer/offerList_detailTop?tempSeq=95435 - True
[ 2024-04-28 23:35:53,261 ] 91 luthien5921+shinsei1 - INFO - 05月14日(火) 13:30[東三]外国免許切替一次審査 Tosan Exchanging Foreign Driver's License 1st Exam -  - 2024年04月29日 07時30分 - 2024年05月10日 12時00分 - 95435 - https://www.shinsei.e-aichi.jp/pref-aichi-police-u/offer/offerList_detailTop?tempSeq=95435 - True
[ 2024-04-28 23:35:53,261 ] 91 luthien5921+shinsei1 - INFO - 05月14日(火) 13:30[東三]外国免許切替一次審査 Tosan Exchanging Foreign Driver's License 1st Exam -  - 2024年04月29日 07時30分 - 2024年05月10日 12時00分 - 95435 - https://www.shinsei.e-aichi.jp/pref-aichi-police-u/offer/offerList_detailTop?tempSeq=95435 - True
[ 2024-04-28 23:35:53,261 ] 91 luthien5921+shinsei1 - INFO - 05月14日(火) 13:30[東三]外国免許切替一次審査 Tosan Exchanging Foreign Driver's License 1st Exam -  - 2024年04月29日 07時30分 - 2024年05月10日 12時00分 - 95435 - https://www.shinsei.e-aichi.jp/pref-aichi-police-u/offer/offerList_detailTop?tempSeq=95435 - True
[ 2024-04-28 23:35:53,262 ] 91 luthien5921+shinsei1 - INFO - 05月15日(水) 13:30[東三]外国免許切替一次審査 Tosan Exchanging Foreign Driver's License 1st Exam -  - 2024年04月29日 07時30分 - 2024年05月13日 12時00分 - 95438 - https://www.shinsei.e-aichi.jp/pref-aichi-police-u/offer/offerList_detailTop?tempSeq=95438 - True
[ 2024-04-28 23:35:53,262 ] 91 luthien5921+shinsei1 - INFO - 05月15日(水) 13:30[東三]外国免許切替一次審査 Tosan Exchanging Foreign Driver's License 1st Exam -  - 2024年04月29日 07時30分 - 2024年05月13日 12時00分 - 95438 - https://www.shinsei.e-aichi.jp/pref-aichi-police-u/offer/offerList_detailTop?tempSeq=95438 - True
[ 2024-04-28 23:35:53,262 ] 91 luthien5921+shinsei1 - INFO - 05月15日(水) 13:30[東三]外国免許切替一次審査 Tosan Exchanging Foreign Driver's License 1st Exam -  - 2024年04月29日 07時30分 - 2024年05月13日 12時00分 - 95438 - https://www.shinsei.e-aichi.jp/pref-aichi-police-u/offer/offerList_detailTop?tempSeq=95438 - True
[ 2024-04-28 23:35:53,262 ] 91 luthien5921+shinsei1 - INFO - 05月15日(水) 13:30[東三]外国免許切替一次審査 Tosan Exchanging Foreign Driver's License 1st Exam -  - 2024年04月29日 07時30分 - 2024年05月13日 12時00分 - 95438 - https://www.shinsei.e-aichi.jp/pref-aichi-police-u/offer/offerList_detailTop?tempSeq=95438 - True
[ 2024-04-28 23:35:53,262 ] 91 luthien5921+shinsei1 - INFO - 05月15日(水) 13:30[東三]外国免許切替一次審査 Tosan Exchanging Foreign Driver's License 1st Exam -  - 2024年04月29日 07時30分 - 2024年05月13日 12時00分 - 95438 - https://www.shinsei.e-aichi.jp/pref-aichi-police-u/offer/offerList_detailTop?tempSeq=95438 - True
[ 2024-04-28 23:35:53,262 ] 91 luthien5921+shinsei1 - INFO - 05月15日(水) 13:30[東三]外国免許切替一次審査 Tosan Exchanging Foreign Driver's License 1st Exam -  - 2024年04月29日 07時30分 - 2024年05月13日 12時00分 - 95438 - https://www.shinsei.e-aichi.jp/pref-aichi-police-u/offer/offerList_detailTop?tempSeq=95438 - True
[ 2024-04-28 23:35:53,262 ] 91 luthien5921+shinsei1 - INFO - 05月16日(木) 13:30[東三]外国免許切替一次審査 Tosan Exchanging Foreign Driver's License 1st Exam -  - 2024年04月29日 07時30分 - 2024年05月14日 12時00分 - 95440 - https://www.shinsei.e-aichi.jp/pref-aichi-police-u/offer/offerList_detailTop?tempSeq=95440 - True
[ 2024-04-28 23:35:53,262 ] 91 luthien5921+shinsei1 - INFO - 05月16日(木) 13:30[東三]外国免許切替一次審査 Tosan Exchanging Foreign Driver's License 1st Exam -  - 2024年04月29日 07時30分 - 2024年05月14日 12時00分 - 95440 - https://www.shinsei.e-aichi.jp/pref-aichi-police-u/offer/offerList_detailTop?tempSeq=95440 - True
[ 2024-04-28 23:35:53,262 ] 91 luthien5921+shinsei1 - INFO - 05月16日(木) 13:30[東三]外国免許切替一次審査 Tosan Exchanging Foreign Driver's License 1st Exam -  - 2024年04月29日 07時30分 - 2024年05月14日 12時00分 - 95440 - https://www.shinsei.e-aichi.jp/pref-aichi-police-u/offer/offerList_detailTop?tempSeq=95440 - True
[ 2024-04-28 23:35:53,262 ] 91 luthien5921+shinsei1 - INFO - 05月16日(木) 13:30[東三]外国免許切替一次審査 Tosan Exchanging Foreign Driver's License 1st Exam -  - 2024年04月29日 07時30分 - 2024年05月14日 12時00分 - 95440 - https://www.shinsei.e-aichi.jp/pref-aichi-police-u/offer/offerList_detailTop?tempSeq=95440 - True
[ 2024-04-28 23:35:53,262 ] 91 luthien5921+shinsei1 - INFO - 05月16日(木) 13:30[東三]外国免許切替一次審査 Tosan Exchanging Foreign Driver's License 1st Exam -  - 2024年04月29日 07時30分 - 2024年05月14日 12時00分 - 95440 - https://www.shinsei.e-aichi.jp/pref-aichi-police-u/offer/offerList_detailTop?tempSeq=95440 - True
[ 2024-04-28 23:35:53,262 ] 91 luthien5921+shinsei1 - INFO - 05月16日(木) 13:30[東三]外国免許切替一次審査 Tosan Exchanging Foreign Driver's License 1st Exam -  - 2024年04月29日 07時30分 - 2024年05月14日 12時00分 - 95440 - https://www.shinsei.e-aichi.jp/pref-aichi-police-u/offer/offerList_detailTop?tempSeq=95440 - True
[ 2024-04-28 23:35:53,263 ] 91 luthien5921+shinsei1 - INFO - 05月17日(金) 13:30[東三]外国免許切替一次審査 Tosan Exchanging Foreign Driver's License 1st Exam -  - 2024年04月29日 07時30分 - 2024年05月15日 12時00分 - 95441 - https://www.shinsei.e-aichi.jp/pref-aichi-police-u/offer/offerList_detailTop?tempSeq=95441 - True
[ 2024-04-28 23:35:53,263 ] 91 luthien5921+shinsei1 - INFO - 05月17日(金) 13:30[東三]外国免許切替一次審査 Tosan Exchanging Foreign Driver's License 1st Exam -  - 2024年04月29日 07時30分 - 2024年05月15日 12時00分 - 95441 - https://www.shinsei.e-aichi.jp/pref-aichi-police-u/offer/offerList_detailTop?tempSeq=95441 - True
[ 2024-04-28 23:35:53,263 ] 91 luthien5921+shinsei1 - INFO - 05月17日(金) 13:30[東三]外国免許切替一次審査 Tosan Exchanging Foreign Driver's License 1st Exam -  - 2024年04月29日 07時30分 - 2024年05月15日 12時00分 - 95441 - https://www.shinsei.e-aichi.jp/pref-aichi-police-u/offer/offerList_detailTop?tempSeq=95441 - True
[ 2024-04-28 23:35:53,263 ] 91 luthien5921+shinsei1 - INFO - 05月17日(金) 13:30[東三]外国免許切替一次審査 Tosan Exchanging Foreign Driver's License 1st Exam -  - 2024年04月29日 07時30分 - 2024年05月15日 12時00分 - 95441 - https://www.shinsei.e-aichi.jp/pref-aichi-police-u/offer/offerList_detailTop?tempSeq=95441 - True
[ 2024-04-28 23:35:53,263 ] 91 luthien5921+shinsei1 - INFO - 05月17日(金) 13:30[東三]外国免許切替一次審査 Tosan Exchanging Foreign Driver's License 1st Exam -  - 2024年04月29日 07時30分 - 2024年05月15日 12時00分 - 95441 - https://www.shinsei.e-aichi.jp/pref-aichi-police-u/offer/offerList_detailTop?tempSeq=95441 - True
[ 2024-04-28 23:35:53,263 ] 91 luthien5921+shinsei1 - INFO - 05月17日(金) 13:30[東三]外国免許切替一次審査 Tosan Exchanging Foreign Driver's License 1st Exam -  - 2024年04月29日 07時30分 - 2024年05月15日 12時00分 - 95441 - https://www.shinsei.e-aichi.jp/pref-aichi-police-u/offer/offerList_detailTop?tempSeq=95441 - True
[ 2024-04-28 23:35:53,263 ] 91 luthien5921+shinsei1 - INFO - 05月07日(火) 13:30[東三]外国免許切替一次審査 Tosan Exchanging Foreign Driver's License 1st Exam -  - 2024年04月22日 07時30分 - 2024年05月01日 12時00分 - 95425 - https://www.shinsei.e-aichi.jp/pref-aichi-police-u/offer/offerList_detailTop?tempSeq=95425 - False
[ 2024-04-28 23:35:53,263 ] 91 luthien5921+shinsei1 - INFO - 05月07日(火) 13:30[東三]外国免許切替一次審査 Tosan Exchanging Foreign Driver's License 1st Exam -  - 2024年04月22日 07時30分 - 2024年05月01日 12時00分 - 95425 - https://www.shinsei.e-aichi.jp/pref-aichi-police-u/offer/offerList_detailTop?tempSeq=95425 - False
[ 2024-04-28 23:35:53,263 ] 91 luthien5921+shinsei1 - INFO - 05月07日(火) 13:30[東三]外国免許切替一次審査 Tosan Exchanging Foreign Driver's License 1st Exam -  - 2024年04月22日 07時30分 - 2024年05月01日 12時00分 - 95425 - https://www.shinsei.e-aichi.jp/pref-aichi-police-u/offer/offerList_detailTop?tempSeq=95425 - False
[ 2024-04-28 23:35:53,263 ] 91 luthien5921+shinsei1 - INFO - 05月07日(火) 13:30[東三]外国免許切替一次審査 Tosan Exchanging Foreign Driver's License 1st Exam -  - 2024年04月22日 07時30分 - 2024年05月01日 12時00分 - 95425 - https://www.shinsei.e-aichi.jp/pref-aichi-police-u/offer/offerList_detailTop?tempSeq=95425 - False
[ 2024-04-28 23:35:53,263 ] 91 luthien5921+shinsei1 - INFO - 05月07日(火) 13:30[東三]外国免許切替一次審査 Tosan Exchanging Foreign Driver's License 1st Exam -  - 2024年04月22日 07時30分 - 2024年05月01日 12時00分 - 95425 - https://www.shinsei.e-aichi.jp/pref-aichi-police-u/offer/offerList_detailTop?tempSeq=95425 - False
[ 2024-04-28 23:35:53,263 ] 91 luthien5921+shinsei1 - INFO - 05月07日(火) 13:30[東三]外国免許切替一次審査 Tosan Exchanging Foreign Driver's License 1st Exam -  - 2024年04月22日 07時30分 - 2024年05月01日 12時00分 - 95425 - https://www.shinsei.e-aichi.jp/pref-aichi-police-u/offer/offerList_detailTop?tempSeq=95425 - False
[ 2024-04-28 23:35:53,264 ] 91 luthien5921+shinsei1 - INFO - 05月08日(水) 13:30[東三]外国免許切替一次審査 Tosan Exchanging Foreign Driver's License 1st Exam -  - 2024年04月22日 07時30分 - 2024年05月02日 12時00分 - 95426 - https://www.shinsei.e-aichi.jp/pref-aichi-police-u/offer/offerList_detailTop?tempSeq=95426 - False
[ 2024-04-28 23:35:53,264 ] 91 luthien5921+shinsei1 - INFO - 05月08日(水) 13:30[東三]外国免許切替一次審査 Tosan Exchanging Foreign Driver's License 1st Exam -  - 2024年04月22日 07時30分 - 2024年05月02日 12時00分 - 95426 - https://www.shinsei.e-aichi.jp/pref-aichi-police-u/offer/offerList_detailTop?tempSeq=95426 - False
[ 2024-04-28 23:35:53,264 ] 91 luthien5921+shinsei1 - INFO - 05月08日(水) 13:30[東三]外国免許切替一次審査 Tosan Exchanging Foreign Driver's License 1st Exam -  - 2024年04月22日 07時30分 - 2024年05月02日 12時00分 - 95426 - https://www.shinsei.e-aichi.jp/pref-aichi-police-u/offer/offerList_detailTop?tempSeq=95426 - False
[ 2024-04-28 23:35:53,264 ] 91 luthien5921+shinsei1 - INFO - 05月08日(水) 13:30[東三]外国免許切替一次審査 Tosan Exchanging Foreign Driver's License 1st Exam -  - 2024年04月22日 07時30分 - 2024年05月02日 12時00分 - 95426 - https://www.shinsei.e-aichi.jp/pref-aichi-police-u/offer/offerList_detailTop?tempSeq=95426 - False
[ 2024-04-28 23:35:53,264 ] 91 luthien5921+shinsei1 - INFO - 05月08日(水) 13:30[東三]外国免許切替一次審査 Tosan Exchanging Foreign Driver's License 1st Exam -  - 2024年04月22日 07時30分 - 2024年05月02日 12時00分 - 95426 - https://www.shinsei.e-aichi.jp/pref-aichi-police-u/offer/offerList_detailTop?tempSeq=95426 - False
[ 2024-04-28 23:35:53,264 ] 91 luthien5921+shinsei1 - INFO - 05月08日(水) 13:30[東三]外国免許切替一次審査 Tosan Exchanging Foreign Driver's License 1st Exam -  - 2024年04月22日 07時30分 - 2024年05月02日 12時00分 - 95426 - https://www.shinsei.e-aichi.jp/pref-aichi-police-u/offer/offerList_detailTop?tempSeq=95426 - False
[ 2024-04-28 23:35:53,273 ] 91 luthien5921+shinsei1 - INFO - 05月09日(木) 13:30[東三]外国免許切替一次審査 Tosan Exchanging Foreign Driver's License 1st Exam -  - 2024年04月22日 07時30分 - 2024年05月07日 12時00分 - 95428 - https://www.shinsei.e-aichi.jp/pref-aichi-police-u/offer/offerList_detailTop?tempSeq=95428 - False
[ 2024-04-28 23:35:53,273 ] 91 luthien5921+shinsei1 - INFO - 05月09日(木) 13:30[東三]外国免許切替一次審査 Tosan Exchanging Foreign Driver's License 1st Exam -  - 2024年04月22日 07時30分 - 2024年05月07日 12時00分 - 95428 - https://www.shinsei.e-aichi.jp/pref-aichi-police-u/offer/offerList_detailTop?tempSeq=95428 - False
[ 2024-04-28 23:35:53,273 ] 91 luthien5921+shinsei1 - INFO - 05月09日(木) 13:30[東三]外国免許切替一次審査 Tosan Exchanging Foreign Driver's License 1st Exam -  - 2024年04月22日 07時30分 - 2024年05月07日 12時00分 - 95428 - https://www.shinsei.e-aichi.jp/pref-aichi-police-u/offer/offerList_detailTop?tempSeq=95428 - False
[ 2024-04-28 23:35:53,273 ] 91 luthien5921+shinsei1 - INFO - 05月09日(木) 13:30[東三]外国免許切替一次審査 Tosan Exchanging Foreign Driver's License 1st Exam -  - 2024年04月22日 07時30分 - 2024年05月07日 12時00分 - 95428 - https://www.shinsei.e-aichi.jp/pref-aichi-police-u/offer/offerList_detailTop?tempSeq=95428 - False
[ 2024-04-28 23:35:53,273 ] 91 luthien5921+shinsei1 - INFO - 05月09日(木) 13:30[東三]外国免許切替一次審査 Tosan Exchanging Foreign Driver's License 1st Exam -  - 2024年04月22日 07時30分 - 2024年05月07日 12時00分 - 95428 - https://www.shinsei.e-aichi.jp/pref-aichi-police-u/offer/offerList_detailTop?tempSeq=95428 - False
[ 2024-04-28 23:35:53,273 ] 91 luthien5921+shinsei1 - INFO - 05月09日(木) 13:30[東三]外国免許切替一次審査 Tosan Exchanging Foreign Driver's License 1st Exam -  - 2024年04月22日 07時30分 - 2024年05月07日 12時00分 - 95428 - https://www.shinsei.e-aichi.jp/pref-aichi-police-u/offer/offerList_detailTop?tempSeq=95428 - False
[ 2024-04-28 23:35:53,273 ] 91 luthien5921+shinsei1 - INFO - 05月10日(金) 13:30[東三]外国免許切替一次審査 Tosan Exchanging Foreign Driver's License 1st Exam -  - 2024年04月22日 07時30分 - 2024年05月08日 12時00分 - 95430 - https://www.shinsei.e-aichi.jp/pref-aichi-police-u/offer/offerList_detailTop?tempSeq=95430 - False
[ 2024-04-28 23:35:53,273 ] 91 luthien5921+shinsei1 - INFO - 05月10日(金) 13:30[東三]外国免許切替一次審査 Tosan Exchanging Foreign Driver's License 1st Exam -  - 2024年04月22日 07時30分 - 2024年05月08日 12時00分 - 95430 - https://www.shinsei.e-aichi.jp/pref-aichi-police-u/offer/offerList_detailTop?tempSeq=95430 - False
[ 2024-04-28 23:35:53,273 ] 91 luthien5921+shinsei1 - INFO - 05月10日(金) 13:30[東三]外国免許切替一次審査 Tosan Exchanging Foreign Driver's License 1st Exam -  - 2024年04月22日 07時30分 - 2024年05月08日 12時00分 - 95430 - https://www.shinsei.e-aichi.jp/pref-aichi-police-u/offer/offerList_detailTop?tempSeq=95430 - False
[ 2024-04-28 23:35:53,273 ] 91 luthien5921+shinsei1 - INFO - 05月10日(金) 13:30[東三]外国免許切替一次審査 Tosan Exchanging Foreign Driver's License 1st Exam -  - 2024年04月22日 07時30分 - 2024年05月08日 12時00分 - 95430 - https://www.shinsei.e-aichi.jp/pref-aichi-police-u/offer/offerList_detailTop?tempSeq=95430 - False
[ 2024-04-28 23:35:53,273 ] 91 luthien5921+shinsei1 - INFO - 05月10日(金) 13:30[東三]外国免許切替一次審査 Tosan Exchanging Foreign Driver's License 1st Exam -  - 2024年04月22日 07時30分 - 2024年05月08日 12時00分 - 95430 - https://www.shinsei.e-aichi.jp/pref-aichi-police-u/offer/offerList_detailTop?tempSeq=95430 - False
[ 2024-04-28 23:35:53,273 ] 91 luthien5921+shinsei1 - INFO - 05月10日(金) 13:30[東三]外国免許切替一次審査 Tosan Exchanging Foreign Driver's License 1st Exam -  - 2024年04月22日 07時30分 - 2024年05月08日 12時00分 - 95430 - https://www.shinsei.e-aichi.jp/pref-aichi-police-u/offer/offerList_detailTop?tempSeq=95430 - False
[ 2024-04-28 23:35:53,274 ] 91 luthien5921+shinsei1 - INFO - 05月02日(木) 13:30[東三]外国免許切替一次審査 Tosan Exchanging Foreign Driver's License 1st Exam -  - 2024年04月15日 07時30分 - 2024年04月30日 12時00分 - 95424 - https://www.shinsei.e-aichi.jp/pref-aichi-police-u/offer/offerList_detailTop?tempSeq=95424 - False
[ 2024-04-28 23:35:53,274 ] 91 luthien5921+shinsei1 - INFO - 05月02日(木) 13:30[東三]外国免許切替一次審査 Tosan Exchanging Foreign Driver's License 1st Exam -  - 2024年04月15日 07時30分 - 2024年04月30日 12時00分 - 95424 - https://www.shinsei.e-aichi.jp/pref-aichi-police-u/offer/offerList_detailTop?tempSeq=95424 - False
[ 2024-04-28 23:35:53,274 ] 91 luthien5921+shinsei1 - INFO - 05月02日(木) 13:30[東三]外国免許切替一次審査 Tosan Exchanging Foreign Driver's License 1st Exam -  - 2024年04月15日 07時30分 - 2024年04月30日 12時00分 - 95424 - https://www.shinsei.e-aichi.jp/pref-aichi-police-u/offer/offerList_detailTop?tempSeq=95424 - False
[ 2024-04-28 23:35:53,274 ] 91 luthien5921+shinsei1 - INFO - 05月02日(木) 13:30[東三]外国免許切替一次審査 Tosan Exchanging Foreign Driver's License 1st Exam -  - 2024年04月15日 07時30分 - 2024年04月30日 12時00分 - 95424 - https://www.shinsei.e-aichi.jp/pref-aichi-police-u/offer/offerList_detailTop?tempSeq=95424 - False
[ 2024-04-28 23:35:53,274 ] 91 luthien5921+shinsei1 - INFO - 05月02日(木) 13:30[東三]外国免許切替一次審査 Tosan Exchanging Foreign Driver's License 1st Exam -  - 2024年04月15日 07時30分 - 2024年04月30日 12時00分 - 95424 - https://www.shinsei.e-aichi.jp/pref-aichi-police-u/offer/offerList_detailTop?tempSeq=95424 - False
[ 2024-04-28 23:35:53,274 ] 91 luthien5921+shinsei1 - INFO - 05月02日(木) 13:30[東三]外国免許切替一次審査 Tosan Exchanging Foreign Driver's License 1st Exam -  - 2024年04月15日 07時30分 - 2024年04月30日 12時00分 - 95424 - https://www.shinsei.e-aichi.jp/pref-aichi-police-u/offer/offerList_detailTop?tempSeq=95424 - False
[ 2024-04-28 23:35:53,275 ] 91 luthien5921+shinsei1 - INFO - Accessing form, template sequence: 95425
[ 2024-04-28 23:35:53,275 ] 91 luthien5921+shinsei1 - INFO - Accessing form, template sequence: 95425
[ 2024-04-28 23:35:53,275 ] 91 luthien5921+shinsei1 - INFO - Accessing form, template sequence: 95425
[ 2024-04-28 23:35:53,275 ] 91 luthien5921+shinsei1 - INFO - Accessing form, template sequence: 95425
[ 2024-04-28 23:35:53,275 ] 91 luthien5921+shinsei1 - INFO - Accessing form, template sequence: 95425
[ 2024-04-28 23:35:53,275 ] 91 luthien5921+shinsei1 - INFO - Accessing form, template sequence: 95425
[ 2024-04-28 23:35:53,275 ] 91 luthien5921+shinsei1 - INFO - Form URL: https://www.shinsei.e-aichi.jp/pref-aichi-police-u/offer/offerList_detailTop?tempSeq=95425
[ 2024-04-28 23:35:53,275 ] 91 luthien5921+shinsei1 - INFO - Form URL: https://www.shinsei.e-aichi.jp/pref-aichi-police-u/offer/offerList_detailTop?tempSeq=95425
[ 2024-04-28 23:35:53,275 ] 91 luthien5921+shinsei1 - INFO - Form URL: https://www.shinsei.e-aichi.jp/pref-aichi-police-u/offer/offerList_detailTop?tempSeq=95425
[ 2024-04-28 23:35:53,275 ] 91 luthien5921+shinsei1 - INFO - Form URL: https://www.shinsei.e-aichi.jp/pref-aichi-police-u/offer/offerList_detailTop?tempSeq=95425
[ 2024-04-28 23:35:53,275 ] 91 luthien5921+shinsei1 - INFO - Form URL: https://www.shinsei.e-aichi.jp/pref-aichi-police-u/offer/offerList_detailTop?tempSeq=95425
[ 2024-04-28 23:35:53,275 ] 91 luthien5921+shinsei1 - INFO - Form URL: https://www.shinsei.e-aichi.jp/pref-aichi-police-u/offer/offerList_detailTop?tempSeq=95425
[ 2024-04-28 23:35:59,198 ] 91 luthien5921+shinsei1 - INFO - Accessed form successfully
[ 2024-04-28 23:35:59,198 ] 91 luthien5921+shinsei1 - INFO - Accessed form successfully
[ 2024-04-28 23:35:59,198 ] 91 luthien5921+shinsei1 - INFO - Accessed form successfully
[ 2024-04-28 23:35:59,198 ] 91 luthien5921+shinsei1 - INFO - Accessed form successfully
[ 2024-04-28 23:35:59,198 ] 91 luthien5921+shinsei1 - INFO - Accessed form successfully
[ 2024-04-28 23:35:59,198 ] 91 luthien5921+shinsei1 - INFO - Accessed form successfully
[ 2024-04-28 23:35:59,244 ] 91 luthien5921+shinsei1 - INFO - Form message: 大変申し訳ございません。申込数が上限に達した為、締め切らせていただきました。
[ 2024-04-28 23:35:59,244 ] 91 luthien5921+shinsei1 - INFO - Form message: 大変申し訳ございません。申込数が上限に達した為、締め切らせていただきました。
[ 2024-04-28 23:35:59,244 ] 91 luthien5921+shinsei1 - INFO - Form message: 大変申し訳ございません。申込数が上限に達した為、締め切らせていただきました。
[ 2024-04-28 23:35:59,244 ] 91 luthien5921+shinsei1 - INFO - Form message: 大変申し訳ございません。申込数が上限に達した為、締め切らせていただきました。
[ 2024-04-28 23:35:59,244 ] 91 luthien5921+shinsei1 - INFO - Form message: 大変申し訳ございません。申込数が上限に達した為、締め切らせていただきました。
[ 2024-04-28 23:35:59,244 ] 91 luthien5921+shinsei1 - INFO - Form message: 大変申し訳ございません。申込数が上限に達した為、締め切らせていただきました。
[ 2024-04-28 23:35:59,246 ] 91 luthien5921+shinsei1 - INFO - Form is closed, template sequence: 95425
[ 2024-04-28 23:35:59,246 ] 91 luthien5921+shinsei1 - INFO - Form is closed, template sequence: 95425
[ 2024-04-28 23:35:59,246 ] 91 luthien5921+shinsei1 - INFO - Form is closed, template sequence: 95425
[ 2024-04-28 23:35:59,246 ] 91 luthien5921+shinsei1 - INFO - Form is closed, template sequence: 95425
[ 2024-04-28 23:35:59,246 ] 91 luthien5921+shinsei1 - INFO - Form is closed, template sequence: 95425
[ 2024-04-28 23:35:59,246 ] 91 luthien5921+shinsei1 - INFO - Form is closed, template sequence: 95425
[ 2024-04-28 23:35:59,248 ] 91 luthien5921+shinsei1 - INFO - Accessing form, template sequence: 95441
[ 2024-04-28 23:35:59,248 ] 91 luthien5921+shinsei1 - INFO - Accessing form, template sequence: 95441
[ 2024-04-28 23:35:59,248 ] 91 luthien5921+shinsei1 - INFO - Accessing form, template sequence: 95441
[ 2024-04-28 23:35:59,248 ] 91 luthien5921+shinsei1 - INFO - Accessing form, template sequence: 95441
[ 2024-04-28 23:35:59,248 ] 91 luthien5921+shinsei1 - INFO - Accessing form, template sequence: 95441
[ 2024-04-28 23:35:59,248 ] 91 luthien5921+shinsei1 - INFO - Accessing form, template sequence: 95441
[ 2024-04-28 23:35:59,249 ] 91 luthien5921+shinsei1 - INFO - Form URL: https://www.shinsei.e-aichi.jp/pref-aichi-police-u/offer/offerList_detailTop?tempSeq=95441
[ 2024-04-28 23:35:59,249 ] 91 luthien5921+shinsei1 - INFO - Form URL: https://www.shinsei.e-aichi.jp/pref-aichi-police-u/offer/offerList_detailTop?tempSeq=95441
[ 2024-04-28 23:35:59,249 ] 91 luthien5921+shinsei1 - INFO - Form URL: https://www.shinsei.e-aichi.jp/pref-aichi-police-u/offer/offerList_detailTop?tempSeq=95441
[ 2024-04-28 23:35:59,249 ] 91 luthien5921+shinsei1 - INFO - Form URL: https://www.shinsei.e-aichi.jp/pref-aichi-police-u/offer/offerList_detailTop?tempSeq=95441
[ 2024-04-28 23:35:59,249 ] 91 luthien5921+shinsei1 - INFO - Form URL: https://www.shinsei.e-aichi.jp/pref-aichi-police-u/offer/offerList_detailTop?tempSeq=95441
[ 2024-04-28 23:35:59,249 ] 91 luthien5921+shinsei1 - INFO - Form URL: https://www.shinsei.e-aichi.jp/pref-aichi-police-u/offer/offerList_detailTop?tempSeq=95441
[ 2024-04-28 23:36:05,454 ] 91 luthien5921+shinsei1 - INFO - Accessed form successfully
[ 2024-04-28 23:36:05,454 ] 91 luthien5921+shinsei1 - INFO - Accessed form successfully
[ 2024-04-28 23:36:05,454 ] 91 luthien5921+shinsei1 - INFO - Accessed form successfully
[ 2024-04-28 23:36:05,454 ] 91 luthien5921+shinsei1 - INFO - Accessed form successfully
[ 2024-04-28 23:36:05,454 ] 91 luthien5921+shinsei1 - INFO - Accessed form successfully
[ 2024-04-28 23:36:05,454 ] 91 luthien5921+shinsei1 - INFO - Accessed form successfully
[ 2024-04-28 23:36:05,466 ] 91 luthien5921+shinsei1 - INFO - Form message: 申込期間ではありません。
[ 2024-04-28 23:36:05,466 ] 91 luthien5921+shinsei1 - INFO - Form message: 申込期間ではありません。
[ 2024-04-28 23:36:05,466 ] 91 luthien5921+shinsei1 - INFO - Form message: 申込期間ではありません。
[ 2024-04-28 23:36:05,466 ] 91 luthien5921+shinsei1 - INFO - Form message: 申込期間ではありません。
[ 2024-04-28 23:36:05,466 ] 91 luthien5921+shinsei1 - INFO - Form message: 申込期間ではありません。
[ 2024-04-28 23:36:05,466 ] 91 luthien5921+shinsei1 - INFO - Form message: 申込期間ではありません。
[ 2024-04-28 23:36:05,467 ] 91 luthien5921+shinsei1 - INFO - Refreshing page to check availability trial number 1, template sequence: 95441
[ 2024-04-28 23:36:05,467 ] 91 luthien5921+shinsei1 - INFO - Refreshing page to check availability trial number 1, template sequence: 95441
[ 2024-04-28 23:36:05,467 ] 91 luthien5921+shinsei1 - INFO - Refreshing page to check availability trial number 1, template sequence: 95441
[ 2024-04-28 23:36:05,467 ] 91 luthien5921+shinsei1 - INFO - Refreshing page to check availability trial number 1, template sequence: 95441
[ 2024-04-28 23:36:05,467 ] 91 luthien5921+shinsei1 - INFO - Refreshing page to check availability trial number 1, template sequence: 95441
[ 2024-04-28 23:36:05,467 ] 91 luthien5921+shinsei1 - INFO - Refreshing page to check availability trial number 1, template sequence: 95441
[ 2024-04-28 23:36:07,515 ] 91 luthien5921+shinsei1 - INFO - Form message: 申込期間ではありません。
[ 2024-04-28 23:36:07,515 ] 91 luthien5921+shinsei1 - INFO - Form message: 申込期間ではありません。
[ 2024-04-28 23:36:07,515 ] 91 luthien5921+shinsei1 - INFO - Form message: 申込期間ではありません。
[ 2024-04-28 23:36:07,515 ] 91 luthien5921+shinsei1 - INFO - Form message: 申込期間ではありません。
[ 2024-04-28 23:36:07,515 ] 91 luthien5921+shinsei1 - INFO - Form message: 申込期間ではありません。
[ 2024-04-28 23:36:07,515 ] 91 luthien5921+shinsei1 - INFO - Form message: 申込期間ではありません。
[ 2024-04-28 23:36:07,516 ] 91 luthien5921+shinsei1 - INFO - Refreshing page to check availability trial number 2, template sequence: 95441
[ 2024-04-28 23:36:07,516 ] 91 luthien5921+shinsei1 - INFO - Refreshing page to check availability trial number 2, template sequence: 95441
[ 2024-04-28 23:36:07,516 ] 91 luthien5921+shinsei1 - INFO - Refreshing page to check availability trial number 2, template sequence: 95441
[ 2024-04-28 23:36:07,516 ] 91 luthien5921+shinsei1 - INFO - Refreshing page to check availability trial number 2, template sequence: 95441
[ 2024-04-28 23:36:07,516 ] 91 luthien5921+shinsei1 - INFO - Refreshing page to check availability trial number 2, template sequence: 95441
[ 2024-04-28 23:36:07,516 ] 91 luthien5921+shinsei1 - INFO - Refreshing page to check availability trial number 2, template sequence: 95441
[ 2024-04-28 23:36:09,469 ] 91 luthien5921+shinsei1 - INFO - Form message: 申込期間ではありません。
[ 2024-04-28 23:36:09,469 ] 91 luthien5921+shinsei1 - INFO - Form message: 申込期間ではありません。
[ 2024-04-28 23:36:09,469 ] 91 luthien5921+shinsei1 - INFO - Form message: 申込期間ではありません。
[ 2024-04-28 23:36:09,469 ] 91 luthien5921+shinsei1 - INFO - Form message: 申込期間ではありません。
[ 2024-04-28 23:36:09,469 ] 91 luthien5921+shinsei1 - INFO - Form message: 申込期間ではありません。
[ 2024-04-28 23:36:09,469 ] 91 luthien5921+shinsei1 - INFO - Form message: 申込期間ではありません。
[ 2024-04-28 23:36:09,470 ] 91 luthien5921+shinsei1 - INFO - Refreshing page to check availability trial number 3, template sequence: 95441
[ 2024-04-28 23:36:09,470 ] 91 luthien5921+shinsei1 - INFO - Refreshing page to check availability trial number 3, template sequence: 95441
[ 2024-04-28 23:36:09,470 ] 91 luthien5921+shinsei1 - INFO - Refreshing page to check availability trial number 3, template sequence: 95441
[ 2024-04-28 23:36:09,470 ] 91 luthien5921+shinsei1 - INFO - Refreshing page to check availability trial number 3, template sequence: 95441
[ 2024-04-28 23:36:09,470 ] 91 luthien5921+shinsei1 - INFO - Refreshing page to check availability trial number 3, template sequence: 95441
[ 2024-04-28 23:36:09,470 ] 91 luthien5921+shinsei1 - INFO - Refreshing page to check availability trial number 3, template sequence: 95441
