[ 2024-04-18 09:27:44,979 ] 94 Jamebrown0206 - INFO - Opened login page
[ 2024-04-18 09:27:44,979 ] 94 Jamebrown0206 - INFO - Opened login page
[ 2024-04-18 09:27:44,979 ] 94 Jamebrown0206 - INFO - Opened login page
[ 2024-04-18 09:27:49,110 ] 94 Jamebrown0206 - INFO - Logging in
[ 2024-04-18 09:27:49,110 ] 94 Jamebrown0206 - INFO - Logging in
[ 2024-04-18 09:27:49,110 ] 94 Jamebrown0206 - INFO - Logging in
[ 2024-04-18 09:27:49,130 ] 94 Jamebrown0206 - INFO - Current url: https://www.shinsei.e-aichi.jp/pref-aichi-police-u/offer/offerList_initDisplay
[ 2024-04-18 09:27:49,130 ] 94 Jamebrown0206 - INFO - Current url: https://www.shinsei.e-aichi.jp/pref-aichi-police-u/offer/offerList_initDisplay
[ 2024-04-18 09:27:49,130 ] 94 Jamebrown0206 - INFO - Current url: https://www.shinsei.e-aichi.jp/pref-aichi-police-u/offer/offerList_initDisplay
[ 2024-04-18 09:27:49,446 ] 94 Jamebrown0206 - INFO - Logged in finished
[ 2024-04-18 09:27:49,446 ] 94 Jamebrown0206 - INFO - Logged in finished
[ 2024-04-18 09:27:49,446 ] 94 Jamebrown0206 - INFO - Logged in finished
[ 2024-04-18 09:27:49,756 ] 94 Jamebrown0206 - INFO - On main page
[ 2024-04-18 09:27:49,756 ] 94 Jamebrown0206 - INFO - On main page
[ 2024-04-18 09:27:49,756 ] 94 Jamebrown0206 - INFO - On main page
[ 2024-04-18 09:27:51,608 ] 94 Jamebrown0206 - INFO - Search submitted
[ 2024-04-18 09:27:51,608 ] 94 Jamebrown0206 - INFO - Search submitted
[ 2024-04-18 09:27:51,608 ] 94 Jamebrown0206 - INFO - Search submitted
[ 2024-04-18 09:27:51,630 ] 94 Jamebrown0206 - INFO - Collected 20 forms
[ 2024-04-18 09:27:51,630 ] 94 Jamebrown0206 - INFO - Collected 20 forms
[ 2024-04-18 09:27:51,630 ] 94 Jamebrown0206 - INFO - Collected 20 forms
[ 2024-04-18 09:27:51,657 ] 94 Jamebrown0206 - INFO - Parsed data: title: ＜05月02日(木) 08:45～09:30＞[平針]外国免許切替審査 Hirabari Exchanging Foreign Driver's License, status: None, start_date: 2024年04月18日 07時30分, end_date: 2024年04月30日 12時00分, template_seq: 96126
[ 2024-04-18 09:27:51,657 ] 94 Jamebrown0206 - INFO - Parsed data: title: ＜05月02日(木) 08:45～09:30＞[平針]外国免許切替審査 Hirabari Exchanging Foreign Driver's License, status: None, start_date: 2024年04月18日 07時30分, end_date: 2024年04月30日 12時00分, template_seq: 96126
[ 2024-04-18 09:27:51,657 ] 94 Jamebrown0206 - INFO - Parsed data: title: ＜05月02日(木) 08:45～09:30＞[平針]外国免許切替審査 Hirabari Exchanging Foreign Driver's License, status: None, start_date: 2024年04月18日 07時30分, end_date: 2024年04月30日 12時00分, template_seq: 96126
[ 2024-04-18 09:27:51,658 ] 94 Jamebrown0206 - INFO - Parsed data: title: ＜05月02日(木) 08:45～09:30＞[平針]外国免許切替審査 Hirabari Exchanging Foreign Driver's License, status: None, start_date: 2024年04月18日 07時30分, end_date: 2024年04月30日 12時00分, template_seq: 96126
[ 2024-04-18 09:27:51,658 ] 94 Jamebrown0206 - INFO - Parsed data: title: ＜05月02日(木) 08:45～09:30＞[平針]外国免許切替審査 Hirabari Exchanging Foreign Driver's License, status: None, start_date: 2024年04月18日 07時30分, end_date: 2024年04月30日 12時00分, template_seq: 96126
[ 2024-04-18 09:27:51,658 ] 94 Jamebrown0206 - INFO - Parsed data: title: ＜05月02日(木) 08:45～09:30＞[平針]外国免許切替審査 Hirabari Exchanging Foreign Driver's License, status: None, start_date: 2024年04月18日 07時30分, end_date: 2024年04月30日 12時00分, template_seq: 96126
[ 2024-04-18 09:27:51,679 ] 94 Jamebrown0206 - INFO - Parsed data: title: ＜05月02日(木) 09:30～10:30＞[平針]外国免許切替審査 Hirabari Exchanging Foreign Driver's License, status: None, start_date: 2024年04月18日 07時30分, end_date: 2024年04月30日 12時00分, template_seq: 96127
[ 2024-04-18 09:27:51,679 ] 94 Jamebrown0206 - INFO - Parsed data: title: ＜05月02日(木) 09:30～10:30＞[平針]外国免許切替審査 Hirabari Exchanging Foreign Driver's License, status: None, start_date: 2024年04月18日 07時30分, end_date: 2024年04月30日 12時00分, template_seq: 96127
[ 2024-04-18 09:27:51,679 ] 94 Jamebrown0206 - INFO - Parsed data: title: ＜05月02日(木) 09:30～10:30＞[平針]外国免許切替審査 Hirabari Exchanging Foreign Driver's License, status: None, start_date: 2024年04月18日 07時30分, end_date: 2024年04月30日 12時00分, template_seq: 96127
[ 2024-04-18 09:27:51,680 ] 94 Jamebrown0206 - INFO - Parsed data: title: ＜05月02日(木) 09:30～10:30＞[平針]外国免許切替審査 Hirabari Exchanging Foreign Driver's License, status: None, start_date: 2024年04月18日 07時30分, end_date: 2024年04月30日 12時00分, template_seq: 96127
[ 2024-04-18 09:27:51,680 ] 94 Jamebrown0206 - INFO - Parsed data: title: ＜05月02日(木) 09:30～10:30＞[平針]外国免許切替審査 Hirabari Exchanging Foreign Driver's License, status: None, start_date: 2024年04月18日 07時30分, end_date: 2024年04月30日 12時00分, template_seq: 96127
[ 2024-04-18 09:27:51,680 ] 94 Jamebrown0206 - INFO - Parsed data: title: ＜05月02日(木) 09:30～10:30＞[平針]外国免許切替審査 Hirabari Exchanging Foreign Driver's License, status: None, start_date: 2024年04月18日 07時30分, end_date: 2024年04月30日 12時00分, template_seq: 96127
[ 2024-04-18 09:27:51,698 ] 94 Jamebrown0206 - INFO - Parsed data: title: ＜05月02日(木) 10:30～11:45＞[平針]外国免許切替審査 Hirabari Exchanging Foreign Driver's License, status: None, start_date: 2024年04月18日 07時30分, end_date: 2024年04月30日 12時00分, template_seq: 96128
[ 2024-04-18 09:27:51,698 ] 94 Jamebrown0206 - INFO - Parsed data: title: ＜05月02日(木) 10:30～11:45＞[平針]外国免許切替審査 Hirabari Exchanging Foreign Driver's License, status: None, start_date: 2024年04月18日 07時30分, end_date: 2024年04月30日 12時00分, template_seq: 96128
[ 2024-04-18 09:27:51,698 ] 94 Jamebrown0206 - INFO - Parsed data: title: ＜05月02日(木) 10:30～11:45＞[平針]外国免許切替審査 Hirabari Exchanging Foreign Driver's License, status: None, start_date: 2024年04月18日 07時30分, end_date: 2024年04月30日 12時00分, template_seq: 96128
[ 2024-04-18 09:27:51,699 ] 94 Jamebrown0206 - INFO - Parsed data: title: ＜05月02日(木) 10:30～11:45＞[平針]外国免許切替審査 Hirabari Exchanging Foreign Driver's License, status: None, start_date: 2024年04月18日 07時30分, end_date: 2024年04月30日 12時00分, template_seq: 96128
[ 2024-04-18 09:27:51,699 ] 94 Jamebrown0206 - INFO - Parsed data: title: ＜05月02日(木) 10:30～11:45＞[平針]外国免許切替審査 Hirabari Exchanging Foreign Driver's License, status: None, start_date: 2024年04月18日 07時30分, end_date: 2024年04月30日 12時00分, template_seq: 96128
[ 2024-04-18 09:27:51,699 ] 94 Jamebrown0206 - INFO - Parsed data: title: ＜05月02日(木) 10:30～11:45＞[平針]外国免許切替審査 Hirabari Exchanging Foreign Driver's License, status: None, start_date: 2024年04月18日 07時30分, end_date: 2024年04月30日 12時00分, template_seq: 96128
[ 2024-04-18 09:27:51,716 ] 94 Jamebrown0206 - INFO - Parsed data: title: ＜05月02日(木) 12:45～13:30＞[平針]外国免許切替審査 Hirabari Exchanging Foreign Driver's License, status: None, start_date: 2024年04月18日 07時30分, end_date: 2024年04月30日 12時00分, template_seq: 96129
[ 2024-04-18 09:27:51,716 ] 94 Jamebrown0206 - INFO - Parsed data: title: ＜05月02日(木) 12:45～13:30＞[平針]外国免許切替審査 Hirabari Exchanging Foreign Driver's License, status: None, start_date: 2024年04月18日 07時30分, end_date: 2024年04月30日 12時00分, template_seq: 96129
[ 2024-04-18 09:27:51,716 ] 94 Jamebrown0206 - INFO - Parsed data: title: ＜05月02日(木) 12:45～13:30＞[平針]外国免許切替審査 Hirabari Exchanging Foreign Driver's License, status: None, start_date: 2024年04月18日 07時30分, end_date: 2024年04月30日 12時00分, template_seq: 96129
[ 2024-04-18 09:27:51,716 ] 94 Jamebrown0206 - INFO - Parsed data: title: ＜05月02日(木) 12:45～13:30＞[平針]外国免許切替審査 Hirabari Exchanging Foreign Driver's License, status: None, start_date: 2024年04月18日 07時30分, end_date: 2024年04月30日 12時00分, template_seq: 96129
[ 2024-04-18 09:27:51,716 ] 94 Jamebrown0206 - INFO - Parsed data: title: ＜05月02日(木) 12:45～13:30＞[平針]外国免許切替審査 Hirabari Exchanging Foreign Driver's License, status: None, start_date: 2024年04月18日 07時30分, end_date: 2024年04月30日 12時00分, template_seq: 96129
[ 2024-04-18 09:27:51,716 ] 94 Jamebrown0206 - INFO - Parsed data: title: ＜05月02日(木) 12:45～13:30＞[平針]外国免許切替審査 Hirabari Exchanging Foreign Driver's License, status: None, start_date: 2024年04月18日 07時30分, end_date: 2024年04月30日 12時00分, template_seq: 96129
[ 2024-04-18 09:27:51,735 ] 94 Jamebrown0206 - INFO - Parsed data: title: ＜05月02日(木) 13:30～14:45＞[平針]外国免許切替審査 Hirabari Exchanging Foreign Driver's License, status: None, start_date: 2024年04月18日 07時30分, end_date: 2024年04月30日 12時00分, template_seq: 96130
[ 2024-04-18 09:27:51,735 ] 94 Jamebrown0206 - INFO - Parsed data: title: ＜05月02日(木) 13:30～14:45＞[平針]外国免許切替審査 Hirabari Exchanging Foreign Driver's License, status: None, start_date: 2024年04月18日 07時30分, end_date: 2024年04月30日 12時00分, template_seq: 96130
[ 2024-04-18 09:27:51,735 ] 94 Jamebrown0206 - INFO - Parsed data: title: ＜05月02日(木) 13:30～14:45＞[平針]外国免許切替審査 Hirabari Exchanging Foreign Driver's License, status: None, start_date: 2024年04月18日 07時30分, end_date: 2024年04月30日 12時00分, template_seq: 96130
[ 2024-04-18 09:27:51,736 ] 94 Jamebrown0206 - INFO - Parsed data: title: ＜05月02日(木) 13:30～14:45＞[平針]外国免許切替審査 Hirabari Exchanging Foreign Driver's License, status: None, start_date: 2024年04月18日 07時30分, end_date: 2024年04月30日 12時00分, template_seq: 96130
[ 2024-04-18 09:27:51,736 ] 94 Jamebrown0206 - INFO - Parsed data: title: ＜05月02日(木) 13:30～14:45＞[平針]外国免許切替審査 Hirabari Exchanging Foreign Driver's License, status: None, start_date: 2024年04月18日 07時30分, end_date: 2024年04月30日 12時00分, template_seq: 96130
[ 2024-04-18 09:27:51,736 ] 94 Jamebrown0206 - INFO - Parsed data: title: ＜05月02日(木) 13:30～14:45＞[平針]外国免許切替審査 Hirabari Exchanging Foreign Driver's License, status: None, start_date: 2024年04月18日 07時30分, end_date: 2024年04月30日 12時00分, template_seq: 96130
[ 2024-04-18 09:27:51,755 ] 94 Jamebrown0206 - INFO - Parsed data: title: 2024.04.18(木)10:00～当日限り[平針]外国免許切替審査 Hirabari Exchanging Foreign Driver's License, status: None, start_date: 2024年04月18日 07時30分, end_date: 2024年04月18日 12時00分, template_seq: 96336
[ 2024-04-18 09:27:51,755 ] 94 Jamebrown0206 - INFO - Parsed data: title: 2024.04.18(木)10:00～当日限り[平針]外国免許切替審査 Hirabari Exchanging Foreign Driver's License, status: None, start_date: 2024年04月18日 07時30分, end_date: 2024年04月18日 12時00分, template_seq: 96336
[ 2024-04-18 09:27:51,755 ] 94 Jamebrown0206 - INFO - Parsed data: title: 2024.04.18(木)10:00～当日限り[平針]外国免許切替審査 Hirabari Exchanging Foreign Driver's License, status: None, start_date: 2024年04月18日 07時30分, end_date: 2024年04月18日 12時00分, template_seq: 96336
[ 2024-04-18 09:27:51,755 ] 94 Jamebrown0206 - INFO - Parsed data: title: 2024.04.18(木)10:00～当日限り[平針]外国免許切替審査 Hirabari Exchanging Foreign Driver's License, status: None, start_date: 2024年04月18日 07時30分, end_date: 2024年04月18日 12時00分, template_seq: 96336
[ 2024-04-18 09:27:51,755 ] 94 Jamebrown0206 - INFO - Parsed data: title: 2024.04.18(木)10:00～当日限り[平針]外国免許切替審査 Hirabari Exchanging Foreign Driver's License, status: None, start_date: 2024年04月18日 07時30分, end_date: 2024年04月18日 12時00分, template_seq: 96336
[ 2024-04-18 09:27:51,755 ] 94 Jamebrown0206 - INFO - Parsed data: title: 2024.04.18(木)10:00～当日限り[平針]外国免許切替審査 Hirabari Exchanging Foreign Driver's License, status: None, start_date: 2024年04月18日 07時30分, end_date: 2024年04月18日 12時00分, template_seq: 96336
[ 2024-04-18 09:27:51,775 ] 94 Jamebrown0206 - INFO - Parsed data: title: 2024.04.18(木)11:00～当日限り[平針]外国免許切替審査 Hirabari Exchanging Foreign Driver's License, status: None, start_date: 2024年04月18日 07時30分, end_date: 2024年04月18日 12時00分, template_seq: 96337
[ 2024-04-18 09:27:51,775 ] 94 Jamebrown0206 - INFO - Parsed data: title: 2024.04.18(木)11:00～当日限り[平針]外国免許切替審査 Hirabari Exchanging Foreign Driver's License, status: None, start_date: 2024年04月18日 07時30分, end_date: 2024年04月18日 12時00分, template_seq: 96337
[ 2024-04-18 09:27:51,775 ] 94 Jamebrown0206 - INFO - Parsed data: title: 2024.04.18(木)11:00～当日限り[平針]外国免許切替審査 Hirabari Exchanging Foreign Driver's License, status: None, start_date: 2024年04月18日 07時30分, end_date: 2024年04月18日 12時00分, template_seq: 96337
[ 2024-04-18 09:27:51,776 ] 94 Jamebrown0206 - INFO - Parsed data: title: 2024.04.18(木)11:00～当日限り[平針]外国免許切替審査 Hirabari Exchanging Foreign Driver's License, status: None, start_date: 2024年04月18日 07時30分, end_date: 2024年04月18日 12時00分, template_seq: 96337
[ 2024-04-18 09:27:51,776 ] 94 Jamebrown0206 - INFO - Parsed data: title: 2024.04.18(木)11:00～当日限り[平針]外国免許切替審査 Hirabari Exchanging Foreign Driver's License, status: None, start_date: 2024年04月18日 07時30分, end_date: 2024年04月18日 12時00分, template_seq: 96337
[ 2024-04-18 09:27:51,776 ] 94 Jamebrown0206 - INFO - Parsed data: title: 2024.04.18(木)11:00～当日限り[平針]外国免許切替審査 Hirabari Exchanging Foreign Driver's License, status: None, start_date: 2024年04月18日 07時30分, end_date: 2024年04月18日 12時00分, template_seq: 96337
[ 2024-04-18 09:27:51,800 ] 94 Jamebrown0206 - INFO - Parsed data: title: 2024.04.18(木)12:45～当日限り[平針]外国免許切替審査 Hirabari Exchanging Foreign Driver's License, status: None, start_date: 2024年04月18日 07時30分, end_date: 2024年04月18日 12時00分, template_seq: 96338
[ 2024-04-18 09:27:51,800 ] 94 Jamebrown0206 - INFO - Parsed data: title: 2024.04.18(木)12:45～当日限り[平針]外国免許切替審査 Hirabari Exchanging Foreign Driver's License, status: None, start_date: 2024年04月18日 07時30分, end_date: 2024年04月18日 12時00分, template_seq: 96338
[ 2024-04-18 09:27:51,800 ] 94 Jamebrown0206 - INFO - Parsed data: title: 2024.04.18(木)12:45～当日限り[平針]外国免許切替審査 Hirabari Exchanging Foreign Driver's License, status: None, start_date: 2024年04月18日 07時30分, end_date: 2024年04月18日 12時00分, template_seq: 96338
[ 2024-04-18 09:27:51,800 ] 94 Jamebrown0206 - INFO - Parsed data: title: 2024.04.18(木)12:45～当日限り[平針]外国免許切替審査 Hirabari Exchanging Foreign Driver's License, status: None, start_date: 2024年04月18日 07時30分, end_date: 2024年04月18日 12時00分, template_seq: 96338
[ 2024-04-18 09:27:51,800 ] 94 Jamebrown0206 - INFO - Parsed data: title: 2024.04.18(木)12:45～当日限り[平針]外国免許切替審査 Hirabari Exchanging Foreign Driver's License, status: None, start_date: 2024年04月18日 07時30分, end_date: 2024年04月18日 12時00分, template_seq: 96338
[ 2024-04-18 09:27:51,800 ] 94 Jamebrown0206 - INFO - Parsed data: title: 2024.04.18(木)12:45～当日限り[平針]外国免許切替審査 Hirabari Exchanging Foreign Driver's License, status: None, start_date: 2024年04月18日 07時30分, end_date: 2024年04月18日 12時00分, template_seq: 96338
[ 2024-04-18 09:27:51,823 ] 94 Jamebrown0206 - INFO - Parsed data: title: ＜05月01日(水) 08:45～09:30＞[平針]外国免許切替審査 Hirabari Exchanging Foreign Driver's License, status: None, start_date: 2024年04月17日 07時30分, end_date: 2024年04月26日 12時00分, template_seq: 96088
[ 2024-04-18 09:27:51,823 ] 94 Jamebrown0206 - INFO - Parsed data: title: ＜05月01日(水) 08:45～09:30＞[平針]外国免許切替審査 Hirabari Exchanging Foreign Driver's License, status: None, start_date: 2024年04月17日 07時30分, end_date: 2024年04月26日 12時00分, template_seq: 96088
[ 2024-04-18 09:27:51,823 ] 94 Jamebrown0206 - INFO - Parsed data: title: ＜05月01日(水) 08:45～09:30＞[平針]外国免許切替審査 Hirabari Exchanging Foreign Driver's License, status: None, start_date: 2024年04月17日 07時30分, end_date: 2024年04月26日 12時00分, template_seq: 96088
[ 2024-04-18 09:27:51,849 ] 94 Jamebrown0206 - INFO - Parsed data: title: ＜05月01日(水) 09:30～10:30＞[平針]外国免許切替審査 Hirabari Exchanging Foreign Driver's License, status: None, start_date: 2024年04月17日 07時30分, end_date: 2024年04月26日 12時00分, template_seq: 96089
[ 2024-04-18 09:27:51,849 ] 94 Jamebrown0206 - INFO - Parsed data: title: ＜05月01日(水) 09:30～10:30＞[平針]外国免許切替審査 Hirabari Exchanging Foreign Driver's License, status: None, start_date: 2024年04月17日 07時30分, end_date: 2024年04月26日 12時00分, template_seq: 96089
[ 2024-04-18 09:27:51,849 ] 94 Jamebrown0206 - INFO - Parsed data: title: ＜05月01日(水) 09:30～10:30＞[平針]外国免許切替審査 Hirabari Exchanging Foreign Driver's License, status: None, start_date: 2024年04月17日 07時30分, end_date: 2024年04月26日 12時00分, template_seq: 96089
[ 2024-04-18 09:27:51,878 ] 94 Jamebrown0206 - INFO - Parsed data: title: ＜05月01日(水) 10:30～11:45＞[平針]外国免許切替審査 Hirabari Exchanging Foreign Driver's License, status: None, start_date: 2024年04月17日 07時30分, end_date: 2024年04月26日 12時00分, template_seq: 96090
[ 2024-04-18 09:27:51,878 ] 94 Jamebrown0206 - INFO - Parsed data: title: ＜05月01日(水) 10:30～11:45＞[平針]外国免許切替審査 Hirabari Exchanging Foreign Driver's License, status: None, start_date: 2024年04月17日 07時30分, end_date: 2024年04月26日 12時00分, template_seq: 96090
[ 2024-04-18 09:27:51,878 ] 94 Jamebrown0206 - INFO - Parsed data: title: ＜05月01日(水) 10:30～11:45＞[平針]外国免許切替審査 Hirabari Exchanging Foreign Driver's License, status: None, start_date: 2024年04月17日 07時30分, end_date: 2024年04月26日 12時00分, template_seq: 96090
[ 2024-04-18 09:27:51,910 ] 94 Jamebrown0206 - INFO - Parsed data: title: ＜05月01日(水) 12:45～13:30＞[平針]外国免許切替審査 Hirabari Exchanging Foreign Driver's License, status: None, start_date: 2024年04月17日 07時30分, end_date: 2024年04月26日 12時00分, template_seq: 96091
[ 2024-04-18 09:27:51,910 ] 94 Jamebrown0206 - INFO - Parsed data: title: ＜05月01日(水) 12:45～13:30＞[平針]外国免許切替審査 Hirabari Exchanging Foreign Driver's License, status: None, start_date: 2024年04月17日 07時30分, end_date: 2024年04月26日 12時00分, template_seq: 96091
[ 2024-04-18 09:27:51,910 ] 94 Jamebrown0206 - INFO - Parsed data: title: ＜05月01日(水) 12:45～13:30＞[平針]外国免許切替審査 Hirabari Exchanging Foreign Driver's License, status: None, start_date: 2024年04月17日 07時30分, end_date: 2024年04月26日 12時00分, template_seq: 96091
[ 2024-04-18 09:27:51,942 ] 94 Jamebrown0206 - INFO - Parsed data: title: ＜05月01日(水) 13:30～14:45＞[平針]外国免許切替審査 Hirabari Exchanging Foreign Driver's License, status: None, start_date: 2024年04月17日 07時30分, end_date: 2024年04月26日 12時00分, template_seq: 96093
[ 2024-04-18 09:27:51,942 ] 94 Jamebrown0206 - INFO - Parsed data: title: ＜05月01日(水) 13:30～14:45＞[平針]外国免許切替審査 Hirabari Exchanging Foreign Driver's License, status: None, start_date: 2024年04月17日 07時30分, end_date: 2024年04月26日 12時00分, template_seq: 96093
[ 2024-04-18 09:27:51,942 ] 94 Jamebrown0206 - INFO - Parsed data: title: ＜05月01日(水) 13:30～14:45＞[平針]外国免許切替審査 Hirabari Exchanging Foreign Driver's License, status: None, start_date: 2024年04月17日 07時30分, end_date: 2024年04月26日 12時00分, template_seq: 96093
[ 2024-04-18 09:27:51,966 ] 94 Jamebrown0206 - INFO - Parsed data: title: ＜04月30日(火) 08:45～09:30＞[平針]外国免許切替審査 Hirabari Exchanging Foreign Driver's License, status: None, start_date: 2024年04月16日 07時30分, end_date: 2024年04月25日 12時00分, template_seq: 95604
[ 2024-04-18 09:27:51,966 ] 94 Jamebrown0206 - INFO - Parsed data: title: ＜04月30日(火) 08:45～09:30＞[平針]外国免許切替審査 Hirabari Exchanging Foreign Driver's License, status: None, start_date: 2024年04月16日 07時30分, end_date: 2024年04月25日 12時00分, template_seq: 95604
[ 2024-04-18 09:27:51,966 ] 94 Jamebrown0206 - INFO - Parsed data: title: ＜04月30日(火) 08:45～09:30＞[平針]外国免許切替審査 Hirabari Exchanging Foreign Driver's License, status: None, start_date: 2024年04月16日 07時30分, end_date: 2024年04月25日 12時00分, template_seq: 95604
[ 2024-04-18 09:27:51,993 ] 94 Jamebrown0206 - INFO - Parsed data: title: ＜04月30日(火) 09:30～10:30＞[平針]外国免許切替審査 Hirabari Exchanging Foreign Driver's License, status: None, start_date: 2024年04月16日 07時30分, end_date: 2024年04月25日 12時00分, template_seq: 95605
[ 2024-04-18 09:27:51,993 ] 94 Jamebrown0206 - INFO - Parsed data: title: ＜04月30日(火) 09:30～10:30＞[平針]外国免許切替審査 Hirabari Exchanging Foreign Driver's License, status: None, start_date: 2024年04月16日 07時30分, end_date: 2024年04月25日 12時00分, template_seq: 95605
[ 2024-04-18 09:27:51,993 ] 94 Jamebrown0206 - INFO - Parsed data: title: ＜04月30日(火) 09:30～10:30＞[平針]外国免許切替審査 Hirabari Exchanging Foreign Driver's License, status: None, start_date: 2024年04月16日 07時30分, end_date: 2024年04月25日 12時00分, template_seq: 95605
[ 2024-04-18 09:27:52,020 ] 94 Jamebrown0206 - INFO - Parsed data: title: ＜04月30日(火) 10:30～11:45＞[平針]外国免許切替審査 Hirabari Exchanging Foreign Driver's License, status: None, start_date: 2024年04月16日 07時30分, end_date: 2024年04月25日 12時00分, template_seq: 95607
[ 2024-04-18 09:27:52,020 ] 94 Jamebrown0206 - INFO - Parsed data: title: ＜04月30日(火) 10:30～11:45＞[平針]外国免許切替審査 Hirabari Exchanging Foreign Driver's License, status: None, start_date: 2024年04月16日 07時30分, end_date: 2024年04月25日 12時00分, template_seq: 95607
[ 2024-04-18 09:27:52,020 ] 94 Jamebrown0206 - INFO - Parsed data: title: ＜04月30日(火) 10:30～11:45＞[平針]外国免許切替審査 Hirabari Exchanging Foreign Driver's License, status: None, start_date: 2024年04月16日 07時30分, end_date: 2024年04月25日 12時00分, template_seq: 95607
[ 2024-04-18 09:27:52,067 ] 94 Jamebrown0206 - INFO - Parsed data: title: ＜04月30日(火) 12:45～13:30＞[平針]外国免許切替審査 Hirabari Exchanging Foreign Driver's License, status: None, start_date: 2024年04月16日 07時30分, end_date: 2024年04月25日 12時00分, template_seq: 95608
[ 2024-04-18 09:27:52,067 ] 94 Jamebrown0206 - INFO - Parsed data: title: ＜04月30日(火) 12:45～13:30＞[平針]外国免許切替審査 Hirabari Exchanging Foreign Driver's License, status: None, start_date: 2024年04月16日 07時30分, end_date: 2024年04月25日 12時00分, template_seq: 95608
[ 2024-04-18 09:27:52,067 ] 94 Jamebrown0206 - INFO - Parsed data: title: ＜04月30日(火) 12:45～13:30＞[平針]外国免許切替審査 Hirabari Exchanging Foreign Driver's License, status: None, start_date: 2024年04月16日 07時30分, end_date: 2024年04月25日 12時00分, template_seq: 95608
[ 2024-04-18 09:27:52,097 ] 94 Jamebrown0206 - INFO - Parsed data: title: ＜04月30日(火) 13:30～14:45＞[平針]外国免許切替審査 Hirabari Exchanging Foreign Driver's License, status: None, start_date: 2024年04月16日 07時30分, end_date: 2024年04月25日 12時00分, template_seq: 95609
[ 2024-04-18 09:27:52,097 ] 94 Jamebrown0206 - INFO - Parsed data: title: ＜04月30日(火) 13:30～14:45＞[平針]外国免許切替審査 Hirabari Exchanging Foreign Driver's License, status: None, start_date: 2024年04月16日 07時30分, end_date: 2024年04月25日 12時00分, template_seq: 95609
[ 2024-04-18 09:27:52,097 ] 94 Jamebrown0206 - INFO - Parsed data: title: ＜04月30日(火) 13:30～14:45＞[平針]外国免許切替審査 Hirabari Exchanging Foreign Driver's License, status: None, start_date: 2024年04月16日 07時30分, end_date: 2024年04月25日 12時00分, template_seq: 95609
[ 2024-04-18 09:27:52,117 ] 94 Jamebrown0206 - INFO - Parsed data: title: ＜04月26日(金) 08:45～09:30＞[平針]外国免許切替審査 Hirabari Exchanging Foreign Driver's License, status: None, start_date: 2024年04月12日 07時30分, end_date: 2024年04月24日 12時00分, template_seq: 95410
[ 2024-04-18 09:27:52,117 ] 94 Jamebrown0206 - INFO - Parsed data: title: ＜04月26日(金) 08:45～09:30＞[平針]外国免許切替審査 Hirabari Exchanging Foreign Driver's License, status: None, start_date: 2024年04月12日 07時30分, end_date: 2024年04月24日 12時00分, template_seq: 95410
[ 2024-04-18 09:27:52,117 ] 94 Jamebrown0206 - INFO - Parsed data: title: ＜04月26日(金) 08:45～09:30＞[平針]外国免許切替審査 Hirabari Exchanging Foreign Driver's License, status: None, start_date: 2024年04月12日 07時30分, end_date: 2024年04月24日 12時00分, template_seq: 95410
[ 2024-04-18 09:27:52,132 ] 94 Jamebrown0206 - INFO - Parsed data: title: ＜04月26日(金) 09:30～10:30＞[平針]外国免許切替審査 Hirabari Exchanging Foreign Driver's License, status: None, start_date: 2024年04月12日 07時30分, end_date: 2024年04月24日 12時00分, template_seq: 95411
[ 2024-04-18 09:27:52,132 ] 94 Jamebrown0206 - INFO - Parsed data: title: ＜04月26日(金) 09:30～10:30＞[平針]外国免許切替審査 Hirabari Exchanging Foreign Driver's License, status: None, start_date: 2024年04月12日 07時30分, end_date: 2024年04月24日 12時00分, template_seq: 95411
[ 2024-04-18 09:27:52,132 ] 94 Jamebrown0206 - INFO - Parsed data: title: ＜04月26日(金) 09:30～10:30＞[平針]外国免許切替審査 Hirabari Exchanging Foreign Driver's License, status: None, start_date: 2024年04月12日 07時30分, end_date: 2024年04月24日 12時00分, template_seq: 95411
[ 2024-04-18 09:27:52,133 ] 94 Jamebrown0206 - INFO - Number of filtered forms left is: 8 form(s)
[ 2024-04-18 09:27:52,133 ] 94 Jamebrown0206 - INFO - Number of filtered forms left is: 8 form(s)
[ 2024-04-18 09:27:52,133 ] 94 Jamebrown0206 - INFO - Number of filtered forms left is: 8 form(s)
[ 2024-04-18 09:27:52,134 ] 94 Jamebrown0206 - INFO - Accessing form, template sequence: 96337
[ 2024-04-18 09:27:52,134 ] 94 Jamebrown0206 - INFO - Accessing form, template sequence: 96337
[ 2024-04-18 09:27:52,134 ] 94 Jamebrown0206 - INFO - Accessing form, template sequence: 96337
[ 2024-04-18 09:27:52,134 ] 94 Jamebrown0206 - INFO - Form URL: https://www.shinsei.e-aichi.jp/pref-aichi-police-u/offer/offerList_detailTop?tempSeq=96337
[ 2024-04-18 09:27:52,134 ] 94 Jamebrown0206 - INFO - Form URL: https://www.shinsei.e-aichi.jp/pref-aichi-police-u/offer/offerList_detailTop?tempSeq=96337
[ 2024-04-18 09:27:52,134 ] 94 Jamebrown0206 - INFO - Form URL: https://www.shinsei.e-aichi.jp/pref-aichi-police-u/offer/offerList_detailTop?tempSeq=96337
[ 2024-04-18 09:27:57,834 ] 94 Jamebrown0206 - INFO - Accessed form successfully
[ 2024-04-18 09:27:57,834 ] 94 Jamebrown0206 - INFO - Accessed form successfully
[ 2024-04-18 09:27:57,834 ] 94 Jamebrown0206 - INFO - Accessed form successfully
[ 2024-04-18 09:27:57,852 ] 94 Jamebrown0206 - INFO - Form message: 大変申し訳ございません。申込数が上限に達した為、締め切らせていただきました。
[ 2024-04-18 09:27:57,852 ] 94 Jamebrown0206 - INFO - Form message: 大変申し訳ございません。申込数が上限に達した為、締め切らせていただきました。
[ 2024-04-18 09:27:57,852 ] 94 Jamebrown0206 - INFO - Form message: 大変申し訳ございません。申込数が上限に達した為、締め切らせていただきました。
[ 2024-04-18 09:27:57,852 ] 94 Jamebrown0206 - INFO - Form is closed, template sequence: 96337
[ 2024-04-18 09:27:57,852 ] 94 Jamebrown0206 - INFO - Form is closed, template sequence: 96337
[ 2024-04-18 09:27:57,852 ] 94 Jamebrown0206 - INFO - Form is closed, template sequence: 96337
[ 2024-04-18 09:27:57,853 ] 94 Jamebrown0206 - INFO - Accessing form, template sequence: 96338
[ 2024-04-18 09:27:57,853 ] 94 Jamebrown0206 - INFO - Accessing form, template sequence: 96338
[ 2024-04-18 09:27:57,853 ] 94 Jamebrown0206 - INFO - Accessing form, template sequence: 96338
[ 2024-04-18 09:27:57,853 ] 94 Jamebrown0206 - INFO - Form URL: https://www.shinsei.e-aichi.jp/pref-aichi-police-u/offer/offerList_detailTop?tempSeq=96338
[ 2024-04-18 09:27:57,853 ] 94 Jamebrown0206 - INFO - Form URL: https://www.shinsei.e-aichi.jp/pref-aichi-police-u/offer/offerList_detailTop?tempSeq=96338
[ 2024-04-18 09:27:57,853 ] 94 Jamebrown0206 - INFO - Form URL: https://www.shinsei.e-aichi.jp/pref-aichi-police-u/offer/offerList_detailTop?tempSeq=96338
[ 2024-04-18 09:28:03,470 ] 94 Jamebrown0206 - INFO - Accessed form successfully
[ 2024-04-18 09:28:03,470 ] 94 Jamebrown0206 - INFO - Accessed form successfully
[ 2024-04-18 09:28:03,470 ] 94 Jamebrown0206 - INFO - Accessed form successfully
[ 2024-04-18 09:28:03,484 ] 94 Jamebrown0206 - INFO - Form message: 大変申し訳ございません。申込数が上限に達した為、締め切らせていただきました。
[ 2024-04-18 09:28:03,484 ] 94 Jamebrown0206 - INFO - Form message: 大変申し訳ございません。申込数が上限に達した為、締め切らせていただきました。
[ 2024-04-18 09:28:03,484 ] 94 Jamebrown0206 - INFO - Form message: 大変申し訳ございません。申込数が上限に達した為、締め切らせていただきました。
[ 2024-04-18 09:28:03,484 ] 94 Jamebrown0206 - INFO - Form is closed, template sequence: 96338
[ 2024-04-18 09:28:03,484 ] 94 Jamebrown0206 - INFO - Form is closed, template sequence: 96338
[ 2024-04-18 09:28:03,484 ] 94 Jamebrown0206 - INFO - Form is closed, template sequence: 96338
[ 2024-04-18 09:28:03,484 ] 94 Jamebrown0206 - INFO - Accessing form, template sequence: 96127
[ 2024-04-18 09:28:03,484 ] 94 Jamebrown0206 - INFO - Accessing form, template sequence: 96127
[ 2024-04-18 09:28:03,484 ] 94 Jamebrown0206 - INFO - Accessing form, template sequence: 96127
[ 2024-04-18 09:28:03,484 ] 94 Jamebrown0206 - INFO - Form URL: https://www.shinsei.e-aichi.jp/pref-aichi-police-u/offer/offerList_detailTop?tempSeq=96127
[ 2024-04-18 09:28:03,484 ] 94 Jamebrown0206 - INFO - Form URL: https://www.shinsei.e-aichi.jp/pref-aichi-police-u/offer/offerList_detailTop?tempSeq=96127
[ 2024-04-18 09:28:03,484 ] 94 Jamebrown0206 - INFO - Form URL: https://www.shinsei.e-aichi.jp/pref-aichi-police-u/offer/offerList_detailTop?tempSeq=96127
[ 2024-04-18 09:28:09,091 ] 94 Jamebrown0206 - INFO - Accessed form successfully
[ 2024-04-18 09:28:09,091 ] 94 Jamebrown0206 - INFO - Accessed form successfully
[ 2024-04-18 09:28:09,091 ] 94 Jamebrown0206 - INFO - Accessed form successfully
[ 2024-04-18 09:28:09,105 ] 94 Jamebrown0206 - INFO - Form message: 大変申し訳ございません。申込数が上限に達した為、締め切らせていただきました。
[ 2024-04-18 09:28:09,105 ] 94 Jamebrown0206 - INFO - Form message: 大変申し訳ございません。申込数が上限に達した為、締め切らせていただきました。
[ 2024-04-18 09:28:09,105 ] 94 Jamebrown0206 - INFO - Form message: 大変申し訳ございません。申込数が上限に達した為、締め切らせていただきました。
[ 2024-04-18 09:28:09,106 ] 94 Jamebrown0206 - INFO - Form is closed, template sequence: 96127
[ 2024-04-18 09:28:09,106 ] 94 Jamebrown0206 - INFO - Form is closed, template sequence: 96127
[ 2024-04-18 09:28:09,106 ] 94 Jamebrown0206 - INFO - Form is closed, template sequence: 96127
[ 2024-04-18 09:28:09,106 ] 94 Jamebrown0206 - INFO - Accessing form, template sequence: 96130
[ 2024-04-18 09:28:09,106 ] 94 Jamebrown0206 - INFO - Accessing form, template sequence: 96130
[ 2024-04-18 09:28:09,106 ] 94 Jamebrown0206 - INFO - Accessing form, template sequence: 96130
[ 2024-04-18 09:28:09,106 ] 94 Jamebrown0206 - INFO - Form URL: https://www.shinsei.e-aichi.jp/pref-aichi-police-u/offer/offerList_detailTop?tempSeq=96130
[ 2024-04-18 09:28:09,106 ] 94 Jamebrown0206 - INFO - Form URL: https://www.shinsei.e-aichi.jp/pref-aichi-police-u/offer/offerList_detailTop?tempSeq=96130
[ 2024-04-18 09:28:09,106 ] 94 Jamebrown0206 - INFO - Form URL: https://www.shinsei.e-aichi.jp/pref-aichi-police-u/offer/offerList_detailTop?tempSeq=96130
[ 2024-04-18 09:28:14,703 ] 94 Jamebrown0206 - INFO - Accessed form successfully
[ 2024-04-18 09:28:14,703 ] 94 Jamebrown0206 - INFO - Accessed form successfully
[ 2024-04-18 09:28:14,703 ] 94 Jamebrown0206 - INFO - Accessed form successfully
[ 2024-04-18 09:28:14,718 ] 94 Jamebrown0206 - INFO - Form message: 大変申し訳ございません。申込数が上限に達した為、締め切らせていただきました。
[ 2024-04-18 09:28:14,718 ] 94 Jamebrown0206 - INFO - Form message: 大変申し訳ございません。申込数が上限に達した為、締め切らせていただきました。
[ 2024-04-18 09:28:14,718 ] 94 Jamebrown0206 - INFO - Form message: 大変申し訳ございません。申込数が上限に達した為、締め切らせていただきました。
[ 2024-04-18 09:28:14,719 ] 94 Jamebrown0206 - INFO - Form is closed, template sequence: 96130
[ 2024-04-18 09:28:14,719 ] 94 Jamebrown0206 - INFO - Form is closed, template sequence: 96130
[ 2024-04-18 09:28:14,719 ] 94 Jamebrown0206 - INFO - Form is closed, template sequence: 96130
[ 2024-04-18 09:28:14,719 ] 94 Jamebrown0206 - INFO - Accessing form, template sequence: 96126
[ 2024-04-18 09:28:14,719 ] 94 Jamebrown0206 - INFO - Accessing form, template sequence: 96126
[ 2024-04-18 09:28:14,719 ] 94 Jamebrown0206 - INFO - Accessing form, template sequence: 96126
[ 2024-04-18 09:28:14,719 ] 94 Jamebrown0206 - INFO - Form URL: https://www.shinsei.e-aichi.jp/pref-aichi-police-u/offer/offerList_detailTop?tempSeq=96126
[ 2024-04-18 09:28:14,719 ] 94 Jamebrown0206 - INFO - Form URL: https://www.shinsei.e-aichi.jp/pref-aichi-police-u/offer/offerList_detailTop?tempSeq=96126
[ 2024-04-18 09:28:14,719 ] 94 Jamebrown0206 - INFO - Form URL: https://www.shinsei.e-aichi.jp/pref-aichi-police-u/offer/offerList_detailTop?tempSeq=96126
[ 2024-04-18 09:28:20,379 ] 94 Jamebrown0206 - INFO - Accessed form successfully
[ 2024-04-18 09:28:20,379 ] 94 Jamebrown0206 - INFO - Accessed form successfully
[ 2024-04-18 09:28:20,379 ] 94 Jamebrown0206 - INFO - Accessed form successfully
[ 2024-04-18 09:28:20,394 ] 94 Jamebrown0206 - INFO - Form message: 大変申し訳ございません。申込数が上限に達した為、締め切らせていただきました。
[ 2024-04-18 09:28:20,394 ] 94 Jamebrown0206 - INFO - Form message: 大変申し訳ございません。申込数が上限に達した為、締め切らせていただきました。
[ 2024-04-18 09:28:20,394 ] 94 Jamebrown0206 - INFO - Form message: 大変申し訳ございません。申込数が上限に達した為、締め切らせていただきました。
[ 2024-04-18 09:28:20,394 ] 94 Jamebrown0206 - INFO - Form is closed, template sequence: 96126
[ 2024-04-18 09:28:20,394 ] 94 Jamebrown0206 - INFO - Form is closed, template sequence: 96126
[ 2024-04-18 09:28:20,394 ] 94 Jamebrown0206 - INFO - Form is closed, template sequence: 96126
[ 2024-04-18 09:28:20,395 ] 94 Jamebrown0206 - INFO - Accessing form, template sequence: 96336
[ 2024-04-18 09:28:20,395 ] 94 Jamebrown0206 - INFO - Accessing form, template sequence: 96336
[ 2024-04-18 09:28:20,395 ] 94 Jamebrown0206 - INFO - Accessing form, template sequence: 96336
[ 2024-04-18 09:28:20,395 ] 94 Jamebrown0206 - INFO - Form URL: https://www.shinsei.e-aichi.jp/pref-aichi-police-u/offer/offerList_detailTop?tempSeq=96336
[ 2024-04-18 09:28:20,395 ] 94 Jamebrown0206 - INFO - Form URL: https://www.shinsei.e-aichi.jp/pref-aichi-police-u/offer/offerList_detailTop?tempSeq=96336
[ 2024-04-18 09:28:20,395 ] 94 Jamebrown0206 - INFO - Form URL: https://www.shinsei.e-aichi.jp/pref-aichi-police-u/offer/offerList_detailTop?tempSeq=96336
[ 2024-04-18 09:28:26,048 ] 94 Jamebrown0206 - INFO - Accessed form successfully
[ 2024-04-18 09:28:26,048 ] 94 Jamebrown0206 - INFO - Accessed form successfully
[ 2024-04-18 09:28:26,048 ] 94 Jamebrown0206 - INFO - Accessed form successfully
[ 2024-04-18 09:28:26,064 ] 94 Jamebrown0206 - INFO - Form message: 大変申し訳ございません。申込数が上限に達した為、締め切らせていただきました。
[ 2024-04-18 09:28:26,064 ] 94 Jamebrown0206 - INFO - Form message: 大変申し訳ございません。申込数が上限に達した為、締め切らせていただきました。
[ 2024-04-18 09:28:26,064 ] 94 Jamebrown0206 - INFO - Form message: 大変申し訳ございません。申込数が上限に達した為、締め切らせていただきました。
[ 2024-04-18 09:28:26,065 ] 94 Jamebrown0206 - INFO - Form is closed, template sequence: 96336
[ 2024-04-18 09:28:26,065 ] 94 Jamebrown0206 - INFO - Form is closed, template sequence: 96336
[ 2024-04-18 09:28:26,065 ] 94 Jamebrown0206 - INFO - Form is closed, template sequence: 96336
[ 2024-04-18 09:28:26,065 ] 94 Jamebrown0206 - INFO - Accessing form, template sequence: 96129
[ 2024-04-18 09:28:26,065 ] 94 Jamebrown0206 - INFO - Accessing form, template sequence: 96129
[ 2024-04-18 09:28:26,065 ] 94 Jamebrown0206 - INFO - Accessing form, template sequence: 96129
[ 2024-04-18 09:28:26,065 ] 94 Jamebrown0206 - INFO - Form URL: https://www.shinsei.e-aichi.jp/pref-aichi-police-u/offer/offerList_detailTop?tempSeq=96129
[ 2024-04-18 09:28:26,065 ] 94 Jamebrown0206 - INFO - Form URL: https://www.shinsei.e-aichi.jp/pref-aichi-police-u/offer/offerList_detailTop?tempSeq=96129
[ 2024-04-18 09:28:26,065 ] 94 Jamebrown0206 - INFO - Form URL: https://www.shinsei.e-aichi.jp/pref-aichi-police-u/offer/offerList_detailTop?tempSeq=96129
[ 2024-04-18 09:28:31,751 ] 94 Jamebrown0206 - INFO - Accessed form successfully
[ 2024-04-18 09:28:31,751 ] 94 Jamebrown0206 - INFO - Accessed form successfully
[ 2024-04-18 09:28:31,751 ] 94 Jamebrown0206 - INFO - Accessed form successfully
[ 2024-04-18 09:28:31,766 ] 94 Jamebrown0206 - INFO - Form message: 大変申し訳ございません。申込数が上限に達した為、締め切らせていただきました。
[ 2024-04-18 09:28:31,766 ] 94 Jamebrown0206 - INFO - Form message: 大変申し訳ございません。申込数が上限に達した為、締め切らせていただきました。
[ 2024-04-18 09:28:31,766 ] 94 Jamebrown0206 - INFO - Form message: 大変申し訳ございません。申込数が上限に達した為、締め切らせていただきました。
[ 2024-04-18 09:28:31,766 ] 94 Jamebrown0206 - INFO - Form is closed, template sequence: 96129
[ 2024-04-18 09:28:31,766 ] 94 Jamebrown0206 - INFO - Form is closed, template sequence: 96129
[ 2024-04-18 09:28:31,766 ] 94 Jamebrown0206 - INFO - Form is closed, template sequence: 96129
[ 2024-04-18 09:28:31,767 ] 94 Jamebrown0206 - INFO - Accessing form, template sequence: 96128
[ 2024-04-18 09:28:31,767 ] 94 Jamebrown0206 - INFO - Accessing form, template sequence: 96128
[ 2024-04-18 09:28:31,767 ] 94 Jamebrown0206 - INFO - Accessing form, template sequence: 96128
[ 2024-04-18 09:28:31,768 ] 94 Jamebrown0206 - INFO - Form URL: https://www.shinsei.e-aichi.jp/pref-aichi-police-u/offer/offerList_detailTop?tempSeq=96128
[ 2024-04-18 09:28:31,768 ] 94 Jamebrown0206 - INFO - Form URL: https://www.shinsei.e-aichi.jp/pref-aichi-police-u/offer/offerList_detailTop?tempSeq=96128
[ 2024-04-18 09:28:31,768 ] 94 Jamebrown0206 - INFO - Form URL: https://www.shinsei.e-aichi.jp/pref-aichi-police-u/offer/offerList_detailTop?tempSeq=96128
[ 2024-04-18 09:28:37,395 ] 94 Jamebrown0206 - INFO - Accessed form successfully
[ 2024-04-18 09:28:37,395 ] 94 Jamebrown0206 - INFO - Accessed form successfully
[ 2024-04-18 09:28:37,395 ] 94 Jamebrown0206 - INFO - Accessed form successfully
[ 2024-04-18 09:28:37,411 ] 94 Jamebrown0206 - INFO - Form message: 大変申し訳ございません。申込数が上限に達した為、締め切らせていただきました。
[ 2024-04-18 09:28:37,411 ] 94 Jamebrown0206 - INFO - Form message: 大変申し訳ございません。申込数が上限に達した為、締め切らせていただきました。
[ 2024-04-18 09:28:37,411 ] 94 Jamebrown0206 - INFO - Form message: 大変申し訳ございません。申込数が上限に達した為、締め切らせていただきました。
[ 2024-04-18 09:28:37,411 ] 94 Jamebrown0206 - INFO - Form is closed, template sequence: 96128
[ 2024-04-18 09:28:37,411 ] 94 Jamebrown0206 - INFO - Form is closed, template sequence: 96128
[ 2024-04-18 09:28:37,411 ] 94 Jamebrown0206 - INFO - Form is closed, template sequence: 96128
