[ 2024-04-18 09:27:38,403 ] 94 marjyamada040493 - INFO - Opened login page
[ 2024-04-18 09:27:38,403 ] 94 marjyamada040493 - INFO - Opened login page
[ 2024-04-18 09:27:38,403 ] 94 marjyamada040493 - INFO - Opened login page
[ 2024-04-18 09:27:43,206 ] 94 marjyamada040493 - INFO - Logging in
[ 2024-04-18 09:27:43,206 ] 94 marjyamada040493 - INFO - Logging in
[ 2024-04-18 09:27:43,206 ] 94 marjyamada040493 - INFO - Logging in
[ 2024-04-18 09:27:43,240 ] 94 marjyamada040493 - INFO - Current url: https://www.shinsei.e-aichi.jp/pref-aichi-police-u/offer/offerList_initDisplay
[ 2024-04-18 09:27:43,240 ] 94 marjyamada040493 - INFO - Current url: https://www.shinsei.e-aichi.jp/pref-aichi-police-u/offer/offerList_initDisplay
[ 2024-04-18 09:27:43,240 ] 94 marjyamada040493 - INFO - Current url: https://www.shinsei.e-aichi.jp/pref-aichi-police-u/offer/offerList_initDisplay
[ 2024-04-18 09:27:43,653 ] 94 marjyamada040493 - INFO - Logged in finished
[ 2024-04-18 09:27:43,653 ] 94 marjyamada040493 - INFO - Logged in finished
[ 2024-04-18 09:27:43,653 ] 94 marjyamada040493 - INFO - Logged in finished
[ 2024-04-18 09:27:44,125 ] 94 marjyamada040493 - INFO - On main page
[ 2024-04-18 09:27:44,125 ] 94 marjyamada040493 - INFO - On main page
[ 2024-04-18 09:27:44,125 ] 94 marjyamada040493 - INFO - On main page
[ 2024-04-18 09:27:46,033 ] 94 marjyamada040493 - INFO - Search submitted
[ 2024-04-18 09:27:46,033 ] 94 marjyamada040493 - INFO - Search submitted
[ 2024-04-18 09:27:46,033 ] 94 marjyamada040493 - INFO - Search submitted
[ 2024-04-18 09:27:46,060 ] 94 marjyamada040493 - INFO - Collected 20 forms
[ 2024-04-18 09:27:46,060 ] 94 marjyamada040493 - INFO - Collected 20 forms
[ 2024-04-18 09:27:46,060 ] 94 marjyamada040493 - INFO - Collected 20 forms
[ 2024-04-18 09:27:46,111 ] 94 marjyamada040493 - INFO - Parsed data: title: ＜05月02日(木) 08:45～09:30＞[平針]外国免許切替審査 Hirabari Exchanging Foreign Driver's License, status: None, start_date: 2024年04月18日 07時30分, end_date: 2024年04月30日 12時00分, template_seq: 96126
[ 2024-04-18 09:27:46,111 ] 94 marjyamada040493 - INFO - Parsed data: title: ＜05月02日(木) 08:45～09:30＞[平針]外国免許切替審査 Hirabari Exchanging Foreign Driver's License, status: None, start_date: 2024年04月18日 07時30分, end_date: 2024年04月30日 12時00分, template_seq: 96126
[ 2024-04-18 09:27:46,111 ] 94 marjyamada040493 - INFO - Parsed data: title: ＜05月02日(木) 08:45～09:30＞[平針]外国免許切替審査 Hirabari Exchanging Foreign Driver's License, status: None, start_date: 2024年04月18日 07時30分, end_date: 2024年04月30日 12時00分, template_seq: 96126
[ 2024-04-18 09:27:46,113 ] 94 marjyamada040493 - INFO - Parsed data: title: ＜05月02日(木) 08:45～09:30＞[平針]外国免許切替審査 Hirabari Exchanging Foreign Driver's License, status: None, start_date: 2024年04月18日 07時30分, end_date: 2024年04月30日 12時00分, template_seq: 96126
[ 2024-04-18 09:27:46,113 ] 94 marjyamada040493 - INFO - Parsed data: title: ＜05月02日(木) 08:45～09:30＞[平針]外国免許切替審査 Hirabari Exchanging Foreign Driver's License, status: None, start_date: 2024年04月18日 07時30分, end_date: 2024年04月30日 12時00分, template_seq: 96126
[ 2024-04-18 09:27:46,113 ] 94 marjyamada040493 - INFO - Parsed data: title: ＜05月02日(木) 08:45～09:30＞[平針]外国免許切替審査 Hirabari Exchanging Foreign Driver's License, status: None, start_date: 2024年04月18日 07時30分, end_date: 2024年04月30日 12時00分, template_seq: 96126
[ 2024-04-18 09:27:46,135 ] 94 marjyamada040493 - INFO - Parsed data: title: ＜05月02日(木) 09:30～10:30＞[平針]外国免許切替審査 Hirabari Exchanging Foreign Driver's License, status: None, start_date: 2024年04月18日 07時30分, end_date: 2024年04月30日 12時00分, template_seq: 96127
[ 2024-04-18 09:27:46,135 ] 94 marjyamada040493 - INFO - Parsed data: title: ＜05月02日(木) 09:30～10:30＞[平針]外国免許切替審査 Hirabari Exchanging Foreign Driver's License, status: None, start_date: 2024年04月18日 07時30分, end_date: 2024年04月30日 12時00分, template_seq: 96127
[ 2024-04-18 09:27:46,135 ] 94 marjyamada040493 - INFO - Parsed data: title: ＜05月02日(木) 09:30～10:30＞[平針]外国免許切替審査 Hirabari Exchanging Foreign Driver's License, status: None, start_date: 2024年04月18日 07時30分, end_date: 2024年04月30日 12時00分, template_seq: 96127
[ 2024-04-18 09:27:46,135 ] 94 marjyamada040493 - INFO - Parsed data: title: ＜05月02日(木) 09:30～10:30＞[平針]外国免許切替審査 Hirabari Exchanging Foreign Driver's License, status: None, start_date: 2024年04月18日 07時30分, end_date: 2024年04月30日 12時00分, template_seq: 96127
[ 2024-04-18 09:27:46,135 ] 94 marjyamada040493 - INFO - Parsed data: title: ＜05月02日(木) 09:30～10:30＞[平針]外国免許切替審査 Hirabari Exchanging Foreign Driver's License, status: None, start_date: 2024年04月18日 07時30分, end_date: 2024年04月30日 12時00分, template_seq: 96127
[ 2024-04-18 09:27:46,135 ] 94 marjyamada040493 - INFO - Parsed data: title: ＜05月02日(木) 09:30～10:30＞[平針]外国免許切替審査 Hirabari Exchanging Foreign Driver's License, status: None, start_date: 2024年04月18日 07時30分, end_date: 2024年04月30日 12時00分, template_seq: 96127
[ 2024-04-18 09:27:46,157 ] 94 marjyamada040493 - INFO - Parsed data: title: ＜05月02日(木) 10:30～11:45＞[平針]外国免許切替審査 Hirabari Exchanging Foreign Driver's License, status: None, start_date: 2024年04月18日 07時30分, end_date: 2024年04月30日 12時00分, template_seq: 96128
[ 2024-04-18 09:27:46,157 ] 94 marjyamada040493 - INFO - Parsed data: title: ＜05月02日(木) 10:30～11:45＞[平針]外国免許切替審査 Hirabari Exchanging Foreign Driver's License, status: None, start_date: 2024年04月18日 07時30分, end_date: 2024年04月30日 12時00分, template_seq: 96128
[ 2024-04-18 09:27:46,157 ] 94 marjyamada040493 - INFO - Parsed data: title: ＜05月02日(木) 10:30～11:45＞[平針]外国免許切替審査 Hirabari Exchanging Foreign Driver's License, status: None, start_date: 2024年04月18日 07時30分, end_date: 2024年04月30日 12時00分, template_seq: 96128
[ 2024-04-18 09:27:46,158 ] 94 marjyamada040493 - INFO - Parsed data: title: ＜05月02日(木) 10:30～11:45＞[平針]外国免許切替審査 Hirabari Exchanging Foreign Driver's License, status: None, start_date: 2024年04月18日 07時30分, end_date: 2024年04月30日 12時00分, template_seq: 96128
[ 2024-04-18 09:27:46,158 ] 94 marjyamada040493 - INFO - Parsed data: title: ＜05月02日(木) 10:30～11:45＞[平針]外国免許切替審査 Hirabari Exchanging Foreign Driver's License, status: None, start_date: 2024年04月18日 07時30分, end_date: 2024年04月30日 12時00分, template_seq: 96128
[ 2024-04-18 09:27:46,158 ] 94 marjyamada040493 - INFO - Parsed data: title: ＜05月02日(木) 10:30～11:45＞[平針]外国免許切替審査 Hirabari Exchanging Foreign Driver's License, status: None, start_date: 2024年04月18日 07時30分, end_date: 2024年04月30日 12時00分, template_seq: 96128
[ 2024-04-18 09:27:46,179 ] 94 marjyamada040493 - INFO - Parsed data: title: ＜05月02日(木) 12:45～13:30＞[平針]外国免許切替審査 Hirabari Exchanging Foreign Driver's License, status: None, start_date: 2024年04月18日 07時30分, end_date: 2024年04月30日 12時00分, template_seq: 96129
[ 2024-04-18 09:27:46,179 ] 94 marjyamada040493 - INFO - Parsed data: title: ＜05月02日(木) 12:45～13:30＞[平針]外国免許切替審査 Hirabari Exchanging Foreign Driver's License, status: None, start_date: 2024年04月18日 07時30分, end_date: 2024年04月30日 12時00分, template_seq: 96129
[ 2024-04-18 09:27:46,179 ] 94 marjyamada040493 - INFO - Parsed data: title: ＜05月02日(木) 12:45～13:30＞[平針]外国免許切替審査 Hirabari Exchanging Foreign Driver's License, status: None, start_date: 2024年04月18日 07時30分, end_date: 2024年04月30日 12時00分, template_seq: 96129
[ 2024-04-18 09:27:46,180 ] 94 marjyamada040493 - INFO - Parsed data: title: ＜05月02日(木) 12:45～13:30＞[平針]外国免許切替審査 Hirabari Exchanging Foreign Driver's License, status: None, start_date: 2024年04月18日 07時30分, end_date: 2024年04月30日 12時00分, template_seq: 96129
[ 2024-04-18 09:27:46,180 ] 94 marjyamada040493 - INFO - Parsed data: title: ＜05月02日(木) 12:45～13:30＞[平針]外国免許切替審査 Hirabari Exchanging Foreign Driver's License, status: None, start_date: 2024年04月18日 07時30分, end_date: 2024年04月30日 12時00分, template_seq: 96129
[ 2024-04-18 09:27:46,180 ] 94 marjyamada040493 - INFO - Parsed data: title: ＜05月02日(木) 12:45～13:30＞[平針]外国免許切替審査 Hirabari Exchanging Foreign Driver's License, status: None, start_date: 2024年04月18日 07時30分, end_date: 2024年04月30日 12時00分, template_seq: 96129
[ 2024-04-18 09:27:46,216 ] 94 marjyamada040493 - INFO - Parsed data: title: ＜05月02日(木) 13:30～14:45＞[平針]外国免許切替審査 Hirabari Exchanging Foreign Driver's License, status: None, start_date: 2024年04月18日 07時30分, end_date: 2024年04月30日 12時00分, template_seq: 96130
[ 2024-04-18 09:27:46,216 ] 94 marjyamada040493 - INFO - Parsed data: title: ＜05月02日(木) 13:30～14:45＞[平針]外国免許切替審査 Hirabari Exchanging Foreign Driver's License, status: None, start_date: 2024年04月18日 07時30分, end_date: 2024年04月30日 12時00分, template_seq: 96130
[ 2024-04-18 09:27:46,216 ] 94 marjyamada040493 - INFO - Parsed data: title: ＜05月02日(木) 13:30～14:45＞[平針]外国免許切替審査 Hirabari Exchanging Foreign Driver's License, status: None, start_date: 2024年04月18日 07時30分, end_date: 2024年04月30日 12時00分, template_seq: 96130
[ 2024-04-18 09:27:46,216 ] 94 marjyamada040493 - INFO - Parsed data: title: ＜05月02日(木) 13:30～14:45＞[平針]外国免許切替審査 Hirabari Exchanging Foreign Driver's License, status: None, start_date: 2024年04月18日 07時30分, end_date: 2024年04月30日 12時00分, template_seq: 96130
[ 2024-04-18 09:27:46,216 ] 94 marjyamada040493 - INFO - Parsed data: title: ＜05月02日(木) 13:30～14:45＞[平針]外国免許切替審査 Hirabari Exchanging Foreign Driver's License, status: None, start_date: 2024年04月18日 07時30分, end_date: 2024年04月30日 12時00分, template_seq: 96130
[ 2024-04-18 09:27:46,216 ] 94 marjyamada040493 - INFO - Parsed data: title: ＜05月02日(木) 13:30～14:45＞[平針]外国免許切替審査 Hirabari Exchanging Foreign Driver's License, status: None, start_date: 2024年04月18日 07時30分, end_date: 2024年04月30日 12時00分, template_seq: 96130
[ 2024-04-18 09:27:46,238 ] 94 marjyamada040493 - INFO - Parsed data: title: 2024.04.18(木)10:00～当日限り[平針]外国免許切替審査 Hirabari Exchanging Foreign Driver's License, status: None, start_date: 2024年04月18日 07時30分, end_date: 2024年04月18日 12時00分, template_seq: 96336
[ 2024-04-18 09:27:46,238 ] 94 marjyamada040493 - INFO - Parsed data: title: 2024.04.18(木)10:00～当日限り[平針]外国免許切替審査 Hirabari Exchanging Foreign Driver's License, status: None, start_date: 2024年04月18日 07時30分, end_date: 2024年04月18日 12時00分, template_seq: 96336
[ 2024-04-18 09:27:46,238 ] 94 marjyamada040493 - INFO - Parsed data: title: 2024.04.18(木)10:00～当日限り[平針]外国免許切替審査 Hirabari Exchanging Foreign Driver's License, status: None, start_date: 2024年04月18日 07時30分, end_date: 2024年04月18日 12時00分, template_seq: 96336
[ 2024-04-18 09:27:46,239 ] 94 marjyamada040493 - INFO - Parsed data: title: 2024.04.18(木)10:00～当日限り[平針]外国免許切替審査 Hirabari Exchanging Foreign Driver's License, status: None, start_date: 2024年04月18日 07時30分, end_date: 2024年04月18日 12時00分, template_seq: 96336
[ 2024-04-18 09:27:46,239 ] 94 marjyamada040493 - INFO - Parsed data: title: 2024.04.18(木)10:00～当日限り[平針]外国免許切替審査 Hirabari Exchanging Foreign Driver's License, status: None, start_date: 2024年04月18日 07時30分, end_date: 2024年04月18日 12時00分, template_seq: 96336
[ 2024-04-18 09:27:46,239 ] 94 marjyamada040493 - INFO - Parsed data: title: 2024.04.18(木)10:00～当日限り[平針]外国免許切替審査 Hirabari Exchanging Foreign Driver's License, status: None, start_date: 2024年04月18日 07時30分, end_date: 2024年04月18日 12時00分, template_seq: 96336
[ 2024-04-18 09:27:46,288 ] 94 marjyamada040493 - INFO - Parsed data: title: 2024.04.18(木)11:00～当日限り[平針]外国免許切替審査 Hirabari Exchanging Foreign Driver's License, status: None, start_date: 2024年04月18日 07時30分, end_date: 2024年04月18日 12時00分, template_seq: 96337
[ 2024-04-18 09:27:46,288 ] 94 marjyamada040493 - INFO - Parsed data: title: 2024.04.18(木)11:00～当日限り[平針]外国免許切替審査 Hirabari Exchanging Foreign Driver's License, status: None, start_date: 2024年04月18日 07時30分, end_date: 2024年04月18日 12時00分, template_seq: 96337
[ 2024-04-18 09:27:46,288 ] 94 marjyamada040493 - INFO - Parsed data: title: 2024.04.18(木)11:00～当日限り[平針]外国免許切替審査 Hirabari Exchanging Foreign Driver's License, status: None, start_date: 2024年04月18日 07時30分, end_date: 2024年04月18日 12時00分, template_seq: 96337
[ 2024-04-18 09:27:46,289 ] 94 marjyamada040493 - INFO - Parsed data: title: 2024.04.18(木)11:00～当日限り[平針]外国免許切替審査 Hirabari Exchanging Foreign Driver's License, status: None, start_date: 2024年04月18日 07時30分, end_date: 2024年04月18日 12時00分, template_seq: 96337
[ 2024-04-18 09:27:46,289 ] 94 marjyamada040493 - INFO - Parsed data: title: 2024.04.18(木)11:00～当日限り[平針]外国免許切替審査 Hirabari Exchanging Foreign Driver's License, status: None, start_date: 2024年04月18日 07時30分, end_date: 2024年04月18日 12時00分, template_seq: 96337
[ 2024-04-18 09:27:46,289 ] 94 marjyamada040493 - INFO - Parsed data: title: 2024.04.18(木)11:00～当日限り[平針]外国免許切替審査 Hirabari Exchanging Foreign Driver's License, status: None, start_date: 2024年04月18日 07時30分, end_date: 2024年04月18日 12時00分, template_seq: 96337
[ 2024-04-18 09:27:46,341 ] 94 marjyamada040493 - INFO - Parsed data: title: 2024.04.18(木)12:45～当日限り[平針]外国免許切替審査 Hirabari Exchanging Foreign Driver's License, status: None, start_date: 2024年04月18日 07時30分, end_date: 2024年04月18日 12時00分, template_seq: 96338
[ 2024-04-18 09:27:46,341 ] 94 marjyamada040493 - INFO - Parsed data: title: 2024.04.18(木)12:45～当日限り[平針]外国免許切替審査 Hirabari Exchanging Foreign Driver's License, status: None, start_date: 2024年04月18日 07時30分, end_date: 2024年04月18日 12時00分, template_seq: 96338
[ 2024-04-18 09:27:46,341 ] 94 marjyamada040493 - INFO - Parsed data: title: 2024.04.18(木)12:45～当日限り[平針]外国免許切替審査 Hirabari Exchanging Foreign Driver's License, status: None, start_date: 2024年04月18日 07時30分, end_date: 2024年04月18日 12時00分, template_seq: 96338
[ 2024-04-18 09:27:46,344 ] 94 marjyamada040493 - INFO - Parsed data: title: 2024.04.18(木)12:45～当日限り[平針]外国免許切替審査 Hirabari Exchanging Foreign Driver's License, status: None, start_date: 2024年04月18日 07時30分, end_date: 2024年04月18日 12時00分, template_seq: 96338
[ 2024-04-18 09:27:46,344 ] 94 marjyamada040493 - INFO - Parsed data: title: 2024.04.18(木)12:45～当日限り[平針]外国免許切替審査 Hirabari Exchanging Foreign Driver's License, status: None, start_date: 2024年04月18日 07時30分, end_date: 2024年04月18日 12時00分, template_seq: 96338
[ 2024-04-18 09:27:46,344 ] 94 marjyamada040493 - INFO - Parsed data: title: 2024.04.18(木)12:45～当日限り[平針]外国免許切替審査 Hirabari Exchanging Foreign Driver's License, status: None, start_date: 2024年04月18日 07時30分, end_date: 2024年04月18日 12時00分, template_seq: 96338
[ 2024-04-18 09:27:46,392 ] 94 marjyamada040493 - INFO - Parsed data: title: ＜05月01日(水) 08:45～09:30＞[平針]外国免許切替審査 Hirabari Exchanging Foreign Driver's License, status: None, start_date: 2024年04月17日 07時30分, end_date: 2024年04月26日 12時00分, template_seq: 96088
[ 2024-04-18 09:27:46,392 ] 94 marjyamada040493 - INFO - Parsed data: title: ＜05月01日(水) 08:45～09:30＞[平針]外国免許切替審査 Hirabari Exchanging Foreign Driver's License, status: None, start_date: 2024年04月17日 07時30分, end_date: 2024年04月26日 12時00分, template_seq: 96088
[ 2024-04-18 09:27:46,392 ] 94 marjyamada040493 - INFO - Parsed data: title: ＜05月01日(水) 08:45～09:30＞[平針]外国免許切替審査 Hirabari Exchanging Foreign Driver's License, status: None, start_date: 2024年04月17日 07時30分, end_date: 2024年04月26日 12時00分, template_seq: 96088
[ 2024-04-18 09:27:46,414 ] 94 marjyamada040493 - INFO - Parsed data: title: ＜05月01日(水) 09:30～10:30＞[平針]外国免許切替審査 Hirabari Exchanging Foreign Driver's License, status: None, start_date: 2024年04月17日 07時30分, end_date: 2024年04月26日 12時00分, template_seq: 96089
[ 2024-04-18 09:27:46,414 ] 94 marjyamada040493 - INFO - Parsed data: title: ＜05月01日(水) 09:30～10:30＞[平針]外国免許切替審査 Hirabari Exchanging Foreign Driver's License, status: None, start_date: 2024年04月17日 07時30分, end_date: 2024年04月26日 12時00分, template_seq: 96089
[ 2024-04-18 09:27:46,414 ] 94 marjyamada040493 - INFO - Parsed data: title: ＜05月01日(水) 09:30～10:30＞[平針]外国免許切替審査 Hirabari Exchanging Foreign Driver's License, status: None, start_date: 2024年04月17日 07時30分, end_date: 2024年04月26日 12時00分, template_seq: 96089
[ 2024-04-18 09:27:46,443 ] 94 marjyamada040493 - INFO - Parsed data: title: ＜05月01日(水) 10:30～11:45＞[平針]外国免許切替審査 Hirabari Exchanging Foreign Driver's License, status: None, start_date: 2024年04月17日 07時30分, end_date: 2024年04月26日 12時00分, template_seq: 96090
[ 2024-04-18 09:27:46,443 ] 94 marjyamada040493 - INFO - Parsed data: title: ＜05月01日(水) 10:30～11:45＞[平針]外国免許切替審査 Hirabari Exchanging Foreign Driver's License, status: None, start_date: 2024年04月17日 07時30分, end_date: 2024年04月26日 12時00分, template_seq: 96090
[ 2024-04-18 09:27:46,443 ] 94 marjyamada040493 - INFO - Parsed data: title: ＜05月01日(水) 10:30～11:45＞[平針]外国免許切替審査 Hirabari Exchanging Foreign Driver's License, status: None, start_date: 2024年04月17日 07時30分, end_date: 2024年04月26日 12時00分, template_seq: 96090
[ 2024-04-18 09:27:46,475 ] 94 marjyamada040493 - INFO - Parsed data: title: ＜05月01日(水) 12:45～13:30＞[平針]外国免許切替審査 Hirabari Exchanging Foreign Driver's License, status: None, start_date: 2024年04月17日 07時30分, end_date: 2024年04月26日 12時00分, template_seq: 96091
[ 2024-04-18 09:27:46,475 ] 94 marjyamada040493 - INFO - Parsed data: title: ＜05月01日(水) 12:45～13:30＞[平針]外国免許切替審査 Hirabari Exchanging Foreign Driver's License, status: None, start_date: 2024年04月17日 07時30分, end_date: 2024年04月26日 12時00分, template_seq: 96091
[ 2024-04-18 09:27:46,475 ] 94 marjyamada040493 - INFO - Parsed data: title: ＜05月01日(水) 12:45～13:30＞[平針]外国免許切替審査 Hirabari Exchanging Foreign Driver's License, status: None, start_date: 2024年04月17日 07時30分, end_date: 2024年04月26日 12時00分, template_seq: 96091
[ 2024-04-18 09:27:46,507 ] 94 marjyamada040493 - INFO - Parsed data: title: ＜05月01日(水) 13:30～14:45＞[平針]外国免許切替審査 Hirabari Exchanging Foreign Driver's License, status: None, start_date: 2024年04月17日 07時30分, end_date: 2024年04月26日 12時00分, template_seq: 96093
[ 2024-04-18 09:27:46,507 ] 94 marjyamada040493 - INFO - Parsed data: title: ＜05月01日(水) 13:30～14:45＞[平針]外国免許切替審査 Hirabari Exchanging Foreign Driver's License, status: None, start_date: 2024年04月17日 07時30分, end_date: 2024年04月26日 12時00分, template_seq: 96093
[ 2024-04-18 09:27:46,507 ] 94 marjyamada040493 - INFO - Parsed data: title: ＜05月01日(水) 13:30～14:45＞[平針]外国免許切替審査 Hirabari Exchanging Foreign Driver's License, status: None, start_date: 2024年04月17日 07時30分, end_date: 2024年04月26日 12時00分, template_seq: 96093
[ 2024-04-18 09:27:46,563 ] 94 marjyamada040493 - INFO - Parsed data: title: ＜04月30日(火) 08:45～09:30＞[平針]外国免許切替審査 Hirabari Exchanging Foreign Driver's License, status: None, start_date: 2024年04月16日 07時30分, end_date: 2024年04月25日 12時00分, template_seq: 95604
[ 2024-04-18 09:27:46,563 ] 94 marjyamada040493 - INFO - Parsed data: title: ＜04月30日(火) 08:45～09:30＞[平針]外国免許切替審査 Hirabari Exchanging Foreign Driver's License, status: None, start_date: 2024年04月16日 07時30分, end_date: 2024年04月25日 12時00分, template_seq: 95604
[ 2024-04-18 09:27:46,563 ] 94 marjyamada040493 - INFO - Parsed data: title: ＜04月30日(火) 08:45～09:30＞[平針]外国免許切替審査 Hirabari Exchanging Foreign Driver's License, status: None, start_date: 2024年04月16日 07時30分, end_date: 2024年04月25日 12時00分, template_seq: 95604
[ 2024-04-18 09:27:46,586 ] 94 marjyamada040493 - INFO - Parsed data: title: ＜04月30日(火) 09:30～10:30＞[平針]外国免許切替審査 Hirabari Exchanging Foreign Driver's License, status: None, start_date: 2024年04月16日 07時30分, end_date: 2024年04月25日 12時00分, template_seq: 95605
[ 2024-04-18 09:27:46,586 ] 94 marjyamada040493 - INFO - Parsed data: title: ＜04月30日(火) 09:30～10:30＞[平針]外国免許切替審査 Hirabari Exchanging Foreign Driver's License, status: None, start_date: 2024年04月16日 07時30分, end_date: 2024年04月25日 12時00分, template_seq: 95605
[ 2024-04-18 09:27:46,586 ] 94 marjyamada040493 - INFO - Parsed data: title: ＜04月30日(火) 09:30～10:30＞[平針]外国免許切替審査 Hirabari Exchanging Foreign Driver's License, status: None, start_date: 2024年04月16日 07時30分, end_date: 2024年04月25日 12時00分, template_seq: 95605
[ 2024-04-18 09:27:46,612 ] 94 marjyamada040493 - INFO - Parsed data: title: ＜04月30日(火) 10:30～11:45＞[平針]外国免許切替審査 Hirabari Exchanging Foreign Driver's License, status: None, start_date: 2024年04月16日 07時30分, end_date: 2024年04月25日 12時00分, template_seq: 95607
[ 2024-04-18 09:27:46,612 ] 94 marjyamada040493 - INFO - Parsed data: title: ＜04月30日(火) 10:30～11:45＞[平針]外国免許切替審査 Hirabari Exchanging Foreign Driver's License, status: None, start_date: 2024年04月16日 07時30分, end_date: 2024年04月25日 12時00分, template_seq: 95607
[ 2024-04-18 09:27:46,612 ] 94 marjyamada040493 - INFO - Parsed data: title: ＜04月30日(火) 10:30～11:45＞[平針]外国免許切替審査 Hirabari Exchanging Foreign Driver's License, status: None, start_date: 2024年04月16日 07時30分, end_date: 2024年04月25日 12時00分, template_seq: 95607
[ 2024-04-18 09:27:46,643 ] 94 marjyamada040493 - INFO - Parsed data: title: ＜04月30日(火) 12:45～13:30＞[平針]外国免許切替審査 Hirabari Exchanging Foreign Driver's License, status: None, start_date: 2024年04月16日 07時30分, end_date: 2024年04月25日 12時00分, template_seq: 95608
[ 2024-04-18 09:27:46,643 ] 94 marjyamada040493 - INFO - Parsed data: title: ＜04月30日(火) 12:45～13:30＞[平針]外国免許切替審査 Hirabari Exchanging Foreign Driver's License, status: None, start_date: 2024年04月16日 07時30分, end_date: 2024年04月25日 12時00分, template_seq: 95608
[ 2024-04-18 09:27:46,643 ] 94 marjyamada040493 - INFO - Parsed data: title: ＜04月30日(火) 12:45～13:30＞[平針]外国免許切替審査 Hirabari Exchanging Foreign Driver's License, status: None, start_date: 2024年04月16日 07時30分, end_date: 2024年04月25日 12時00分, template_seq: 95608
[ 2024-04-18 09:27:46,669 ] 94 marjyamada040493 - INFO - Parsed data: title: ＜04月30日(火) 13:30～14:45＞[平針]外国免許切替審査 Hirabari Exchanging Foreign Driver's License, status: None, start_date: 2024年04月16日 07時30分, end_date: 2024年04月25日 12時00分, template_seq: 95609
[ 2024-04-18 09:27:46,669 ] 94 marjyamada040493 - INFO - Parsed data: title: ＜04月30日(火) 13:30～14:45＞[平針]外国免許切替審査 Hirabari Exchanging Foreign Driver's License, status: None, start_date: 2024年04月16日 07時30分, end_date: 2024年04月25日 12時00分, template_seq: 95609
[ 2024-04-18 09:27:46,669 ] 94 marjyamada040493 - INFO - Parsed data: title: ＜04月30日(火) 13:30～14:45＞[平針]外国免許切替審査 Hirabari Exchanging Foreign Driver's License, status: None, start_date: 2024年04月16日 07時30分, end_date: 2024年04月25日 12時00分, template_seq: 95609
[ 2024-04-18 09:27:46,693 ] 94 marjyamada040493 - INFO - Parsed data: title: ＜04月26日(金) 08:45～09:30＞[平針]外国免許切替審査 Hirabari Exchanging Foreign Driver's License, status: None, start_date: 2024年04月12日 07時30分, end_date: 2024年04月24日 12時00分, template_seq: 95410
[ 2024-04-18 09:27:46,693 ] 94 marjyamada040493 - INFO - Parsed data: title: ＜04月26日(金) 08:45～09:30＞[平針]外国免許切替審査 Hirabari Exchanging Foreign Driver's License, status: None, start_date: 2024年04月12日 07時30分, end_date: 2024年04月24日 12時00分, template_seq: 95410
[ 2024-04-18 09:27:46,693 ] 94 marjyamada040493 - INFO - Parsed data: title: ＜04月26日(金) 08:45～09:30＞[平針]外国免許切替審査 Hirabari Exchanging Foreign Driver's License, status: None, start_date: 2024年04月12日 07時30分, end_date: 2024年04月24日 12時00分, template_seq: 95410
[ 2024-04-18 09:27:46,720 ] 94 marjyamada040493 - INFO - Parsed data: title: ＜04月26日(金) 09:30～10:30＞[平針]外国免許切替審査 Hirabari Exchanging Foreign Driver's License, status: None, start_date: 2024年04月12日 07時30分, end_date: 2024年04月24日 12時00分, template_seq: 95411
[ 2024-04-18 09:27:46,720 ] 94 marjyamada040493 - INFO - Parsed data: title: ＜04月26日(金) 09:30～10:30＞[平針]外国免許切替審査 Hirabari Exchanging Foreign Driver's License, status: None, start_date: 2024年04月12日 07時30分, end_date: 2024年04月24日 12時00分, template_seq: 95411
[ 2024-04-18 09:27:46,720 ] 94 marjyamada040493 - INFO - Parsed data: title: ＜04月26日(金) 09:30～10:30＞[平針]外国免許切替審査 Hirabari Exchanging Foreign Driver's License, status: None, start_date: 2024年04月12日 07時30分, end_date: 2024年04月24日 12時00分, template_seq: 95411
[ 2024-04-18 09:27:46,720 ] 94 marjyamada040493 - INFO - Number of filtered forms left is: 8 form(s)
[ 2024-04-18 09:27:46,720 ] 94 marjyamada040493 - INFO - Number of filtered forms left is: 8 form(s)
[ 2024-04-18 09:27:46,720 ] 94 marjyamada040493 - INFO - Number of filtered forms left is: 8 form(s)
[ 2024-04-18 09:27:46,721 ] 94 marjyamada040493 - INFO - Accessing form, template sequence: 96336
[ 2024-04-18 09:27:46,721 ] 94 marjyamada040493 - INFO - Accessing form, template sequence: 96336
[ 2024-04-18 09:27:46,721 ] 94 marjyamada040493 - INFO - Accessing form, template sequence: 96336
[ 2024-04-18 09:27:46,721 ] 94 marjyamada040493 - INFO - Form URL: https://www.shinsei.e-aichi.jp/pref-aichi-police-u/offer/offerList_detailTop?tempSeq=96336
[ 2024-04-18 09:27:46,721 ] 94 marjyamada040493 - INFO - Form URL: https://www.shinsei.e-aichi.jp/pref-aichi-police-u/offer/offerList_detailTop?tempSeq=96336
[ 2024-04-18 09:27:46,721 ] 94 marjyamada040493 - INFO - Form URL: https://www.shinsei.e-aichi.jp/pref-aichi-police-u/offer/offerList_detailTop?tempSeq=96336
[ 2024-04-18 09:27:53,562 ] 94 marjyamada040493 - INFO - Accessed form successfully
[ 2024-04-18 09:27:53,562 ] 94 marjyamada040493 - INFO - Accessed form successfully
[ 2024-04-18 09:27:53,562 ] 94 marjyamada040493 - INFO - Accessed form successfully
[ 2024-04-18 09:27:53,613 ] 94 marjyamada040493 - INFO - Form message: 大変申し訳ございません。申込数が上限に達した為、締め切らせていただきました。
[ 2024-04-18 09:27:53,613 ] 94 marjyamada040493 - INFO - Form message: 大変申し訳ございません。申込数が上限に達した為、締め切らせていただきました。
[ 2024-04-18 09:27:53,613 ] 94 marjyamada040493 - INFO - Form message: 大変申し訳ございません。申込数が上限に達した為、締め切らせていただきました。
[ 2024-04-18 09:27:53,613 ] 94 marjyamada040493 - INFO - Form is closed, template sequence: 96336
[ 2024-04-18 09:27:53,613 ] 94 marjyamada040493 - INFO - Form is closed, template sequence: 96336
[ 2024-04-18 09:27:53,613 ] 94 marjyamada040493 - INFO - Form is closed, template sequence: 96336
[ 2024-04-18 09:27:53,614 ] 94 marjyamada040493 - INFO - Accessing form, template sequence: 96128
[ 2024-04-18 09:27:53,614 ] 94 marjyamada040493 - INFO - Accessing form, template sequence: 96128
[ 2024-04-18 09:27:53,614 ] 94 marjyamada040493 - INFO - Accessing form, template sequence: 96128
[ 2024-04-18 09:27:53,614 ] 94 marjyamada040493 - INFO - Form URL: https://www.shinsei.e-aichi.jp/pref-aichi-police-u/offer/offerList_detailTop?tempSeq=96128
[ 2024-04-18 09:27:53,614 ] 94 marjyamada040493 - INFO - Form URL: https://www.shinsei.e-aichi.jp/pref-aichi-police-u/offer/offerList_detailTop?tempSeq=96128
[ 2024-04-18 09:27:53,614 ] 94 marjyamada040493 - INFO - Form URL: https://www.shinsei.e-aichi.jp/pref-aichi-police-u/offer/offerList_detailTop?tempSeq=96128
[ 2024-04-18 09:27:59,388 ] 94 marjyamada040493 - INFO - Accessed form successfully
[ 2024-04-18 09:27:59,388 ] 94 marjyamada040493 - INFO - Accessed form successfully
[ 2024-04-18 09:27:59,388 ] 94 marjyamada040493 - INFO - Accessed form successfully
[ 2024-04-18 09:27:59,417 ] 94 marjyamada040493 - INFO - Form message: 大変申し訳ございません。申込数が上限に達した為、締め切らせていただきました。
[ 2024-04-18 09:27:59,417 ] 94 marjyamada040493 - INFO - Form message: 大変申し訳ございません。申込数が上限に達した為、締め切らせていただきました。
[ 2024-04-18 09:27:59,417 ] 94 marjyamada040493 - INFO - Form message: 大変申し訳ございません。申込数が上限に達した為、締め切らせていただきました。
[ 2024-04-18 09:27:59,418 ] 94 marjyamada040493 - INFO - Form is closed, template sequence: 96128
[ 2024-04-18 09:27:59,418 ] 94 marjyamada040493 - INFO - Form is closed, template sequence: 96128
[ 2024-04-18 09:27:59,418 ] 94 marjyamada040493 - INFO - Form is closed, template sequence: 96128
[ 2024-04-18 09:27:59,418 ] 94 marjyamada040493 - INFO - Accessing form, template sequence: 96127
[ 2024-04-18 09:27:59,418 ] 94 marjyamada040493 - INFO - Accessing form, template sequence: 96127
[ 2024-04-18 09:27:59,418 ] 94 marjyamada040493 - INFO - Accessing form, template sequence: 96127
[ 2024-04-18 09:27:59,419 ] 94 marjyamada040493 - INFO - Form URL: https://www.shinsei.e-aichi.jp/pref-aichi-police-u/offer/offerList_detailTop?tempSeq=96127
[ 2024-04-18 09:27:59,419 ] 94 marjyamada040493 - INFO - Form URL: https://www.shinsei.e-aichi.jp/pref-aichi-police-u/offer/offerList_detailTop?tempSeq=96127
[ 2024-04-18 09:27:59,419 ] 94 marjyamada040493 - INFO - Form URL: https://www.shinsei.e-aichi.jp/pref-aichi-police-u/offer/offerList_detailTop?tempSeq=96127
[ 2024-04-18 09:28:05,095 ] 94 marjyamada040493 - INFO - Accessed form successfully
[ 2024-04-18 09:28:05,095 ] 94 marjyamada040493 - INFO - Accessed form successfully
[ 2024-04-18 09:28:05,095 ] 94 marjyamada040493 - INFO - Accessed form successfully
[ 2024-04-18 09:28:05,120 ] 94 marjyamada040493 - INFO - Form message: 大変申し訳ございません。申込数が上限に達した為、締め切らせていただきました。
[ 2024-04-18 09:28:05,120 ] 94 marjyamada040493 - INFO - Form message: 大変申し訳ございません。申込数が上限に達した為、締め切らせていただきました。
[ 2024-04-18 09:28:05,120 ] 94 marjyamada040493 - INFO - Form message: 大変申し訳ございません。申込数が上限に達した為、締め切らせていただきました。
[ 2024-04-18 09:28:05,121 ] 94 marjyamada040493 - INFO - Form is closed, template sequence: 96127
[ 2024-04-18 09:28:05,121 ] 94 marjyamada040493 - INFO - Form is closed, template sequence: 96127
[ 2024-04-18 09:28:05,121 ] 94 marjyamada040493 - INFO - Form is closed, template sequence: 96127
[ 2024-04-18 09:28:05,122 ] 94 marjyamada040493 - INFO - Accessing form, template sequence: 96337
[ 2024-04-18 09:28:05,122 ] 94 marjyamada040493 - INFO - Accessing form, template sequence: 96337
[ 2024-04-18 09:28:05,122 ] 94 marjyamada040493 - INFO - Accessing form, template sequence: 96337
[ 2024-04-18 09:28:05,122 ] 94 marjyamada040493 - INFO - Form URL: https://www.shinsei.e-aichi.jp/pref-aichi-police-u/offer/offerList_detailTop?tempSeq=96337
[ 2024-04-18 09:28:05,122 ] 94 marjyamada040493 - INFO - Form URL: https://www.shinsei.e-aichi.jp/pref-aichi-police-u/offer/offerList_detailTop?tempSeq=96337
[ 2024-04-18 09:28:05,122 ] 94 marjyamada040493 - INFO - Form URL: https://www.shinsei.e-aichi.jp/pref-aichi-police-u/offer/offerList_detailTop?tempSeq=96337
[ 2024-04-18 09:28:10,702 ] 94 marjyamada040493 - INFO - Accessed form successfully
[ 2024-04-18 09:28:10,702 ] 94 marjyamada040493 - INFO - Accessed form successfully
[ 2024-04-18 09:28:10,702 ] 94 marjyamada040493 - INFO - Accessed form successfully
[ 2024-04-18 09:28:10,723 ] 94 marjyamada040493 - INFO - Form message: 大変申し訳ございません。申込数が上限に達した為、締め切らせていただきました。
[ 2024-04-18 09:28:10,723 ] 94 marjyamada040493 - INFO - Form message: 大変申し訳ございません。申込数が上限に達した為、締め切らせていただきました。
[ 2024-04-18 09:28:10,723 ] 94 marjyamada040493 - INFO - Form message: 大変申し訳ございません。申込数が上限に達した為、締め切らせていただきました。
[ 2024-04-18 09:28:10,723 ] 94 marjyamada040493 - INFO - Form is closed, template sequence: 96337
[ 2024-04-18 09:28:10,723 ] 94 marjyamada040493 - INFO - Form is closed, template sequence: 96337
[ 2024-04-18 09:28:10,723 ] 94 marjyamada040493 - INFO - Form is closed, template sequence: 96337
[ 2024-04-18 09:28:10,724 ] 94 marjyamada040493 - INFO - Accessing form, template sequence: 96126
[ 2024-04-18 09:28:10,724 ] 94 marjyamada040493 - INFO - Accessing form, template sequence: 96126
[ 2024-04-18 09:28:10,724 ] 94 marjyamada040493 - INFO - Accessing form, template sequence: 96126
[ 2024-04-18 09:28:10,724 ] 94 marjyamada040493 - INFO - Form URL: https://www.shinsei.e-aichi.jp/pref-aichi-police-u/offer/offerList_detailTop?tempSeq=96126
[ 2024-04-18 09:28:10,724 ] 94 marjyamada040493 - INFO - Form URL: https://www.shinsei.e-aichi.jp/pref-aichi-police-u/offer/offerList_detailTop?tempSeq=96126
[ 2024-04-18 09:28:10,724 ] 94 marjyamada040493 - INFO - Form URL: https://www.shinsei.e-aichi.jp/pref-aichi-police-u/offer/offerList_detailTop?tempSeq=96126
[ 2024-04-18 09:28:16,387 ] 94 marjyamada040493 - INFO - Accessed form successfully
[ 2024-04-18 09:28:16,387 ] 94 marjyamada040493 - INFO - Accessed form successfully
[ 2024-04-18 09:28:16,387 ] 94 marjyamada040493 - INFO - Accessed form successfully
[ 2024-04-18 09:28:16,403 ] 94 marjyamada040493 - INFO - Form message: 大変申し訳ございません。申込数が上限に達した為、締め切らせていただきました。
[ 2024-04-18 09:28:16,403 ] 94 marjyamada040493 - INFO - Form message: 大変申し訳ございません。申込数が上限に達した為、締め切らせていただきました。
[ 2024-04-18 09:28:16,403 ] 94 marjyamada040493 - INFO - Form message: 大変申し訳ございません。申込数が上限に達した為、締め切らせていただきました。
[ 2024-04-18 09:28:16,404 ] 94 marjyamada040493 - INFO - Form is closed, template sequence: 96126
[ 2024-04-18 09:28:16,404 ] 94 marjyamada040493 - INFO - Form is closed, template sequence: 96126
[ 2024-04-18 09:28:16,404 ] 94 marjyamada040493 - INFO - Form is closed, template sequence: 96126
[ 2024-04-18 09:28:16,404 ] 94 marjyamada040493 - INFO - Accessing form, template sequence: 96130
[ 2024-04-18 09:28:16,404 ] 94 marjyamada040493 - INFO - Accessing form, template sequence: 96130
[ 2024-04-18 09:28:16,404 ] 94 marjyamada040493 - INFO - Accessing form, template sequence: 96130
[ 2024-04-18 09:28:16,404 ] 94 marjyamada040493 - INFO - Form URL: https://www.shinsei.e-aichi.jp/pref-aichi-police-u/offer/offerList_detailTop?tempSeq=96130
[ 2024-04-18 09:28:16,404 ] 94 marjyamada040493 - INFO - Form URL: https://www.shinsei.e-aichi.jp/pref-aichi-police-u/offer/offerList_detailTop?tempSeq=96130
[ 2024-04-18 09:28:16,404 ] 94 marjyamada040493 - INFO - Form URL: https://www.shinsei.e-aichi.jp/pref-aichi-police-u/offer/offerList_detailTop?tempSeq=96130
[ 2024-04-18 09:28:22,050 ] 94 marjyamada040493 - INFO - Accessed form successfully
[ 2024-04-18 09:28:22,050 ] 94 marjyamada040493 - INFO - Accessed form successfully
[ 2024-04-18 09:28:22,050 ] 94 marjyamada040493 - INFO - Accessed form successfully
[ 2024-04-18 09:28:22,065 ] 94 marjyamada040493 - INFO - Form message: 大変申し訳ございません。申込数が上限に達した為、締め切らせていただきました。
[ 2024-04-18 09:28:22,065 ] 94 marjyamada040493 - INFO - Form message: 大変申し訳ございません。申込数が上限に達した為、締め切らせていただきました。
[ 2024-04-18 09:28:22,065 ] 94 marjyamada040493 - INFO - Form message: 大変申し訳ございません。申込数が上限に達した為、締め切らせていただきました。
[ 2024-04-18 09:28:22,066 ] 94 marjyamada040493 - INFO - Form is closed, template sequence: 96130
[ 2024-04-18 09:28:22,066 ] 94 marjyamada040493 - INFO - Form is closed, template sequence: 96130
[ 2024-04-18 09:28:22,066 ] 94 marjyamada040493 - INFO - Form is closed, template sequence: 96130
[ 2024-04-18 09:28:22,068 ] 94 marjyamada040493 - INFO - Accessing form, template sequence: 96338
[ 2024-04-18 09:28:22,068 ] 94 marjyamada040493 - INFO - Accessing form, template sequence: 96338
[ 2024-04-18 09:28:22,068 ] 94 marjyamada040493 - INFO - Accessing form, template sequence: 96338
[ 2024-04-18 09:28:22,068 ] 94 marjyamada040493 - INFO - Form URL: https://www.shinsei.e-aichi.jp/pref-aichi-police-u/offer/offerList_detailTop?tempSeq=96338
[ 2024-04-18 09:28:22,068 ] 94 marjyamada040493 - INFO - Form URL: https://www.shinsei.e-aichi.jp/pref-aichi-police-u/offer/offerList_detailTop?tempSeq=96338
[ 2024-04-18 09:28:22,068 ] 94 marjyamada040493 - INFO - Form URL: https://www.shinsei.e-aichi.jp/pref-aichi-police-u/offer/offerList_detailTop?tempSeq=96338
[ 2024-04-18 09:28:27,656 ] 94 marjyamada040493 - INFO - Accessed form successfully
[ 2024-04-18 09:28:27,656 ] 94 marjyamada040493 - INFO - Accessed form successfully
[ 2024-04-18 09:28:27,656 ] 94 marjyamada040493 - INFO - Accessed form successfully
[ 2024-04-18 09:28:27,674 ] 94 marjyamada040493 - INFO - Form message: 大変申し訳ございません。申込数が上限に達した為、締め切らせていただきました。
[ 2024-04-18 09:28:27,674 ] 94 marjyamada040493 - INFO - Form message: 大変申し訳ございません。申込数が上限に達した為、締め切らせていただきました。
[ 2024-04-18 09:28:27,674 ] 94 marjyamada040493 - INFO - Form message: 大変申し訳ございません。申込数が上限に達した為、締め切らせていただきました。
[ 2024-04-18 09:28:27,674 ] 94 marjyamada040493 - INFO - Form is closed, template sequence: 96338
[ 2024-04-18 09:28:27,674 ] 94 marjyamada040493 - INFO - Form is closed, template sequence: 96338
[ 2024-04-18 09:28:27,674 ] 94 marjyamada040493 - INFO - Form is closed, template sequence: 96338
[ 2024-04-18 09:28:27,674 ] 94 marjyamada040493 - INFO - Accessing form, template sequence: 96129
[ 2024-04-18 09:28:27,674 ] 94 marjyamada040493 - INFO - Accessing form, template sequence: 96129
[ 2024-04-18 09:28:27,674 ] 94 marjyamada040493 - INFO - Accessing form, template sequence: 96129
[ 2024-04-18 09:28:27,675 ] 94 marjyamada040493 - INFO - Form URL: https://www.shinsei.e-aichi.jp/pref-aichi-police-u/offer/offerList_detailTop?tempSeq=96129
[ 2024-04-18 09:28:27,675 ] 94 marjyamada040493 - INFO - Form URL: https://www.shinsei.e-aichi.jp/pref-aichi-police-u/offer/offerList_detailTop?tempSeq=96129
[ 2024-04-18 09:28:27,675 ] 94 marjyamada040493 - INFO - Form URL: https://www.shinsei.e-aichi.jp/pref-aichi-police-u/offer/offerList_detailTop?tempSeq=96129
[ 2024-04-18 09:28:33,389 ] 94 marjyamada040493 - INFO - Accessed form successfully
[ 2024-04-18 09:28:33,389 ] 94 marjyamada040493 - INFO - Accessed form successfully
[ 2024-04-18 09:28:33,389 ] 94 marjyamada040493 - INFO - Accessed form successfully
[ 2024-04-18 09:28:33,403 ] 94 marjyamada040493 - INFO - Form message: 大変申し訳ございません。申込数が上限に達した為、締め切らせていただきました。
[ 2024-04-18 09:28:33,403 ] 94 marjyamada040493 - INFO - Form message: 大変申し訳ございません。申込数が上限に達した為、締め切らせていただきました。
[ 2024-04-18 09:28:33,403 ] 94 marjyamada040493 - INFO - Form message: 大変申し訳ございません。申込数が上限に達した為、締め切らせていただきました。
[ 2024-04-18 09:28:33,404 ] 94 marjyamada040493 - INFO - Form is closed, template sequence: 96129
[ 2024-04-18 09:28:33,404 ] 94 marjyamada040493 - INFO - Form is closed, template sequence: 96129
[ 2024-04-18 09:28:33,404 ] 94 marjyamada040493 - INFO - Form is closed, template sequence: 96129
