[ 2024-04-18 09:27:38,657 ] 94 Nickpown0411 - INFO - Opened login page
[ 2024-04-18 09:27:38,657 ] 94 Nickpown0411 - INFO - Opened login page
[ 2024-04-18 09:27:38,657 ] 94 Nickpown0411 - INFO - Opened login page
[ 2024-04-18 09:27:43,878 ] 94 Nickpown0411 - INFO - Logging in
[ 2024-04-18 09:27:43,878 ] 94 Nickpown0411 - INFO - Logging in
[ 2024-04-18 09:27:43,878 ] 94 Nickpown0411 - INFO - Logging in
[ 2024-04-18 09:27:43,943 ] 94 Nickpown0411 - INFO - Current url: https://www.shinsei.e-aichi.jp/pref-aichi-police-u/offer/offerList_initDisplay
[ 2024-04-18 09:27:43,943 ] 94 Nickpown0411 - INFO - Current url: https://www.shinsei.e-aichi.jp/pref-aichi-police-u/offer/offerList_initDisplay
[ 2024-04-18 09:27:43,943 ] 94 Nickpown0411 - INFO - Current url: https://www.shinsei.e-aichi.jp/pref-aichi-police-u/offer/offerList_initDisplay
[ 2024-04-18 09:27:44,397 ] 94 Nickpown0411 - INFO - Logged in finished
[ 2024-04-18 09:27:44,397 ] 94 Nickpown0411 - INFO - Logged in finished
[ 2024-04-18 09:27:44,397 ] 94 Nickpown0411 - INFO - Logged in finished
[ 2024-04-18 09:27:44,775 ] 94 Nickpown0411 - INFO - On main page
[ 2024-04-18 09:27:44,775 ] 94 Nickpown0411 - INFO - On main page
[ 2024-04-18 09:27:44,775 ] 94 Nickpown0411 - INFO - On main page
[ 2024-04-18 09:27:46,880 ] 94 Nickpown0411 - INFO - Search submitted
[ 2024-04-18 09:27:46,880 ] 94 Nickpown0411 - INFO - Search submitted
[ 2024-04-18 09:27:46,880 ] 94 Nickpown0411 - INFO - Search submitted
[ 2024-04-18 09:27:46,910 ] 94 Nickpown0411 - INFO - Collected 20 forms
[ 2024-04-18 09:27:46,910 ] 94 Nickpown0411 - INFO - Collected 20 forms
[ 2024-04-18 09:27:46,910 ] 94 Nickpown0411 - INFO - Collected 20 forms
[ 2024-04-18 09:27:46,938 ] 94 Nickpown0411 - INFO - Parsed data: title: ＜05月02日(木) 08:45～09:30＞[平針]外国免許切替審査 Hirabari Exchanging Foreign Driver's License, status: None, start_date: 2024年04月18日 07時30分, end_date: 2024年04月30日 12時00分, template_seq: 96126
[ 2024-04-18 09:27:46,938 ] 94 Nickpown0411 - INFO - Parsed data: title: ＜05月02日(木) 08:45～09:30＞[平針]外国免許切替審査 Hirabari Exchanging Foreign Driver's License, status: None, start_date: 2024年04月18日 07時30分, end_date: 2024年04月30日 12時00分, template_seq: 96126
[ 2024-04-18 09:27:46,938 ] 94 Nickpown0411 - INFO - Parsed data: title: ＜05月02日(木) 08:45～09:30＞[平針]外国免許切替審査 Hirabari Exchanging Foreign Driver's License, status: None, start_date: 2024年04月18日 07時30分, end_date: 2024年04月30日 12時00分, template_seq: 96126
[ 2024-04-18 09:27:46,939 ] 94 Nickpown0411 - INFO - Parsed data: title: ＜05月02日(木) 08:45～09:30＞[平針]外国免許切替審査 Hirabari Exchanging Foreign Driver's License, status: None, start_date: 2024年04月18日 07時30分, end_date: 2024年04月30日 12時00分, template_seq: 96126
[ 2024-04-18 09:27:46,939 ] 94 Nickpown0411 - INFO - Parsed data: title: ＜05月02日(木) 08:45～09:30＞[平針]外国免許切替審査 Hirabari Exchanging Foreign Driver's License, status: None, start_date: 2024年04月18日 07時30分, end_date: 2024年04月30日 12時00分, template_seq: 96126
[ 2024-04-18 09:27:46,939 ] 94 Nickpown0411 - INFO - Parsed data: title: ＜05月02日(木) 08:45～09:30＞[平針]外国免許切替審査 Hirabari Exchanging Foreign Driver's License, status: None, start_date: 2024年04月18日 07時30分, end_date: 2024年04月30日 12時00分, template_seq: 96126
[ 2024-04-18 09:27:46,959 ] 94 Nickpown0411 - INFO - Parsed data: title: ＜05月02日(木) 09:30～10:30＞[平針]外国免許切替審査 Hirabari Exchanging Foreign Driver's License, status: None, start_date: 2024年04月18日 07時30分, end_date: 2024年04月30日 12時00分, template_seq: 96127
[ 2024-04-18 09:27:46,959 ] 94 Nickpown0411 - INFO - Parsed data: title: ＜05月02日(木) 09:30～10:30＞[平針]外国免許切替審査 Hirabari Exchanging Foreign Driver's License, status: None, start_date: 2024年04月18日 07時30分, end_date: 2024年04月30日 12時00分, template_seq: 96127
[ 2024-04-18 09:27:46,959 ] 94 Nickpown0411 - INFO - Parsed data: title: ＜05月02日(木) 09:30～10:30＞[平針]外国免許切替審査 Hirabari Exchanging Foreign Driver's License, status: None, start_date: 2024年04月18日 07時30分, end_date: 2024年04月30日 12時00分, template_seq: 96127
[ 2024-04-18 09:27:46,960 ] 94 Nickpown0411 - INFO - Parsed data: title: ＜05月02日(木) 09:30～10:30＞[平針]外国免許切替審査 Hirabari Exchanging Foreign Driver's License, status: None, start_date: 2024年04月18日 07時30分, end_date: 2024年04月30日 12時00分, template_seq: 96127
[ 2024-04-18 09:27:46,960 ] 94 Nickpown0411 - INFO - Parsed data: title: ＜05月02日(木) 09:30～10:30＞[平針]外国免許切替審査 Hirabari Exchanging Foreign Driver's License, status: None, start_date: 2024年04月18日 07時30分, end_date: 2024年04月30日 12時00分, template_seq: 96127
[ 2024-04-18 09:27:46,960 ] 94 Nickpown0411 - INFO - Parsed data: title: ＜05月02日(木) 09:30～10:30＞[平針]外国免許切替審査 Hirabari Exchanging Foreign Driver's License, status: None, start_date: 2024年04月18日 07時30分, end_date: 2024年04月30日 12時00分, template_seq: 96127
[ 2024-04-18 09:27:46,982 ] 94 Nickpown0411 - INFO - Parsed data: title: ＜05月02日(木) 10:30～11:45＞[平針]外国免許切替審査 Hirabari Exchanging Foreign Driver's License, status: None, start_date: 2024年04月18日 07時30分, end_date: 2024年04月30日 12時00分, template_seq: 96128
[ 2024-04-18 09:27:46,982 ] 94 Nickpown0411 - INFO - Parsed data: title: ＜05月02日(木) 10:30～11:45＞[平針]外国免許切替審査 Hirabari Exchanging Foreign Driver's License, status: None, start_date: 2024年04月18日 07時30分, end_date: 2024年04月30日 12時00分, template_seq: 96128
[ 2024-04-18 09:27:46,982 ] 94 Nickpown0411 - INFO - Parsed data: title: ＜05月02日(木) 10:30～11:45＞[平針]外国免許切替審査 Hirabari Exchanging Foreign Driver's License, status: None, start_date: 2024年04月18日 07時30分, end_date: 2024年04月30日 12時00分, template_seq: 96128
[ 2024-04-18 09:27:46,982 ] 94 Nickpown0411 - INFO - Parsed data: title: ＜05月02日(木) 10:30～11:45＞[平針]外国免許切替審査 Hirabari Exchanging Foreign Driver's License, status: None, start_date: 2024年04月18日 07時30分, end_date: 2024年04月30日 12時00分, template_seq: 96128
[ 2024-04-18 09:27:46,982 ] 94 Nickpown0411 - INFO - Parsed data: title: ＜05月02日(木) 10:30～11:45＞[平針]外国免許切替審査 Hirabari Exchanging Foreign Driver's License, status: None, start_date: 2024年04月18日 07時30分, end_date: 2024年04月30日 12時00分, template_seq: 96128
[ 2024-04-18 09:27:46,982 ] 94 Nickpown0411 - INFO - Parsed data: title: ＜05月02日(木) 10:30～11:45＞[平針]外国免許切替審査 Hirabari Exchanging Foreign Driver's License, status: None, start_date: 2024年04月18日 07時30分, end_date: 2024年04月30日 12時00分, template_seq: 96128
[ 2024-04-18 09:27:47,002 ] 94 Nickpown0411 - INFO - Parsed data: title: ＜05月02日(木) 12:45～13:30＞[平針]外国免許切替審査 Hirabari Exchanging Foreign Driver's License, status: None, start_date: 2024年04月18日 07時30分, end_date: 2024年04月30日 12時00分, template_seq: 96129
[ 2024-04-18 09:27:47,002 ] 94 Nickpown0411 - INFO - Parsed data: title: ＜05月02日(木) 12:45～13:30＞[平針]外国免許切替審査 Hirabari Exchanging Foreign Driver's License, status: None, start_date: 2024年04月18日 07時30分, end_date: 2024年04月30日 12時00分, template_seq: 96129
[ 2024-04-18 09:27:47,002 ] 94 Nickpown0411 - INFO - Parsed data: title: ＜05月02日(木) 12:45～13:30＞[平針]外国免許切替審査 Hirabari Exchanging Foreign Driver's License, status: None, start_date: 2024年04月18日 07時30分, end_date: 2024年04月30日 12時00分, template_seq: 96129
[ 2024-04-18 09:27:47,002 ] 94 Nickpown0411 - INFO - Parsed data: title: ＜05月02日(木) 12:45～13:30＞[平針]外国免許切替審査 Hirabari Exchanging Foreign Driver's License, status: None, start_date: 2024年04月18日 07時30分, end_date: 2024年04月30日 12時00分, template_seq: 96129
[ 2024-04-18 09:27:47,002 ] 94 Nickpown0411 - INFO - Parsed data: title: ＜05月02日(木) 12:45～13:30＞[平針]外国免許切替審査 Hirabari Exchanging Foreign Driver's License, status: None, start_date: 2024年04月18日 07時30分, end_date: 2024年04月30日 12時00分, template_seq: 96129
[ 2024-04-18 09:27:47,002 ] 94 Nickpown0411 - INFO - Parsed data: title: ＜05月02日(木) 12:45～13:30＞[平針]外国免許切替審査 Hirabari Exchanging Foreign Driver's License, status: None, start_date: 2024年04月18日 07時30分, end_date: 2024年04月30日 12時00分, template_seq: 96129
[ 2024-04-18 09:27:47,023 ] 94 Nickpown0411 - INFO - Parsed data: title: ＜05月02日(木) 13:30～14:45＞[平針]外国免許切替審査 Hirabari Exchanging Foreign Driver's License, status: None, start_date: 2024年04月18日 07時30分, end_date: 2024年04月30日 12時00分, template_seq: 96130
[ 2024-04-18 09:27:47,023 ] 94 Nickpown0411 - INFO - Parsed data: title: ＜05月02日(木) 13:30～14:45＞[平針]外国免許切替審査 Hirabari Exchanging Foreign Driver's License, status: None, start_date: 2024年04月18日 07時30分, end_date: 2024年04月30日 12時00分, template_seq: 96130
[ 2024-04-18 09:27:47,023 ] 94 Nickpown0411 - INFO - Parsed data: title: ＜05月02日(木) 13:30～14:45＞[平針]外国免許切替審査 Hirabari Exchanging Foreign Driver's License, status: None, start_date: 2024年04月18日 07時30分, end_date: 2024年04月30日 12時00分, template_seq: 96130
[ 2024-04-18 09:27:47,025 ] 94 Nickpown0411 - INFO - Parsed data: title: ＜05月02日(木) 13:30～14:45＞[平針]外国免許切替審査 Hirabari Exchanging Foreign Driver's License, status: None, start_date: 2024年04月18日 07時30分, end_date: 2024年04月30日 12時00分, template_seq: 96130
[ 2024-04-18 09:27:47,025 ] 94 Nickpown0411 - INFO - Parsed data: title: ＜05月02日(木) 13:30～14:45＞[平針]外国免許切替審査 Hirabari Exchanging Foreign Driver's License, status: None, start_date: 2024年04月18日 07時30分, end_date: 2024年04月30日 12時00分, template_seq: 96130
[ 2024-04-18 09:27:47,025 ] 94 Nickpown0411 - INFO - Parsed data: title: ＜05月02日(木) 13:30～14:45＞[平針]外国免許切替審査 Hirabari Exchanging Foreign Driver's License, status: None, start_date: 2024年04月18日 07時30分, end_date: 2024年04月30日 12時00分, template_seq: 96130
[ 2024-04-18 09:27:47,045 ] 94 Nickpown0411 - INFO - Parsed data: title: 2024.04.18(木)10:00～当日限り[平針]外国免許切替審査 Hirabari Exchanging Foreign Driver's License, status: None, start_date: 2024年04月18日 07時30分, end_date: 2024年04月18日 12時00分, template_seq: 96336
[ 2024-04-18 09:27:47,045 ] 94 Nickpown0411 - INFO - Parsed data: title: 2024.04.18(木)10:00～当日限り[平針]外国免許切替審査 Hirabari Exchanging Foreign Driver's License, status: None, start_date: 2024年04月18日 07時30分, end_date: 2024年04月18日 12時00分, template_seq: 96336
[ 2024-04-18 09:27:47,045 ] 94 Nickpown0411 - INFO - Parsed data: title: 2024.04.18(木)10:00～当日限り[平針]外国免許切替審査 Hirabari Exchanging Foreign Driver's License, status: None, start_date: 2024年04月18日 07時30分, end_date: 2024年04月18日 12時00分, template_seq: 96336
[ 2024-04-18 09:27:47,045 ] 94 Nickpown0411 - INFO - Parsed data: title: 2024.04.18(木)10:00～当日限り[平針]外国免許切替審査 Hirabari Exchanging Foreign Driver's License, status: None, start_date: 2024年04月18日 07時30分, end_date: 2024年04月18日 12時00分, template_seq: 96336
[ 2024-04-18 09:27:47,045 ] 94 Nickpown0411 - INFO - Parsed data: title: 2024.04.18(木)10:00～当日限り[平針]外国免許切替審査 Hirabari Exchanging Foreign Driver's License, status: None, start_date: 2024年04月18日 07時30分, end_date: 2024年04月18日 12時00分, template_seq: 96336
[ 2024-04-18 09:27:47,045 ] 94 Nickpown0411 - INFO - Parsed data: title: 2024.04.18(木)10:00～当日限り[平針]外国免許切替審査 Hirabari Exchanging Foreign Driver's License, status: None, start_date: 2024年04月18日 07時30分, end_date: 2024年04月18日 12時00分, template_seq: 96336
[ 2024-04-18 09:27:47,065 ] 94 Nickpown0411 - INFO - Parsed data: title: 2024.04.18(木)11:00～当日限り[平針]外国免許切替審査 Hirabari Exchanging Foreign Driver's License, status: None, start_date: 2024年04月18日 07時30分, end_date: 2024年04月18日 12時00分, template_seq: 96337
[ 2024-04-18 09:27:47,065 ] 94 Nickpown0411 - INFO - Parsed data: title: 2024.04.18(木)11:00～当日限り[平針]外国免許切替審査 Hirabari Exchanging Foreign Driver's License, status: None, start_date: 2024年04月18日 07時30分, end_date: 2024年04月18日 12時00分, template_seq: 96337
[ 2024-04-18 09:27:47,065 ] 94 Nickpown0411 - INFO - Parsed data: title: 2024.04.18(木)11:00～当日限り[平針]外国免許切替審査 Hirabari Exchanging Foreign Driver's License, status: None, start_date: 2024年04月18日 07時30分, end_date: 2024年04月18日 12時00分, template_seq: 96337
[ 2024-04-18 09:27:47,065 ] 94 Nickpown0411 - INFO - Parsed data: title: 2024.04.18(木)11:00～当日限り[平針]外国免許切替審査 Hirabari Exchanging Foreign Driver's License, status: None, start_date: 2024年04月18日 07時30分, end_date: 2024年04月18日 12時00分, template_seq: 96337
[ 2024-04-18 09:27:47,065 ] 94 Nickpown0411 - INFO - Parsed data: title: 2024.04.18(木)11:00～当日限り[平針]外国免許切替審査 Hirabari Exchanging Foreign Driver's License, status: None, start_date: 2024年04月18日 07時30分, end_date: 2024年04月18日 12時00分, template_seq: 96337
[ 2024-04-18 09:27:47,065 ] 94 Nickpown0411 - INFO - Parsed data: title: 2024.04.18(木)11:00～当日限り[平針]外国免許切替審査 Hirabari Exchanging Foreign Driver's License, status: None, start_date: 2024年04月18日 07時30分, end_date: 2024年04月18日 12時00分, template_seq: 96337
[ 2024-04-18 09:27:47,088 ] 94 Nickpown0411 - INFO - Parsed data: title: 2024.04.18(木)12:45～当日限り[平針]外国免許切替審査 Hirabari Exchanging Foreign Driver's License, status: None, start_date: 2024年04月18日 07時30分, end_date: 2024年04月18日 12時00分, template_seq: 96338
[ 2024-04-18 09:27:47,088 ] 94 Nickpown0411 - INFO - Parsed data: title: 2024.04.18(木)12:45～当日限り[平針]外国免許切替審査 Hirabari Exchanging Foreign Driver's License, status: None, start_date: 2024年04月18日 07時30分, end_date: 2024年04月18日 12時00分, template_seq: 96338
[ 2024-04-18 09:27:47,088 ] 94 Nickpown0411 - INFO - Parsed data: title: 2024.04.18(木)12:45～当日限り[平針]外国免許切替審査 Hirabari Exchanging Foreign Driver's License, status: None, start_date: 2024年04月18日 07時30分, end_date: 2024年04月18日 12時00分, template_seq: 96338
[ 2024-04-18 09:27:47,090 ] 94 Nickpown0411 - INFO - Parsed data: title: 2024.04.18(木)12:45～当日限り[平針]外国免許切替審査 Hirabari Exchanging Foreign Driver's License, status: None, start_date: 2024年04月18日 07時30分, end_date: 2024年04月18日 12時00分, template_seq: 96338
[ 2024-04-18 09:27:47,090 ] 94 Nickpown0411 - INFO - Parsed data: title: 2024.04.18(木)12:45～当日限り[平針]外国免許切替審査 Hirabari Exchanging Foreign Driver's License, status: None, start_date: 2024年04月18日 07時30分, end_date: 2024年04月18日 12時00分, template_seq: 96338
[ 2024-04-18 09:27:47,090 ] 94 Nickpown0411 - INFO - Parsed data: title: 2024.04.18(木)12:45～当日限り[平針]外国免許切替審査 Hirabari Exchanging Foreign Driver's License, status: None, start_date: 2024年04月18日 07時30分, end_date: 2024年04月18日 12時00分, template_seq: 96338
[ 2024-04-18 09:27:47,110 ] 94 Nickpown0411 - INFO - Parsed data: title: ＜05月01日(水) 08:45～09:30＞[平針]外国免許切替審査 Hirabari Exchanging Foreign Driver's License, status: None, start_date: 2024年04月17日 07時30分, end_date: 2024年04月26日 12時00分, template_seq: 96088
[ 2024-04-18 09:27:47,110 ] 94 Nickpown0411 - INFO - Parsed data: title: ＜05月01日(水) 08:45～09:30＞[平針]外国免許切替審査 Hirabari Exchanging Foreign Driver's License, status: None, start_date: 2024年04月17日 07時30分, end_date: 2024年04月26日 12時00分, template_seq: 96088
[ 2024-04-18 09:27:47,110 ] 94 Nickpown0411 - INFO - Parsed data: title: ＜05月01日(水) 08:45～09:30＞[平針]外国免許切替審査 Hirabari Exchanging Foreign Driver's License, status: None, start_date: 2024年04月17日 07時30分, end_date: 2024年04月26日 12時00分, template_seq: 96088
[ 2024-04-18 09:27:47,137 ] 94 Nickpown0411 - INFO - Parsed data: title: ＜05月01日(水) 09:30～10:30＞[平針]外国免許切替審査 Hirabari Exchanging Foreign Driver's License, status: None, start_date: 2024年04月17日 07時30分, end_date: 2024年04月26日 12時00分, template_seq: 96089
[ 2024-04-18 09:27:47,137 ] 94 Nickpown0411 - INFO - Parsed data: title: ＜05月01日(水) 09:30～10:30＞[平針]外国免許切替審査 Hirabari Exchanging Foreign Driver's License, status: None, start_date: 2024年04月17日 07時30分, end_date: 2024年04月26日 12時00分, template_seq: 96089
[ 2024-04-18 09:27:47,137 ] 94 Nickpown0411 - INFO - Parsed data: title: ＜05月01日(水) 09:30～10:30＞[平針]外国免許切替審査 Hirabari Exchanging Foreign Driver's License, status: None, start_date: 2024年04月17日 07時30分, end_date: 2024年04月26日 12時00分, template_seq: 96089
[ 2024-04-18 09:27:47,157 ] 94 Nickpown0411 - INFO - Parsed data: title: ＜05月01日(水) 10:30～11:45＞[平針]外国免許切替審査 Hirabari Exchanging Foreign Driver's License, status: None, start_date: 2024年04月17日 07時30分, end_date: 2024年04月26日 12時00分, template_seq: 96090
[ 2024-04-18 09:27:47,157 ] 94 Nickpown0411 - INFO - Parsed data: title: ＜05月01日(水) 10:30～11:45＞[平針]外国免許切替審査 Hirabari Exchanging Foreign Driver's License, status: None, start_date: 2024年04月17日 07時30分, end_date: 2024年04月26日 12時00分, template_seq: 96090
[ 2024-04-18 09:27:47,157 ] 94 Nickpown0411 - INFO - Parsed data: title: ＜05月01日(水) 10:30～11:45＞[平針]外国免許切替審査 Hirabari Exchanging Foreign Driver's License, status: None, start_date: 2024年04月17日 07時30分, end_date: 2024年04月26日 12時00分, template_seq: 96090
[ 2024-04-18 09:27:47,185 ] 94 Nickpown0411 - INFO - Parsed data: title: ＜05月01日(水) 12:45～13:30＞[平針]外国免許切替審査 Hirabari Exchanging Foreign Driver's License, status: None, start_date: 2024年04月17日 07時30分, end_date: 2024年04月26日 12時00分, template_seq: 96091
[ 2024-04-18 09:27:47,185 ] 94 Nickpown0411 - INFO - Parsed data: title: ＜05月01日(水) 12:45～13:30＞[平針]外国免許切替審査 Hirabari Exchanging Foreign Driver's License, status: None, start_date: 2024年04月17日 07時30分, end_date: 2024年04月26日 12時00分, template_seq: 96091
[ 2024-04-18 09:27:47,185 ] 94 Nickpown0411 - INFO - Parsed data: title: ＜05月01日(水) 12:45～13:30＞[平針]外国免許切替審査 Hirabari Exchanging Foreign Driver's License, status: None, start_date: 2024年04月17日 07時30分, end_date: 2024年04月26日 12時00分, template_seq: 96091
[ 2024-04-18 09:27:47,207 ] 94 Nickpown0411 - INFO - Parsed data: title: ＜05月01日(水) 13:30～14:45＞[平針]外国免許切替審査 Hirabari Exchanging Foreign Driver's License, status: None, start_date: 2024年04月17日 07時30分, end_date: 2024年04月26日 12時00分, template_seq: 96093
[ 2024-04-18 09:27:47,207 ] 94 Nickpown0411 - INFO - Parsed data: title: ＜05月01日(水) 13:30～14:45＞[平針]外国免許切替審査 Hirabari Exchanging Foreign Driver's License, status: None, start_date: 2024年04月17日 07時30分, end_date: 2024年04月26日 12時00分, template_seq: 96093
[ 2024-04-18 09:27:47,207 ] 94 Nickpown0411 - INFO - Parsed data: title: ＜05月01日(水) 13:30～14:45＞[平針]外国免許切替審査 Hirabari Exchanging Foreign Driver's License, status: None, start_date: 2024年04月17日 07時30分, end_date: 2024年04月26日 12時00分, template_seq: 96093
[ 2024-04-18 09:27:47,226 ] 94 Nickpown0411 - INFO - Parsed data: title: ＜04月30日(火) 08:45～09:30＞[平針]外国免許切替審査 Hirabari Exchanging Foreign Driver's License, status: None, start_date: 2024年04月16日 07時30分, end_date: 2024年04月25日 12時00分, template_seq: 95604
[ 2024-04-18 09:27:47,226 ] 94 Nickpown0411 - INFO - Parsed data: title: ＜04月30日(火) 08:45～09:30＞[平針]外国免許切替審査 Hirabari Exchanging Foreign Driver's License, status: None, start_date: 2024年04月16日 07時30分, end_date: 2024年04月25日 12時00分, template_seq: 95604
[ 2024-04-18 09:27:47,226 ] 94 Nickpown0411 - INFO - Parsed data: title: ＜04月30日(火) 08:45～09:30＞[平針]外国免許切替審査 Hirabari Exchanging Foreign Driver's License, status: None, start_date: 2024年04月16日 07時30分, end_date: 2024年04月25日 12時00分, template_seq: 95604
[ 2024-04-18 09:27:47,247 ] 94 Nickpown0411 - INFO - Parsed data: title: ＜04月30日(火) 09:30～10:30＞[平針]外国免許切替審査 Hirabari Exchanging Foreign Driver's License, status: None, start_date: 2024年04月16日 07時30分, end_date: 2024年04月25日 12時00分, template_seq: 95605
[ 2024-04-18 09:27:47,247 ] 94 Nickpown0411 - INFO - Parsed data: title: ＜04月30日(火) 09:30～10:30＞[平針]外国免許切替審査 Hirabari Exchanging Foreign Driver's License, status: None, start_date: 2024年04月16日 07時30分, end_date: 2024年04月25日 12時00分, template_seq: 95605
[ 2024-04-18 09:27:47,247 ] 94 Nickpown0411 - INFO - Parsed data: title: ＜04月30日(火) 09:30～10:30＞[平針]外国免許切替審査 Hirabari Exchanging Foreign Driver's License, status: None, start_date: 2024年04月16日 07時30分, end_date: 2024年04月25日 12時00分, template_seq: 95605
[ 2024-04-18 09:27:47,269 ] 94 Nickpown0411 - INFO - Parsed data: title: ＜04月30日(火) 10:30～11:45＞[平針]外国免許切替審査 Hirabari Exchanging Foreign Driver's License, status: None, start_date: 2024年04月16日 07時30分, end_date: 2024年04月25日 12時00分, template_seq: 95607
[ 2024-04-18 09:27:47,269 ] 94 Nickpown0411 - INFO - Parsed data: title: ＜04月30日(火) 10:30～11:45＞[平針]外国免許切替審査 Hirabari Exchanging Foreign Driver's License, status: None, start_date: 2024年04月16日 07時30分, end_date: 2024年04月25日 12時00分, template_seq: 95607
[ 2024-04-18 09:27:47,269 ] 94 Nickpown0411 - INFO - Parsed data: title: ＜04月30日(火) 10:30～11:45＞[平針]外国免許切替審査 Hirabari Exchanging Foreign Driver's License, status: None, start_date: 2024年04月16日 07時30分, end_date: 2024年04月25日 12時00分, template_seq: 95607
[ 2024-04-18 09:27:47,295 ] 94 Nickpown0411 - INFO - Parsed data: title: ＜04月30日(火) 12:45～13:30＞[平針]外国免許切替審査 Hirabari Exchanging Foreign Driver's License, status: None, start_date: 2024年04月16日 07時30分, end_date: 2024年04月25日 12時00分, template_seq: 95608
[ 2024-04-18 09:27:47,295 ] 94 Nickpown0411 - INFO - Parsed data: title: ＜04月30日(火) 12:45～13:30＞[平針]外国免許切替審査 Hirabari Exchanging Foreign Driver's License, status: None, start_date: 2024年04月16日 07時30分, end_date: 2024年04月25日 12時00分, template_seq: 95608
[ 2024-04-18 09:27:47,295 ] 94 Nickpown0411 - INFO - Parsed data: title: ＜04月30日(火) 12:45～13:30＞[平針]外国免許切替審査 Hirabari Exchanging Foreign Driver's License, status: None, start_date: 2024年04月16日 07時30分, end_date: 2024年04月25日 12時00分, template_seq: 95608
[ 2024-04-18 09:27:47,450 ] 94 Nickpown0411 - INFO - Parsed data: title: ＜04月30日(火) 13:30～14:45＞[平針]外国免許切替審査 Hirabari Exchanging Foreign Driver's License, status: None, start_date: 2024年04月16日 07時30分, end_date: 2024年04月25日 12時00分, template_seq: 95609
[ 2024-04-18 09:27:47,450 ] 94 Nickpown0411 - INFO - Parsed data: title: ＜04月30日(火) 13:30～14:45＞[平針]外国免許切替審査 Hirabari Exchanging Foreign Driver's License, status: None, start_date: 2024年04月16日 07時30分, end_date: 2024年04月25日 12時00分, template_seq: 95609
[ 2024-04-18 09:27:47,450 ] 94 Nickpown0411 - INFO - Parsed data: title: ＜04月30日(火) 13:30～14:45＞[平針]外国免許切替審査 Hirabari Exchanging Foreign Driver's License, status: None, start_date: 2024年04月16日 07時30分, end_date: 2024年04月25日 12時00分, template_seq: 95609
[ 2024-04-18 09:27:47,539 ] 94 Nickpown0411 - INFO - Parsed data: title: ＜04月26日(金) 08:45～09:30＞[平針]外国免許切替審査 Hirabari Exchanging Foreign Driver's License, status: None, start_date: 2024年04月12日 07時30分, end_date: 2024年04月24日 12時00分, template_seq: 95410
[ 2024-04-18 09:27:47,539 ] 94 Nickpown0411 - INFO - Parsed data: title: ＜04月26日(金) 08:45～09:30＞[平針]外国免許切替審査 Hirabari Exchanging Foreign Driver's License, status: None, start_date: 2024年04月12日 07時30分, end_date: 2024年04月24日 12時00分, template_seq: 95410
[ 2024-04-18 09:27:47,539 ] 94 Nickpown0411 - INFO - Parsed data: title: ＜04月26日(金) 08:45～09:30＞[平針]外国免許切替審査 Hirabari Exchanging Foreign Driver's License, status: None, start_date: 2024年04月12日 07時30分, end_date: 2024年04月24日 12時00分, template_seq: 95410
[ 2024-04-18 09:27:47,566 ] 94 Nickpown0411 - INFO - Parsed data: title: ＜04月26日(金) 09:30～10:30＞[平針]外国免許切替審査 Hirabari Exchanging Foreign Driver's License, status: None, start_date: 2024年04月12日 07時30分, end_date: 2024年04月24日 12時00分, template_seq: 95411
[ 2024-04-18 09:27:47,566 ] 94 Nickpown0411 - INFO - Parsed data: title: ＜04月26日(金) 09:30～10:30＞[平針]外国免許切替審査 Hirabari Exchanging Foreign Driver's License, status: None, start_date: 2024年04月12日 07時30分, end_date: 2024年04月24日 12時00分, template_seq: 95411
[ 2024-04-18 09:27:47,566 ] 94 Nickpown0411 - INFO - Parsed data: title: ＜04月26日(金) 09:30～10:30＞[平針]外国免許切替審査 Hirabari Exchanging Foreign Driver's License, status: None, start_date: 2024年04月12日 07時30分, end_date: 2024年04月24日 12時00分, template_seq: 95411
[ 2024-04-18 09:27:47,567 ] 94 Nickpown0411 - INFO - Number of filtered forms left is: 8 form(s)
[ 2024-04-18 09:27:47,567 ] 94 Nickpown0411 - INFO - Number of filtered forms left is: 8 form(s)
[ 2024-04-18 09:27:47,567 ] 94 Nickpown0411 - INFO - Number of filtered forms left is: 8 form(s)
[ 2024-04-18 09:27:47,567 ] 94 Nickpown0411 - INFO - Accessing form, template sequence: 96127
[ 2024-04-18 09:27:47,567 ] 94 Nickpown0411 - INFO - Accessing form, template sequence: 96127
[ 2024-04-18 09:27:47,567 ] 94 Nickpown0411 - INFO - Accessing form, template sequence: 96127
[ 2024-04-18 09:27:47,568 ] 94 Nickpown0411 - INFO - Form URL: https://www.shinsei.e-aichi.jp/pref-aichi-police-u/offer/offerList_detailTop?tempSeq=96127
[ 2024-04-18 09:27:47,568 ] 94 Nickpown0411 - INFO - Form URL: https://www.shinsei.e-aichi.jp/pref-aichi-police-u/offer/offerList_detailTop?tempSeq=96127
[ 2024-04-18 09:27:47,568 ] 94 Nickpown0411 - INFO - Form URL: https://www.shinsei.e-aichi.jp/pref-aichi-police-u/offer/offerList_detailTop?tempSeq=96127
[ 2024-04-18 09:27:53,360 ] 94 Nickpown0411 - INFO - Accessed form successfully
[ 2024-04-18 09:27:53,360 ] 94 Nickpown0411 - INFO - Accessed form successfully
[ 2024-04-18 09:27:53,360 ] 94 Nickpown0411 - INFO - Accessed form successfully
[ 2024-04-18 09:27:53,395 ] 94 Nickpown0411 - INFO - Form message: 大変申し訳ございません。申込数が上限に達した為、締め切らせていただきました。
[ 2024-04-18 09:27:53,395 ] 94 Nickpown0411 - INFO - Form message: 大変申し訳ございません。申込数が上限に達した為、締め切らせていただきました。
[ 2024-04-18 09:27:53,395 ] 94 Nickpown0411 - INFO - Form message: 大変申し訳ございません。申込数が上限に達した為、締め切らせていただきました。
[ 2024-04-18 09:27:53,396 ] 94 Nickpown0411 - INFO - Form is closed, template sequence: 96127
[ 2024-04-18 09:27:53,396 ] 94 Nickpown0411 - INFO - Form is closed, template sequence: 96127
[ 2024-04-18 09:27:53,396 ] 94 Nickpown0411 - INFO - Form is closed, template sequence: 96127
[ 2024-04-18 09:27:53,396 ] 94 Nickpown0411 - INFO - Accessing form, template sequence: 96126
[ 2024-04-18 09:27:53,396 ] 94 Nickpown0411 - INFO - Accessing form, template sequence: 96126
[ 2024-04-18 09:27:53,396 ] 94 Nickpown0411 - INFO - Accessing form, template sequence: 96126
[ 2024-04-18 09:27:53,397 ] 94 Nickpown0411 - INFO - Form URL: https://www.shinsei.e-aichi.jp/pref-aichi-police-u/offer/offerList_detailTop?tempSeq=96126
[ 2024-04-18 09:27:53,397 ] 94 Nickpown0411 - INFO - Form URL: https://www.shinsei.e-aichi.jp/pref-aichi-police-u/offer/offerList_detailTop?tempSeq=96126
[ 2024-04-18 09:27:53,397 ] 94 Nickpown0411 - INFO - Form URL: https://www.shinsei.e-aichi.jp/pref-aichi-police-u/offer/offerList_detailTop?tempSeq=96126
[ 2024-04-18 09:27:59,076 ] 94 Nickpown0411 - INFO - Accessed form successfully
[ 2024-04-18 09:27:59,076 ] 94 Nickpown0411 - INFO - Accessed form successfully
[ 2024-04-18 09:27:59,076 ] 94 Nickpown0411 - INFO - Accessed form successfully
[ 2024-04-18 09:27:59,091 ] 94 Nickpown0411 - INFO - Form message: 大変申し訳ございません。申込数が上限に達した為、締め切らせていただきました。
[ 2024-04-18 09:27:59,091 ] 94 Nickpown0411 - INFO - Form message: 大変申し訳ございません。申込数が上限に達した為、締め切らせていただきました。
[ 2024-04-18 09:27:59,091 ] 94 Nickpown0411 - INFO - Form message: 大変申し訳ございません。申込数が上限に達した為、締め切らせていただきました。
[ 2024-04-18 09:27:59,092 ] 94 Nickpown0411 - INFO - Form is closed, template sequence: 96126
[ 2024-04-18 09:27:59,092 ] 94 Nickpown0411 - INFO - Form is closed, template sequence: 96126
[ 2024-04-18 09:27:59,092 ] 94 Nickpown0411 - INFO - Form is closed, template sequence: 96126
[ 2024-04-18 09:27:59,092 ] 94 Nickpown0411 - INFO - Accessing form, template sequence: 96128
[ 2024-04-18 09:27:59,092 ] 94 Nickpown0411 - INFO - Accessing form, template sequence: 96128
[ 2024-04-18 09:27:59,092 ] 94 Nickpown0411 - INFO - Accessing form, template sequence: 96128
[ 2024-04-18 09:27:59,092 ] 94 Nickpown0411 - INFO - Form URL: https://www.shinsei.e-aichi.jp/pref-aichi-police-u/offer/offerList_detailTop?tempSeq=96128
[ 2024-04-18 09:27:59,092 ] 94 Nickpown0411 - INFO - Form URL: https://www.shinsei.e-aichi.jp/pref-aichi-police-u/offer/offerList_detailTop?tempSeq=96128
[ 2024-04-18 09:27:59,092 ] 94 Nickpown0411 - INFO - Form URL: https://www.shinsei.e-aichi.jp/pref-aichi-police-u/offer/offerList_detailTop?tempSeq=96128
[ 2024-04-18 09:28:04,768 ] 94 Nickpown0411 - INFO - Accessed form successfully
[ 2024-04-18 09:28:04,768 ] 94 Nickpown0411 - INFO - Accessed form successfully
[ 2024-04-18 09:28:04,768 ] 94 Nickpown0411 - INFO - Accessed form successfully
[ 2024-04-18 09:28:04,785 ] 94 Nickpown0411 - INFO - Form message: 大変申し訳ございません。申込数が上限に達した為、締め切らせていただきました。
[ 2024-04-18 09:28:04,785 ] 94 Nickpown0411 - INFO - Form message: 大変申し訳ございません。申込数が上限に達した為、締め切らせていただきました。
[ 2024-04-18 09:28:04,785 ] 94 Nickpown0411 - INFO - Form message: 大変申し訳ございません。申込数が上限に達した為、締め切らせていただきました。
[ 2024-04-18 09:28:04,785 ] 94 Nickpown0411 - INFO - Form is closed, template sequence: 96128
[ 2024-04-18 09:28:04,785 ] 94 Nickpown0411 - INFO - Form is closed, template sequence: 96128
[ 2024-04-18 09:28:04,785 ] 94 Nickpown0411 - INFO - Form is closed, template sequence: 96128
[ 2024-04-18 09:28:04,785 ] 94 Nickpown0411 - INFO - Accessing form, template sequence: 96129
[ 2024-04-18 09:28:04,785 ] 94 Nickpown0411 - INFO - Accessing form, template sequence: 96129
[ 2024-04-18 09:28:04,785 ] 94 Nickpown0411 - INFO - Accessing form, template sequence: 96129
[ 2024-04-18 09:28:04,786 ] 94 Nickpown0411 - INFO - Form URL: https://www.shinsei.e-aichi.jp/pref-aichi-police-u/offer/offerList_detailTop?tempSeq=96129
[ 2024-04-18 09:28:04,786 ] 94 Nickpown0411 - INFO - Form URL: https://www.shinsei.e-aichi.jp/pref-aichi-police-u/offer/offerList_detailTop?tempSeq=96129
[ 2024-04-18 09:28:04,786 ] 94 Nickpown0411 - INFO - Form URL: https://www.shinsei.e-aichi.jp/pref-aichi-police-u/offer/offerList_detailTop?tempSeq=96129
[ 2024-04-18 09:28:10,389 ] 94 Nickpown0411 - INFO - Accessed form successfully
[ 2024-04-18 09:28:10,389 ] 94 Nickpown0411 - INFO - Accessed form successfully
[ 2024-04-18 09:28:10,389 ] 94 Nickpown0411 - INFO - Accessed form successfully
[ 2024-04-18 09:28:10,406 ] 94 Nickpown0411 - INFO - Form message: 大変申し訳ございません。申込数が上限に達した為、締め切らせていただきました。
[ 2024-04-18 09:28:10,406 ] 94 Nickpown0411 - INFO - Form message: 大変申し訳ございません。申込数が上限に達した為、締め切らせていただきました。
[ 2024-04-18 09:28:10,406 ] 94 Nickpown0411 - INFO - Form message: 大変申し訳ございません。申込数が上限に達した為、締め切らせていただきました。
[ 2024-04-18 09:28:10,406 ] 94 Nickpown0411 - INFO - Form is closed, template sequence: 96129
[ 2024-04-18 09:28:10,406 ] 94 Nickpown0411 - INFO - Form is closed, template sequence: 96129
[ 2024-04-18 09:28:10,406 ] 94 Nickpown0411 - INFO - Form is closed, template sequence: 96129
[ 2024-04-18 09:28:10,407 ] 94 Nickpown0411 - INFO - Accessing form, template sequence: 96337
[ 2024-04-18 09:28:10,407 ] 94 Nickpown0411 - INFO - Accessing form, template sequence: 96337
[ 2024-04-18 09:28:10,407 ] 94 Nickpown0411 - INFO - Accessing form, template sequence: 96337
[ 2024-04-18 09:28:10,407 ] 94 Nickpown0411 - INFO - Form URL: https://www.shinsei.e-aichi.jp/pref-aichi-police-u/offer/offerList_detailTop?tempSeq=96337
[ 2024-04-18 09:28:10,407 ] 94 Nickpown0411 - INFO - Form URL: https://www.shinsei.e-aichi.jp/pref-aichi-police-u/offer/offerList_detailTop?tempSeq=96337
[ 2024-04-18 09:28:10,407 ] 94 Nickpown0411 - INFO - Form URL: https://www.shinsei.e-aichi.jp/pref-aichi-police-u/offer/offerList_detailTop?tempSeq=96337
[ 2024-04-18 09:28:16,055 ] 94 Nickpown0411 - INFO - Accessed form successfully
[ 2024-04-18 09:28:16,055 ] 94 Nickpown0411 - INFO - Accessed form successfully
[ 2024-04-18 09:28:16,055 ] 94 Nickpown0411 - INFO - Accessed form successfully
[ 2024-04-18 09:28:16,072 ] 94 Nickpown0411 - INFO - Form message: 大変申し訳ございません。申込数が上限に達した為、締め切らせていただきました。
[ 2024-04-18 09:28:16,072 ] 94 Nickpown0411 - INFO - Form message: 大変申し訳ございません。申込数が上限に達した為、締め切らせていただきました。
[ 2024-04-18 09:28:16,072 ] 94 Nickpown0411 - INFO - Form message: 大変申し訳ございません。申込数が上限に達した為、締め切らせていただきました。
[ 2024-04-18 09:28:16,072 ] 94 Nickpown0411 - INFO - Form is closed, template sequence: 96337
[ 2024-04-18 09:28:16,072 ] 94 Nickpown0411 - INFO - Form is closed, template sequence: 96337
[ 2024-04-18 09:28:16,072 ] 94 Nickpown0411 - INFO - Form is closed, template sequence: 96337
[ 2024-04-18 09:28:16,073 ] 94 Nickpown0411 - INFO - Accessing form, template sequence: 96130
[ 2024-04-18 09:28:16,073 ] 94 Nickpown0411 - INFO - Accessing form, template sequence: 96130
[ 2024-04-18 09:28:16,073 ] 94 Nickpown0411 - INFO - Accessing form, template sequence: 96130
[ 2024-04-18 09:28:16,073 ] 94 Nickpown0411 - INFO - Form URL: https://www.shinsei.e-aichi.jp/pref-aichi-police-u/offer/offerList_detailTop?tempSeq=96130
[ 2024-04-18 09:28:16,073 ] 94 Nickpown0411 - INFO - Form URL: https://www.shinsei.e-aichi.jp/pref-aichi-police-u/offer/offerList_detailTop?tempSeq=96130
[ 2024-04-18 09:28:16,073 ] 94 Nickpown0411 - INFO - Form URL: https://www.shinsei.e-aichi.jp/pref-aichi-police-u/offer/offerList_detailTop?tempSeq=96130
[ 2024-04-18 09:28:21,785 ] 94 Nickpown0411 - INFO - Accessed form successfully
[ 2024-04-18 09:28:21,785 ] 94 Nickpown0411 - INFO - Accessed form successfully
[ 2024-04-18 09:28:21,785 ] 94 Nickpown0411 - INFO - Accessed form successfully
[ 2024-04-18 09:28:21,802 ] 94 Nickpown0411 - INFO - Form message: 大変申し訳ございません。申込数が上限に達した為、締め切らせていただきました。
[ 2024-04-18 09:28:21,802 ] 94 Nickpown0411 - INFO - Form message: 大変申し訳ございません。申込数が上限に達した為、締め切らせていただきました。
[ 2024-04-18 09:28:21,802 ] 94 Nickpown0411 - INFO - Form message: 大変申し訳ございません。申込数が上限に達した為、締め切らせていただきました。
[ 2024-04-18 09:28:21,802 ] 94 Nickpown0411 - INFO - Form is closed, template sequence: 96130
[ 2024-04-18 09:28:21,802 ] 94 Nickpown0411 - INFO - Form is closed, template sequence: 96130
[ 2024-04-18 09:28:21,802 ] 94 Nickpown0411 - INFO - Form is closed, template sequence: 96130
[ 2024-04-18 09:28:21,803 ] 94 Nickpown0411 - INFO - Accessing form, template sequence: 96336
[ 2024-04-18 09:28:21,803 ] 94 Nickpown0411 - INFO - Accessing form, template sequence: 96336
[ 2024-04-18 09:28:21,803 ] 94 Nickpown0411 - INFO - Accessing form, template sequence: 96336
[ 2024-04-18 09:28:21,803 ] 94 Nickpown0411 - INFO - Form URL: https://www.shinsei.e-aichi.jp/pref-aichi-police-u/offer/offerList_detailTop?tempSeq=96336
[ 2024-04-18 09:28:21,803 ] 94 Nickpown0411 - INFO - Form URL: https://www.shinsei.e-aichi.jp/pref-aichi-police-u/offer/offerList_detailTop?tempSeq=96336
[ 2024-04-18 09:28:21,803 ] 94 Nickpown0411 - INFO - Form URL: https://www.shinsei.e-aichi.jp/pref-aichi-police-u/offer/offerList_detailTop?tempSeq=96336
[ 2024-04-18 09:28:27,438 ] 94 Nickpown0411 - INFO - Accessed form successfully
[ 2024-04-18 09:28:27,438 ] 94 Nickpown0411 - INFO - Accessed form successfully
[ 2024-04-18 09:28:27,438 ] 94 Nickpown0411 - INFO - Accessed form successfully
[ 2024-04-18 09:28:27,455 ] 94 Nickpown0411 - INFO - Form message: 大変申し訳ございません。申込数が上限に達した為、締め切らせていただきました。
[ 2024-04-18 09:28:27,455 ] 94 Nickpown0411 - INFO - Form message: 大変申し訳ございません。申込数が上限に達した為、締め切らせていただきました。
[ 2024-04-18 09:28:27,455 ] 94 Nickpown0411 - INFO - Form message: 大変申し訳ございません。申込数が上限に達した為、締め切らせていただきました。
[ 2024-04-18 09:28:27,455 ] 94 Nickpown0411 - INFO - Form is closed, template sequence: 96336
[ 2024-04-18 09:28:27,455 ] 94 Nickpown0411 - INFO - Form is closed, template sequence: 96336
[ 2024-04-18 09:28:27,455 ] 94 Nickpown0411 - INFO - Form is closed, template sequence: 96336
[ 2024-04-18 09:28:27,455 ] 94 Nickpown0411 - INFO - Accessing form, template sequence: 96338
[ 2024-04-18 09:28:27,455 ] 94 Nickpown0411 - INFO - Accessing form, template sequence: 96338
[ 2024-04-18 09:28:27,455 ] 94 Nickpown0411 - INFO - Accessing form, template sequence: 96338
[ 2024-04-18 09:28:27,456 ] 94 Nickpown0411 - INFO - Form URL: https://www.shinsei.e-aichi.jp/pref-aichi-police-u/offer/offerList_detailTop?tempSeq=96338
[ 2024-04-18 09:28:27,456 ] 94 Nickpown0411 - INFO - Form URL: https://www.shinsei.e-aichi.jp/pref-aichi-police-u/offer/offerList_detailTop?tempSeq=96338
[ 2024-04-18 09:28:27,456 ] 94 Nickpown0411 - INFO - Form URL: https://www.shinsei.e-aichi.jp/pref-aichi-police-u/offer/offerList_detailTop?tempSeq=96338
[ 2024-04-18 09:28:33,076 ] 94 Nickpown0411 - INFO - Accessed form successfully
[ 2024-04-18 09:28:33,076 ] 94 Nickpown0411 - INFO - Accessed form successfully
[ 2024-04-18 09:28:33,076 ] 94 Nickpown0411 - INFO - Accessed form successfully
[ 2024-04-18 09:28:33,091 ] 94 Nickpown0411 - INFO - Form message: 大変申し訳ございません。申込数が上限に達した為、締め切らせていただきました。
[ 2024-04-18 09:28:33,091 ] 94 Nickpown0411 - INFO - Form message: 大変申し訳ございません。申込数が上限に達した為、締め切らせていただきました。
[ 2024-04-18 09:28:33,091 ] 94 Nickpown0411 - INFO - Form message: 大変申し訳ございません。申込数が上限に達した為、締め切らせていただきました。
[ 2024-04-18 09:28:33,092 ] 94 Nickpown0411 - INFO - Form is closed, template sequence: 96338
[ 2024-04-18 09:28:33,092 ] 94 Nickpown0411 - INFO - Form is closed, template sequence: 96338
[ 2024-04-18 09:28:33,092 ] 94 Nickpown0411 - INFO - Form is closed, template sequence: 96338
