[ 2024-04-18 09:27:26,462 ] 94 root - INFO - Starting all threads
[ 2024-04-18 09:27:26,462 ] 94 root - INFO - Starting all threads
[ 2024-04-18 09:27:26,463 ] 94 root - INFO - Meta: {'__module__': 'src.globals', '__doc__': '        Meta configs        ', 'keyword': 'Hirabari', 'test_mode': False, 'max_num_retry': 5, 'default_num_threads': 3, 'display_number': 50, 'main_phone_number_hash': '080-1583-0891', 'uc': True, 'headless': False, '__dict__': <attribute '__dict__' of 'Meta' objects>, '__weakref__': <attribute '__weakref__' of 'Meta' objects>}
[ 2024-04-18 09:27:26,463 ] 94 root - INFO - Meta: {'__module__': 'src.globals', '__doc__': '        Meta configs        ', 'keyword': 'Hirabari', 'test_mode': False, 'max_num_retry': 5, 'default_num_threads': 3, 'display_number': 50, 'main_phone_number_hash': '080-1583-0891', 'uc': True, 'headless': False, '__dict__': <attribute '__dict__' of 'Meta' objects>, '__weakref__': <attribute '__weakref__' of 'Meta' objects>}
[ 2024-04-18 09:27:26,463 ] 94 root - INFO - Number of dev accounts: 3
[ 2024-04-18 09:27:26,463 ] 94 root - INFO - Number of dev accounts: 3
[ 2024-04-18 09:27:26,465 ] 94 main_controller - INFO - Subprocess 0 started with trial number 0
[ 2024-04-18 09:27:26,465 ] 94 main_controller - ERROR - Account is a dictionary, convert to Account object: Username: Nickpown0411@gmail.com, Password: hoahong1234
[ 2024-04-18 09:27:28,464 ] 94 root - INFO - Thread 0 started
[ 2024-04-18 09:27:28,464 ] 94 root - INFO - Thread 0 started
[ 2024-04-18 09:27:28,466 ] 94 main_controller - INFO - Subprocess 1 started with trial number 0
[ 2024-04-18 09:27:28,466 ] 94 main_controller - ERROR - Account is a dictionary, convert to Account object: Username: marjyamada040493@gmail.com, Password: Marj0409
[ 2024-04-18 09:27:29,952 ] 94 main_controller - INFO - Browser opened
[ 2024-04-18 09:27:30,514 ] 94 root - INFO - Thread 1 started
[ 2024-04-18 09:27:30,514 ] 94 root - INFO - Thread 1 started
[ 2024-04-18 09:27:30,541 ] 94 main_controller - INFO - Subprocess 2 started with trial number 0
[ 2024-04-18 09:27:30,542 ] 94 main_controller - ERROR - Account is a dictionary, convert to Account object: Username: Jamebrown0206@gmail.com, Password: hoahong1234
[ 2024-04-18 09:27:31,063 ] 94 main_controller - INFO - Browser opened
[ 2024-04-18 09:27:32,560 ] 94 root - INFO - Thread 2 started
[ 2024-04-18 09:27:32,560 ] 94 root - INFO - Thread 2 started
[ 2024-04-18 09:27:38,008 ] 94 main_controller - INFO - Browser opened
[ 2024-04-18 09:27:38,403 ] 94 marjyamada040493 - INFO - Opened login page
[ 2024-04-18 09:27:38,657 ] 94 Nickpown0411 - INFO - Opened login page
[ 2024-04-18 09:27:43,206 ] 94 marjyamada040493 - INFO - Logging in
[ 2024-04-18 09:27:43,240 ] 94 marjyamada040493 - INFO - Current url: https://www.shinsei.e-aichi.jp/pref-aichi-police-u/offer/offerList_initDisplay
[ 2024-04-18 09:27:43,653 ] 94 marjyamada040493 - INFO - Logged in finished
[ 2024-04-18 09:27:43,654 ] 94 main_controller - INFO - Logged in successfully
[ 2024-04-18 09:27:43,878 ] 94 Nickpown0411 - INFO - Logging in
[ 2024-04-18 09:27:43,943 ] 94 Nickpown0411 - INFO - Current url: https://www.shinsei.e-aichi.jp/pref-aichi-police-u/offer/offerList_initDisplay
[ 2024-04-18 09:27:44,109 ] 94 main_controller - INFO - Screenshot saved to C:\Users\USER\Projects\AichiTool\AichiSelenium\logs\2024_04_18\09_27_25\screenshot_marjyamada040493.png
[ 2024-04-18 09:27:44,110 ] 94 main_controller - INFO - Finding forms
[ 2024-04-18 09:27:44,125 ] 94 marjyamada040493 - INFO - On main page
[ 2024-04-18 09:27:44,397 ] 94 Nickpown0411 - INFO - Logged in finished
[ 2024-04-18 09:27:44,400 ] 94 main_controller - INFO - Logged in successfully
[ 2024-04-18 09:27:44,750 ] 94 main_controller - INFO - Screenshot saved to C:\Users\USER\Projects\AichiTool\AichiSelenium\logs\2024_04_18\09_27_25\screenshot_Nickpown0411.png
[ 2024-04-18 09:27:44,751 ] 94 main_controller - INFO - Finding forms
[ 2024-04-18 09:27:44,775 ] 94 Nickpown0411 - INFO - On main page
[ 2024-04-18 09:27:44,979 ] 94 Jamebrown0206 - INFO - Opened login page
[ 2024-04-18 09:27:46,033 ] 94 marjyamada040493 - INFO - Search submitted
[ 2024-04-18 09:27:46,060 ] 94 marjyamada040493 - INFO - Collected 20 forms
[ 2024-04-18 09:27:46,111 ] 94 marjyamada040493 - INFO - Parsed data: title: ＜05月02日(木) 08:45～09:30＞[平針]外国免許切替審査 Hirabari Exchanging Foreign Driver's License, status: None, start_date: 2024年04月18日 07時30分, end_date: 2024年04月30日 12時00分, template_seq: 96126
[ 2024-04-18 09:27:46,113 ] 94 marjyamada040493 - INFO - Parsed data: title: ＜05月02日(木) 08:45～09:30＞[平針]外国免許切替審査 Hirabari Exchanging Foreign Driver's License, status: None, start_date: 2024年04月18日 07時30分, end_date: 2024年04月30日 12時00分, template_seq: 96126
[ 2024-04-18 09:27:46,135 ] 94 marjyamada040493 - INFO - Parsed data: title: ＜05月02日(木) 09:30～10:30＞[平針]外国免許切替審査 Hirabari Exchanging Foreign Driver's License, status: None, start_date: 2024年04月18日 07時30分, end_date: 2024年04月30日 12時00分, template_seq: 96127
[ 2024-04-18 09:27:46,135 ] 94 marjyamada040493 - INFO - Parsed data: title: ＜05月02日(木) 09:30～10:30＞[平針]外国免許切替審査 Hirabari Exchanging Foreign Driver's License, status: None, start_date: 2024年04月18日 07時30分, end_date: 2024年04月30日 12時00分, template_seq: 96127
[ 2024-04-18 09:27:46,157 ] 94 marjyamada040493 - INFO - Parsed data: title: ＜05月02日(木) 10:30～11:45＞[平針]外国免許切替審査 Hirabari Exchanging Foreign Driver's License, status: None, start_date: 2024年04月18日 07時30分, end_date: 2024年04月30日 12時00分, template_seq: 96128
[ 2024-04-18 09:27:46,158 ] 94 marjyamada040493 - INFO - Parsed data: title: ＜05月02日(木) 10:30～11:45＞[平針]外国免許切替審査 Hirabari Exchanging Foreign Driver's License, status: None, start_date: 2024年04月18日 07時30分, end_date: 2024年04月30日 12時00分, template_seq: 96128
[ 2024-04-18 09:27:46,179 ] 94 marjyamada040493 - INFO - Parsed data: title: ＜05月02日(木) 12:45～13:30＞[平針]外国免許切替審査 Hirabari Exchanging Foreign Driver's License, status: None, start_date: 2024年04月18日 07時30分, end_date: 2024年04月30日 12時00分, template_seq: 96129
[ 2024-04-18 09:27:46,180 ] 94 marjyamada040493 - INFO - Parsed data: title: ＜05月02日(木) 12:45～13:30＞[平針]外国免許切替審査 Hirabari Exchanging Foreign Driver's License, status: None, start_date: 2024年04月18日 07時30分, end_date: 2024年04月30日 12時00分, template_seq: 96129
[ 2024-04-18 09:27:46,216 ] 94 marjyamada040493 - INFO - Parsed data: title: ＜05月02日(木) 13:30～14:45＞[平針]外国免許切替審査 Hirabari Exchanging Foreign Driver's License, status: None, start_date: 2024年04月18日 07時30分, end_date: 2024年04月30日 12時00分, template_seq: 96130
[ 2024-04-18 09:27:46,216 ] 94 marjyamada040493 - INFO - Parsed data: title: ＜05月02日(木) 13:30～14:45＞[平針]外国免許切替審査 Hirabari Exchanging Foreign Driver's License, status: None, start_date: 2024年04月18日 07時30分, end_date: 2024年04月30日 12時00分, template_seq: 96130
[ 2024-04-18 09:27:46,238 ] 94 marjyamada040493 - INFO - Parsed data: title: 2024.04.18(木)10:00～当日限り[平針]外国免許切替審査 Hirabari Exchanging Foreign Driver's License, status: None, start_date: 2024年04月18日 07時30分, end_date: 2024年04月18日 12時00分, template_seq: 96336
[ 2024-04-18 09:27:46,239 ] 94 marjyamada040493 - INFO - Parsed data: title: 2024.04.18(木)10:00～当日限り[平針]外国免許切替審査 Hirabari Exchanging Foreign Driver's License, status: None, start_date: 2024年04月18日 07時30分, end_date: 2024年04月18日 12時00分, template_seq: 96336
[ 2024-04-18 09:27:46,288 ] 94 marjyamada040493 - INFO - Parsed data: title: 2024.04.18(木)11:00～当日限り[平針]外国免許切替審査 Hirabari Exchanging Foreign Driver's License, status: None, start_date: 2024年04月18日 07時30分, end_date: 2024年04月18日 12時00分, template_seq: 96337
[ 2024-04-18 09:27:46,289 ] 94 marjyamada040493 - INFO - Parsed data: title: 2024.04.18(木)11:00～当日限り[平針]外国免許切替審査 Hirabari Exchanging Foreign Driver's License, status: None, start_date: 2024年04月18日 07時30分, end_date: 2024年04月18日 12時00分, template_seq: 96337
[ 2024-04-18 09:27:46,341 ] 94 marjyamada040493 - INFO - Parsed data: title: 2024.04.18(木)12:45～当日限り[平針]外国免許切替審査 Hirabari Exchanging Foreign Driver's License, status: None, start_date: 2024年04月18日 07時30分, end_date: 2024年04月18日 12時00分, template_seq: 96338
[ 2024-04-18 09:27:46,344 ] 94 marjyamada040493 - INFO - Parsed data: title: 2024.04.18(木)12:45～当日限り[平針]外国免許切替審査 Hirabari Exchanging Foreign Driver's License, status: None, start_date: 2024年04月18日 07時30分, end_date: 2024年04月18日 12時00分, template_seq: 96338
[ 2024-04-18 09:27:46,392 ] 94 marjyamada040493 - INFO - Parsed data: title: ＜05月01日(水) 08:45～09:30＞[平針]外国免許切替審査 Hirabari Exchanging Foreign Driver's License, status: None, start_date: 2024年04月17日 07時30分, end_date: 2024年04月26日 12時00分, template_seq: 96088
[ 2024-04-18 09:27:46,414 ] 94 marjyamada040493 - INFO - Parsed data: title: ＜05月01日(水) 09:30～10:30＞[平針]外国免許切替審査 Hirabari Exchanging Foreign Driver's License, status: None, start_date: 2024年04月17日 07時30分, end_date: 2024年04月26日 12時00分, template_seq: 96089
[ 2024-04-18 09:27:46,443 ] 94 marjyamada040493 - INFO - Parsed data: title: ＜05月01日(水) 10:30～11:45＞[平針]外国免許切替審査 Hirabari Exchanging Foreign Driver's License, status: None, start_date: 2024年04月17日 07時30分, end_date: 2024年04月26日 12時00分, template_seq: 96090
[ 2024-04-18 09:27:46,475 ] 94 marjyamada040493 - INFO - Parsed data: title: ＜05月01日(水) 12:45～13:30＞[平針]外国免許切替審査 Hirabari Exchanging Foreign Driver's License, status: None, start_date: 2024年04月17日 07時30分, end_date: 2024年04月26日 12時00分, template_seq: 96091
[ 2024-04-18 09:27:46,507 ] 94 marjyamada040493 - INFO - Parsed data: title: ＜05月01日(水) 13:30～14:45＞[平針]外国免許切替審査 Hirabari Exchanging Foreign Driver's License, status: None, start_date: 2024年04月17日 07時30分, end_date: 2024年04月26日 12時00分, template_seq: 96093
[ 2024-04-18 09:27:46,563 ] 94 marjyamada040493 - INFO - Parsed data: title: ＜04月30日(火) 08:45～09:30＞[平針]外国免許切替審査 Hirabari Exchanging Foreign Driver's License, status: None, start_date: 2024年04月16日 07時30分, end_date: 2024年04月25日 12時00分, template_seq: 95604
[ 2024-04-18 09:27:46,586 ] 94 marjyamada040493 - INFO - Parsed data: title: ＜04月30日(火) 09:30～10:30＞[平針]外国免許切替審査 Hirabari Exchanging Foreign Driver's License, status: None, start_date: 2024年04月16日 07時30分, end_date: 2024年04月25日 12時00分, template_seq: 95605
[ 2024-04-18 09:27:46,612 ] 94 marjyamada040493 - INFO - Parsed data: title: ＜04月30日(火) 10:30～11:45＞[平針]外国免許切替審査 Hirabari Exchanging Foreign Driver's License, status: None, start_date: 2024年04月16日 07時30分, end_date: 2024年04月25日 12時00分, template_seq: 95607
[ 2024-04-18 09:27:46,643 ] 94 marjyamada040493 - INFO - Parsed data: title: ＜04月30日(火) 12:45～13:30＞[平針]外国免許切替審査 Hirabari Exchanging Foreign Driver's License, status: None, start_date: 2024年04月16日 07時30分, end_date: 2024年04月25日 12時00分, template_seq: 95608
[ 2024-04-18 09:27:46,669 ] 94 marjyamada040493 - INFO - Parsed data: title: ＜04月30日(火) 13:30～14:45＞[平針]外国免許切替審査 Hirabari Exchanging Foreign Driver's License, status: None, start_date: 2024年04月16日 07時30分, end_date: 2024年04月25日 12時00分, template_seq: 95609
[ 2024-04-18 09:27:46,693 ] 94 marjyamada040493 - INFO - Parsed data: title: ＜04月26日(金) 08:45～09:30＞[平針]外国免許切替審査 Hirabari Exchanging Foreign Driver's License, status: None, start_date: 2024年04月12日 07時30分, end_date: 2024年04月24日 12時00分, template_seq: 95410
[ 2024-04-18 09:27:46,720 ] 94 marjyamada040493 - INFO - Parsed data: title: ＜04月26日(金) 09:30～10:30＞[平針]外国免許切替審査 Hirabari Exchanging Foreign Driver's License, status: None, start_date: 2024年04月12日 07時30分, end_date: 2024年04月24日 12時00分, template_seq: 95411
[ 2024-04-18 09:27:46,720 ] 94 marjyamada040493 - INFO - Number of filtered forms left is: 8 form(s)
[ 2024-04-18 09:27:46,720 ] 94 main_controller - INFO - Found 8 form(s)
[ 2024-04-18 09:27:46,721 ] 94 marjyamada040493 - INFO - Accessing form, template sequence: 96336
[ 2024-04-18 09:27:46,721 ] 94 marjyamada040493 - INFO - Form URL: https://www.shinsei.e-aichi.jp/pref-aichi-police-u/offer/offerList_detailTop?tempSeq=96336
[ 2024-04-18 09:27:46,880 ] 94 Nickpown0411 - INFO - Search submitted
[ 2024-04-18 09:27:46,910 ] 94 Nickpown0411 - INFO - Collected 20 forms
[ 2024-04-18 09:27:46,938 ] 94 Nickpown0411 - INFO - Parsed data: title: ＜05月02日(木) 08:45～09:30＞[平針]外国免許切替審査 Hirabari Exchanging Foreign Driver's License, status: None, start_date: 2024年04月18日 07時30分, end_date: 2024年04月30日 12時00分, template_seq: 96126
[ 2024-04-18 09:27:46,939 ] 94 Nickpown0411 - INFO - Parsed data: title: ＜05月02日(木) 08:45～09:30＞[平針]外国免許切替審査 Hirabari Exchanging Foreign Driver's License, status: None, start_date: 2024年04月18日 07時30分, end_date: 2024年04月30日 12時00分, template_seq: 96126
[ 2024-04-18 09:27:46,959 ] 94 Nickpown0411 - INFO - Parsed data: title: ＜05月02日(木) 09:30～10:30＞[平針]外国免許切替審査 Hirabari Exchanging Foreign Driver's License, status: None, start_date: 2024年04月18日 07時30分, end_date: 2024年04月30日 12時00分, template_seq: 96127
[ 2024-04-18 09:27:46,960 ] 94 Nickpown0411 - INFO - Parsed data: title: ＜05月02日(木) 09:30～10:30＞[平針]外国免許切替審査 Hirabari Exchanging Foreign Driver's License, status: None, start_date: 2024年04月18日 07時30分, end_date: 2024年04月30日 12時00分, template_seq: 96127
[ 2024-04-18 09:27:46,982 ] 94 Nickpown0411 - INFO - Parsed data: title: ＜05月02日(木) 10:30～11:45＞[平針]外国免許切替審査 Hirabari Exchanging Foreign Driver's License, status: None, start_date: 2024年04月18日 07時30分, end_date: 2024年04月30日 12時00分, template_seq: 96128
[ 2024-04-18 09:27:46,982 ] 94 Nickpown0411 - INFO - Parsed data: title: ＜05月02日(木) 10:30～11:45＞[平針]外国免許切替審査 Hirabari Exchanging Foreign Driver's License, status: None, start_date: 2024年04月18日 07時30分, end_date: 2024年04月30日 12時00分, template_seq: 96128
[ 2024-04-18 09:27:47,002 ] 94 Nickpown0411 - INFO - Parsed data: title: ＜05月02日(木) 12:45～13:30＞[平針]外国免許切替審査 Hirabari Exchanging Foreign Driver's License, status: None, start_date: 2024年04月18日 07時30分, end_date: 2024年04月30日 12時00分, template_seq: 96129
[ 2024-04-18 09:27:47,002 ] 94 Nickpown0411 - INFO - Parsed data: title: ＜05月02日(木) 12:45～13:30＞[平針]外国免許切替審査 Hirabari Exchanging Foreign Driver's License, status: None, start_date: 2024年04月18日 07時30分, end_date: 2024年04月30日 12時00分, template_seq: 96129
[ 2024-04-18 09:27:47,023 ] 94 Nickpown0411 - INFO - Parsed data: title: ＜05月02日(木) 13:30～14:45＞[平針]外国免許切替審査 Hirabari Exchanging Foreign Driver's License, status: None, start_date: 2024年04月18日 07時30分, end_date: 2024年04月30日 12時00分, template_seq: 96130
[ 2024-04-18 09:27:47,025 ] 94 Nickpown0411 - INFO - Parsed data: title: ＜05月02日(木) 13:30～14:45＞[平針]外国免許切替審査 Hirabari Exchanging Foreign Driver's License, status: None, start_date: 2024年04月18日 07時30分, end_date: 2024年04月30日 12時00分, template_seq: 96130
[ 2024-04-18 09:27:47,045 ] 94 Nickpown0411 - INFO - Parsed data: title: 2024.04.18(木)10:00～当日限り[平針]外国免許切替審査 Hirabari Exchanging Foreign Driver's License, status: None, start_date: 2024年04月18日 07時30分, end_date: 2024年04月18日 12時00分, template_seq: 96336
[ 2024-04-18 09:27:47,045 ] 94 Nickpown0411 - INFO - Parsed data: title: 2024.04.18(木)10:00～当日限り[平針]外国免許切替審査 Hirabari Exchanging Foreign Driver's License, status: None, start_date: 2024年04月18日 07時30分, end_date: 2024年04月18日 12時00分, template_seq: 96336
[ 2024-04-18 09:27:47,065 ] 94 Nickpown0411 - INFO - Parsed data: title: 2024.04.18(木)11:00～当日限り[平針]外国免許切替審査 Hirabari Exchanging Foreign Driver's License, status: None, start_date: 2024年04月18日 07時30分, end_date: 2024年04月18日 12時00分, template_seq: 96337
[ 2024-04-18 09:27:47,065 ] 94 Nickpown0411 - INFO - Parsed data: title: 2024.04.18(木)11:00～当日限り[平針]外国免許切替審査 Hirabari Exchanging Foreign Driver's License, status: None, start_date: 2024年04月18日 07時30分, end_date: 2024年04月18日 12時00分, template_seq: 96337
[ 2024-04-18 09:27:47,088 ] 94 Nickpown0411 - INFO - Parsed data: title: 2024.04.18(木)12:45～当日限り[平針]外国免許切替審査 Hirabari Exchanging Foreign Driver's License, status: None, start_date: 2024年04月18日 07時30分, end_date: 2024年04月18日 12時00分, template_seq: 96338
[ 2024-04-18 09:27:47,090 ] 94 Nickpown0411 - INFO - Parsed data: title: 2024.04.18(木)12:45～当日限り[平針]外国免許切替審査 Hirabari Exchanging Foreign Driver's License, status: None, start_date: 2024年04月18日 07時30分, end_date: 2024年04月18日 12時00分, template_seq: 96338
[ 2024-04-18 09:27:47,110 ] 94 Nickpown0411 - INFO - Parsed data: title: ＜05月01日(水) 08:45～09:30＞[平針]外国免許切替審査 Hirabari Exchanging Foreign Driver's License, status: None, start_date: 2024年04月17日 07時30分, end_date: 2024年04月26日 12時00分, template_seq: 96088
[ 2024-04-18 09:27:47,137 ] 94 Nickpown0411 - INFO - Parsed data: title: ＜05月01日(水) 09:30～10:30＞[平針]外国免許切替審査 Hirabari Exchanging Foreign Driver's License, status: None, start_date: 2024年04月17日 07時30分, end_date: 2024年04月26日 12時00分, template_seq: 96089
[ 2024-04-18 09:27:47,157 ] 94 Nickpown0411 - INFO - Parsed data: title: ＜05月01日(水) 10:30～11:45＞[平針]外国免許切替審査 Hirabari Exchanging Foreign Driver's License, status: None, start_date: 2024年04月17日 07時30分, end_date: 2024年04月26日 12時00分, template_seq: 96090
[ 2024-04-18 09:27:47,185 ] 94 Nickpown0411 - INFO - Parsed data: title: ＜05月01日(水) 12:45～13:30＞[平針]外国免許切替審査 Hirabari Exchanging Foreign Driver's License, status: None, start_date: 2024年04月17日 07時30分, end_date: 2024年04月26日 12時00分, template_seq: 96091
[ 2024-04-18 09:27:47,207 ] 94 Nickpown0411 - INFO - Parsed data: title: ＜05月01日(水) 13:30～14:45＞[平針]外国免許切替審査 Hirabari Exchanging Foreign Driver's License, status: None, start_date: 2024年04月17日 07時30分, end_date: 2024年04月26日 12時00分, template_seq: 96093
[ 2024-04-18 09:27:47,226 ] 94 Nickpown0411 - INFO - Parsed data: title: ＜04月30日(火) 08:45～09:30＞[平針]外国免許切替審査 Hirabari Exchanging Foreign Driver's License, status: None, start_date: 2024年04月16日 07時30分, end_date: 2024年04月25日 12時00分, template_seq: 95604
[ 2024-04-18 09:27:47,247 ] 94 Nickpown0411 - INFO - Parsed data: title: ＜04月30日(火) 09:30～10:30＞[平針]外国免許切替審査 Hirabari Exchanging Foreign Driver's License, status: None, start_date: 2024年04月16日 07時30分, end_date: 2024年04月25日 12時00分, template_seq: 95605
[ 2024-04-18 09:27:47,269 ] 94 Nickpown0411 - INFO - Parsed data: title: ＜04月30日(火) 10:30～11:45＞[平針]外国免許切替審査 Hirabari Exchanging Foreign Driver's License, status: None, start_date: 2024年04月16日 07時30分, end_date: 2024年04月25日 12時00分, template_seq: 95607
[ 2024-04-18 09:27:47,295 ] 94 Nickpown0411 - INFO - Parsed data: title: ＜04月30日(火) 12:45～13:30＞[平針]外国免許切替審査 Hirabari Exchanging Foreign Driver's License, status: None, start_date: 2024年04月16日 07時30分, end_date: 2024年04月25日 12時00分, template_seq: 95608
[ 2024-04-18 09:27:47,450 ] 94 Nickpown0411 - INFO - Parsed data: title: ＜04月30日(火) 13:30～14:45＞[平針]外国免許切替審査 Hirabari Exchanging Foreign Driver's License, status: None, start_date: 2024年04月16日 07時30分, end_date: 2024年04月25日 12時00分, template_seq: 95609
[ 2024-04-18 09:27:47,539 ] 94 Nickpown0411 - INFO - Parsed data: title: ＜04月26日(金) 08:45～09:30＞[平針]外国免許切替審査 Hirabari Exchanging Foreign Driver's License, status: None, start_date: 2024年04月12日 07時30分, end_date: 2024年04月24日 12時00分, template_seq: 95410
[ 2024-04-18 09:27:47,566 ] 94 Nickpown0411 - INFO - Parsed data: title: ＜04月26日(金) 09:30～10:30＞[平針]外国免許切替審査 Hirabari Exchanging Foreign Driver's License, status: None, start_date: 2024年04月12日 07時30分, end_date: 2024年04月24日 12時00分, template_seq: 95411
[ 2024-04-18 09:27:47,567 ] 94 Nickpown0411 - INFO - Number of filtered forms left is: 8 form(s)
[ 2024-04-18 09:27:47,567 ] 94 main_controller - INFO - Found 8 form(s)
[ 2024-04-18 09:27:47,567 ] 94 Nickpown0411 - INFO - Accessing form, template sequence: 96127
[ 2024-04-18 09:27:47,568 ] 94 Nickpown0411 - INFO - Form URL: https://www.shinsei.e-aichi.jp/pref-aichi-police-u/offer/offerList_detailTop?tempSeq=96127
[ 2024-04-18 09:27:49,110 ] 94 Jamebrown0206 - INFO - Logging in
[ 2024-04-18 09:27:49,130 ] 94 Jamebrown0206 - INFO - Current url: https://www.shinsei.e-aichi.jp/pref-aichi-police-u/offer/offerList_initDisplay
[ 2024-04-18 09:27:49,446 ] 94 Jamebrown0206 - INFO - Logged in finished
[ 2024-04-18 09:27:49,446 ] 94 main_controller - INFO - Logged in successfully
[ 2024-04-18 09:27:49,748 ] 94 main_controller - INFO - Screenshot saved to C:\Users\USER\Projects\AichiTool\AichiSelenium\logs\2024_04_18\09_27_25\screenshot_Jamebrown0206.png
[ 2024-04-18 09:27:49,748 ] 94 main_controller - INFO - Finding forms
[ 2024-04-18 09:27:49,756 ] 94 Jamebrown0206 - INFO - On main page
[ 2024-04-18 09:27:51,608 ] 94 Jamebrown0206 - INFO - Search submitted
[ 2024-04-18 09:27:51,630 ] 94 Jamebrown0206 - INFO - Collected 20 forms
[ 2024-04-18 09:27:51,657 ] 94 Jamebrown0206 - INFO - Parsed data: title: ＜05月02日(木) 08:45～09:30＞[平針]外国免許切替審査 Hirabari Exchanging Foreign Driver's License, status: None, start_date: 2024年04月18日 07時30分, end_date: 2024年04月30日 12時00分, template_seq: 96126
[ 2024-04-18 09:27:51,658 ] 94 Jamebrown0206 - INFO - Parsed data: title: ＜05月02日(木) 08:45～09:30＞[平針]外国免許切替審査 Hirabari Exchanging Foreign Driver's License, status: None, start_date: 2024年04月18日 07時30分, end_date: 2024年04月30日 12時00分, template_seq: 96126
[ 2024-04-18 09:27:51,679 ] 94 Jamebrown0206 - INFO - Parsed data: title: ＜05月02日(木) 09:30～10:30＞[平針]外国免許切替審査 Hirabari Exchanging Foreign Driver's License, status: None, start_date: 2024年04月18日 07時30分, end_date: 2024年04月30日 12時00分, template_seq: 96127
[ 2024-04-18 09:27:51,680 ] 94 Jamebrown0206 - INFO - Parsed data: title: ＜05月02日(木) 09:30～10:30＞[平針]外国免許切替審査 Hirabari Exchanging Foreign Driver's License, status: None, start_date: 2024年04月18日 07時30分, end_date: 2024年04月30日 12時00分, template_seq: 96127
[ 2024-04-18 09:27:51,698 ] 94 Jamebrown0206 - INFO - Parsed data: title: ＜05月02日(木) 10:30～11:45＞[平針]外国免許切替審査 Hirabari Exchanging Foreign Driver's License, status: None, start_date: 2024年04月18日 07時30分, end_date: 2024年04月30日 12時00分, template_seq: 96128
[ 2024-04-18 09:27:51,699 ] 94 Jamebrown0206 - INFO - Parsed data: title: ＜05月02日(木) 10:30～11:45＞[平針]外国免許切替審査 Hirabari Exchanging Foreign Driver's License, status: None, start_date: 2024年04月18日 07時30分, end_date: 2024年04月30日 12時00分, template_seq: 96128
[ 2024-04-18 09:27:51,716 ] 94 Jamebrown0206 - INFO - Parsed data: title: ＜05月02日(木) 12:45～13:30＞[平針]外国免許切替審査 Hirabari Exchanging Foreign Driver's License, status: None, start_date: 2024年04月18日 07時30分, end_date: 2024年04月30日 12時00分, template_seq: 96129
[ 2024-04-18 09:27:51,716 ] 94 Jamebrown0206 - INFO - Parsed data: title: ＜05月02日(木) 12:45～13:30＞[平針]外国免許切替審査 Hirabari Exchanging Foreign Driver's License, status: None, start_date: 2024年04月18日 07時30分, end_date: 2024年04月30日 12時00分, template_seq: 96129
[ 2024-04-18 09:27:51,735 ] 94 Jamebrown0206 - INFO - Parsed data: title: ＜05月02日(木) 13:30～14:45＞[平針]外国免許切替審査 Hirabari Exchanging Foreign Driver's License, status: None, start_date: 2024年04月18日 07時30分, end_date: 2024年04月30日 12時00分, template_seq: 96130
[ 2024-04-18 09:27:51,736 ] 94 Jamebrown0206 - INFO - Parsed data: title: ＜05月02日(木) 13:30～14:45＞[平針]外国免許切替審査 Hirabari Exchanging Foreign Driver's License, status: None, start_date: 2024年04月18日 07時30分, end_date: 2024年04月30日 12時00分, template_seq: 96130
[ 2024-04-18 09:27:51,755 ] 94 Jamebrown0206 - INFO - Parsed data: title: 2024.04.18(木)10:00～当日限り[平針]外国免許切替審査 Hirabari Exchanging Foreign Driver's License, status: None, start_date: 2024年04月18日 07時30分, end_date: 2024年04月18日 12時00分, template_seq: 96336
[ 2024-04-18 09:27:51,755 ] 94 Jamebrown0206 - INFO - Parsed data: title: 2024.04.18(木)10:00～当日限り[平針]外国免許切替審査 Hirabari Exchanging Foreign Driver's License, status: None, start_date: 2024年04月18日 07時30分, end_date: 2024年04月18日 12時00分, template_seq: 96336
[ 2024-04-18 09:27:51,775 ] 94 Jamebrown0206 - INFO - Parsed data: title: 2024.04.18(木)11:00～当日限り[平針]外国免許切替審査 Hirabari Exchanging Foreign Driver's License, status: None, start_date: 2024年04月18日 07時30分, end_date: 2024年04月18日 12時00分, template_seq: 96337
[ 2024-04-18 09:27:51,776 ] 94 Jamebrown0206 - INFO - Parsed data: title: 2024.04.18(木)11:00～当日限り[平針]外国免許切替審査 Hirabari Exchanging Foreign Driver's License, status: None, start_date: 2024年04月18日 07時30分, end_date: 2024年04月18日 12時00分, template_seq: 96337
[ 2024-04-18 09:27:51,800 ] 94 Jamebrown0206 - INFO - Parsed data: title: 2024.04.18(木)12:45～当日限り[平針]外国免許切替審査 Hirabari Exchanging Foreign Driver's License, status: None, start_date: 2024年04月18日 07時30分, end_date: 2024年04月18日 12時00分, template_seq: 96338
[ 2024-04-18 09:27:51,800 ] 94 Jamebrown0206 - INFO - Parsed data: title: 2024.04.18(木)12:45～当日限り[平針]外国免許切替審査 Hirabari Exchanging Foreign Driver's License, status: None, start_date: 2024年04月18日 07時30分, end_date: 2024年04月18日 12時00分, template_seq: 96338
[ 2024-04-18 09:27:51,823 ] 94 Jamebrown0206 - INFO - Parsed data: title: ＜05月01日(水) 08:45～09:30＞[平針]外国免許切替審査 Hirabari Exchanging Foreign Driver's License, status: None, start_date: 2024年04月17日 07時30分, end_date: 2024年04月26日 12時00分, template_seq: 96088
[ 2024-04-18 09:27:51,849 ] 94 Jamebrown0206 - INFO - Parsed data: title: ＜05月01日(水) 09:30～10:30＞[平針]外国免許切替審査 Hirabari Exchanging Foreign Driver's License, status: None, start_date: 2024年04月17日 07時30分, end_date: 2024年04月26日 12時00分, template_seq: 96089
[ 2024-04-18 09:27:51,878 ] 94 Jamebrown0206 - INFO - Parsed data: title: ＜05月01日(水) 10:30～11:45＞[平針]外国免許切替審査 Hirabari Exchanging Foreign Driver's License, status: None, start_date: 2024年04月17日 07時30分, end_date: 2024年04月26日 12時00分, template_seq: 96090
[ 2024-04-18 09:27:51,910 ] 94 Jamebrown0206 - INFO - Parsed data: title: ＜05月01日(水) 12:45～13:30＞[平針]外国免許切替審査 Hirabari Exchanging Foreign Driver's License, status: None, start_date: 2024年04月17日 07時30分, end_date: 2024年04月26日 12時00分, template_seq: 96091
[ 2024-04-18 09:27:51,942 ] 94 Jamebrown0206 - INFO - Parsed data: title: ＜05月01日(水) 13:30～14:45＞[平針]外国免許切替審査 Hirabari Exchanging Foreign Driver's License, status: None, start_date: 2024年04月17日 07時30分, end_date: 2024年04月26日 12時00分, template_seq: 96093
[ 2024-04-18 09:27:51,966 ] 94 Jamebrown0206 - INFO - Parsed data: title: ＜04月30日(火) 08:45～09:30＞[平針]外国免許切替審査 Hirabari Exchanging Foreign Driver's License, status: None, start_date: 2024年04月16日 07時30分, end_date: 2024年04月25日 12時00分, template_seq: 95604
[ 2024-04-18 09:27:51,993 ] 94 Jamebrown0206 - INFO - Parsed data: title: ＜04月30日(火) 09:30～10:30＞[平針]外国免許切替審査 Hirabari Exchanging Foreign Driver's License, status: None, start_date: 2024年04月16日 07時30分, end_date: 2024年04月25日 12時00分, template_seq: 95605
[ 2024-04-18 09:27:52,020 ] 94 Jamebrown0206 - INFO - Parsed data: title: ＜04月30日(火) 10:30～11:45＞[平針]外国免許切替審査 Hirabari Exchanging Foreign Driver's License, status: None, start_date: 2024年04月16日 07時30分, end_date: 2024年04月25日 12時00分, template_seq: 95607
[ 2024-04-18 09:27:52,067 ] 94 Jamebrown0206 - INFO - Parsed data: title: ＜04月30日(火) 12:45～13:30＞[平針]外国免許切替審査 Hirabari Exchanging Foreign Driver's License, status: None, start_date: 2024年04月16日 07時30分, end_date: 2024年04月25日 12時00分, template_seq: 95608
[ 2024-04-18 09:27:52,097 ] 94 Jamebrown0206 - INFO - Parsed data: title: ＜04月30日(火) 13:30～14:45＞[平針]外国免許切替審査 Hirabari Exchanging Foreign Driver's License, status: None, start_date: 2024年04月16日 07時30分, end_date: 2024年04月25日 12時00分, template_seq: 95609
[ 2024-04-18 09:27:52,117 ] 94 Jamebrown0206 - INFO - Parsed data: title: ＜04月26日(金) 08:45～09:30＞[平針]外国免許切替審査 Hirabari Exchanging Foreign Driver's License, status: None, start_date: 2024年04月12日 07時30分, end_date: 2024年04月24日 12時00分, template_seq: 95410
[ 2024-04-18 09:27:52,132 ] 94 Jamebrown0206 - INFO - Parsed data: title: ＜04月26日(金) 09:30～10:30＞[平針]外国免許切替審査 Hirabari Exchanging Foreign Driver's License, status: None, start_date: 2024年04月12日 07時30分, end_date: 2024年04月24日 12時00分, template_seq: 95411
[ 2024-04-18 09:27:52,133 ] 94 Jamebrown0206 - INFO - Number of filtered forms left is: 8 form(s)
[ 2024-04-18 09:27:52,133 ] 94 main_controller - INFO - Found 8 form(s)
[ 2024-04-18 09:27:52,134 ] 94 Jamebrown0206 - INFO - Accessing form, template sequence: 96337
[ 2024-04-18 09:27:52,134 ] 94 Jamebrown0206 - INFO - Form URL: https://www.shinsei.e-aichi.jp/pref-aichi-police-u/offer/offerList_detailTop?tempSeq=96337
[ 2024-04-18 09:27:53,360 ] 94 Nickpown0411 - INFO - Accessed form successfully
[ 2024-04-18 09:27:53,395 ] 94 Nickpown0411 - INFO - Form message: 大変申し訳ございません。申込数が上限に達した為、締め切らせていただきました。
[ 2024-04-18 09:27:53,396 ] 94 Nickpown0411 - INFO - Form is closed, template sequence: 96127
[ 2024-04-18 09:27:53,396 ] 94 main_controller - INFO - Form is closed, template sequence: 96127
[ 2024-04-18 09:27:53,396 ] 94 main_controller - INFO - Remaining form(s): 7
[ 2024-04-18 09:27:53,396 ] 94 Nickpown0411 - INFO - Accessing form, template sequence: 96126
[ 2024-04-18 09:27:53,397 ] 94 Nickpown0411 - INFO - Form URL: https://www.shinsei.e-aichi.jp/pref-aichi-police-u/offer/offerList_detailTop?tempSeq=96126
[ 2024-04-18 09:27:53,562 ] 94 marjyamada040493 - INFO - Accessed form successfully
[ 2024-04-18 09:27:53,613 ] 94 marjyamada040493 - INFO - Form message: 大変申し訳ございません。申込数が上限に達した為、締め切らせていただきました。
[ 2024-04-18 09:27:53,613 ] 94 marjyamada040493 - INFO - Form is closed, template sequence: 96336
[ 2024-04-18 09:27:53,614 ] 94 main_controller - INFO - Form is closed, template sequence: 96336
[ 2024-04-18 09:27:53,614 ] 94 main_controller - INFO - Remaining form(s): 7
[ 2024-04-18 09:27:53,614 ] 94 marjyamada040493 - INFO - Accessing form, template sequence: 96128
[ 2024-04-18 09:27:53,614 ] 94 marjyamada040493 - INFO - Form URL: https://www.shinsei.e-aichi.jp/pref-aichi-police-u/offer/offerList_detailTop?tempSeq=96128
[ 2024-04-18 09:27:57,834 ] 94 Jamebrown0206 - INFO - Accessed form successfully
[ 2024-04-18 09:27:57,852 ] 94 Jamebrown0206 - INFO - Form message: 大変申し訳ございません。申込数が上限に達した為、締め切らせていただきました。
[ 2024-04-18 09:27:57,852 ] 94 Jamebrown0206 - INFO - Form is closed, template sequence: 96337
[ 2024-04-18 09:27:57,853 ] 94 main_controller - INFO - Form is closed, template sequence: 96337
[ 2024-04-18 09:27:57,853 ] 94 main_controller - INFO - Remaining form(s): 7
[ 2024-04-18 09:27:57,853 ] 94 Jamebrown0206 - INFO - Accessing form, template sequence: 96338
[ 2024-04-18 09:27:57,853 ] 94 Jamebrown0206 - INFO - Form URL: https://www.shinsei.e-aichi.jp/pref-aichi-police-u/offer/offerList_detailTop?tempSeq=96338
[ 2024-04-18 09:27:59,076 ] 94 Nickpown0411 - INFO - Accessed form successfully
[ 2024-04-18 09:27:59,091 ] 94 Nickpown0411 - INFO - Form message: 大変申し訳ございません。申込数が上限に達した為、締め切らせていただきました。
[ 2024-04-18 09:27:59,092 ] 94 Nickpown0411 - INFO - Form is closed, template sequence: 96126
[ 2024-04-18 09:27:59,092 ] 94 main_controller - INFO - Form is closed, template sequence: 96126
[ 2024-04-18 09:27:59,092 ] 94 main_controller - INFO - Remaining form(s): 6
[ 2024-04-18 09:27:59,092 ] 94 Nickpown0411 - INFO - Accessing form, template sequence: 96128
[ 2024-04-18 09:27:59,092 ] 94 Nickpown0411 - INFO - Form URL: https://www.shinsei.e-aichi.jp/pref-aichi-police-u/offer/offerList_detailTop?tempSeq=96128
[ 2024-04-18 09:27:59,388 ] 94 marjyamada040493 - INFO - Accessed form successfully
[ 2024-04-18 09:27:59,417 ] 94 marjyamada040493 - INFO - Form message: 大変申し訳ございません。申込数が上限に達した為、締め切らせていただきました。
[ 2024-04-18 09:27:59,418 ] 94 marjyamada040493 - INFO - Form is closed, template sequence: 96128
[ 2024-04-18 09:27:59,418 ] 94 main_controller - INFO - Form is closed, template sequence: 96128
[ 2024-04-18 09:27:59,418 ] 94 main_controller - INFO - Remaining form(s): 6
[ 2024-04-18 09:27:59,418 ] 94 marjyamada040493 - INFO - Accessing form, template sequence: 96127
[ 2024-04-18 09:27:59,419 ] 94 marjyamada040493 - INFO - Form URL: https://www.shinsei.e-aichi.jp/pref-aichi-police-u/offer/offerList_detailTop?tempSeq=96127
[ 2024-04-18 09:28:03,470 ] 94 Jamebrown0206 - INFO - Accessed form successfully
[ 2024-04-18 09:28:03,484 ] 94 Jamebrown0206 - INFO - Form message: 大変申し訳ございません。申込数が上限に達した為、締め切らせていただきました。
[ 2024-04-18 09:28:03,484 ] 94 Jamebrown0206 - INFO - Form is closed, template sequence: 96338
[ 2024-04-18 09:28:03,484 ] 94 main_controller - INFO - Form is closed, template sequence: 96338
[ 2024-04-18 09:28:03,484 ] 94 main_controller - INFO - Remaining form(s): 6
[ 2024-04-18 09:28:03,484 ] 94 Jamebrown0206 - INFO - Accessing form, template sequence: 96127
[ 2024-04-18 09:28:03,484 ] 94 Jamebrown0206 - INFO - Form URL: https://www.shinsei.e-aichi.jp/pref-aichi-police-u/offer/offerList_detailTop?tempSeq=96127
[ 2024-04-18 09:28:04,768 ] 94 Nickpown0411 - INFO - Accessed form successfully
[ 2024-04-18 09:28:04,785 ] 94 Nickpown0411 - INFO - Form message: 大変申し訳ございません。申込数が上限に達した為、締め切らせていただきました。
[ 2024-04-18 09:28:04,785 ] 94 Nickpown0411 - INFO - Form is closed, template sequence: 96128
[ 2024-04-18 09:28:04,785 ] 94 main_controller - INFO - Form is closed, template sequence: 96128
[ 2024-04-18 09:28:04,785 ] 94 main_controller - INFO - Remaining form(s): 5
[ 2024-04-18 09:28:04,785 ] 94 Nickpown0411 - INFO - Accessing form, template sequence: 96129
[ 2024-04-18 09:28:04,786 ] 94 Nickpown0411 - INFO - Form URL: https://www.shinsei.e-aichi.jp/pref-aichi-police-u/offer/offerList_detailTop?tempSeq=96129
[ 2024-04-18 09:28:05,095 ] 94 marjyamada040493 - INFO - Accessed form successfully
[ 2024-04-18 09:28:05,120 ] 94 marjyamada040493 - INFO - Form message: 大変申し訳ございません。申込数が上限に達した為、締め切らせていただきました。
[ 2024-04-18 09:28:05,121 ] 94 marjyamada040493 - INFO - Form is closed, template sequence: 96127
[ 2024-04-18 09:28:05,121 ] 94 main_controller - INFO - Form is closed, template sequence: 96127
[ 2024-04-18 09:28:05,121 ] 94 main_controller - INFO - Remaining form(s): 5
[ 2024-04-18 09:28:05,122 ] 94 marjyamada040493 - INFO - Accessing form, template sequence: 96337
[ 2024-04-18 09:28:05,122 ] 94 marjyamada040493 - INFO - Form URL: https://www.shinsei.e-aichi.jp/pref-aichi-police-u/offer/offerList_detailTop?tempSeq=96337
[ 2024-04-18 09:28:09,091 ] 94 Jamebrown0206 - INFO - Accessed form successfully
[ 2024-04-18 09:28:09,105 ] 94 Jamebrown0206 - INFO - Form message: 大変申し訳ございません。申込数が上限に達した為、締め切らせていただきました。
[ 2024-04-18 09:28:09,106 ] 94 Jamebrown0206 - INFO - Form is closed, template sequence: 96127
[ 2024-04-18 09:28:09,106 ] 94 main_controller - INFO - Form is closed, template sequence: 96127
[ 2024-04-18 09:28:09,106 ] 94 main_controller - INFO - Remaining form(s): 5
[ 2024-04-18 09:28:09,106 ] 94 Jamebrown0206 - INFO - Accessing form, template sequence: 96130
[ 2024-04-18 09:28:09,106 ] 94 Jamebrown0206 - INFO - Form URL: https://www.shinsei.e-aichi.jp/pref-aichi-police-u/offer/offerList_detailTop?tempSeq=96130
[ 2024-04-18 09:28:10,389 ] 94 Nickpown0411 - INFO - Accessed form successfully
[ 2024-04-18 09:28:10,406 ] 94 Nickpown0411 - INFO - Form message: 大変申し訳ございません。申込数が上限に達した為、締め切らせていただきました。
[ 2024-04-18 09:28:10,406 ] 94 Nickpown0411 - INFO - Form is closed, template sequence: 96129
[ 2024-04-18 09:28:10,407 ] 94 main_controller - INFO - Form is closed, template sequence: 96129
[ 2024-04-18 09:28:10,407 ] 94 main_controller - INFO - Remaining form(s): 4
[ 2024-04-18 09:28:10,407 ] 94 Nickpown0411 - INFO - Accessing form, template sequence: 96337
[ 2024-04-18 09:28:10,407 ] 94 Nickpown0411 - INFO - Form URL: https://www.shinsei.e-aichi.jp/pref-aichi-police-u/offer/offerList_detailTop?tempSeq=96337
[ 2024-04-18 09:28:10,702 ] 94 marjyamada040493 - INFO - Accessed form successfully
[ 2024-04-18 09:28:10,723 ] 94 marjyamada040493 - INFO - Form message: 大変申し訳ございません。申込数が上限に達した為、締め切らせていただきました。
[ 2024-04-18 09:28:10,723 ] 94 marjyamada040493 - INFO - Form is closed, template sequence: 96337
[ 2024-04-18 09:28:10,723 ] 94 main_controller - INFO - Form is closed, template sequence: 96337
[ 2024-04-18 09:28:10,724 ] 94 main_controller - INFO - Remaining form(s): 4
[ 2024-04-18 09:28:10,724 ] 94 marjyamada040493 - INFO - Accessing form, template sequence: 96126
[ 2024-04-18 09:28:10,724 ] 94 marjyamada040493 - INFO - Form URL: https://www.shinsei.e-aichi.jp/pref-aichi-police-u/offer/offerList_detailTop?tempSeq=96126
[ 2024-04-18 09:28:14,703 ] 94 Jamebrown0206 - INFO - Accessed form successfully
[ 2024-04-18 09:28:14,718 ] 94 Jamebrown0206 - INFO - Form message: 大変申し訳ございません。申込数が上限に達した為、締め切らせていただきました。
[ 2024-04-18 09:28:14,719 ] 94 Jamebrown0206 - INFO - Form is closed, template sequence: 96130
[ 2024-04-18 09:28:14,719 ] 94 main_controller - INFO - Form is closed, template sequence: 96130
[ 2024-04-18 09:28:14,719 ] 94 main_controller - INFO - Remaining form(s): 4
[ 2024-04-18 09:28:14,719 ] 94 Jamebrown0206 - INFO - Accessing form, template sequence: 96126
[ 2024-04-18 09:28:14,719 ] 94 Jamebrown0206 - INFO - Form URL: https://www.shinsei.e-aichi.jp/pref-aichi-police-u/offer/offerList_detailTop?tempSeq=96126
[ 2024-04-18 09:28:16,055 ] 94 Nickpown0411 - INFO - Accessed form successfully
[ 2024-04-18 09:28:16,072 ] 94 Nickpown0411 - INFO - Form message: 大変申し訳ございません。申込数が上限に達した為、締め切らせていただきました。
[ 2024-04-18 09:28:16,072 ] 94 Nickpown0411 - INFO - Form is closed, template sequence: 96337
[ 2024-04-18 09:28:16,073 ] 94 main_controller - INFO - Form is closed, template sequence: 96337
[ 2024-04-18 09:28:16,073 ] 94 main_controller - INFO - Remaining form(s): 3
[ 2024-04-18 09:28:16,073 ] 94 Nickpown0411 - INFO - Accessing form, template sequence: 96130
[ 2024-04-18 09:28:16,073 ] 94 Nickpown0411 - INFO - Form URL: https://www.shinsei.e-aichi.jp/pref-aichi-police-u/offer/offerList_detailTop?tempSeq=96130
[ 2024-04-18 09:28:16,387 ] 94 marjyamada040493 - INFO - Accessed form successfully
[ 2024-04-18 09:28:16,403 ] 94 marjyamada040493 - INFO - Form message: 大変申し訳ございません。申込数が上限に達した為、締め切らせていただきました。
[ 2024-04-18 09:28:16,404 ] 94 marjyamada040493 - INFO - Form is closed, template sequence: 96126
[ 2024-04-18 09:28:16,404 ] 94 main_controller - INFO - Form is closed, template sequence: 96126
[ 2024-04-18 09:28:16,404 ] 94 main_controller - INFO - Remaining form(s): 3
[ 2024-04-18 09:28:16,404 ] 94 marjyamada040493 - INFO - Accessing form, template sequence: 96130
[ 2024-04-18 09:28:16,404 ] 94 marjyamada040493 - INFO - Form URL: https://www.shinsei.e-aichi.jp/pref-aichi-police-u/offer/offerList_detailTop?tempSeq=96130
[ 2024-04-18 09:28:20,379 ] 94 Jamebrown0206 - INFO - Accessed form successfully
[ 2024-04-18 09:28:20,394 ] 94 Jamebrown0206 - INFO - Form message: 大変申し訳ございません。申込数が上限に達した為、締め切らせていただきました。
[ 2024-04-18 09:28:20,394 ] 94 Jamebrown0206 - INFO - Form is closed, template sequence: 96126
[ 2024-04-18 09:28:20,394 ] 94 main_controller - INFO - Form is closed, template sequence: 96126
[ 2024-04-18 09:28:20,394 ] 94 main_controller - INFO - Remaining form(s): 3
[ 2024-04-18 09:28:20,395 ] 94 Jamebrown0206 - INFO - Accessing form, template sequence: 96336
[ 2024-04-18 09:28:20,395 ] 94 Jamebrown0206 - INFO - Form URL: https://www.shinsei.e-aichi.jp/pref-aichi-police-u/offer/offerList_detailTop?tempSeq=96336
[ 2024-04-18 09:28:21,785 ] 94 Nickpown0411 - INFO - Accessed form successfully
[ 2024-04-18 09:28:21,802 ] 94 Nickpown0411 - INFO - Form message: 大変申し訳ございません。申込数が上限に達した為、締め切らせていただきました。
[ 2024-04-18 09:28:21,802 ] 94 Nickpown0411 - INFO - Form is closed, template sequence: 96130
[ 2024-04-18 09:28:21,802 ] 94 main_controller - INFO - Form is closed, template sequence: 96130
[ 2024-04-18 09:28:21,802 ] 94 main_controller - INFO - Remaining form(s): 2
[ 2024-04-18 09:28:21,803 ] 94 Nickpown0411 - INFO - Accessing form, template sequence: 96336
[ 2024-04-18 09:28:21,803 ] 94 Nickpown0411 - INFO - Form URL: https://www.shinsei.e-aichi.jp/pref-aichi-police-u/offer/offerList_detailTop?tempSeq=96336
[ 2024-04-18 09:28:22,050 ] 94 marjyamada040493 - INFO - Accessed form successfully
[ 2024-04-18 09:28:22,065 ] 94 marjyamada040493 - INFO - Form message: 大変申し訳ございません。申込数が上限に達した為、締め切らせていただきました。
[ 2024-04-18 09:28:22,066 ] 94 marjyamada040493 - INFO - Form is closed, template sequence: 96130
[ 2024-04-18 09:28:22,068 ] 94 main_controller - INFO - Form is closed, template sequence: 96130
[ 2024-04-18 09:28:22,068 ] 94 main_controller - INFO - Remaining form(s): 2
[ 2024-04-18 09:28:22,068 ] 94 marjyamada040493 - INFO - Accessing form, template sequence: 96338
[ 2024-04-18 09:28:22,068 ] 94 marjyamada040493 - INFO - Form URL: https://www.shinsei.e-aichi.jp/pref-aichi-police-u/offer/offerList_detailTop?tempSeq=96338
[ 2024-04-18 09:28:26,048 ] 94 Jamebrown0206 - INFO - Accessed form successfully
[ 2024-04-18 09:28:26,064 ] 94 Jamebrown0206 - INFO - Form message: 大変申し訳ございません。申込数が上限に達した為、締め切らせていただきました。
[ 2024-04-18 09:28:26,065 ] 94 Jamebrown0206 - INFO - Form is closed, template sequence: 96336
[ 2024-04-18 09:28:26,065 ] 94 main_controller - INFO - Form is closed, template sequence: 96336
[ 2024-04-18 09:28:26,065 ] 94 main_controller - INFO - Remaining form(s): 2
[ 2024-04-18 09:28:26,065 ] 94 Jamebrown0206 - INFO - Accessing form, template sequence: 96129
[ 2024-04-18 09:28:26,065 ] 94 Jamebrown0206 - INFO - Form URL: https://www.shinsei.e-aichi.jp/pref-aichi-police-u/offer/offerList_detailTop?tempSeq=96129
[ 2024-04-18 09:28:27,438 ] 94 Nickpown0411 - INFO - Accessed form successfully
[ 2024-04-18 09:28:27,455 ] 94 Nickpown0411 - INFO - Form message: 大変申し訳ございません。申込数が上限に達した為、締め切らせていただきました。
[ 2024-04-18 09:28:27,455 ] 94 Nickpown0411 - INFO - Form is closed, template sequence: 96336
[ 2024-04-18 09:28:27,455 ] 94 main_controller - INFO - Form is closed, template sequence: 96336
[ 2024-04-18 09:28:27,455 ] 94 main_controller - INFO - Remaining form(s): 1
[ 2024-04-18 09:28:27,455 ] 94 Nickpown0411 - INFO - Accessing form, template sequence: 96338
[ 2024-04-18 09:28:27,456 ] 94 Nickpown0411 - INFO - Form URL: https://www.shinsei.e-aichi.jp/pref-aichi-police-u/offer/offerList_detailTop?tempSeq=96338
[ 2024-04-18 09:28:27,656 ] 94 marjyamada040493 - INFO - Accessed form successfully
[ 2024-04-18 09:28:27,674 ] 94 marjyamada040493 - INFO - Form message: 大変申し訳ございません。申込数が上限に達した為、締め切らせていただきました。
[ 2024-04-18 09:28:27,674 ] 94 marjyamada040493 - INFO - Form is closed, template sequence: 96338
[ 2024-04-18 09:28:27,674 ] 94 main_controller - INFO - Form is closed, template sequence: 96338
[ 2024-04-18 09:28:27,674 ] 94 main_controller - INFO - Remaining form(s): 1
[ 2024-04-18 09:28:27,674 ] 94 marjyamada040493 - INFO - Accessing form, template sequence: 96129
[ 2024-04-18 09:28:27,675 ] 94 marjyamada040493 - INFO - Form URL: https://www.shinsei.e-aichi.jp/pref-aichi-police-u/offer/offerList_detailTop?tempSeq=96129
[ 2024-04-18 09:28:31,751 ] 94 Jamebrown0206 - INFO - Accessed form successfully
[ 2024-04-18 09:28:31,766 ] 94 Jamebrown0206 - INFO - Form message: 大変申し訳ございません。申込数が上限に達した為、締め切らせていただきました。
[ 2024-04-18 09:28:31,766 ] 94 Jamebrown0206 - INFO - Form is closed, template sequence: 96129
[ 2024-04-18 09:28:31,766 ] 94 main_controller - INFO - Form is closed, template sequence: 96129
[ 2024-04-18 09:28:31,767 ] 94 main_controller - INFO - Remaining form(s): 1
[ 2024-04-18 09:28:31,767 ] 94 Jamebrown0206 - INFO - Accessing form, template sequence: 96128
[ 2024-04-18 09:28:31,768 ] 94 Jamebrown0206 - INFO - Form URL: https://www.shinsei.e-aichi.jp/pref-aichi-police-u/offer/offerList_detailTop?tempSeq=96128
[ 2024-04-18 09:28:33,076 ] 94 Nickpown0411 - INFO - Accessed form successfully
[ 2024-04-18 09:28:33,091 ] 94 Nickpown0411 - INFO - Form message: 大変申し訳ございません。申込数が上限に達した為、締め切らせていただきました。
[ 2024-04-18 09:28:33,092 ] 94 Nickpown0411 - INFO - Form is closed, template sequence: 96338
[ 2024-04-18 09:28:33,092 ] 94 main_controller - INFO - Form is closed, template sequence: 96338
[ 2024-04-18 09:28:33,092 ] 94 main_controller - INFO - Remaining form(s): 0
[ 2024-04-18 09:28:33,092 ] 94 main_controller - INFO - All forms passed
[ 2024-04-18 09:28:33,389 ] 94 marjyamada040493 - INFO - Accessed form successfully
[ 2024-04-18 09:28:33,403 ] 94 marjyamada040493 - INFO - Form message: 大変申し訳ございません。申込数が上限に達した為、締め切らせていただきました。
[ 2024-04-18 09:28:33,404 ] 94 marjyamada040493 - INFO - Form is closed, template sequence: 96129
[ 2024-04-18 09:28:33,404 ] 94 main_controller - INFO - Form is closed, template sequence: 96129
[ 2024-04-18 09:28:33,404 ] 94 main_controller - INFO - Remaining form(s): 0
[ 2024-04-18 09:28:33,404 ] 94 main_controller - INFO - All forms passed
[ 2024-04-18 09:28:37,395 ] 94 Jamebrown0206 - INFO - Accessed form successfully
[ 2024-04-18 09:28:37,411 ] 94 Jamebrown0206 - INFO - Form message: 大変申し訳ございません。申込数が上限に達した為、締め切らせていただきました。
[ 2024-04-18 09:28:37,411 ] 94 Jamebrown0206 - INFO - Form is closed, template sequence: 96128
[ 2024-04-18 09:28:37,411 ] 94 main_controller - INFO - Form is closed, template sequence: 96128
[ 2024-04-18 09:28:37,411 ] 94 main_controller - INFO - Remaining form(s): 0
[ 2024-04-18 09:28:37,411 ] 94 main_controller - INFO - All forms passed
[ 2024-04-18 09:28:43,099 ] 94 main_controller - INFO - Closing browser
[ 2024-04-18 09:28:43,413 ] 94 main_controller - INFO - Closing browser
[ 2024-04-18 09:28:45,384 ] 94 main_controller - INFO - Browser closed
[ 2024-04-18 09:28:45,636 ] 94 main_controller - INFO - Browser closed
[ 2024-04-18 09:28:47,421 ] 94 main_controller - INFO - Closing browser
[ 2024-04-18 09:28:49,641 ] 94 main_controller - INFO - Browser closed
[ 2024-04-18 09:28:49,642 ] 94 root - INFO - All threads are done
[ 2024-04-18 09:28:49,642 ] 94 root - INFO - All threads are done
