[ 2024-04-29 22:45:13,315 ] 91 luthien5921 - INFO - Opened login page
[ 2024-04-29 22:45:13,315 ] 91 luthien5921 - INFO - Opened login page
[ 2024-04-29 22:45:13,315 ] 91 luthien5921 - INFO - Opened login page
[ 2024-04-29 22:45:19,612 ] 91 luthien5921 - INFO - Logging in
[ 2024-04-29 22:45:19,612 ] 91 luthien5921 - INFO - Logging in
[ 2024-04-29 22:45:19,612 ] 91 luthien5921 - INFO - Logging in
[ 2024-04-29 22:45:19,622 ] 91 luthien5921 - INFO - Current url: https://www.shinsei.e-aichi.jp/pref-aichi-police-u/offer/offerList_initDisplay
[ 2024-04-29 22:45:19,622 ] 91 luthien5921 - INFO - Current url: https://www.shinsei.e-aichi.jp/pref-aichi-police-u/offer/offerList_initDisplay
[ 2024-04-29 22:45:19,622 ] 91 luthien5921 - INFO - Current url: https://www.shinsei.e-aichi.jp/pref-aichi-police-u/offer/offerList_initDisplay
[ 2024-04-29 22:45:19,932 ] 91 luthien5921 - INFO - Logged in finished
[ 2024-04-29 22:45:19,932 ] 91 luthien5921 - INFO - Logged in finished
[ 2024-04-29 22:45:19,932 ] 91 luthien5921 - INFO - Logged in finished
[ 2024-04-29 22:45:20,173 ] 91 luthien5921 - INFO - On main page
[ 2024-04-29 22:45:20,173 ] 91 luthien5921 - INFO - On main page
[ 2024-04-29 22:45:20,173 ] 91 luthien5921 - INFO - On main page
[ 2024-04-29 22:45:21,678 ] 91 luthien5921 - INFO - Search submitted
[ 2024-04-29 22:45:21,678 ] 91 luthien5921 - INFO - Search submitted
[ 2024-04-29 22:45:21,678 ] 91 luthien5921 - INFO - Search submitted
[ 2024-04-29 22:45:21,711 ] 91 luthien5921 - INFO - Collected 20 forms
[ 2024-04-29 22:45:21,711 ] 91 luthien5921 - INFO - Collected 20 forms
[ 2024-04-29 22:45:21,711 ] 91 luthien5921 - INFO - Collected 20 forms
[ 2024-04-29 22:45:22,971 ] 91 luthien5921 - INFO - Number of filtered forms left is: 0 form(s)
[ 2024-04-29 22:45:22,971 ] 91 luthien5921 - INFO - Number of filtered forms left is: 0 form(s)
[ 2024-04-29 22:45:22,971 ] 91 luthien5921 - INFO - Number of filtered forms left is: 0 form(s)
[ 2024-04-29 22:45:22,978 ] 91 luthien5921 - ERROR - No form found
[ 2024-04-29 22:45:22,978 ] 91 luthien5921 - ERROR - No form found
[ 2024-04-29 22:45:22,978 ] 91 luthien5921 - ERROR - No form found
[ 2024-04-29 22:45:25,141 ] 91 luthien5921 - INFO - Collected 20 forms
[ 2024-04-29 22:45:25,141 ] 91 luthien5921 - INFO - Collected 20 forms
[ 2024-04-29 22:45:25,141 ] 91 luthien5921 - INFO - Collected 20 forms
[ 2024-04-29 22:45:25,592 ] 91 luthien5921 - INFO - Number of filtered forms left is: 0 form(s)
[ 2024-04-29 22:45:25,592 ] 91 luthien5921 - INFO - Number of filtered forms left is: 0 form(s)
[ 2024-04-29 22:45:25,592 ] 91 luthien5921 - INFO - Number of filtered forms left is: 0 form(s)
[ 2024-04-29 22:45:25,593 ] 91 luthien5921 - ERROR - No form found
[ 2024-04-29 22:45:25,593 ] 91 luthien5921 - ERROR - No form found
[ 2024-04-29 22:45:25,593 ] 91 luthien5921 - ERROR - No form found
