[ 2024-04-29 22:45:13,988 ] 91 luthien5921+shinsei1 - INFO - Opened login page
[ 2024-04-29 22:45:13,988 ] 91 luthien5921+shinsei1 - INFO - Opened login page
[ 2024-04-29 22:45:13,988 ] 91 luthien5921+shinsei1 - INFO - Opened login page
[ 2024-04-29 22:45:20,011 ] 91 luthien5921+shinsei1 - INFO - Logging in
[ 2024-04-29 22:45:20,011 ] 91 luthien5921+shinsei1 - INFO - Logging in
[ 2024-04-29 22:45:20,011 ] 91 luthien5921+shinsei1 - INFO - Logging in
[ 2024-04-29 22:45:20,016 ] 91 luthien5921+shinsei1 - INFO - Current url: https://www.shinsei.e-aichi.jp/pref-aichi-police-u/offer/offerList_initDisplay
[ 2024-04-29 22:45:20,016 ] 91 luthien5921+shinsei1 - INFO - Current url: https://www.shinsei.e-aichi.jp/pref-aichi-police-u/offer/offerList_initDisplay
[ 2024-04-29 22:45:20,016 ] 91 luthien5921+shinsei1 - INFO - Current url: https://www.shinsei.e-aichi.jp/pref-aichi-police-u/offer/offerList_initDisplay
[ 2024-04-29 22:45:20,325 ] 91 luthien5921+shinsei1 - INFO - Logged in finished
[ 2024-04-29 22:45:20,325 ] 91 luthien5921+shinsei1 - INFO - Logged in finished
[ 2024-04-29 22:45:20,325 ] 91 luthien5921+shinsei1 - INFO - Logged in finished
[ 2024-04-29 22:45:20,599 ] 91 luthien5921+shinsei1 - INFO - On main page
[ 2024-04-29 22:45:20,599 ] 91 luthien5921+shinsei1 - INFO - On main page
[ 2024-04-29 22:45:20,599 ] 91 luthien5921+shinsei1 - INFO - On main page
[ 2024-04-29 22:45:22,634 ] 91 luthien5921+shinsei1 - INFO - Search submitted
[ 2024-04-29 22:45:22,634 ] 91 luthien5921+shinsei1 - INFO - Search submitted
[ 2024-04-29 22:45:22,634 ] 91 luthien5921+shinsei1 - INFO - Search submitted
[ 2024-04-29 22:45:22,684 ] 91 luthien5921+shinsei1 - INFO - Collected 20 forms
[ 2024-04-29 22:45:22,684 ] 91 luthien5921+shinsei1 - INFO - Collected 20 forms
[ 2024-04-29 22:45:22,684 ] 91 luthien5921+shinsei1 - INFO - Collected 20 forms
[ 2024-04-29 22:45:24,071 ] 91 luthien5921+shinsei1 - INFO - Number of filtered forms left is: 0 form(s)
[ 2024-04-29 22:45:24,071 ] 91 luthien5921+shinsei1 - INFO - Number of filtered forms left is: 0 form(s)
[ 2024-04-29 22:45:24,071 ] 91 luthien5921+shinsei1 - INFO - Number of filtered forms left is: 0 form(s)
[ 2024-04-29 22:45:24,072 ] 91 luthien5921+shinsei1 - ERROR - No form found
[ 2024-04-29 22:45:24,072 ] 91 luthien5921+shinsei1 - ERROR - No form found
[ 2024-04-29 22:45:24,072 ] 91 luthien5921+shinsei1 - ERROR - No form found
