[ 2024-04-29 22:45:17,979 ] 91 luthien5921+shinsei2 - INFO - Opened login page
[ 2024-04-29 22:45:17,979 ] 91 luthien5921+shinsei2 - INFO - Opened login page
[ 2024-04-29 22:45:17,979 ] 91 luthien5921+shinsei2 - INFO - Opened login page
[ 2024-04-29 22:45:21,550 ] 91 luthien5921+shinsei2 - INFO - Logging in
[ 2024-04-29 22:45:21,550 ] 91 luthien5921+shinsei2 - INFO - Logging in
[ 2024-04-29 22:45:21,550 ] 91 luthien5921+shinsei2 - INFO - Logging in
[ 2024-04-29 22:45:21,555 ] 91 luthien5921+shinsei2 - INFO - Current url: https://www.shinsei.e-aichi.jp/pref-aichi-police-u/offer/offerList_initDisplay
[ 2024-04-29 22:45:21,555 ] 91 luthien5921+shinsei2 - INFO - Current url: https://www.shinsei.e-aichi.jp/pref-aichi-police-u/offer/offerList_initDisplay
[ 2024-04-29 22:45:21,555 ] 91 luthien5921+shinsei2 - INFO - Current url: https://www.shinsei.e-aichi.jp/pref-aichi-police-u/offer/offerList_initDisplay
[ 2024-04-29 22:45:21,883 ] 91 luthien5921+shinsei2 - INFO - Logged in finished
[ 2024-04-29 22:45:21,883 ] 91 luthien5921+shinsei2 - INFO - Logged in finished
[ 2024-04-29 22:45:21,883 ] 91 luthien5921+shinsei2 - INFO - Logged in finished
[ 2024-04-29 22:45:22,189 ] 91 luthien5921+shinsei2 - INFO - On main page
[ 2024-04-29 22:45:22,189 ] 91 luthien5921+shinsei2 - INFO - On main page
[ 2024-04-29 22:45:22,189 ] 91 luthien5921+shinsei2 - INFO - On main page
[ 2024-04-29 22:45:24,095 ] 91 luthien5921+shinsei2 - INFO - Search submitted
[ 2024-04-29 22:45:24,095 ] 91 luthien5921+shinsei2 - INFO - Search submitted
[ 2024-04-29 22:45:24,095 ] 91 luthien5921+shinsei2 - INFO - Search submitted
[ 2024-04-29 22:45:24,176 ] 91 luthien5921+shinsei2 - INFO - Collected 20 forms
[ 2024-04-29 22:45:24,176 ] 91 luthien5921+shinsei2 - INFO - Collected 20 forms
[ 2024-04-29 22:45:24,176 ] 91 luthien5921+shinsei2 - INFO - Collected 20 forms
[ 2024-04-29 22:45:25,262 ] 91 luthien5921+shinsei2 - INFO - Number of filtered forms left is: 0 form(s)
[ 2024-04-29 22:45:25,262 ] 91 luthien5921+shinsei2 - INFO - Number of filtered forms left is: 0 form(s)
[ 2024-04-29 22:45:25,262 ] 91 luthien5921+shinsei2 - INFO - Number of filtered forms left is: 0 form(s)
[ 2024-04-29 22:45:25,262 ] 91 luthien5921+shinsei2 - ERROR - No form found
[ 2024-04-29 22:45:25,262 ] 91 luthien5921+shinsei2 - ERROR - No form found
[ 2024-04-29 22:45:25,262 ] 91 luthien5921+shinsei2 - ERROR - No form found
