[ 2024-04-29 22:45:03,464 ] 91 main_controller - INFO - Subprocess 0 started with trial number 0
[ 2024-04-29 22:45:03,464 ] 91 main_controller - ERROR - Account is a dictionary, convert to Account object: Username: luthien5921@gmail.com, Password: aichi@5921
[ 2024-04-29 22:45:05,478 ] 91 main_controller - INFO - Subprocess 1 started with trial number 0
[ 2024-04-29 22:45:05,478 ] 91 main_controller - INFO - Subprocess 1 started with trial number 0
[ 2024-04-29 22:45:05,478 ] 91 main_controller - ERROR - Account is a dictionary, convert to Account object: Username: luthien5921+shinsei1@gmail.com, Password: aichi@5921
[ 2024-04-29 22:45:05,478 ] 91 main_controller - ERROR - Account is a dictionary, convert to Account object: Username: luthien5921+shinsei1@gmail.com, Password: aichi@5921
[ 2024-04-29 22:45:06,465 ] 91 main_controller - INFO - Browser opened
[ 2024-04-29 22:45:06,465 ] 91 main_controller - INFO - Browser opened
[ 2024-04-29 22:45:07,422 ] 91 main_controller - INFO - Browser opened
[ 2024-04-29 22:45:07,422 ] 91 main_controller - INFO - Browser opened
[ 2024-04-29 22:45:07,492 ] 91 main_controller - INFO - Subprocess 2 started with trial number 0
[ 2024-04-29 22:45:07,492 ] 91 main_controller - INFO - Subprocess 2 started with trial number 0
[ 2024-04-29 22:45:07,492 ] 91 main_controller - INFO - Subprocess 2 started with trial number 0
[ 2024-04-29 22:45:07,496 ] 91 main_controller - ERROR - Account is a dictionary, convert to Account object: Username: luthien5921+shinsei2@gmail.com, Password: aichi@5921
[ 2024-04-29 22:45:07,496 ] 91 main_controller - ERROR - Account is a dictionary, convert to Account object: Username: luthien5921+shinsei2@gmail.com, Password: aichi@5921
[ 2024-04-29 22:45:07,496 ] 91 main_controller - ERROR - Account is a dictionary, convert to Account object: Username: luthien5921+shinsei2@gmail.com, Password: aichi@5921
[ 2024-04-29 22:45:10,779 ] 91 main_controller - INFO - Browser opened
[ 2024-04-29 22:45:10,779 ] 91 main_controller - INFO - Browser opened
[ 2024-04-29 22:45:10,779 ] 91 main_controller - INFO - Browser opened
[ 2024-04-29 22:45:19,933 ] 91 main_controller - INFO - Logged in successfully
[ 2024-04-29 22:45:19,933 ] 91 main_controller - INFO - Logged in successfully
[ 2024-04-29 22:45:19,933 ] 91 main_controller - INFO - Logged in successfully
[ 2024-04-29 22:45:20,169 ] 91 main_controller - INFO - Screenshot saved to C:\Users\USER\Projects\AichiTool\AichiSelenium\logs\2024_04_29\22_45_02\screenshot_luthien5921.png
[ 2024-04-29 22:45:20,169 ] 91 main_controller - INFO - Screenshot saved to C:\Users\USER\Projects\AichiTool\AichiSelenium\logs\2024_04_29\22_45_02\screenshot_luthien5921.png
[ 2024-04-29 22:45:20,169 ] 91 main_controller - INFO - Screenshot saved to C:\Users\USER\Projects\AichiTool\AichiSelenium\logs\2024_04_29\22_45_02\screenshot_luthien5921.png
[ 2024-04-29 22:45:20,169 ] 91 main_controller - INFO - Finding forms
[ 2024-04-29 22:45:20,169 ] 91 main_controller - INFO - Finding forms
[ 2024-04-29 22:45:20,169 ] 91 main_controller - INFO - Finding forms
[ 2024-04-29 22:45:20,326 ] 91 main_controller - INFO - Logged in successfully
[ 2024-04-29 22:45:20,326 ] 91 main_controller - INFO - Logged in successfully
[ 2024-04-29 22:45:20,326 ] 91 main_controller - INFO - Logged in successfully
[ 2024-04-29 22:45:20,587 ] 91 main_controller - INFO - Screenshot saved to C:\Users\USER\Projects\AichiTool\AichiSelenium\logs\2024_04_29\22_45_02\screenshot_luthien5921+shinsei1.png
[ 2024-04-29 22:45:20,587 ] 91 main_controller - INFO - Screenshot saved to C:\Users\USER\Projects\AichiTool\AichiSelenium\logs\2024_04_29\22_45_02\screenshot_luthien5921+shinsei1.png
[ 2024-04-29 22:45:20,587 ] 91 main_controller - INFO - Screenshot saved to C:\Users\USER\Projects\AichiTool\AichiSelenium\logs\2024_04_29\22_45_02\screenshot_luthien5921+shinsei1.png
[ 2024-04-29 22:45:20,589 ] 91 main_controller - INFO - Finding forms
[ 2024-04-29 22:45:20,589 ] 91 main_controller - INFO - Finding forms
[ 2024-04-29 22:45:20,589 ] 91 main_controller - INFO - Finding forms
[ 2024-04-29 22:45:21,884 ] 91 main_controller - INFO - Logged in successfully
[ 2024-04-29 22:45:21,884 ] 91 main_controller - INFO - Logged in successfully
[ 2024-04-29 22:45:21,884 ] 91 main_controller - INFO - Logged in successfully
[ 2024-04-29 22:45:22,175 ] 91 main_controller - INFO - Screenshot saved to C:\Users\USER\Projects\AichiTool\AichiSelenium\logs\2024_04_29\22_45_02\screenshot_luthien5921+shinsei2.png
[ 2024-04-29 22:45:22,175 ] 91 main_controller - INFO - Screenshot saved to C:\Users\USER\Projects\AichiTool\AichiSelenium\logs\2024_04_29\22_45_02\screenshot_luthien5921+shinsei2.png
[ 2024-04-29 22:45:22,175 ] 91 main_controller - INFO - Screenshot saved to C:\Users\USER\Projects\AichiTool\AichiSelenium\logs\2024_04_29\22_45_02\screenshot_luthien5921+shinsei2.png
[ 2024-04-29 22:45:22,179 ] 91 main_controller - INFO - Finding forms
[ 2024-04-29 22:45:22,179 ] 91 main_controller - INFO - Finding forms
[ 2024-04-29 22:45:22,179 ] 91 main_controller - INFO - Finding forms
