[ 2024-04-29 22:45:03,458 ] 91 root - INFO - Starting all threads
[ 2024-04-29 22:45:03,458 ] 91 root - INFO - Starting all threads
[ 2024-04-29 22:45:03,458 ] 91 root - INFO - Meta: {'__module__': 'src.globals', '__doc__': '        Meta configs        ', 'keyword': 'Hirabari', 'test_mode': False, 'debug_mode': True, 'onlyday': True, 'max_num_retry': 5, 'default_num_threads': 3, 'display_number': 50, 'main_phone_number_dash': '080-1583-0891', 'uc': True, 'headless': False, 'timeout': 900, '__dict__': <attribute '__dict__' of 'Meta' objects>, '__weakref__': <attribute '__weakref__' of 'Meta' objects>}
[ 2024-04-29 22:45:03,458 ] 91 root - INFO - Meta: {'__module__': 'src.globals', '__doc__': '        Meta configs        ', 'keyword': 'Hirabari', 'test_mode': False, 'debug_mode': True, 'onlyday': True, 'max_num_retry': 5, 'default_num_threads': 3, 'display_number': 50, 'main_phone_number_dash': '080-1583-0891', 'uc': True, 'headless': False, 'timeout': 900, '__dict__': <attribute '__dict__' of 'Meta' objects>, '__weakref__': <attribute '__weakref__' of 'Meta' objects>}
[ 2024-04-29 22:45:03,459 ] 91 root - INFO - Number of dev accounts: 0
[ 2024-04-29 22:45:03,459 ] 91 root - INFO - Number of dev accounts: 0
[ 2024-04-29 22:45:03,459 ] 91 root - INFO - Test mode: False
[ 2024-04-29 22:45:03,459 ] 91 root - INFO - Test mode: False
[ 2024-04-29 22:45:03,464 ] 91 main_controller - INFO - Subprocess 0 started with trial number 0
[ 2024-04-29 22:45:03,464 ] 91 main_controller - ERROR - Account is a dictionary, convert to Account object: Username: luthien5921@gmail.com, Password: aichi@5921
[ 2024-04-29 22:45:05,476 ] 91 root - INFO - Thread 0 started
[ 2024-04-29 22:45:05,476 ] 91 root - INFO - Thread 0 started
[ 2024-04-29 22:45:05,478 ] 91 main_controller - INFO - Subprocess 1 started with trial number 0
[ 2024-04-29 22:45:05,478 ] 91 main_controller - ERROR - Account is a dictionary, convert to Account object: Username: luthien5921+shinsei1@gmail.com, Password: aichi@5921
[ 2024-04-29 22:45:06,465 ] 91 main_controller - INFO - Browser opened
[ 2024-04-29 22:45:07,422 ] 91 main_controller - INFO - Browser opened
[ 2024-04-29 22:45:07,481 ] 91 root - INFO - Thread 1 started
[ 2024-04-29 22:45:07,481 ] 91 root - INFO - Thread 1 started
[ 2024-04-29 22:45:07,492 ] 91 main_controller - INFO - Subprocess 2 started with trial number 0
[ 2024-04-29 22:45:07,496 ] 91 main_controller - ERROR - Account is a dictionary, convert to Account object: Username: luthien5921+shinsei2@gmail.com, Password: aichi@5921
[ 2024-04-29 22:45:09,527 ] 91 root - INFO - Thread 2 started
[ 2024-04-29 22:45:09,527 ] 91 root - INFO - Thread 2 started
[ 2024-04-29 22:45:10,779 ] 91 main_controller - INFO - Browser opened
[ 2024-04-29 22:45:13,315 ] 91 luthien5921 - INFO - Opened login page
[ 2024-04-29 22:45:13,988 ] 91 luthien5921+shinsei1 - INFO - Opened login page
[ 2024-04-29 22:45:17,979 ] 91 luthien5921+shinsei2 - INFO - Opened login page
[ 2024-04-29 22:45:19,612 ] 91 luthien5921 - INFO - Logging in
[ 2024-04-29 22:45:19,622 ] 91 luthien5921 - INFO - Current url: https://www.shinsei.e-aichi.jp/pref-aichi-police-u/offer/offerList_initDisplay
[ 2024-04-29 22:45:19,932 ] 91 luthien5921 - INFO - Logged in finished
[ 2024-04-29 22:45:19,933 ] 91 main_controller - INFO - Logged in successfully
[ 2024-04-29 22:45:20,011 ] 91 luthien5921+shinsei1 - INFO - Logging in
[ 2024-04-29 22:45:20,016 ] 91 luthien5921+shinsei1 - INFO - Current url: https://www.shinsei.e-aichi.jp/pref-aichi-police-u/offer/offerList_initDisplay
[ 2024-04-29 22:45:20,169 ] 91 main_controller - INFO - Screenshot saved to C:\Users\USER\Projects\AichiTool\AichiSelenium\logs\2024_04_29\22_45_02\screenshot_luthien5921.png
[ 2024-04-29 22:45:20,169 ] 91 main_controller - INFO - Finding forms
[ 2024-04-29 22:45:20,173 ] 91 luthien5921 - INFO - On main page
[ 2024-04-29 22:45:20,325 ] 91 luthien5921+shinsei1 - INFO - Logged in finished
[ 2024-04-29 22:45:20,326 ] 91 main_controller - INFO - Logged in successfully
[ 2024-04-29 22:45:20,587 ] 91 main_controller - INFO - Screenshot saved to C:\Users\USER\Projects\AichiTool\AichiSelenium\logs\2024_04_29\22_45_02\screenshot_luthien5921+shinsei1.png
[ 2024-04-29 22:45:20,589 ] 91 main_controller - INFO - Finding forms
[ 2024-04-29 22:45:20,599 ] 91 luthien5921+shinsei1 - INFO - On main page
[ 2024-04-29 22:45:21,550 ] 91 luthien5921+shinsei2 - INFO - Logging in
[ 2024-04-29 22:45:21,555 ] 91 luthien5921+shinsei2 - INFO - Current url: https://www.shinsei.e-aichi.jp/pref-aichi-police-u/offer/offerList_initDisplay
[ 2024-04-29 22:45:21,678 ] 91 luthien5921 - INFO - Search submitted
[ 2024-04-29 22:45:21,711 ] 91 luthien5921 - INFO - Collected 20 forms
[ 2024-04-29 22:45:21,883 ] 91 luthien5921+shinsei2 - INFO - Logged in finished
[ 2024-04-29 22:45:21,884 ] 91 main_controller - INFO - Logged in successfully
[ 2024-04-29 22:45:22,175 ] 91 main_controller - INFO - Screenshot saved to C:\Users\USER\Projects\AichiTool\AichiSelenium\logs\2024_04_29\22_45_02\screenshot_luthien5921+shinsei2.png
[ 2024-04-29 22:45:22,179 ] 91 main_controller - INFO - Finding forms
[ 2024-04-29 22:45:22,189 ] 91 luthien5921+shinsei2 - INFO - On main page
[ 2024-04-29 22:45:22,634 ] 91 luthien5921+shinsei1 - INFO - Search submitted
[ 2024-04-29 22:45:22,684 ] 91 luthien5921+shinsei1 - INFO - Collected 20 forms
[ 2024-04-29 22:45:22,971 ] 91 luthien5921 - INFO - Number of filtered forms left is: 0 form(s)
[ 2024-04-29 22:45:22,978 ] 91 luthien5921 - ERROR - No form found
[ 2024-04-29 22:45:24,071 ] 91 luthien5921+shinsei1 - INFO - Number of filtered forms left is: 0 form(s)
[ 2024-04-29 22:45:24,072 ] 91 luthien5921+shinsei1 - ERROR - No form found
[ 2024-04-29 22:45:24,095 ] 91 luthien5921+shinsei2 - INFO - Search submitted
[ 2024-04-29 22:45:24,176 ] 91 luthien5921+shinsei2 - INFO - Collected 20 forms
[ 2024-04-29 22:45:25,141 ] 91 luthien5921 - INFO - Collected 20 forms
[ 2024-04-29 22:45:25,262 ] 91 luthien5921+shinsei2 - INFO - Number of filtered forms left is: 0 form(s)
[ 2024-04-29 22:45:25,262 ] 91 luthien5921+shinsei2 - ERROR - No form found
[ 2024-04-29 22:45:25,592 ] 91 luthien5921 - INFO - Number of filtered forms left is: 0 form(s)
[ 2024-04-29 22:45:25,593 ] 91 luthien5921 - ERROR - No form found
