[ 2024-04-17 00:12:40,779 ] 94 Jamebrown0206 - INFO - Opened login page
[ 2024-04-17 00:12:40,779 ] 94 Jamebrown0206 - INFO - Opened login page
[ 2024-04-17 00:12:40,779 ] 94 Jamebrown0206 - INFO - Opened login page
[ 2024-04-17 00:12:50,013 ] 94 Jamebrown0206 - INFO - Opened login page
[ 2024-04-17 00:12:50,013 ] 94 Jamebrown0206 - INFO - Opened login page
[ 2024-04-17 00:12:50,013 ] 94 Jamebrown0206 - INFO - Opened login page
[ 2024-04-17 00:12:50,013 ] 94 Jamebrown0206 - INFO - Opened login page
[ 2024-04-17 00:12:50,013 ] 94 Jamebrown0206 - INFO - Opened login page
[ 2024-04-17 00:12:50,013 ] 94 Jamebrown0206 - INFO - Opened login page
[ 2024-04-17 00:12:54,563 ] 94 Jamebrown0206 - INFO - Logging in
[ 2024-04-17 00:12:54,563 ] 94 Jamebrown0206 - INFO - Logging in
[ 2024-04-17 00:12:54,563 ] 94 Jamebrown0206 - INFO - Logging in
[ 2024-04-17 00:12:54,563 ] 94 Jamebrown0206 - INFO - Logging in
[ 2024-04-17 00:12:54,563 ] 94 Jamebrown0206 - INFO - Logging in
[ 2024-04-17 00:12:54,563 ] 94 Jamebrown0206 - INFO - Logging in
[ 2024-04-17 00:12:54,576 ] 94 Jamebrown0206 - INFO - Current url: https://www.shinsei.e-aichi.jp/pref-aichi-police-u/offer/offerList_initDisplay
[ 2024-04-17 00:12:54,576 ] 94 Jamebrown0206 - INFO - Current url: https://www.shinsei.e-aichi.jp/pref-aichi-police-u/offer/offerList_initDisplay
[ 2024-04-17 00:12:54,576 ] 94 Jamebrown0206 - INFO - Current url: https://www.shinsei.e-aichi.jp/pref-aichi-police-u/offer/offerList_initDisplay
[ 2024-04-17 00:12:54,576 ] 94 Jamebrown0206 - INFO - Current url: https://www.shinsei.e-aichi.jp/pref-aichi-police-u/offer/offerList_initDisplay
[ 2024-04-17 00:12:54,576 ] 94 Jamebrown0206 - INFO - Current url: https://www.shinsei.e-aichi.jp/pref-aichi-police-u/offer/offerList_initDisplay
[ 2024-04-17 00:12:54,576 ] 94 Jamebrown0206 - INFO - Current url: https://www.shinsei.e-aichi.jp/pref-aichi-police-u/offer/offerList_initDisplay
[ 2024-04-17 00:12:54,891 ] 94 Jamebrown0206 - INFO - Logged in finished
[ 2024-04-17 00:12:54,891 ] 94 Jamebrown0206 - INFO - Logged in finished
[ 2024-04-17 00:12:54,891 ] 94 Jamebrown0206 - INFO - Logged in finished
[ 2024-04-17 00:12:54,891 ] 94 Jamebrown0206 - INFO - Logged in finished
[ 2024-04-17 00:12:54,891 ] 94 Jamebrown0206 - INFO - Logged in finished
[ 2024-04-17 00:12:54,891 ] 94 Jamebrown0206 - INFO - Logged in finished
[ 2024-04-17 00:12:55,150 ] 94 Jamebrown0206 - INFO - On main page
[ 2024-04-17 00:12:55,150 ] 94 Jamebrown0206 - INFO - On main page
[ 2024-04-17 00:12:55,150 ] 94 Jamebrown0206 - INFO - On main page
[ 2024-04-17 00:12:55,150 ] 94 Jamebrown0206 - INFO - On main page
[ 2024-04-17 00:12:55,150 ] 94 Jamebrown0206 - INFO - On main page
[ 2024-04-17 00:12:55,150 ] 94 Jamebrown0206 - INFO - On main page
[ 2024-04-17 00:12:56,645 ] 94 Jamebrown0206 - INFO - Search submitted
[ 2024-04-17 00:12:56,645 ] 94 Jamebrown0206 - INFO - Search submitted
[ 2024-04-17 00:12:56,645 ] 94 Jamebrown0206 - INFO - Search submitted
[ 2024-04-17 00:12:56,645 ] 94 Jamebrown0206 - INFO - Search submitted
[ 2024-04-17 00:12:56,645 ] 94 Jamebrown0206 - INFO - Search submitted
[ 2024-04-17 00:12:56,645 ] 94 Jamebrown0206 - INFO - Search submitted
[ 2024-04-17 00:12:56,679 ] 94 Jamebrown0206 - INFO - Collected 20 forms
[ 2024-04-17 00:12:56,679 ] 94 Jamebrown0206 - INFO - Collected 20 forms
[ 2024-04-17 00:12:56,679 ] 94 Jamebrown0206 - INFO - Collected 20 forms
[ 2024-04-17 00:12:56,679 ] 94 Jamebrown0206 - INFO - Collected 20 forms
[ 2024-04-17 00:12:56,679 ] 94 Jamebrown0206 - INFO - Collected 20 forms
[ 2024-04-17 00:12:56,679 ] 94 Jamebrown0206 - INFO - Collected 20 forms
[ 2024-04-17 00:12:56,709 ] 94 Jamebrown0206 - INFO - Parsed data: title: ＜05月02日(木) 08:45～09:30＞[平針]外国免許切替審査 Hirabari Exchanging Foreign Driver's License, status: None, start_date: 2024年04月18日 07時30分, end_date: 2024年04月30日 12時00分, template_seq: 96126
[ 2024-04-17 00:12:56,709 ] 94 Jamebrown0206 - INFO - Parsed data: title: ＜05月02日(木) 08:45～09:30＞[平針]外国免許切替審査 Hirabari Exchanging Foreign Driver's License, status: None, start_date: 2024年04月18日 07時30分, end_date: 2024年04月30日 12時00分, template_seq: 96126
[ 2024-04-17 00:12:56,709 ] 94 Jamebrown0206 - INFO - Parsed data: title: ＜05月02日(木) 08:45～09:30＞[平針]外国免許切替審査 Hirabari Exchanging Foreign Driver's License, status: None, start_date: 2024年04月18日 07時30分, end_date: 2024年04月30日 12時00分, template_seq: 96126
[ 2024-04-17 00:12:56,709 ] 94 Jamebrown0206 - INFO - Parsed data: title: ＜05月02日(木) 08:45～09:30＞[平針]外国免許切替審査 Hirabari Exchanging Foreign Driver's License, status: None, start_date: 2024年04月18日 07時30分, end_date: 2024年04月30日 12時00分, template_seq: 96126
[ 2024-04-17 00:12:56,709 ] 94 Jamebrown0206 - INFO - Parsed data: title: ＜05月02日(木) 08:45～09:30＞[平針]外国免許切替審査 Hirabari Exchanging Foreign Driver's License, status: None, start_date: 2024年04月18日 07時30分, end_date: 2024年04月30日 12時00分, template_seq: 96126
[ 2024-04-17 00:12:56,709 ] 94 Jamebrown0206 - INFO - Parsed data: title: ＜05月02日(木) 08:45～09:30＞[平針]外国免許切替審査 Hirabari Exchanging Foreign Driver's License, status: None, start_date: 2024年04月18日 07時30分, end_date: 2024年04月30日 12時00分, template_seq: 96126
[ 2024-04-17 00:12:56,736 ] 94 Jamebrown0206 - INFO - Parsed data: title: ＜05月02日(木) 09:30～10:30＞[平針]外国免許切替審査 Hirabari Exchanging Foreign Driver's License, status: None, start_date: 2024年04月18日 07時30分, end_date: 2024年04月30日 12時00分, template_seq: 96127
[ 2024-04-17 00:12:56,736 ] 94 Jamebrown0206 - INFO - Parsed data: title: ＜05月02日(木) 09:30～10:30＞[平針]外国免許切替審査 Hirabari Exchanging Foreign Driver's License, status: None, start_date: 2024年04月18日 07時30分, end_date: 2024年04月30日 12時00分, template_seq: 96127
[ 2024-04-17 00:12:56,736 ] 94 Jamebrown0206 - INFO - Parsed data: title: ＜05月02日(木) 09:30～10:30＞[平針]外国免許切替審査 Hirabari Exchanging Foreign Driver's License, status: None, start_date: 2024年04月18日 07時30分, end_date: 2024年04月30日 12時00分, template_seq: 96127
[ 2024-04-17 00:12:56,736 ] 94 Jamebrown0206 - INFO - Parsed data: title: ＜05月02日(木) 09:30～10:30＞[平針]外国免許切替審査 Hirabari Exchanging Foreign Driver's License, status: None, start_date: 2024年04月18日 07時30分, end_date: 2024年04月30日 12時00分, template_seq: 96127
[ 2024-04-17 00:12:56,736 ] 94 Jamebrown0206 - INFO - Parsed data: title: ＜05月02日(木) 09:30～10:30＞[平針]外国免許切替審査 Hirabari Exchanging Foreign Driver's License, status: None, start_date: 2024年04月18日 07時30分, end_date: 2024年04月30日 12時00分, template_seq: 96127
[ 2024-04-17 00:12:56,736 ] 94 Jamebrown0206 - INFO - Parsed data: title: ＜05月02日(木) 09:30～10:30＞[平針]外国免許切替審査 Hirabari Exchanging Foreign Driver's License, status: None, start_date: 2024年04月18日 07時30分, end_date: 2024年04月30日 12時00分, template_seq: 96127
[ 2024-04-17 00:12:56,759 ] 94 Jamebrown0206 - INFO - Parsed data: title: ＜05月02日(木) 10:30～11:45＞[平針]外国免許切替審査 Hirabari Exchanging Foreign Driver's License, status: None, start_date: 2024年04月18日 07時30分, end_date: 2024年04月30日 12時00分, template_seq: 96128
[ 2024-04-17 00:12:56,759 ] 94 Jamebrown0206 - INFO - Parsed data: title: ＜05月02日(木) 10:30～11:45＞[平針]外国免許切替審査 Hirabari Exchanging Foreign Driver's License, status: None, start_date: 2024年04月18日 07時30分, end_date: 2024年04月30日 12時00分, template_seq: 96128
[ 2024-04-17 00:12:56,759 ] 94 Jamebrown0206 - INFO - Parsed data: title: ＜05月02日(木) 10:30～11:45＞[平針]外国免許切替審査 Hirabari Exchanging Foreign Driver's License, status: None, start_date: 2024年04月18日 07時30分, end_date: 2024年04月30日 12時00分, template_seq: 96128
[ 2024-04-17 00:12:56,759 ] 94 Jamebrown0206 - INFO - Parsed data: title: ＜05月02日(木) 10:30～11:45＞[平針]外国免許切替審査 Hirabari Exchanging Foreign Driver's License, status: None, start_date: 2024年04月18日 07時30分, end_date: 2024年04月30日 12時00分, template_seq: 96128
[ 2024-04-17 00:12:56,759 ] 94 Jamebrown0206 - INFO - Parsed data: title: ＜05月02日(木) 10:30～11:45＞[平針]外国免許切替審査 Hirabari Exchanging Foreign Driver's License, status: None, start_date: 2024年04月18日 07時30分, end_date: 2024年04月30日 12時00分, template_seq: 96128
[ 2024-04-17 00:12:56,759 ] 94 Jamebrown0206 - INFO - Parsed data: title: ＜05月02日(木) 10:30～11:45＞[平針]外国免許切替審査 Hirabari Exchanging Foreign Driver's License, status: None, start_date: 2024年04月18日 07時30分, end_date: 2024年04月30日 12時00分, template_seq: 96128
[ 2024-04-17 00:12:56,781 ] 94 Jamebrown0206 - INFO - Parsed data: title: ＜05月02日(木) 12:45～13:30＞[平針]外国免許切替審査 Hirabari Exchanging Foreign Driver's License, status: None, start_date: 2024年04月18日 07時30分, end_date: 2024年04月30日 12時00分, template_seq: 96129
[ 2024-04-17 00:12:56,781 ] 94 Jamebrown0206 - INFO - Parsed data: title: ＜05月02日(木) 12:45～13:30＞[平針]外国免許切替審査 Hirabari Exchanging Foreign Driver's License, status: None, start_date: 2024年04月18日 07時30分, end_date: 2024年04月30日 12時00分, template_seq: 96129
[ 2024-04-17 00:12:56,781 ] 94 Jamebrown0206 - INFO - Parsed data: title: ＜05月02日(木) 12:45～13:30＞[平針]外国免許切替審査 Hirabari Exchanging Foreign Driver's License, status: None, start_date: 2024年04月18日 07時30分, end_date: 2024年04月30日 12時00分, template_seq: 96129
[ 2024-04-17 00:12:56,781 ] 94 Jamebrown0206 - INFO - Parsed data: title: ＜05月02日(木) 12:45～13:30＞[平針]外国免許切替審査 Hirabari Exchanging Foreign Driver's License, status: None, start_date: 2024年04月18日 07時30分, end_date: 2024年04月30日 12時00分, template_seq: 96129
[ 2024-04-17 00:12:56,781 ] 94 Jamebrown0206 - INFO - Parsed data: title: ＜05月02日(木) 12:45～13:30＞[平針]外国免許切替審査 Hirabari Exchanging Foreign Driver's License, status: None, start_date: 2024年04月18日 07時30分, end_date: 2024年04月30日 12時00分, template_seq: 96129
[ 2024-04-17 00:12:56,781 ] 94 Jamebrown0206 - INFO - Parsed data: title: ＜05月02日(木) 12:45～13:30＞[平針]外国免許切替審査 Hirabari Exchanging Foreign Driver's License, status: None, start_date: 2024年04月18日 07時30分, end_date: 2024年04月30日 12時00分, template_seq: 96129
[ 2024-04-17 00:12:56,811 ] 94 Jamebrown0206 - INFO - Parsed data: title: ＜05月02日(木) 13:30～14:45＞[平針]外国免許切替審査 Hirabari Exchanging Foreign Driver's License, status: None, start_date: 2024年04月18日 07時30分, end_date: 2024年04月30日 12時00分, template_seq: 96130
[ 2024-04-17 00:12:56,811 ] 94 Jamebrown0206 - INFO - Parsed data: title: ＜05月02日(木) 13:30～14:45＞[平針]外国免許切替審査 Hirabari Exchanging Foreign Driver's License, status: None, start_date: 2024年04月18日 07時30分, end_date: 2024年04月30日 12時00分, template_seq: 96130
[ 2024-04-17 00:12:56,811 ] 94 Jamebrown0206 - INFO - Parsed data: title: ＜05月02日(木) 13:30～14:45＞[平針]外国免許切替審査 Hirabari Exchanging Foreign Driver's License, status: None, start_date: 2024年04月18日 07時30分, end_date: 2024年04月30日 12時00分, template_seq: 96130
[ 2024-04-17 00:12:56,811 ] 94 Jamebrown0206 - INFO - Parsed data: title: ＜05月02日(木) 13:30～14:45＞[平針]外国免許切替審査 Hirabari Exchanging Foreign Driver's License, status: None, start_date: 2024年04月18日 07時30分, end_date: 2024年04月30日 12時00分, template_seq: 96130
[ 2024-04-17 00:12:56,811 ] 94 Jamebrown0206 - INFO - Parsed data: title: ＜05月02日(木) 13:30～14:45＞[平針]外国免許切替審査 Hirabari Exchanging Foreign Driver's License, status: None, start_date: 2024年04月18日 07時30分, end_date: 2024年04月30日 12時00分, template_seq: 96130
[ 2024-04-17 00:12:56,811 ] 94 Jamebrown0206 - INFO - Parsed data: title: ＜05月02日(木) 13:30～14:45＞[平針]外国免許切替審査 Hirabari Exchanging Foreign Driver's License, status: None, start_date: 2024年04月18日 07時30分, end_date: 2024年04月30日 12時00分, template_seq: 96130
[ 2024-04-17 00:12:56,833 ] 94 Jamebrown0206 - INFO - Parsed data: title: ＜05月01日(水) 08:45～09:30＞[平針]外国免許切替審査 Hirabari Exchanging Foreign Driver's License, status: None, start_date: 2024年04月17日 07時30分, end_date: 2024年04月26日 12時00分, template_seq: 96088
[ 2024-04-17 00:12:56,833 ] 94 Jamebrown0206 - INFO - Parsed data: title: ＜05月01日(水) 08:45～09:30＞[平針]外国免許切替審査 Hirabari Exchanging Foreign Driver's License, status: None, start_date: 2024年04月17日 07時30分, end_date: 2024年04月26日 12時00分, template_seq: 96088
[ 2024-04-17 00:12:56,833 ] 94 Jamebrown0206 - INFO - Parsed data: title: ＜05月01日(水) 08:45～09:30＞[平針]外国免許切替審査 Hirabari Exchanging Foreign Driver's License, status: None, start_date: 2024年04月17日 07時30分, end_date: 2024年04月26日 12時00分, template_seq: 96088
[ 2024-04-17 00:12:56,833 ] 94 Jamebrown0206 - INFO - Parsed data: title: ＜05月01日(水) 08:45～09:30＞[平針]外国免許切替審査 Hirabari Exchanging Foreign Driver's License, status: None, start_date: 2024年04月17日 07時30分, end_date: 2024年04月26日 12時00分, template_seq: 96088
[ 2024-04-17 00:12:56,833 ] 94 Jamebrown0206 - INFO - Parsed data: title: ＜05月01日(水) 08:45～09:30＞[平針]外国免許切替審査 Hirabari Exchanging Foreign Driver's License, status: None, start_date: 2024年04月17日 07時30分, end_date: 2024年04月26日 12時00分, template_seq: 96088
[ 2024-04-17 00:12:56,833 ] 94 Jamebrown0206 - INFO - Parsed data: title: ＜05月01日(水) 08:45～09:30＞[平針]外国免許切替審査 Hirabari Exchanging Foreign Driver's License, status: None, start_date: 2024年04月17日 07時30分, end_date: 2024年04月26日 12時00分, template_seq: 96088
[ 2024-04-17 00:12:56,834 ] 94 Jamebrown0206 - INFO - Parsed data: title: ＜05月01日(水) 08:45～09:30＞[平針]外国免許切替審査 Hirabari Exchanging Foreign Driver's License, status: None, start_date: 2024年04月17日 07時30分, end_date: 2024年04月26日 12時00分, template_seq: 96088
[ 2024-04-17 00:12:56,834 ] 94 Jamebrown0206 - INFO - Parsed data: title: ＜05月01日(水) 08:45～09:30＞[平針]外国免許切替審査 Hirabari Exchanging Foreign Driver's License, status: None, start_date: 2024年04月17日 07時30分, end_date: 2024年04月26日 12時00分, template_seq: 96088
[ 2024-04-17 00:12:56,834 ] 94 Jamebrown0206 - INFO - Parsed data: title: ＜05月01日(水) 08:45～09:30＞[平針]外国免許切替審査 Hirabari Exchanging Foreign Driver's License, status: None, start_date: 2024年04月17日 07時30分, end_date: 2024年04月26日 12時00分, template_seq: 96088
[ 2024-04-17 00:12:56,834 ] 94 Jamebrown0206 - INFO - Parsed data: title: ＜05月01日(水) 08:45～09:30＞[平針]外国免許切替審査 Hirabari Exchanging Foreign Driver's License, status: None, start_date: 2024年04月17日 07時30分, end_date: 2024年04月26日 12時00分, template_seq: 96088
[ 2024-04-17 00:12:56,834 ] 94 Jamebrown0206 - INFO - Parsed data: title: ＜05月01日(水) 08:45～09:30＞[平針]外国免許切替審査 Hirabari Exchanging Foreign Driver's License, status: None, start_date: 2024年04月17日 07時30分, end_date: 2024年04月26日 12時00分, template_seq: 96088
[ 2024-04-17 00:12:56,834 ] 94 Jamebrown0206 - INFO - Parsed data: title: ＜05月01日(水) 08:45～09:30＞[平針]外国免許切替審査 Hirabari Exchanging Foreign Driver's License, status: None, start_date: 2024年04月17日 07時30分, end_date: 2024年04月26日 12時00分, template_seq: 96088
[ 2024-04-17 00:12:56,857 ] 94 Jamebrown0206 - INFO - Parsed data: title: ＜05月01日(水) 09:30～10:30＞[平針]外国免許切替審査 Hirabari Exchanging Foreign Driver's License, status: None, start_date: 2024年04月17日 07時30分, end_date: 2024年04月26日 12時00分, template_seq: 96089
[ 2024-04-17 00:12:56,857 ] 94 Jamebrown0206 - INFO - Parsed data: title: ＜05月01日(水) 09:30～10:30＞[平針]外国免許切替審査 Hirabari Exchanging Foreign Driver's License, status: None, start_date: 2024年04月17日 07時30分, end_date: 2024年04月26日 12時00分, template_seq: 96089
[ 2024-04-17 00:12:56,857 ] 94 Jamebrown0206 - INFO - Parsed data: title: ＜05月01日(水) 09:30～10:30＞[平針]外国免許切替審査 Hirabari Exchanging Foreign Driver's License, status: None, start_date: 2024年04月17日 07時30分, end_date: 2024年04月26日 12時00分, template_seq: 96089
[ 2024-04-17 00:12:56,857 ] 94 Jamebrown0206 - INFO - Parsed data: title: ＜05月01日(水) 09:30～10:30＞[平針]外国免許切替審査 Hirabari Exchanging Foreign Driver's License, status: None, start_date: 2024年04月17日 07時30分, end_date: 2024年04月26日 12時00分, template_seq: 96089
[ 2024-04-17 00:12:56,857 ] 94 Jamebrown0206 - INFO - Parsed data: title: ＜05月01日(水) 09:30～10:30＞[平針]外国免許切替審査 Hirabari Exchanging Foreign Driver's License, status: None, start_date: 2024年04月17日 07時30分, end_date: 2024年04月26日 12時00分, template_seq: 96089
[ 2024-04-17 00:12:56,857 ] 94 Jamebrown0206 - INFO - Parsed data: title: ＜05月01日(水) 09:30～10:30＞[平針]外国免許切替審査 Hirabari Exchanging Foreign Driver's License, status: None, start_date: 2024年04月17日 07時30分, end_date: 2024年04月26日 12時00分, template_seq: 96089
[ 2024-04-17 00:12:56,858 ] 94 Jamebrown0206 - INFO - Parsed data: title: ＜05月01日(水) 09:30～10:30＞[平針]外国免許切替審査 Hirabari Exchanging Foreign Driver's License, status: None, start_date: 2024年04月17日 07時30分, end_date: 2024年04月26日 12時00分, template_seq: 96089
[ 2024-04-17 00:12:56,858 ] 94 Jamebrown0206 - INFO - Parsed data: title: ＜05月01日(水) 09:30～10:30＞[平針]外国免許切替審査 Hirabari Exchanging Foreign Driver's License, status: None, start_date: 2024年04月17日 07時30分, end_date: 2024年04月26日 12時00分, template_seq: 96089
[ 2024-04-17 00:12:56,858 ] 94 Jamebrown0206 - INFO - Parsed data: title: ＜05月01日(水) 09:30～10:30＞[平針]外国免許切替審査 Hirabari Exchanging Foreign Driver's License, status: None, start_date: 2024年04月17日 07時30分, end_date: 2024年04月26日 12時00分, template_seq: 96089
[ 2024-04-17 00:12:56,858 ] 94 Jamebrown0206 - INFO - Parsed data: title: ＜05月01日(水) 09:30～10:30＞[平針]外国免許切替審査 Hirabari Exchanging Foreign Driver's License, status: None, start_date: 2024年04月17日 07時30分, end_date: 2024年04月26日 12時00分, template_seq: 96089
[ 2024-04-17 00:12:56,858 ] 94 Jamebrown0206 - INFO - Parsed data: title: ＜05月01日(水) 09:30～10:30＞[平針]外国免許切替審査 Hirabari Exchanging Foreign Driver's License, status: None, start_date: 2024年04月17日 07時30分, end_date: 2024年04月26日 12時00分, template_seq: 96089
[ 2024-04-17 00:12:56,858 ] 94 Jamebrown0206 - INFO - Parsed data: title: ＜05月01日(水) 09:30～10:30＞[平針]外国免許切替審査 Hirabari Exchanging Foreign Driver's License, status: None, start_date: 2024年04月17日 07時30分, end_date: 2024年04月26日 12時00分, template_seq: 96089
[ 2024-04-17 00:12:56,880 ] 94 Jamebrown0206 - INFO - Parsed data: title: ＜05月01日(水) 10:30～11:45＞[平針]外国免許切替審査 Hirabari Exchanging Foreign Driver's License, status: None, start_date: 2024年04月17日 07時30分, end_date: 2024年04月26日 12時00分, template_seq: 96090
[ 2024-04-17 00:12:56,880 ] 94 Jamebrown0206 - INFO - Parsed data: title: ＜05月01日(水) 10:30～11:45＞[平針]外国免許切替審査 Hirabari Exchanging Foreign Driver's License, status: None, start_date: 2024年04月17日 07時30分, end_date: 2024年04月26日 12時00分, template_seq: 96090
[ 2024-04-17 00:12:56,880 ] 94 Jamebrown0206 - INFO - Parsed data: title: ＜05月01日(水) 10:30～11:45＞[平針]外国免許切替審査 Hirabari Exchanging Foreign Driver's License, status: None, start_date: 2024年04月17日 07時30分, end_date: 2024年04月26日 12時00分, template_seq: 96090
[ 2024-04-17 00:12:56,880 ] 94 Jamebrown0206 - INFO - Parsed data: title: ＜05月01日(水) 10:30～11:45＞[平針]外国免許切替審査 Hirabari Exchanging Foreign Driver's License, status: None, start_date: 2024年04月17日 07時30分, end_date: 2024年04月26日 12時00分, template_seq: 96090
[ 2024-04-17 00:12:56,880 ] 94 Jamebrown0206 - INFO - Parsed data: title: ＜05月01日(水) 10:30～11:45＞[平針]外国免許切替審査 Hirabari Exchanging Foreign Driver's License, status: None, start_date: 2024年04月17日 07時30分, end_date: 2024年04月26日 12時00分, template_seq: 96090
[ 2024-04-17 00:12:56,880 ] 94 Jamebrown0206 - INFO - Parsed data: title: ＜05月01日(水) 10:30～11:45＞[平針]外国免許切替審査 Hirabari Exchanging Foreign Driver's License, status: None, start_date: 2024年04月17日 07時30分, end_date: 2024年04月26日 12時00分, template_seq: 96090
[ 2024-04-17 00:12:56,880 ] 94 Jamebrown0206 - INFO - Parsed data: title: ＜05月01日(水) 10:30～11:45＞[平針]外国免許切替審査 Hirabari Exchanging Foreign Driver's License, status: None, start_date: 2024年04月17日 07時30分, end_date: 2024年04月26日 12時00分, template_seq: 96090
[ 2024-04-17 00:12:56,880 ] 94 Jamebrown0206 - INFO - Parsed data: title: ＜05月01日(水) 10:30～11:45＞[平針]外国免許切替審査 Hirabari Exchanging Foreign Driver's License, status: None, start_date: 2024年04月17日 07時30分, end_date: 2024年04月26日 12時00分, template_seq: 96090
[ 2024-04-17 00:12:56,880 ] 94 Jamebrown0206 - INFO - Parsed data: title: ＜05月01日(水) 10:30～11:45＞[平針]外国免許切替審査 Hirabari Exchanging Foreign Driver's License, status: None, start_date: 2024年04月17日 07時30分, end_date: 2024年04月26日 12時00分, template_seq: 96090
[ 2024-04-17 00:12:56,880 ] 94 Jamebrown0206 - INFO - Parsed data: title: ＜05月01日(水) 10:30～11:45＞[平針]外国免許切替審査 Hirabari Exchanging Foreign Driver's License, status: None, start_date: 2024年04月17日 07時30分, end_date: 2024年04月26日 12時00分, template_seq: 96090
[ 2024-04-17 00:12:56,880 ] 94 Jamebrown0206 - INFO - Parsed data: title: ＜05月01日(水) 10:30～11:45＞[平針]外国免許切替審査 Hirabari Exchanging Foreign Driver's License, status: None, start_date: 2024年04月17日 07時30分, end_date: 2024年04月26日 12時00分, template_seq: 96090
[ 2024-04-17 00:12:56,880 ] 94 Jamebrown0206 - INFO - Parsed data: title: ＜05月01日(水) 10:30～11:45＞[平針]外国免許切替審査 Hirabari Exchanging Foreign Driver's License, status: None, start_date: 2024年04月17日 07時30分, end_date: 2024年04月26日 12時00分, template_seq: 96090
[ 2024-04-17 00:12:56,902 ] 94 Jamebrown0206 - INFO - Parsed data: title: ＜05月01日(水) 12:45～13:30＞[平針]外国免許切替審査 Hirabari Exchanging Foreign Driver's License, status: None, start_date: 2024年04月17日 07時30分, end_date: 2024年04月26日 12時00分, template_seq: 96091
[ 2024-04-17 00:12:56,902 ] 94 Jamebrown0206 - INFO - Parsed data: title: ＜05月01日(水) 12:45～13:30＞[平針]外国免許切替審査 Hirabari Exchanging Foreign Driver's License, status: None, start_date: 2024年04月17日 07時30分, end_date: 2024年04月26日 12時00分, template_seq: 96091
[ 2024-04-17 00:12:56,902 ] 94 Jamebrown0206 - INFO - Parsed data: title: ＜05月01日(水) 12:45～13:30＞[平針]外国免許切替審査 Hirabari Exchanging Foreign Driver's License, status: None, start_date: 2024年04月17日 07時30分, end_date: 2024年04月26日 12時00分, template_seq: 96091
[ 2024-04-17 00:12:56,902 ] 94 Jamebrown0206 - INFO - Parsed data: title: ＜05月01日(水) 12:45～13:30＞[平針]外国免許切替審査 Hirabari Exchanging Foreign Driver's License, status: None, start_date: 2024年04月17日 07時30分, end_date: 2024年04月26日 12時00分, template_seq: 96091
[ 2024-04-17 00:12:56,902 ] 94 Jamebrown0206 - INFO - Parsed data: title: ＜05月01日(水) 12:45～13:30＞[平針]外国免許切替審査 Hirabari Exchanging Foreign Driver's License, status: None, start_date: 2024年04月17日 07時30分, end_date: 2024年04月26日 12時00分, template_seq: 96091
[ 2024-04-17 00:12:56,902 ] 94 Jamebrown0206 - INFO - Parsed data: title: ＜05月01日(水) 12:45～13:30＞[平針]外国免許切替審査 Hirabari Exchanging Foreign Driver's License, status: None, start_date: 2024年04月17日 07時30分, end_date: 2024年04月26日 12時00分, template_seq: 96091
[ 2024-04-17 00:12:56,903 ] 94 Jamebrown0206 - INFO - Parsed data: title: ＜05月01日(水) 12:45～13:30＞[平針]外国免許切替審査 Hirabari Exchanging Foreign Driver's License, status: None, start_date: 2024年04月17日 07時30分, end_date: 2024年04月26日 12時00分, template_seq: 96091
[ 2024-04-17 00:12:56,903 ] 94 Jamebrown0206 - INFO - Parsed data: title: ＜05月01日(水) 12:45～13:30＞[平針]外国免許切替審査 Hirabari Exchanging Foreign Driver's License, status: None, start_date: 2024年04月17日 07時30分, end_date: 2024年04月26日 12時00分, template_seq: 96091
[ 2024-04-17 00:12:56,903 ] 94 Jamebrown0206 - INFO - Parsed data: title: ＜05月01日(水) 12:45～13:30＞[平針]外国免許切替審査 Hirabari Exchanging Foreign Driver's License, status: None, start_date: 2024年04月17日 07時30分, end_date: 2024年04月26日 12時00分, template_seq: 96091
[ 2024-04-17 00:12:56,903 ] 94 Jamebrown0206 - INFO - Parsed data: title: ＜05月01日(水) 12:45～13:30＞[平針]外国免許切替審査 Hirabari Exchanging Foreign Driver's License, status: None, start_date: 2024年04月17日 07時30分, end_date: 2024年04月26日 12時00分, template_seq: 96091
[ 2024-04-17 00:12:56,903 ] 94 Jamebrown0206 - INFO - Parsed data: title: ＜05月01日(水) 12:45～13:30＞[平針]外国免許切替審査 Hirabari Exchanging Foreign Driver's License, status: None, start_date: 2024年04月17日 07時30分, end_date: 2024年04月26日 12時00分, template_seq: 96091
[ 2024-04-17 00:12:56,903 ] 94 Jamebrown0206 - INFO - Parsed data: title: ＜05月01日(水) 12:45～13:30＞[平針]外国免許切替審査 Hirabari Exchanging Foreign Driver's License, status: None, start_date: 2024年04月17日 07時30分, end_date: 2024年04月26日 12時00分, template_seq: 96091
[ 2024-04-17 00:12:56,929 ] 94 Jamebrown0206 - INFO - Parsed data: title: ＜05月01日(水) 13:30～14:45＞[平針]外国免許切替審査 Hirabari Exchanging Foreign Driver's License, status: None, start_date: 2024年04月17日 07時30分, end_date: 2024年04月26日 12時00分, template_seq: 96093
[ 2024-04-17 00:12:56,929 ] 94 Jamebrown0206 - INFO - Parsed data: title: ＜05月01日(水) 13:30～14:45＞[平針]外国免許切替審査 Hirabari Exchanging Foreign Driver's License, status: None, start_date: 2024年04月17日 07時30分, end_date: 2024年04月26日 12時00分, template_seq: 96093
[ 2024-04-17 00:12:56,929 ] 94 Jamebrown0206 - INFO - Parsed data: title: ＜05月01日(水) 13:30～14:45＞[平針]外国免許切替審査 Hirabari Exchanging Foreign Driver's License, status: None, start_date: 2024年04月17日 07時30分, end_date: 2024年04月26日 12時00分, template_seq: 96093
[ 2024-04-17 00:12:56,929 ] 94 Jamebrown0206 - INFO - Parsed data: title: ＜05月01日(水) 13:30～14:45＞[平針]外国免許切替審査 Hirabari Exchanging Foreign Driver's License, status: None, start_date: 2024年04月17日 07時30分, end_date: 2024年04月26日 12時00分, template_seq: 96093
[ 2024-04-17 00:12:56,929 ] 94 Jamebrown0206 - INFO - Parsed data: title: ＜05月01日(水) 13:30～14:45＞[平針]外国免許切替審査 Hirabari Exchanging Foreign Driver's License, status: None, start_date: 2024年04月17日 07時30分, end_date: 2024年04月26日 12時00分, template_seq: 96093
[ 2024-04-17 00:12:56,929 ] 94 Jamebrown0206 - INFO - Parsed data: title: ＜05月01日(水) 13:30～14:45＞[平針]外国免許切替審査 Hirabari Exchanging Foreign Driver's License, status: None, start_date: 2024年04月17日 07時30分, end_date: 2024年04月26日 12時00分, template_seq: 96093
[ 2024-04-17 00:12:56,929 ] 94 Jamebrown0206 - INFO - Parsed data: title: ＜05月01日(水) 13:30～14:45＞[平針]外国免許切替審査 Hirabari Exchanging Foreign Driver's License, status: None, start_date: 2024年04月17日 07時30分, end_date: 2024年04月26日 12時00分, template_seq: 96093
[ 2024-04-17 00:12:56,929 ] 94 Jamebrown0206 - INFO - Parsed data: title: ＜05月01日(水) 13:30～14:45＞[平針]外国免許切替審査 Hirabari Exchanging Foreign Driver's License, status: None, start_date: 2024年04月17日 07時30分, end_date: 2024年04月26日 12時00分, template_seq: 96093
[ 2024-04-17 00:12:56,929 ] 94 Jamebrown0206 - INFO - Parsed data: title: ＜05月01日(水) 13:30～14:45＞[平針]外国免許切替審査 Hirabari Exchanging Foreign Driver's License, status: None, start_date: 2024年04月17日 07時30分, end_date: 2024年04月26日 12時00分, template_seq: 96093
[ 2024-04-17 00:12:56,929 ] 94 Jamebrown0206 - INFO - Parsed data: title: ＜05月01日(水) 13:30～14:45＞[平針]外国免許切替審査 Hirabari Exchanging Foreign Driver's License, status: None, start_date: 2024年04月17日 07時30分, end_date: 2024年04月26日 12時00分, template_seq: 96093
[ 2024-04-17 00:12:56,929 ] 94 Jamebrown0206 - INFO - Parsed data: title: ＜05月01日(水) 13:30～14:45＞[平針]外国免許切替審査 Hirabari Exchanging Foreign Driver's License, status: None, start_date: 2024年04月17日 07時30分, end_date: 2024年04月26日 12時00分, template_seq: 96093
[ 2024-04-17 00:12:56,929 ] 94 Jamebrown0206 - INFO - Parsed data: title: ＜05月01日(水) 13:30～14:45＞[平針]外国免許切替審査 Hirabari Exchanging Foreign Driver's License, status: None, start_date: 2024年04月17日 07時30分, end_date: 2024年04月26日 12時00分, template_seq: 96093
[ 2024-04-17 00:12:56,950 ] 94 Jamebrown0206 - INFO - Parsed data: title: ＜04月30日(火) 08:45～09:30＞[平針]外国免許切替審査 Hirabari Exchanging Foreign Driver's License, status: None, start_date: 2024年04月16日 07時30分, end_date: 2024年04月25日 12時00分, template_seq: 95604
[ 2024-04-17 00:12:56,950 ] 94 Jamebrown0206 - INFO - Parsed data: title: ＜04月30日(火) 08:45～09:30＞[平針]外国免許切替審査 Hirabari Exchanging Foreign Driver's License, status: None, start_date: 2024年04月16日 07時30分, end_date: 2024年04月25日 12時00分, template_seq: 95604
[ 2024-04-17 00:12:56,950 ] 94 Jamebrown0206 - INFO - Parsed data: title: ＜04月30日(火) 08:45～09:30＞[平針]外国免許切替審査 Hirabari Exchanging Foreign Driver's License, status: None, start_date: 2024年04月16日 07時30分, end_date: 2024年04月25日 12時00分, template_seq: 95604
[ 2024-04-17 00:12:56,950 ] 94 Jamebrown0206 - INFO - Parsed data: title: ＜04月30日(火) 08:45～09:30＞[平針]外国免許切替審査 Hirabari Exchanging Foreign Driver's License, status: None, start_date: 2024年04月16日 07時30分, end_date: 2024年04月25日 12時00分, template_seq: 95604
[ 2024-04-17 00:12:56,950 ] 94 Jamebrown0206 - INFO - Parsed data: title: ＜04月30日(火) 08:45～09:30＞[平針]外国免許切替審査 Hirabari Exchanging Foreign Driver's License, status: None, start_date: 2024年04月16日 07時30分, end_date: 2024年04月25日 12時00分, template_seq: 95604
[ 2024-04-17 00:12:56,950 ] 94 Jamebrown0206 - INFO - Parsed data: title: ＜04月30日(火) 08:45～09:30＞[平針]外国免許切替審査 Hirabari Exchanging Foreign Driver's License, status: None, start_date: 2024年04月16日 07時30分, end_date: 2024年04月25日 12時00分, template_seq: 95604
[ 2024-04-17 00:12:56,971 ] 94 Jamebrown0206 - INFO - Parsed data: title: ＜04月30日(火) 09:30～10:30＞[平針]外国免許切替審査 Hirabari Exchanging Foreign Driver's License, status: None, start_date: 2024年04月16日 07時30分, end_date: 2024年04月25日 12時00分, template_seq: 95605
[ 2024-04-17 00:12:56,971 ] 94 Jamebrown0206 - INFO - Parsed data: title: ＜04月30日(火) 09:30～10:30＞[平針]外国免許切替審査 Hirabari Exchanging Foreign Driver's License, status: None, start_date: 2024年04月16日 07時30分, end_date: 2024年04月25日 12時00分, template_seq: 95605
[ 2024-04-17 00:12:56,971 ] 94 Jamebrown0206 - INFO - Parsed data: title: ＜04月30日(火) 09:30～10:30＞[平針]外国免許切替審査 Hirabari Exchanging Foreign Driver's License, status: None, start_date: 2024年04月16日 07時30分, end_date: 2024年04月25日 12時00分, template_seq: 95605
[ 2024-04-17 00:12:56,971 ] 94 Jamebrown0206 - INFO - Parsed data: title: ＜04月30日(火) 09:30～10:30＞[平針]外国免許切替審査 Hirabari Exchanging Foreign Driver's License, status: None, start_date: 2024年04月16日 07時30分, end_date: 2024年04月25日 12時00分, template_seq: 95605
[ 2024-04-17 00:12:56,971 ] 94 Jamebrown0206 - INFO - Parsed data: title: ＜04月30日(火) 09:30～10:30＞[平針]外国免許切替審査 Hirabari Exchanging Foreign Driver's License, status: None, start_date: 2024年04月16日 07時30分, end_date: 2024年04月25日 12時00分, template_seq: 95605
[ 2024-04-17 00:12:56,971 ] 94 Jamebrown0206 - INFO - Parsed data: title: ＜04月30日(火) 09:30～10:30＞[平針]外国免許切替審査 Hirabari Exchanging Foreign Driver's License, status: None, start_date: 2024年04月16日 07時30分, end_date: 2024年04月25日 12時00分, template_seq: 95605
[ 2024-04-17 00:12:56,991 ] 94 Jamebrown0206 - INFO - Parsed data: title: ＜04月30日(火) 10:30～11:45＞[平針]外国免許切替審査 Hirabari Exchanging Foreign Driver's License, status: None, start_date: 2024年04月16日 07時30分, end_date: 2024年04月25日 12時00分, template_seq: 95607
[ 2024-04-17 00:12:56,991 ] 94 Jamebrown0206 - INFO - Parsed data: title: ＜04月30日(火) 10:30～11:45＞[平針]外国免許切替審査 Hirabari Exchanging Foreign Driver's License, status: None, start_date: 2024年04月16日 07時30分, end_date: 2024年04月25日 12時00分, template_seq: 95607
[ 2024-04-17 00:12:56,991 ] 94 Jamebrown0206 - INFO - Parsed data: title: ＜04月30日(火) 10:30～11:45＞[平針]外国免許切替審査 Hirabari Exchanging Foreign Driver's License, status: None, start_date: 2024年04月16日 07時30分, end_date: 2024年04月25日 12時00分, template_seq: 95607
[ 2024-04-17 00:12:56,991 ] 94 Jamebrown0206 - INFO - Parsed data: title: ＜04月30日(火) 10:30～11:45＞[平針]外国免許切替審査 Hirabari Exchanging Foreign Driver's License, status: None, start_date: 2024年04月16日 07時30分, end_date: 2024年04月25日 12時00分, template_seq: 95607
[ 2024-04-17 00:12:56,991 ] 94 Jamebrown0206 - INFO - Parsed data: title: ＜04月30日(火) 10:30～11:45＞[平針]外国免許切替審査 Hirabari Exchanging Foreign Driver's License, status: None, start_date: 2024年04月16日 07時30分, end_date: 2024年04月25日 12時00分, template_seq: 95607
[ 2024-04-17 00:12:56,991 ] 94 Jamebrown0206 - INFO - Parsed data: title: ＜04月30日(火) 10:30～11:45＞[平針]外国免許切替審査 Hirabari Exchanging Foreign Driver's License, status: None, start_date: 2024年04月16日 07時30分, end_date: 2024年04月25日 12時00分, template_seq: 95607
[ 2024-04-17 00:12:57,013 ] 94 Jamebrown0206 - INFO - Parsed data: title: ＜04月30日(火) 12:45～13:30＞[平針]外国免許切替審査 Hirabari Exchanging Foreign Driver's License, status: None, start_date: 2024年04月16日 07時30分, end_date: 2024年04月25日 12時00分, template_seq: 95608
[ 2024-04-17 00:12:57,013 ] 94 Jamebrown0206 - INFO - Parsed data: title: ＜04月30日(火) 12:45～13:30＞[平針]外国免許切替審査 Hirabari Exchanging Foreign Driver's License, status: None, start_date: 2024年04月16日 07時30分, end_date: 2024年04月25日 12時00分, template_seq: 95608
[ 2024-04-17 00:12:57,013 ] 94 Jamebrown0206 - INFO - Parsed data: title: ＜04月30日(火) 12:45～13:30＞[平針]外国免許切替審査 Hirabari Exchanging Foreign Driver's License, status: None, start_date: 2024年04月16日 07時30分, end_date: 2024年04月25日 12時00分, template_seq: 95608
[ 2024-04-17 00:12:57,013 ] 94 Jamebrown0206 - INFO - Parsed data: title: ＜04月30日(火) 12:45～13:30＞[平針]外国免許切替審査 Hirabari Exchanging Foreign Driver's License, status: None, start_date: 2024年04月16日 07時30分, end_date: 2024年04月25日 12時00分, template_seq: 95608
[ 2024-04-17 00:12:57,013 ] 94 Jamebrown0206 - INFO - Parsed data: title: ＜04月30日(火) 12:45～13:30＞[平針]外国免許切替審査 Hirabari Exchanging Foreign Driver's License, status: None, start_date: 2024年04月16日 07時30分, end_date: 2024年04月25日 12時00分, template_seq: 95608
[ 2024-04-17 00:12:57,013 ] 94 Jamebrown0206 - INFO - Parsed data: title: ＜04月30日(火) 12:45～13:30＞[平針]外国免許切替審査 Hirabari Exchanging Foreign Driver's License, status: None, start_date: 2024年04月16日 07時30分, end_date: 2024年04月25日 12時00分, template_seq: 95608
[ 2024-04-17 00:12:57,033 ] 94 Jamebrown0206 - INFO - Parsed data: title: ＜04月30日(火) 13:30～14:45＞[平針]外国免許切替審査 Hirabari Exchanging Foreign Driver's License, status: None, start_date: 2024年04月16日 07時30分, end_date: 2024年04月25日 12時00分, template_seq: 95609
[ 2024-04-17 00:12:57,033 ] 94 Jamebrown0206 - INFO - Parsed data: title: ＜04月30日(火) 13:30～14:45＞[平針]外国免許切替審査 Hirabari Exchanging Foreign Driver's License, status: None, start_date: 2024年04月16日 07時30分, end_date: 2024年04月25日 12時00分, template_seq: 95609
[ 2024-04-17 00:12:57,033 ] 94 Jamebrown0206 - INFO - Parsed data: title: ＜04月30日(火) 13:30～14:45＞[平針]外国免許切替審査 Hirabari Exchanging Foreign Driver's License, status: None, start_date: 2024年04月16日 07時30分, end_date: 2024年04月25日 12時00分, template_seq: 95609
[ 2024-04-17 00:12:57,033 ] 94 Jamebrown0206 - INFO - Parsed data: title: ＜04月30日(火) 13:30～14:45＞[平針]外国免許切替審査 Hirabari Exchanging Foreign Driver's License, status: None, start_date: 2024年04月16日 07時30分, end_date: 2024年04月25日 12時00分, template_seq: 95609
[ 2024-04-17 00:12:57,033 ] 94 Jamebrown0206 - INFO - Parsed data: title: ＜04月30日(火) 13:30～14:45＞[平針]外国免許切替審査 Hirabari Exchanging Foreign Driver's License, status: None, start_date: 2024年04月16日 07時30分, end_date: 2024年04月25日 12時00分, template_seq: 95609
[ 2024-04-17 00:12:57,033 ] 94 Jamebrown0206 - INFO - Parsed data: title: ＜04月30日(火) 13:30～14:45＞[平針]外国免許切替審査 Hirabari Exchanging Foreign Driver's License, status: None, start_date: 2024年04月16日 07時30分, end_date: 2024年04月25日 12時00分, template_seq: 95609
[ 2024-04-17 00:12:57,053 ] 94 Jamebrown0206 - INFO - Parsed data: title: ＜04月26日(金) 08:45～09:30＞[平針]外国免許切替審査 Hirabari Exchanging Foreign Driver's License, status: None, start_date: 2024年04月12日 07時30分, end_date: 2024年04月24日 12時00分, template_seq: 95410
[ 2024-04-17 00:12:57,053 ] 94 Jamebrown0206 - INFO - Parsed data: title: ＜04月26日(金) 08:45～09:30＞[平針]外国免許切替審査 Hirabari Exchanging Foreign Driver's License, status: None, start_date: 2024年04月12日 07時30分, end_date: 2024年04月24日 12時00分, template_seq: 95410
[ 2024-04-17 00:12:57,053 ] 94 Jamebrown0206 - INFO - Parsed data: title: ＜04月26日(金) 08:45～09:30＞[平針]外国免許切替審査 Hirabari Exchanging Foreign Driver's License, status: None, start_date: 2024年04月12日 07時30分, end_date: 2024年04月24日 12時00分, template_seq: 95410
[ 2024-04-17 00:12:57,053 ] 94 Jamebrown0206 - INFO - Parsed data: title: ＜04月26日(金) 08:45～09:30＞[平針]外国免許切替審査 Hirabari Exchanging Foreign Driver's License, status: None, start_date: 2024年04月12日 07時30分, end_date: 2024年04月24日 12時00分, template_seq: 95410
[ 2024-04-17 00:12:57,053 ] 94 Jamebrown0206 - INFO - Parsed data: title: ＜04月26日(金) 08:45～09:30＞[平針]外国免許切替審査 Hirabari Exchanging Foreign Driver's License, status: None, start_date: 2024年04月12日 07時30分, end_date: 2024年04月24日 12時00分, template_seq: 95410
[ 2024-04-17 00:12:57,053 ] 94 Jamebrown0206 - INFO - Parsed data: title: ＜04月26日(金) 08:45～09:30＞[平針]外国免許切替審査 Hirabari Exchanging Foreign Driver's License, status: None, start_date: 2024年04月12日 07時30分, end_date: 2024年04月24日 12時00分, template_seq: 95410
[ 2024-04-17 00:12:57,073 ] 94 Jamebrown0206 - INFO - Parsed data: title: ＜04月26日(金) 09:30～10:30＞[平針]外国免許切替審査 Hirabari Exchanging Foreign Driver's License, status: None, start_date: 2024年04月12日 07時30分, end_date: 2024年04月24日 12時00分, template_seq: 95411
[ 2024-04-17 00:12:57,073 ] 94 Jamebrown0206 - INFO - Parsed data: title: ＜04月26日(金) 09:30～10:30＞[平針]外国免許切替審査 Hirabari Exchanging Foreign Driver's License, status: None, start_date: 2024年04月12日 07時30分, end_date: 2024年04月24日 12時00分, template_seq: 95411
[ 2024-04-17 00:12:57,073 ] 94 Jamebrown0206 - INFO - Parsed data: title: ＜04月26日(金) 09:30～10:30＞[平針]外国免許切替審査 Hirabari Exchanging Foreign Driver's License, status: None, start_date: 2024年04月12日 07時30分, end_date: 2024年04月24日 12時00分, template_seq: 95411
[ 2024-04-17 00:12:57,073 ] 94 Jamebrown0206 - INFO - Parsed data: title: ＜04月26日(金) 09:30～10:30＞[平針]外国免許切替審査 Hirabari Exchanging Foreign Driver's License, status: None, start_date: 2024年04月12日 07時30分, end_date: 2024年04月24日 12時00分, template_seq: 95411
[ 2024-04-17 00:12:57,073 ] 94 Jamebrown0206 - INFO - Parsed data: title: ＜04月26日(金) 09:30～10:30＞[平針]外国免許切替審査 Hirabari Exchanging Foreign Driver's License, status: None, start_date: 2024年04月12日 07時30分, end_date: 2024年04月24日 12時00分, template_seq: 95411
[ 2024-04-17 00:12:57,073 ] 94 Jamebrown0206 - INFO - Parsed data: title: ＜04月26日(金) 09:30～10:30＞[平針]外国免許切替審査 Hirabari Exchanging Foreign Driver's License, status: None, start_date: 2024年04月12日 07時30分, end_date: 2024年04月24日 12時00分, template_seq: 95411
[ 2024-04-17 00:12:57,092 ] 94 Jamebrown0206 - INFO - Parsed data: title: ＜04月26日(金) 10:30～11:45＞[平針]外国免許切替審査 Hirabari Exchanging Foreign Driver's License, status: None, start_date: 2024年04月12日 07時30分, end_date: 2024年04月24日 12時00分, template_seq: 95412
[ 2024-04-17 00:12:57,092 ] 94 Jamebrown0206 - INFO - Parsed data: title: ＜04月26日(金) 10:30～11:45＞[平針]外国免許切替審査 Hirabari Exchanging Foreign Driver's License, status: None, start_date: 2024年04月12日 07時30分, end_date: 2024年04月24日 12時00分, template_seq: 95412
[ 2024-04-17 00:12:57,092 ] 94 Jamebrown0206 - INFO - Parsed data: title: ＜04月26日(金) 10:30～11:45＞[平針]外国免許切替審査 Hirabari Exchanging Foreign Driver's License, status: None, start_date: 2024年04月12日 07時30分, end_date: 2024年04月24日 12時00分, template_seq: 95412
[ 2024-04-17 00:12:57,092 ] 94 Jamebrown0206 - INFO - Parsed data: title: ＜04月26日(金) 10:30～11:45＞[平針]外国免許切替審査 Hirabari Exchanging Foreign Driver's License, status: None, start_date: 2024年04月12日 07時30分, end_date: 2024年04月24日 12時00分, template_seq: 95412
[ 2024-04-17 00:12:57,092 ] 94 Jamebrown0206 - INFO - Parsed data: title: ＜04月26日(金) 10:30～11:45＞[平針]外国免許切替審査 Hirabari Exchanging Foreign Driver's License, status: None, start_date: 2024年04月12日 07時30分, end_date: 2024年04月24日 12時00分, template_seq: 95412
[ 2024-04-17 00:12:57,092 ] 94 Jamebrown0206 - INFO - Parsed data: title: ＜04月26日(金) 10:30～11:45＞[平針]外国免許切替審査 Hirabari Exchanging Foreign Driver's License, status: None, start_date: 2024年04月12日 07時30分, end_date: 2024年04月24日 12時00分, template_seq: 95412
[ 2024-04-17 00:12:57,114 ] 94 Jamebrown0206 - INFO - Parsed data: title: ＜04月26日(金) 12:45～13:30＞[平針]外国免許切替審査 Hirabari Exchanging Foreign Driver's License, status: None, start_date: 2024年04月12日 07時30分, end_date: 2024年04月24日 12時00分, template_seq: 95413
[ 2024-04-17 00:12:57,114 ] 94 Jamebrown0206 - INFO - Parsed data: title: ＜04月26日(金) 12:45～13:30＞[平針]外国免許切替審査 Hirabari Exchanging Foreign Driver's License, status: None, start_date: 2024年04月12日 07時30分, end_date: 2024年04月24日 12時00分, template_seq: 95413
[ 2024-04-17 00:12:57,114 ] 94 Jamebrown0206 - INFO - Parsed data: title: ＜04月26日(金) 12:45～13:30＞[平針]外国免許切替審査 Hirabari Exchanging Foreign Driver's License, status: None, start_date: 2024年04月12日 07時30分, end_date: 2024年04月24日 12時00分, template_seq: 95413
[ 2024-04-17 00:12:57,114 ] 94 Jamebrown0206 - INFO - Parsed data: title: ＜04月26日(金) 12:45～13:30＞[平針]外国免許切替審査 Hirabari Exchanging Foreign Driver's License, status: None, start_date: 2024年04月12日 07時30分, end_date: 2024年04月24日 12時00分, template_seq: 95413
[ 2024-04-17 00:12:57,114 ] 94 Jamebrown0206 - INFO - Parsed data: title: ＜04月26日(金) 12:45～13:30＞[平針]外国免許切替審査 Hirabari Exchanging Foreign Driver's License, status: None, start_date: 2024年04月12日 07時30分, end_date: 2024年04月24日 12時00分, template_seq: 95413
[ 2024-04-17 00:12:57,114 ] 94 Jamebrown0206 - INFO - Parsed data: title: ＜04月26日(金) 12:45～13:30＞[平針]外国免許切替審査 Hirabari Exchanging Foreign Driver's License, status: None, start_date: 2024年04月12日 07時30分, end_date: 2024年04月24日 12時00分, template_seq: 95413
[ 2024-04-17 00:12:57,135 ] 94 Jamebrown0206 - INFO - Parsed data: title: ＜04月26日(金) 13:30～14:45＞[平針]外国免許切替審査 Hirabari Exchanging Foreign Driver's License, status: None, start_date: 2024年04月12日 07時30分, end_date: 2024年04月24日 12時00分, template_seq: 95414
[ 2024-04-17 00:12:57,135 ] 94 Jamebrown0206 - INFO - Parsed data: title: ＜04月26日(金) 13:30～14:45＞[平針]外国免許切替審査 Hirabari Exchanging Foreign Driver's License, status: None, start_date: 2024年04月12日 07時30分, end_date: 2024年04月24日 12時00分, template_seq: 95414
[ 2024-04-17 00:12:57,135 ] 94 Jamebrown0206 - INFO - Parsed data: title: ＜04月26日(金) 13:30～14:45＞[平針]外国免許切替審査 Hirabari Exchanging Foreign Driver's License, status: None, start_date: 2024年04月12日 07時30分, end_date: 2024年04月24日 12時00分, template_seq: 95414
[ 2024-04-17 00:12:57,135 ] 94 Jamebrown0206 - INFO - Parsed data: title: ＜04月26日(金) 13:30～14:45＞[平針]外国免許切替審査 Hirabari Exchanging Foreign Driver's License, status: None, start_date: 2024年04月12日 07時30分, end_date: 2024年04月24日 12時00分, template_seq: 95414
[ 2024-04-17 00:12:57,135 ] 94 Jamebrown0206 - INFO - Parsed data: title: ＜04月26日(金) 13:30～14:45＞[平針]外国免許切替審査 Hirabari Exchanging Foreign Driver's License, status: None, start_date: 2024年04月12日 07時30分, end_date: 2024年04月24日 12時00分, template_seq: 95414
[ 2024-04-17 00:12:57,135 ] 94 Jamebrown0206 - INFO - Parsed data: title: ＜04月26日(金) 13:30～14:45＞[平針]外国免許切替審査 Hirabari Exchanging Foreign Driver's License, status: None, start_date: 2024年04月12日 07時30分, end_date: 2024年04月24日 12時00分, template_seq: 95414
[ 2024-04-17 00:12:57,136 ] 94 Jamebrown0206 - INFO - Number of filtered forms left is: 5 form(s)
[ 2024-04-17 00:12:57,136 ] 94 Jamebrown0206 - INFO - Number of filtered forms left is: 5 form(s)
[ 2024-04-17 00:12:57,136 ] 94 Jamebrown0206 - INFO - Number of filtered forms left is: 5 form(s)
[ 2024-04-17 00:12:57,136 ] 94 Jamebrown0206 - INFO - Number of filtered forms left is: 5 form(s)
[ 2024-04-17 00:12:57,136 ] 94 Jamebrown0206 - INFO - Number of filtered forms left is: 5 form(s)
[ 2024-04-17 00:12:57,136 ] 94 Jamebrown0206 - INFO - Number of filtered forms left is: 5 form(s)
[ 2024-04-17 00:12:57,136 ] 94 Jamebrown0206 - INFO - Accessing form, template sequence: 96090
[ 2024-04-17 00:12:57,136 ] 94 Jamebrown0206 - INFO - Accessing form, template sequence: 96090
[ 2024-04-17 00:12:57,136 ] 94 Jamebrown0206 - INFO - Accessing form, template sequence: 96090
[ 2024-04-17 00:12:57,136 ] 94 Jamebrown0206 - INFO - Accessing form, template sequence: 96090
[ 2024-04-17 00:12:57,136 ] 94 Jamebrown0206 - INFO - Accessing form, template sequence: 96090
[ 2024-04-17 00:12:57,136 ] 94 Jamebrown0206 - INFO - Accessing form, template sequence: 96090
[ 2024-04-17 00:12:57,136 ] 94 Jamebrown0206 - INFO - Form URL: https://www.shinsei.e-aichi.jp/pref-aichi-police-u/offer/offerList_detailTop?tempSeq=96090
[ 2024-04-17 00:12:57,136 ] 94 Jamebrown0206 - INFO - Form URL: https://www.shinsei.e-aichi.jp/pref-aichi-police-u/offer/offerList_detailTop?tempSeq=96090
[ 2024-04-17 00:12:57,136 ] 94 Jamebrown0206 - INFO - Form URL: https://www.shinsei.e-aichi.jp/pref-aichi-police-u/offer/offerList_detailTop?tempSeq=96090
[ 2024-04-17 00:12:57,136 ] 94 Jamebrown0206 - INFO - Form URL: https://www.shinsei.e-aichi.jp/pref-aichi-police-u/offer/offerList_detailTop?tempSeq=96090
[ 2024-04-17 00:12:57,136 ] 94 Jamebrown0206 - INFO - Form URL: https://www.shinsei.e-aichi.jp/pref-aichi-police-u/offer/offerList_detailTop?tempSeq=96090
[ 2024-04-17 00:12:57,136 ] 94 Jamebrown0206 - INFO - Form URL: https://www.shinsei.e-aichi.jp/pref-aichi-police-u/offer/offerList_detailTop?tempSeq=96090
[ 2024-04-17 00:13:02,839 ] 94 Jamebrown0206 - INFO - Accessed form successfully
[ 2024-04-17 00:13:02,839 ] 94 Jamebrown0206 - INFO - Accessed form successfully
[ 2024-04-17 00:13:02,839 ] 94 Jamebrown0206 - INFO - Accessed form successfully
[ 2024-04-17 00:13:02,839 ] 94 Jamebrown0206 - INFO - Accessed form successfully
[ 2024-04-17 00:13:02,839 ] 94 Jamebrown0206 - INFO - Accessed form successfully
[ 2024-04-17 00:13:02,839 ] 94 Jamebrown0206 - INFO - Accessed form successfully
[ 2024-04-17 00:13:02,855 ] 94 Jamebrown0206 - INFO - Form message: 申込期間ではありません。
[ 2024-04-17 00:13:02,855 ] 94 Jamebrown0206 - INFO - Form message: 申込期間ではありません。
[ 2024-04-17 00:13:02,855 ] 94 Jamebrown0206 - INFO - Form message: 申込期間ではありません。
[ 2024-04-17 00:13:02,855 ] 94 Jamebrown0206 - INFO - Form message: 申込期間ではありません。
[ 2024-04-17 00:13:02,855 ] 94 Jamebrown0206 - INFO - Form message: 申込期間ではありません。
[ 2024-04-17 00:13:02,855 ] 94 Jamebrown0206 - INFO - Form message: 申込期間ではありません。
[ 2024-04-17 00:13:02,856 ] 94 Jamebrown0206 - INFO - Refreshing page to check availability trial number 1, template sequence: 96090
[ 2024-04-17 00:13:02,856 ] 94 Jamebrown0206 - INFO - Refreshing page to check availability trial number 1, template sequence: 96090
[ 2024-04-17 00:13:02,856 ] 94 Jamebrown0206 - INFO - Refreshing page to check availability trial number 1, template sequence: 96090
[ 2024-04-17 00:13:02,856 ] 94 Jamebrown0206 - INFO - Refreshing page to check availability trial number 1, template sequence: 96090
[ 2024-04-17 00:13:02,856 ] 94 Jamebrown0206 - INFO - Refreshing page to check availability trial number 1, template sequence: 96090
[ 2024-04-17 00:13:02,856 ] 94 Jamebrown0206 - INFO - Refreshing page to check availability trial number 1, template sequence: 96090
[ 2024-04-17 00:13:04,011 ] 94 Jamebrown0206 - INFO - Form message: 申込期間ではありません。
[ 2024-04-17 00:13:04,011 ] 94 Jamebrown0206 - INFO - Form message: 申込期間ではありません。
[ 2024-04-17 00:13:04,011 ] 94 Jamebrown0206 - INFO - Form message: 申込期間ではありません。
[ 2024-04-17 00:13:04,011 ] 94 Jamebrown0206 - INFO - Form message: 申込期間ではありません。
[ 2024-04-17 00:13:04,011 ] 94 Jamebrown0206 - INFO - Form message: 申込期間ではありません。
[ 2024-04-17 00:13:04,011 ] 94 Jamebrown0206 - INFO - Form message: 申込期間ではありません。
[ 2024-04-17 00:13:04,011 ] 94 Jamebrown0206 - INFO - Refreshing page to check availability trial number 2, template sequence: 96090
[ 2024-04-17 00:13:04,011 ] 94 Jamebrown0206 - INFO - Refreshing page to check availability trial number 2, template sequence: 96090
[ 2024-04-17 00:13:04,011 ] 94 Jamebrown0206 - INFO - Refreshing page to check availability trial number 2, template sequence: 96090
[ 2024-04-17 00:13:04,011 ] 94 Jamebrown0206 - INFO - Refreshing page to check availability trial number 2, template sequence: 96090
[ 2024-04-17 00:13:04,011 ] 94 Jamebrown0206 - INFO - Refreshing page to check availability trial number 2, template sequence: 96090
[ 2024-04-17 00:13:04,011 ] 94 Jamebrown0206 - INFO - Refreshing page to check availability trial number 2, template sequence: 96090
[ 2024-04-17 00:13:05,160 ] 94 Jamebrown0206 - INFO - Form message: 申込期間ではありません。
[ 2024-04-17 00:13:05,160 ] 94 Jamebrown0206 - INFO - Form message: 申込期間ではありません。
[ 2024-04-17 00:13:05,160 ] 94 Jamebrown0206 - INFO - Form message: 申込期間ではありません。
[ 2024-04-17 00:13:05,160 ] 94 Jamebrown0206 - INFO - Form message: 申込期間ではありません。
[ 2024-04-17 00:13:05,160 ] 94 Jamebrown0206 - INFO - Form message: 申込期間ではありません。
[ 2024-04-17 00:13:05,160 ] 94 Jamebrown0206 - INFO - Form message: 申込期間ではありません。
[ 2024-04-17 00:13:05,161 ] 94 Jamebrown0206 - INFO - Refreshing page to check availability trial number 3, template sequence: 96090
[ 2024-04-17 00:13:05,161 ] 94 Jamebrown0206 - INFO - Refreshing page to check availability trial number 3, template sequence: 96090
[ 2024-04-17 00:13:05,161 ] 94 Jamebrown0206 - INFO - Refreshing page to check availability trial number 3, template sequence: 96090
[ 2024-04-17 00:13:05,161 ] 94 Jamebrown0206 - INFO - Refreshing page to check availability trial number 3, template sequence: 96090
[ 2024-04-17 00:13:05,161 ] 94 Jamebrown0206 - INFO - Refreshing page to check availability trial number 3, template sequence: 96090
[ 2024-04-17 00:13:05,161 ] 94 Jamebrown0206 - INFO - Refreshing page to check availability trial number 3, template sequence: 96090
[ 2024-04-17 00:13:06,296 ] 94 Jamebrown0206 - INFO - Form message: 申込期間ではありません。
[ 2024-04-17 00:13:06,296 ] 94 Jamebrown0206 - INFO - Form message: 申込期間ではありません。
[ 2024-04-17 00:13:06,296 ] 94 Jamebrown0206 - INFO - Form message: 申込期間ではありません。
[ 2024-04-17 00:13:06,296 ] 94 Jamebrown0206 - INFO - Form message: 申込期間ではありません。
[ 2024-04-17 00:13:06,296 ] 94 Jamebrown0206 - INFO - Form message: 申込期間ではありません。
[ 2024-04-17 00:13:06,296 ] 94 Jamebrown0206 - INFO - Form message: 申込期間ではありません。
[ 2024-04-17 00:13:06,297 ] 94 Jamebrown0206 - INFO - Refreshing page to check availability trial number 4, template sequence: 96090
[ 2024-04-17 00:13:06,297 ] 94 Jamebrown0206 - INFO - Refreshing page to check availability trial number 4, template sequence: 96090
[ 2024-04-17 00:13:06,297 ] 94 Jamebrown0206 - INFO - Refreshing page to check availability trial number 4, template sequence: 96090
[ 2024-04-17 00:13:06,297 ] 94 Jamebrown0206 - INFO - Refreshing page to check availability trial number 4, template sequence: 96090
[ 2024-04-17 00:13:06,297 ] 94 Jamebrown0206 - INFO - Refreshing page to check availability trial number 4, template sequence: 96090
[ 2024-04-17 00:13:06,297 ] 94 Jamebrown0206 - INFO - Refreshing page to check availability trial number 4, template sequence: 96090
[ 2024-04-17 00:13:07,768 ] 94 Jamebrown0206 - INFO - Form message: 申込期間ではありません。
[ 2024-04-17 00:13:07,768 ] 94 Jamebrown0206 - INFO - Form message: 申込期間ではありません。
[ 2024-04-17 00:13:07,768 ] 94 Jamebrown0206 - INFO - Form message: 申込期間ではありません。
[ 2024-04-17 00:13:07,768 ] 94 Jamebrown0206 - INFO - Form message: 申込期間ではありません。
[ 2024-04-17 00:13:07,768 ] 94 Jamebrown0206 - INFO - Form message: 申込期間ではありません。
[ 2024-04-17 00:13:07,768 ] 94 Jamebrown0206 - INFO - Form message: 申込期間ではありません。
[ 2024-04-17 00:13:07,769 ] 94 Jamebrown0206 - INFO - Refreshing page to check availability trial number 5, template sequence: 96090
[ 2024-04-17 00:13:07,769 ] 94 Jamebrown0206 - INFO - Refreshing page to check availability trial number 5, template sequence: 96090
[ 2024-04-17 00:13:07,769 ] 94 Jamebrown0206 - INFO - Refreshing page to check availability trial number 5, template sequence: 96090
[ 2024-04-17 00:13:07,769 ] 94 Jamebrown0206 - INFO - Refreshing page to check availability trial number 5, template sequence: 96090
[ 2024-04-17 00:13:07,769 ] 94 Jamebrown0206 - INFO - Refreshing page to check availability trial number 5, template sequence: 96090
[ 2024-04-17 00:13:07,769 ] 94 Jamebrown0206 - INFO - Refreshing page to check availability trial number 5, template sequence: 96090
[ 2024-04-17 00:13:09,459 ] 94 Jamebrown0206 - INFO - Form message: 申込期間ではありません。
[ 2024-04-17 00:13:09,459 ] 94 Jamebrown0206 - INFO - Form message: 申込期間ではありません。
[ 2024-04-17 00:13:09,459 ] 94 Jamebrown0206 - INFO - Form message: 申込期間ではありません。
[ 2024-04-17 00:13:09,459 ] 94 Jamebrown0206 - INFO - Form message: 申込期間ではありません。
[ 2024-04-17 00:13:09,459 ] 94 Jamebrown0206 - INFO - Form message: 申込期間ではありません。
[ 2024-04-17 00:13:09,459 ] 94 Jamebrown0206 - INFO - Form message: 申込期間ではありません。
[ 2024-04-17 00:13:09,460 ] 94 Jamebrown0206 - INFO - Refreshing page to check availability trial number 6, template sequence: 96090
[ 2024-04-17 00:13:09,460 ] 94 Jamebrown0206 - INFO - Refreshing page to check availability trial number 6, template sequence: 96090
[ 2024-04-17 00:13:09,460 ] 94 Jamebrown0206 - INFO - Refreshing page to check availability trial number 6, template sequence: 96090
[ 2024-04-17 00:13:09,460 ] 94 Jamebrown0206 - INFO - Refreshing page to check availability trial number 6, template sequence: 96090
[ 2024-04-17 00:13:09,460 ] 94 Jamebrown0206 - INFO - Refreshing page to check availability trial number 6, template sequence: 96090
[ 2024-04-17 00:13:09,460 ] 94 Jamebrown0206 - INFO - Refreshing page to check availability trial number 6, template sequence: 96090
[ 2024-04-17 00:13:10,596 ] 94 Jamebrown0206 - INFO - Form message: 申込期間ではありません。
[ 2024-04-17 00:13:10,596 ] 94 Jamebrown0206 - INFO - Form message: 申込期間ではありません。
[ 2024-04-17 00:13:10,596 ] 94 Jamebrown0206 - INFO - Form message: 申込期間ではありません。
[ 2024-04-17 00:13:10,596 ] 94 Jamebrown0206 - INFO - Form message: 申込期間ではありません。
[ 2024-04-17 00:13:10,596 ] 94 Jamebrown0206 - INFO - Form message: 申込期間ではありません。
[ 2024-04-17 00:13:10,596 ] 94 Jamebrown0206 - INFO - Form message: 申込期間ではありません。
[ 2024-04-17 00:13:10,597 ] 94 Jamebrown0206 - INFO - Refreshing page to check availability trial number 7, template sequence: 96090
[ 2024-04-17 00:13:10,597 ] 94 Jamebrown0206 - INFO - Refreshing page to check availability trial number 7, template sequence: 96090
[ 2024-04-17 00:13:10,597 ] 94 Jamebrown0206 - INFO - Refreshing page to check availability trial number 7, template sequence: 96090
[ 2024-04-17 00:13:10,597 ] 94 Jamebrown0206 - INFO - Refreshing page to check availability trial number 7, template sequence: 96090
[ 2024-04-17 00:13:10,597 ] 94 Jamebrown0206 - INFO - Refreshing page to check availability trial number 7, template sequence: 96090
[ 2024-04-17 00:13:10,597 ] 94 Jamebrown0206 - INFO - Refreshing page to check availability trial number 7, template sequence: 96090
[ 2024-04-17 00:13:12,057 ] 94 Jamebrown0206 - INFO - Form message: 申込期間ではありません。
[ 2024-04-17 00:13:12,057 ] 94 Jamebrown0206 - INFO - Form message: 申込期間ではありません。
[ 2024-04-17 00:13:12,057 ] 94 Jamebrown0206 - INFO - Form message: 申込期間ではありません。
[ 2024-04-17 00:13:12,057 ] 94 Jamebrown0206 - INFO - Form message: 申込期間ではありません。
[ 2024-04-17 00:13:12,057 ] 94 Jamebrown0206 - INFO - Form message: 申込期間ではありません。
[ 2024-04-17 00:13:12,057 ] 94 Jamebrown0206 - INFO - Form message: 申込期間ではありません。
[ 2024-04-17 00:13:12,058 ] 94 Jamebrown0206 - INFO - Refreshing page to check availability trial number 8, template sequence: 96090
[ 2024-04-17 00:13:12,058 ] 94 Jamebrown0206 - INFO - Refreshing page to check availability trial number 8, template sequence: 96090
[ 2024-04-17 00:13:12,058 ] 94 Jamebrown0206 - INFO - Refreshing page to check availability trial number 8, template sequence: 96090
[ 2024-04-17 00:13:12,058 ] 94 Jamebrown0206 - INFO - Refreshing page to check availability trial number 8, template sequence: 96090
[ 2024-04-17 00:13:12,058 ] 94 Jamebrown0206 - INFO - Refreshing page to check availability trial number 8, template sequence: 96090
[ 2024-04-17 00:13:12,058 ] 94 Jamebrown0206 - INFO - Refreshing page to check availability trial number 8, template sequence: 96090
[ 2024-04-17 00:13:13,211 ] 94 Jamebrown0206 - INFO - Form message: 申込期間ではありません。
[ 2024-04-17 00:13:13,211 ] 94 Jamebrown0206 - INFO - Form message: 申込期間ではありません。
[ 2024-04-17 00:13:13,211 ] 94 Jamebrown0206 - INFO - Form message: 申込期間ではありません。
[ 2024-04-17 00:13:13,211 ] 94 Jamebrown0206 - INFO - Form message: 申込期間ではありません。
[ 2024-04-17 00:13:13,211 ] 94 Jamebrown0206 - INFO - Form message: 申込期間ではありません。
[ 2024-04-17 00:13:13,211 ] 94 Jamebrown0206 - INFO - Form message: 申込期間ではありません。
[ 2024-04-17 00:13:13,211 ] 94 Jamebrown0206 - INFO - Refreshing page to check availability trial number 9, template sequence: 96090
[ 2024-04-17 00:13:13,211 ] 94 Jamebrown0206 - INFO - Refreshing page to check availability trial number 9, template sequence: 96090
[ 2024-04-17 00:13:13,211 ] 94 Jamebrown0206 - INFO - Refreshing page to check availability trial number 9, template sequence: 96090
[ 2024-04-17 00:13:13,211 ] 94 Jamebrown0206 - INFO - Refreshing page to check availability trial number 9, template sequence: 96090
[ 2024-04-17 00:13:13,211 ] 94 Jamebrown0206 - INFO - Refreshing page to check availability trial number 9, template sequence: 96090
[ 2024-04-17 00:13:13,211 ] 94 Jamebrown0206 - INFO - Refreshing page to check availability trial number 9, template sequence: 96090
[ 2024-04-17 00:13:14,654 ] 94 Jamebrown0206 - INFO - Form message: 申込期間ではありません。
[ 2024-04-17 00:13:14,654 ] 94 Jamebrown0206 - INFO - Form message: 申込期間ではありません。
[ 2024-04-17 00:13:14,654 ] 94 Jamebrown0206 - INFO - Form message: 申込期間ではありません。
[ 2024-04-17 00:13:14,654 ] 94 Jamebrown0206 - INFO - Form message: 申込期間ではありません。
[ 2024-04-17 00:13:14,654 ] 94 Jamebrown0206 - INFO - Form message: 申込期間ではありません。
[ 2024-04-17 00:13:14,654 ] 94 Jamebrown0206 - INFO - Form message: 申込期間ではありません。
[ 2024-04-17 00:13:14,654 ] 94 Jamebrown0206 - INFO - Refreshing page to check availability trial number 10, template sequence: 96090
[ 2024-04-17 00:13:14,654 ] 94 Jamebrown0206 - INFO - Refreshing page to check availability trial number 10, template sequence: 96090
[ 2024-04-17 00:13:14,654 ] 94 Jamebrown0206 - INFO - Refreshing page to check availability trial number 10, template sequence: 96090
[ 2024-04-17 00:13:14,654 ] 94 Jamebrown0206 - INFO - Refreshing page to check availability trial number 10, template sequence: 96090
[ 2024-04-17 00:13:14,654 ] 94 Jamebrown0206 - INFO - Refreshing page to check availability trial number 10, template sequence: 96090
[ 2024-04-17 00:13:14,654 ] 94 Jamebrown0206 - INFO - Refreshing page to check availability trial number 10, template sequence: 96090
[ 2024-04-17 00:13:15,811 ] 94 Jamebrown0206 - INFO - Form message: 申込期間ではありません。
[ 2024-04-17 00:13:15,811 ] 94 Jamebrown0206 - INFO - Form message: 申込期間ではありません。
[ 2024-04-17 00:13:15,811 ] 94 Jamebrown0206 - INFO - Form message: 申込期間ではありません。
[ 2024-04-17 00:13:15,811 ] 94 Jamebrown0206 - INFO - Form message: 申込期間ではありません。
[ 2024-04-17 00:13:15,811 ] 94 Jamebrown0206 - INFO - Form message: 申込期間ではありません。
[ 2024-04-17 00:13:15,811 ] 94 Jamebrown0206 - INFO - Form message: 申込期間ではありません。
[ 2024-04-17 00:13:15,812 ] 94 Jamebrown0206 - INFO - Refreshing page to check availability trial number 11, template sequence: 96090
[ 2024-04-17 00:13:15,812 ] 94 Jamebrown0206 - INFO - Refreshing page to check availability trial number 11, template sequence: 96090
[ 2024-04-17 00:13:15,812 ] 94 Jamebrown0206 - INFO - Refreshing page to check availability trial number 11, template sequence: 96090
[ 2024-04-17 00:13:15,812 ] 94 Jamebrown0206 - INFO - Refreshing page to check availability trial number 11, template sequence: 96090
[ 2024-04-17 00:13:15,812 ] 94 Jamebrown0206 - INFO - Refreshing page to check availability trial number 11, template sequence: 96090
[ 2024-04-17 00:13:15,812 ] 94 Jamebrown0206 - INFO - Refreshing page to check availability trial number 11, template sequence: 96090
[ 2024-04-17 00:13:17,001 ] 94 Jamebrown0206 - INFO - Form message: 申込期間ではありません。
[ 2024-04-17 00:13:17,001 ] 94 Jamebrown0206 - INFO - Form message: 申込期間ではありません。
[ 2024-04-17 00:13:17,001 ] 94 Jamebrown0206 - INFO - Form message: 申込期間ではありません。
[ 2024-04-17 00:13:17,001 ] 94 Jamebrown0206 - INFO - Form message: 申込期間ではありません。
[ 2024-04-17 00:13:17,001 ] 94 Jamebrown0206 - INFO - Form message: 申込期間ではありません。
[ 2024-04-17 00:13:17,001 ] 94 Jamebrown0206 - INFO - Form message: 申込期間ではありません。
[ 2024-04-17 00:13:17,002 ] 94 Jamebrown0206 - INFO - Refreshing page to check availability trial number 12, template sequence: 96090
[ 2024-04-17 00:13:17,002 ] 94 Jamebrown0206 - INFO - Refreshing page to check availability trial number 12, template sequence: 96090
[ 2024-04-17 00:13:17,002 ] 94 Jamebrown0206 - INFO - Refreshing page to check availability trial number 12, template sequence: 96090
[ 2024-04-17 00:13:17,002 ] 94 Jamebrown0206 - INFO - Refreshing page to check availability trial number 12, template sequence: 96090
[ 2024-04-17 00:13:17,002 ] 94 Jamebrown0206 - INFO - Refreshing page to check availability trial number 12, template sequence: 96090
[ 2024-04-17 00:13:17,002 ] 94 Jamebrown0206 - INFO - Refreshing page to check availability trial number 12, template sequence: 96090
[ 2024-04-17 00:13:18,129 ] 94 Jamebrown0206 - INFO - Form message: 申込期間ではありません。
[ 2024-04-17 00:13:18,129 ] 94 Jamebrown0206 - INFO - Form message: 申込期間ではありません。
[ 2024-04-17 00:13:18,129 ] 94 Jamebrown0206 - INFO - Form message: 申込期間ではありません。
[ 2024-04-17 00:13:18,129 ] 94 Jamebrown0206 - INFO - Form message: 申込期間ではありません。
[ 2024-04-17 00:13:18,129 ] 94 Jamebrown0206 - INFO - Form message: 申込期間ではありません。
[ 2024-04-17 00:13:18,129 ] 94 Jamebrown0206 - INFO - Form message: 申込期間ではありません。
[ 2024-04-17 00:13:18,130 ] 94 Jamebrown0206 - INFO - Refreshing page to check availability trial number 13, template sequence: 96090
[ 2024-04-17 00:13:18,130 ] 94 Jamebrown0206 - INFO - Refreshing page to check availability trial number 13, template sequence: 96090
[ 2024-04-17 00:13:18,130 ] 94 Jamebrown0206 - INFO - Refreshing page to check availability trial number 13, template sequence: 96090
[ 2024-04-17 00:13:18,130 ] 94 Jamebrown0206 - INFO - Refreshing page to check availability trial number 13, template sequence: 96090
[ 2024-04-17 00:13:18,130 ] 94 Jamebrown0206 - INFO - Refreshing page to check availability trial number 13, template sequence: 96090
[ 2024-04-17 00:13:18,130 ] 94 Jamebrown0206 - INFO - Refreshing page to check availability trial number 13, template sequence: 96090
[ 2024-04-17 00:13:20,086 ] 94 Jamebrown0206 - INFO - Form message: 申込期間ではありません。
[ 2024-04-17 00:13:20,086 ] 94 Jamebrown0206 - INFO - Form message: 申込期間ではありません。
[ 2024-04-17 00:13:20,086 ] 94 Jamebrown0206 - INFO - Form message: 申込期間ではありません。
[ 2024-04-17 00:13:20,086 ] 94 Jamebrown0206 - INFO - Form message: 申込期間ではありません。
[ 2024-04-17 00:13:20,086 ] 94 Jamebrown0206 - INFO - Form message: 申込期間ではありません。
[ 2024-04-17 00:13:20,086 ] 94 Jamebrown0206 - INFO - Form message: 申込期間ではありません。
[ 2024-04-17 00:13:20,086 ] 94 Jamebrown0206 - INFO - Refreshing page to check availability trial number 14, template sequence: 96090
[ 2024-04-17 00:13:20,086 ] 94 Jamebrown0206 - INFO - Refreshing page to check availability trial number 14, template sequence: 96090
[ 2024-04-17 00:13:20,086 ] 94 Jamebrown0206 - INFO - Refreshing page to check availability trial number 14, template sequence: 96090
[ 2024-04-17 00:13:20,086 ] 94 Jamebrown0206 - INFO - Refreshing page to check availability trial number 14, template sequence: 96090
[ 2024-04-17 00:13:20,086 ] 94 Jamebrown0206 - INFO - Refreshing page to check availability trial number 14, template sequence: 96090
[ 2024-04-17 00:13:20,086 ] 94 Jamebrown0206 - INFO - Refreshing page to check availability trial number 14, template sequence: 96090
[ 2024-04-17 00:13:21,981 ] 94 Jamebrown0206 - INFO - Form message: 申込期間ではありません。
[ 2024-04-17 00:13:21,981 ] 94 Jamebrown0206 - INFO - Form message: 申込期間ではありません。
[ 2024-04-17 00:13:21,981 ] 94 Jamebrown0206 - INFO - Form message: 申込期間ではありません。
[ 2024-04-17 00:13:21,981 ] 94 Jamebrown0206 - INFO - Form message: 申込期間ではありません。
[ 2024-04-17 00:13:21,981 ] 94 Jamebrown0206 - INFO - Form message: 申込期間ではありません。
[ 2024-04-17 00:13:21,981 ] 94 Jamebrown0206 - INFO - Form message: 申込期間ではありません。
[ 2024-04-17 00:13:21,981 ] 94 Jamebrown0206 - INFO - Refreshing page to check availability trial number 15, template sequence: 96090
[ 2024-04-17 00:13:21,981 ] 94 Jamebrown0206 - INFO - Refreshing page to check availability trial number 15, template sequence: 96090
[ 2024-04-17 00:13:21,981 ] 94 Jamebrown0206 - INFO - Refreshing page to check availability trial number 15, template sequence: 96090
[ 2024-04-17 00:13:21,981 ] 94 Jamebrown0206 - INFO - Refreshing page to check availability trial number 15, template sequence: 96090
[ 2024-04-17 00:13:21,981 ] 94 Jamebrown0206 - INFO - Refreshing page to check availability trial number 15, template sequence: 96090
[ 2024-04-17 00:13:21,981 ] 94 Jamebrown0206 - INFO - Refreshing page to check availability trial number 15, template sequence: 96090
[ 2024-04-17 00:13:23,469 ] 94 Jamebrown0206 - INFO - Form message: 申込期間ではありません。
[ 2024-04-17 00:13:23,469 ] 94 Jamebrown0206 - INFO - Form message: 申込期間ではありません。
[ 2024-04-17 00:13:23,469 ] 94 Jamebrown0206 - INFO - Form message: 申込期間ではありません。
[ 2024-04-17 00:13:23,469 ] 94 Jamebrown0206 - INFO - Form message: 申込期間ではありません。
[ 2024-04-17 00:13:23,469 ] 94 Jamebrown0206 - INFO - Form message: 申込期間ではありません。
[ 2024-04-17 00:13:23,469 ] 94 Jamebrown0206 - INFO - Form message: 申込期間ではありません。
[ 2024-04-17 00:13:23,470 ] 94 Jamebrown0206 - INFO - Refreshing page to check availability trial number 16, template sequence: 96090
[ 2024-04-17 00:13:23,470 ] 94 Jamebrown0206 - INFO - Refreshing page to check availability trial number 16, template sequence: 96090
[ 2024-04-17 00:13:23,470 ] 94 Jamebrown0206 - INFO - Refreshing page to check availability trial number 16, template sequence: 96090
[ 2024-04-17 00:13:23,470 ] 94 Jamebrown0206 - INFO - Refreshing page to check availability trial number 16, template sequence: 96090
[ 2024-04-17 00:13:23,470 ] 94 Jamebrown0206 - INFO - Refreshing page to check availability trial number 16, template sequence: 96090
[ 2024-04-17 00:13:23,470 ] 94 Jamebrown0206 - INFO - Refreshing page to check availability trial number 16, template sequence: 96090
[ 2024-04-17 00:13:25,247 ] 94 Jamebrown0206 - INFO - Form message: 申込期間ではありません。
[ 2024-04-17 00:13:25,247 ] 94 Jamebrown0206 - INFO - Form message: 申込期間ではありません。
[ 2024-04-17 00:13:25,247 ] 94 Jamebrown0206 - INFO - Form message: 申込期間ではありません。
[ 2024-04-17 00:13:25,247 ] 94 Jamebrown0206 - INFO - Form message: 申込期間ではありません。
[ 2024-04-17 00:13:25,247 ] 94 Jamebrown0206 - INFO - Form message: 申込期間ではありません。
[ 2024-04-17 00:13:25,247 ] 94 Jamebrown0206 - INFO - Form message: 申込期間ではありません。
[ 2024-04-17 00:13:25,249 ] 94 Jamebrown0206 - INFO - Refreshing page to check availability trial number 17, template sequence: 96090
[ 2024-04-17 00:13:25,249 ] 94 Jamebrown0206 - INFO - Refreshing page to check availability trial number 17, template sequence: 96090
[ 2024-04-17 00:13:25,249 ] 94 Jamebrown0206 - INFO - Refreshing page to check availability trial number 17, template sequence: 96090
[ 2024-04-17 00:13:25,249 ] 94 Jamebrown0206 - INFO - Refreshing page to check availability trial number 17, template sequence: 96090
[ 2024-04-17 00:13:25,249 ] 94 Jamebrown0206 - INFO - Refreshing page to check availability trial number 17, template sequence: 96090
[ 2024-04-17 00:13:25,249 ] 94 Jamebrown0206 - INFO - Refreshing page to check availability trial number 17, template sequence: 96090
[ 2024-04-17 00:13:27,035 ] 94 Jamebrown0206 - INFO - Form message: 申込期間ではありません。
[ 2024-04-17 00:13:27,035 ] 94 Jamebrown0206 - INFO - Form message: 申込期間ではありません。
[ 2024-04-17 00:13:27,035 ] 94 Jamebrown0206 - INFO - Form message: 申込期間ではありません。
[ 2024-04-17 00:13:27,035 ] 94 Jamebrown0206 - INFO - Form message: 申込期間ではありません。
[ 2024-04-17 00:13:27,035 ] 94 Jamebrown0206 - INFO - Form message: 申込期間ではありません。
[ 2024-04-17 00:13:27,035 ] 94 Jamebrown0206 - INFO - Form message: 申込期間ではありません。
[ 2024-04-17 00:13:27,035 ] 94 Jamebrown0206 - INFO - Refreshing page to check availability trial number 18, template sequence: 96090
[ 2024-04-17 00:13:27,035 ] 94 Jamebrown0206 - INFO - Refreshing page to check availability trial number 18, template sequence: 96090
[ 2024-04-17 00:13:27,035 ] 94 Jamebrown0206 - INFO - Refreshing page to check availability trial number 18, template sequence: 96090
[ 2024-04-17 00:13:27,035 ] 94 Jamebrown0206 - INFO - Refreshing page to check availability trial number 18, template sequence: 96090
[ 2024-04-17 00:13:27,035 ] 94 Jamebrown0206 - INFO - Refreshing page to check availability trial number 18, template sequence: 96090
[ 2024-04-17 00:13:27,035 ] 94 Jamebrown0206 - INFO - Refreshing page to check availability trial number 18, template sequence: 96090
[ 2024-04-17 00:13:28,535 ] 94 Jamebrown0206 - INFO - Form message: 申込期間ではありません。
[ 2024-04-17 00:13:28,535 ] 94 Jamebrown0206 - INFO - Form message: 申込期間ではありません。
[ 2024-04-17 00:13:28,535 ] 94 Jamebrown0206 - INFO - Form message: 申込期間ではありません。
[ 2024-04-17 00:13:28,535 ] 94 Jamebrown0206 - INFO - Form message: 申込期間ではありません。
[ 2024-04-17 00:13:28,535 ] 94 Jamebrown0206 - INFO - Form message: 申込期間ではありません。
[ 2024-04-17 00:13:28,535 ] 94 Jamebrown0206 - INFO - Form message: 申込期間ではありません。
[ 2024-04-17 00:13:28,536 ] 94 Jamebrown0206 - INFO - Refreshing page to check availability trial number 19, template sequence: 96090
[ 2024-04-17 00:13:28,536 ] 94 Jamebrown0206 - INFO - Refreshing page to check availability trial number 19, template sequence: 96090
[ 2024-04-17 00:13:28,536 ] 94 Jamebrown0206 - INFO - Refreshing page to check availability trial number 19, template sequence: 96090
[ 2024-04-17 00:13:28,536 ] 94 Jamebrown0206 - INFO - Refreshing page to check availability trial number 19, template sequence: 96090
[ 2024-04-17 00:13:28,536 ] 94 Jamebrown0206 - INFO - Refreshing page to check availability trial number 19, template sequence: 96090
[ 2024-04-17 00:13:28,536 ] 94 Jamebrown0206 - INFO - Refreshing page to check availability trial number 19, template sequence: 96090
[ 2024-04-17 00:13:30,314 ] 94 Jamebrown0206 - INFO - Form message: 申込期間ではありません。
[ 2024-04-17 00:13:30,314 ] 94 Jamebrown0206 - INFO - Form message: 申込期間ではありません。
[ 2024-04-17 00:13:30,314 ] 94 Jamebrown0206 - INFO - Form message: 申込期間ではありません。
[ 2024-04-17 00:13:30,314 ] 94 Jamebrown0206 - INFO - Form message: 申込期間ではありません。
[ 2024-04-17 00:13:30,314 ] 94 Jamebrown0206 - INFO - Form message: 申込期間ではありません。
[ 2024-04-17 00:13:30,314 ] 94 Jamebrown0206 - INFO - Form message: 申込期間ではありません。
[ 2024-04-17 00:13:30,314 ] 94 Jamebrown0206 - INFO - Refreshing page to check availability trial number 20, template sequence: 96090
[ 2024-04-17 00:13:30,314 ] 94 Jamebrown0206 - INFO - Refreshing page to check availability trial number 20, template sequence: 96090
[ 2024-04-17 00:13:30,314 ] 94 Jamebrown0206 - INFO - Refreshing page to check availability trial number 20, template sequence: 96090
[ 2024-04-17 00:13:30,314 ] 94 Jamebrown0206 - INFO - Refreshing page to check availability trial number 20, template sequence: 96090
[ 2024-04-17 00:13:30,314 ] 94 Jamebrown0206 - INFO - Refreshing page to check availability trial number 20, template sequence: 96090
[ 2024-04-17 00:13:30,314 ] 94 Jamebrown0206 - INFO - Refreshing page to check availability trial number 20, template sequence: 96090
[ 2024-04-17 00:13:32,051 ] 94 Jamebrown0206 - INFO - Form message: 申込期間ではありません。
[ 2024-04-17 00:13:32,051 ] 94 Jamebrown0206 - INFO - Form message: 申込期間ではありません。
[ 2024-04-17 00:13:32,051 ] 94 Jamebrown0206 - INFO - Form message: 申込期間ではありません。
[ 2024-04-17 00:13:32,051 ] 94 Jamebrown0206 - INFO - Form message: 申込期間ではありません。
[ 2024-04-17 00:13:32,051 ] 94 Jamebrown0206 - INFO - Form message: 申込期間ではありません。
[ 2024-04-17 00:13:32,051 ] 94 Jamebrown0206 - INFO - Form message: 申込期間ではありません。
[ 2024-04-17 00:13:32,052 ] 94 Jamebrown0206 - INFO - Failed to access form after 20 refreshing, template sequence: 96090
[ 2024-04-17 00:13:32,052 ] 94 Jamebrown0206 - INFO - Failed to access form after 20 refreshing, template sequence: 96090
[ 2024-04-17 00:13:32,052 ] 94 Jamebrown0206 - INFO - Failed to access form after 20 refreshing, template sequence: 96090
[ 2024-04-17 00:13:32,052 ] 94 Jamebrown0206 - INFO - Failed to access form after 20 refreshing, template sequence: 96090
[ 2024-04-17 00:13:32,052 ] 94 Jamebrown0206 - INFO - Failed to access form after 20 refreshing, template sequence: 96090
[ 2024-04-17 00:13:32,052 ] 94 Jamebrown0206 - INFO - Failed to access form after 20 refreshing, template sequence: 96090
[ 2024-04-17 00:13:32,054 ] 94 Jamebrown0206 - INFO - Accessing form, template sequence: 96089
[ 2024-04-17 00:13:32,054 ] 94 Jamebrown0206 - INFO - Accessing form, template sequence: 96089
[ 2024-04-17 00:13:32,054 ] 94 Jamebrown0206 - INFO - Accessing form, template sequence: 96089
[ 2024-04-17 00:13:32,054 ] 94 Jamebrown0206 - INFO - Accessing form, template sequence: 96089
[ 2024-04-17 00:13:32,054 ] 94 Jamebrown0206 - INFO - Accessing form, template sequence: 96089
[ 2024-04-17 00:13:32,054 ] 94 Jamebrown0206 - INFO - Accessing form, template sequence: 96089
[ 2024-04-17 00:13:32,054 ] 94 Jamebrown0206 - INFO - Form URL: https://www.shinsei.e-aichi.jp/pref-aichi-police-u/offer/offerList_detailTop?tempSeq=96089
[ 2024-04-17 00:13:32,054 ] 94 Jamebrown0206 - INFO - Form URL: https://www.shinsei.e-aichi.jp/pref-aichi-police-u/offer/offerList_detailTop?tempSeq=96089
[ 2024-04-17 00:13:32,054 ] 94 Jamebrown0206 - INFO - Form URL: https://www.shinsei.e-aichi.jp/pref-aichi-police-u/offer/offerList_detailTop?tempSeq=96089
[ 2024-04-17 00:13:32,054 ] 94 Jamebrown0206 - INFO - Form URL: https://www.shinsei.e-aichi.jp/pref-aichi-police-u/offer/offerList_detailTop?tempSeq=96089
[ 2024-04-17 00:13:32,054 ] 94 Jamebrown0206 - INFO - Form URL: https://www.shinsei.e-aichi.jp/pref-aichi-police-u/offer/offerList_detailTop?tempSeq=96089
[ 2024-04-17 00:13:32,054 ] 94 Jamebrown0206 - INFO - Form URL: https://www.shinsei.e-aichi.jp/pref-aichi-police-u/offer/offerList_detailTop?tempSeq=96089
