[ 2024-04-17 00:12:36,999 ] 94 marjyamada040493 - INFO - Opened login page
[ 2024-04-17 00:12:36,999 ] 94 marjyamada040493 - INFO - Opened login page
[ 2024-04-17 00:12:36,999 ] 94 marjyamada040493 - INFO - Opened login page
[ 2024-04-17 00:12:41,682 ] 94 marjyamada040493 - INFO - Logging in
[ 2024-04-17 00:12:41,682 ] 94 marjyamada040493 - INFO - Logging in
[ 2024-04-17 00:12:41,682 ] 94 marjyamada040493 - INFO - Logging in
[ 2024-04-17 00:12:41,689 ] 94 marjyamada040493 - INFO - Current url: https://www.shinsei.e-aichi.jp/pref-aichi-police-u/offer/offerList_initDisplay
[ 2024-04-17 00:12:41,689 ] 94 marjyamada040493 - INFO - Current url: https://www.shinsei.e-aichi.jp/pref-aichi-police-u/offer/offerList_initDisplay
[ 2024-04-17 00:12:41,689 ] 94 marjyamada040493 - INFO - Current url: https://www.shinsei.e-aichi.jp/pref-aichi-police-u/offer/offerList_initDisplay
[ 2024-04-17 00:12:42,008 ] 94 marjyamada040493 - INFO - Logged in finished
[ 2024-04-17 00:12:42,008 ] 94 marjyamada040493 - INFO - Logged in finished
[ 2024-04-17 00:12:42,008 ] 94 marjyamada040493 - INFO - Logged in finished
[ 2024-04-17 00:12:42,274 ] 94 marjyamada040493 - INFO - On main page
[ 2024-04-17 00:12:42,274 ] 94 marjyamada040493 - INFO - On main page
[ 2024-04-17 00:12:42,274 ] 94 marjyamada040493 - INFO - On main page
[ 2024-04-17 00:12:44,043 ] 94 marjyamada040493 - INFO - Search submitted
[ 2024-04-17 00:12:44,043 ] 94 marjyamada040493 - INFO - Search submitted
[ 2024-04-17 00:12:44,043 ] 94 marjyamada040493 - INFO - Search submitted
[ 2024-04-17 00:12:44,091 ] 94 marjyamada040493 - INFO - Collected 20 forms
[ 2024-04-17 00:12:44,091 ] 94 marjyamada040493 - INFO - Collected 20 forms
[ 2024-04-17 00:12:44,091 ] 94 marjyamada040493 - INFO - Collected 20 forms
[ 2024-04-17 00:12:44,186 ] 94 marjyamada040493 - INFO - Parsed data: title: ＜05月02日(木) 08:45～09:30＞[平針]外国免許切替審査 Hirabari Exchanging Foreign Driver's License, status: None, start_date: 2024年04月18日 07時30分, end_date: 2024年04月30日 12時00分, template_seq: 96126
[ 2024-04-17 00:12:44,186 ] 94 marjyamada040493 - INFO - Parsed data: title: ＜05月02日(木) 08:45～09:30＞[平針]外国免許切替審査 Hirabari Exchanging Foreign Driver's License, status: None, start_date: 2024年04月18日 07時30分, end_date: 2024年04月30日 12時00分, template_seq: 96126
[ 2024-04-17 00:12:44,186 ] 94 marjyamada040493 - INFO - Parsed data: title: ＜05月02日(木) 08:45～09:30＞[平針]外国免許切替審査 Hirabari Exchanging Foreign Driver's License, status: None, start_date: 2024年04月18日 07時30分, end_date: 2024年04月30日 12時00分, template_seq: 96126
[ 2024-04-17 00:12:44,238 ] 94 marjyamada040493 - INFO - Parsed data: title: ＜05月02日(木) 09:30～10:30＞[平針]外国免許切替審査 Hirabari Exchanging Foreign Driver's License, status: None, start_date: 2024年04月18日 07時30分, end_date: 2024年04月30日 12時00分, template_seq: 96127
[ 2024-04-17 00:12:44,238 ] 94 marjyamada040493 - INFO - Parsed data: title: ＜05月02日(木) 09:30～10:30＞[平針]外国免許切替審査 Hirabari Exchanging Foreign Driver's License, status: None, start_date: 2024年04月18日 07時30分, end_date: 2024年04月30日 12時00分, template_seq: 96127
[ 2024-04-17 00:12:44,238 ] 94 marjyamada040493 - INFO - Parsed data: title: ＜05月02日(木) 09:30～10:30＞[平針]外国免許切替審査 Hirabari Exchanging Foreign Driver's License, status: None, start_date: 2024年04月18日 07時30分, end_date: 2024年04月30日 12時00分, template_seq: 96127
[ 2024-04-17 00:12:44,283 ] 94 marjyamada040493 - INFO - Parsed data: title: ＜05月02日(木) 10:30～11:45＞[平針]外国免許切替審査 Hirabari Exchanging Foreign Driver's License, status: None, start_date: 2024年04月18日 07時30分, end_date: 2024年04月30日 12時00分, template_seq: 96128
[ 2024-04-17 00:12:44,283 ] 94 marjyamada040493 - INFO - Parsed data: title: ＜05月02日(木) 10:30～11:45＞[平針]外国免許切替審査 Hirabari Exchanging Foreign Driver's License, status: None, start_date: 2024年04月18日 07時30分, end_date: 2024年04月30日 12時00分, template_seq: 96128
[ 2024-04-17 00:12:44,283 ] 94 marjyamada040493 - INFO - Parsed data: title: ＜05月02日(木) 10:30～11:45＞[平針]外国免許切替審査 Hirabari Exchanging Foreign Driver's License, status: None, start_date: 2024年04月18日 07時30分, end_date: 2024年04月30日 12時00分, template_seq: 96128
[ 2024-04-17 00:12:44,346 ] 94 marjyamada040493 - INFO - Parsed data: title: ＜05月02日(木) 12:45～13:30＞[平針]外国免許切替審査 Hirabari Exchanging Foreign Driver's License, status: None, start_date: 2024年04月18日 07時30分, end_date: 2024年04月30日 12時00分, template_seq: 96129
[ 2024-04-17 00:12:44,346 ] 94 marjyamada040493 - INFO - Parsed data: title: ＜05月02日(木) 12:45～13:30＞[平針]外国免許切替審査 Hirabari Exchanging Foreign Driver's License, status: None, start_date: 2024年04月18日 07時30分, end_date: 2024年04月30日 12時00分, template_seq: 96129
[ 2024-04-17 00:12:44,346 ] 94 marjyamada040493 - INFO - Parsed data: title: ＜05月02日(木) 12:45～13:30＞[平針]外国免許切替審査 Hirabari Exchanging Foreign Driver's License, status: None, start_date: 2024年04月18日 07時30分, end_date: 2024年04月30日 12時00分, template_seq: 96129
[ 2024-04-17 00:12:44,414 ] 94 marjyamada040493 - INFO - Parsed data: title: ＜05月02日(木) 13:30～14:45＞[平針]外国免許切替審査 Hirabari Exchanging Foreign Driver's License, status: None, start_date: 2024年04月18日 07時30分, end_date: 2024年04月30日 12時00分, template_seq: 96130
[ 2024-04-17 00:12:44,414 ] 94 marjyamada040493 - INFO - Parsed data: title: ＜05月02日(木) 13:30～14:45＞[平針]外国免許切替審査 Hirabari Exchanging Foreign Driver's License, status: None, start_date: 2024年04月18日 07時30分, end_date: 2024年04月30日 12時00分, template_seq: 96130
[ 2024-04-17 00:12:44,414 ] 94 marjyamada040493 - INFO - Parsed data: title: ＜05月02日(木) 13:30～14:45＞[平針]外国免許切替審査 Hirabari Exchanging Foreign Driver's License, status: None, start_date: 2024年04月18日 07時30分, end_date: 2024年04月30日 12時00分, template_seq: 96130
[ 2024-04-17 00:12:44,465 ] 94 marjyamada040493 - INFO - Parsed data: title: ＜05月01日(水) 08:45～09:30＞[平針]外国免許切替審査 Hirabari Exchanging Foreign Driver's License, status: None, start_date: 2024年04月17日 07時30分, end_date: 2024年04月26日 12時00分, template_seq: 96088
[ 2024-04-17 00:12:44,465 ] 94 marjyamada040493 - INFO - Parsed data: title: ＜05月01日(水) 08:45～09:30＞[平針]外国免許切替審査 Hirabari Exchanging Foreign Driver's License, status: None, start_date: 2024年04月17日 07時30分, end_date: 2024年04月26日 12時00分, template_seq: 96088
[ 2024-04-17 00:12:44,465 ] 94 marjyamada040493 - INFO - Parsed data: title: ＜05月01日(水) 08:45～09:30＞[平針]外国免許切替審査 Hirabari Exchanging Foreign Driver's License, status: None, start_date: 2024年04月17日 07時30分, end_date: 2024年04月26日 12時00分, template_seq: 96088
[ 2024-04-17 00:12:44,467 ] 94 marjyamada040493 - INFO - Parsed data: title: ＜05月01日(水) 08:45～09:30＞[平針]外国免許切替審査 Hirabari Exchanging Foreign Driver's License, status: None, start_date: 2024年04月17日 07時30分, end_date: 2024年04月26日 12時00分, template_seq: 96088
[ 2024-04-17 00:12:44,467 ] 94 marjyamada040493 - INFO - Parsed data: title: ＜05月01日(水) 08:45～09:30＞[平針]外国免許切替審査 Hirabari Exchanging Foreign Driver's License, status: None, start_date: 2024年04月17日 07時30分, end_date: 2024年04月26日 12時00分, template_seq: 96088
[ 2024-04-17 00:12:44,467 ] 94 marjyamada040493 - INFO - Parsed data: title: ＜05月01日(水) 08:45～09:30＞[平針]外国免許切替審査 Hirabari Exchanging Foreign Driver's License, status: None, start_date: 2024年04月17日 07時30分, end_date: 2024年04月26日 12時00分, template_seq: 96088
[ 2024-04-17 00:12:44,515 ] 94 marjyamada040493 - INFO - Parsed data: title: ＜05月01日(水) 09:30～10:30＞[平針]外国免許切替審査 Hirabari Exchanging Foreign Driver's License, status: None, start_date: 2024年04月17日 07時30分, end_date: 2024年04月26日 12時00分, template_seq: 96089
[ 2024-04-17 00:12:44,515 ] 94 marjyamada040493 - INFO - Parsed data: title: ＜05月01日(水) 09:30～10:30＞[平針]外国免許切替審査 Hirabari Exchanging Foreign Driver's License, status: None, start_date: 2024年04月17日 07時30分, end_date: 2024年04月26日 12時00分, template_seq: 96089
[ 2024-04-17 00:12:44,515 ] 94 marjyamada040493 - INFO - Parsed data: title: ＜05月01日(水) 09:30～10:30＞[平針]外国免許切替審査 Hirabari Exchanging Foreign Driver's License, status: None, start_date: 2024年04月17日 07時30分, end_date: 2024年04月26日 12時00分, template_seq: 96089
[ 2024-04-17 00:12:44,517 ] 94 marjyamada040493 - INFO - Parsed data: title: ＜05月01日(水) 09:30～10:30＞[平針]外国免許切替審査 Hirabari Exchanging Foreign Driver's License, status: None, start_date: 2024年04月17日 07時30分, end_date: 2024年04月26日 12時00分, template_seq: 96089
[ 2024-04-17 00:12:44,517 ] 94 marjyamada040493 - INFO - Parsed data: title: ＜05月01日(水) 09:30～10:30＞[平針]外国免許切替審査 Hirabari Exchanging Foreign Driver's License, status: None, start_date: 2024年04月17日 07時30分, end_date: 2024年04月26日 12時00分, template_seq: 96089
[ 2024-04-17 00:12:44,517 ] 94 marjyamada040493 - INFO - Parsed data: title: ＜05月01日(水) 09:30～10:30＞[平針]外国免許切替審査 Hirabari Exchanging Foreign Driver's License, status: None, start_date: 2024年04月17日 07時30分, end_date: 2024年04月26日 12時00分, template_seq: 96089
[ 2024-04-17 00:12:44,572 ] 94 marjyamada040493 - INFO - Parsed data: title: ＜05月01日(水) 10:30～11:45＞[平針]外国免許切替審査 Hirabari Exchanging Foreign Driver's License, status: None, start_date: 2024年04月17日 07時30分, end_date: 2024年04月26日 12時00分, template_seq: 96090
[ 2024-04-17 00:12:44,572 ] 94 marjyamada040493 - INFO - Parsed data: title: ＜05月01日(水) 10:30～11:45＞[平針]外国免許切替審査 Hirabari Exchanging Foreign Driver's License, status: None, start_date: 2024年04月17日 07時30分, end_date: 2024年04月26日 12時00分, template_seq: 96090
[ 2024-04-17 00:12:44,572 ] 94 marjyamada040493 - INFO - Parsed data: title: ＜05月01日(水) 10:30～11:45＞[平針]外国免許切替審査 Hirabari Exchanging Foreign Driver's License, status: None, start_date: 2024年04月17日 07時30分, end_date: 2024年04月26日 12時00分, template_seq: 96090
[ 2024-04-17 00:12:44,573 ] 94 marjyamada040493 - INFO - Parsed data: title: ＜05月01日(水) 10:30～11:45＞[平針]外国免許切替審査 Hirabari Exchanging Foreign Driver's License, status: None, start_date: 2024年04月17日 07時30分, end_date: 2024年04月26日 12時00分, template_seq: 96090
[ 2024-04-17 00:12:44,573 ] 94 marjyamada040493 - INFO - Parsed data: title: ＜05月01日(水) 10:30～11:45＞[平針]外国免許切替審査 Hirabari Exchanging Foreign Driver's License, status: None, start_date: 2024年04月17日 07時30分, end_date: 2024年04月26日 12時00分, template_seq: 96090
[ 2024-04-17 00:12:44,573 ] 94 marjyamada040493 - INFO - Parsed data: title: ＜05月01日(水) 10:30～11:45＞[平針]外国免許切替審査 Hirabari Exchanging Foreign Driver's License, status: None, start_date: 2024年04月17日 07時30分, end_date: 2024年04月26日 12時00分, template_seq: 96090
[ 2024-04-17 00:12:44,610 ] 94 marjyamada040493 - INFO - Parsed data: title: ＜05月01日(水) 12:45～13:30＞[平針]外国免許切替審査 Hirabari Exchanging Foreign Driver's License, status: None, start_date: 2024年04月17日 07時30分, end_date: 2024年04月26日 12時00分, template_seq: 96091
[ 2024-04-17 00:12:44,610 ] 94 marjyamada040493 - INFO - Parsed data: title: ＜05月01日(水) 12:45～13:30＞[平針]外国免許切替審査 Hirabari Exchanging Foreign Driver's License, status: None, start_date: 2024年04月17日 07時30分, end_date: 2024年04月26日 12時00分, template_seq: 96091
[ 2024-04-17 00:12:44,610 ] 94 marjyamada040493 - INFO - Parsed data: title: ＜05月01日(水) 12:45～13:30＞[平針]外国免許切替審査 Hirabari Exchanging Foreign Driver's License, status: None, start_date: 2024年04月17日 07時30分, end_date: 2024年04月26日 12時00分, template_seq: 96091
[ 2024-04-17 00:12:44,611 ] 94 marjyamada040493 - INFO - Parsed data: title: ＜05月01日(水) 12:45～13:30＞[平針]外国免許切替審査 Hirabari Exchanging Foreign Driver's License, status: None, start_date: 2024年04月17日 07時30分, end_date: 2024年04月26日 12時00分, template_seq: 96091
[ 2024-04-17 00:12:44,611 ] 94 marjyamada040493 - INFO - Parsed data: title: ＜05月01日(水) 12:45～13:30＞[平針]外国免許切替審査 Hirabari Exchanging Foreign Driver's License, status: None, start_date: 2024年04月17日 07時30分, end_date: 2024年04月26日 12時00分, template_seq: 96091
[ 2024-04-17 00:12:44,611 ] 94 marjyamada040493 - INFO - Parsed data: title: ＜05月01日(水) 12:45～13:30＞[平針]外国免許切替審査 Hirabari Exchanging Foreign Driver's License, status: None, start_date: 2024年04月17日 07時30分, end_date: 2024年04月26日 12時00分, template_seq: 96091
[ 2024-04-17 00:12:44,651 ] 94 marjyamada040493 - INFO - Parsed data: title: ＜05月01日(水) 13:30～14:45＞[平針]外国免許切替審査 Hirabari Exchanging Foreign Driver's License, status: None, start_date: 2024年04月17日 07時30分, end_date: 2024年04月26日 12時00分, template_seq: 96093
[ 2024-04-17 00:12:44,651 ] 94 marjyamada040493 - INFO - Parsed data: title: ＜05月01日(水) 13:30～14:45＞[平針]外国免許切替審査 Hirabari Exchanging Foreign Driver's License, status: None, start_date: 2024年04月17日 07時30分, end_date: 2024年04月26日 12時00分, template_seq: 96093
[ 2024-04-17 00:12:44,651 ] 94 marjyamada040493 - INFO - Parsed data: title: ＜05月01日(水) 13:30～14:45＞[平針]外国免許切替審査 Hirabari Exchanging Foreign Driver's License, status: None, start_date: 2024年04月17日 07時30分, end_date: 2024年04月26日 12時00分, template_seq: 96093
[ 2024-04-17 00:12:44,651 ] 94 marjyamada040493 - INFO - Parsed data: title: ＜05月01日(水) 13:30～14:45＞[平針]外国免許切替審査 Hirabari Exchanging Foreign Driver's License, status: None, start_date: 2024年04月17日 07時30分, end_date: 2024年04月26日 12時00分, template_seq: 96093
[ 2024-04-17 00:12:44,651 ] 94 marjyamada040493 - INFO - Parsed data: title: ＜05月01日(水) 13:30～14:45＞[平針]外国免許切替審査 Hirabari Exchanging Foreign Driver's License, status: None, start_date: 2024年04月17日 07時30分, end_date: 2024年04月26日 12時00分, template_seq: 96093
[ 2024-04-17 00:12:44,651 ] 94 marjyamada040493 - INFO - Parsed data: title: ＜05月01日(水) 13:30～14:45＞[平針]外国免許切替審査 Hirabari Exchanging Foreign Driver's License, status: None, start_date: 2024年04月17日 07時30分, end_date: 2024年04月26日 12時00分, template_seq: 96093
[ 2024-04-17 00:12:44,693 ] 94 marjyamada040493 - INFO - Parsed data: title: ＜04月30日(火) 08:45～09:30＞[平針]外国免許切替審査 Hirabari Exchanging Foreign Driver's License, status: None, start_date: 2024年04月16日 07時30分, end_date: 2024年04月25日 12時00分, template_seq: 95604
[ 2024-04-17 00:12:44,693 ] 94 marjyamada040493 - INFO - Parsed data: title: ＜04月30日(火) 08:45～09:30＞[平針]外国免許切替審査 Hirabari Exchanging Foreign Driver's License, status: None, start_date: 2024年04月16日 07時30分, end_date: 2024年04月25日 12時00分, template_seq: 95604
[ 2024-04-17 00:12:44,693 ] 94 marjyamada040493 - INFO - Parsed data: title: ＜04月30日(火) 08:45～09:30＞[平針]外国免許切替審査 Hirabari Exchanging Foreign Driver's License, status: None, start_date: 2024年04月16日 07時30分, end_date: 2024年04月25日 12時00分, template_seq: 95604
[ 2024-04-17 00:12:44,739 ] 94 marjyamada040493 - INFO - Parsed data: title: ＜04月30日(火) 09:30～10:30＞[平針]外国免許切替審査 Hirabari Exchanging Foreign Driver's License, status: None, start_date: 2024年04月16日 07時30分, end_date: 2024年04月25日 12時00分, template_seq: 95605
[ 2024-04-17 00:12:44,739 ] 94 marjyamada040493 - INFO - Parsed data: title: ＜04月30日(火) 09:30～10:30＞[平針]外国免許切替審査 Hirabari Exchanging Foreign Driver's License, status: None, start_date: 2024年04月16日 07時30分, end_date: 2024年04月25日 12時00分, template_seq: 95605
[ 2024-04-17 00:12:44,739 ] 94 marjyamada040493 - INFO - Parsed data: title: ＜04月30日(火) 09:30～10:30＞[平針]外国免許切替審査 Hirabari Exchanging Foreign Driver's License, status: None, start_date: 2024年04月16日 07時30分, end_date: 2024年04月25日 12時00分, template_seq: 95605
[ 2024-04-17 00:12:44,774 ] 94 marjyamada040493 - INFO - Parsed data: title: ＜04月30日(火) 10:30～11:45＞[平針]外国免許切替審査 Hirabari Exchanging Foreign Driver's License, status: None, start_date: 2024年04月16日 07時30分, end_date: 2024年04月25日 12時00分, template_seq: 95607
[ 2024-04-17 00:12:44,774 ] 94 marjyamada040493 - INFO - Parsed data: title: ＜04月30日(火) 10:30～11:45＞[平針]外国免許切替審査 Hirabari Exchanging Foreign Driver's License, status: None, start_date: 2024年04月16日 07時30分, end_date: 2024年04月25日 12時00分, template_seq: 95607
[ 2024-04-17 00:12:44,774 ] 94 marjyamada040493 - INFO - Parsed data: title: ＜04月30日(火) 10:30～11:45＞[平針]外国免許切替審査 Hirabari Exchanging Foreign Driver's License, status: None, start_date: 2024年04月16日 07時30分, end_date: 2024年04月25日 12時00分, template_seq: 95607
[ 2024-04-17 00:12:44,799 ] 94 marjyamada040493 - INFO - Parsed data: title: ＜04月30日(火) 12:45～13:30＞[平針]外国免許切替審査 Hirabari Exchanging Foreign Driver's License, status: None, start_date: 2024年04月16日 07時30分, end_date: 2024年04月25日 12時00分, template_seq: 95608
[ 2024-04-17 00:12:44,799 ] 94 marjyamada040493 - INFO - Parsed data: title: ＜04月30日(火) 12:45～13:30＞[平針]外国免許切替審査 Hirabari Exchanging Foreign Driver's License, status: None, start_date: 2024年04月16日 07時30分, end_date: 2024年04月25日 12時00分, template_seq: 95608
[ 2024-04-17 00:12:44,799 ] 94 marjyamada040493 - INFO - Parsed data: title: ＜04月30日(火) 12:45～13:30＞[平針]外国免許切替審査 Hirabari Exchanging Foreign Driver's License, status: None, start_date: 2024年04月16日 07時30分, end_date: 2024年04月25日 12時00分, template_seq: 95608
[ 2024-04-17 00:12:44,822 ] 94 marjyamada040493 - INFO - Parsed data: title: ＜04月30日(火) 13:30～14:45＞[平針]外国免許切替審査 Hirabari Exchanging Foreign Driver's License, status: None, start_date: 2024年04月16日 07時30分, end_date: 2024年04月25日 12時00分, template_seq: 95609
[ 2024-04-17 00:12:44,822 ] 94 marjyamada040493 - INFO - Parsed data: title: ＜04月30日(火) 13:30～14:45＞[平針]外国免許切替審査 Hirabari Exchanging Foreign Driver's License, status: None, start_date: 2024年04月16日 07時30分, end_date: 2024年04月25日 12時00分, template_seq: 95609
[ 2024-04-17 00:12:44,822 ] 94 marjyamada040493 - INFO - Parsed data: title: ＜04月30日(火) 13:30～14:45＞[平針]外国免許切替審査 Hirabari Exchanging Foreign Driver's License, status: None, start_date: 2024年04月16日 07時30分, end_date: 2024年04月25日 12時00分, template_seq: 95609
[ 2024-04-17 00:12:44,846 ] 94 marjyamada040493 - INFO - Parsed data: title: ＜04月26日(金) 08:45～09:30＞[平針]外国免許切替審査 Hirabari Exchanging Foreign Driver's License, status: None, start_date: 2024年04月12日 07時30分, end_date: 2024年04月24日 12時00分, template_seq: 95410
[ 2024-04-17 00:12:44,846 ] 94 marjyamada040493 - INFO - Parsed data: title: ＜04月26日(金) 08:45～09:30＞[平針]外国免許切替審査 Hirabari Exchanging Foreign Driver's License, status: None, start_date: 2024年04月12日 07時30分, end_date: 2024年04月24日 12時00分, template_seq: 95410
[ 2024-04-17 00:12:44,846 ] 94 marjyamada040493 - INFO - Parsed data: title: ＜04月26日(金) 08:45～09:30＞[平針]外国免許切替審査 Hirabari Exchanging Foreign Driver's License, status: None, start_date: 2024年04月12日 07時30分, end_date: 2024年04月24日 12時00分, template_seq: 95410
[ 2024-04-17 00:12:44,881 ] 94 marjyamada040493 - INFO - Parsed data: title: ＜04月26日(金) 09:30～10:30＞[平針]外国免許切替審査 Hirabari Exchanging Foreign Driver's License, status: None, start_date: 2024年04月12日 07時30分, end_date: 2024年04月24日 12時00分, template_seq: 95411
[ 2024-04-17 00:12:44,881 ] 94 marjyamada040493 - INFO - Parsed data: title: ＜04月26日(金) 09:30～10:30＞[平針]外国免許切替審査 Hirabari Exchanging Foreign Driver's License, status: None, start_date: 2024年04月12日 07時30分, end_date: 2024年04月24日 12時00分, template_seq: 95411
[ 2024-04-17 00:12:44,881 ] 94 marjyamada040493 - INFO - Parsed data: title: ＜04月26日(金) 09:30～10:30＞[平針]外国免許切替審査 Hirabari Exchanging Foreign Driver's License, status: None, start_date: 2024年04月12日 07時30分, end_date: 2024年04月24日 12時00分, template_seq: 95411
[ 2024-04-17 00:12:44,907 ] 94 marjyamada040493 - INFO - Parsed data: title: ＜04月26日(金) 10:30～11:45＞[平針]外国免許切替審査 Hirabari Exchanging Foreign Driver's License, status: None, start_date: 2024年04月12日 07時30分, end_date: 2024年04月24日 12時00分, template_seq: 95412
[ 2024-04-17 00:12:44,907 ] 94 marjyamada040493 - INFO - Parsed data: title: ＜04月26日(金) 10:30～11:45＞[平針]外国免許切替審査 Hirabari Exchanging Foreign Driver's License, status: None, start_date: 2024年04月12日 07時30分, end_date: 2024年04月24日 12時00分, template_seq: 95412
[ 2024-04-17 00:12:44,907 ] 94 marjyamada040493 - INFO - Parsed data: title: ＜04月26日(金) 10:30～11:45＞[平針]外国免許切替審査 Hirabari Exchanging Foreign Driver's License, status: None, start_date: 2024年04月12日 07時30分, end_date: 2024年04月24日 12時00分, template_seq: 95412
[ 2024-04-17 00:12:44,933 ] 94 marjyamada040493 - INFO - Parsed data: title: ＜04月26日(金) 12:45～13:30＞[平針]外国免許切替審査 Hirabari Exchanging Foreign Driver's License, status: None, start_date: 2024年04月12日 07時30分, end_date: 2024年04月24日 12時00分, template_seq: 95413
[ 2024-04-17 00:12:44,933 ] 94 marjyamada040493 - INFO - Parsed data: title: ＜04月26日(金) 12:45～13:30＞[平針]外国免許切替審査 Hirabari Exchanging Foreign Driver's License, status: None, start_date: 2024年04月12日 07時30分, end_date: 2024年04月24日 12時00分, template_seq: 95413
[ 2024-04-17 00:12:44,933 ] 94 marjyamada040493 - INFO - Parsed data: title: ＜04月26日(金) 12:45～13:30＞[平針]外国免許切替審査 Hirabari Exchanging Foreign Driver's License, status: None, start_date: 2024年04月12日 07時30分, end_date: 2024年04月24日 12時00分, template_seq: 95413
[ 2024-04-17 00:12:45,014 ] 94 marjyamada040493 - INFO - Parsed data: title: ＜04月26日(金) 13:30～14:45＞[平針]外国免許切替審査 Hirabari Exchanging Foreign Driver's License, status: None, start_date: 2024年04月12日 07時30分, end_date: 2024年04月24日 12時00分, template_seq: 95414
[ 2024-04-17 00:12:45,014 ] 94 marjyamada040493 - INFO - Parsed data: title: ＜04月26日(金) 13:30～14:45＞[平針]外国免許切替審査 Hirabari Exchanging Foreign Driver's License, status: None, start_date: 2024年04月12日 07時30分, end_date: 2024年04月24日 12時00分, template_seq: 95414
[ 2024-04-17 00:12:45,014 ] 94 marjyamada040493 - INFO - Parsed data: title: ＜04月26日(金) 13:30～14:45＞[平針]外国免許切替審査 Hirabari Exchanging Foreign Driver's License, status: None, start_date: 2024年04月12日 07時30分, end_date: 2024年04月24日 12時00分, template_seq: 95414
[ 2024-04-17 00:12:45,016 ] 94 marjyamada040493 - INFO - Number of filtered forms left is: 5 form(s)
[ 2024-04-17 00:12:45,016 ] 94 marjyamada040493 - INFO - Number of filtered forms left is: 5 form(s)
[ 2024-04-17 00:12:45,016 ] 94 marjyamada040493 - INFO - Number of filtered forms left is: 5 form(s)
[ 2024-04-17 00:12:45,018 ] 94 marjyamada040493 - INFO - Accessing form, template sequence: 96093
[ 2024-04-17 00:12:45,018 ] 94 marjyamada040493 - INFO - Accessing form, template sequence: 96093
[ 2024-04-17 00:12:45,018 ] 94 marjyamada040493 - INFO - Accessing form, template sequence: 96093
[ 2024-04-17 00:12:45,018 ] 94 marjyamada040493 - INFO - Form URL: https://www.shinsei.e-aichi.jp/pref-aichi-police-u/offer/offerList_detailTop?tempSeq=96093
[ 2024-04-17 00:12:45,018 ] 94 marjyamada040493 - INFO - Form URL: https://www.shinsei.e-aichi.jp/pref-aichi-police-u/offer/offerList_detailTop?tempSeq=96093
[ 2024-04-17 00:12:45,018 ] 94 marjyamada040493 - INFO - Form URL: https://www.shinsei.e-aichi.jp/pref-aichi-police-u/offer/offerList_detailTop?tempSeq=96093
[ 2024-04-17 00:12:50,659 ] 94 marjyamada040493 - INFO - Accessed form successfully
[ 2024-04-17 00:12:50,659 ] 94 marjyamada040493 - INFO - Accessed form successfully
[ 2024-04-17 00:12:50,659 ] 94 marjyamada040493 - INFO - Accessed form successfully
[ 2024-04-17 00:12:50,683 ] 94 marjyamada040493 - INFO - Form message: 申込期間ではありません。
[ 2024-04-17 00:12:50,683 ] 94 marjyamada040493 - INFO - Form message: 申込期間ではありません。
[ 2024-04-17 00:12:50,683 ] 94 marjyamada040493 - INFO - Form message: 申込期間ではありません。
[ 2024-04-17 00:12:50,684 ] 94 marjyamada040493 - INFO - Refreshing page to check availability trial number 1, template sequence: 96093
[ 2024-04-17 00:12:50,684 ] 94 marjyamada040493 - INFO - Refreshing page to check availability trial number 1, template sequence: 96093
[ 2024-04-17 00:12:50,684 ] 94 marjyamada040493 - INFO - Refreshing page to check availability trial number 1, template sequence: 96093
[ 2024-04-17 00:12:52,443 ] 94 marjyamada040493 - INFO - Form message: 申込期間ではありません。
[ 2024-04-17 00:12:52,443 ] 94 marjyamada040493 - INFO - Form message: 申込期間ではありません。
[ 2024-04-17 00:12:52,443 ] 94 marjyamada040493 - INFO - Form message: 申込期間ではありません。
[ 2024-04-17 00:12:52,443 ] 94 marjyamada040493 - INFO - Refreshing page to check availability trial number 2, template sequence: 96093
[ 2024-04-17 00:12:52,443 ] 94 marjyamada040493 - INFO - Refreshing page to check availability trial number 2, template sequence: 96093
[ 2024-04-17 00:12:52,443 ] 94 marjyamada040493 - INFO - Refreshing page to check availability trial number 2, template sequence: 96093
[ 2024-04-17 00:12:53,530 ] 94 marjyamada040493 - INFO - Form message: 申込期間ではありません。
[ 2024-04-17 00:12:53,530 ] 94 marjyamada040493 - INFO - Form message: 申込期間ではありません。
[ 2024-04-17 00:12:53,530 ] 94 marjyamada040493 - INFO - Form message: 申込期間ではありません。
[ 2024-04-17 00:12:53,530 ] 94 marjyamada040493 - INFO - Refreshing page to check availability trial number 3, template sequence: 96093
[ 2024-04-17 00:12:53,530 ] 94 marjyamada040493 - INFO - Refreshing page to check availability trial number 3, template sequence: 96093
[ 2024-04-17 00:12:53,530 ] 94 marjyamada040493 - INFO - Refreshing page to check availability trial number 3, template sequence: 96093
[ 2024-04-17 00:12:54,945 ] 94 marjyamada040493 - INFO - Form message: 申込期間ではありません。
[ 2024-04-17 00:12:54,945 ] 94 marjyamada040493 - INFO - Form message: 申込期間ではありません。
[ 2024-04-17 00:12:54,945 ] 94 marjyamada040493 - INFO - Form message: 申込期間ではありません。
[ 2024-04-17 00:12:54,945 ] 94 marjyamada040493 - INFO - Refreshing page to check availability trial number 4, template sequence: 96093
[ 2024-04-17 00:12:54,945 ] 94 marjyamada040493 - INFO - Refreshing page to check availability trial number 4, template sequence: 96093
[ 2024-04-17 00:12:54,945 ] 94 marjyamada040493 - INFO - Refreshing page to check availability trial number 4, template sequence: 96093
[ 2024-04-17 00:12:56,216 ] 94 marjyamada040493 - INFO - Form message: 申込期間ではありません。
[ 2024-04-17 00:12:56,216 ] 94 marjyamada040493 - INFO - Form message: 申込期間ではありません。
[ 2024-04-17 00:12:56,216 ] 94 marjyamada040493 - INFO - Form message: 申込期間ではありません。
[ 2024-04-17 00:12:56,216 ] 94 marjyamada040493 - INFO - Refreshing page to check availability trial number 5, template sequence: 96093
[ 2024-04-17 00:12:56,216 ] 94 marjyamada040493 - INFO - Refreshing page to check availability trial number 5, template sequence: 96093
[ 2024-04-17 00:12:56,216 ] 94 marjyamada040493 - INFO - Refreshing page to check availability trial number 5, template sequence: 96093
[ 2024-04-17 00:12:57,356 ] 94 marjyamada040493 - INFO - Form message: 申込期間ではありません。
[ 2024-04-17 00:12:57,356 ] 94 marjyamada040493 - INFO - Form message: 申込期間ではありません。
[ 2024-04-17 00:12:57,356 ] 94 marjyamada040493 - INFO - Form message: 申込期間ではありません。
[ 2024-04-17 00:12:57,356 ] 94 marjyamada040493 - INFO - Refreshing page to check availability trial number 6, template sequence: 96093
[ 2024-04-17 00:12:57,356 ] 94 marjyamada040493 - INFO - Refreshing page to check availability trial number 6, template sequence: 96093
[ 2024-04-17 00:12:57,356 ] 94 marjyamada040493 - INFO - Refreshing page to check availability trial number 6, template sequence: 96093
[ 2024-04-17 00:12:58,467 ] 94 marjyamada040493 - INFO - Form message: 申込期間ではありません。
[ 2024-04-17 00:12:58,467 ] 94 marjyamada040493 - INFO - Form message: 申込期間ではありません。
[ 2024-04-17 00:12:58,467 ] 94 marjyamada040493 - INFO - Form message: 申込期間ではありません。
[ 2024-04-17 00:12:58,468 ] 94 marjyamada040493 - INFO - Refreshing page to check availability trial number 7, template sequence: 96093
[ 2024-04-17 00:12:58,468 ] 94 marjyamada040493 - INFO - Refreshing page to check availability trial number 7, template sequence: 96093
[ 2024-04-17 00:12:58,468 ] 94 marjyamada040493 - INFO - Refreshing page to check availability trial number 7, template sequence: 96093
[ 2024-04-17 00:12:59,554 ] 94 marjyamada040493 - INFO - Form message: 申込期間ではありません。
[ 2024-04-17 00:12:59,554 ] 94 marjyamada040493 - INFO - Form message: 申込期間ではありません。
[ 2024-04-17 00:12:59,554 ] 94 marjyamada040493 - INFO - Form message: 申込期間ではありません。
[ 2024-04-17 00:12:59,555 ] 94 marjyamada040493 - INFO - Refreshing page to check availability trial number 8, template sequence: 96093
[ 2024-04-17 00:12:59,555 ] 94 marjyamada040493 - INFO - Refreshing page to check availability trial number 8, template sequence: 96093
[ 2024-04-17 00:12:59,555 ] 94 marjyamada040493 - INFO - Refreshing page to check availability trial number 8, template sequence: 96093
[ 2024-04-17 00:13:00,630 ] 94 marjyamada040493 - INFO - Form message: 申込期間ではありません。
[ 2024-04-17 00:13:00,630 ] 94 marjyamada040493 - INFO - Form message: 申込期間ではありません。
[ 2024-04-17 00:13:00,630 ] 94 marjyamada040493 - INFO - Form message: 申込期間ではありません。
[ 2024-04-17 00:13:00,630 ] 94 marjyamada040493 - INFO - Refreshing page to check availability trial number 9, template sequence: 96093
[ 2024-04-17 00:13:00,630 ] 94 marjyamada040493 - INFO - Refreshing page to check availability trial number 9, template sequence: 96093
[ 2024-04-17 00:13:00,630 ] 94 marjyamada040493 - INFO - Refreshing page to check availability trial number 9, template sequence: 96093
[ 2024-04-17 00:13:02,045 ] 94 marjyamada040493 - INFO - Form message: 申込期間ではありません。
[ 2024-04-17 00:13:02,045 ] 94 marjyamada040493 - INFO - Form message: 申込期間ではありません。
[ 2024-04-17 00:13:02,045 ] 94 marjyamada040493 - INFO - Form message: 申込期間ではありません。
[ 2024-04-17 00:13:02,046 ] 94 marjyamada040493 - INFO - Refreshing page to check availability trial number 10, template sequence: 96093
[ 2024-04-17 00:13:02,046 ] 94 marjyamada040493 - INFO - Refreshing page to check availability trial number 10, template sequence: 96093
[ 2024-04-17 00:13:02,046 ] 94 marjyamada040493 - INFO - Refreshing page to check availability trial number 10, template sequence: 96093
[ 2024-04-17 00:13:03,122 ] 94 marjyamada040493 - INFO - Form message: 申込期間ではありません。
[ 2024-04-17 00:13:03,122 ] 94 marjyamada040493 - INFO - Form message: 申込期間ではありません。
[ 2024-04-17 00:13:03,122 ] 94 marjyamada040493 - INFO - Form message: 申込期間ではありません。
[ 2024-04-17 00:13:03,123 ] 94 marjyamada040493 - INFO - Refreshing page to check availability trial number 11, template sequence: 96093
[ 2024-04-17 00:13:03,123 ] 94 marjyamada040493 - INFO - Refreshing page to check availability trial number 11, template sequence: 96093
[ 2024-04-17 00:13:03,123 ] 94 marjyamada040493 - INFO - Refreshing page to check availability trial number 11, template sequence: 96093
[ 2024-04-17 00:13:04,213 ] 94 marjyamada040493 - INFO - Form message: 申込期間ではありません。
[ 2024-04-17 00:13:04,213 ] 94 marjyamada040493 - INFO - Form message: 申込期間ではありません。
[ 2024-04-17 00:13:04,213 ] 94 marjyamada040493 - INFO - Form message: 申込期間ではありません。
[ 2024-04-17 00:13:04,213 ] 94 marjyamada040493 - INFO - Refreshing page to check availability trial number 12, template sequence: 96093
[ 2024-04-17 00:13:04,213 ] 94 marjyamada040493 - INFO - Refreshing page to check availability trial number 12, template sequence: 96093
[ 2024-04-17 00:13:04,213 ] 94 marjyamada040493 - INFO - Refreshing page to check availability trial number 12, template sequence: 96093
[ 2024-04-17 00:13:05,608 ] 94 marjyamada040493 - INFO - Form message: 申込期間ではありません。
[ 2024-04-17 00:13:05,608 ] 94 marjyamada040493 - INFO - Form message: 申込期間ではありません。
[ 2024-04-17 00:13:05,608 ] 94 marjyamada040493 - INFO - Form message: 申込期間ではありません。
[ 2024-04-17 00:13:05,608 ] 94 marjyamada040493 - INFO - Refreshing page to check availability trial number 13, template sequence: 96093
[ 2024-04-17 00:13:05,608 ] 94 marjyamada040493 - INFO - Refreshing page to check availability trial number 13, template sequence: 96093
[ 2024-04-17 00:13:05,608 ] 94 marjyamada040493 - INFO - Refreshing page to check availability trial number 13, template sequence: 96093
[ 2024-04-17 00:13:06,685 ] 94 marjyamada040493 - INFO - Form message: 申込期間ではありません。
[ 2024-04-17 00:13:06,685 ] 94 marjyamada040493 - INFO - Form message: 申込期間ではありません。
[ 2024-04-17 00:13:06,685 ] 94 marjyamada040493 - INFO - Form message: 申込期間ではありません。
[ 2024-04-17 00:13:06,685 ] 94 marjyamada040493 - INFO - Refreshing page to check availability trial number 14, template sequence: 96093
[ 2024-04-17 00:13:06,685 ] 94 marjyamada040493 - INFO - Refreshing page to check availability trial number 14, template sequence: 96093
[ 2024-04-17 00:13:06,685 ] 94 marjyamada040493 - INFO - Refreshing page to check availability trial number 14, template sequence: 96093
[ 2024-04-17 00:13:07,768 ] 94 marjyamada040493 - INFO - Form message: 申込期間ではありません。
[ 2024-04-17 00:13:07,768 ] 94 marjyamada040493 - INFO - Form message: 申込期間ではありません。
[ 2024-04-17 00:13:07,768 ] 94 marjyamada040493 - INFO - Form message: 申込期間ではありません。
[ 2024-04-17 00:13:07,769 ] 94 marjyamada040493 - INFO - Refreshing page to check availability trial number 15, template sequence: 96093
[ 2024-04-17 00:13:07,769 ] 94 marjyamada040493 - INFO - Refreshing page to check availability trial number 15, template sequence: 96093
[ 2024-04-17 00:13:07,769 ] 94 marjyamada040493 - INFO - Refreshing page to check availability trial number 15, template sequence: 96093
[ 2024-04-17 00:13:08,840 ] 94 marjyamada040493 - INFO - Form message: 申込期間ではありません。
[ 2024-04-17 00:13:08,840 ] 94 marjyamada040493 - INFO - Form message: 申込期間ではありません。
[ 2024-04-17 00:13:08,840 ] 94 marjyamada040493 - INFO - Form message: 申込期間ではありません。
[ 2024-04-17 00:13:08,840 ] 94 marjyamada040493 - INFO - Refreshing page to check availability trial number 16, template sequence: 96093
[ 2024-04-17 00:13:08,840 ] 94 marjyamada040493 - INFO - Refreshing page to check availability trial number 16, template sequence: 96093
[ 2024-04-17 00:13:08,840 ] 94 marjyamada040493 - INFO - Refreshing page to check availability trial number 16, template sequence: 96093
[ 2024-04-17 00:13:09,897 ] 94 marjyamada040493 - INFO - Form message: 申込期間ではありません。
[ 2024-04-17 00:13:09,897 ] 94 marjyamada040493 - INFO - Form message: 申込期間ではありません。
[ 2024-04-17 00:13:09,897 ] 94 marjyamada040493 - INFO - Form message: 申込期間ではありません。
[ 2024-04-17 00:13:09,897 ] 94 marjyamada040493 - INFO - Refreshing page to check availability trial number 17, template sequence: 96093
[ 2024-04-17 00:13:09,897 ] 94 marjyamada040493 - INFO - Refreshing page to check availability trial number 17, template sequence: 96093
[ 2024-04-17 00:13:09,897 ] 94 marjyamada040493 - INFO - Refreshing page to check availability trial number 17, template sequence: 96093
[ 2024-04-17 00:13:10,983 ] 94 marjyamada040493 - INFO - Form message: 申込期間ではありません。
[ 2024-04-17 00:13:10,983 ] 94 marjyamada040493 - INFO - Form message: 申込期間ではありません。
[ 2024-04-17 00:13:10,983 ] 94 marjyamada040493 - INFO - Form message: 申込期間ではありません。
[ 2024-04-17 00:13:10,984 ] 94 marjyamada040493 - INFO - Refreshing page to check availability trial number 18, template sequence: 96093
[ 2024-04-17 00:13:10,984 ] 94 marjyamada040493 - INFO - Refreshing page to check availability trial number 18, template sequence: 96093
[ 2024-04-17 00:13:10,984 ] 94 marjyamada040493 - INFO - Refreshing page to check availability trial number 18, template sequence: 96093
[ 2024-04-17 00:13:12,024 ] 94 marjyamada040493 - INFO - Form message: 申込期間ではありません。
[ 2024-04-17 00:13:12,024 ] 94 marjyamada040493 - INFO - Form message: 申込期間ではありません。
[ 2024-04-17 00:13:12,024 ] 94 marjyamada040493 - INFO - Form message: 申込期間ではありません。
[ 2024-04-17 00:13:12,024 ] 94 marjyamada040493 - INFO - Refreshing page to check availability trial number 19, template sequence: 96093
[ 2024-04-17 00:13:12,024 ] 94 marjyamada040493 - INFO - Refreshing page to check availability trial number 19, template sequence: 96093
[ 2024-04-17 00:13:12,024 ] 94 marjyamada040493 - INFO - Refreshing page to check availability trial number 19, template sequence: 96093
[ 2024-04-17 00:13:13,140 ] 94 marjyamada040493 - INFO - Form message: 申込期間ではありません。
[ 2024-04-17 00:13:13,140 ] 94 marjyamada040493 - INFO - Form message: 申込期間ではありません。
[ 2024-04-17 00:13:13,140 ] 94 marjyamada040493 - INFO - Form message: 申込期間ではありません。
[ 2024-04-17 00:13:13,141 ] 94 marjyamada040493 - INFO - Refreshing page to check availability trial number 20, template sequence: 96093
[ 2024-04-17 00:13:13,141 ] 94 marjyamada040493 - INFO - Refreshing page to check availability trial number 20, template sequence: 96093
[ 2024-04-17 00:13:13,141 ] 94 marjyamada040493 - INFO - Refreshing page to check availability trial number 20, template sequence: 96093
[ 2024-04-17 00:13:14,282 ] 94 marjyamada040493 - INFO - Form message: 申込期間ではありません。
[ 2024-04-17 00:13:14,282 ] 94 marjyamada040493 - INFO - Form message: 申込期間ではありません。
[ 2024-04-17 00:13:14,282 ] 94 marjyamada040493 - INFO - Form message: 申込期間ではありません。
[ 2024-04-17 00:13:14,283 ] 94 marjyamada040493 - INFO - Failed to access form after 20 refreshing, template sequence: 96093
[ 2024-04-17 00:13:14,283 ] 94 marjyamada040493 - INFO - Failed to access form after 20 refreshing, template sequence: 96093
[ 2024-04-17 00:13:14,283 ] 94 marjyamada040493 - INFO - Failed to access form after 20 refreshing, template sequence: 96093
[ 2024-04-17 00:13:14,285 ] 94 marjyamada040493 - INFO - Accessing form, template sequence: 96091
[ 2024-04-17 00:13:14,285 ] 94 marjyamada040493 - INFO - Accessing form, template sequence: 96091
[ 2024-04-17 00:13:14,285 ] 94 marjyamada040493 - INFO - Accessing form, template sequence: 96091
[ 2024-04-17 00:13:14,285 ] 94 marjyamada040493 - INFO - Form URL: https://www.shinsei.e-aichi.jp/pref-aichi-police-u/offer/offerList_detailTop?tempSeq=96091
[ 2024-04-17 00:13:14,285 ] 94 marjyamada040493 - INFO - Form URL: https://www.shinsei.e-aichi.jp/pref-aichi-police-u/offer/offerList_detailTop?tempSeq=96091
[ 2024-04-17 00:13:14,285 ] 94 marjyamada040493 - INFO - Form URL: https://www.shinsei.e-aichi.jp/pref-aichi-police-u/offer/offerList_detailTop?tempSeq=96091
[ 2024-04-17 00:13:19,873 ] 94 marjyamada040493 - INFO - Accessed form successfully
[ 2024-04-17 00:13:19,873 ] 94 marjyamada040493 - INFO - Accessed form successfully
[ 2024-04-17 00:13:19,873 ] 94 marjyamada040493 - INFO - Accessed form successfully
[ 2024-04-17 00:13:19,889 ] 94 marjyamada040493 - INFO - Form message: 申込期間ではありません。
[ 2024-04-17 00:13:19,889 ] 94 marjyamada040493 - INFO - Form message: 申込期間ではありません。
[ 2024-04-17 00:13:19,889 ] 94 marjyamada040493 - INFO - Form message: 申込期間ではありません。
[ 2024-04-17 00:13:19,889 ] 94 marjyamada040493 - INFO - Refreshing page to check availability trial number 1, template sequence: 96091
[ 2024-04-17 00:13:19,889 ] 94 marjyamada040493 - INFO - Refreshing page to check availability trial number 1, template sequence: 96091
[ 2024-04-17 00:13:19,889 ] 94 marjyamada040493 - INFO - Refreshing page to check availability trial number 1, template sequence: 96091
[ 2024-04-17 00:13:20,963 ] 94 marjyamada040493 - INFO - Form message: 申込期間ではありません。
[ 2024-04-17 00:13:20,963 ] 94 marjyamada040493 - INFO - Form message: 申込期間ではありません。
[ 2024-04-17 00:13:20,963 ] 94 marjyamada040493 - INFO - Form message: 申込期間ではありません。
[ 2024-04-17 00:13:20,963 ] 94 marjyamada040493 - INFO - Refreshing page to check availability trial number 2, template sequence: 96091
[ 2024-04-17 00:13:20,963 ] 94 marjyamada040493 - INFO - Refreshing page to check availability trial number 2, template sequence: 96091
[ 2024-04-17 00:13:20,963 ] 94 marjyamada040493 - INFO - Refreshing page to check availability trial number 2, template sequence: 96091
[ 2024-04-17 00:13:22,052 ] 94 marjyamada040493 - INFO - Form message: 申込期間ではありません。
[ 2024-04-17 00:13:22,052 ] 94 marjyamada040493 - INFO - Form message: 申込期間ではありません。
[ 2024-04-17 00:13:22,052 ] 94 marjyamada040493 - INFO - Form message: 申込期間ではありません。
[ 2024-04-17 00:13:22,053 ] 94 marjyamada040493 - INFO - Refreshing page to check availability trial number 3, template sequence: 96091
[ 2024-04-17 00:13:22,053 ] 94 marjyamada040493 - INFO - Refreshing page to check availability trial number 3, template sequence: 96091
[ 2024-04-17 00:13:22,053 ] 94 marjyamada040493 - INFO - Refreshing page to check availability trial number 3, template sequence: 96091
[ 2024-04-17 00:13:23,122 ] 94 marjyamada040493 - INFO - Form message: 申込期間ではありません。
[ 2024-04-17 00:13:23,122 ] 94 marjyamada040493 - INFO - Form message: 申込期間ではありません。
[ 2024-04-17 00:13:23,122 ] 94 marjyamada040493 - INFO - Form message: 申込期間ではありません。
[ 2024-04-17 00:13:23,122 ] 94 marjyamada040493 - INFO - Refreshing page to check availability trial number 4, template sequence: 96091
[ 2024-04-17 00:13:23,122 ] 94 marjyamada040493 - INFO - Refreshing page to check availability trial number 4, template sequence: 96091
[ 2024-04-17 00:13:23,122 ] 94 marjyamada040493 - INFO - Refreshing page to check availability trial number 4, template sequence: 96091
[ 2024-04-17 00:13:24,205 ] 94 marjyamada040493 - INFO - Form message: 申込期間ではありません。
[ 2024-04-17 00:13:24,205 ] 94 marjyamada040493 - INFO - Form message: 申込期間ではありません。
[ 2024-04-17 00:13:24,205 ] 94 marjyamada040493 - INFO - Form message: 申込期間ではありません。
[ 2024-04-17 00:13:24,206 ] 94 marjyamada040493 - INFO - Refreshing page to check availability trial number 5, template sequence: 96091
[ 2024-04-17 00:13:24,206 ] 94 marjyamada040493 - INFO - Refreshing page to check availability trial number 5, template sequence: 96091
[ 2024-04-17 00:13:24,206 ] 94 marjyamada040493 - INFO - Refreshing page to check availability trial number 5, template sequence: 96091
[ 2024-04-17 00:13:25,310 ] 94 marjyamada040493 - INFO - Form message: 申込期間ではありません。
[ 2024-04-17 00:13:25,310 ] 94 marjyamada040493 - INFO - Form message: 申込期間ではありません。
[ 2024-04-17 00:13:25,310 ] 94 marjyamada040493 - INFO - Form message: 申込期間ではありません。
[ 2024-04-17 00:13:25,311 ] 94 marjyamada040493 - INFO - Refreshing page to check availability trial number 6, template sequence: 96091
[ 2024-04-17 00:13:25,311 ] 94 marjyamada040493 - INFO - Refreshing page to check availability trial number 6, template sequence: 96091
[ 2024-04-17 00:13:25,311 ] 94 marjyamada040493 - INFO - Refreshing page to check availability trial number 6, template sequence: 96091
[ 2024-04-17 00:13:26,388 ] 94 marjyamada040493 - INFO - Form message: 申込期間ではありません。
[ 2024-04-17 00:13:26,388 ] 94 marjyamada040493 - INFO - Form message: 申込期間ではありません。
[ 2024-04-17 00:13:26,388 ] 94 marjyamada040493 - INFO - Form message: 申込期間ではありません。
[ 2024-04-17 00:13:26,389 ] 94 marjyamada040493 - INFO - Refreshing page to check availability trial number 7, template sequence: 96091
[ 2024-04-17 00:13:26,389 ] 94 marjyamada040493 - INFO - Refreshing page to check availability trial number 7, template sequence: 96091
[ 2024-04-17 00:13:26,389 ] 94 marjyamada040493 - INFO - Refreshing page to check availability trial number 7, template sequence: 96091
[ 2024-04-17 00:13:27,459 ] 94 marjyamada040493 - INFO - Form message: 申込期間ではありません。
[ 2024-04-17 00:13:27,459 ] 94 marjyamada040493 - INFO - Form message: 申込期間ではありません。
[ 2024-04-17 00:13:27,459 ] 94 marjyamada040493 - INFO - Form message: 申込期間ではありません。
[ 2024-04-17 00:13:27,460 ] 94 marjyamada040493 - INFO - Refreshing page to check availability trial number 8, template sequence: 96091
[ 2024-04-17 00:13:27,460 ] 94 marjyamada040493 - INFO - Refreshing page to check availability trial number 8, template sequence: 96091
[ 2024-04-17 00:13:27,460 ] 94 marjyamada040493 - INFO - Refreshing page to check availability trial number 8, template sequence: 96091
[ 2024-04-17 00:13:28,545 ] 94 marjyamada040493 - INFO - Form message: 申込期間ではありません。
[ 2024-04-17 00:13:28,545 ] 94 marjyamada040493 - INFO - Form message: 申込期間ではありません。
[ 2024-04-17 00:13:28,545 ] 94 marjyamada040493 - INFO - Form message: 申込期間ではありません。
[ 2024-04-17 00:13:28,546 ] 94 marjyamada040493 - INFO - Refreshing page to check availability trial number 9, template sequence: 96091
[ 2024-04-17 00:13:28,546 ] 94 marjyamada040493 - INFO - Refreshing page to check availability trial number 9, template sequence: 96091
[ 2024-04-17 00:13:28,546 ] 94 marjyamada040493 - INFO - Refreshing page to check availability trial number 9, template sequence: 96091
[ 2024-04-17 00:13:29,639 ] 94 marjyamada040493 - INFO - Form message: 申込期間ではありません。
[ 2024-04-17 00:13:29,639 ] 94 marjyamada040493 - INFO - Form message: 申込期間ではありません。
[ 2024-04-17 00:13:29,639 ] 94 marjyamada040493 - INFO - Form message: 申込期間ではありません。
[ 2024-04-17 00:13:29,639 ] 94 marjyamada040493 - INFO - Refreshing page to check availability trial number 10, template sequence: 96091
[ 2024-04-17 00:13:29,639 ] 94 marjyamada040493 - INFO - Refreshing page to check availability trial number 10, template sequence: 96091
[ 2024-04-17 00:13:29,639 ] 94 marjyamada040493 - INFO - Refreshing page to check availability trial number 10, template sequence: 96091
[ 2024-04-17 00:13:30,713 ] 94 marjyamada040493 - INFO - Form message: 申込期間ではありません。
[ 2024-04-17 00:13:30,713 ] 94 marjyamada040493 - INFO - Form message: 申込期間ではありません。
[ 2024-04-17 00:13:30,713 ] 94 marjyamada040493 - INFO - Form message: 申込期間ではありません。
[ 2024-04-17 00:13:30,713 ] 94 marjyamada040493 - INFO - Refreshing page to check availability trial number 11, template sequence: 96091
[ 2024-04-17 00:13:30,713 ] 94 marjyamada040493 - INFO - Refreshing page to check availability trial number 11, template sequence: 96091
[ 2024-04-17 00:13:30,713 ] 94 marjyamada040493 - INFO - Refreshing page to check availability trial number 11, template sequence: 96091
[ 2024-04-17 00:13:31,786 ] 94 marjyamada040493 - INFO - Form message: 申込期間ではありません。
[ 2024-04-17 00:13:31,786 ] 94 marjyamada040493 - INFO - Form message: 申込期間ではありません。
[ 2024-04-17 00:13:31,786 ] 94 marjyamada040493 - INFO - Form message: 申込期間ではありません。
[ 2024-04-17 00:13:31,787 ] 94 marjyamada040493 - INFO - Refreshing page to check availability trial number 12, template sequence: 96091
[ 2024-04-17 00:13:31,787 ] 94 marjyamada040493 - INFO - Refreshing page to check availability trial number 12, template sequence: 96091
[ 2024-04-17 00:13:31,787 ] 94 marjyamada040493 - INFO - Refreshing page to check availability trial number 12, template sequence: 96091
[ 2024-04-17 00:13:32,873 ] 94 marjyamada040493 - INFO - Form message: 申込期間ではありません。
[ 2024-04-17 00:13:32,873 ] 94 marjyamada040493 - INFO - Form message: 申込期間ではありません。
[ 2024-04-17 00:13:32,873 ] 94 marjyamada040493 - INFO - Form message: 申込期間ではありません。
[ 2024-04-17 00:13:32,873 ] 94 marjyamada040493 - INFO - Refreshing page to check availability trial number 13, template sequence: 96091
[ 2024-04-17 00:13:32,873 ] 94 marjyamada040493 - INFO - Refreshing page to check availability trial number 13, template sequence: 96091
[ 2024-04-17 00:13:32,873 ] 94 marjyamada040493 - INFO - Refreshing page to check availability trial number 13, template sequence: 96091
[ 2024-04-17 00:13:33,974 ] 94 marjyamada040493 - INFO - Form message: 申込期間ではありません。
[ 2024-04-17 00:13:33,974 ] 94 marjyamada040493 - INFO - Form message: 申込期間ではありません。
[ 2024-04-17 00:13:33,974 ] 94 marjyamada040493 - INFO - Form message: 申込期間ではありません。
[ 2024-04-17 00:13:33,975 ] 94 marjyamada040493 - INFO - Refreshing page to check availability trial number 14, template sequence: 96091
[ 2024-04-17 00:13:33,975 ] 94 marjyamada040493 - INFO - Refreshing page to check availability trial number 14, template sequence: 96091
[ 2024-04-17 00:13:33,975 ] 94 marjyamada040493 - INFO - Refreshing page to check availability trial number 14, template sequence: 96091
[ 2024-04-17 00:13:35,050 ] 94 marjyamada040493 - INFO - Form message: 申込期間ではありません。
[ 2024-04-17 00:13:35,050 ] 94 marjyamada040493 - INFO - Form message: 申込期間ではありません。
[ 2024-04-17 00:13:35,050 ] 94 marjyamada040493 - INFO - Form message: 申込期間ではありません。
[ 2024-04-17 00:13:35,050 ] 94 marjyamada040493 - INFO - Refreshing page to check availability trial number 15, template sequence: 96091
[ 2024-04-17 00:13:35,050 ] 94 marjyamada040493 - INFO - Refreshing page to check availability trial number 15, template sequence: 96091
[ 2024-04-17 00:13:35,050 ] 94 marjyamada040493 - INFO - Refreshing page to check availability trial number 15, template sequence: 96091
