[ 2024-04-17 00:12:36,735 ] 94 Nickpown0411 - INFO - Opened login page
[ 2024-04-17 00:12:36,735 ] 94 Nickpown0411 - INFO - Opened login page
[ 2024-04-17 00:12:36,735 ] 94 Nickpown0411 - INFO - Opened login page
[ 2024-04-17 00:12:41,674 ] 94 Nickpown0411 - INFO - Logging in
[ 2024-04-17 00:12:41,674 ] 94 Nickpown0411 - INFO - Logging in
[ 2024-04-17 00:12:41,674 ] 94 Nickpown0411 - INFO - Logging in
[ 2024-04-17 00:12:41,683 ] 94 Nickpown0411 - INFO - Current url: https://www.shinsei.e-aichi.jp/pref-aichi-police-u/offer/offerList_initDisplay
[ 2024-04-17 00:12:41,683 ] 94 Nickpown0411 - INFO - Current url: https://www.shinsei.e-aichi.jp/pref-aichi-police-u/offer/offerList_initDisplay
[ 2024-04-17 00:12:41,683 ] 94 Nickpown0411 - INFO - Current url: https://www.shinsei.e-aichi.jp/pref-aichi-police-u/offer/offerList_initDisplay
[ 2024-04-17 00:12:41,993 ] 94 Nickpown0411 - INFO - Logged in finished
[ 2024-04-17 00:12:41,993 ] 94 Nickpown0411 - INFO - Logged in finished
[ 2024-04-17 00:12:41,993 ] 94 Nickpown0411 - INFO - Logged in finished
[ 2024-04-17 00:12:42,274 ] 94 Nickpown0411 - INFO - On main page
[ 2024-04-17 00:12:42,274 ] 94 Nickpown0411 - INFO - On main page
[ 2024-04-17 00:12:42,274 ] 94 Nickpown0411 - INFO - On main page
[ 2024-04-17 00:12:44,122 ] 94 Nickpown0411 - INFO - Search submitted
[ 2024-04-17 00:12:44,122 ] 94 Nickpown0411 - INFO - Search submitted
[ 2024-04-17 00:12:44,122 ] 94 Nickpown0411 - INFO - Search submitted
[ 2024-04-17 00:12:44,158 ] 94 Nickpown0411 - INFO - Collected 20 forms
[ 2024-04-17 00:12:44,158 ] 94 Nickpown0411 - INFO - Collected 20 forms
[ 2024-04-17 00:12:44,158 ] 94 Nickpown0411 - INFO - Collected 20 forms
[ 2024-04-17 00:12:44,217 ] 94 Nickpown0411 - INFO - Parsed data: title: ＜05月02日(木) 08:45～09:30＞[平針]外国免許切替審査 Hirabari Exchanging Foreign Driver's License, status: None, start_date: 2024年04月18日 07時30分, end_date: 2024年04月30日 12時00分, template_seq: 96126
[ 2024-04-17 00:12:44,217 ] 94 Nickpown0411 - INFO - Parsed data: title: ＜05月02日(木) 08:45～09:30＞[平針]外国免許切替審査 Hirabari Exchanging Foreign Driver's License, status: None, start_date: 2024年04月18日 07時30分, end_date: 2024年04月30日 12時00分, template_seq: 96126
[ 2024-04-17 00:12:44,217 ] 94 Nickpown0411 - INFO - Parsed data: title: ＜05月02日(木) 08:45～09:30＞[平針]外国免許切替審査 Hirabari Exchanging Foreign Driver's License, status: None, start_date: 2024年04月18日 07時30分, end_date: 2024年04月30日 12時00分, template_seq: 96126
[ 2024-04-17 00:12:44,267 ] 94 Nickpown0411 - INFO - Parsed data: title: ＜05月02日(木) 09:30～10:30＞[平針]外国免許切替審査 Hirabari Exchanging Foreign Driver's License, status: None, start_date: 2024年04月18日 07時30分, end_date: 2024年04月30日 12時00分, template_seq: 96127
[ 2024-04-17 00:12:44,267 ] 94 Nickpown0411 - INFO - Parsed data: title: ＜05月02日(木) 09:30～10:30＞[平針]外国免許切替審査 Hirabari Exchanging Foreign Driver's License, status: None, start_date: 2024年04月18日 07時30分, end_date: 2024年04月30日 12時00分, template_seq: 96127
[ 2024-04-17 00:12:44,267 ] 94 Nickpown0411 - INFO - Parsed data: title: ＜05月02日(木) 09:30～10:30＞[平針]外国免許切替審査 Hirabari Exchanging Foreign Driver's License, status: None, start_date: 2024年04月18日 07時30分, end_date: 2024年04月30日 12時00分, template_seq: 96127
[ 2024-04-17 00:12:44,311 ] 94 Nickpown0411 - INFO - Parsed data: title: ＜05月02日(木) 10:30～11:45＞[平針]外国免許切替審査 Hirabari Exchanging Foreign Driver's License, status: None, start_date: 2024年04月18日 07時30分, end_date: 2024年04月30日 12時00分, template_seq: 96128
[ 2024-04-17 00:12:44,311 ] 94 Nickpown0411 - INFO - Parsed data: title: ＜05月02日(木) 10:30～11:45＞[平針]外国免許切替審査 Hirabari Exchanging Foreign Driver's License, status: None, start_date: 2024年04月18日 07時30分, end_date: 2024年04月30日 12時00分, template_seq: 96128
[ 2024-04-17 00:12:44,311 ] 94 Nickpown0411 - INFO - Parsed data: title: ＜05月02日(木) 10:30～11:45＞[平針]外国免許切替審査 Hirabari Exchanging Foreign Driver's License, status: None, start_date: 2024年04月18日 07時30分, end_date: 2024年04月30日 12時00分, template_seq: 96128
[ 2024-04-17 00:12:44,387 ] 94 Nickpown0411 - INFO - Parsed data: title: ＜05月02日(木) 12:45～13:30＞[平針]外国免許切替審査 Hirabari Exchanging Foreign Driver's License, status: None, start_date: 2024年04月18日 07時30分, end_date: 2024年04月30日 12時00分, template_seq: 96129
[ 2024-04-17 00:12:44,387 ] 94 Nickpown0411 - INFO - Parsed data: title: ＜05月02日(木) 12:45～13:30＞[平針]外国免許切替審査 Hirabari Exchanging Foreign Driver's License, status: None, start_date: 2024年04月18日 07時30分, end_date: 2024年04月30日 12時00分, template_seq: 96129
[ 2024-04-17 00:12:44,387 ] 94 Nickpown0411 - INFO - Parsed data: title: ＜05月02日(木) 12:45～13:30＞[平針]外国免許切替審査 Hirabari Exchanging Foreign Driver's License, status: None, start_date: 2024年04月18日 07時30分, end_date: 2024年04月30日 12時00分, template_seq: 96129
[ 2024-04-17 00:12:44,437 ] 94 Nickpown0411 - INFO - Parsed data: title: ＜05月02日(木) 13:30～14:45＞[平針]外国免許切替審査 Hirabari Exchanging Foreign Driver's License, status: None, start_date: 2024年04月18日 07時30分, end_date: 2024年04月30日 12時00分, template_seq: 96130
[ 2024-04-17 00:12:44,437 ] 94 Nickpown0411 - INFO - Parsed data: title: ＜05月02日(木) 13:30～14:45＞[平針]外国免許切替審査 Hirabari Exchanging Foreign Driver's License, status: None, start_date: 2024年04月18日 07時30分, end_date: 2024年04月30日 12時00分, template_seq: 96130
[ 2024-04-17 00:12:44,437 ] 94 Nickpown0411 - INFO - Parsed data: title: ＜05月02日(木) 13:30～14:45＞[平針]外国免許切替審査 Hirabari Exchanging Foreign Driver's License, status: None, start_date: 2024年04月18日 07時30分, end_date: 2024年04月30日 12時00分, template_seq: 96130
[ 2024-04-17 00:12:44,495 ] 94 Nickpown0411 - INFO - Parsed data: title: ＜05月01日(水) 08:45～09:30＞[平針]外国免許切替審査 Hirabari Exchanging Foreign Driver's License, status: None, start_date: 2024年04月17日 07時30分, end_date: 2024年04月26日 12時00分, template_seq: 96088
[ 2024-04-17 00:12:44,495 ] 94 Nickpown0411 - INFO - Parsed data: title: ＜05月01日(水) 08:45～09:30＞[平針]外国免許切替審査 Hirabari Exchanging Foreign Driver's License, status: None, start_date: 2024年04月17日 07時30分, end_date: 2024年04月26日 12時00分, template_seq: 96088
[ 2024-04-17 00:12:44,495 ] 94 Nickpown0411 - INFO - Parsed data: title: ＜05月01日(水) 08:45～09:30＞[平針]外国免許切替審査 Hirabari Exchanging Foreign Driver's License, status: None, start_date: 2024年04月17日 07時30分, end_date: 2024年04月26日 12時00分, template_seq: 96088
[ 2024-04-17 00:12:44,497 ] 94 Nickpown0411 - INFO - Parsed data: title: ＜05月01日(水) 08:45～09:30＞[平針]外国免許切替審査 Hirabari Exchanging Foreign Driver's License, status: None, start_date: 2024年04月17日 07時30分, end_date: 2024年04月26日 12時00分, template_seq: 96088
[ 2024-04-17 00:12:44,497 ] 94 Nickpown0411 - INFO - Parsed data: title: ＜05月01日(水) 08:45～09:30＞[平針]外国免許切替審査 Hirabari Exchanging Foreign Driver's License, status: None, start_date: 2024年04月17日 07時30分, end_date: 2024年04月26日 12時00分, template_seq: 96088
[ 2024-04-17 00:12:44,497 ] 94 Nickpown0411 - INFO - Parsed data: title: ＜05月01日(水) 08:45～09:30＞[平針]外国免許切替審査 Hirabari Exchanging Foreign Driver's License, status: None, start_date: 2024年04月17日 07時30分, end_date: 2024年04月26日 12時00分, template_seq: 96088
[ 2024-04-17 00:12:44,537 ] 94 Nickpown0411 - INFO - Parsed data: title: ＜05月01日(水) 09:30～10:30＞[平針]外国免許切替審査 Hirabari Exchanging Foreign Driver's License, status: None, start_date: 2024年04月17日 07時30分, end_date: 2024年04月26日 12時00分, template_seq: 96089
[ 2024-04-17 00:12:44,537 ] 94 Nickpown0411 - INFO - Parsed data: title: ＜05月01日(水) 09:30～10:30＞[平針]外国免許切替審査 Hirabari Exchanging Foreign Driver's License, status: None, start_date: 2024年04月17日 07時30分, end_date: 2024年04月26日 12時00分, template_seq: 96089
[ 2024-04-17 00:12:44,537 ] 94 Nickpown0411 - INFO - Parsed data: title: ＜05月01日(水) 09:30～10:30＞[平針]外国免許切替審査 Hirabari Exchanging Foreign Driver's License, status: None, start_date: 2024年04月17日 07時30分, end_date: 2024年04月26日 12時00分, template_seq: 96089
[ 2024-04-17 00:12:44,538 ] 94 Nickpown0411 - INFO - Parsed data: title: ＜05月01日(水) 09:30～10:30＞[平針]外国免許切替審査 Hirabari Exchanging Foreign Driver's License, status: None, start_date: 2024年04月17日 07時30分, end_date: 2024年04月26日 12時00分, template_seq: 96089
[ 2024-04-17 00:12:44,538 ] 94 Nickpown0411 - INFO - Parsed data: title: ＜05月01日(水) 09:30～10:30＞[平針]外国免許切替審査 Hirabari Exchanging Foreign Driver's License, status: None, start_date: 2024年04月17日 07時30分, end_date: 2024年04月26日 12時00分, template_seq: 96089
[ 2024-04-17 00:12:44,538 ] 94 Nickpown0411 - INFO - Parsed data: title: ＜05月01日(水) 09:30～10:30＞[平針]外国免許切替審査 Hirabari Exchanging Foreign Driver's License, status: None, start_date: 2024年04月17日 07時30分, end_date: 2024年04月26日 12時00分, template_seq: 96089
[ 2024-04-17 00:12:44,587 ] 94 Nickpown0411 - INFO - Parsed data: title: ＜05月01日(水) 10:30～11:45＞[平針]外国免許切替審査 Hirabari Exchanging Foreign Driver's License, status: None, start_date: 2024年04月17日 07時30分, end_date: 2024年04月26日 12時00分, template_seq: 96090
[ 2024-04-17 00:12:44,587 ] 94 Nickpown0411 - INFO - Parsed data: title: ＜05月01日(水) 10:30～11:45＞[平針]外国免許切替審査 Hirabari Exchanging Foreign Driver's License, status: None, start_date: 2024年04月17日 07時30分, end_date: 2024年04月26日 12時00分, template_seq: 96090
[ 2024-04-17 00:12:44,587 ] 94 Nickpown0411 - INFO - Parsed data: title: ＜05月01日(水) 10:30～11:45＞[平針]外国免許切替審査 Hirabari Exchanging Foreign Driver's License, status: None, start_date: 2024年04月17日 07時30分, end_date: 2024年04月26日 12時00分, template_seq: 96090
[ 2024-04-17 00:12:44,588 ] 94 Nickpown0411 - INFO - Parsed data: title: ＜05月01日(水) 10:30～11:45＞[平針]外国免許切替審査 Hirabari Exchanging Foreign Driver's License, status: None, start_date: 2024年04月17日 07時30分, end_date: 2024年04月26日 12時00分, template_seq: 96090
[ 2024-04-17 00:12:44,588 ] 94 Nickpown0411 - INFO - Parsed data: title: ＜05月01日(水) 10:30～11:45＞[平針]外国免許切替審査 Hirabari Exchanging Foreign Driver's License, status: None, start_date: 2024年04月17日 07時30分, end_date: 2024年04月26日 12時00分, template_seq: 96090
[ 2024-04-17 00:12:44,588 ] 94 Nickpown0411 - INFO - Parsed data: title: ＜05月01日(水) 10:30～11:45＞[平針]外国免許切替審査 Hirabari Exchanging Foreign Driver's License, status: None, start_date: 2024年04月17日 07時30分, end_date: 2024年04月26日 12時00分, template_seq: 96090
[ 2024-04-17 00:12:44,620 ] 94 Nickpown0411 - INFO - Parsed data: title: ＜05月01日(水) 12:45～13:30＞[平針]外国免許切替審査 Hirabari Exchanging Foreign Driver's License, status: None, start_date: 2024年04月17日 07時30分, end_date: 2024年04月26日 12時00分, template_seq: 96091
[ 2024-04-17 00:12:44,620 ] 94 Nickpown0411 - INFO - Parsed data: title: ＜05月01日(水) 12:45～13:30＞[平針]外国免許切替審査 Hirabari Exchanging Foreign Driver's License, status: None, start_date: 2024年04月17日 07時30分, end_date: 2024年04月26日 12時00分, template_seq: 96091
[ 2024-04-17 00:12:44,620 ] 94 Nickpown0411 - INFO - Parsed data: title: ＜05月01日(水) 12:45～13:30＞[平針]外国免許切替審査 Hirabari Exchanging Foreign Driver's License, status: None, start_date: 2024年04月17日 07時30分, end_date: 2024年04月26日 12時00分, template_seq: 96091
[ 2024-04-17 00:12:44,623 ] 94 Nickpown0411 - INFO - Parsed data: title: ＜05月01日(水) 12:45～13:30＞[平針]外国免許切替審査 Hirabari Exchanging Foreign Driver's License, status: None, start_date: 2024年04月17日 07時30分, end_date: 2024年04月26日 12時00分, template_seq: 96091
[ 2024-04-17 00:12:44,623 ] 94 Nickpown0411 - INFO - Parsed data: title: ＜05月01日(水) 12:45～13:30＞[平針]外国免許切替審査 Hirabari Exchanging Foreign Driver's License, status: None, start_date: 2024年04月17日 07時30分, end_date: 2024年04月26日 12時00分, template_seq: 96091
[ 2024-04-17 00:12:44,623 ] 94 Nickpown0411 - INFO - Parsed data: title: ＜05月01日(水) 12:45～13:30＞[平針]外国免許切替審査 Hirabari Exchanging Foreign Driver's License, status: None, start_date: 2024年04月17日 07時30分, end_date: 2024年04月26日 12時00分, template_seq: 96091
[ 2024-04-17 00:12:44,669 ] 94 Nickpown0411 - INFO - Parsed data: title: ＜05月01日(水) 13:30～14:45＞[平針]外国免許切替審査 Hirabari Exchanging Foreign Driver's License, status: None, start_date: 2024年04月17日 07時30分, end_date: 2024年04月26日 12時00分, template_seq: 96093
[ 2024-04-17 00:12:44,669 ] 94 Nickpown0411 - INFO - Parsed data: title: ＜05月01日(水) 13:30～14:45＞[平針]外国免許切替審査 Hirabari Exchanging Foreign Driver's License, status: None, start_date: 2024年04月17日 07時30分, end_date: 2024年04月26日 12時00分, template_seq: 96093
[ 2024-04-17 00:12:44,669 ] 94 Nickpown0411 - INFO - Parsed data: title: ＜05月01日(水) 13:30～14:45＞[平針]外国免許切替審査 Hirabari Exchanging Foreign Driver's License, status: None, start_date: 2024年04月17日 07時30分, end_date: 2024年04月26日 12時00分, template_seq: 96093
[ 2024-04-17 00:12:44,670 ] 94 Nickpown0411 - INFO - Parsed data: title: ＜05月01日(水) 13:30～14:45＞[平針]外国免許切替審査 Hirabari Exchanging Foreign Driver's License, status: None, start_date: 2024年04月17日 07時30分, end_date: 2024年04月26日 12時00分, template_seq: 96093
[ 2024-04-17 00:12:44,670 ] 94 Nickpown0411 - INFO - Parsed data: title: ＜05月01日(水) 13:30～14:45＞[平針]外国免許切替審査 Hirabari Exchanging Foreign Driver's License, status: None, start_date: 2024年04月17日 07時30分, end_date: 2024年04月26日 12時00分, template_seq: 96093
[ 2024-04-17 00:12:44,670 ] 94 Nickpown0411 - INFO - Parsed data: title: ＜05月01日(水) 13:30～14:45＞[平針]外国免許切替審査 Hirabari Exchanging Foreign Driver's License, status: None, start_date: 2024年04月17日 07時30分, end_date: 2024年04月26日 12時00分, template_seq: 96093
[ 2024-04-17 00:12:44,704 ] 94 Nickpown0411 - INFO - Parsed data: title: ＜04月30日(火) 08:45～09:30＞[平針]外国免許切替審査 Hirabari Exchanging Foreign Driver's License, status: None, start_date: 2024年04月16日 07時30分, end_date: 2024年04月25日 12時00分, template_seq: 95604
[ 2024-04-17 00:12:44,704 ] 94 Nickpown0411 - INFO - Parsed data: title: ＜04月30日(火) 08:45～09:30＞[平針]外国免許切替審査 Hirabari Exchanging Foreign Driver's License, status: None, start_date: 2024年04月16日 07時30分, end_date: 2024年04月25日 12時00分, template_seq: 95604
[ 2024-04-17 00:12:44,704 ] 94 Nickpown0411 - INFO - Parsed data: title: ＜04月30日(火) 08:45～09:30＞[平針]外国免許切替審査 Hirabari Exchanging Foreign Driver's License, status: None, start_date: 2024年04月16日 07時30分, end_date: 2024年04月25日 12時00分, template_seq: 95604
[ 2024-04-17 00:12:44,755 ] 94 Nickpown0411 - INFO - Parsed data: title: ＜04月30日(火) 09:30～10:30＞[平針]外国免許切替審査 Hirabari Exchanging Foreign Driver's License, status: None, start_date: 2024年04月16日 07時30分, end_date: 2024年04月25日 12時00分, template_seq: 95605
[ 2024-04-17 00:12:44,755 ] 94 Nickpown0411 - INFO - Parsed data: title: ＜04月30日(火) 09:30～10:30＞[平針]外国免許切替審査 Hirabari Exchanging Foreign Driver's License, status: None, start_date: 2024年04月16日 07時30分, end_date: 2024年04月25日 12時00分, template_seq: 95605
[ 2024-04-17 00:12:44,755 ] 94 Nickpown0411 - INFO - Parsed data: title: ＜04月30日(火) 09:30～10:30＞[平針]外国免許切替審査 Hirabari Exchanging Foreign Driver's License, status: None, start_date: 2024年04月16日 07時30分, end_date: 2024年04月25日 12時00分, template_seq: 95605
[ 2024-04-17 00:12:44,781 ] 94 Nickpown0411 - INFO - Parsed data: title: ＜04月30日(火) 10:30～11:45＞[平針]外国免許切替審査 Hirabari Exchanging Foreign Driver's License, status: None, start_date: 2024年04月16日 07時30分, end_date: 2024年04月25日 12時00分, template_seq: 95607
[ 2024-04-17 00:12:44,781 ] 94 Nickpown0411 - INFO - Parsed data: title: ＜04月30日(火) 10:30～11:45＞[平針]外国免許切替審査 Hirabari Exchanging Foreign Driver's License, status: None, start_date: 2024年04月16日 07時30分, end_date: 2024年04月25日 12時00分, template_seq: 95607
[ 2024-04-17 00:12:44,781 ] 94 Nickpown0411 - INFO - Parsed data: title: ＜04月30日(火) 10:30～11:45＞[平針]外国免許切替審査 Hirabari Exchanging Foreign Driver's License, status: None, start_date: 2024年04月16日 07時30分, end_date: 2024年04月25日 12時00分, template_seq: 95607
[ 2024-04-17 00:12:44,806 ] 94 Nickpown0411 - INFO - Parsed data: title: ＜04月30日(火) 12:45～13:30＞[平針]外国免許切替審査 Hirabari Exchanging Foreign Driver's License, status: None, start_date: 2024年04月16日 07時30分, end_date: 2024年04月25日 12時00分, template_seq: 95608
[ 2024-04-17 00:12:44,806 ] 94 Nickpown0411 - INFO - Parsed data: title: ＜04月30日(火) 12:45～13:30＞[平針]外国免許切替審査 Hirabari Exchanging Foreign Driver's License, status: None, start_date: 2024年04月16日 07時30分, end_date: 2024年04月25日 12時00分, template_seq: 95608
[ 2024-04-17 00:12:44,806 ] 94 Nickpown0411 - INFO - Parsed data: title: ＜04月30日(火) 12:45～13:30＞[平針]外国免許切替審査 Hirabari Exchanging Foreign Driver's License, status: None, start_date: 2024年04月16日 07時30分, end_date: 2024年04月25日 12時00分, template_seq: 95608
[ 2024-04-17 00:12:44,830 ] 94 Nickpown0411 - INFO - Parsed data: title: ＜04月30日(火) 13:30～14:45＞[平針]外国免許切替審査 Hirabari Exchanging Foreign Driver's License, status: None, start_date: 2024年04月16日 07時30分, end_date: 2024年04月25日 12時00分, template_seq: 95609
[ 2024-04-17 00:12:44,830 ] 94 Nickpown0411 - INFO - Parsed data: title: ＜04月30日(火) 13:30～14:45＞[平針]外国免許切替審査 Hirabari Exchanging Foreign Driver's License, status: None, start_date: 2024年04月16日 07時30分, end_date: 2024年04月25日 12時00分, template_seq: 95609
[ 2024-04-17 00:12:44,830 ] 94 Nickpown0411 - INFO - Parsed data: title: ＜04月30日(火) 13:30～14:45＞[平針]外国免許切替審査 Hirabari Exchanging Foreign Driver's License, status: None, start_date: 2024年04月16日 07時30分, end_date: 2024年04月25日 12時00分, template_seq: 95609
[ 2024-04-17 00:12:44,854 ] 94 Nickpown0411 - INFO - Parsed data: title: ＜04月26日(金) 08:45～09:30＞[平針]外国免許切替審査 Hirabari Exchanging Foreign Driver's License, status: None, start_date: 2024年04月12日 07時30分, end_date: 2024年04月24日 12時00分, template_seq: 95410
[ 2024-04-17 00:12:44,854 ] 94 Nickpown0411 - INFO - Parsed data: title: ＜04月26日(金) 08:45～09:30＞[平針]外国免許切替審査 Hirabari Exchanging Foreign Driver's License, status: None, start_date: 2024年04月12日 07時30分, end_date: 2024年04月24日 12時00分, template_seq: 95410
[ 2024-04-17 00:12:44,854 ] 94 Nickpown0411 - INFO - Parsed data: title: ＜04月26日(金) 08:45～09:30＞[平針]外国免許切替審査 Hirabari Exchanging Foreign Driver's License, status: None, start_date: 2024年04月12日 07時30分, end_date: 2024年04月24日 12時00分, template_seq: 95410
[ 2024-04-17 00:12:44,903 ] 94 Nickpown0411 - INFO - Parsed data: title: ＜04月26日(金) 09:30～10:30＞[平針]外国免許切替審査 Hirabari Exchanging Foreign Driver's License, status: None, start_date: 2024年04月12日 07時30分, end_date: 2024年04月24日 12時00分, template_seq: 95411
[ 2024-04-17 00:12:44,903 ] 94 Nickpown0411 - INFO - Parsed data: title: ＜04月26日(金) 09:30～10:30＞[平針]外国免許切替審査 Hirabari Exchanging Foreign Driver's License, status: None, start_date: 2024年04月12日 07時30分, end_date: 2024年04月24日 12時00分, template_seq: 95411
[ 2024-04-17 00:12:44,903 ] 94 Nickpown0411 - INFO - Parsed data: title: ＜04月26日(金) 09:30～10:30＞[平針]外国免許切替審査 Hirabari Exchanging Foreign Driver's License, status: None, start_date: 2024年04月12日 07時30分, end_date: 2024年04月24日 12時00分, template_seq: 95411
[ 2024-04-17 00:12:44,928 ] 94 Nickpown0411 - INFO - Parsed data: title: ＜04月26日(金) 10:30～11:45＞[平針]外国免許切替審査 Hirabari Exchanging Foreign Driver's License, status: None, start_date: 2024年04月12日 07時30分, end_date: 2024年04月24日 12時00分, template_seq: 95412
[ 2024-04-17 00:12:44,928 ] 94 Nickpown0411 - INFO - Parsed data: title: ＜04月26日(金) 10:30～11:45＞[平針]外国免許切替審査 Hirabari Exchanging Foreign Driver's License, status: None, start_date: 2024年04月12日 07時30分, end_date: 2024年04月24日 12時00分, template_seq: 95412
[ 2024-04-17 00:12:44,928 ] 94 Nickpown0411 - INFO - Parsed data: title: ＜04月26日(金) 10:30～11:45＞[平針]外国免許切替審査 Hirabari Exchanging Foreign Driver's License, status: None, start_date: 2024年04月12日 07時30分, end_date: 2024年04月24日 12時00分, template_seq: 95412
[ 2024-04-17 00:12:44,995 ] 94 Nickpown0411 - INFO - Parsed data: title: ＜04月26日(金) 12:45～13:30＞[平針]外国免許切替審査 Hirabari Exchanging Foreign Driver's License, status: None, start_date: 2024年04月12日 07時30分, end_date: 2024年04月24日 12時00分, template_seq: 95413
[ 2024-04-17 00:12:44,995 ] 94 Nickpown0411 - INFO - Parsed data: title: ＜04月26日(金) 12:45～13:30＞[平針]外国免許切替審査 Hirabari Exchanging Foreign Driver's License, status: None, start_date: 2024年04月12日 07時30分, end_date: 2024年04月24日 12時00分, template_seq: 95413
[ 2024-04-17 00:12:44,995 ] 94 Nickpown0411 - INFO - Parsed data: title: ＜04月26日(金) 12:45～13:30＞[平針]外国免許切替審査 Hirabari Exchanging Foreign Driver's License, status: None, start_date: 2024年04月12日 07時30分, end_date: 2024年04月24日 12時00分, template_seq: 95413
[ 2024-04-17 00:12:45,055 ] 94 Nickpown0411 - INFO - Parsed data: title: ＜04月26日(金) 13:30～14:45＞[平針]外国免許切替審査 Hirabari Exchanging Foreign Driver's License, status: None, start_date: 2024年04月12日 07時30分, end_date: 2024年04月24日 12時00分, template_seq: 95414
[ 2024-04-17 00:12:45,055 ] 94 Nickpown0411 - INFO - Parsed data: title: ＜04月26日(金) 13:30～14:45＞[平針]外国免許切替審査 Hirabari Exchanging Foreign Driver's License, status: None, start_date: 2024年04月12日 07時30分, end_date: 2024年04月24日 12時00分, template_seq: 95414
[ 2024-04-17 00:12:45,055 ] 94 Nickpown0411 - INFO - Parsed data: title: ＜04月26日(金) 13:30～14:45＞[平針]外国免許切替審査 Hirabari Exchanging Foreign Driver's License, status: None, start_date: 2024年04月12日 07時30分, end_date: 2024年04月24日 12時00分, template_seq: 95414
[ 2024-04-17 00:12:45,057 ] 94 Nickpown0411 - INFO - Number of filtered forms left is: 5 form(s)
[ 2024-04-17 00:12:45,057 ] 94 Nickpown0411 - INFO - Number of filtered forms left is: 5 form(s)
[ 2024-04-17 00:12:45,057 ] 94 Nickpown0411 - INFO - Number of filtered forms left is: 5 form(s)
[ 2024-04-17 00:12:45,059 ] 94 Nickpown0411 - INFO - Accessing form, template sequence: 96091
[ 2024-04-17 00:12:45,059 ] 94 Nickpown0411 - INFO - Accessing form, template sequence: 96091
[ 2024-04-17 00:12:45,059 ] 94 Nickpown0411 - INFO - Accessing form, template sequence: 96091
[ 2024-04-17 00:12:45,060 ] 94 Nickpown0411 - INFO - Form URL: https://www.shinsei.e-aichi.jp/pref-aichi-police-u/offer/offerList_detailTop?tempSeq=96091
[ 2024-04-17 00:12:45,060 ] 94 Nickpown0411 - INFO - Form URL: https://www.shinsei.e-aichi.jp/pref-aichi-police-u/offer/offerList_detailTop?tempSeq=96091
[ 2024-04-17 00:12:45,060 ] 94 Nickpown0411 - INFO - Form URL: https://www.shinsei.e-aichi.jp/pref-aichi-police-u/offer/offerList_detailTop?tempSeq=96091
[ 2024-04-17 00:12:51,051 ] 94 Nickpown0411 - INFO - Accessed form successfully
[ 2024-04-17 00:12:51,051 ] 94 Nickpown0411 - INFO - Accessed form successfully
[ 2024-04-17 00:12:51,051 ] 94 Nickpown0411 - INFO - Accessed form successfully
[ 2024-04-17 00:12:51,070 ] 94 Nickpown0411 - INFO - Form message: 申込期間ではありません。
[ 2024-04-17 00:12:51,070 ] 94 Nickpown0411 - INFO - Form message: 申込期間ではありません。
[ 2024-04-17 00:12:51,070 ] 94 Nickpown0411 - INFO - Form message: 申込期間ではありません。
[ 2024-04-17 00:12:51,070 ] 94 Nickpown0411 - INFO - Refreshing page to check availability trial number 1, template sequence: 96091
[ 2024-04-17 00:12:51,070 ] 94 Nickpown0411 - INFO - Refreshing page to check availability trial number 1, template sequence: 96091
[ 2024-04-17 00:12:51,070 ] 94 Nickpown0411 - INFO - Refreshing page to check availability trial number 1, template sequence: 96091
[ 2024-04-17 00:12:52,801 ] 94 Nickpown0411 - INFO - Form message: 申込期間ではありません。
[ 2024-04-17 00:12:52,801 ] 94 Nickpown0411 - INFO - Form message: 申込期間ではありません。
[ 2024-04-17 00:12:52,801 ] 94 Nickpown0411 - INFO - Form message: 申込期間ではありません。
[ 2024-04-17 00:12:52,802 ] 94 Nickpown0411 - INFO - Refreshing page to check availability trial number 2, template sequence: 96091
[ 2024-04-17 00:12:52,802 ] 94 Nickpown0411 - INFO - Refreshing page to check availability trial number 2, template sequence: 96091
[ 2024-04-17 00:12:52,802 ] 94 Nickpown0411 - INFO - Refreshing page to check availability trial number 2, template sequence: 96091
[ 2024-04-17 00:12:54,609 ] 94 Nickpown0411 - INFO - Form message: 申込期間ではありません。
[ 2024-04-17 00:12:54,609 ] 94 Nickpown0411 - INFO - Form message: 申込期間ではありません。
[ 2024-04-17 00:12:54,609 ] 94 Nickpown0411 - INFO - Form message: 申込期間ではありません。
[ 2024-04-17 00:12:54,609 ] 94 Nickpown0411 - INFO - Refreshing page to check availability trial number 3, template sequence: 96091
[ 2024-04-17 00:12:54,609 ] 94 Nickpown0411 - INFO - Refreshing page to check availability trial number 3, template sequence: 96091
[ 2024-04-17 00:12:54,609 ] 94 Nickpown0411 - INFO - Refreshing page to check availability trial number 3, template sequence: 96091
[ 2024-04-17 00:12:56,359 ] 94 Nickpown0411 - INFO - Form message: 申込期間ではありません。
[ 2024-04-17 00:12:56,359 ] 94 Nickpown0411 - INFO - Form message: 申込期間ではありません。
[ 2024-04-17 00:12:56,359 ] 94 Nickpown0411 - INFO - Form message: 申込期間ではありません。
[ 2024-04-17 00:12:56,359 ] 94 Nickpown0411 - INFO - Refreshing page to check availability trial number 4, template sequence: 96091
[ 2024-04-17 00:12:56,359 ] 94 Nickpown0411 - INFO - Refreshing page to check availability trial number 4, template sequence: 96091
[ 2024-04-17 00:12:56,359 ] 94 Nickpown0411 - INFO - Refreshing page to check availability trial number 4, template sequence: 96091
[ 2024-04-17 00:12:58,124 ] 94 Nickpown0411 - INFO - Form message: 申込期間ではありません。
[ 2024-04-17 00:12:58,124 ] 94 Nickpown0411 - INFO - Form message: 申込期間ではありません。
[ 2024-04-17 00:12:58,124 ] 94 Nickpown0411 - INFO - Form message: 申込期間ではありません。
[ 2024-04-17 00:12:58,125 ] 94 Nickpown0411 - INFO - Refreshing page to check availability trial number 5, template sequence: 96091
[ 2024-04-17 00:12:58,125 ] 94 Nickpown0411 - INFO - Refreshing page to check availability trial number 5, template sequence: 96091
[ 2024-04-17 00:12:58,125 ] 94 Nickpown0411 - INFO - Refreshing page to check availability trial number 5, template sequence: 96091
[ 2024-04-17 00:12:59,619 ] 94 Nickpown0411 - INFO - Form message: 申込期間ではありません。
[ 2024-04-17 00:12:59,619 ] 94 Nickpown0411 - INFO - Form message: 申込期間ではありません。
[ 2024-04-17 00:12:59,619 ] 94 Nickpown0411 - INFO - Form message: 申込期間ではありません。
[ 2024-04-17 00:12:59,619 ] 94 Nickpown0411 - INFO - Refreshing page to check availability trial number 6, template sequence: 96091
[ 2024-04-17 00:12:59,619 ] 94 Nickpown0411 - INFO - Refreshing page to check availability trial number 6, template sequence: 96091
[ 2024-04-17 00:12:59,619 ] 94 Nickpown0411 - INFO - Refreshing page to check availability trial number 6, template sequence: 96091
[ 2024-04-17 00:13:01,352 ] 94 Nickpown0411 - INFO - Form message: 申込期間ではありません。
[ 2024-04-17 00:13:01,352 ] 94 Nickpown0411 - INFO - Form message: 申込期間ではありません。
[ 2024-04-17 00:13:01,352 ] 94 Nickpown0411 - INFO - Form message: 申込期間ではありません。
[ 2024-04-17 00:13:01,352 ] 94 Nickpown0411 - INFO - Refreshing page to check availability trial number 7, template sequence: 96091
[ 2024-04-17 00:13:01,352 ] 94 Nickpown0411 - INFO - Refreshing page to check availability trial number 7, template sequence: 96091
[ 2024-04-17 00:13:01,352 ] 94 Nickpown0411 - INFO - Refreshing page to check availability trial number 7, template sequence: 96091
[ 2024-04-17 00:13:03,180 ] 94 Nickpown0411 - INFO - Form message: 申込期間ではありません。
[ 2024-04-17 00:13:03,180 ] 94 Nickpown0411 - INFO - Form message: 申込期間ではありません。
[ 2024-04-17 00:13:03,180 ] 94 Nickpown0411 - INFO - Form message: 申込期間ではありません。
[ 2024-04-17 00:13:03,180 ] 94 Nickpown0411 - INFO - Refreshing page to check availability trial number 8, template sequence: 96091
[ 2024-04-17 00:13:03,180 ] 94 Nickpown0411 - INFO - Refreshing page to check availability trial number 8, template sequence: 96091
[ 2024-04-17 00:13:03,180 ] 94 Nickpown0411 - INFO - Refreshing page to check availability trial number 8, template sequence: 96091
[ 2024-04-17 00:13:04,571 ] 94 Nickpown0411 - INFO - Form message: 申込期間ではありません。
[ 2024-04-17 00:13:04,571 ] 94 Nickpown0411 - INFO - Form message: 申込期間ではありません。
[ 2024-04-17 00:13:04,571 ] 94 Nickpown0411 - INFO - Form message: 申込期間ではありません。
[ 2024-04-17 00:13:04,571 ] 94 Nickpown0411 - INFO - Refreshing page to check availability trial number 9, template sequence: 96091
[ 2024-04-17 00:13:04,571 ] 94 Nickpown0411 - INFO - Refreshing page to check availability trial number 9, template sequence: 96091
[ 2024-04-17 00:13:04,571 ] 94 Nickpown0411 - INFO - Refreshing page to check availability trial number 9, template sequence: 96091
[ 2024-04-17 00:13:05,972 ] 94 Nickpown0411 - INFO - Form message: 申込期間ではありません。
[ 2024-04-17 00:13:05,972 ] 94 Nickpown0411 - INFO - Form message: 申込期間ではありません。
[ 2024-04-17 00:13:05,972 ] 94 Nickpown0411 - INFO - Form message: 申込期間ではありません。
[ 2024-04-17 00:13:05,972 ] 94 Nickpown0411 - INFO - Refreshing page to check availability trial number 10, template sequence: 96091
[ 2024-04-17 00:13:05,972 ] 94 Nickpown0411 - INFO - Refreshing page to check availability trial number 10, template sequence: 96091
[ 2024-04-17 00:13:05,972 ] 94 Nickpown0411 - INFO - Refreshing page to check availability trial number 10, template sequence: 96091
[ 2024-04-17 00:13:07,699 ] 94 Nickpown0411 - INFO - Form message: 申込期間ではありません。
[ 2024-04-17 00:13:07,699 ] 94 Nickpown0411 - INFO - Form message: 申込期間ではありません。
[ 2024-04-17 00:13:07,699 ] 94 Nickpown0411 - INFO - Form message: 申込期間ではありません。
[ 2024-04-17 00:13:07,699 ] 94 Nickpown0411 - INFO - Refreshing page to check availability trial number 11, template sequence: 96091
[ 2024-04-17 00:13:07,699 ] 94 Nickpown0411 - INFO - Refreshing page to check availability trial number 11, template sequence: 96091
[ 2024-04-17 00:13:07,699 ] 94 Nickpown0411 - INFO - Refreshing page to check availability trial number 11, template sequence: 96091
[ 2024-04-17 00:13:09,088 ] 94 Nickpown0411 - INFO - Form message: 申込期間ではありません。
[ 2024-04-17 00:13:09,088 ] 94 Nickpown0411 - INFO - Form message: 申込期間ではありません。
[ 2024-04-17 00:13:09,088 ] 94 Nickpown0411 - INFO - Form message: 申込期間ではありません。
[ 2024-04-17 00:13:09,089 ] 94 Nickpown0411 - INFO - Refreshing page to check availability trial number 12, template sequence: 96091
[ 2024-04-17 00:13:09,089 ] 94 Nickpown0411 - INFO - Refreshing page to check availability trial number 12, template sequence: 96091
[ 2024-04-17 00:13:09,089 ] 94 Nickpown0411 - INFO - Refreshing page to check availability trial number 12, template sequence: 96091
[ 2024-04-17 00:13:11,269 ] 94 Nickpown0411 - INFO - Form message: 申込期間ではありません。
[ 2024-04-17 00:13:11,269 ] 94 Nickpown0411 - INFO - Form message: 申込期間ではありません。
[ 2024-04-17 00:13:11,269 ] 94 Nickpown0411 - INFO - Form message: 申込期間ではありません。
[ 2024-04-17 00:13:11,269 ] 94 Nickpown0411 - INFO - Refreshing page to check availability trial number 13, template sequence: 96091
[ 2024-04-17 00:13:11,269 ] 94 Nickpown0411 - INFO - Refreshing page to check availability trial number 13, template sequence: 96091
[ 2024-04-17 00:13:11,269 ] 94 Nickpown0411 - INFO - Refreshing page to check availability trial number 13, template sequence: 96091
[ 2024-04-17 00:13:12,688 ] 94 Nickpown0411 - INFO - Form message: 申込期間ではありません。
[ 2024-04-17 00:13:12,688 ] 94 Nickpown0411 - INFO - Form message: 申込期間ではありません。
[ 2024-04-17 00:13:12,688 ] 94 Nickpown0411 - INFO - Form message: 申込期間ではありません。
[ 2024-04-17 00:13:12,689 ] 94 Nickpown0411 - INFO - Refreshing page to check availability trial number 14, template sequence: 96091
[ 2024-04-17 00:13:12,689 ] 94 Nickpown0411 - INFO - Refreshing page to check availability trial number 14, template sequence: 96091
[ 2024-04-17 00:13:12,689 ] 94 Nickpown0411 - INFO - Refreshing page to check availability trial number 14, template sequence: 96091
[ 2024-04-17 00:13:14,094 ] 94 Nickpown0411 - INFO - Form message: 申込期間ではありません。
[ 2024-04-17 00:13:14,094 ] 94 Nickpown0411 - INFO - Form message: 申込期間ではありません。
[ 2024-04-17 00:13:14,094 ] 94 Nickpown0411 - INFO - Form message: 申込期間ではありません。
[ 2024-04-17 00:13:14,094 ] 94 Nickpown0411 - INFO - Refreshing page to check availability trial number 15, template sequence: 96091
[ 2024-04-17 00:13:14,094 ] 94 Nickpown0411 - INFO - Refreshing page to check availability trial number 15, template sequence: 96091
[ 2024-04-17 00:13:14,094 ] 94 Nickpown0411 - INFO - Refreshing page to check availability trial number 15, template sequence: 96091
[ 2024-04-17 00:13:15,892 ] 94 Nickpown0411 - INFO - Form message: 申込期間ではありません。
[ 2024-04-17 00:13:15,892 ] 94 Nickpown0411 - INFO - Form message: 申込期間ではありません。
[ 2024-04-17 00:13:15,892 ] 94 Nickpown0411 - INFO - Form message: 申込期間ではありません。
[ 2024-04-17 00:13:15,892 ] 94 Nickpown0411 - INFO - Refreshing page to check availability trial number 16, template sequence: 96091
[ 2024-04-17 00:13:15,892 ] 94 Nickpown0411 - INFO - Refreshing page to check availability trial number 16, template sequence: 96091
[ 2024-04-17 00:13:15,892 ] 94 Nickpown0411 - INFO - Refreshing page to check availability trial number 16, template sequence: 96091
[ 2024-04-17 00:13:17,620 ] 94 Nickpown0411 - INFO - Form message: 申込期間ではありません。
[ 2024-04-17 00:13:17,620 ] 94 Nickpown0411 - INFO - Form message: 申込期間ではありません。
[ 2024-04-17 00:13:17,620 ] 94 Nickpown0411 - INFO - Form message: 申込期間ではありません。
[ 2024-04-17 00:13:17,620 ] 94 Nickpown0411 - INFO - Refreshing page to check availability trial number 17, template sequence: 96091
[ 2024-04-17 00:13:17,620 ] 94 Nickpown0411 - INFO - Refreshing page to check availability trial number 17, template sequence: 96091
[ 2024-04-17 00:13:17,620 ] 94 Nickpown0411 - INFO - Refreshing page to check availability trial number 17, template sequence: 96091
[ 2024-04-17 00:13:19,084 ] 94 Nickpown0411 - INFO - Form message: 申込期間ではありません。
[ 2024-04-17 00:13:19,084 ] 94 Nickpown0411 - INFO - Form message: 申込期間ではありません。
[ 2024-04-17 00:13:19,084 ] 94 Nickpown0411 - INFO - Form message: 申込期間ではありません。
[ 2024-04-17 00:13:19,084 ] 94 Nickpown0411 - INFO - Refreshing page to check availability trial number 18, template sequence: 96091
[ 2024-04-17 00:13:19,084 ] 94 Nickpown0411 - INFO - Refreshing page to check availability trial number 18, template sequence: 96091
[ 2024-04-17 00:13:19,084 ] 94 Nickpown0411 - INFO - Refreshing page to check availability trial number 18, template sequence: 96091
[ 2024-04-17 00:13:20,864 ] 94 Nickpown0411 - INFO - Form message: 申込期間ではありません。
[ 2024-04-17 00:13:20,864 ] 94 Nickpown0411 - INFO - Form message: 申込期間ではありません。
[ 2024-04-17 00:13:20,864 ] 94 Nickpown0411 - INFO - Form message: 申込期間ではありません。
[ 2024-04-17 00:13:20,864 ] 94 Nickpown0411 - INFO - Refreshing page to check availability trial number 19, template sequence: 96091
[ 2024-04-17 00:13:20,864 ] 94 Nickpown0411 - INFO - Refreshing page to check availability trial number 19, template sequence: 96091
[ 2024-04-17 00:13:20,864 ] 94 Nickpown0411 - INFO - Refreshing page to check availability trial number 19, template sequence: 96091
[ 2024-04-17 00:13:22,268 ] 94 Nickpown0411 - INFO - Form message: 申込期間ではありません。
[ 2024-04-17 00:13:22,268 ] 94 Nickpown0411 - INFO - Form message: 申込期間ではありません。
[ 2024-04-17 00:13:22,268 ] 94 Nickpown0411 - INFO - Form message: 申込期間ではありません。
[ 2024-04-17 00:13:22,268 ] 94 Nickpown0411 - INFO - Refreshing page to check availability trial number 20, template sequence: 96091
[ 2024-04-17 00:13:22,268 ] 94 Nickpown0411 - INFO - Refreshing page to check availability trial number 20, template sequence: 96091
[ 2024-04-17 00:13:22,268 ] 94 Nickpown0411 - INFO - Refreshing page to check availability trial number 20, template sequence: 96091
[ 2024-04-17 00:13:23,711 ] 94 Nickpown0411 - INFO - Form message: 申込期間ではありません。
[ 2024-04-17 00:13:23,711 ] 94 Nickpown0411 - INFO - Form message: 申込期間ではありません。
[ 2024-04-17 00:13:23,711 ] 94 Nickpown0411 - INFO - Form message: 申込期間ではありません。
[ 2024-04-17 00:13:23,711 ] 94 Nickpown0411 - INFO - Failed to access form after 20 refreshing, template sequence: 96091
[ 2024-04-17 00:13:23,711 ] 94 Nickpown0411 - INFO - Failed to access form after 20 refreshing, template sequence: 96091
[ 2024-04-17 00:13:23,711 ] 94 Nickpown0411 - INFO - Failed to access form after 20 refreshing, template sequence: 96091
[ 2024-04-17 00:13:23,712 ] 94 Nickpown0411 - INFO - Accessing form, template sequence: 96088
[ 2024-04-17 00:13:23,712 ] 94 Nickpown0411 - INFO - Accessing form, template sequence: 96088
[ 2024-04-17 00:13:23,712 ] 94 Nickpown0411 - INFO - Accessing form, template sequence: 96088
[ 2024-04-17 00:13:23,712 ] 94 Nickpown0411 - INFO - Form URL: https://www.shinsei.e-aichi.jp/pref-aichi-police-u/offer/offerList_detailTop?tempSeq=96088
[ 2024-04-17 00:13:23,712 ] 94 Nickpown0411 - INFO - Form URL: https://www.shinsei.e-aichi.jp/pref-aichi-police-u/offer/offerList_detailTop?tempSeq=96088
[ 2024-04-17 00:13:23,712 ] 94 Nickpown0411 - INFO - Form URL: https://www.shinsei.e-aichi.jp/pref-aichi-police-u/offer/offerList_detailTop?tempSeq=96088
[ 2024-04-17 00:13:29,381 ] 94 Nickpown0411 - INFO - Accessed form successfully
[ 2024-04-17 00:13:29,381 ] 94 Nickpown0411 - INFO - Accessed form successfully
[ 2024-04-17 00:13:29,381 ] 94 Nickpown0411 - INFO - Accessed form successfully
[ 2024-04-17 00:13:29,396 ] 94 Nickpown0411 - INFO - Form message: 申込期間ではありません。
[ 2024-04-17 00:13:29,396 ] 94 Nickpown0411 - INFO - Form message: 申込期間ではありません。
[ 2024-04-17 00:13:29,396 ] 94 Nickpown0411 - INFO - Form message: 申込期間ではありません。
[ 2024-04-17 00:13:29,397 ] 94 Nickpown0411 - INFO - Refreshing page to check availability trial number 1, template sequence: 96088
[ 2024-04-17 00:13:29,397 ] 94 Nickpown0411 - INFO - Refreshing page to check availability trial number 1, template sequence: 96088
[ 2024-04-17 00:13:29,397 ] 94 Nickpown0411 - INFO - Refreshing page to check availability trial number 1, template sequence: 96088
[ 2024-04-17 00:13:31,107 ] 94 Nickpown0411 - INFO - Form message: 申込期間ではありません。
[ 2024-04-17 00:13:31,107 ] 94 Nickpown0411 - INFO - Form message: 申込期間ではありません。
[ 2024-04-17 00:13:31,107 ] 94 Nickpown0411 - INFO - Form message: 申込期間ではありません。
[ 2024-04-17 00:13:31,108 ] 94 Nickpown0411 - INFO - Refreshing page to check availability trial number 2, template sequence: 96088
[ 2024-04-17 00:13:31,108 ] 94 Nickpown0411 - INFO - Refreshing page to check availability trial number 2, template sequence: 96088
[ 2024-04-17 00:13:31,108 ] 94 Nickpown0411 - INFO - Refreshing page to check availability trial number 2, template sequence: 96088
[ 2024-04-17 00:13:32,490 ] 94 Nickpown0411 - INFO - Form message: 申込期間ではありません。
[ 2024-04-17 00:13:32,490 ] 94 Nickpown0411 - INFO - Form message: 申込期間ではありません。
[ 2024-04-17 00:13:32,490 ] 94 Nickpown0411 - INFO - Form message: 申込期間ではありません。
[ 2024-04-17 00:13:32,490 ] 94 Nickpown0411 - INFO - Refreshing page to check availability trial number 3, template sequence: 96088
[ 2024-04-17 00:13:32,490 ] 94 Nickpown0411 - INFO - Refreshing page to check availability trial number 3, template sequence: 96088
[ 2024-04-17 00:13:32,490 ] 94 Nickpown0411 - INFO - Refreshing page to check availability trial number 3, template sequence: 96088
[ 2024-04-17 00:13:33,906 ] 94 Nickpown0411 - INFO - Form message: 申込期間ではありません。
[ 2024-04-17 00:13:33,906 ] 94 Nickpown0411 - INFO - Form message: 申込期間ではありません。
[ 2024-04-17 00:13:33,906 ] 94 Nickpown0411 - INFO - Form message: 申込期間ではありません。
[ 2024-04-17 00:13:33,907 ] 94 Nickpown0411 - INFO - Refreshing page to check availability trial number 4, template sequence: 96088
[ 2024-04-17 00:13:33,907 ] 94 Nickpown0411 - INFO - Refreshing page to check availability trial number 4, template sequence: 96088
[ 2024-04-17 00:13:33,907 ] 94 Nickpown0411 - INFO - Refreshing page to check availability trial number 4, template sequence: 96088
[ 2024-04-17 00:13:35,448 ] 94 Nickpown0411 - INFO - Form message: 申込期間ではありません。
[ 2024-04-17 00:13:35,448 ] 94 Nickpown0411 - INFO - Form message: 申込期間ではありません。
[ 2024-04-17 00:13:35,448 ] 94 Nickpown0411 - INFO - Form message: 申込期間ではありません。
[ 2024-04-17 00:13:35,449 ] 94 Nickpown0411 - INFO - Refreshing page to check availability trial number 5, template sequence: 96088
[ 2024-04-17 00:13:35,449 ] 94 Nickpown0411 - INFO - Refreshing page to check availability trial number 5, template sequence: 96088
[ 2024-04-17 00:13:35,449 ] 94 Nickpown0411 - INFO - Refreshing page to check availability trial number 5, template sequence: 96088
