[ 2024-04-17 00:12:27,088 ] 94 root - INFO - Starting all threads
[ 2024-04-17 00:12:27,088 ] 94 root - INFO - Starting all threads
[ 2024-04-17 00:12:27,089 ] 94 root - INFO - Meta: {'__module__': 'src.globals', '__doc__': '        Meta configs        ', 'keyword': 'Hirabari', 'test_mode': False, 'max_num_retry': 5, 'default_num_threads': 3, 'display_number': 50, 'main_phone_number_hash': '080-1583-0891', 'uc': True, 'headless': False, '__dict__': <attribute '__dict__' of 'Meta' objects>, '__weakref__': <attribute '__weakref__' of 'Meta' objects>}
[ 2024-04-17 00:12:27,089 ] 94 root - INFO - Meta: {'__module__': 'src.globals', '__doc__': '        Meta configs        ', 'keyword': 'Hirabari', 'test_mode': False, 'max_num_retry': 5, 'default_num_threads': 3, 'display_number': 50, 'main_phone_number_hash': '080-1583-0891', 'uc': True, 'headless': False, '__dict__': <attribute '__dict__' of 'Meta' objects>, '__weakref__': <attribute '__weakref__' of 'Meta' objects>}
[ 2024-04-17 00:12:27,089 ] 94 root - INFO - Number of dev accounts: 3
[ 2024-04-17 00:12:27,089 ] 94 root - INFO - Number of dev accounts: 3
[ 2024-04-17 00:12:27,092 ] 94 main_controller - INFO - Subprocess 0 started with trial number 0
[ 2024-04-17 00:12:27,092 ] 94 main_controller - ERROR - Account is a dictionary, convert to Account object: Username: Nickpown0411@gmail.com, Password: hoahong1234
[ 2024-04-17 00:12:29,102 ] 94 root - INFO - Thread 0 started
[ 2024-04-17 00:12:29,102 ] 94 root - INFO - Thread 0 started
[ 2024-04-17 00:12:29,104 ] 94 main_controller - INFO - Subprocess 1 started with trial number 0
[ 2024-04-17 00:12:29,105 ] 94 main_controller - ERROR - Account is a dictionary, convert to Account object: Username: marjyamada040493@gmail.com, Password: Marj0409
[ 2024-04-17 00:12:29,743 ] 94 main_controller - INFO - Browser opened
[ 2024-04-17 00:12:30,561 ] 94 main_controller - INFO - Browser opened
[ 2024-04-17 00:12:31,114 ] 94 root - INFO - Thread 1 started
[ 2024-04-17 00:12:31,114 ] 94 root - INFO - Thread 1 started
[ 2024-04-17 00:12:31,125 ] 94 main_controller - INFO - Subprocess 2 started with trial number 0
[ 2024-04-17 00:12:31,126 ] 94 main_controller - ERROR - Account is a dictionary, convert to Account object: Username: Jamebrown0206@gmail.com, Password: hoahong1234
[ 2024-04-17 00:12:33,124 ] 94 root - INFO - Thread 2 started
[ 2024-04-17 00:12:33,124 ] 94 root - INFO - Thread 2 started
[ 2024-04-17 00:12:34,136 ] 94 main_controller - INFO - Browser opened
[ 2024-04-17 00:12:36,735 ] 94 Nickpown0411 - INFO - Opened login page
[ 2024-04-17 00:12:36,999 ] 94 marjyamada040493 - INFO - Opened login page
[ 2024-04-17 00:12:40,779 ] 94 Jamebrown0206 - INFO - Opened login page
[ 2024-04-17 00:12:41,674 ] 94 Nickpown0411 - INFO - Logging in
[ 2024-04-17 00:12:41,682 ] 94 marjyamada040493 - INFO - Logging in
[ 2024-04-17 00:12:41,683 ] 94 Nickpown0411 - INFO - Current url: https://www.shinsei.e-aichi.jp/pref-aichi-police-u/offer/offerList_initDisplay
[ 2024-04-17 00:12:41,689 ] 94 marjyamada040493 - INFO - Current url: https://www.shinsei.e-aichi.jp/pref-aichi-police-u/offer/offerList_initDisplay
[ 2024-04-17 00:12:41,800 ] 82 main_controller - ERROR - Caught exception: sequence item 1: expected str instance, NoSuchElementException found
Traceback (most recent call last):
  File "C:\Users\USER\Projects\AichiTool\AichiSelenium\src\controllers\access.py", line 38, in login
    browser.find_element(By.ID, "userLoginForm.userId").send_keys(self.account.username)
  File "c:\ProgramData\anaconda3\envs\aichi\lib\site-packages\seleniumbase\core\sb_driver.py", line 20, in find_element
    return self.driver.default_find_element(by=by, value=value)
  File "c:\ProgramData\anaconda3\envs\aichi\lib\site-packages\selenium\webdriver\remote\webdriver.py", line 741, in find_element
    return self.execute(Command.FIND_ELEMENT, {"using": by, "value": value})["value"]
  File "c:\ProgramData\anaconda3\envs\aichi\lib\site-packages\selenium\webdriver\remote\webdriver.py", line 347, in execute
    self.error_handler.check_response(response)
  File "c:\ProgramData\anaconda3\envs\aichi\lib\site-packages\selenium\webdriver\remote\errorhandler.py", line 229, in check_response
    raise exception_class(message, screen, stacktrace)
selenium.common.exceptions.NoSuchElementException: Message: no such element: Unable to locate element: {"method":"css selector","selector":"[id="userLoginForm.userId"]"}
  (Session info: chrome=123.0.6312.123); For documentation on this error, please visit: https://www.selenium.dev/documentation/webdriver/troubleshooting/errors#no-such-element-exception
Stacktrace:
	GetHandleVerifier [0x00007FF770D87032+63090]
	(No symbol) [0x00007FF770CF2C82]
	(No symbol) [0x00007FF770B8EC65]
	(No symbol) [0x00007FF770BD499D]
	(No symbol) [0x00007FF770BD4ADC]
	(No symbol) [0x00007FF770C15B37]
	(No symbol) [0x00007FF770BF701F]
	(No symbol) [0x00007FF770C13412]
	(No symbol) [0x00007FF770BF6D83]
	(No symbol) [0x00007FF770BC83A8]
	(No symbol) [0x00007FF770BC9441]
	GetHandleVerifier [0x00007FF7711825AD+4238317]
	GetHandleVerifier [0x00007FF7711BF70D+4488525]
	GetHandleVerifier [0x00007FF7711B79EF+4456495]
	GetHandleVerifier [0x00007FF770E60576+953270]
	(No symbol) [0x00007FF770CFE54F]
	(No symbol) [0x00007FF770CF9224]
	(No symbol) [0x00007FF770CF935B]
	(No symbol) [0x00007FF770CE9B94]
	BaseThreadInitThunk [0x00007FFDC2F1257D+29]
	RtlUserThreadStart [0x00007FFDC3E0AA48+40]


During handling of the above exception, another exception occurred:

Traceback (most recent call last):
  File "C:\Users\USER\Projects\AichiTool\AichiSelenium\src\controllers\main_controller.py", line 57, in subprocess
    result = access.login(browser)
  File "C:\Users\USER\Projects\AichiTool\AichiSelenium\src\controllers\access.py", line 51, in login
    self.logger.error("Failed to login", e)
  File "C:\Users\USER\Projects\AichiTool\AichiSelenium\src\logs.py", line 76, in error
    self._log(logging.ERROR, *msg)
  File "C:\Users\USER\Projects\AichiTool\AichiSelenium\src\logs.py", line 93, in _log
    message = " ".join(msg)
TypeError: sequence item 1: expected str instance, NoSuchElementException found
[ 2024-04-17 00:12:41,809 ] 94 main_controller - INFO - Subprocess 2 started with trial number 1
[ 2024-04-17 00:12:41,993 ] 94 Nickpown0411 - INFO - Logged in finished
[ 2024-04-17 00:12:41,993 ] 94 main_controller - INFO - Logged in successfully
[ 2024-04-17 00:12:42,008 ] 94 marjyamada040493 - INFO - Logged in finished
[ 2024-04-17 00:12:42,008 ] 94 main_controller - INFO - Logged in successfully
[ 2024-04-17 00:12:42,268 ] 94 main_controller - INFO - Screenshot saved to C:\Users\USER\Projects\AichiTool\AichiSelenium\logs\2024_04_17\00_12_26\screenshot_marjyamada040493.png
[ 2024-04-17 00:12:42,268 ] 94 main_controller - INFO - Screenshot saved to C:\Users\USER\Projects\AichiTool\AichiSelenium\logs\2024_04_17\00_12_26\screenshot_Nickpown0411.png
[ 2024-04-17 00:12:42,269 ] 94 main_controller - INFO - Finding forms
[ 2024-04-17 00:12:42,269 ] 94 main_controller - INFO - Finding forms
[ 2024-04-17 00:12:42,274 ] 94 marjyamada040493 - INFO - On main page
[ 2024-04-17 00:12:42,274 ] 94 Nickpown0411 - INFO - On main page
[ 2024-04-17 00:12:44,043 ] 94 marjyamada040493 - INFO - Search submitted
[ 2024-04-17 00:12:44,091 ] 94 marjyamada040493 - INFO - Collected 20 forms
[ 2024-04-17 00:12:44,122 ] 94 Nickpown0411 - INFO - Search submitted
[ 2024-04-17 00:12:44,158 ] 94 Nickpown0411 - INFO - Collected 20 forms
[ 2024-04-17 00:12:44,181 ] 94 main_controller - INFO - Browser opened
[ 2024-04-17 00:12:44,186 ] 94 marjyamada040493 - INFO - Parsed data: title: ＜05月02日(木) 08:45～09:30＞[平針]外国免許切替審査 Hirabari Exchanging Foreign Driver's License, status: None, start_date: 2024年04月18日 07時30分, end_date: 2024年04月30日 12時00分, template_seq: 96126
[ 2024-04-17 00:12:44,217 ] 94 Nickpown0411 - INFO - Parsed data: title: ＜05月02日(木) 08:45～09:30＞[平針]外国免許切替審査 Hirabari Exchanging Foreign Driver's License, status: None, start_date: 2024年04月18日 07時30分, end_date: 2024年04月30日 12時00分, template_seq: 96126
[ 2024-04-17 00:12:44,238 ] 94 marjyamada040493 - INFO - Parsed data: title: ＜05月02日(木) 09:30～10:30＞[平針]外国免許切替審査 Hirabari Exchanging Foreign Driver's License, status: None, start_date: 2024年04月18日 07時30分, end_date: 2024年04月30日 12時00分, template_seq: 96127
[ 2024-04-17 00:12:44,267 ] 94 Nickpown0411 - INFO - Parsed data: title: ＜05月02日(木) 09:30～10:30＞[平針]外国免許切替審査 Hirabari Exchanging Foreign Driver's License, status: None, start_date: 2024年04月18日 07時30分, end_date: 2024年04月30日 12時00分, template_seq: 96127
[ 2024-04-17 00:12:44,283 ] 94 marjyamada040493 - INFO - Parsed data: title: ＜05月02日(木) 10:30～11:45＞[平針]外国免許切替審査 Hirabari Exchanging Foreign Driver's License, status: None, start_date: 2024年04月18日 07時30分, end_date: 2024年04月30日 12時00分, template_seq: 96128
[ 2024-04-17 00:12:44,311 ] 94 Nickpown0411 - INFO - Parsed data: title: ＜05月02日(木) 10:30～11:45＞[平針]外国免許切替審査 Hirabari Exchanging Foreign Driver's License, status: None, start_date: 2024年04月18日 07時30分, end_date: 2024年04月30日 12時00分, template_seq: 96128
[ 2024-04-17 00:12:44,346 ] 94 marjyamada040493 - INFO - Parsed data: title: ＜05月02日(木) 12:45～13:30＞[平針]外国免許切替審査 Hirabari Exchanging Foreign Driver's License, status: None, start_date: 2024年04月18日 07時30分, end_date: 2024年04月30日 12時00分, template_seq: 96129
[ 2024-04-17 00:12:44,387 ] 94 Nickpown0411 - INFO - Parsed data: title: ＜05月02日(木) 12:45～13:30＞[平針]外国免許切替審査 Hirabari Exchanging Foreign Driver's License, status: None, start_date: 2024年04月18日 07時30分, end_date: 2024年04月30日 12時00分, template_seq: 96129
[ 2024-04-17 00:12:44,414 ] 94 marjyamada040493 - INFO - Parsed data: title: ＜05月02日(木) 13:30～14:45＞[平針]外国免許切替審査 Hirabari Exchanging Foreign Driver's License, status: None, start_date: 2024年04月18日 07時30分, end_date: 2024年04月30日 12時00分, template_seq: 96130
[ 2024-04-17 00:12:44,437 ] 94 Nickpown0411 - INFO - Parsed data: title: ＜05月02日(木) 13:30～14:45＞[平針]外国免許切替審査 Hirabari Exchanging Foreign Driver's License, status: None, start_date: 2024年04月18日 07時30分, end_date: 2024年04月30日 12時00分, template_seq: 96130
[ 2024-04-17 00:12:44,465 ] 94 marjyamada040493 - INFO - Parsed data: title: ＜05月01日(水) 08:45～09:30＞[平針]外国免許切替審査 Hirabari Exchanging Foreign Driver's License, status: None, start_date: 2024年04月17日 07時30分, end_date: 2024年04月26日 12時00分, template_seq: 96088
[ 2024-04-17 00:12:44,467 ] 94 marjyamada040493 - INFO - Parsed data: title: ＜05月01日(水) 08:45～09:30＞[平針]外国免許切替審査 Hirabari Exchanging Foreign Driver's License, status: None, start_date: 2024年04月17日 07時30分, end_date: 2024年04月26日 12時00分, template_seq: 96088
[ 2024-04-17 00:12:44,495 ] 94 Nickpown0411 - INFO - Parsed data: title: ＜05月01日(水) 08:45～09:30＞[平針]外国免許切替審査 Hirabari Exchanging Foreign Driver's License, status: None, start_date: 2024年04月17日 07時30分, end_date: 2024年04月26日 12時00分, template_seq: 96088
[ 2024-04-17 00:12:44,497 ] 94 Nickpown0411 - INFO - Parsed data: title: ＜05月01日(水) 08:45～09:30＞[平針]外国免許切替審査 Hirabari Exchanging Foreign Driver's License, status: None, start_date: 2024年04月17日 07時30分, end_date: 2024年04月26日 12時00分, template_seq: 96088
[ 2024-04-17 00:12:44,515 ] 94 marjyamada040493 - INFO - Parsed data: title: ＜05月01日(水) 09:30～10:30＞[平針]外国免許切替審査 Hirabari Exchanging Foreign Driver's License, status: None, start_date: 2024年04月17日 07時30分, end_date: 2024年04月26日 12時00分, template_seq: 96089
[ 2024-04-17 00:12:44,517 ] 94 marjyamada040493 - INFO - Parsed data: title: ＜05月01日(水) 09:30～10:30＞[平針]外国免許切替審査 Hirabari Exchanging Foreign Driver's License, status: None, start_date: 2024年04月17日 07時30分, end_date: 2024年04月26日 12時00分, template_seq: 96089
[ 2024-04-17 00:12:44,537 ] 94 Nickpown0411 - INFO - Parsed data: title: ＜05月01日(水) 09:30～10:30＞[平針]外国免許切替審査 Hirabari Exchanging Foreign Driver's License, status: None, start_date: 2024年04月17日 07時30分, end_date: 2024年04月26日 12時00分, template_seq: 96089
[ 2024-04-17 00:12:44,538 ] 94 Nickpown0411 - INFO - Parsed data: title: ＜05月01日(水) 09:30～10:30＞[平針]外国免許切替審査 Hirabari Exchanging Foreign Driver's License, status: None, start_date: 2024年04月17日 07時30分, end_date: 2024年04月26日 12時00分, template_seq: 96089
[ 2024-04-17 00:12:44,572 ] 94 marjyamada040493 - INFO - Parsed data: title: ＜05月01日(水) 10:30～11:45＞[平針]外国免許切替審査 Hirabari Exchanging Foreign Driver's License, status: None, start_date: 2024年04月17日 07時30分, end_date: 2024年04月26日 12時00分, template_seq: 96090
[ 2024-04-17 00:12:44,573 ] 94 marjyamada040493 - INFO - Parsed data: title: ＜05月01日(水) 10:30～11:45＞[平針]外国免許切替審査 Hirabari Exchanging Foreign Driver's License, status: None, start_date: 2024年04月17日 07時30分, end_date: 2024年04月26日 12時00分, template_seq: 96090
[ 2024-04-17 00:12:44,587 ] 94 Nickpown0411 - INFO - Parsed data: title: ＜05月01日(水) 10:30～11:45＞[平針]外国免許切替審査 Hirabari Exchanging Foreign Driver's License, status: None, start_date: 2024年04月17日 07時30分, end_date: 2024年04月26日 12時00分, template_seq: 96090
[ 2024-04-17 00:12:44,588 ] 94 Nickpown0411 - INFO - Parsed data: title: ＜05月01日(水) 10:30～11:45＞[平針]外国免許切替審査 Hirabari Exchanging Foreign Driver's License, status: None, start_date: 2024年04月17日 07時30分, end_date: 2024年04月26日 12時00分, template_seq: 96090
[ 2024-04-17 00:12:44,610 ] 94 marjyamada040493 - INFO - Parsed data: title: ＜05月01日(水) 12:45～13:30＞[平針]外国免許切替審査 Hirabari Exchanging Foreign Driver's License, status: None, start_date: 2024年04月17日 07時30分, end_date: 2024年04月26日 12時00分, template_seq: 96091
[ 2024-04-17 00:12:44,611 ] 94 marjyamada040493 - INFO - Parsed data: title: ＜05月01日(水) 12:45～13:30＞[平針]外国免許切替審査 Hirabari Exchanging Foreign Driver's License, status: None, start_date: 2024年04月17日 07時30分, end_date: 2024年04月26日 12時00分, template_seq: 96091
[ 2024-04-17 00:12:44,620 ] 94 Nickpown0411 - INFO - Parsed data: title: ＜05月01日(水) 12:45～13:30＞[平針]外国免許切替審査 Hirabari Exchanging Foreign Driver's License, status: None, start_date: 2024年04月17日 07時30分, end_date: 2024年04月26日 12時00分, template_seq: 96091
[ 2024-04-17 00:12:44,623 ] 94 Nickpown0411 - INFO - Parsed data: title: ＜05月01日(水) 12:45～13:30＞[平針]外国免許切替審査 Hirabari Exchanging Foreign Driver's License, status: None, start_date: 2024年04月17日 07時30分, end_date: 2024年04月26日 12時00分, template_seq: 96091
[ 2024-04-17 00:12:44,651 ] 94 marjyamada040493 - INFO - Parsed data: title: ＜05月01日(水) 13:30～14:45＞[平針]外国免許切替審査 Hirabari Exchanging Foreign Driver's License, status: None, start_date: 2024年04月17日 07時30分, end_date: 2024年04月26日 12時00分, template_seq: 96093
[ 2024-04-17 00:12:44,651 ] 94 marjyamada040493 - INFO - Parsed data: title: ＜05月01日(水) 13:30～14:45＞[平針]外国免許切替審査 Hirabari Exchanging Foreign Driver's License, status: None, start_date: 2024年04月17日 07時30分, end_date: 2024年04月26日 12時00分, template_seq: 96093
[ 2024-04-17 00:12:44,669 ] 94 Nickpown0411 - INFO - Parsed data: title: ＜05月01日(水) 13:30～14:45＞[平針]外国免許切替審査 Hirabari Exchanging Foreign Driver's License, status: None, start_date: 2024年04月17日 07時30分, end_date: 2024年04月26日 12時00分, template_seq: 96093
[ 2024-04-17 00:12:44,670 ] 94 Nickpown0411 - INFO - Parsed data: title: ＜05月01日(水) 13:30～14:45＞[平針]外国免許切替審査 Hirabari Exchanging Foreign Driver's License, status: None, start_date: 2024年04月17日 07時30分, end_date: 2024年04月26日 12時00分, template_seq: 96093
[ 2024-04-17 00:12:44,693 ] 94 marjyamada040493 - INFO - Parsed data: title: ＜04月30日(火) 08:45～09:30＞[平針]外国免許切替審査 Hirabari Exchanging Foreign Driver's License, status: None, start_date: 2024年04月16日 07時30分, end_date: 2024年04月25日 12時00分, template_seq: 95604
[ 2024-04-17 00:12:44,704 ] 94 Nickpown0411 - INFO - Parsed data: title: ＜04月30日(火) 08:45～09:30＞[平針]外国免許切替審査 Hirabari Exchanging Foreign Driver's License, status: None, start_date: 2024年04月16日 07時30分, end_date: 2024年04月25日 12時00分, template_seq: 95604
[ 2024-04-17 00:12:44,739 ] 94 marjyamada040493 - INFO - Parsed data: title: ＜04月30日(火) 09:30～10:30＞[平針]外国免許切替審査 Hirabari Exchanging Foreign Driver's License, status: None, start_date: 2024年04月16日 07時30分, end_date: 2024年04月25日 12時00分, template_seq: 95605
[ 2024-04-17 00:12:44,755 ] 94 Nickpown0411 - INFO - Parsed data: title: ＜04月30日(火) 09:30～10:30＞[平針]外国免許切替審査 Hirabari Exchanging Foreign Driver's License, status: None, start_date: 2024年04月16日 07時30分, end_date: 2024年04月25日 12時00分, template_seq: 95605
[ 2024-04-17 00:12:44,774 ] 94 marjyamada040493 - INFO - Parsed data: title: ＜04月30日(火) 10:30～11:45＞[平針]外国免許切替審査 Hirabari Exchanging Foreign Driver's License, status: None, start_date: 2024年04月16日 07時30分, end_date: 2024年04月25日 12時00分, template_seq: 95607
[ 2024-04-17 00:12:44,781 ] 94 Nickpown0411 - INFO - Parsed data: title: ＜04月30日(火) 10:30～11:45＞[平針]外国免許切替審査 Hirabari Exchanging Foreign Driver's License, status: None, start_date: 2024年04月16日 07時30分, end_date: 2024年04月25日 12時00分, template_seq: 95607
[ 2024-04-17 00:12:44,799 ] 94 marjyamada040493 - INFO - Parsed data: title: ＜04月30日(火) 12:45～13:30＞[平針]外国免許切替審査 Hirabari Exchanging Foreign Driver's License, status: None, start_date: 2024年04月16日 07時30分, end_date: 2024年04月25日 12時00分, template_seq: 95608
[ 2024-04-17 00:12:44,806 ] 94 Nickpown0411 - INFO - Parsed data: title: ＜04月30日(火) 12:45～13:30＞[平針]外国免許切替審査 Hirabari Exchanging Foreign Driver's License, status: None, start_date: 2024年04月16日 07時30分, end_date: 2024年04月25日 12時00分, template_seq: 95608
[ 2024-04-17 00:12:44,822 ] 94 marjyamada040493 - INFO - Parsed data: title: ＜04月30日(火) 13:30～14:45＞[平針]外国免許切替審査 Hirabari Exchanging Foreign Driver's License, status: None, start_date: 2024年04月16日 07時30分, end_date: 2024年04月25日 12時00分, template_seq: 95609
[ 2024-04-17 00:12:44,830 ] 94 Nickpown0411 - INFO - Parsed data: title: ＜04月30日(火) 13:30～14:45＞[平針]外国免許切替審査 Hirabari Exchanging Foreign Driver's License, status: None, start_date: 2024年04月16日 07時30分, end_date: 2024年04月25日 12時00分, template_seq: 95609
[ 2024-04-17 00:12:44,846 ] 94 marjyamada040493 - INFO - Parsed data: title: ＜04月26日(金) 08:45～09:30＞[平針]外国免許切替審査 Hirabari Exchanging Foreign Driver's License, status: None, start_date: 2024年04月12日 07時30分, end_date: 2024年04月24日 12時00分, template_seq: 95410
[ 2024-04-17 00:12:44,854 ] 94 Nickpown0411 - INFO - Parsed data: title: ＜04月26日(金) 08:45～09:30＞[平針]外国免許切替審査 Hirabari Exchanging Foreign Driver's License, status: None, start_date: 2024年04月12日 07時30分, end_date: 2024年04月24日 12時00分, template_seq: 95410
[ 2024-04-17 00:12:44,881 ] 94 marjyamada040493 - INFO - Parsed data: title: ＜04月26日(金) 09:30～10:30＞[平針]外国免許切替審査 Hirabari Exchanging Foreign Driver's License, status: None, start_date: 2024年04月12日 07時30分, end_date: 2024年04月24日 12時00分, template_seq: 95411
[ 2024-04-17 00:12:44,903 ] 94 Nickpown0411 - INFO - Parsed data: title: ＜04月26日(金) 09:30～10:30＞[平針]外国免許切替審査 Hirabari Exchanging Foreign Driver's License, status: None, start_date: 2024年04月12日 07時30分, end_date: 2024年04月24日 12時00分, template_seq: 95411
[ 2024-04-17 00:12:44,907 ] 94 marjyamada040493 - INFO - Parsed data: title: ＜04月26日(金) 10:30～11:45＞[平針]外国免許切替審査 Hirabari Exchanging Foreign Driver's License, status: None, start_date: 2024年04月12日 07時30分, end_date: 2024年04月24日 12時00分, template_seq: 95412
[ 2024-04-17 00:12:44,928 ] 94 Nickpown0411 - INFO - Parsed data: title: ＜04月26日(金) 10:30～11:45＞[平針]外国免許切替審査 Hirabari Exchanging Foreign Driver's License, status: None, start_date: 2024年04月12日 07時30分, end_date: 2024年04月24日 12時00分, template_seq: 95412
[ 2024-04-17 00:12:44,933 ] 94 marjyamada040493 - INFO - Parsed data: title: ＜04月26日(金) 12:45～13:30＞[平針]外国免許切替審査 Hirabari Exchanging Foreign Driver's License, status: None, start_date: 2024年04月12日 07時30分, end_date: 2024年04月24日 12時00分, template_seq: 95413
[ 2024-04-17 00:12:44,995 ] 94 Nickpown0411 - INFO - Parsed data: title: ＜04月26日(金) 12:45～13:30＞[平針]外国免許切替審査 Hirabari Exchanging Foreign Driver's License, status: None, start_date: 2024年04月12日 07時30分, end_date: 2024年04月24日 12時00分, template_seq: 95413
[ 2024-04-17 00:12:45,014 ] 94 marjyamada040493 - INFO - Parsed data: title: ＜04月26日(金) 13:30～14:45＞[平針]外国免許切替審査 Hirabari Exchanging Foreign Driver's License, status: None, start_date: 2024年04月12日 07時30分, end_date: 2024年04月24日 12時00分, template_seq: 95414
[ 2024-04-17 00:12:45,016 ] 94 marjyamada040493 - INFO - Number of filtered forms left is: 5 form(s)
[ 2024-04-17 00:12:45,017 ] 94 main_controller - INFO - Found 5 form(s)
[ 2024-04-17 00:12:45,018 ] 94 marjyamada040493 - INFO - Accessing form, template sequence: 96093
[ 2024-04-17 00:12:45,018 ] 94 marjyamada040493 - INFO - Form URL: https://www.shinsei.e-aichi.jp/pref-aichi-police-u/offer/offerList_detailTop?tempSeq=96093
[ 2024-04-17 00:12:45,055 ] 94 Nickpown0411 - INFO - Parsed data: title: ＜04月26日(金) 13:30～14:45＞[平針]外国免許切替審査 Hirabari Exchanging Foreign Driver's License, status: None, start_date: 2024年04月12日 07時30分, end_date: 2024年04月24日 12時00分, template_seq: 95414
[ 2024-04-17 00:12:45,057 ] 94 Nickpown0411 - INFO - Number of filtered forms left is: 5 form(s)
[ 2024-04-17 00:12:45,058 ] 94 main_controller - INFO - Found 5 form(s)
[ 2024-04-17 00:12:45,059 ] 94 Nickpown0411 - INFO - Accessing form, template sequence: 96091
[ 2024-04-17 00:12:45,060 ] 94 Nickpown0411 - INFO - Form URL: https://www.shinsei.e-aichi.jp/pref-aichi-police-u/offer/offerList_detailTop?tempSeq=96091
[ 2024-04-17 00:12:50,013 ] 94 Jamebrown0206 - INFO - Opened login page
[ 2024-04-17 00:12:50,659 ] 94 marjyamada040493 - INFO - Accessed form successfully
[ 2024-04-17 00:12:50,683 ] 94 marjyamada040493 - INFO - Form message: 申込期間ではありません。
[ 2024-04-17 00:12:50,684 ] 94 marjyamada040493 - INFO - Refreshing page to check availability trial number 1, template sequence: 96093
[ 2024-04-17 00:12:51,051 ] 94 Nickpown0411 - INFO - Accessed form successfully
[ 2024-04-17 00:12:51,070 ] 94 Nickpown0411 - INFO - Form message: 申込期間ではありません。
[ 2024-04-17 00:12:51,070 ] 94 Nickpown0411 - INFO - Refreshing page to check availability trial number 1, template sequence: 96091
[ 2024-04-17 00:12:52,443 ] 94 marjyamada040493 - INFO - Form message: 申込期間ではありません。
[ 2024-04-17 00:12:52,443 ] 94 marjyamada040493 - INFO - Refreshing page to check availability trial number 2, template sequence: 96093
[ 2024-04-17 00:12:52,801 ] 94 Nickpown0411 - INFO - Form message: 申込期間ではありません。
[ 2024-04-17 00:12:52,802 ] 94 Nickpown0411 - INFO - Refreshing page to check availability trial number 2, template sequence: 96091
[ 2024-04-17 00:12:53,530 ] 94 marjyamada040493 - INFO - Form message: 申込期間ではありません。
[ 2024-04-17 00:12:53,530 ] 94 marjyamada040493 - INFO - Refreshing page to check availability trial number 3, template sequence: 96093
[ 2024-04-17 00:12:54,563 ] 94 Jamebrown0206 - INFO - Logging in
[ 2024-04-17 00:12:54,576 ] 94 Jamebrown0206 - INFO - Current url: https://www.shinsei.e-aichi.jp/pref-aichi-police-u/offer/offerList_initDisplay
[ 2024-04-17 00:12:54,609 ] 94 Nickpown0411 - INFO - Form message: 申込期間ではありません。
[ 2024-04-17 00:12:54,609 ] 94 Nickpown0411 - INFO - Refreshing page to check availability trial number 3, template sequence: 96091
[ 2024-04-17 00:12:54,891 ] 94 Jamebrown0206 - INFO - Logged in finished
[ 2024-04-17 00:12:54,891 ] 94 main_controller - INFO - Logged in successfully
[ 2024-04-17 00:12:54,945 ] 94 marjyamada040493 - INFO - Form message: 申込期間ではありません。
[ 2024-04-17 00:12:54,945 ] 94 marjyamada040493 - INFO - Refreshing page to check availability trial number 4, template sequence: 96093
[ 2024-04-17 00:12:55,144 ] 94 main_controller - INFO - Screenshot saved to C:\Users\USER\Projects\AichiTool\AichiSelenium\logs\2024_04_17\00_12_26\screenshot_Jamebrown0206.png
[ 2024-04-17 00:12:55,144 ] 94 main_controller - INFO - Finding forms
[ 2024-04-17 00:12:55,150 ] 94 Jamebrown0206 - INFO - On main page
[ 2024-04-17 00:12:56,216 ] 94 marjyamada040493 - INFO - Form message: 申込期間ではありません。
[ 2024-04-17 00:12:56,216 ] 94 marjyamada040493 - INFO - Refreshing page to check availability trial number 5, template sequence: 96093
[ 2024-04-17 00:12:56,359 ] 94 Nickpown0411 - INFO - Form message: 申込期間ではありません。
[ 2024-04-17 00:12:56,359 ] 94 Nickpown0411 - INFO - Refreshing page to check availability trial number 4, template sequence: 96091
[ 2024-04-17 00:12:56,645 ] 94 Jamebrown0206 - INFO - Search submitted
[ 2024-04-17 00:12:56,679 ] 94 Jamebrown0206 - INFO - Collected 20 forms
[ 2024-04-17 00:12:56,709 ] 94 Jamebrown0206 - INFO - Parsed data: title: ＜05月02日(木) 08:45～09:30＞[平針]外国免許切替審査 Hirabari Exchanging Foreign Driver's License, status: None, start_date: 2024年04月18日 07時30分, end_date: 2024年04月30日 12時00分, template_seq: 96126
[ 2024-04-17 00:12:56,736 ] 94 Jamebrown0206 - INFO - Parsed data: title: ＜05月02日(木) 09:30～10:30＞[平針]外国免許切替審査 Hirabari Exchanging Foreign Driver's License, status: None, start_date: 2024年04月18日 07時30分, end_date: 2024年04月30日 12時00分, template_seq: 96127
[ 2024-04-17 00:12:56,759 ] 94 Jamebrown0206 - INFO - Parsed data: title: ＜05月02日(木) 10:30～11:45＞[平針]外国免許切替審査 Hirabari Exchanging Foreign Driver's License, status: None, start_date: 2024年04月18日 07時30分, end_date: 2024年04月30日 12時00分, template_seq: 96128
[ 2024-04-17 00:12:56,781 ] 94 Jamebrown0206 - INFO - Parsed data: title: ＜05月02日(木) 12:45～13:30＞[平針]外国免許切替審査 Hirabari Exchanging Foreign Driver's License, status: None, start_date: 2024年04月18日 07時30分, end_date: 2024年04月30日 12時00分, template_seq: 96129
[ 2024-04-17 00:12:56,811 ] 94 Jamebrown0206 - INFO - Parsed data: title: ＜05月02日(木) 13:30～14:45＞[平針]外国免許切替審査 Hirabari Exchanging Foreign Driver's License, status: None, start_date: 2024年04月18日 07時30分, end_date: 2024年04月30日 12時00分, template_seq: 96130
[ 2024-04-17 00:12:56,833 ] 94 Jamebrown0206 - INFO - Parsed data: title: ＜05月01日(水) 08:45～09:30＞[平針]外国免許切替審査 Hirabari Exchanging Foreign Driver's License, status: None, start_date: 2024年04月17日 07時30分, end_date: 2024年04月26日 12時00分, template_seq: 96088
[ 2024-04-17 00:12:56,834 ] 94 Jamebrown0206 - INFO - Parsed data: title: ＜05月01日(水) 08:45～09:30＞[平針]外国免許切替審査 Hirabari Exchanging Foreign Driver's License, status: None, start_date: 2024年04月17日 07時30分, end_date: 2024年04月26日 12時00分, template_seq: 96088
[ 2024-04-17 00:12:56,857 ] 94 Jamebrown0206 - INFO - Parsed data: title: ＜05月01日(水) 09:30～10:30＞[平針]外国免許切替審査 Hirabari Exchanging Foreign Driver's License, status: None, start_date: 2024年04月17日 07時30分, end_date: 2024年04月26日 12時00分, template_seq: 96089
[ 2024-04-17 00:12:56,858 ] 94 Jamebrown0206 - INFO - Parsed data: title: ＜05月01日(水) 09:30～10:30＞[平針]外国免許切替審査 Hirabari Exchanging Foreign Driver's License, status: None, start_date: 2024年04月17日 07時30分, end_date: 2024年04月26日 12時00分, template_seq: 96089
[ 2024-04-17 00:12:56,880 ] 94 Jamebrown0206 - INFO - Parsed data: title: ＜05月01日(水) 10:30～11:45＞[平針]外国免許切替審査 Hirabari Exchanging Foreign Driver's License, status: None, start_date: 2024年04月17日 07時30分, end_date: 2024年04月26日 12時00分, template_seq: 96090
[ 2024-04-17 00:12:56,880 ] 94 Jamebrown0206 - INFO - Parsed data: title: ＜05月01日(水) 10:30～11:45＞[平針]外国免許切替審査 Hirabari Exchanging Foreign Driver's License, status: None, start_date: 2024年04月17日 07時30分, end_date: 2024年04月26日 12時00分, template_seq: 96090
[ 2024-04-17 00:12:56,902 ] 94 Jamebrown0206 - INFO - Parsed data: title: ＜05月01日(水) 12:45～13:30＞[平針]外国免許切替審査 Hirabari Exchanging Foreign Driver's License, status: None, start_date: 2024年04月17日 07時30分, end_date: 2024年04月26日 12時00分, template_seq: 96091
[ 2024-04-17 00:12:56,903 ] 94 Jamebrown0206 - INFO - Parsed data: title: ＜05月01日(水) 12:45～13:30＞[平針]外国免許切替審査 Hirabari Exchanging Foreign Driver's License, status: None, start_date: 2024年04月17日 07時30分, end_date: 2024年04月26日 12時00分, template_seq: 96091
[ 2024-04-17 00:12:56,929 ] 94 Jamebrown0206 - INFO - Parsed data: title: ＜05月01日(水) 13:30～14:45＞[平針]外国免許切替審査 Hirabari Exchanging Foreign Driver's License, status: None, start_date: 2024年04月17日 07時30分, end_date: 2024年04月26日 12時00分, template_seq: 96093
[ 2024-04-17 00:12:56,929 ] 94 Jamebrown0206 - INFO - Parsed data: title: ＜05月01日(水) 13:30～14:45＞[平針]外国免許切替審査 Hirabari Exchanging Foreign Driver's License, status: None, start_date: 2024年04月17日 07時30分, end_date: 2024年04月26日 12時00分, template_seq: 96093
[ 2024-04-17 00:12:56,950 ] 94 Jamebrown0206 - INFO - Parsed data: title: ＜04月30日(火) 08:45～09:30＞[平針]外国免許切替審査 Hirabari Exchanging Foreign Driver's License, status: None, start_date: 2024年04月16日 07時30分, end_date: 2024年04月25日 12時00分, template_seq: 95604
[ 2024-04-17 00:12:56,971 ] 94 Jamebrown0206 - INFO - Parsed data: title: ＜04月30日(火) 09:30～10:30＞[平針]外国免許切替審査 Hirabari Exchanging Foreign Driver's License, status: None, start_date: 2024年04月16日 07時30分, end_date: 2024年04月25日 12時00分, template_seq: 95605
[ 2024-04-17 00:12:56,991 ] 94 Jamebrown0206 - INFO - Parsed data: title: ＜04月30日(火) 10:30～11:45＞[平針]外国免許切替審査 Hirabari Exchanging Foreign Driver's License, status: None, start_date: 2024年04月16日 07時30分, end_date: 2024年04月25日 12時00分, template_seq: 95607
[ 2024-04-17 00:12:57,013 ] 94 Jamebrown0206 - INFO - Parsed data: title: ＜04月30日(火) 12:45～13:30＞[平針]外国免許切替審査 Hirabari Exchanging Foreign Driver's License, status: None, start_date: 2024年04月16日 07時30分, end_date: 2024年04月25日 12時00分, template_seq: 95608
[ 2024-04-17 00:12:57,033 ] 94 Jamebrown0206 - INFO - Parsed data: title: ＜04月30日(火) 13:30～14:45＞[平針]外国免許切替審査 Hirabari Exchanging Foreign Driver's License, status: None, start_date: 2024年04月16日 07時30分, end_date: 2024年04月25日 12時00分, template_seq: 95609
[ 2024-04-17 00:12:57,053 ] 94 Jamebrown0206 - INFO - Parsed data: title: ＜04月26日(金) 08:45～09:30＞[平針]外国免許切替審査 Hirabari Exchanging Foreign Driver's License, status: None, start_date: 2024年04月12日 07時30分, end_date: 2024年04月24日 12時00分, template_seq: 95410
[ 2024-04-17 00:12:57,073 ] 94 Jamebrown0206 - INFO - Parsed data: title: ＜04月26日(金) 09:30～10:30＞[平針]外国免許切替審査 Hirabari Exchanging Foreign Driver's License, status: None, start_date: 2024年04月12日 07時30分, end_date: 2024年04月24日 12時00分, template_seq: 95411
[ 2024-04-17 00:12:57,092 ] 94 Jamebrown0206 - INFO - Parsed data: title: ＜04月26日(金) 10:30～11:45＞[平針]外国免許切替審査 Hirabari Exchanging Foreign Driver's License, status: None, start_date: 2024年04月12日 07時30分, end_date: 2024年04月24日 12時00分, template_seq: 95412
[ 2024-04-17 00:12:57,114 ] 94 Jamebrown0206 - INFO - Parsed data: title: ＜04月26日(金) 12:45～13:30＞[平針]外国免許切替審査 Hirabari Exchanging Foreign Driver's License, status: None, start_date: 2024年04月12日 07時30分, end_date: 2024年04月24日 12時00分, template_seq: 95413
[ 2024-04-17 00:12:57,135 ] 94 Jamebrown0206 - INFO - Parsed data: title: ＜04月26日(金) 13:30～14:45＞[平針]外国免許切替審査 Hirabari Exchanging Foreign Driver's License, status: None, start_date: 2024年04月12日 07時30分, end_date: 2024年04月24日 12時00分, template_seq: 95414
[ 2024-04-17 00:12:57,136 ] 94 Jamebrown0206 - INFO - Number of filtered forms left is: 5 form(s)
[ 2024-04-17 00:12:57,136 ] 94 main_controller - INFO - Found 5 form(s)
[ 2024-04-17 00:12:57,136 ] 94 Jamebrown0206 - INFO - Accessing form, template sequence: 96090
[ 2024-04-17 00:12:57,136 ] 94 Jamebrown0206 - INFO - Form URL: https://www.shinsei.e-aichi.jp/pref-aichi-police-u/offer/offerList_detailTop?tempSeq=96090
[ 2024-04-17 00:12:57,356 ] 94 marjyamada040493 - INFO - Form message: 申込期間ではありません。
[ 2024-04-17 00:12:57,356 ] 94 marjyamada040493 - INFO - Refreshing page to check availability trial number 6, template sequence: 96093
[ 2024-04-17 00:12:58,124 ] 94 Nickpown0411 - INFO - Form message: 申込期間ではありません。
[ 2024-04-17 00:12:58,125 ] 94 Nickpown0411 - INFO - Refreshing page to check availability trial number 5, template sequence: 96091
[ 2024-04-17 00:12:58,467 ] 94 marjyamada040493 - INFO - Form message: 申込期間ではありません。
[ 2024-04-17 00:12:58,468 ] 94 marjyamada040493 - INFO - Refreshing page to check availability trial number 7, template sequence: 96093
[ 2024-04-17 00:12:59,554 ] 94 marjyamada040493 - INFO - Form message: 申込期間ではありません。
[ 2024-04-17 00:12:59,555 ] 94 marjyamada040493 - INFO - Refreshing page to check availability trial number 8, template sequence: 96093
[ 2024-04-17 00:12:59,619 ] 94 Nickpown0411 - INFO - Form message: 申込期間ではありません。
[ 2024-04-17 00:12:59,619 ] 94 Nickpown0411 - INFO - Refreshing page to check availability trial number 6, template sequence: 96091
[ 2024-04-17 00:13:00,630 ] 94 marjyamada040493 - INFO - Form message: 申込期間ではありません。
[ 2024-04-17 00:13:00,630 ] 94 marjyamada040493 - INFO - Refreshing page to check availability trial number 9, template sequence: 96093
[ 2024-04-17 00:13:01,352 ] 94 Nickpown0411 - INFO - Form message: 申込期間ではありません。
[ 2024-04-17 00:13:01,352 ] 94 Nickpown0411 - INFO - Refreshing page to check availability trial number 7, template sequence: 96091
[ 2024-04-17 00:13:02,045 ] 94 marjyamada040493 - INFO - Form message: 申込期間ではありません。
[ 2024-04-17 00:13:02,046 ] 94 marjyamada040493 - INFO - Refreshing page to check availability trial number 10, template sequence: 96093
[ 2024-04-17 00:13:02,839 ] 94 Jamebrown0206 - INFO - Accessed form successfully
[ 2024-04-17 00:13:02,855 ] 94 Jamebrown0206 - INFO - Form message: 申込期間ではありません。
[ 2024-04-17 00:13:02,856 ] 94 Jamebrown0206 - INFO - Refreshing page to check availability trial number 1, template sequence: 96090
[ 2024-04-17 00:13:03,122 ] 94 marjyamada040493 - INFO - Form message: 申込期間ではありません。
[ 2024-04-17 00:13:03,123 ] 94 marjyamada040493 - INFO - Refreshing page to check availability trial number 11, template sequence: 96093
[ 2024-04-17 00:13:03,180 ] 94 Nickpown0411 - INFO - Form message: 申込期間ではありません。
[ 2024-04-17 00:13:03,180 ] 94 Nickpown0411 - INFO - Refreshing page to check availability trial number 8, template sequence: 96091
[ 2024-04-17 00:13:04,011 ] 94 Jamebrown0206 - INFO - Form message: 申込期間ではありません。
[ 2024-04-17 00:13:04,011 ] 94 Jamebrown0206 - INFO - Refreshing page to check availability trial number 2, template sequence: 96090
[ 2024-04-17 00:13:04,213 ] 94 marjyamada040493 - INFO - Form message: 申込期間ではありません。
[ 2024-04-17 00:13:04,213 ] 94 marjyamada040493 - INFO - Refreshing page to check availability trial number 12, template sequence: 96093
[ 2024-04-17 00:13:04,571 ] 94 Nickpown0411 - INFO - Form message: 申込期間ではありません。
[ 2024-04-17 00:13:04,571 ] 94 Nickpown0411 - INFO - Refreshing page to check availability trial number 9, template sequence: 96091
[ 2024-04-17 00:13:05,160 ] 94 Jamebrown0206 - INFO - Form message: 申込期間ではありません。
[ 2024-04-17 00:13:05,161 ] 94 Jamebrown0206 - INFO - Refreshing page to check availability trial number 3, template sequence: 96090
[ 2024-04-17 00:13:05,608 ] 94 marjyamada040493 - INFO - Form message: 申込期間ではありません。
[ 2024-04-17 00:13:05,608 ] 94 marjyamada040493 - INFO - Refreshing page to check availability trial number 13, template sequence: 96093
[ 2024-04-17 00:13:05,972 ] 94 Nickpown0411 - INFO - Form message: 申込期間ではありません。
[ 2024-04-17 00:13:05,972 ] 94 Nickpown0411 - INFO - Refreshing page to check availability trial number 10, template sequence: 96091
[ 2024-04-17 00:13:06,296 ] 94 Jamebrown0206 - INFO - Form message: 申込期間ではありません。
[ 2024-04-17 00:13:06,297 ] 94 Jamebrown0206 - INFO - Refreshing page to check availability trial number 4, template sequence: 96090
[ 2024-04-17 00:13:06,685 ] 94 marjyamada040493 - INFO - Form message: 申込期間ではありません。
[ 2024-04-17 00:13:06,685 ] 94 marjyamada040493 - INFO - Refreshing page to check availability trial number 14, template sequence: 96093
[ 2024-04-17 00:13:07,699 ] 94 Nickpown0411 - INFO - Form message: 申込期間ではありません。
[ 2024-04-17 00:13:07,699 ] 94 Nickpown0411 - INFO - Refreshing page to check availability trial number 11, template sequence: 96091
[ 2024-04-17 00:13:07,768 ] 94 marjyamada040493 - INFO - Form message: 申込期間ではありません。
[ 2024-04-17 00:13:07,768 ] 94 Jamebrown0206 - INFO - Form message: 申込期間ではありません。
[ 2024-04-17 00:13:07,769 ] 94 marjyamada040493 - INFO - Refreshing page to check availability trial number 15, template sequence: 96093
[ 2024-04-17 00:13:07,769 ] 94 Jamebrown0206 - INFO - Refreshing page to check availability trial number 5, template sequence: 96090
[ 2024-04-17 00:13:08,840 ] 94 marjyamada040493 - INFO - Form message: 申込期間ではありません。
[ 2024-04-17 00:13:08,840 ] 94 marjyamada040493 - INFO - Refreshing page to check availability trial number 16, template sequence: 96093
[ 2024-04-17 00:13:09,088 ] 94 Nickpown0411 - INFO - Form message: 申込期間ではありません。
[ 2024-04-17 00:13:09,089 ] 94 Nickpown0411 - INFO - Refreshing page to check availability trial number 12, template sequence: 96091
[ 2024-04-17 00:13:09,459 ] 94 Jamebrown0206 - INFO - Form message: 申込期間ではありません。
[ 2024-04-17 00:13:09,460 ] 94 Jamebrown0206 - INFO - Refreshing page to check availability trial number 6, template sequence: 96090
[ 2024-04-17 00:13:09,897 ] 94 marjyamada040493 - INFO - Form message: 申込期間ではありません。
[ 2024-04-17 00:13:09,897 ] 94 marjyamada040493 - INFO - Refreshing page to check availability trial number 17, template sequence: 96093
[ 2024-04-17 00:13:10,596 ] 94 Jamebrown0206 - INFO - Form message: 申込期間ではありません。
[ 2024-04-17 00:13:10,597 ] 94 Jamebrown0206 - INFO - Refreshing page to check availability trial number 7, template sequence: 96090
[ 2024-04-17 00:13:10,983 ] 94 marjyamada040493 - INFO - Form message: 申込期間ではありません。
[ 2024-04-17 00:13:10,984 ] 94 marjyamada040493 - INFO - Refreshing page to check availability trial number 18, template sequence: 96093
[ 2024-04-17 00:13:11,269 ] 94 Nickpown0411 - INFO - Form message: 申込期間ではありません。
[ 2024-04-17 00:13:11,269 ] 94 Nickpown0411 - INFO - Refreshing page to check availability trial number 13, template sequence: 96091
[ 2024-04-17 00:13:12,024 ] 94 marjyamada040493 - INFO - Form message: 申込期間ではありません。
[ 2024-04-17 00:13:12,024 ] 94 marjyamada040493 - INFO - Refreshing page to check availability trial number 19, template sequence: 96093
[ 2024-04-17 00:13:12,057 ] 94 Jamebrown0206 - INFO - Form message: 申込期間ではありません。
[ 2024-04-17 00:13:12,058 ] 94 Jamebrown0206 - INFO - Refreshing page to check availability trial number 8, template sequence: 96090
[ 2024-04-17 00:13:12,688 ] 94 Nickpown0411 - INFO - Form message: 申込期間ではありません。
[ 2024-04-17 00:13:12,689 ] 94 Nickpown0411 - INFO - Refreshing page to check availability trial number 14, template sequence: 96091
[ 2024-04-17 00:13:13,140 ] 94 marjyamada040493 - INFO - Form message: 申込期間ではありません。
[ 2024-04-17 00:13:13,141 ] 94 marjyamada040493 - INFO - Refreshing page to check availability trial number 20, template sequence: 96093
[ 2024-04-17 00:13:13,211 ] 94 Jamebrown0206 - INFO - Form message: 申込期間ではありません。
[ 2024-04-17 00:13:13,211 ] 94 Jamebrown0206 - INFO - Refreshing page to check availability trial number 9, template sequence: 96090
[ 2024-04-17 00:13:14,094 ] 94 Nickpown0411 - INFO - Form message: 申込期間ではありません。
[ 2024-04-17 00:13:14,094 ] 94 Nickpown0411 - INFO - Refreshing page to check availability trial number 15, template sequence: 96091
[ 2024-04-17 00:13:14,282 ] 94 marjyamada040493 - INFO - Form message: 申込期間ではありません。
[ 2024-04-17 00:13:14,283 ] 94 marjyamada040493 - INFO - Failed to access form after 20 refreshing, template sequence: 96093
[ 2024-04-17 00:13:14,284 ] 94 main_controller - INFO - Failed to fill form, template sequence: 96093
[ 2024-04-17 00:13:14,284 ] 94 main_controller - INFO - Remaining form(s): 5
[ 2024-04-17 00:13:14,285 ] 94 marjyamada040493 - INFO - Accessing form, template sequence: 96091
[ 2024-04-17 00:13:14,285 ] 94 marjyamada040493 - INFO - Form URL: https://www.shinsei.e-aichi.jp/pref-aichi-police-u/offer/offerList_detailTop?tempSeq=96091
[ 2024-04-17 00:13:14,654 ] 94 Jamebrown0206 - INFO - Form message: 申込期間ではありません。
[ 2024-04-17 00:13:14,654 ] 94 Jamebrown0206 - INFO - Refreshing page to check availability trial number 10, template sequence: 96090
[ 2024-04-17 00:13:15,811 ] 94 Jamebrown0206 - INFO - Form message: 申込期間ではありません。
[ 2024-04-17 00:13:15,812 ] 94 Jamebrown0206 - INFO - Refreshing page to check availability trial number 11, template sequence: 96090
[ 2024-04-17 00:13:15,892 ] 94 Nickpown0411 - INFO - Form message: 申込期間ではありません。
[ 2024-04-17 00:13:15,892 ] 94 Nickpown0411 - INFO - Refreshing page to check availability trial number 16, template sequence: 96091
[ 2024-04-17 00:13:17,001 ] 94 Jamebrown0206 - INFO - Form message: 申込期間ではありません。
[ 2024-04-17 00:13:17,002 ] 94 Jamebrown0206 - INFO - Refreshing page to check availability trial number 12, template sequence: 96090
[ 2024-04-17 00:13:17,620 ] 94 Nickpown0411 - INFO - Form message: 申込期間ではありません。
[ 2024-04-17 00:13:17,620 ] 94 Nickpown0411 - INFO - Refreshing page to check availability trial number 17, template sequence: 96091
[ 2024-04-17 00:13:18,129 ] 94 Jamebrown0206 - INFO - Form message: 申込期間ではありません。
[ 2024-04-17 00:13:18,130 ] 94 Jamebrown0206 - INFO - Refreshing page to check availability trial number 13, template sequence: 96090
[ 2024-04-17 00:13:19,084 ] 94 Nickpown0411 - INFO - Form message: 申込期間ではありません。
[ 2024-04-17 00:13:19,084 ] 94 Nickpown0411 - INFO - Refreshing page to check availability trial number 18, template sequence: 96091
[ 2024-04-17 00:13:19,873 ] 94 marjyamada040493 - INFO - Accessed form successfully
[ 2024-04-17 00:13:19,889 ] 94 marjyamada040493 - INFO - Form message: 申込期間ではありません。
[ 2024-04-17 00:13:19,889 ] 94 marjyamada040493 - INFO - Refreshing page to check availability trial number 1, template sequence: 96091
[ 2024-04-17 00:13:20,086 ] 94 Jamebrown0206 - INFO - Form message: 申込期間ではありません。
[ 2024-04-17 00:13:20,086 ] 94 Jamebrown0206 - INFO - Refreshing page to check availability trial number 14, template sequence: 96090
[ 2024-04-17 00:13:20,864 ] 94 Nickpown0411 - INFO - Form message: 申込期間ではありません。
[ 2024-04-17 00:13:20,864 ] 94 Nickpown0411 - INFO - Refreshing page to check availability trial number 19, template sequence: 96091
[ 2024-04-17 00:13:20,963 ] 94 marjyamada040493 - INFO - Form message: 申込期間ではありません。
[ 2024-04-17 00:13:20,963 ] 94 marjyamada040493 - INFO - Refreshing page to check availability trial number 2, template sequence: 96091
[ 2024-04-17 00:13:21,981 ] 94 Jamebrown0206 - INFO - Form message: 申込期間ではありません。
[ 2024-04-17 00:13:21,981 ] 94 Jamebrown0206 - INFO - Refreshing page to check availability trial number 15, template sequence: 96090
[ 2024-04-17 00:13:22,052 ] 94 marjyamada040493 - INFO - Form message: 申込期間ではありません。
[ 2024-04-17 00:13:22,053 ] 94 marjyamada040493 - INFO - Refreshing page to check availability trial number 3, template sequence: 96091
[ 2024-04-17 00:13:22,268 ] 94 Nickpown0411 - INFO - Form message: 申込期間ではありません。
[ 2024-04-17 00:13:22,268 ] 94 Nickpown0411 - INFO - Refreshing page to check availability trial number 20, template sequence: 96091
[ 2024-04-17 00:13:23,122 ] 94 marjyamada040493 - INFO - Form message: 申込期間ではありません。
[ 2024-04-17 00:13:23,122 ] 94 marjyamada040493 - INFO - Refreshing page to check availability trial number 4, template sequence: 96091
[ 2024-04-17 00:13:23,469 ] 94 Jamebrown0206 - INFO - Form message: 申込期間ではありません。
[ 2024-04-17 00:13:23,470 ] 94 Jamebrown0206 - INFO - Refreshing page to check availability trial number 16, template sequence: 96090
[ 2024-04-17 00:13:23,711 ] 94 Nickpown0411 - INFO - Form message: 申込期間ではありません。
[ 2024-04-17 00:13:23,711 ] 94 Nickpown0411 - INFO - Failed to access form after 20 refreshing, template sequence: 96091
[ 2024-04-17 00:13:23,711 ] 94 main_controller - INFO - Failed to fill form, template sequence: 96091
[ 2024-04-17 00:13:23,711 ] 94 main_controller - INFO - Remaining form(s): 5
[ 2024-04-17 00:13:23,712 ] 94 Nickpown0411 - INFO - Accessing form, template sequence: 96088
[ 2024-04-17 00:13:23,712 ] 94 Nickpown0411 - INFO - Form URL: https://www.shinsei.e-aichi.jp/pref-aichi-police-u/offer/offerList_detailTop?tempSeq=96088
[ 2024-04-17 00:13:24,205 ] 94 marjyamada040493 - INFO - Form message: 申込期間ではありません。
[ 2024-04-17 00:13:24,206 ] 94 marjyamada040493 - INFO - Refreshing page to check availability trial number 5, template sequence: 96091
[ 2024-04-17 00:13:25,247 ] 94 Jamebrown0206 - INFO - Form message: 申込期間ではありません。
[ 2024-04-17 00:13:25,249 ] 94 Jamebrown0206 - INFO - Refreshing page to check availability trial number 17, template sequence: 96090
[ 2024-04-17 00:13:25,310 ] 94 marjyamada040493 - INFO - Form message: 申込期間ではありません。
[ 2024-04-17 00:13:25,311 ] 94 marjyamada040493 - INFO - Refreshing page to check availability trial number 6, template sequence: 96091
[ 2024-04-17 00:13:26,388 ] 94 marjyamada040493 - INFO - Form message: 申込期間ではありません。
[ 2024-04-17 00:13:26,389 ] 94 marjyamada040493 - INFO - Refreshing page to check availability trial number 7, template sequence: 96091
[ 2024-04-17 00:13:27,035 ] 94 Jamebrown0206 - INFO - Form message: 申込期間ではありません。
[ 2024-04-17 00:13:27,035 ] 94 Jamebrown0206 - INFO - Refreshing page to check availability trial number 18, template sequence: 96090
[ 2024-04-17 00:13:27,459 ] 94 marjyamada040493 - INFO - Form message: 申込期間ではありません。
[ 2024-04-17 00:13:27,460 ] 94 marjyamada040493 - INFO - Refreshing page to check availability trial number 8, template sequence: 96091
[ 2024-04-17 00:13:28,535 ] 94 Jamebrown0206 - INFO - Form message: 申込期間ではありません。
[ 2024-04-17 00:13:28,536 ] 94 Jamebrown0206 - INFO - Refreshing page to check availability trial number 19, template sequence: 96090
[ 2024-04-17 00:13:28,545 ] 94 marjyamada040493 - INFO - Form message: 申込期間ではありません。
[ 2024-04-17 00:13:28,546 ] 94 marjyamada040493 - INFO - Refreshing page to check availability trial number 9, template sequence: 96091
[ 2024-04-17 00:13:29,381 ] 94 Nickpown0411 - INFO - Accessed form successfully
[ 2024-04-17 00:13:29,396 ] 94 Nickpown0411 - INFO - Form message: 申込期間ではありません。
[ 2024-04-17 00:13:29,397 ] 94 Nickpown0411 - INFO - Refreshing page to check availability trial number 1, template sequence: 96088
[ 2024-04-17 00:13:29,639 ] 94 marjyamada040493 - INFO - Form message: 申込期間ではありません。
[ 2024-04-17 00:13:29,639 ] 94 marjyamada040493 - INFO - Refreshing page to check availability trial number 10, template sequence: 96091
[ 2024-04-17 00:13:30,314 ] 94 Jamebrown0206 - INFO - Form message: 申込期間ではありません。
[ 2024-04-17 00:13:30,314 ] 94 Jamebrown0206 - INFO - Refreshing page to check availability trial number 20, template sequence: 96090
[ 2024-04-17 00:13:30,713 ] 94 marjyamada040493 - INFO - Form message: 申込期間ではありません。
[ 2024-04-17 00:13:30,713 ] 94 marjyamada040493 - INFO - Refreshing page to check availability trial number 11, template sequence: 96091
[ 2024-04-17 00:13:31,107 ] 94 Nickpown0411 - INFO - Form message: 申込期間ではありません。
[ 2024-04-17 00:13:31,108 ] 94 Nickpown0411 - INFO - Refreshing page to check availability trial number 2, template sequence: 96088
[ 2024-04-17 00:13:31,786 ] 94 marjyamada040493 - INFO - Form message: 申込期間ではありません。
[ 2024-04-17 00:13:31,787 ] 94 marjyamada040493 - INFO - Refreshing page to check availability trial number 12, template sequence: 96091
[ 2024-04-17 00:13:32,051 ] 94 Jamebrown0206 - INFO - Form message: 申込期間ではありません。
[ 2024-04-17 00:13:32,052 ] 94 Jamebrown0206 - INFO - Failed to access form after 20 refreshing, template sequence: 96090
[ 2024-04-17 00:13:32,053 ] 94 main_controller - INFO - Failed to fill form, template sequence: 96090
[ 2024-04-17 00:13:32,054 ] 94 main_controller - INFO - Remaining form(s): 5
[ 2024-04-17 00:13:32,054 ] 94 Jamebrown0206 - INFO - Accessing form, template sequence: 96089
[ 2024-04-17 00:13:32,054 ] 94 Jamebrown0206 - INFO - Form URL: https://www.shinsei.e-aichi.jp/pref-aichi-police-u/offer/offerList_detailTop?tempSeq=96089
[ 2024-04-17 00:13:32,490 ] 94 Nickpown0411 - INFO - Form message: 申込期間ではありません。
[ 2024-04-17 00:13:32,490 ] 94 Nickpown0411 - INFO - Refreshing page to check availability trial number 3, template sequence: 96088
[ 2024-04-17 00:13:32,873 ] 94 marjyamada040493 - INFO - Form message: 申込期間ではありません。
[ 2024-04-17 00:13:32,873 ] 94 marjyamada040493 - INFO - Refreshing page to check availability trial number 13, template sequence: 96091
[ 2024-04-17 00:13:33,906 ] 94 Nickpown0411 - INFO - Form message: 申込期間ではありません。
[ 2024-04-17 00:13:33,907 ] 94 Nickpown0411 - INFO - Refreshing page to check availability trial number 4, template sequence: 96088
[ 2024-04-17 00:13:33,974 ] 94 marjyamada040493 - INFO - Form message: 申込期間ではありません。
[ 2024-04-17 00:13:33,975 ] 94 marjyamada040493 - INFO - Refreshing page to check availability trial number 14, template sequence: 96091
[ 2024-04-17 00:13:35,050 ] 94 marjyamada040493 - INFO - Form message: 申込期間ではありません。
[ 2024-04-17 00:13:35,050 ] 94 marjyamada040493 - INFO - Refreshing page to check availability trial number 15, template sequence: 96091
[ 2024-04-17 00:13:35,448 ] 94 Nickpown0411 - INFO - Form message: 申込期間ではありません。
[ 2024-04-17 00:13:35,449 ] 94 Nickpown0411 - INFO - Refreshing page to check availability trial number 5, template sequence: 96088
