[ 2024-04-24 14:54:58,770 ] 91 luthien5921 - INFO - Opened login page
[ 2024-04-24 14:54:58,770 ] 91 luthien5921 - INFO - Opened login page
[ 2024-04-24 14:54:58,770 ] 91 luthien5921 - INFO - Opened login page
[ 2024-04-24 14:55:02,443 ] 91 luthien5921 - INFO - Logging in
[ 2024-04-24 14:55:02,443 ] 91 luthien5921 - INFO - Logging in
[ 2024-04-24 14:55:02,443 ] 91 luthien5921 - INFO - Logging in
[ 2024-04-24 14:55:02,447 ] 91 luthien5921 - INFO - Current url: https://www.shinsei.e-aichi.jp/pref-aichi-police-u/offer/offerList_initDisplay
[ 2024-04-24 14:55:02,447 ] 91 luthien5921 - INFO - Current url: https://www.shinsei.e-aichi.jp/pref-aichi-police-u/offer/offerList_initDisplay
[ 2024-04-24 14:55:02,447 ] 91 luthien5921 - INFO - Current url: https://www.shinsei.e-aichi.jp/pref-aichi-police-u/offer/offerList_initDisplay
[ 2024-04-24 14:55:02,754 ] 91 luthien5921 - INFO - Logged in finished
[ 2024-04-24 14:55:02,754 ] 91 luthien5921 - INFO - Logged in finished
[ 2024-04-24 14:55:02,754 ] 91 luthien5921 - INFO - Logged in finished
[ 2024-04-24 14:55:03,010 ] 91 luthien5921 - INFO - On main page
[ 2024-04-24 14:55:03,010 ] 91 luthien5921 - INFO - On main page
[ 2024-04-24 14:55:03,010 ] 91 luthien5921 - INFO - On main page
[ 2024-04-24 14:55:04,722 ] 91 luthien5921 - INFO - Search submitted
[ 2024-04-24 14:55:04,722 ] 91 luthien5921 - INFO - Search submitted
[ 2024-04-24 14:55:04,722 ] 91 luthien5921 - INFO - Search submitted
[ 2024-04-24 14:55:04,744 ] 91 luthien5921 - INFO - Collected 2 forms
[ 2024-04-24 14:55:04,744 ] 91 luthien5921 - INFO - Collected 2 forms
[ 2024-04-24 14:55:04,744 ] 91 luthien5921 - INFO - Collected 2 forms
[ 2024-04-24 14:55:14,821 ] 91 luthien5921 - INFO - Opened login page
[ 2024-04-24 14:55:14,821 ] 91 luthien5921 - INFO - Opened login page
[ 2024-04-24 14:55:14,821 ] 91 luthien5921 - INFO - Opened login page
[ 2024-04-24 14:55:14,821 ] 91 luthien5921 - INFO - Opened login page
[ 2024-04-24 14:55:14,821 ] 91 luthien5921 - INFO - Opened login page
[ 2024-04-24 14:55:14,821 ] 91 luthien5921 - INFO - Opened login page
[ 2024-04-24 14:55:18,524 ] 91 luthien5921 - INFO - Logging in
[ 2024-04-24 14:55:18,524 ] 91 luthien5921 - INFO - Logging in
[ 2024-04-24 14:55:18,524 ] 91 luthien5921 - INFO - Logging in
[ 2024-04-24 14:55:18,524 ] 91 luthien5921 - INFO - Logging in
[ 2024-04-24 14:55:18,524 ] 91 luthien5921 - INFO - Logging in
[ 2024-04-24 14:55:18,524 ] 91 luthien5921 - INFO - Logging in
[ 2024-04-24 14:55:18,528 ] 91 luthien5921 - INFO - Current url: https://www.shinsei.e-aichi.jp/pref-aichi-police-u/offer/offerList_initDisplay
[ 2024-04-24 14:55:18,528 ] 91 luthien5921 - INFO - Current url: https://www.shinsei.e-aichi.jp/pref-aichi-police-u/offer/offerList_initDisplay
[ 2024-04-24 14:55:18,528 ] 91 luthien5921 - INFO - Current url: https://www.shinsei.e-aichi.jp/pref-aichi-police-u/offer/offerList_initDisplay
[ 2024-04-24 14:55:18,528 ] 91 luthien5921 - INFO - Current url: https://www.shinsei.e-aichi.jp/pref-aichi-police-u/offer/offerList_initDisplay
[ 2024-04-24 14:55:18,528 ] 91 luthien5921 - INFO - Current url: https://www.shinsei.e-aichi.jp/pref-aichi-police-u/offer/offerList_initDisplay
[ 2024-04-24 14:55:18,528 ] 91 luthien5921 - INFO - Current url: https://www.shinsei.e-aichi.jp/pref-aichi-police-u/offer/offerList_initDisplay
[ 2024-04-24 14:55:18,843 ] 91 luthien5921 - INFO - Logged in finished
[ 2024-04-24 14:55:18,843 ] 91 luthien5921 - INFO - Logged in finished
[ 2024-04-24 14:55:18,843 ] 91 luthien5921 - INFO - Logged in finished
[ 2024-04-24 14:55:18,843 ] 91 luthien5921 - INFO - Logged in finished
[ 2024-04-24 14:55:18,843 ] 91 luthien5921 - INFO - Logged in finished
[ 2024-04-24 14:55:18,843 ] 91 luthien5921 - INFO - Logged in finished
[ 2024-04-24 14:55:19,099 ] 91 luthien5921 - INFO - On main page
[ 2024-04-24 14:55:19,099 ] 91 luthien5921 - INFO - On main page
[ 2024-04-24 14:55:19,099 ] 91 luthien5921 - INFO - On main page
[ 2024-04-24 14:55:19,099 ] 91 luthien5921 - INFO - On main page
[ 2024-04-24 14:55:19,099 ] 91 luthien5921 - INFO - On main page
[ 2024-04-24 14:55:19,099 ] 91 luthien5921 - INFO - On main page
[ 2024-04-24 14:55:20,870 ] 91 luthien5921 - INFO - Search submitted
[ 2024-04-24 14:55:20,870 ] 91 luthien5921 - INFO - Search submitted
[ 2024-04-24 14:55:20,870 ] 91 luthien5921 - INFO - Search submitted
[ 2024-04-24 14:55:20,870 ] 91 luthien5921 - INFO - Search submitted
[ 2024-04-24 14:55:20,870 ] 91 luthien5921 - INFO - Search submitted
[ 2024-04-24 14:55:20,870 ] 91 luthien5921 - INFO - Search submitted
[ 2024-04-24 14:55:20,893 ] 91 luthien5921 - INFO - Collected 2 forms
[ 2024-04-24 14:55:20,893 ] 91 luthien5921 - INFO - Collected 2 forms
[ 2024-04-24 14:55:20,893 ] 91 luthien5921 - INFO - Collected 2 forms
[ 2024-04-24 14:55:20,893 ] 91 luthien5921 - INFO - Collected 2 forms
[ 2024-04-24 14:55:20,893 ] 91 luthien5921 - INFO - Collected 2 forms
[ 2024-04-24 14:55:20,893 ] 91 luthien5921 - INFO - Collected 2 forms
[ 2024-04-24 14:55:31,176 ] 91 luthien5921 - INFO - Opened login page
[ 2024-04-24 14:55:31,176 ] 91 luthien5921 - INFO - Opened login page
[ 2024-04-24 14:55:31,176 ] 91 luthien5921 - INFO - Opened login page
[ 2024-04-24 14:55:31,176 ] 91 luthien5921 - INFO - Opened login page
[ 2024-04-24 14:55:31,176 ] 91 luthien5921 - INFO - Opened login page
[ 2024-04-24 14:55:31,176 ] 91 luthien5921 - INFO - Opened login page
[ 2024-04-24 14:55:31,176 ] 91 luthien5921 - INFO - Opened login page
[ 2024-04-24 14:55:31,176 ] 91 luthien5921 - INFO - Opened login page
[ 2024-04-24 14:55:31,176 ] 91 luthien5921 - INFO - Opened login page
[ 2024-04-24 14:55:35,611 ] 91 luthien5921 - INFO - Logging in
[ 2024-04-24 14:55:35,611 ] 91 luthien5921 - INFO - Logging in
[ 2024-04-24 14:55:35,611 ] 91 luthien5921 - INFO - Logging in
[ 2024-04-24 14:55:35,611 ] 91 luthien5921 - INFO - Logging in
[ 2024-04-24 14:55:35,611 ] 91 luthien5921 - INFO - Logging in
[ 2024-04-24 14:55:35,611 ] 91 luthien5921 - INFO - Logging in
[ 2024-04-24 14:55:35,611 ] 91 luthien5921 - INFO - Logging in
[ 2024-04-24 14:55:35,611 ] 91 luthien5921 - INFO - Logging in
[ 2024-04-24 14:55:35,611 ] 91 luthien5921 - INFO - Logging in
[ 2024-04-24 14:55:35,616 ] 91 luthien5921 - INFO - Current url: https://www.shinsei.e-aichi.jp/pref-aichi-police-u/offer/offerList_initDisplay
[ 2024-04-24 14:55:35,616 ] 91 luthien5921 - INFO - Current url: https://www.shinsei.e-aichi.jp/pref-aichi-police-u/offer/offerList_initDisplay
[ 2024-04-24 14:55:35,616 ] 91 luthien5921 - INFO - Current url: https://www.shinsei.e-aichi.jp/pref-aichi-police-u/offer/offerList_initDisplay
[ 2024-04-24 14:55:35,616 ] 91 luthien5921 - INFO - Current url: https://www.shinsei.e-aichi.jp/pref-aichi-police-u/offer/offerList_initDisplay
[ 2024-04-24 14:55:35,616 ] 91 luthien5921 - INFO - Current url: https://www.shinsei.e-aichi.jp/pref-aichi-police-u/offer/offerList_initDisplay
[ 2024-04-24 14:55:35,616 ] 91 luthien5921 - INFO - Current url: https://www.shinsei.e-aichi.jp/pref-aichi-police-u/offer/offerList_initDisplay
[ 2024-04-24 14:55:35,616 ] 91 luthien5921 - INFO - Current url: https://www.shinsei.e-aichi.jp/pref-aichi-police-u/offer/offerList_initDisplay
[ 2024-04-24 14:55:35,616 ] 91 luthien5921 - INFO - Current url: https://www.shinsei.e-aichi.jp/pref-aichi-police-u/offer/offerList_initDisplay
[ 2024-04-24 14:55:35,616 ] 91 luthien5921 - INFO - Current url: https://www.shinsei.e-aichi.jp/pref-aichi-police-u/offer/offerList_initDisplay
[ 2024-04-24 14:55:35,937 ] 91 luthien5921 - INFO - Logged in finished
[ 2024-04-24 14:55:35,937 ] 91 luthien5921 - INFO - Logged in finished
[ 2024-04-24 14:55:35,937 ] 91 luthien5921 - INFO - Logged in finished
[ 2024-04-24 14:55:35,937 ] 91 luthien5921 - INFO - Logged in finished
[ 2024-04-24 14:55:35,937 ] 91 luthien5921 - INFO - Logged in finished
[ 2024-04-24 14:55:35,937 ] 91 luthien5921 - INFO - Logged in finished
[ 2024-04-24 14:55:35,937 ] 91 luthien5921 - INFO - Logged in finished
[ 2024-04-24 14:55:35,937 ] 91 luthien5921 - INFO - Logged in finished
[ 2024-04-24 14:55:35,937 ] 91 luthien5921 - INFO - Logged in finished
[ 2024-04-24 14:55:36,221 ] 91 luthien5921 - INFO - On main page
[ 2024-04-24 14:55:36,221 ] 91 luthien5921 - INFO - On main page
[ 2024-04-24 14:55:36,221 ] 91 luthien5921 - INFO - On main page
[ 2024-04-24 14:55:36,221 ] 91 luthien5921 - INFO - On main page
[ 2024-04-24 14:55:36,221 ] 91 luthien5921 - INFO - On main page
[ 2024-04-24 14:55:36,221 ] 91 luthien5921 - INFO - On main page
[ 2024-04-24 14:55:36,221 ] 91 luthien5921 - INFO - On main page
[ 2024-04-24 14:55:36,221 ] 91 luthien5921 - INFO - On main page
[ 2024-04-24 14:55:36,221 ] 91 luthien5921 - INFO - On main page
[ 2024-04-24 14:55:38,082 ] 91 luthien5921 - INFO - Search submitted
[ 2024-04-24 14:55:38,082 ] 91 luthien5921 - INFO - Search submitted
[ 2024-04-24 14:55:38,082 ] 91 luthien5921 - INFO - Search submitted
[ 2024-04-24 14:55:38,082 ] 91 luthien5921 - INFO - Search submitted
[ 2024-04-24 14:55:38,082 ] 91 luthien5921 - INFO - Search submitted
[ 2024-04-24 14:55:38,082 ] 91 luthien5921 - INFO - Search submitted
[ 2024-04-24 14:55:38,082 ] 91 luthien5921 - INFO - Search submitted
[ 2024-04-24 14:55:38,082 ] 91 luthien5921 - INFO - Search submitted
[ 2024-04-24 14:55:38,082 ] 91 luthien5921 - INFO - Search submitted
[ 2024-04-24 14:55:38,110 ] 91 luthien5921 - INFO - Collected 2 forms
[ 2024-04-24 14:55:38,110 ] 91 luthien5921 - INFO - Collected 2 forms
[ 2024-04-24 14:55:38,110 ] 91 luthien5921 - INFO - Collected 2 forms
[ 2024-04-24 14:55:38,110 ] 91 luthien5921 - INFO - Collected 2 forms
[ 2024-04-24 14:55:38,110 ] 91 luthien5921 - INFO - Collected 2 forms
[ 2024-04-24 14:55:38,110 ] 91 luthien5921 - INFO - Collected 2 forms
[ 2024-04-24 14:55:38,110 ] 91 luthien5921 - INFO - Collected 2 forms
[ 2024-04-24 14:55:38,110 ] 91 luthien5921 - INFO - Collected 2 forms
[ 2024-04-24 14:55:38,110 ] 91 luthien5921 - INFO - Collected 2 forms
[ 2024-04-24 14:55:48,198 ] 91 luthien5921 - INFO - Opened login page
[ 2024-04-24 14:55:48,198 ] 91 luthien5921 - INFO - Opened login page
[ 2024-04-24 14:55:48,198 ] 91 luthien5921 - INFO - Opened login page
[ 2024-04-24 14:55:48,198 ] 91 luthien5921 - INFO - Opened login page
[ 2024-04-24 14:55:48,198 ] 91 luthien5921 - INFO - Opened login page
[ 2024-04-24 14:55:48,198 ] 91 luthien5921 - INFO - Opened login page
[ 2024-04-24 14:55:48,198 ] 91 luthien5921 - INFO - Opened login page
[ 2024-04-24 14:55:48,198 ] 91 luthien5921 - INFO - Opened login page
[ 2024-04-24 14:55:48,198 ] 91 luthien5921 - INFO - Opened login page
[ 2024-04-24 14:55:48,198 ] 91 luthien5921 - INFO - Opened login page
[ 2024-04-24 14:55:48,198 ] 91 luthien5921 - INFO - Opened login page
[ 2024-04-24 14:55:48,198 ] 91 luthien5921 - INFO - Opened login page
[ 2024-04-24 14:55:52,225 ] 91 luthien5921 - INFO - Logging in
[ 2024-04-24 14:55:52,225 ] 91 luthien5921 - INFO - Logging in
[ 2024-04-24 14:55:52,225 ] 91 luthien5921 - INFO - Logging in
[ 2024-04-24 14:55:52,225 ] 91 luthien5921 - INFO - Logging in
[ 2024-04-24 14:55:52,225 ] 91 luthien5921 - INFO - Logging in
[ 2024-04-24 14:55:52,225 ] 91 luthien5921 - INFO - Logging in
[ 2024-04-24 14:55:52,225 ] 91 luthien5921 - INFO - Logging in
[ 2024-04-24 14:55:52,225 ] 91 luthien5921 - INFO - Logging in
[ 2024-04-24 14:55:52,225 ] 91 luthien5921 - INFO - Logging in
[ 2024-04-24 14:55:52,225 ] 91 luthien5921 - INFO - Logging in
[ 2024-04-24 14:55:52,225 ] 91 luthien5921 - INFO - Logging in
[ 2024-04-24 14:55:52,225 ] 91 luthien5921 - INFO - Logging in
[ 2024-04-24 14:55:52,230 ] 91 luthien5921 - INFO - Current url: https://www.shinsei.e-aichi.jp/pref-aichi-police-u/offer/offerList_initDisplay
[ 2024-04-24 14:55:52,230 ] 91 luthien5921 - INFO - Current url: https://www.shinsei.e-aichi.jp/pref-aichi-police-u/offer/offerList_initDisplay
[ 2024-04-24 14:55:52,230 ] 91 luthien5921 - INFO - Current url: https://www.shinsei.e-aichi.jp/pref-aichi-police-u/offer/offerList_initDisplay
[ 2024-04-24 14:55:52,230 ] 91 luthien5921 - INFO - Current url: https://www.shinsei.e-aichi.jp/pref-aichi-police-u/offer/offerList_initDisplay
[ 2024-04-24 14:55:52,230 ] 91 luthien5921 - INFO - Current url: https://www.shinsei.e-aichi.jp/pref-aichi-police-u/offer/offerList_initDisplay
[ 2024-04-24 14:55:52,230 ] 91 luthien5921 - INFO - Current url: https://www.shinsei.e-aichi.jp/pref-aichi-police-u/offer/offerList_initDisplay
[ 2024-04-24 14:55:52,230 ] 91 luthien5921 - INFO - Current url: https://www.shinsei.e-aichi.jp/pref-aichi-police-u/offer/offerList_initDisplay
[ 2024-04-24 14:55:52,230 ] 91 luthien5921 - INFO - Current url: https://www.shinsei.e-aichi.jp/pref-aichi-police-u/offer/offerList_initDisplay
[ 2024-04-24 14:55:52,230 ] 91 luthien5921 - INFO - Current url: https://www.shinsei.e-aichi.jp/pref-aichi-police-u/offer/offerList_initDisplay
[ 2024-04-24 14:55:52,230 ] 91 luthien5921 - INFO - Current url: https://www.shinsei.e-aichi.jp/pref-aichi-police-u/offer/offerList_initDisplay
[ 2024-04-24 14:55:52,230 ] 91 luthien5921 - INFO - Current url: https://www.shinsei.e-aichi.jp/pref-aichi-police-u/offer/offerList_initDisplay
[ 2024-04-24 14:55:52,230 ] 91 luthien5921 - INFO - Current url: https://www.shinsei.e-aichi.jp/pref-aichi-police-u/offer/offerList_initDisplay
[ 2024-04-24 14:55:52,538 ] 91 luthien5921 - INFO - Logged in finished
[ 2024-04-24 14:55:52,538 ] 91 luthien5921 - INFO - Logged in finished
[ 2024-04-24 14:55:52,538 ] 91 luthien5921 - INFO - Logged in finished
[ 2024-04-24 14:55:52,538 ] 91 luthien5921 - INFO - Logged in finished
[ 2024-04-24 14:55:52,538 ] 91 luthien5921 - INFO - Logged in finished
[ 2024-04-24 14:55:52,538 ] 91 luthien5921 - INFO - Logged in finished
[ 2024-04-24 14:55:52,538 ] 91 luthien5921 - INFO - Logged in finished
[ 2024-04-24 14:55:52,538 ] 91 luthien5921 - INFO - Logged in finished
[ 2024-04-24 14:55:52,538 ] 91 luthien5921 - INFO - Logged in finished
[ 2024-04-24 14:55:52,538 ] 91 luthien5921 - INFO - Logged in finished
[ 2024-04-24 14:55:52,538 ] 91 luthien5921 - INFO - Logged in finished
[ 2024-04-24 14:55:52,538 ] 91 luthien5921 - INFO - Logged in finished
[ 2024-04-24 14:55:52,795 ] 91 luthien5921 - INFO - On main page
[ 2024-04-24 14:55:52,795 ] 91 luthien5921 - INFO - On main page
[ 2024-04-24 14:55:52,795 ] 91 luthien5921 - INFO - On main page
[ 2024-04-24 14:55:52,795 ] 91 luthien5921 - INFO - On main page
[ 2024-04-24 14:55:52,795 ] 91 luthien5921 - INFO - On main page
[ 2024-04-24 14:55:52,795 ] 91 luthien5921 - INFO - On main page
[ 2024-04-24 14:55:52,795 ] 91 luthien5921 - INFO - On main page
[ 2024-04-24 14:55:52,795 ] 91 luthien5921 - INFO - On main page
[ 2024-04-24 14:55:52,795 ] 91 luthien5921 - INFO - On main page
[ 2024-04-24 14:55:52,795 ] 91 luthien5921 - INFO - On main page
[ 2024-04-24 14:55:52,795 ] 91 luthien5921 - INFO - On main page
[ 2024-04-24 14:55:52,795 ] 91 luthien5921 - INFO - On main page
[ 2024-04-24 14:55:54,532 ] 91 luthien5921 - INFO - Search submitted
[ 2024-04-24 14:55:54,532 ] 91 luthien5921 - INFO - Search submitted
[ 2024-04-24 14:55:54,532 ] 91 luthien5921 - INFO - Search submitted
[ 2024-04-24 14:55:54,532 ] 91 luthien5921 - INFO - Search submitted
[ 2024-04-24 14:55:54,532 ] 91 luthien5921 - INFO - Search submitted
[ 2024-04-24 14:55:54,532 ] 91 luthien5921 - INFO - Search submitted
[ 2024-04-24 14:55:54,532 ] 91 luthien5921 - INFO - Search submitted
[ 2024-04-24 14:55:54,532 ] 91 luthien5921 - INFO - Search submitted
[ 2024-04-24 14:55:54,532 ] 91 luthien5921 - INFO - Search submitted
[ 2024-04-24 14:55:54,532 ] 91 luthien5921 - INFO - Search submitted
[ 2024-04-24 14:55:54,532 ] 91 luthien5921 - INFO - Search submitted
[ 2024-04-24 14:55:54,532 ] 91 luthien5921 - INFO - Search submitted
[ 2024-04-24 14:55:54,554 ] 91 luthien5921 - INFO - Collected 2 forms
[ 2024-04-24 14:55:54,554 ] 91 luthien5921 - INFO - Collected 2 forms
[ 2024-04-24 14:55:54,554 ] 91 luthien5921 - INFO - Collected 2 forms
[ 2024-04-24 14:55:54,554 ] 91 luthien5921 - INFO - Collected 2 forms
[ 2024-04-24 14:55:54,554 ] 91 luthien5921 - INFO - Collected 2 forms
[ 2024-04-24 14:55:54,554 ] 91 luthien5921 - INFO - Collected 2 forms
[ 2024-04-24 14:55:54,554 ] 91 luthien5921 - INFO - Collected 2 forms
[ 2024-04-24 14:55:54,554 ] 91 luthien5921 - INFO - Collected 2 forms
[ 2024-04-24 14:55:54,554 ] 91 luthien5921 - INFO - Collected 2 forms
[ 2024-04-24 14:55:54,554 ] 91 luthien5921 - INFO - Collected 2 forms
[ 2024-04-24 14:55:54,554 ] 91 luthien5921 - INFO - Collected 2 forms
[ 2024-04-24 14:55:54,554 ] 91 luthien5921 - INFO - Collected 2 forms
[ 2024-04-24 14:56:04,551 ] 91 luthien5921 - INFO - Opened login page
[ 2024-04-24 14:56:04,551 ] 91 luthien5921 - INFO - Opened login page
[ 2024-04-24 14:56:04,551 ] 91 luthien5921 - INFO - Opened login page
[ 2024-04-24 14:56:04,551 ] 91 luthien5921 - INFO - Opened login page
[ 2024-04-24 14:56:04,551 ] 91 luthien5921 - INFO - Opened login page
[ 2024-04-24 14:56:04,551 ] 91 luthien5921 - INFO - Opened login page
[ 2024-04-24 14:56:04,551 ] 91 luthien5921 - INFO - Opened login page
[ 2024-04-24 14:56:04,551 ] 91 luthien5921 - INFO - Opened login page
[ 2024-04-24 14:56:04,551 ] 91 luthien5921 - INFO - Opened login page
[ 2024-04-24 14:56:04,551 ] 91 luthien5921 - INFO - Opened login page
[ 2024-04-24 14:56:04,551 ] 91 luthien5921 - INFO - Opened login page
[ 2024-04-24 14:56:04,551 ] 91 luthien5921 - INFO - Opened login page
[ 2024-04-24 14:56:04,551 ] 91 luthien5921 - INFO - Opened login page
[ 2024-04-24 14:56:04,551 ] 91 luthien5921 - INFO - Opened login page
[ 2024-04-24 14:56:04,551 ] 91 luthien5921 - INFO - Opened login page
[ 2024-04-24 14:56:08,205 ] 91 luthien5921 - INFO - Logging in
[ 2024-04-24 14:56:08,205 ] 91 luthien5921 - INFO - Logging in
[ 2024-04-24 14:56:08,205 ] 91 luthien5921 - INFO - Logging in
[ 2024-04-24 14:56:08,205 ] 91 luthien5921 - INFO - Logging in
[ 2024-04-24 14:56:08,205 ] 91 luthien5921 - INFO - Logging in
[ 2024-04-24 14:56:08,205 ] 91 luthien5921 - INFO - Logging in
[ 2024-04-24 14:56:08,205 ] 91 luthien5921 - INFO - Logging in
[ 2024-04-24 14:56:08,205 ] 91 luthien5921 - INFO - Logging in
[ 2024-04-24 14:56:08,205 ] 91 luthien5921 - INFO - Logging in
[ 2024-04-24 14:56:08,205 ] 91 luthien5921 - INFO - Logging in
[ 2024-04-24 14:56:08,205 ] 91 luthien5921 - INFO - Logging in
[ 2024-04-24 14:56:08,205 ] 91 luthien5921 - INFO - Logging in
[ 2024-04-24 14:56:08,205 ] 91 luthien5921 - INFO - Logging in
[ 2024-04-24 14:56:08,205 ] 91 luthien5921 - INFO - Logging in
[ 2024-04-24 14:56:08,205 ] 91 luthien5921 - INFO - Logging in
[ 2024-04-24 14:56:08,209 ] 91 luthien5921 - INFO - Current url: https://www.shinsei.e-aichi.jp/pref-aichi-police-u/offer/offerList_initDisplay
[ 2024-04-24 14:56:08,209 ] 91 luthien5921 - INFO - Current url: https://www.shinsei.e-aichi.jp/pref-aichi-police-u/offer/offerList_initDisplay
[ 2024-04-24 14:56:08,209 ] 91 luthien5921 - INFO - Current url: https://www.shinsei.e-aichi.jp/pref-aichi-police-u/offer/offerList_initDisplay
[ 2024-04-24 14:56:08,209 ] 91 luthien5921 - INFO - Current url: https://www.shinsei.e-aichi.jp/pref-aichi-police-u/offer/offerList_initDisplay
[ 2024-04-24 14:56:08,209 ] 91 luthien5921 - INFO - Current url: https://www.shinsei.e-aichi.jp/pref-aichi-police-u/offer/offerList_initDisplay
[ 2024-04-24 14:56:08,209 ] 91 luthien5921 - INFO - Current url: https://www.shinsei.e-aichi.jp/pref-aichi-police-u/offer/offerList_initDisplay
[ 2024-04-24 14:56:08,209 ] 91 luthien5921 - INFO - Current url: https://www.shinsei.e-aichi.jp/pref-aichi-police-u/offer/offerList_initDisplay
[ 2024-04-24 14:56:08,209 ] 91 luthien5921 - INFO - Current url: https://www.shinsei.e-aichi.jp/pref-aichi-police-u/offer/offerList_initDisplay
[ 2024-04-24 14:56:08,209 ] 91 luthien5921 - INFO - Current url: https://www.shinsei.e-aichi.jp/pref-aichi-police-u/offer/offerList_initDisplay
[ 2024-04-24 14:56:08,209 ] 91 luthien5921 - INFO - Current url: https://www.shinsei.e-aichi.jp/pref-aichi-police-u/offer/offerList_initDisplay
[ 2024-04-24 14:56:08,209 ] 91 luthien5921 - INFO - Current url: https://www.shinsei.e-aichi.jp/pref-aichi-police-u/offer/offerList_initDisplay
[ 2024-04-24 14:56:08,209 ] 91 luthien5921 - INFO - Current url: https://www.shinsei.e-aichi.jp/pref-aichi-police-u/offer/offerList_initDisplay
[ 2024-04-24 14:56:08,209 ] 91 luthien5921 - INFO - Current url: https://www.shinsei.e-aichi.jp/pref-aichi-police-u/offer/offerList_initDisplay
[ 2024-04-24 14:56:08,209 ] 91 luthien5921 - INFO - Current url: https://www.shinsei.e-aichi.jp/pref-aichi-police-u/offer/offerList_initDisplay
[ 2024-04-24 14:56:08,209 ] 91 luthien5921 - INFO - Current url: https://www.shinsei.e-aichi.jp/pref-aichi-police-u/offer/offerList_initDisplay
[ 2024-04-24 14:56:08,520 ] 91 luthien5921 - INFO - Logged in finished
[ 2024-04-24 14:56:08,520 ] 91 luthien5921 - INFO - Logged in finished
[ 2024-04-24 14:56:08,520 ] 91 luthien5921 - INFO - Logged in finished
[ 2024-04-24 14:56:08,520 ] 91 luthien5921 - INFO - Logged in finished
[ 2024-04-24 14:56:08,520 ] 91 luthien5921 - INFO - Logged in finished
[ 2024-04-24 14:56:08,520 ] 91 luthien5921 - INFO - Logged in finished
[ 2024-04-24 14:56:08,520 ] 91 luthien5921 - INFO - Logged in finished
[ 2024-04-24 14:56:08,520 ] 91 luthien5921 - INFO - Logged in finished
[ 2024-04-24 14:56:08,520 ] 91 luthien5921 - INFO - Logged in finished
[ 2024-04-24 14:56:08,520 ] 91 luthien5921 - INFO - Logged in finished
[ 2024-04-24 14:56:08,520 ] 91 luthien5921 - INFO - Logged in finished
[ 2024-04-24 14:56:08,520 ] 91 luthien5921 - INFO - Logged in finished
[ 2024-04-24 14:56:08,520 ] 91 luthien5921 - INFO - Logged in finished
[ 2024-04-24 14:56:08,520 ] 91 luthien5921 - INFO - Logged in finished
[ 2024-04-24 14:56:08,520 ] 91 luthien5921 - INFO - Logged in finished
[ 2024-04-24 14:56:08,761 ] 91 luthien5921 - INFO - On main page
[ 2024-04-24 14:56:08,761 ] 91 luthien5921 - INFO - On main page
[ 2024-04-24 14:56:08,761 ] 91 luthien5921 - INFO - On main page
[ 2024-04-24 14:56:08,761 ] 91 luthien5921 - INFO - On main page
[ 2024-04-24 14:56:08,761 ] 91 luthien5921 - INFO - On main page
[ 2024-04-24 14:56:08,761 ] 91 luthien5921 - INFO - On main page
[ 2024-04-24 14:56:08,761 ] 91 luthien5921 - INFO - On main page
[ 2024-04-24 14:56:08,761 ] 91 luthien5921 - INFO - On main page
[ 2024-04-24 14:56:08,761 ] 91 luthien5921 - INFO - On main page
[ 2024-04-24 14:56:08,761 ] 91 luthien5921 - INFO - On main page
[ 2024-04-24 14:56:08,761 ] 91 luthien5921 - INFO - On main page
[ 2024-04-24 14:56:08,761 ] 91 luthien5921 - INFO - On main page
[ 2024-04-24 14:56:08,761 ] 91 luthien5921 - INFO - On main page
[ 2024-04-24 14:56:08,761 ] 91 luthien5921 - INFO - On main page
[ 2024-04-24 14:56:08,761 ] 91 luthien5921 - INFO - On main page
[ 2024-04-24 14:56:10,307 ] 91 luthien5921 - INFO - Search submitted
[ 2024-04-24 14:56:10,307 ] 91 luthien5921 - INFO - Search submitted
[ 2024-04-24 14:56:10,307 ] 91 luthien5921 - INFO - Search submitted
[ 2024-04-24 14:56:10,307 ] 91 luthien5921 - INFO - Search submitted
[ 2024-04-24 14:56:10,307 ] 91 luthien5921 - INFO - Search submitted
[ 2024-04-24 14:56:10,307 ] 91 luthien5921 - INFO - Search submitted
[ 2024-04-24 14:56:10,307 ] 91 luthien5921 - INFO - Search submitted
[ 2024-04-24 14:56:10,307 ] 91 luthien5921 - INFO - Search submitted
[ 2024-04-24 14:56:10,307 ] 91 luthien5921 - INFO - Search submitted
[ 2024-04-24 14:56:10,307 ] 91 luthien5921 - INFO - Search submitted
[ 2024-04-24 14:56:10,307 ] 91 luthien5921 - INFO - Search submitted
[ 2024-04-24 14:56:10,307 ] 91 luthien5921 - INFO - Search submitted
[ 2024-04-24 14:56:10,307 ] 91 luthien5921 - INFO - Search submitted
[ 2024-04-24 14:56:10,307 ] 91 luthien5921 - INFO - Search submitted
[ 2024-04-24 14:56:10,307 ] 91 luthien5921 - INFO - Search submitted
[ 2024-04-24 14:56:10,325 ] 91 luthien5921 - INFO - Collected 2 forms
[ 2024-04-24 14:56:10,325 ] 91 luthien5921 - INFO - Collected 2 forms
[ 2024-04-24 14:56:10,325 ] 91 luthien5921 - INFO - Collected 2 forms
[ 2024-04-24 14:56:10,325 ] 91 luthien5921 - INFO - Collected 2 forms
[ 2024-04-24 14:56:10,325 ] 91 luthien5921 - INFO - Collected 2 forms
[ 2024-04-24 14:56:10,325 ] 91 luthien5921 - INFO - Collected 2 forms
[ 2024-04-24 14:56:10,325 ] 91 luthien5921 - INFO - Collected 2 forms
[ 2024-04-24 14:56:10,325 ] 91 luthien5921 - INFO - Collected 2 forms
[ 2024-04-24 14:56:10,325 ] 91 luthien5921 - INFO - Collected 2 forms
[ 2024-04-24 14:56:10,325 ] 91 luthien5921 - INFO - Collected 2 forms
[ 2024-04-24 14:56:10,325 ] 91 luthien5921 - INFO - Collected 2 forms
[ 2024-04-24 14:56:10,325 ] 91 luthien5921 - INFO - Collected 2 forms
[ 2024-04-24 14:56:10,325 ] 91 luthien5921 - INFO - Collected 2 forms
[ 2024-04-24 14:56:10,325 ] 91 luthien5921 - INFO - Collected 2 forms
[ 2024-04-24 14:56:10,325 ] 91 luthien5921 - INFO - Collected 2 forms
[ 2024-04-24 14:56:20,512 ] 91 luthien5921 - INFO - Opened login page
[ 2024-04-24 14:56:20,512 ] 91 luthien5921 - INFO - Opened login page
[ 2024-04-24 14:56:20,512 ] 91 luthien5921 - INFO - Opened login page
[ 2024-04-24 14:56:20,512 ] 91 luthien5921 - INFO - Opened login page
[ 2024-04-24 14:56:20,512 ] 91 luthien5921 - INFO - Opened login page
[ 2024-04-24 14:56:20,512 ] 91 luthien5921 - INFO - Opened login page
[ 2024-04-24 14:56:20,512 ] 91 luthien5921 - INFO - Opened login page
[ 2024-04-24 14:56:20,512 ] 91 luthien5921 - INFO - Opened login page
[ 2024-04-24 14:56:20,512 ] 91 luthien5921 - INFO - Opened login page
[ 2024-04-24 14:56:20,512 ] 91 luthien5921 - INFO - Opened login page
[ 2024-04-24 14:56:20,512 ] 91 luthien5921 - INFO - Opened login page
[ 2024-04-24 14:56:20,512 ] 91 luthien5921 - INFO - Opened login page
[ 2024-04-24 14:56:20,512 ] 91 luthien5921 - INFO - Opened login page
[ 2024-04-24 14:56:20,512 ] 91 luthien5921 - INFO - Opened login page
[ 2024-04-24 14:56:20,512 ] 91 luthien5921 - INFO - Opened login page
[ 2024-04-24 14:56:20,512 ] 91 luthien5921 - INFO - Opened login page
[ 2024-04-24 14:56:20,512 ] 91 luthien5921 - INFO - Opened login page
[ 2024-04-24 14:56:20,512 ] 91 luthien5921 - INFO - Opened login page
[ 2024-04-24 14:56:24,203 ] 91 luthien5921 - INFO - Logging in
[ 2024-04-24 14:56:24,203 ] 91 luthien5921 - INFO - Logging in
[ 2024-04-24 14:56:24,203 ] 91 luthien5921 - INFO - Logging in
[ 2024-04-24 14:56:24,203 ] 91 luthien5921 - INFO - Logging in
[ 2024-04-24 14:56:24,203 ] 91 luthien5921 - INFO - Logging in
[ 2024-04-24 14:56:24,203 ] 91 luthien5921 - INFO - Logging in
[ 2024-04-24 14:56:24,203 ] 91 luthien5921 - INFO - Logging in
[ 2024-04-24 14:56:24,203 ] 91 luthien5921 - INFO - Logging in
[ 2024-04-24 14:56:24,203 ] 91 luthien5921 - INFO - Logging in
[ 2024-04-24 14:56:24,203 ] 91 luthien5921 - INFO - Logging in
[ 2024-04-24 14:56:24,203 ] 91 luthien5921 - INFO - Logging in
[ 2024-04-24 14:56:24,203 ] 91 luthien5921 - INFO - Logging in
[ 2024-04-24 14:56:24,203 ] 91 luthien5921 - INFO - Logging in
[ 2024-04-24 14:56:24,203 ] 91 luthien5921 - INFO - Logging in
[ 2024-04-24 14:56:24,203 ] 91 luthien5921 - INFO - Logging in
[ 2024-04-24 14:56:24,203 ] 91 luthien5921 - INFO - Logging in
[ 2024-04-24 14:56:24,203 ] 91 luthien5921 - INFO - Logging in
[ 2024-04-24 14:56:24,203 ] 91 luthien5921 - INFO - Logging in
[ 2024-04-24 14:56:24,208 ] 91 luthien5921 - INFO - Current url: https://www.shinsei.e-aichi.jp/pref-aichi-police-u/offer/offerList_initDisplay
[ 2024-04-24 14:56:24,208 ] 91 luthien5921 - INFO - Current url: https://www.shinsei.e-aichi.jp/pref-aichi-police-u/offer/offerList_initDisplay
[ 2024-04-24 14:56:24,208 ] 91 luthien5921 - INFO - Current url: https://www.shinsei.e-aichi.jp/pref-aichi-police-u/offer/offerList_initDisplay
[ 2024-04-24 14:56:24,208 ] 91 luthien5921 - INFO - Current url: https://www.shinsei.e-aichi.jp/pref-aichi-police-u/offer/offerList_initDisplay
[ 2024-04-24 14:56:24,208 ] 91 luthien5921 - INFO - Current url: https://www.shinsei.e-aichi.jp/pref-aichi-police-u/offer/offerList_initDisplay
[ 2024-04-24 14:56:24,208 ] 91 luthien5921 - INFO - Current url: https://www.shinsei.e-aichi.jp/pref-aichi-police-u/offer/offerList_initDisplay
[ 2024-04-24 14:56:24,208 ] 91 luthien5921 - INFO - Current url: https://www.shinsei.e-aichi.jp/pref-aichi-police-u/offer/offerList_initDisplay
[ 2024-04-24 14:56:24,208 ] 91 luthien5921 - INFO - Current url: https://www.shinsei.e-aichi.jp/pref-aichi-police-u/offer/offerList_initDisplay
[ 2024-04-24 14:56:24,208 ] 91 luthien5921 - INFO - Current url: https://www.shinsei.e-aichi.jp/pref-aichi-police-u/offer/offerList_initDisplay
[ 2024-04-24 14:56:24,208 ] 91 luthien5921 - INFO - Current url: https://www.shinsei.e-aichi.jp/pref-aichi-police-u/offer/offerList_initDisplay
[ 2024-04-24 14:56:24,208 ] 91 luthien5921 - INFO - Current url: https://www.shinsei.e-aichi.jp/pref-aichi-police-u/offer/offerList_initDisplay
[ 2024-04-24 14:56:24,208 ] 91 luthien5921 - INFO - Current url: https://www.shinsei.e-aichi.jp/pref-aichi-police-u/offer/offerList_initDisplay
[ 2024-04-24 14:56:24,208 ] 91 luthien5921 - INFO - Current url: https://www.shinsei.e-aichi.jp/pref-aichi-police-u/offer/offerList_initDisplay
[ 2024-04-24 14:56:24,208 ] 91 luthien5921 - INFO - Current url: https://www.shinsei.e-aichi.jp/pref-aichi-police-u/offer/offerList_initDisplay
[ 2024-04-24 14:56:24,208 ] 91 luthien5921 - INFO - Current url: https://www.shinsei.e-aichi.jp/pref-aichi-police-u/offer/offerList_initDisplay
[ 2024-04-24 14:56:24,208 ] 91 luthien5921 - INFO - Current url: https://www.shinsei.e-aichi.jp/pref-aichi-police-u/offer/offerList_initDisplay
[ 2024-04-24 14:56:24,208 ] 91 luthien5921 - INFO - Current url: https://www.shinsei.e-aichi.jp/pref-aichi-police-u/offer/offerList_initDisplay
[ 2024-04-24 14:56:24,208 ] 91 luthien5921 - INFO - Current url: https://www.shinsei.e-aichi.jp/pref-aichi-police-u/offer/offerList_initDisplay
[ 2024-04-24 14:56:24,526 ] 91 luthien5921 - INFO - Logged in finished
[ 2024-04-24 14:56:24,526 ] 91 luthien5921 - INFO - Logged in finished
[ 2024-04-24 14:56:24,526 ] 91 luthien5921 - INFO - Logged in finished
[ 2024-04-24 14:56:24,526 ] 91 luthien5921 - INFO - Logged in finished
[ 2024-04-24 14:56:24,526 ] 91 luthien5921 - INFO - Logged in finished
[ 2024-04-24 14:56:24,526 ] 91 luthien5921 - INFO - Logged in finished
[ 2024-04-24 14:56:24,526 ] 91 luthien5921 - INFO - Logged in finished
[ 2024-04-24 14:56:24,526 ] 91 luthien5921 - INFO - Logged in finished
[ 2024-04-24 14:56:24,526 ] 91 luthien5921 - INFO - Logged in finished
[ 2024-04-24 14:56:24,526 ] 91 luthien5921 - INFO - Logged in finished
[ 2024-04-24 14:56:24,526 ] 91 luthien5921 - INFO - Logged in finished
[ 2024-04-24 14:56:24,526 ] 91 luthien5921 - INFO - Logged in finished
[ 2024-04-24 14:56:24,526 ] 91 luthien5921 - INFO - Logged in finished
[ 2024-04-24 14:56:24,526 ] 91 luthien5921 - INFO - Logged in finished
[ 2024-04-24 14:56:24,526 ] 91 luthien5921 - INFO - Logged in finished
[ 2024-04-24 14:56:24,526 ] 91 luthien5921 - INFO - Logged in finished
[ 2024-04-24 14:56:24,526 ] 91 luthien5921 - INFO - Logged in finished
[ 2024-04-24 14:56:24,526 ] 91 luthien5921 - INFO - Logged in finished
[ 2024-04-24 14:56:24,785 ] 91 luthien5921 - INFO - On main page
[ 2024-04-24 14:56:24,785 ] 91 luthien5921 - INFO - On main page
[ 2024-04-24 14:56:24,785 ] 91 luthien5921 - INFO - On main page
[ 2024-04-24 14:56:24,785 ] 91 luthien5921 - INFO - On main page
[ 2024-04-24 14:56:24,785 ] 91 luthien5921 - INFO - On main page
[ 2024-04-24 14:56:24,785 ] 91 luthien5921 - INFO - On main page
[ 2024-04-24 14:56:24,785 ] 91 luthien5921 - INFO - On main page
[ 2024-04-24 14:56:24,785 ] 91 luthien5921 - INFO - On main page
[ 2024-04-24 14:56:24,785 ] 91 luthien5921 - INFO - On main page
[ 2024-04-24 14:56:24,785 ] 91 luthien5921 - INFO - On main page
[ 2024-04-24 14:56:24,785 ] 91 luthien5921 - INFO - On main page
[ 2024-04-24 14:56:24,785 ] 91 luthien5921 - INFO - On main page
[ 2024-04-24 14:56:24,785 ] 91 luthien5921 - INFO - On main page
[ 2024-04-24 14:56:24,785 ] 91 luthien5921 - INFO - On main page
[ 2024-04-24 14:56:24,785 ] 91 luthien5921 - INFO - On main page
[ 2024-04-24 14:56:24,785 ] 91 luthien5921 - INFO - On main page
[ 2024-04-24 14:56:24,785 ] 91 luthien5921 - INFO - On main page
[ 2024-04-24 14:56:24,785 ] 91 luthien5921 - INFO - On main page
[ 2024-04-24 14:56:26,546 ] 91 luthien5921 - INFO - Search submitted
[ 2024-04-24 14:56:26,546 ] 91 luthien5921 - INFO - Search submitted
[ 2024-04-24 14:56:26,546 ] 91 luthien5921 - INFO - Search submitted
[ 2024-04-24 14:56:26,546 ] 91 luthien5921 - INFO - Search submitted
[ 2024-04-24 14:56:26,546 ] 91 luthien5921 - INFO - Search submitted
[ 2024-04-24 14:56:26,546 ] 91 luthien5921 - INFO - Search submitted
[ 2024-04-24 14:56:26,546 ] 91 luthien5921 - INFO - Search submitted
[ 2024-04-24 14:56:26,546 ] 91 luthien5921 - INFO - Search submitted
[ 2024-04-24 14:56:26,546 ] 91 luthien5921 - INFO - Search submitted
[ 2024-04-24 14:56:26,546 ] 91 luthien5921 - INFO - Search submitted
[ 2024-04-24 14:56:26,546 ] 91 luthien5921 - INFO - Search submitted
[ 2024-04-24 14:56:26,546 ] 91 luthien5921 - INFO - Search submitted
[ 2024-04-24 14:56:26,546 ] 91 luthien5921 - INFO - Search submitted
[ 2024-04-24 14:56:26,546 ] 91 luthien5921 - INFO - Search submitted
[ 2024-04-24 14:56:26,546 ] 91 luthien5921 - INFO - Search submitted
[ 2024-04-24 14:56:26,546 ] 91 luthien5921 - INFO - Search submitted
[ 2024-04-24 14:56:26,546 ] 91 luthien5921 - INFO - Search submitted
[ 2024-04-24 14:56:26,546 ] 91 luthien5921 - INFO - Search submitted
[ 2024-04-24 14:56:26,599 ] 91 luthien5921 - INFO - Collected 2 forms
[ 2024-04-24 14:56:26,599 ] 91 luthien5921 - INFO - Collected 2 forms
[ 2024-04-24 14:56:26,599 ] 91 luthien5921 - INFO - Collected 2 forms
[ 2024-04-24 14:56:26,599 ] 91 luthien5921 - INFO - Collected 2 forms
[ 2024-04-24 14:56:26,599 ] 91 luthien5921 - INFO - Collected 2 forms
[ 2024-04-24 14:56:26,599 ] 91 luthien5921 - INFO - Collected 2 forms
[ 2024-04-24 14:56:26,599 ] 91 luthien5921 - INFO - Collected 2 forms
[ 2024-04-24 14:56:26,599 ] 91 luthien5921 - INFO - Collected 2 forms
[ 2024-04-24 14:56:26,599 ] 91 luthien5921 - INFO - Collected 2 forms
[ 2024-04-24 14:56:26,599 ] 91 luthien5921 - INFO - Collected 2 forms
[ 2024-04-24 14:56:26,599 ] 91 luthien5921 - INFO - Collected 2 forms
[ 2024-04-24 14:56:26,599 ] 91 luthien5921 - INFO - Collected 2 forms
[ 2024-04-24 14:56:26,599 ] 91 luthien5921 - INFO - Collected 2 forms
[ 2024-04-24 14:56:26,599 ] 91 luthien5921 - INFO - Collected 2 forms
[ 2024-04-24 14:56:26,599 ] 91 luthien5921 - INFO - Collected 2 forms
[ 2024-04-24 14:56:26,599 ] 91 luthien5921 - INFO - Collected 2 forms
[ 2024-04-24 14:56:26,599 ] 91 luthien5921 - INFO - Collected 2 forms
[ 2024-04-24 14:56:26,599 ] 91 luthien5921 - INFO - Collected 2 forms
