[ 2024-04-30 23:04:51,827 ] 91 main_controller - INFO - Subprocess 0 started with trial number 0
[ 2024-04-30 23:04:51,827 ] 91 main_controller - ERROR - Account is a dictionary, convert to Account object: Username: luthien5921@gmail.com, Password: aichi@5921
[ 2024-04-30 23:04:53,574 ] 91 main_controller - INFO - Browser opened
[ 2024-04-30 23:05:05,157 ] 91 main_controller - INFO - Logged in successfully
[ 2024-04-30 23:05:05,254 ] 91 main_controller - INFO - Screenshot saved to D:\luthien\code\Achi.Tool\AichiSelenium\logs\2024_04_30\23_04_51\screenshot_luthien5921.png
[ 2024-04-30 23:05:05,255 ] 91 main_controller - INFO - Finding forms
[ 2024-04-30 23:05:07,102 ] 91 main_controller - INFO - Found 2 form(s)
[ 2024-04-30 23:05:07,102 ] 91 main_controller - INFO - Customers: [{'first_name': 'Ritoshi Dos Santos Oyakawa', 'last_name': 'Vinicius', 'date_birth': '19990621', 'nation': 'ブラジル', 'country': 'ブラジル'}, {'first_name': 'Raiz Sintani', 'last_name': 'Vinicius', 'date_birth': '19990621', 'nation': 'ブラジル', 'country': 'ブラジル'}, {'first_name': 'Ritoshi Dos Santos Oyakawa', 'last_name': 'Cristiane', 'date_birth': '19680727', 'nation': 'ブラジル', 'country': 'ブラジル'}, {'first_name': 'Lama', 'last_name': 'Karan', 'date_birth': '20010512', 'nation': 'ネパール', 'country': 'ネパール'}, {'first_name': 'Jan Hakim Jan', 'last_name': 'Muhammad', 'date_birth': '19770101', 'nation': 'パキスタン', 'country': 'パキスタン'}, {'first_name': 'Thi Ngoc', 'last_name': 'Bui', 'date_birth': '19930101', 'nation': 'ベトナム', 'country': 'ベトナム'}, {'first_name': 'Van Thuc', 'last_name': 'Nguyen', 'date_birth': '19941003', 'nation': 'ベトナム', 'country': 'ベトナム'}, {'first_name': 'Ghimire', 'last_name': 'Sagyan', 'date_birth': '20020604', 'nation': 'ネパール', 'country': 'ネパール'}, {'first_name': 'Emmanuel', 'last_name': 'Obua', 'date_birth': '19801225', 'nation': 'ウガンダ', 'country': 'ウガンダ'}]
[ 2024-04-30 23:05:07,103 ] 91 main_controller - INFO - Customer info index 0: {'first_name': 'Ritoshi Dos Santos Oyakawa', 'last_name': 'Vinicius', 'date_birth': '19990621', 'nation': 'ブラジル', 'country': 'ブラジル', 'phone_number': '080-1583-0891', 'gender': 'F'}
[ 2024-04-30 23:05:07,103 ] 91 main_controller - INFO - Customer index 0: Vinicius Ritoshi Dos Santos Oyakawa, F, 19990621, 080-1583-0891, ブラジル
[ 2024-04-30 23:05:26,500 ] 91 main_controller - INFO - Failed to fill form, template sequence: 3895
[ 2024-04-30 23:05:26,500 ] 91 main_controller - INFO - Remaining form(s): 2
[ 2024-04-30 23:05:26,501 ] 91 main_controller - INFO - Customer info index 1: {'first_name': 'Raiz Sintani', 'last_name': 'Vinicius', 'date_birth': '19990621', 'nation': 'ブラジル', 'country': 'ブラジル', 'phone_number': '080-1583-0891', 'gender': 'M'}
[ 2024-04-30 23:05:26,501 ] 91 main_controller - INFO - Customer index 1: Vinicius Raiz Sintani, M, 19990621, 080-1583-0891, ブラジル
[ 2024-04-30 23:06:32,990 ] 91 main_controller - INFO - Failed to fill form, template sequence: 3896
[ 2024-04-30 23:06:32,991 ] 91 main_controller - INFO - Remaining form(s): 2
[ 2024-04-30 23:06:32,991 ] 91 main_controller - INFO - Customer info index 2: {'first_name': 'Ritoshi Dos Santos Oyakawa', 'last_name': 'Cristiane', 'date_birth': '19680727', 'nation': 'ブラジル', 'country': 'ブラジル', 'phone_number': '080-1583-0891', 'gender': 'M'}
[ 2024-04-30 23:06:32,991 ] 91 main_controller - INFO - Customer index 2: Cristiane Ritoshi Dos Santos Oyakawa, M, 19680727, 080-1583-0891, ブラジル
[ 2024-04-30 23:07:39,435 ] 91 main_controller - INFO - Failed to fill form, template sequence: 3895
[ 2024-04-30 23:07:39,435 ] 91 main_controller - INFO - Remaining form(s): 2
[ 2024-04-30 23:07:39,435 ] 91 main_controller - INFO - Customer info index 3: {'first_name': 'Lama', 'last_name': 'Karan', 'date_birth': '20010512', 'nation': 'ネパール', 'country': 'ネパール', 'phone_number': '080-1583-0891', 'gender': 'M'}
[ 2024-04-30 23:07:39,435 ] 91 main_controller - INFO - Customer index 3: Karan Lama, M, 20010512, 080-1583-0891, ネパール
