[ 2024-04-17 00:18:02,600 ] 94 main_controller - INFO - Subprocess 0 started with trial number 0
[ 2024-04-17 00:18:02,600 ] 94 main_controller - ERROR - Account is a dictionary, convert to Account object: Username: Nickpown0411@gmail.com, Password: hoahong1234
[ 2024-04-17 00:18:04,603 ] 94 main_controller - INFO - Subprocess 1 started with trial number 0
[ 2024-04-17 00:18:04,603 ] 94 main_controller - INFO - Subprocess 1 started with trial number 0
[ 2024-04-17 00:18:04,604 ] 94 main_controller - ERROR - Account is a dictionary, convert to Account object: Username: marjyamada040493@gmail.com, Password: Marj0409
[ 2024-04-17 00:18:04,604 ] 94 main_controller - ERROR - Account is a dictionary, convert to Account object: Username: marjyamada040493@gmail.com, Password: Marj0409
[ 2024-04-17 00:18:06,462 ] 94 main_controller - INFO - Browser opened
[ 2024-04-17 00:18:06,462 ] 94 main_controller - INFO - Browser opened
[ 2024-04-17 00:18:06,615 ] 94 main_controller - INFO - Subprocess 2 started with trial number 0
[ 2024-04-17 00:18:06,615 ] 94 main_controller - INFO - Subprocess 2 started with trial number 0
[ 2024-04-17 00:18:06,615 ] 94 main_controller - INFO - Subprocess 2 started with trial number 0
[ 2024-04-17 00:18:06,615 ] 94 main_controller - ERROR - Account is a dictionary, convert to Account object: Username: Jamebrown0206@gmail.com, Password: hoahong1234
[ 2024-04-17 00:18:06,615 ] 94 main_controller - ERROR - Account is a dictionary, convert to Account object: Username: Jamebrown0206@gmail.com, Password: hoahong1234
[ 2024-04-17 00:18:06,615 ] 94 main_controller - ERROR - Account is a dictionary, convert to Account object: Username: Jamebrown0206@gmail.com, Password: hoahong1234
[ 2024-04-17 00:18:08,468 ] 94 main_controller - INFO - Browser opened
[ 2024-04-17 00:18:08,468 ] 94 main_controller - INFO - Browser opened
[ 2024-04-17 00:18:08,468 ] 94 main_controller - INFO - Browser opened
[ 2024-04-17 00:18:13,152 ] 94 main_controller - INFO - Browser opened
[ 2024-04-17 00:18:13,152 ] 94 main_controller - INFO - Browser opened
[ 2024-04-17 00:18:13,152 ] 94 main_controller - INFO - Browser opened
[ 2024-04-17 00:18:21,054 ] 94 main_controller - INFO - Logged in successfully
[ 2024-04-17 00:18:21,054 ] 94 main_controller - INFO - Logged in successfully
[ 2024-04-17 00:18:21,054 ] 94 main_controller - INFO - Logged in successfully
[ 2024-04-17 00:18:21,319 ] 94 main_controller - INFO - Screenshot saved to C:\Users\USER\Projects\AichiTool\AichiSelenium\logs\2024_04_17\00_18_01\screenshot_marjyamada040493.png
[ 2024-04-17 00:18:21,319 ] 94 main_controller - INFO - Screenshot saved to C:\Users\USER\Projects\AichiTool\AichiSelenium\logs\2024_04_17\00_18_01\screenshot_marjyamada040493.png
[ 2024-04-17 00:18:21,319 ] 94 main_controller - INFO - Screenshot saved to C:\Users\USER\Projects\AichiTool\AichiSelenium\logs\2024_04_17\00_18_01\screenshot_marjyamada040493.png
[ 2024-04-17 00:18:21,319 ] 94 main_controller - INFO - Finding forms
[ 2024-04-17 00:18:21,319 ] 94 main_controller - INFO - Finding forms
[ 2024-04-17 00:18:21,319 ] 94 main_controller - INFO - Finding forms
[ 2024-04-17 00:18:22,010 ] 94 main_controller - INFO - Logged in successfully
[ 2024-04-17 00:18:22,010 ] 94 main_controller - INFO - Logged in successfully
[ 2024-04-17 00:18:22,010 ] 94 main_controller - INFO - Logged in successfully
[ 2024-04-17 00:18:22,262 ] 94 main_controller - INFO - Screenshot saved to C:\Users\USER\Projects\AichiTool\AichiSelenium\logs\2024_04_17\00_18_01\screenshot_Nickpown0411.png
[ 2024-04-17 00:18:22,262 ] 94 main_controller - INFO - Screenshot saved to C:\Users\USER\Projects\AichiTool\AichiSelenium\logs\2024_04_17\00_18_01\screenshot_Nickpown0411.png
[ 2024-04-17 00:18:22,262 ] 94 main_controller - INFO - Screenshot saved to C:\Users\USER\Projects\AichiTool\AichiSelenium\logs\2024_04_17\00_18_01\screenshot_Nickpown0411.png
[ 2024-04-17 00:18:22,262 ] 94 main_controller - INFO - Finding forms
[ 2024-04-17 00:18:22,262 ] 94 main_controller - INFO - Finding forms
[ 2024-04-17 00:18:22,262 ] 94 main_controller - INFO - Finding forms
[ 2024-04-17 00:18:23,266 ] 94 main_controller - INFO - Logged in successfully
[ 2024-04-17 00:18:23,266 ] 94 main_controller - INFO - Logged in successfully
[ 2024-04-17 00:18:23,266 ] 94 main_controller - INFO - Logged in successfully
[ 2024-04-17 00:18:23,534 ] 94 main_controller - INFO - Screenshot saved to C:\Users\USER\Projects\AichiTool\AichiSelenium\logs\2024_04_17\00_18_01\screenshot_Jamebrown0206.png
[ 2024-04-17 00:18:23,534 ] 94 main_controller - INFO - Screenshot saved to C:\Users\USER\Projects\AichiTool\AichiSelenium\logs\2024_04_17\00_18_01\screenshot_Jamebrown0206.png
[ 2024-04-17 00:18:23,534 ] 94 main_controller - INFO - Screenshot saved to C:\Users\USER\Projects\AichiTool\AichiSelenium\logs\2024_04_17\00_18_01\screenshot_Jamebrown0206.png
[ 2024-04-17 00:18:23,534 ] 94 main_controller - INFO - Finding forms
[ 2024-04-17 00:18:23,534 ] 94 main_controller - INFO - Finding forms
[ 2024-04-17 00:18:23,534 ] 94 main_controller - INFO - Finding forms
[ 2024-04-17 00:18:23,675 ] 94 main_controller - INFO - Found 5 form(s)
[ 2024-04-17 00:18:23,675 ] 94 main_controller - INFO - Found 5 form(s)
[ 2024-04-17 00:18:23,675 ] 94 main_controller - INFO - Found 5 form(s)
[ 2024-04-17 00:18:24,432 ] 94 main_controller - INFO - Found 5 form(s)
[ 2024-04-17 00:18:24,432 ] 94 main_controller - INFO - Found 5 form(s)
[ 2024-04-17 00:18:24,432 ] 94 main_controller - INFO - Found 5 form(s)
[ 2024-04-17 00:18:26,136 ] 94 main_controller - INFO - Found 5 form(s)
[ 2024-04-17 00:18:26,136 ] 94 main_controller - INFO - Found 5 form(s)
[ 2024-04-17 00:18:26,136 ] 94 main_controller - INFO - Found 5 form(s)
