[ 2024-04-17 00:18:16,214 ] 94 marjyamada040493 - INFO - Opened login page
[ 2024-04-17 00:18:16,214 ] 94 marjyamada040493 - INFO - Opened login page
[ 2024-04-17 00:18:16,214 ] 94 marjyamada040493 - INFO - Opened login page
[ 2024-04-17 00:18:20,720 ] 94 marjyamada040493 - INFO - Logging in
[ 2024-04-17 00:18:20,720 ] 94 marjyamada040493 - INFO - Logging in
[ 2024-04-17 00:18:20,720 ] 94 marjyamada040493 - INFO - Logging in
[ 2024-04-17 00:18:20,729 ] 94 marjyamada040493 - INFO - Current url: https://www.shinsei.e-aichi.jp/pref-aichi-police-u/offer/offerList_initDisplay
[ 2024-04-17 00:18:20,729 ] 94 marjyamada040493 - INFO - Current url: https://www.shinsei.e-aichi.jp/pref-aichi-police-u/offer/offerList_initDisplay
[ 2024-04-17 00:18:20,729 ] 94 marjyamada040493 - INFO - Current url: https://www.shinsei.e-aichi.jp/pref-aichi-police-u/offer/offerList_initDisplay
[ 2024-04-17 00:18:21,054 ] 94 marjyamada040493 - INFO - Logged in finished
[ 2024-04-17 00:18:21,054 ] 94 marjyamada040493 - INFO - Logged in finished
[ 2024-04-17 00:18:21,054 ] 94 marjyamada040493 - INFO - Logged in finished
[ 2024-04-17 00:18:21,333 ] 94 marjyamada040493 - INFO - On main page
[ 2024-04-17 00:18:21,333 ] 94 marjyamada040493 - INFO - On main page
[ 2024-04-17 00:18:21,333 ] 94 marjyamada040493 - INFO - On main page
[ 2024-04-17 00:18:23,052 ] 94 marjyamada040493 - INFO - Search submitted
[ 2024-04-17 00:18:23,052 ] 94 marjyamada040493 - INFO - Search submitted
[ 2024-04-17 00:18:23,052 ] 94 marjyamada040493 - INFO - Search submitted
[ 2024-04-17 00:18:23,078 ] 94 marjyamada040493 - INFO - Collected 20 forms
[ 2024-04-17 00:18:23,078 ] 94 marjyamada040493 - INFO - Collected 20 forms
[ 2024-04-17 00:18:23,078 ] 94 marjyamada040493 - INFO - Collected 20 forms
[ 2024-04-17 00:18:23,112 ] 94 marjyamada040493 - INFO - Parsed data: title: ＜05月02日(木) 08:45～09:30＞[平針]外国免許切替審査 Hirabari Exchanging Foreign Driver's License, status: None, start_date: 2024年04月18日 07時30分, end_date: 2024年04月30日 12時00分, template_seq: 96126
[ 2024-04-17 00:18:23,112 ] 94 marjyamada040493 - INFO - Parsed data: title: ＜05月02日(木) 08:45～09:30＞[平針]外国免許切替審査 Hirabari Exchanging Foreign Driver's License, status: None, start_date: 2024年04月18日 07時30分, end_date: 2024年04月30日 12時00分, template_seq: 96126
[ 2024-04-17 00:18:23,112 ] 94 marjyamada040493 - INFO - Parsed data: title: ＜05月02日(木) 08:45～09:30＞[平針]外国免許切替審査 Hirabari Exchanging Foreign Driver's License, status: None, start_date: 2024年04月18日 07時30分, end_date: 2024年04月30日 12時00分, template_seq: 96126
[ 2024-04-17 00:18:23,137 ] 94 marjyamada040493 - INFO - Parsed data: title: ＜05月02日(木) 09:30～10:30＞[平針]外国免許切替審査 Hirabari Exchanging Foreign Driver's License, status: None, start_date: 2024年04月18日 07時30分, end_date: 2024年04月30日 12時00分, template_seq: 96127
[ 2024-04-17 00:18:23,137 ] 94 marjyamada040493 - INFO - Parsed data: title: ＜05月02日(木) 09:30～10:30＞[平針]外国免許切替審査 Hirabari Exchanging Foreign Driver's License, status: None, start_date: 2024年04月18日 07時30分, end_date: 2024年04月30日 12時00分, template_seq: 96127
[ 2024-04-17 00:18:23,137 ] 94 marjyamada040493 - INFO - Parsed data: title: ＜05月02日(木) 09:30～10:30＞[平針]外国免許切替審査 Hirabari Exchanging Foreign Driver's License, status: None, start_date: 2024年04月18日 07時30分, end_date: 2024年04月30日 12時00分, template_seq: 96127
[ 2024-04-17 00:18:23,160 ] 94 marjyamada040493 - INFO - Parsed data: title: ＜05月02日(木) 10:30～11:45＞[平針]外国免許切替審査 Hirabari Exchanging Foreign Driver's License, status: None, start_date: 2024年04月18日 07時30分, end_date: 2024年04月30日 12時00分, template_seq: 96128
[ 2024-04-17 00:18:23,160 ] 94 marjyamada040493 - INFO - Parsed data: title: ＜05月02日(木) 10:30～11:45＞[平針]外国免許切替審査 Hirabari Exchanging Foreign Driver's License, status: None, start_date: 2024年04月18日 07時30分, end_date: 2024年04月30日 12時00分, template_seq: 96128
[ 2024-04-17 00:18:23,160 ] 94 marjyamada040493 - INFO - Parsed data: title: ＜05月02日(木) 10:30～11:45＞[平針]外国免許切替審査 Hirabari Exchanging Foreign Driver's License, status: None, start_date: 2024年04月18日 07時30分, end_date: 2024年04月30日 12時00分, template_seq: 96128
[ 2024-04-17 00:18:23,181 ] 94 marjyamada040493 - INFO - Parsed data: title: ＜05月02日(木) 12:45～13:30＞[平針]外国免許切替審査 Hirabari Exchanging Foreign Driver's License, status: None, start_date: 2024年04月18日 07時30分, end_date: 2024年04月30日 12時00分, template_seq: 96129
[ 2024-04-17 00:18:23,181 ] 94 marjyamada040493 - INFO - Parsed data: title: ＜05月02日(木) 12:45～13:30＞[平針]外国免許切替審査 Hirabari Exchanging Foreign Driver's License, status: None, start_date: 2024年04月18日 07時30分, end_date: 2024年04月30日 12時00分, template_seq: 96129
[ 2024-04-17 00:18:23,181 ] 94 marjyamada040493 - INFO - Parsed data: title: ＜05月02日(木) 12:45～13:30＞[平針]外国免許切替審査 Hirabari Exchanging Foreign Driver's License, status: None, start_date: 2024年04月18日 07時30分, end_date: 2024年04月30日 12時00分, template_seq: 96129
[ 2024-04-17 00:18:23,205 ] 94 marjyamada040493 - INFO - Parsed data: title: ＜05月02日(木) 13:30～14:45＞[平針]外国免許切替審査 Hirabari Exchanging Foreign Driver's License, status: None, start_date: 2024年04月18日 07時30分, end_date: 2024年04月30日 12時00分, template_seq: 96130
[ 2024-04-17 00:18:23,205 ] 94 marjyamada040493 - INFO - Parsed data: title: ＜05月02日(木) 13:30～14:45＞[平針]外国免許切替審査 Hirabari Exchanging Foreign Driver's License, status: None, start_date: 2024年04月18日 07時30分, end_date: 2024年04月30日 12時00分, template_seq: 96130
[ 2024-04-17 00:18:23,205 ] 94 marjyamada040493 - INFO - Parsed data: title: ＜05月02日(木) 13:30～14:45＞[平針]外国免許切替審査 Hirabari Exchanging Foreign Driver's License, status: None, start_date: 2024年04月18日 07時30分, end_date: 2024年04月30日 12時00分, template_seq: 96130
[ 2024-04-17 00:18:23,231 ] 94 marjyamada040493 - INFO - Parsed data: title: ＜05月01日(水) 08:45～09:30＞[平針]外国免許切替審査 Hirabari Exchanging Foreign Driver's License, status: None, start_date: 2024年04月17日 07時30分, end_date: 2024年04月26日 12時00分, template_seq: 96088
[ 2024-04-17 00:18:23,231 ] 94 marjyamada040493 - INFO - Parsed data: title: ＜05月01日(水) 08:45～09:30＞[平針]外国免許切替審査 Hirabari Exchanging Foreign Driver's License, status: None, start_date: 2024年04月17日 07時30分, end_date: 2024年04月26日 12時00分, template_seq: 96088
[ 2024-04-17 00:18:23,231 ] 94 marjyamada040493 - INFO - Parsed data: title: ＜05月01日(水) 08:45～09:30＞[平針]外国免許切替審査 Hirabari Exchanging Foreign Driver's License, status: None, start_date: 2024年04月17日 07時30分, end_date: 2024年04月26日 12時00分, template_seq: 96088
[ 2024-04-17 00:18:23,232 ] 94 marjyamada040493 - INFO - Parsed data: title: ＜05月01日(水) 08:45～09:30＞[平針]外国免許切替審査 Hirabari Exchanging Foreign Driver's License, status: None, start_date: 2024年04月17日 07時30分, end_date: 2024年04月26日 12時00分, template_seq: 96088
[ 2024-04-17 00:18:23,232 ] 94 marjyamada040493 - INFO - Parsed data: title: ＜05月01日(水) 08:45～09:30＞[平針]外国免許切替審査 Hirabari Exchanging Foreign Driver's License, status: None, start_date: 2024年04月17日 07時30分, end_date: 2024年04月26日 12時00分, template_seq: 96088
[ 2024-04-17 00:18:23,232 ] 94 marjyamada040493 - INFO - Parsed data: title: ＜05月01日(水) 08:45～09:30＞[平針]外国免許切替審査 Hirabari Exchanging Foreign Driver's License, status: None, start_date: 2024年04月17日 07時30分, end_date: 2024年04月26日 12時00分, template_seq: 96088
[ 2024-04-17 00:18:23,253 ] 94 marjyamada040493 - INFO - Parsed data: title: ＜05月01日(水) 09:30～10:30＞[平針]外国免許切替審査 Hirabari Exchanging Foreign Driver's License, status: None, start_date: 2024年04月17日 07時30分, end_date: 2024年04月26日 12時00分, template_seq: 96089
[ 2024-04-17 00:18:23,253 ] 94 marjyamada040493 - INFO - Parsed data: title: ＜05月01日(水) 09:30～10:30＞[平針]外国免許切替審査 Hirabari Exchanging Foreign Driver's License, status: None, start_date: 2024年04月17日 07時30分, end_date: 2024年04月26日 12時00分, template_seq: 96089
[ 2024-04-17 00:18:23,253 ] 94 marjyamada040493 - INFO - Parsed data: title: ＜05月01日(水) 09:30～10:30＞[平針]外国免許切替審査 Hirabari Exchanging Foreign Driver's License, status: None, start_date: 2024年04月17日 07時30分, end_date: 2024年04月26日 12時00分, template_seq: 96089
[ 2024-04-17 00:18:23,254 ] 94 marjyamada040493 - INFO - Parsed data: title: ＜05月01日(水) 09:30～10:30＞[平針]外国免許切替審査 Hirabari Exchanging Foreign Driver's License, status: None, start_date: 2024年04月17日 07時30分, end_date: 2024年04月26日 12時00分, template_seq: 96089
[ 2024-04-17 00:18:23,254 ] 94 marjyamada040493 - INFO - Parsed data: title: ＜05月01日(水) 09:30～10:30＞[平針]外国免許切替審査 Hirabari Exchanging Foreign Driver's License, status: None, start_date: 2024年04月17日 07時30分, end_date: 2024年04月26日 12時00分, template_seq: 96089
[ 2024-04-17 00:18:23,254 ] 94 marjyamada040493 - INFO - Parsed data: title: ＜05月01日(水) 09:30～10:30＞[平針]外国免許切替審査 Hirabari Exchanging Foreign Driver's License, status: None, start_date: 2024年04月17日 07時30分, end_date: 2024年04月26日 12時00分, template_seq: 96089
[ 2024-04-17 00:18:23,283 ] 94 marjyamada040493 - INFO - Parsed data: title: ＜05月01日(水) 10:30～11:45＞[平針]外国免許切替審査 Hirabari Exchanging Foreign Driver's License, status: None, start_date: 2024年04月17日 07時30分, end_date: 2024年04月26日 12時00分, template_seq: 96090
[ 2024-04-17 00:18:23,283 ] 94 marjyamada040493 - INFO - Parsed data: title: ＜05月01日(水) 10:30～11:45＞[平針]外国免許切替審査 Hirabari Exchanging Foreign Driver's License, status: None, start_date: 2024年04月17日 07時30分, end_date: 2024年04月26日 12時00分, template_seq: 96090
[ 2024-04-17 00:18:23,283 ] 94 marjyamada040493 - INFO - Parsed data: title: ＜05月01日(水) 10:30～11:45＞[平針]外国免許切替審査 Hirabari Exchanging Foreign Driver's License, status: None, start_date: 2024年04月17日 07時30分, end_date: 2024年04月26日 12時00分, template_seq: 96090
[ 2024-04-17 00:18:23,283 ] 94 marjyamada040493 - INFO - Parsed data: title: ＜05月01日(水) 10:30～11:45＞[平針]外国免許切替審査 Hirabari Exchanging Foreign Driver's License, status: None, start_date: 2024年04月17日 07時30分, end_date: 2024年04月26日 12時00分, template_seq: 96090
[ 2024-04-17 00:18:23,283 ] 94 marjyamada040493 - INFO - Parsed data: title: ＜05月01日(水) 10:30～11:45＞[平針]外国免許切替審査 Hirabari Exchanging Foreign Driver's License, status: None, start_date: 2024年04月17日 07時30分, end_date: 2024年04月26日 12時00分, template_seq: 96090
[ 2024-04-17 00:18:23,283 ] 94 marjyamada040493 - INFO - Parsed data: title: ＜05月01日(水) 10:30～11:45＞[平針]外国免許切替審査 Hirabari Exchanging Foreign Driver's License, status: None, start_date: 2024年04月17日 07時30分, end_date: 2024年04月26日 12時00分, template_seq: 96090
[ 2024-04-17 00:18:23,312 ] 94 marjyamada040493 - INFO - Parsed data: title: ＜05月01日(水) 12:45～13:30＞[平針]外国免許切替審査 Hirabari Exchanging Foreign Driver's License, status: None, start_date: 2024年04月17日 07時30分, end_date: 2024年04月26日 12時00分, template_seq: 96091
[ 2024-04-17 00:18:23,312 ] 94 marjyamada040493 - INFO - Parsed data: title: ＜05月01日(水) 12:45～13:30＞[平針]外国免許切替審査 Hirabari Exchanging Foreign Driver's License, status: None, start_date: 2024年04月17日 07時30分, end_date: 2024年04月26日 12時00分, template_seq: 96091
[ 2024-04-17 00:18:23,312 ] 94 marjyamada040493 - INFO - Parsed data: title: ＜05月01日(水) 12:45～13:30＞[平針]外国免許切替審査 Hirabari Exchanging Foreign Driver's License, status: None, start_date: 2024年04月17日 07時30分, end_date: 2024年04月26日 12時00分, template_seq: 96091
[ 2024-04-17 00:18:23,313 ] 94 marjyamada040493 - INFO - Parsed data: title: ＜05月01日(水) 12:45～13:30＞[平針]外国免許切替審査 Hirabari Exchanging Foreign Driver's License, status: None, start_date: 2024年04月17日 07時30分, end_date: 2024年04月26日 12時00分, template_seq: 96091
[ 2024-04-17 00:18:23,313 ] 94 marjyamada040493 - INFO - Parsed data: title: ＜05月01日(水) 12:45～13:30＞[平針]外国免許切替審査 Hirabari Exchanging Foreign Driver's License, status: None, start_date: 2024年04月17日 07時30分, end_date: 2024年04月26日 12時00分, template_seq: 96091
[ 2024-04-17 00:18:23,313 ] 94 marjyamada040493 - INFO - Parsed data: title: ＜05月01日(水) 12:45～13:30＞[平針]外国免許切替審査 Hirabari Exchanging Foreign Driver's License, status: None, start_date: 2024年04月17日 07時30分, end_date: 2024年04月26日 12時00分, template_seq: 96091
[ 2024-04-17 00:18:23,337 ] 94 marjyamada040493 - INFO - Parsed data: title: ＜05月01日(水) 13:30～14:45＞[平針]外国免許切替審査 Hirabari Exchanging Foreign Driver's License, status: None, start_date: 2024年04月17日 07時30分, end_date: 2024年04月26日 12時00分, template_seq: 96093
[ 2024-04-17 00:18:23,337 ] 94 marjyamada040493 - INFO - Parsed data: title: ＜05月01日(水) 13:30～14:45＞[平針]外国免許切替審査 Hirabari Exchanging Foreign Driver's License, status: None, start_date: 2024年04月17日 07時30分, end_date: 2024年04月26日 12時00分, template_seq: 96093
[ 2024-04-17 00:18:23,337 ] 94 marjyamada040493 - INFO - Parsed data: title: ＜05月01日(水) 13:30～14:45＞[平針]外国免許切替審査 Hirabari Exchanging Foreign Driver's License, status: None, start_date: 2024年04月17日 07時30分, end_date: 2024年04月26日 12時00分, template_seq: 96093
[ 2024-04-17 00:18:23,337 ] 94 marjyamada040493 - INFO - Parsed data: title: ＜05月01日(水) 13:30～14:45＞[平針]外国免許切替審査 Hirabari Exchanging Foreign Driver's License, status: None, start_date: 2024年04月17日 07時30分, end_date: 2024年04月26日 12時00分, template_seq: 96093
[ 2024-04-17 00:18:23,337 ] 94 marjyamada040493 - INFO - Parsed data: title: ＜05月01日(水) 13:30～14:45＞[平針]外国免許切替審査 Hirabari Exchanging Foreign Driver's License, status: None, start_date: 2024年04月17日 07時30分, end_date: 2024年04月26日 12時00分, template_seq: 96093
[ 2024-04-17 00:18:23,337 ] 94 marjyamada040493 - INFO - Parsed data: title: ＜05月01日(水) 13:30～14:45＞[平針]外国免許切替審査 Hirabari Exchanging Foreign Driver's License, status: None, start_date: 2024年04月17日 07時30分, end_date: 2024年04月26日 12時00分, template_seq: 96093
[ 2024-04-17 00:18:23,369 ] 94 marjyamada040493 - INFO - Parsed data: title: ＜04月30日(火) 08:45～09:30＞[平針]外国免許切替審査 Hirabari Exchanging Foreign Driver's License, status: None, start_date: 2024年04月16日 07時30分, end_date: 2024年04月25日 12時00分, template_seq: 95604
[ 2024-04-17 00:18:23,369 ] 94 marjyamada040493 - INFO - Parsed data: title: ＜04月30日(火) 08:45～09:30＞[平針]外国免許切替審査 Hirabari Exchanging Foreign Driver's License, status: None, start_date: 2024年04月16日 07時30分, end_date: 2024年04月25日 12時00分, template_seq: 95604
[ 2024-04-17 00:18:23,369 ] 94 marjyamada040493 - INFO - Parsed data: title: ＜04月30日(火) 08:45～09:30＞[平針]外国免許切替審査 Hirabari Exchanging Foreign Driver's License, status: None, start_date: 2024年04月16日 07時30分, end_date: 2024年04月25日 12時00分, template_seq: 95604
[ 2024-04-17 00:18:23,399 ] 94 marjyamada040493 - INFO - Parsed data: title: ＜04月30日(火) 09:30～10:30＞[平針]外国免許切替審査 Hirabari Exchanging Foreign Driver's License, status: None, start_date: 2024年04月16日 07時30分, end_date: 2024年04月25日 12時00分, template_seq: 95605
[ 2024-04-17 00:18:23,399 ] 94 marjyamada040493 - INFO - Parsed data: title: ＜04月30日(火) 09:30～10:30＞[平針]外国免許切替審査 Hirabari Exchanging Foreign Driver's License, status: None, start_date: 2024年04月16日 07時30分, end_date: 2024年04月25日 12時00分, template_seq: 95605
[ 2024-04-17 00:18:23,399 ] 94 marjyamada040493 - INFO - Parsed data: title: ＜04月30日(火) 09:30～10:30＞[平針]外国免許切替審査 Hirabari Exchanging Foreign Driver's License, status: None, start_date: 2024年04月16日 07時30分, end_date: 2024年04月25日 12時00分, template_seq: 95605
[ 2024-04-17 00:18:23,429 ] 94 marjyamada040493 - INFO - Parsed data: title: ＜04月30日(火) 10:30～11:45＞[平針]外国免許切替審査 Hirabari Exchanging Foreign Driver's License, status: None, start_date: 2024年04月16日 07時30分, end_date: 2024年04月25日 12時00分, template_seq: 95607
[ 2024-04-17 00:18:23,429 ] 94 marjyamada040493 - INFO - Parsed data: title: ＜04月30日(火) 10:30～11:45＞[平針]外国免許切替審査 Hirabari Exchanging Foreign Driver's License, status: None, start_date: 2024年04月16日 07時30分, end_date: 2024年04月25日 12時00分, template_seq: 95607
[ 2024-04-17 00:18:23,429 ] 94 marjyamada040493 - INFO - Parsed data: title: ＜04月30日(火) 10:30～11:45＞[平針]外国免許切替審査 Hirabari Exchanging Foreign Driver's License, status: None, start_date: 2024年04月16日 07時30分, end_date: 2024年04月25日 12時00分, template_seq: 95607
[ 2024-04-17 00:18:23,481 ] 94 marjyamada040493 - INFO - Parsed data: title: ＜04月30日(火) 12:45～13:30＞[平針]外国免許切替審査 Hirabari Exchanging Foreign Driver's License, status: None, start_date: 2024年04月16日 07時30分, end_date: 2024年04月25日 12時00分, template_seq: 95608
[ 2024-04-17 00:18:23,481 ] 94 marjyamada040493 - INFO - Parsed data: title: ＜04月30日(火) 12:45～13:30＞[平針]外国免許切替審査 Hirabari Exchanging Foreign Driver's License, status: None, start_date: 2024年04月16日 07時30分, end_date: 2024年04月25日 12時00分, template_seq: 95608
[ 2024-04-17 00:18:23,481 ] 94 marjyamada040493 - INFO - Parsed data: title: ＜04月30日(火) 12:45～13:30＞[平針]外国免許切替審査 Hirabari Exchanging Foreign Driver's License, status: None, start_date: 2024年04月16日 07時30分, end_date: 2024年04月25日 12時00分, template_seq: 95608
[ 2024-04-17 00:18:23,528 ] 94 marjyamada040493 - INFO - Parsed data: title: ＜04月30日(火) 13:30～14:45＞[平針]外国免許切替審査 Hirabari Exchanging Foreign Driver's License, status: None, start_date: 2024年04月16日 07時30分, end_date: 2024年04月25日 12時00分, template_seq: 95609
[ 2024-04-17 00:18:23,528 ] 94 marjyamada040493 - INFO - Parsed data: title: ＜04月30日(火) 13:30～14:45＞[平針]外国免許切替審査 Hirabari Exchanging Foreign Driver's License, status: None, start_date: 2024年04月16日 07時30分, end_date: 2024年04月25日 12時00分, template_seq: 95609
[ 2024-04-17 00:18:23,528 ] 94 marjyamada040493 - INFO - Parsed data: title: ＜04月30日(火) 13:30～14:45＞[平針]外国免許切替審査 Hirabari Exchanging Foreign Driver's License, status: None, start_date: 2024年04月16日 07時30分, end_date: 2024年04月25日 12時00分, template_seq: 95609
[ 2024-04-17 00:18:23,556 ] 94 marjyamada040493 - INFO - Parsed data: title: ＜04月26日(金) 08:45～09:30＞[平針]外国免許切替審査 Hirabari Exchanging Foreign Driver's License, status: None, start_date: 2024年04月12日 07時30分, end_date: 2024年04月24日 12時00分, template_seq: 95410
[ 2024-04-17 00:18:23,556 ] 94 marjyamada040493 - INFO - Parsed data: title: ＜04月26日(金) 08:45～09:30＞[平針]外国免許切替審査 Hirabari Exchanging Foreign Driver's License, status: None, start_date: 2024年04月12日 07時30分, end_date: 2024年04月24日 12時00分, template_seq: 95410
[ 2024-04-17 00:18:23,556 ] 94 marjyamada040493 - INFO - Parsed data: title: ＜04月26日(金) 08:45～09:30＞[平針]外国免許切替審査 Hirabari Exchanging Foreign Driver's License, status: None, start_date: 2024年04月12日 07時30分, end_date: 2024年04月24日 12時00分, template_seq: 95410
[ 2024-04-17 00:18:23,583 ] 94 marjyamada040493 - INFO - Parsed data: title: ＜04月26日(金) 09:30～10:30＞[平針]外国免許切替審査 Hirabari Exchanging Foreign Driver's License, status: None, start_date: 2024年04月12日 07時30分, end_date: 2024年04月24日 12時00分, template_seq: 95411
[ 2024-04-17 00:18:23,583 ] 94 marjyamada040493 - INFO - Parsed data: title: ＜04月26日(金) 09:30～10:30＞[平針]外国免許切替審査 Hirabari Exchanging Foreign Driver's License, status: None, start_date: 2024年04月12日 07時30分, end_date: 2024年04月24日 12時00分, template_seq: 95411
[ 2024-04-17 00:18:23,583 ] 94 marjyamada040493 - INFO - Parsed data: title: ＜04月26日(金) 09:30～10:30＞[平針]外国免許切替審査 Hirabari Exchanging Foreign Driver's License, status: None, start_date: 2024年04月12日 07時30分, end_date: 2024年04月24日 12時00分, template_seq: 95411
[ 2024-04-17 00:18:23,616 ] 94 marjyamada040493 - INFO - Parsed data: title: ＜04月26日(金) 10:30～11:45＞[平針]外国免許切替審査 Hirabari Exchanging Foreign Driver's License, status: None, start_date: 2024年04月12日 07時30分, end_date: 2024年04月24日 12時00分, template_seq: 95412
[ 2024-04-17 00:18:23,616 ] 94 marjyamada040493 - INFO - Parsed data: title: ＜04月26日(金) 10:30～11:45＞[平針]外国免許切替審査 Hirabari Exchanging Foreign Driver's License, status: None, start_date: 2024年04月12日 07時30分, end_date: 2024年04月24日 12時00分, template_seq: 95412
[ 2024-04-17 00:18:23,616 ] 94 marjyamada040493 - INFO - Parsed data: title: ＜04月26日(金) 10:30～11:45＞[平針]外国免許切替審査 Hirabari Exchanging Foreign Driver's License, status: None, start_date: 2024年04月12日 07時30分, end_date: 2024年04月24日 12時00分, template_seq: 95412
[ 2024-04-17 00:18:23,643 ] 94 marjyamada040493 - INFO - Parsed data: title: ＜04月26日(金) 12:45～13:30＞[平針]外国免許切替審査 Hirabari Exchanging Foreign Driver's License, status: None, start_date: 2024年04月12日 07時30分, end_date: 2024年04月24日 12時00分, template_seq: 95413
[ 2024-04-17 00:18:23,643 ] 94 marjyamada040493 - INFO - Parsed data: title: ＜04月26日(金) 12:45～13:30＞[平針]外国免許切替審査 Hirabari Exchanging Foreign Driver's License, status: None, start_date: 2024年04月12日 07時30分, end_date: 2024年04月24日 12時00分, template_seq: 95413
[ 2024-04-17 00:18:23,643 ] 94 marjyamada040493 - INFO - Parsed data: title: ＜04月26日(金) 12:45～13:30＞[平針]外国免許切替審査 Hirabari Exchanging Foreign Driver's License, status: None, start_date: 2024年04月12日 07時30分, end_date: 2024年04月24日 12時00分, template_seq: 95413
[ 2024-04-17 00:18:23,674 ] 94 marjyamada040493 - INFO - Parsed data: title: ＜04月26日(金) 13:30～14:45＞[平針]外国免許切替審査 Hirabari Exchanging Foreign Driver's License, status: None, start_date: 2024年04月12日 07時30分, end_date: 2024年04月24日 12時00分, template_seq: 95414
[ 2024-04-17 00:18:23,674 ] 94 marjyamada040493 - INFO - Parsed data: title: ＜04月26日(金) 13:30～14:45＞[平針]外国免許切替審査 Hirabari Exchanging Foreign Driver's License, status: None, start_date: 2024年04月12日 07時30分, end_date: 2024年04月24日 12時00分, template_seq: 95414
[ 2024-04-17 00:18:23,674 ] 94 marjyamada040493 - INFO - Parsed data: title: ＜04月26日(金) 13:30～14:45＞[平針]外国免許切替審査 Hirabari Exchanging Foreign Driver's License, status: None, start_date: 2024年04月12日 07時30分, end_date: 2024年04月24日 12時00分, template_seq: 95414
[ 2024-04-17 00:18:23,674 ] 94 marjyamada040493 - INFO - Number of filtered forms left is: 5 form(s)
[ 2024-04-17 00:18:23,674 ] 94 marjyamada040493 - INFO - Number of filtered forms left is: 5 form(s)
[ 2024-04-17 00:18:23,674 ] 94 marjyamada040493 - INFO - Number of filtered forms left is: 5 form(s)
[ 2024-04-17 00:18:23,675 ] 94 marjyamada040493 - INFO - Accessing form, template sequence: 96089
[ 2024-04-17 00:18:23,675 ] 94 marjyamada040493 - INFO - Accessing form, template sequence: 96089
[ 2024-04-17 00:18:23,675 ] 94 marjyamada040493 - INFO - Accessing form, template sequence: 96089
[ 2024-04-17 00:18:23,675 ] 94 marjyamada040493 - INFO - Form URL: https://www.shinsei.e-aichi.jp/pref-aichi-police-u/offer/offerList_detailTop?tempSeq=96089
[ 2024-04-17 00:18:23,675 ] 94 marjyamada040493 - INFO - Form URL: https://www.shinsei.e-aichi.jp/pref-aichi-police-u/offer/offerList_detailTop?tempSeq=96089
[ 2024-04-17 00:18:23,675 ] 94 marjyamada040493 - INFO - Form URL: https://www.shinsei.e-aichi.jp/pref-aichi-police-u/offer/offerList_detailTop?tempSeq=96089
[ 2024-04-17 00:18:29,355 ] 94 marjyamada040493 - INFO - Accessed form successfully
[ 2024-04-17 00:18:29,355 ] 94 marjyamada040493 - INFO - Accessed form successfully
[ 2024-04-17 00:18:29,355 ] 94 marjyamada040493 - INFO - Accessed form successfully
[ 2024-04-17 00:18:29,373 ] 94 marjyamada040493 - INFO - Form message: 申込期間ではありません。
[ 2024-04-17 00:18:29,373 ] 94 marjyamada040493 - INFO - Form message: 申込期間ではありません。
[ 2024-04-17 00:18:29,373 ] 94 marjyamada040493 - INFO - Form message: 申込期間ではありません。
[ 2024-04-17 00:18:29,373 ] 94 marjyamada040493 - INFO - Refreshing page to check availability trial number 1, template sequence: 96089
[ 2024-04-17 00:18:29,373 ] 94 marjyamada040493 - INFO - Refreshing page to check availability trial number 1, template sequence: 96089
[ 2024-04-17 00:18:29,373 ] 94 marjyamada040493 - INFO - Refreshing page to check availability trial number 1, template sequence: 96089
[ 2024-04-17 00:18:31,084 ] 94 marjyamada040493 - INFO - Form message: 申込期間ではありません。
[ 2024-04-17 00:18:31,084 ] 94 marjyamada040493 - INFO - Form message: 申込期間ではありません。
[ 2024-04-17 00:18:31,084 ] 94 marjyamada040493 - INFO - Form message: 申込期間ではありません。
[ 2024-04-17 00:18:31,085 ] 94 marjyamada040493 - INFO - Refreshing page to check availability trial number 2, template sequence: 96089
[ 2024-04-17 00:18:31,085 ] 94 marjyamada040493 - INFO - Refreshing page to check availability trial number 2, template sequence: 96089
[ 2024-04-17 00:18:31,085 ] 94 marjyamada040493 - INFO - Refreshing page to check availability trial number 2, template sequence: 96089
[ 2024-04-17 00:18:32,836 ] 94 marjyamada040493 - INFO - Form message: 申込期間ではありません。
[ 2024-04-17 00:18:32,836 ] 94 marjyamada040493 - INFO - Form message: 申込期間ではありません。
[ 2024-04-17 00:18:32,836 ] 94 marjyamada040493 - INFO - Form message: 申込期間ではありません。
[ 2024-04-17 00:18:32,837 ] 94 marjyamada040493 - INFO - Refreshing page to check availability trial number 3, template sequence: 96089
[ 2024-04-17 00:18:32,837 ] 94 marjyamada040493 - INFO - Refreshing page to check availability trial number 3, template sequence: 96089
[ 2024-04-17 00:18:32,837 ] 94 marjyamada040493 - INFO - Refreshing page to check availability trial number 3, template sequence: 96089
[ 2024-04-17 00:18:34,601 ] 94 marjyamada040493 - INFO - Form message: 申込期間ではありません。
[ 2024-04-17 00:18:34,601 ] 94 marjyamada040493 - INFO - Form message: 申込期間ではありません。
[ 2024-04-17 00:18:34,601 ] 94 marjyamada040493 - INFO - Form message: 申込期間ではありません。
[ 2024-04-17 00:18:34,602 ] 94 marjyamada040493 - INFO - Refreshing page to check availability trial number 4, template sequence: 96089
[ 2024-04-17 00:18:34,602 ] 94 marjyamada040493 - INFO - Refreshing page to check availability trial number 4, template sequence: 96089
[ 2024-04-17 00:18:34,602 ] 94 marjyamada040493 - INFO - Refreshing page to check availability trial number 4, template sequence: 96089
[ 2024-04-17 00:18:36,043 ] 94 marjyamada040493 - INFO - Form message: 申込期間ではありません。
[ 2024-04-17 00:18:36,043 ] 94 marjyamada040493 - INFO - Form message: 申込期間ではありません。
[ 2024-04-17 00:18:36,043 ] 94 marjyamada040493 - INFO - Form message: 申込期間ではありません。
[ 2024-04-17 00:18:36,045 ] 94 marjyamada040493 - INFO - Refreshing page to check availability trial number 5, template sequence: 96089
[ 2024-04-17 00:18:36,045 ] 94 marjyamada040493 - INFO - Refreshing page to check availability trial number 5, template sequence: 96089
[ 2024-04-17 00:18:36,045 ] 94 marjyamada040493 - INFO - Refreshing page to check availability trial number 5, template sequence: 96089
[ 2024-04-17 00:18:37,766 ] 94 marjyamada040493 - INFO - Form message: 申込期間ではありません。
[ 2024-04-17 00:18:37,766 ] 94 marjyamada040493 - INFO - Form message: 申込期間ではありません。
[ 2024-04-17 00:18:37,766 ] 94 marjyamada040493 - INFO - Form message: 申込期間ではありません。
[ 2024-04-17 00:18:37,767 ] 94 marjyamada040493 - INFO - Refreshing page to check availability trial number 6, template sequence: 96089
[ 2024-04-17 00:18:37,767 ] 94 marjyamada040493 - INFO - Refreshing page to check availability trial number 6, template sequence: 96089
[ 2024-04-17 00:18:37,767 ] 94 marjyamada040493 - INFO - Refreshing page to check availability trial number 6, template sequence: 96089
[ 2024-04-17 00:18:39,207 ] 94 marjyamada040493 - INFO - Form message: 申込期間ではありません。
[ 2024-04-17 00:18:39,207 ] 94 marjyamada040493 - INFO - Form message: 申込期間ではありません。
[ 2024-04-17 00:18:39,207 ] 94 marjyamada040493 - INFO - Form message: 申込期間ではありません。
[ 2024-04-17 00:18:39,208 ] 94 marjyamada040493 - INFO - Refreshing page to check availability trial number 7, template sequence: 96089
[ 2024-04-17 00:18:39,208 ] 94 marjyamada040493 - INFO - Refreshing page to check availability trial number 7, template sequence: 96089
[ 2024-04-17 00:18:39,208 ] 94 marjyamada040493 - INFO - Refreshing page to check availability trial number 7, template sequence: 96089
[ 2024-04-17 00:18:40,885 ] 94 marjyamada040493 - INFO - Form message: 申込期間ではありません。
[ 2024-04-17 00:18:40,885 ] 94 marjyamada040493 - INFO - Form message: 申込期間ではありません。
[ 2024-04-17 00:18:40,885 ] 94 marjyamada040493 - INFO - Form message: 申込期間ではありません。
[ 2024-04-17 00:18:40,886 ] 94 marjyamada040493 - INFO - Refreshing page to check availability trial number 8, template sequence: 96089
[ 2024-04-17 00:18:40,886 ] 94 marjyamada040493 - INFO - Refreshing page to check availability trial number 8, template sequence: 96089
[ 2024-04-17 00:18:40,886 ] 94 marjyamada040493 - INFO - Refreshing page to check availability trial number 8, template sequence: 96089
[ 2024-04-17 00:18:41,975 ] 94 marjyamada040493 - INFO - Form message: 申込期間ではありません。
[ 2024-04-17 00:18:41,975 ] 94 marjyamada040493 - INFO - Form message: 申込期間ではありません。
[ 2024-04-17 00:18:41,975 ] 94 marjyamada040493 - INFO - Form message: 申込期間ではありません。
[ 2024-04-17 00:18:41,976 ] 94 marjyamada040493 - INFO - Refreshing page to check availability trial number 9, template sequence: 96089
[ 2024-04-17 00:18:41,976 ] 94 marjyamada040493 - INFO - Refreshing page to check availability trial number 9, template sequence: 96089
[ 2024-04-17 00:18:41,976 ] 94 marjyamada040493 - INFO - Refreshing page to check availability trial number 9, template sequence: 96089
[ 2024-04-17 00:18:43,912 ] 94 marjyamada040493 - INFO - Form message: 申込期間ではありません。
[ 2024-04-17 00:18:43,912 ] 94 marjyamada040493 - INFO - Form message: 申込期間ではありません。
[ 2024-04-17 00:18:43,912 ] 94 marjyamada040493 - INFO - Form message: 申込期間ではありません。
[ 2024-04-17 00:18:43,912 ] 94 marjyamada040493 - INFO - Refreshing page to check availability trial number 10, template sequence: 96089
[ 2024-04-17 00:18:43,912 ] 94 marjyamada040493 - INFO - Refreshing page to check availability trial number 10, template sequence: 96089
[ 2024-04-17 00:18:43,912 ] 94 marjyamada040493 - INFO - Refreshing page to check availability trial number 10, template sequence: 96089
[ 2024-04-17 00:18:45,680 ] 94 marjyamada040493 - INFO - Form message: 申込期間ではありません。
[ 2024-04-17 00:18:45,680 ] 94 marjyamada040493 - INFO - Form message: 申込期間ではありません。
[ 2024-04-17 00:18:45,680 ] 94 marjyamada040493 - INFO - Form message: 申込期間ではありません。
[ 2024-04-17 00:18:45,680 ] 94 marjyamada040493 - INFO - Refreshing page to check availability trial number 11, template sequence: 96089
[ 2024-04-17 00:18:45,680 ] 94 marjyamada040493 - INFO - Refreshing page to check availability trial number 11, template sequence: 96089
[ 2024-04-17 00:18:45,680 ] 94 marjyamada040493 - INFO - Refreshing page to check availability trial number 11, template sequence: 96089
[ 2024-04-17 00:18:47,490 ] 94 marjyamada040493 - INFO - Form message: 申込期間ではありません。
[ 2024-04-17 00:18:47,490 ] 94 marjyamada040493 - INFO - Form message: 申込期間ではありません。
[ 2024-04-17 00:18:47,490 ] 94 marjyamada040493 - INFO - Form message: 申込期間ではありません。
[ 2024-04-17 00:18:47,490 ] 94 marjyamada040493 - INFO - Refreshing page to check availability trial number 12, template sequence: 96089
[ 2024-04-17 00:18:47,490 ] 94 marjyamada040493 - INFO - Refreshing page to check availability trial number 12, template sequence: 96089
[ 2024-04-17 00:18:47,490 ] 94 marjyamada040493 - INFO - Refreshing page to check availability trial number 12, template sequence: 96089
