[ 2024-04-23 22:41:49,305 ] 94 nihahi50 - INFO - Opened login page
[ 2024-04-23 22:41:49,305 ] 94 nihahi50 - INFO - Opened login page
[ 2024-04-23 22:41:49,305 ] 94 nihahi50 - INFO - Opened login page
[ 2024-04-23 22:41:52,991 ] 94 nihahi50 - INFO - Logging in
[ 2024-04-23 22:41:52,991 ] 94 nihahi50 - INFO - Logging in
[ 2024-04-23 22:41:52,991 ] 94 nihahi50 - INFO - Logging in
[ 2024-04-23 22:41:52,998 ] 94 nihahi50 - INFO - Current url: https://www.shinsei.e-aichi.jp/pref-aichi-police-u/offer/offerList_initDisplay
[ 2024-04-23 22:41:52,998 ] 94 nihahi50 - INFO - Current url: https://www.shinsei.e-aichi.jp/pref-aichi-police-u/offer/offerList_initDisplay
[ 2024-04-23 22:41:52,998 ] 94 nihahi50 - INFO - Current url: https://www.shinsei.e-aichi.jp/pref-aichi-police-u/offer/offerList_initDisplay
[ 2024-04-23 22:41:53,314 ] 94 nihahi50 - INFO - Logged in finished
[ 2024-04-23 22:41:53,314 ] 94 nihahi50 - INFO - Logged in finished
[ 2024-04-23 22:41:53,314 ] 94 nihahi50 - INFO - Logged in finished
[ 2024-04-23 22:41:53,709 ] 94 nihahi50 - INFO - On main page
[ 2024-04-23 22:41:53,709 ] 94 nihahi50 - INFO - On main page
[ 2024-04-23 22:41:53,709 ] 94 nihahi50 - INFO - On main page
[ 2024-04-23 22:41:55,128 ] 94 nihahi50 - INFO - Search submitted
[ 2024-04-23 22:41:55,128 ] 94 nihahi50 - INFO - Search submitted
[ 2024-04-23 22:41:55,128 ] 94 nihahi50 - INFO - Search submitted
[ 2024-04-23 22:41:55,152 ] 94 nihahi50 - INFO - Collected 20 forms
[ 2024-04-23 22:41:55,152 ] 94 nihahi50 - INFO - Collected 20 forms
[ 2024-04-23 22:41:55,152 ] 94 nihahi50 - INFO - Collected 20 forms
[ 2024-04-23 22:41:55,213 ] 94 nihahi50 - INFO - Parsed data: title: ＜05月09日(木) 08:45～09:30＞[平針]外国免許切替審査 Hirabari Exchanging Foreign Driver's License, status: 近日受付開始, start_date: 2024年04月25日 07時30分, end_date: 2024年05月07日 12時00分, template_seq: 96458
[ 2024-04-23 22:41:55,213 ] 94 nihahi50 - INFO - Parsed data: title: ＜05月09日(木) 08:45～09:30＞[平針]外国免許切替審査 Hirabari Exchanging Foreign Driver's License, status: 近日受付開始, start_date: 2024年04月25日 07時30分, end_date: 2024年05月07日 12時00分, template_seq: 96458
[ 2024-04-23 22:41:55,213 ] 94 nihahi50 - INFO - Parsed data: title: ＜05月09日(木) 08:45～09:30＞[平針]外国免許切替審査 Hirabari Exchanging Foreign Driver's License, status: 近日受付開始, start_date: 2024年04月25日 07時30分, end_date: 2024年05月07日 12時00分, template_seq: 96458
[ 2024-04-23 22:41:55,217 ] 94 nihahi50 - INFO - Skip form with passed, ended, or not today status
[ 2024-04-23 22:41:55,217 ] 94 nihahi50 - INFO - Skip form with passed, ended, or not today status
[ 2024-04-23 22:41:55,217 ] 94 nihahi50 - INFO - Skip form with passed, ended, or not today status
[ 2024-04-23 22:41:55,250 ] 94 nihahi50 - INFO - Parsed data: title: ＜05月09日(木) 09:30～10:30＞[平針]外国免許切替審査 Hirabari Exchanging Foreign Driver's License, status: 近日受付開始, start_date: 2024年04月25日 07時30分, end_date: 2024年05月07日 12時00分, template_seq: 96459
[ 2024-04-23 22:41:55,250 ] 94 nihahi50 - INFO - Parsed data: title: ＜05月09日(木) 09:30～10:30＞[平針]外国免許切替審査 Hirabari Exchanging Foreign Driver's License, status: 近日受付開始, start_date: 2024年04月25日 07時30分, end_date: 2024年05月07日 12時00分, template_seq: 96459
[ 2024-04-23 22:41:55,250 ] 94 nihahi50 - INFO - Parsed data: title: ＜05月09日(木) 09:30～10:30＞[平針]外国免許切替審査 Hirabari Exchanging Foreign Driver's License, status: 近日受付開始, start_date: 2024年04月25日 07時30分, end_date: 2024年05月07日 12時00分, template_seq: 96459
[ 2024-04-23 22:41:55,253 ] 94 nihahi50 - INFO - Skip form with passed, ended, or not today status
[ 2024-04-23 22:41:55,253 ] 94 nihahi50 - INFO - Skip form with passed, ended, or not today status
[ 2024-04-23 22:41:55,253 ] 94 nihahi50 - INFO - Skip form with passed, ended, or not today status
[ 2024-04-23 22:41:55,311 ] 94 nihahi50 - INFO - Parsed data: title: ＜05月09日(木) 10:30～11:45＞[平針]外国免許切替審査 Hirabari Exchanging Foreign Driver's License, status: 近日受付開始, start_date: 2024年04月25日 07時30分, end_date: 2024年05月07日 12時00分, template_seq: 96460
[ 2024-04-23 22:41:55,311 ] 94 nihahi50 - INFO - Parsed data: title: ＜05月09日(木) 10:30～11:45＞[平針]外国免許切替審査 Hirabari Exchanging Foreign Driver's License, status: 近日受付開始, start_date: 2024年04月25日 07時30分, end_date: 2024年05月07日 12時00分, template_seq: 96460
[ 2024-04-23 22:41:55,311 ] 94 nihahi50 - INFO - Parsed data: title: ＜05月09日(木) 10:30～11:45＞[平針]外国免許切替審査 Hirabari Exchanging Foreign Driver's License, status: 近日受付開始, start_date: 2024年04月25日 07時30分, end_date: 2024年05月07日 12時00分, template_seq: 96460
[ 2024-04-23 22:41:55,313 ] 94 nihahi50 - INFO - Skip form with passed, ended, or not today status
[ 2024-04-23 22:41:55,313 ] 94 nihahi50 - INFO - Skip form with passed, ended, or not today status
[ 2024-04-23 22:41:55,313 ] 94 nihahi50 - INFO - Skip form with passed, ended, or not today status
[ 2024-04-23 22:41:55,365 ] 94 nihahi50 - INFO - Parsed data: title: ＜05月09日(木) 12:45～13:30＞[平針]外国免許切替審査 Hirabari Exchanging Foreign Driver's License, status: 近日受付開始, start_date: 2024年04月25日 07時30分, end_date: 2024年05月07日 12時00分, template_seq: 96461
[ 2024-04-23 22:41:55,365 ] 94 nihahi50 - INFO - Parsed data: title: ＜05月09日(木) 12:45～13:30＞[平針]外国免許切替審査 Hirabari Exchanging Foreign Driver's License, status: 近日受付開始, start_date: 2024年04月25日 07時30分, end_date: 2024年05月07日 12時00分, template_seq: 96461
[ 2024-04-23 22:41:55,365 ] 94 nihahi50 - INFO - Parsed data: title: ＜05月09日(木) 12:45～13:30＞[平針]外国免許切替審査 Hirabari Exchanging Foreign Driver's License, status: 近日受付開始, start_date: 2024年04月25日 07時30分, end_date: 2024年05月07日 12時00分, template_seq: 96461
[ 2024-04-23 22:41:55,367 ] 94 nihahi50 - INFO - Skip form with passed, ended, or not today status
[ 2024-04-23 22:41:55,367 ] 94 nihahi50 - INFO - Skip form with passed, ended, or not today status
[ 2024-04-23 22:41:55,367 ] 94 nihahi50 - INFO - Skip form with passed, ended, or not today status
[ 2024-04-23 22:41:55,424 ] 94 nihahi50 - INFO - Parsed data: title: ＜05月09日(木) 13:30～14:45＞[平針]外国免許切替審査 Hirabari Exchanging Foreign Driver's License, status: 近日受付開始, start_date: 2024年04月25日 07時30分, end_date: 2024年05月07日 12時00分, template_seq: 96462
[ 2024-04-23 22:41:55,424 ] 94 nihahi50 - INFO - Parsed data: title: ＜05月09日(木) 13:30～14:45＞[平針]外国免許切替審査 Hirabari Exchanging Foreign Driver's License, status: 近日受付開始, start_date: 2024年04月25日 07時30分, end_date: 2024年05月07日 12時00分, template_seq: 96462
[ 2024-04-23 22:41:55,424 ] 94 nihahi50 - INFO - Parsed data: title: ＜05月09日(木) 13:30～14:45＞[平針]外国免許切替審査 Hirabari Exchanging Foreign Driver's License, status: 近日受付開始, start_date: 2024年04月25日 07時30分, end_date: 2024年05月07日 12時00分, template_seq: 96462
[ 2024-04-23 22:41:55,425 ] 94 nihahi50 - INFO - Skip form with passed, ended, or not today status
[ 2024-04-23 22:41:55,425 ] 94 nihahi50 - INFO - Skip form with passed, ended, or not today status
[ 2024-04-23 22:41:55,425 ] 94 nihahi50 - INFO - Skip form with passed, ended, or not today status
[ 2024-04-23 22:41:55,468 ] 94 nihahi50 - INFO - Parsed data: title: ＜05月08日(水) 08:45～09:30＞[平針]外国免許切替審査 Hirabari Exchanging Foreign Driver's License, status: 近日受付開始, start_date: 2024年04月24日 07時30分, end_date: 2024年05月02日 12時00分, template_seq: 96453
[ 2024-04-23 22:41:55,468 ] 94 nihahi50 - INFO - Parsed data: title: ＜05月08日(水) 08:45～09:30＞[平針]外国免許切替審査 Hirabari Exchanging Foreign Driver's License, status: 近日受付開始, start_date: 2024年04月24日 07時30分, end_date: 2024年05月02日 12時00分, template_seq: 96453
[ 2024-04-23 22:41:55,468 ] 94 nihahi50 - INFO - Parsed data: title: ＜05月08日(水) 08:45～09:30＞[平針]外国免許切替審査 Hirabari Exchanging Foreign Driver's License, status: 近日受付開始, start_date: 2024年04月24日 07時30分, end_date: 2024年05月02日 12時00分, template_seq: 96453
[ 2024-04-23 22:41:55,514 ] 94 nihahi50 - INFO - Parsed data: title: ＜05月08日(水) 09:30～10:30＞[平針]外国免許切替審査 Hirabari Exchanging Foreign Driver's License, status: 近日受付開始, start_date: 2024年04月24日 07時30分, end_date: 2024年05月02日 12時00分, template_seq: 96454
[ 2024-04-23 22:41:55,514 ] 94 nihahi50 - INFO - Parsed data: title: ＜05月08日(水) 09:30～10:30＞[平針]外国免許切替審査 Hirabari Exchanging Foreign Driver's License, status: 近日受付開始, start_date: 2024年04月24日 07時30分, end_date: 2024年05月02日 12時00分, template_seq: 96454
[ 2024-04-23 22:41:55,514 ] 94 nihahi50 - INFO - Parsed data: title: ＜05月08日(水) 09:30～10:30＞[平針]外国免許切替審査 Hirabari Exchanging Foreign Driver's License, status: 近日受付開始, start_date: 2024年04月24日 07時30分, end_date: 2024年05月02日 12時00分, template_seq: 96454
[ 2024-04-23 22:41:55,551 ] 94 nihahi50 - INFO - Parsed data: title: ＜05月08日(水) 10:30～11:45＞[平針]外国免許切替審査 Hirabari Exchanging Foreign Driver's License, status: 近日受付開始, start_date: 2024年04月24日 07時30分, end_date: 2024年05月02日 12時00分, template_seq: 96455
[ 2024-04-23 22:41:55,551 ] 94 nihahi50 - INFO - Parsed data: title: ＜05月08日(水) 10:30～11:45＞[平針]外国免許切替審査 Hirabari Exchanging Foreign Driver's License, status: 近日受付開始, start_date: 2024年04月24日 07時30分, end_date: 2024年05月02日 12時00分, template_seq: 96455
[ 2024-04-23 22:41:55,551 ] 94 nihahi50 - INFO - Parsed data: title: ＜05月08日(水) 10:30～11:45＞[平針]外国免許切替審査 Hirabari Exchanging Foreign Driver's License, status: 近日受付開始, start_date: 2024年04月24日 07時30分, end_date: 2024年05月02日 12時00分, template_seq: 96455
[ 2024-04-23 22:41:55,604 ] 94 nihahi50 - INFO - Parsed data: title: ＜05月08日(水) 12:45～13:30＞[平針]外国免許切替審査 Hirabari Exchanging Foreign Driver's License, status: 近日受付開始, start_date: 2024年04月24日 07時30分, end_date: 2024年05月02日 12時00分, template_seq: 96456
[ 2024-04-23 22:41:55,604 ] 94 nihahi50 - INFO - Parsed data: title: ＜05月08日(水) 12:45～13:30＞[平針]外国免許切替審査 Hirabari Exchanging Foreign Driver's License, status: 近日受付開始, start_date: 2024年04月24日 07時30分, end_date: 2024年05月02日 12時00分, template_seq: 96456
[ 2024-04-23 22:41:55,604 ] 94 nihahi50 - INFO - Parsed data: title: ＜05月08日(水) 12:45～13:30＞[平針]外国免許切替審査 Hirabari Exchanging Foreign Driver's License, status: 近日受付開始, start_date: 2024年04月24日 07時30分, end_date: 2024年05月02日 12時00分, template_seq: 96456
[ 2024-04-23 22:41:55,653 ] 94 nihahi50 - INFO - Parsed data: title: ＜05月08日(水) 13:30～14:45＞[平針]外国免許切替審査 Hirabari Exchanging Foreign Driver's License, status: 近日受付開始, start_date: 2024年04月24日 07時30分, end_date: 2024年05月02日 12時00分, template_seq: 96457
[ 2024-04-23 22:41:55,653 ] 94 nihahi50 - INFO - Parsed data: title: ＜05月08日(水) 13:30～14:45＞[平針]外国免許切替審査 Hirabari Exchanging Foreign Driver's License, status: 近日受付開始, start_date: 2024年04月24日 07時30分, end_date: 2024年05月02日 12時00分, template_seq: 96457
[ 2024-04-23 22:41:55,653 ] 94 nihahi50 - INFO - Parsed data: title: ＜05月08日(水) 13:30～14:45＞[平針]外国免許切替審査 Hirabari Exchanging Foreign Driver's License, status: 近日受付開始, start_date: 2024年04月24日 07時30分, end_date: 2024年05月02日 12時00分, template_seq: 96457
[ 2024-04-23 22:41:55,695 ] 94 nihahi50 - INFO - Parsed data: title: ＜05月07日(火) 08:45～09:30＞[平針]外国免許切替審査 Hirabari Exchanging Foreign Driver's License, status: 受付終了しました, start_date: 2024年04月23日 07時30分, end_date: 2024年05月01日 12時00分, template_seq: 96447
[ 2024-04-23 22:41:55,695 ] 94 nihahi50 - INFO - Parsed data: title: ＜05月07日(火) 08:45～09:30＞[平針]外国免許切替審査 Hirabari Exchanging Foreign Driver's License, status: 受付終了しました, start_date: 2024年04月23日 07時30分, end_date: 2024年05月01日 12時00分, template_seq: 96447
[ 2024-04-23 22:41:55,695 ] 94 nihahi50 - INFO - Parsed data: title: ＜05月07日(火) 08:45～09:30＞[平針]外国免許切替審査 Hirabari Exchanging Foreign Driver's License, status: 受付終了しました, start_date: 2024年04月23日 07時30分, end_date: 2024年05月01日 12時00分, template_seq: 96447
[ 2024-04-23 22:41:55,697 ] 94 nihahi50 - INFO - Skip form with passed, ended, or not today status
[ 2024-04-23 22:41:55,697 ] 94 nihahi50 - INFO - Skip form with passed, ended, or not today status
[ 2024-04-23 22:41:55,697 ] 94 nihahi50 - INFO - Skip form with passed, ended, or not today status
[ 2024-04-23 22:41:55,744 ] 94 nihahi50 - INFO - Parsed data: title: ＜05月07日(火) 09:30～10:30＞[平針]外国免許切替審査 Hirabari Exchanging Foreign Driver's License, status: 受付終了しました, start_date: 2024年04月23日 07時30分, end_date: 2024年05月01日 12時00分, template_seq: 96448
[ 2024-04-23 22:41:55,744 ] 94 nihahi50 - INFO - Parsed data: title: ＜05月07日(火) 09:30～10:30＞[平針]外国免許切替審査 Hirabari Exchanging Foreign Driver's License, status: 受付終了しました, start_date: 2024年04月23日 07時30分, end_date: 2024年05月01日 12時00分, template_seq: 96448
[ 2024-04-23 22:41:55,744 ] 94 nihahi50 - INFO - Parsed data: title: ＜05月07日(火) 09:30～10:30＞[平針]外国免許切替審査 Hirabari Exchanging Foreign Driver's License, status: 受付終了しました, start_date: 2024年04月23日 07時30分, end_date: 2024年05月01日 12時00分, template_seq: 96448
[ 2024-04-23 22:41:55,745 ] 94 nihahi50 - INFO - Skip form with passed, ended, or not today status
[ 2024-04-23 22:41:55,745 ] 94 nihahi50 - INFO - Skip form with passed, ended, or not today status
[ 2024-04-23 22:41:55,745 ] 94 nihahi50 - INFO - Skip form with passed, ended, or not today status
[ 2024-04-23 22:41:55,780 ] 94 nihahi50 - INFO - Parsed data: title: ＜05月07日(火) 10:30～11:45＞[平針]外国免許切替審査 Hirabari Exchanging Foreign Driver's License, status: 受付終了しました, start_date: 2024年04月23日 07時30分, end_date: 2024年05月01日 12時00分, template_seq: 96450
[ 2024-04-23 22:41:55,780 ] 94 nihahi50 - INFO - Parsed data: title: ＜05月07日(火) 10:30～11:45＞[平針]外国免許切替審査 Hirabari Exchanging Foreign Driver's License, status: 受付終了しました, start_date: 2024年04月23日 07時30分, end_date: 2024年05月01日 12時00分, template_seq: 96450
[ 2024-04-23 22:41:55,780 ] 94 nihahi50 - INFO - Parsed data: title: ＜05月07日(火) 10:30～11:45＞[平針]外国免許切替審査 Hirabari Exchanging Foreign Driver's License, status: 受付終了しました, start_date: 2024年04月23日 07時30分, end_date: 2024年05月01日 12時00分, template_seq: 96450
[ 2024-04-23 22:41:55,782 ] 94 nihahi50 - INFO - Skip form with passed, ended, or not today status
[ 2024-04-23 22:41:55,782 ] 94 nihahi50 - INFO - Skip form with passed, ended, or not today status
[ 2024-04-23 22:41:55,782 ] 94 nihahi50 - INFO - Skip form with passed, ended, or not today status
[ 2024-04-23 22:41:55,834 ] 94 nihahi50 - INFO - Parsed data: title: ＜05月07日(火) 12:45～13:30＞[平針]外国免許切替審査 Hirabari Exchanging Foreign Driver's License, status: 受付終了しました, start_date: 2024年04月23日 07時30分, end_date: 2024年05月01日 12時00分, template_seq: 96451
[ 2024-04-23 22:41:55,834 ] 94 nihahi50 - INFO - Parsed data: title: ＜05月07日(火) 12:45～13:30＞[平針]外国免許切替審査 Hirabari Exchanging Foreign Driver's License, status: 受付終了しました, start_date: 2024年04月23日 07時30分, end_date: 2024年05月01日 12時00分, template_seq: 96451
[ 2024-04-23 22:41:55,834 ] 94 nihahi50 - INFO - Parsed data: title: ＜05月07日(火) 12:45～13:30＞[平針]外国免許切替審査 Hirabari Exchanging Foreign Driver's License, status: 受付終了しました, start_date: 2024年04月23日 07時30分, end_date: 2024年05月01日 12時00分, template_seq: 96451
[ 2024-04-23 22:41:55,835 ] 94 nihahi50 - INFO - Skip form with passed, ended, or not today status
[ 2024-04-23 22:41:55,835 ] 94 nihahi50 - INFO - Skip form with passed, ended, or not today status
[ 2024-04-23 22:41:55,835 ] 94 nihahi50 - INFO - Skip form with passed, ended, or not today status
[ 2024-04-23 22:41:55,865 ] 94 nihahi50 - INFO - Parsed data: title: ＜05月07日(火) 13:30～14:45＞[平針]外国免許切替審査 Hirabari Exchanging Foreign Driver's License, status: 受付終了しました, start_date: 2024年04月23日 07時30分, end_date: 2024年05月01日 12時00分, template_seq: 96452
[ 2024-04-23 22:41:55,865 ] 94 nihahi50 - INFO - Parsed data: title: ＜05月07日(火) 13:30～14:45＞[平針]外国免許切替審査 Hirabari Exchanging Foreign Driver's License, status: 受付終了しました, start_date: 2024年04月23日 07時30分, end_date: 2024年05月01日 12時00分, template_seq: 96452
[ 2024-04-23 22:41:55,865 ] 94 nihahi50 - INFO - Parsed data: title: ＜05月07日(火) 13:30～14:45＞[平針]外国免許切替審査 Hirabari Exchanging Foreign Driver's License, status: 受付終了しました, start_date: 2024年04月23日 07時30分, end_date: 2024年05月01日 12時00分, template_seq: 96452
[ 2024-04-23 22:41:55,866 ] 94 nihahi50 - INFO - Skip form with passed, ended, or not today status
[ 2024-04-23 22:41:55,866 ] 94 nihahi50 - INFO - Skip form with passed, ended, or not today status
[ 2024-04-23 22:41:55,866 ] 94 nihahi50 - INFO - Skip form with passed, ended, or not today status
[ 2024-04-23 22:41:55,919 ] 94 nihahi50 - INFO - Parsed data: title: ＜05月02日(木) 08:45～09:30＞[平針]外国免許切替審査 Hirabari Exchanging Foreign Driver's License, status: 受付終了しました, start_date: 2024年04月18日 07時30分, end_date: 2024年04月30日 12時00分, template_seq: 96126
[ 2024-04-23 22:41:55,919 ] 94 nihahi50 - INFO - Parsed data: title: ＜05月02日(木) 08:45～09:30＞[平針]外国免許切替審査 Hirabari Exchanging Foreign Driver's License, status: 受付終了しました, start_date: 2024年04月18日 07時30分, end_date: 2024年04月30日 12時00分, template_seq: 96126
[ 2024-04-23 22:41:55,919 ] 94 nihahi50 - INFO - Parsed data: title: ＜05月02日(木) 08:45～09:30＞[平針]外国免許切替審査 Hirabari Exchanging Foreign Driver's License, status: 受付終了しました, start_date: 2024年04月18日 07時30分, end_date: 2024年04月30日 12時00分, template_seq: 96126
[ 2024-04-23 22:41:55,921 ] 94 nihahi50 - INFO - Skip form with passed, ended, or not today status
[ 2024-04-23 22:41:55,921 ] 94 nihahi50 - INFO - Skip form with passed, ended, or not today status
[ 2024-04-23 22:41:55,921 ] 94 nihahi50 - INFO - Skip form with passed, ended, or not today status
[ 2024-04-23 22:41:55,992 ] 94 nihahi50 - INFO - Parsed data: title: ＜05月02日(木) 09:30～10:30＞[平針]外国免許切替審査 Hirabari Exchanging Foreign Driver's License, status: 受付終了しました, start_date: 2024年04月18日 07時30分, end_date: 2024年04月30日 12時00分, template_seq: 96127
[ 2024-04-23 22:41:55,992 ] 94 nihahi50 - INFO - Parsed data: title: ＜05月02日(木) 09:30～10:30＞[平針]外国免許切替審査 Hirabari Exchanging Foreign Driver's License, status: 受付終了しました, start_date: 2024年04月18日 07時30分, end_date: 2024年04月30日 12時00分, template_seq: 96127
[ 2024-04-23 22:41:55,992 ] 94 nihahi50 - INFO - Parsed data: title: ＜05月02日(木) 09:30～10:30＞[平針]外国免許切替審査 Hirabari Exchanging Foreign Driver's License, status: 受付終了しました, start_date: 2024年04月18日 07時30分, end_date: 2024年04月30日 12時00分, template_seq: 96127
[ 2024-04-23 22:41:55,995 ] 94 nihahi50 - INFO - Skip form with passed, ended, or not today status
[ 2024-04-23 22:41:55,995 ] 94 nihahi50 - INFO - Skip form with passed, ended, or not today status
[ 2024-04-23 22:41:55,995 ] 94 nihahi50 - INFO - Skip form with passed, ended, or not today status
[ 2024-04-23 22:41:56,069 ] 94 nihahi50 - INFO - Parsed data: title: ＜05月02日(木) 10:30～11:45＞[平針]外国免許切替審査 Hirabari Exchanging Foreign Driver's License, status: 受付終了しました, start_date: 2024年04月18日 07時30分, end_date: 2024年04月30日 12時00分, template_seq: 96128
[ 2024-04-23 22:41:56,069 ] 94 nihahi50 - INFO - Parsed data: title: ＜05月02日(木) 10:30～11:45＞[平針]外国免許切替審査 Hirabari Exchanging Foreign Driver's License, status: 受付終了しました, start_date: 2024年04月18日 07時30分, end_date: 2024年04月30日 12時00分, template_seq: 96128
[ 2024-04-23 22:41:56,069 ] 94 nihahi50 - INFO - Parsed data: title: ＜05月02日(木) 10:30～11:45＞[平針]外国免許切替審査 Hirabari Exchanging Foreign Driver's License, status: 受付終了しました, start_date: 2024年04月18日 07時30分, end_date: 2024年04月30日 12時00分, template_seq: 96128
[ 2024-04-23 22:41:56,071 ] 94 nihahi50 - INFO - Skip form with passed, ended, or not today status
[ 2024-04-23 22:41:56,071 ] 94 nihahi50 - INFO - Skip form with passed, ended, or not today status
[ 2024-04-23 22:41:56,071 ] 94 nihahi50 - INFO - Skip form with passed, ended, or not today status
[ 2024-04-23 22:41:56,102 ] 94 nihahi50 - INFO - Parsed data: title: ＜05月02日(木) 12:45～13:30＞[平針]外国免許切替審査 Hirabari Exchanging Foreign Driver's License, status: 受付終了しました, start_date: 2024年04月18日 07時30分, end_date: 2024年04月30日 12時00分, template_seq: 96129
[ 2024-04-23 22:41:56,102 ] 94 nihahi50 - INFO - Parsed data: title: ＜05月02日(木) 12:45～13:30＞[平針]外国免許切替審査 Hirabari Exchanging Foreign Driver's License, status: 受付終了しました, start_date: 2024年04月18日 07時30分, end_date: 2024年04月30日 12時00分, template_seq: 96129
[ 2024-04-23 22:41:56,102 ] 94 nihahi50 - INFO - Parsed data: title: ＜05月02日(木) 12:45～13:30＞[平針]外国免許切替審査 Hirabari Exchanging Foreign Driver's License, status: 受付終了しました, start_date: 2024年04月18日 07時30分, end_date: 2024年04月30日 12時00分, template_seq: 96129
[ 2024-04-23 22:41:56,106 ] 94 nihahi50 - INFO - Skip form with passed, ended, or not today status
[ 2024-04-23 22:41:56,106 ] 94 nihahi50 - INFO - Skip form with passed, ended, or not today status
[ 2024-04-23 22:41:56,106 ] 94 nihahi50 - INFO - Skip form with passed, ended, or not today status
[ 2024-04-23 22:41:56,180 ] 94 nihahi50 - INFO - Parsed data: title: ＜05月02日(木) 13:30～14:45＞[平針]外国免許切替審査 Hirabari Exchanging Foreign Driver's License, status: 受付終了しました, start_date: 2024年04月18日 07時30分, end_date: 2024年04月30日 12時00分, template_seq: 96130
[ 2024-04-23 22:41:56,180 ] 94 nihahi50 - INFO - Parsed data: title: ＜05月02日(木) 13:30～14:45＞[平針]外国免許切替審査 Hirabari Exchanging Foreign Driver's License, status: 受付終了しました, start_date: 2024年04月18日 07時30分, end_date: 2024年04月30日 12時00分, template_seq: 96130
[ 2024-04-23 22:41:56,180 ] 94 nihahi50 - INFO - Parsed data: title: ＜05月02日(木) 13:30～14:45＞[平針]外国免許切替審査 Hirabari Exchanging Foreign Driver's License, status: 受付終了しました, start_date: 2024年04月18日 07時30分, end_date: 2024年04月30日 12時00分, template_seq: 96130
[ 2024-04-23 22:41:56,182 ] 94 nihahi50 - INFO - Skip form with passed, ended, or not today status
[ 2024-04-23 22:41:56,182 ] 94 nihahi50 - INFO - Skip form with passed, ended, or not today status
[ 2024-04-23 22:41:56,182 ] 94 nihahi50 - INFO - Skip form with passed, ended, or not today status
[ 2024-04-23 22:41:56,182 ] 94 nihahi50 - INFO - Number of filtered forms left is: 5 form(s)
[ 2024-04-23 22:41:56,182 ] 94 nihahi50 - INFO - Number of filtered forms left is: 5 form(s)
[ 2024-04-23 22:41:56,182 ] 94 nihahi50 - INFO - Number of filtered forms left is: 5 form(s)
[ 2024-04-23 22:41:56,184 ] 94 nihahi50 - INFO - Accessing form, template sequence: 96456
[ 2024-04-23 22:41:56,184 ] 94 nihahi50 - INFO - Accessing form, template sequence: 96456
[ 2024-04-23 22:41:56,184 ] 94 nihahi50 - INFO - Accessing form, template sequence: 96456
[ 2024-04-23 22:41:56,184 ] 94 nihahi50 - INFO - Form URL: https://www.shinsei.e-aichi.jp/pref-aichi-police-u/offer/offerList_detailTop?tempSeq=96456
[ 2024-04-23 22:41:56,184 ] 94 nihahi50 - INFO - Form URL: https://www.shinsei.e-aichi.jp/pref-aichi-police-u/offer/offerList_detailTop?tempSeq=96456
[ 2024-04-23 22:41:56,184 ] 94 nihahi50 - INFO - Form URL: https://www.shinsei.e-aichi.jp/pref-aichi-police-u/offer/offerList_detailTop?tempSeq=96456
[ 2024-04-23 22:42:01,857 ] 94 nihahi50 - INFO - Accessed form successfully
[ 2024-04-23 22:42:01,857 ] 94 nihahi50 - INFO - Accessed form successfully
[ 2024-04-23 22:42:01,857 ] 94 nihahi50 - INFO - Accessed form successfully
[ 2024-04-23 22:42:01,872 ] 94 nihahi50 - INFO - Form message: 申込期間ではありません。
[ 2024-04-23 22:42:01,872 ] 94 nihahi50 - INFO - Form message: 申込期間ではありません。
[ 2024-04-23 22:42:01,872 ] 94 nihahi50 - INFO - Form message: 申込期間ではありません。
[ 2024-04-23 22:42:01,872 ] 94 nihahi50 - INFO - Refreshing page to check availability trial number 1, template sequence: 96456
[ 2024-04-23 22:42:01,872 ] 94 nihahi50 - INFO - Refreshing page to check availability trial number 1, template sequence: 96456
[ 2024-04-23 22:42:01,872 ] 94 nihahi50 - INFO - Refreshing page to check availability trial number 1, template sequence: 96456
[ 2024-04-23 22:42:03,198 ] 94 nihahi50 - INFO - Form message: 申込期間ではありません。
[ 2024-04-23 22:42:03,198 ] 94 nihahi50 - INFO - Form message: 申込期間ではありません。
[ 2024-04-23 22:42:03,198 ] 94 nihahi50 - INFO - Form message: 申込期間ではありません。
[ 2024-04-23 22:42:03,198 ] 94 nihahi50 - INFO - Refreshing page to check availability trial number 2, template sequence: 96456
[ 2024-04-23 22:42:03,198 ] 94 nihahi50 - INFO - Refreshing page to check availability trial number 2, template sequence: 96456
[ 2024-04-23 22:42:03,198 ] 94 nihahi50 - INFO - Refreshing page to check availability trial number 2, template sequence: 96456
[ 2024-04-23 22:42:04,335 ] 94 nihahi50 - INFO - Form message: 申込期間ではありません。
[ 2024-04-23 22:42:04,335 ] 94 nihahi50 - INFO - Form message: 申込期間ではありません。
[ 2024-04-23 22:42:04,335 ] 94 nihahi50 - INFO - Form message: 申込期間ではありません。
[ 2024-04-23 22:42:04,336 ] 94 nihahi50 - INFO - Refreshing page to check availability trial number 3, template sequence: 96456
[ 2024-04-23 22:42:04,336 ] 94 nihahi50 - INFO - Refreshing page to check availability trial number 3, template sequence: 96456
[ 2024-04-23 22:42:04,336 ] 94 nihahi50 - INFO - Refreshing page to check availability trial number 3, template sequence: 96456
[ 2024-04-23 22:42:06,212 ] 94 nihahi50 - INFO - Form message: 申込期間ではありません。
[ 2024-04-23 22:42:06,212 ] 94 nihahi50 - INFO - Form message: 申込期間ではありません。
[ 2024-04-23 22:42:06,212 ] 94 nihahi50 - INFO - Form message: 申込期間ではありません。
[ 2024-04-23 22:42:06,212 ] 94 nihahi50 - INFO - Refreshing page to check availability trial number 4, template sequence: 96456
[ 2024-04-23 22:42:06,212 ] 94 nihahi50 - INFO - Refreshing page to check availability trial number 4, template sequence: 96456
[ 2024-04-23 22:42:06,212 ] 94 nihahi50 - INFO - Refreshing page to check availability trial number 4, template sequence: 96456
[ 2024-04-23 22:42:07,885 ] 94 nihahi50 - INFO - Form message: 申込期間ではありません。
[ 2024-04-23 22:42:07,885 ] 94 nihahi50 - INFO - Form message: 申込期間ではありません。
[ 2024-04-23 22:42:07,885 ] 94 nihahi50 - INFO - Form message: 申込期間ではありません。
[ 2024-04-23 22:42:07,885 ] 94 nihahi50 - INFO - Refreshing page to check availability trial number 5, template sequence: 96456
[ 2024-04-23 22:42:07,885 ] 94 nihahi50 - INFO - Refreshing page to check availability trial number 5, template sequence: 96456
[ 2024-04-23 22:42:07,885 ] 94 nihahi50 - INFO - Refreshing page to check availability trial number 5, template sequence: 96456
[ 2024-04-23 22:42:09,647 ] 94 nihahi50 - INFO - Form message: 申込期間ではありません。
[ 2024-04-23 22:42:09,647 ] 94 nihahi50 - INFO - Form message: 申込期間ではありません。
[ 2024-04-23 22:42:09,647 ] 94 nihahi50 - INFO - Form message: 申込期間ではありません。
[ 2024-04-23 22:42:09,649 ] 94 nihahi50 - INFO - Refreshing page to check availability trial number 6, template sequence: 96456
[ 2024-04-23 22:42:09,649 ] 94 nihahi50 - INFO - Refreshing page to check availability trial number 6, template sequence: 96456
[ 2024-04-23 22:42:09,649 ] 94 nihahi50 - INFO - Refreshing page to check availability trial number 6, template sequence: 96456
[ 2024-04-23 22:42:11,033 ] 94 nihahi50 - INFO - Form message: 申込期間ではありません。
[ 2024-04-23 22:42:11,033 ] 94 nihahi50 - INFO - Form message: 申込期間ではありません。
[ 2024-04-23 22:42:11,033 ] 94 nihahi50 - INFO - Form message: 申込期間ではありません。
[ 2024-04-23 22:42:11,033 ] 94 nihahi50 - INFO - Refreshing page to check availability trial number 7, template sequence: 96456
[ 2024-04-23 22:42:11,033 ] 94 nihahi50 - INFO - Refreshing page to check availability trial number 7, template sequence: 96456
[ 2024-04-23 22:42:11,033 ] 94 nihahi50 - INFO - Refreshing page to check availability trial number 7, template sequence: 96456
[ 2024-04-23 22:42:12,430 ] 94 nihahi50 - INFO - Form message: 申込期間ではありません。
[ 2024-04-23 22:42:12,430 ] 94 nihahi50 - INFO - Form message: 申込期間ではありません。
[ 2024-04-23 22:42:12,430 ] 94 nihahi50 - INFO - Form message: 申込期間ではありません。
[ 2024-04-23 22:42:12,432 ] 94 nihahi50 - INFO - Refreshing page to check availability trial number 8, template sequence: 96456
[ 2024-04-23 22:42:12,432 ] 94 nihahi50 - INFO - Refreshing page to check availability trial number 8, template sequence: 96456
[ 2024-04-23 22:42:12,432 ] 94 nihahi50 - INFO - Refreshing page to check availability trial number 8, template sequence: 96456
[ 2024-04-23 22:42:14,153 ] 94 nihahi50 - INFO - Form message: 申込期間ではありません。
[ 2024-04-23 22:42:14,153 ] 94 nihahi50 - INFO - Form message: 申込期間ではありません。
[ 2024-04-23 22:42:14,153 ] 94 nihahi50 - INFO - Form message: 申込期間ではありません。
[ 2024-04-23 22:42:14,154 ] 94 nihahi50 - INFO - Refreshing page to check availability trial number 9, template sequence: 96456
[ 2024-04-23 22:42:14,154 ] 94 nihahi50 - INFO - Refreshing page to check availability trial number 9, template sequence: 96456
[ 2024-04-23 22:42:14,154 ] 94 nihahi50 - INFO - Refreshing page to check availability trial number 9, template sequence: 96456
[ 2024-04-23 22:42:15,958 ] 94 nihahi50 - INFO - Form message: 申込期間ではありません。
[ 2024-04-23 22:42:15,958 ] 94 nihahi50 - INFO - Form message: 申込期間ではありません。
[ 2024-04-23 22:42:15,958 ] 94 nihahi50 - INFO - Form message: 申込期間ではありません。
[ 2024-04-23 22:42:15,959 ] 94 nihahi50 - INFO - Refreshing page to check availability trial number 10, template sequence: 96456
[ 2024-04-23 22:42:15,959 ] 94 nihahi50 - INFO - Refreshing page to check availability trial number 10, template sequence: 96456
[ 2024-04-23 22:42:15,959 ] 94 nihahi50 - INFO - Refreshing page to check availability trial number 10, template sequence: 96456
[ 2024-04-23 22:42:17,361 ] 94 nihahi50 - INFO - Form message: 申込期間ではありません。
[ 2024-04-23 22:42:17,361 ] 94 nihahi50 - INFO - Form message: 申込期間ではありません。
[ 2024-04-23 22:42:17,361 ] 94 nihahi50 - INFO - Form message: 申込期間ではありません。
[ 2024-04-23 22:42:17,361 ] 94 nihahi50 - INFO - Refreshing page to check availability trial number 11, template sequence: 96456
[ 2024-04-23 22:42:17,361 ] 94 nihahi50 - INFO - Refreshing page to check availability trial number 11, template sequence: 96456
[ 2024-04-23 22:42:17,361 ] 94 nihahi50 - INFO - Refreshing page to check availability trial number 11, template sequence: 96456
[ 2024-04-23 22:42:18,868 ] 94 nihahi50 - INFO - Form message: 申込期間ではありません。
[ 2024-04-23 22:42:18,868 ] 94 nihahi50 - INFO - Form message: 申込期間ではありません。
[ 2024-04-23 22:42:18,868 ] 94 nihahi50 - INFO - Form message: 申込期間ではありません。
[ 2024-04-23 22:42:18,868 ] 94 nihahi50 - INFO - Refreshing page to check availability trial number 12, template sequence: 96456
[ 2024-04-23 22:42:18,868 ] 94 nihahi50 - INFO - Refreshing page to check availability trial number 12, template sequence: 96456
[ 2024-04-23 22:42:18,868 ] 94 nihahi50 - INFO - Refreshing page to check availability trial number 12, template sequence: 96456
[ 2024-04-23 22:42:20,517 ] 94 nihahi50 - INFO - Form message: 申込期間ではありません。
[ 2024-04-23 22:42:20,517 ] 94 nihahi50 - INFO - Form message: 申込期間ではありません。
[ 2024-04-23 22:42:20,517 ] 94 nihahi50 - INFO - Form message: 申込期間ではありません。
[ 2024-04-23 22:42:20,518 ] 94 nihahi50 - INFO - Refreshing page to check availability trial number 13, template sequence: 96456
[ 2024-04-23 22:42:20,518 ] 94 nihahi50 - INFO - Refreshing page to check availability trial number 13, template sequence: 96456
[ 2024-04-23 22:42:20,518 ] 94 nihahi50 - INFO - Refreshing page to check availability trial number 13, template sequence: 96456
[ 2024-04-23 22:42:22,225 ] 94 nihahi50 - INFO - Form message: 申込期間ではありません。
[ 2024-04-23 22:42:22,225 ] 94 nihahi50 - INFO - Form message: 申込期間ではありません。
[ 2024-04-23 22:42:22,225 ] 94 nihahi50 - INFO - Form message: 申込期間ではありません。
[ 2024-04-23 22:42:22,226 ] 94 nihahi50 - INFO - Refreshing page to check availability trial number 14, template sequence: 96456
[ 2024-04-23 22:42:22,226 ] 94 nihahi50 - INFO - Refreshing page to check availability trial number 14, template sequence: 96456
[ 2024-04-23 22:42:22,226 ] 94 nihahi50 - INFO - Refreshing page to check availability trial number 14, template sequence: 96456
[ 2024-04-23 22:42:23,926 ] 94 nihahi50 - INFO - Form message: 申込期間ではありません。
[ 2024-04-23 22:42:23,926 ] 94 nihahi50 - INFO - Form message: 申込期間ではありません。
[ 2024-04-23 22:42:23,926 ] 94 nihahi50 - INFO - Form message: 申込期間ではありません。
[ 2024-04-23 22:42:23,927 ] 94 nihahi50 - INFO - Refreshing page to check availability trial number 15, template sequence: 96456
[ 2024-04-23 22:42:23,927 ] 94 nihahi50 - INFO - Refreshing page to check availability trial number 15, template sequence: 96456
[ 2024-04-23 22:42:23,927 ] 94 nihahi50 - INFO - Refreshing page to check availability trial number 15, template sequence: 96456
[ 2024-04-23 22:42:25,645 ] 94 nihahi50 - INFO - Form message: 申込期間ではありません。
[ 2024-04-23 22:42:25,645 ] 94 nihahi50 - INFO - Form message: 申込期間ではありません。
[ 2024-04-23 22:42:25,645 ] 94 nihahi50 - INFO - Form message: 申込期間ではありません。
[ 2024-04-23 22:42:25,645 ] 94 nihahi50 - INFO - Refreshing page to check availability trial number 16, template sequence: 96456
[ 2024-04-23 22:42:25,645 ] 94 nihahi50 - INFO - Refreshing page to check availability trial number 16, template sequence: 96456
[ 2024-04-23 22:42:25,645 ] 94 nihahi50 - INFO - Refreshing page to check availability trial number 16, template sequence: 96456
[ 2024-04-23 22:42:27,335 ] 94 nihahi50 - INFO - Form message: 申込期間ではありません。
[ 2024-04-23 22:42:27,335 ] 94 nihahi50 - INFO - Form message: 申込期間ではありません。
[ 2024-04-23 22:42:27,335 ] 94 nihahi50 - INFO - Form message: 申込期間ではありません。
[ 2024-04-23 22:42:27,335 ] 94 nihahi50 - INFO - Refreshing page to check availability trial number 17, template sequence: 96456
[ 2024-04-23 22:42:27,335 ] 94 nihahi50 - INFO - Refreshing page to check availability trial number 17, template sequence: 96456
[ 2024-04-23 22:42:27,335 ] 94 nihahi50 - INFO - Refreshing page to check availability trial number 17, template sequence: 96456
[ 2024-04-23 22:42:28,517 ] 94 nihahi50 - INFO - Form message: 申込期間ではありません。
[ 2024-04-23 22:42:28,517 ] 94 nihahi50 - INFO - Form message: 申込期間ではありません。
[ 2024-04-23 22:42:28,517 ] 94 nihahi50 - INFO - Form message: 申込期間ではありません。
[ 2024-04-23 22:42:28,517 ] 94 nihahi50 - INFO - Refreshing page to check availability trial number 18, template sequence: 96456
[ 2024-04-23 22:42:28,517 ] 94 nihahi50 - INFO - Refreshing page to check availability trial number 18, template sequence: 96456
[ 2024-04-23 22:42:28,517 ] 94 nihahi50 - INFO - Refreshing page to check availability trial number 18, template sequence: 96456
[ 2024-04-23 22:42:30,182 ] 94 nihahi50 - INFO - Form message: 申込期間ではありません。
[ 2024-04-23 22:42:30,182 ] 94 nihahi50 - INFO - Form message: 申込期間ではありません。
[ 2024-04-23 22:42:30,182 ] 94 nihahi50 - INFO - Form message: 申込期間ではありません。
[ 2024-04-23 22:42:30,183 ] 94 nihahi50 - INFO - Refreshing page to check availability trial number 19, template sequence: 96456
[ 2024-04-23 22:42:30,183 ] 94 nihahi50 - INFO - Refreshing page to check availability trial number 19, template sequence: 96456
[ 2024-04-23 22:42:30,183 ] 94 nihahi50 - INFO - Refreshing page to check availability trial number 19, template sequence: 96456
[ 2024-04-23 22:42:31,842 ] 94 nihahi50 - INFO - Form message: 申込期間ではありません。
[ 2024-04-23 22:42:31,842 ] 94 nihahi50 - INFO - Form message: 申込期間ではありません。
[ 2024-04-23 22:42:31,842 ] 94 nihahi50 - INFO - Form message: 申込期間ではありません。
[ 2024-04-23 22:42:31,843 ] 94 nihahi50 - INFO - Refreshing page to check availability trial number 20, template sequence: 96456
[ 2024-04-23 22:42:31,843 ] 94 nihahi50 - INFO - Refreshing page to check availability trial number 20, template sequence: 96456
[ 2024-04-23 22:42:31,843 ] 94 nihahi50 - INFO - Refreshing page to check availability trial number 20, template sequence: 96456
[ 2024-04-23 22:42:33,545 ] 94 nihahi50 - INFO - Form message: 申込期間ではありません。
[ 2024-04-23 22:42:33,545 ] 94 nihahi50 - INFO - Form message: 申込期間ではありません。
[ 2024-04-23 22:42:33,545 ] 94 nihahi50 - INFO - Form message: 申込期間ではありません。
[ 2024-04-23 22:42:33,546 ] 94 nihahi50 - INFO - Failed to access form after 20 refreshing, template sequence: 96456
[ 2024-04-23 22:42:33,546 ] 94 nihahi50 - INFO - Failed to access form after 20 refreshing, template sequence: 96456
[ 2024-04-23 22:42:33,546 ] 94 nihahi50 - INFO - Failed to access form after 20 refreshing, template sequence: 96456
[ 2024-04-23 22:42:33,547 ] 94 nihahi50 - INFO - Accessing form, template sequence: 96455
[ 2024-04-23 22:42:33,547 ] 94 nihahi50 - INFO - Accessing form, template sequence: 96455
[ 2024-04-23 22:42:33,547 ] 94 nihahi50 - INFO - Accessing form, template sequence: 96455
[ 2024-04-23 22:42:33,547 ] 94 nihahi50 - INFO - Form URL: https://www.shinsei.e-aichi.jp/pref-aichi-police-u/offer/offerList_detailTop?tempSeq=96455
[ 2024-04-23 22:42:33,547 ] 94 nihahi50 - INFO - Form URL: https://www.shinsei.e-aichi.jp/pref-aichi-police-u/offer/offerList_detailTop?tempSeq=96455
[ 2024-04-23 22:42:33,547 ] 94 nihahi50 - INFO - Form URL: https://www.shinsei.e-aichi.jp/pref-aichi-police-u/offer/offerList_detailTop?tempSeq=96455
[ 2024-04-23 22:42:39,268 ] 94 nihahi50 - INFO - Accessed form successfully
[ 2024-04-23 22:42:39,268 ] 94 nihahi50 - INFO - Accessed form successfully
[ 2024-04-23 22:42:39,268 ] 94 nihahi50 - INFO - Accessed form successfully
[ 2024-04-23 22:42:39,281 ] 94 nihahi50 - INFO - Form message: 申込期間ではありません。
[ 2024-04-23 22:42:39,281 ] 94 nihahi50 - INFO - Form message: 申込期間ではありません。
[ 2024-04-23 22:42:39,281 ] 94 nihahi50 - INFO - Form message: 申込期間ではありません。
[ 2024-04-23 22:42:39,281 ] 94 nihahi50 - INFO - Refreshing page to check availability trial number 1, template sequence: 96455
[ 2024-04-23 22:42:39,281 ] 94 nihahi50 - INFO - Refreshing page to check availability trial number 1, template sequence: 96455
[ 2024-04-23 22:42:39,281 ] 94 nihahi50 - INFO - Refreshing page to check availability trial number 1, template sequence: 96455
[ 2024-04-23 22:42:41,170 ] 94 nihahi50 - INFO - Form message: 申込期間ではありません。
[ 2024-04-23 22:42:41,170 ] 94 nihahi50 - INFO - Form message: 申込期間ではありません。
[ 2024-04-23 22:42:41,170 ] 94 nihahi50 - INFO - Form message: 申込期間ではありません。
[ 2024-04-23 22:42:41,170 ] 94 nihahi50 - INFO - Refreshing page to check availability trial number 2, template sequence: 96455
[ 2024-04-23 22:42:41,170 ] 94 nihahi50 - INFO - Refreshing page to check availability trial number 2, template sequence: 96455
[ 2024-04-23 22:42:41,170 ] 94 nihahi50 - INFO - Refreshing page to check availability trial number 2, template sequence: 96455
[ 2024-04-23 22:42:43,700 ] 94 nihahi50 - INFO - Form message: 申込期間ではありません。
[ 2024-04-23 22:42:43,700 ] 94 nihahi50 - INFO - Form message: 申込期間ではありません。
[ 2024-04-23 22:42:43,700 ] 94 nihahi50 - INFO - Form message: 申込期間ではありません。
[ 2024-04-23 22:42:43,701 ] 94 nihahi50 - INFO - Refreshing page to check availability trial number 3, template sequence: 96455
[ 2024-04-23 22:42:43,701 ] 94 nihahi50 - INFO - Refreshing page to check availability trial number 3, template sequence: 96455
[ 2024-04-23 22:42:43,701 ] 94 nihahi50 - INFO - Refreshing page to check availability trial number 3, template sequence: 96455
[ 2024-04-23 22:42:45,395 ] 94 nihahi50 - INFO - Form message: 申込期間ではありません。
[ 2024-04-23 22:42:45,395 ] 94 nihahi50 - INFO - Form message: 申込期間ではありません。
[ 2024-04-23 22:42:45,395 ] 94 nihahi50 - INFO - Form message: 申込期間ではありません。
[ 2024-04-23 22:42:45,396 ] 94 nihahi50 - INFO - Refreshing page to check availability trial number 4, template sequence: 96455
[ 2024-04-23 22:42:45,396 ] 94 nihahi50 - INFO - Refreshing page to check availability trial number 4, template sequence: 96455
[ 2024-04-23 22:42:45,396 ] 94 nihahi50 - INFO - Refreshing page to check availability trial number 4, template sequence: 96455
[ 2024-04-23 22:42:46,775 ] 94 nihahi50 - INFO - Form message: 申込期間ではありません。
[ 2024-04-23 22:42:46,775 ] 94 nihahi50 - INFO - Form message: 申込期間ではありません。
[ 2024-04-23 22:42:46,775 ] 94 nihahi50 - INFO - Form message: 申込期間ではありません。
[ 2024-04-23 22:42:46,776 ] 94 nihahi50 - INFO - Refreshing page to check availability trial number 5, template sequence: 96455
[ 2024-04-23 22:42:46,776 ] 94 nihahi50 - INFO - Refreshing page to check availability trial number 5, template sequence: 96455
[ 2024-04-23 22:42:46,776 ] 94 nihahi50 - INFO - Refreshing page to check availability trial number 5, template sequence: 96455
[ 2024-04-23 22:42:48,496 ] 94 nihahi50 - INFO - Form message: 申込期間ではありません。
[ 2024-04-23 22:42:48,496 ] 94 nihahi50 - INFO - Form message: 申込期間ではありません。
[ 2024-04-23 22:42:48,496 ] 94 nihahi50 - INFO - Form message: 申込期間ではありません。
[ 2024-04-23 22:42:48,496 ] 94 nihahi50 - INFO - Refreshing page to check availability trial number 6, template sequence: 96455
[ 2024-04-23 22:42:48,496 ] 94 nihahi50 - INFO - Refreshing page to check availability trial number 6, template sequence: 96455
[ 2024-04-23 22:42:48,496 ] 94 nihahi50 - INFO - Refreshing page to check availability trial number 6, template sequence: 96455
[ 2024-04-23 22:42:50,116 ] 94 nihahi50 - INFO - Form message: 申込期間ではありません。
[ 2024-04-23 22:42:50,116 ] 94 nihahi50 - INFO - Form message: 申込期間ではありません。
[ 2024-04-23 22:42:50,116 ] 94 nihahi50 - INFO - Form message: 申込期間ではありません。
[ 2024-04-23 22:42:50,117 ] 94 nihahi50 - INFO - Refreshing page to check availability trial number 7, template sequence: 96455
[ 2024-04-23 22:42:50,117 ] 94 nihahi50 - INFO - Refreshing page to check availability trial number 7, template sequence: 96455
[ 2024-04-23 22:42:50,117 ] 94 nihahi50 - INFO - Refreshing page to check availability trial number 7, template sequence: 96455
[ 2024-04-23 22:42:51,828 ] 94 nihahi50 - INFO - Form message: 申込期間ではありません。
[ 2024-04-23 22:42:51,828 ] 94 nihahi50 - INFO - Form message: 申込期間ではありません。
[ 2024-04-23 22:42:51,828 ] 94 nihahi50 - INFO - Form message: 申込期間ではありません。
[ 2024-04-23 22:42:51,828 ] 94 nihahi50 - INFO - Refreshing page to check availability trial number 8, template sequence: 96455
[ 2024-04-23 22:42:51,828 ] 94 nihahi50 - INFO - Refreshing page to check availability trial number 8, template sequence: 96455
[ 2024-04-23 22:42:51,828 ] 94 nihahi50 - INFO - Refreshing page to check availability trial number 8, template sequence: 96455
[ 2024-04-23 22:42:53,438 ] 94 nihahi50 - INFO - Form message: 申込期間ではありません。
[ 2024-04-23 22:42:53,438 ] 94 nihahi50 - INFO - Form message: 申込期間ではありません。
[ 2024-04-23 22:42:53,438 ] 94 nihahi50 - INFO - Form message: 申込期間ではありません。
[ 2024-04-23 22:42:53,439 ] 94 nihahi50 - INFO - Refreshing page to check availability trial number 9, template sequence: 96455
[ 2024-04-23 22:42:53,439 ] 94 nihahi50 - INFO - Refreshing page to check availability trial number 9, template sequence: 96455
[ 2024-04-23 22:42:53,439 ] 94 nihahi50 - INFO - Refreshing page to check availability trial number 9, template sequence: 96455
[ 2024-04-23 22:42:55,106 ] 94 nihahi50 - INFO - Form message: 申込期間ではありません。
[ 2024-04-23 22:42:55,106 ] 94 nihahi50 - INFO - Form message: 申込期間ではありません。
[ 2024-04-23 22:42:55,106 ] 94 nihahi50 - INFO - Form message: 申込期間ではありません。
[ 2024-04-23 22:42:55,107 ] 94 nihahi50 - INFO - Refreshing page to check availability trial number 10, template sequence: 96455
[ 2024-04-23 22:42:55,107 ] 94 nihahi50 - INFO - Refreshing page to check availability trial number 10, template sequence: 96455
[ 2024-04-23 22:42:55,107 ] 94 nihahi50 - INFO - Refreshing page to check availability trial number 10, template sequence: 96455
[ 2024-04-23 22:42:56,726 ] 94 nihahi50 - INFO - Form message: 申込期間ではありません。
[ 2024-04-23 22:42:56,726 ] 94 nihahi50 - INFO - Form message: 申込期間ではありません。
[ 2024-04-23 22:42:56,726 ] 94 nihahi50 - INFO - Form message: 申込期間ではありません。
[ 2024-04-23 22:42:56,726 ] 94 nihahi50 - INFO - Refreshing page to check availability trial number 11, template sequence: 96455
[ 2024-04-23 22:42:56,726 ] 94 nihahi50 - INFO - Refreshing page to check availability trial number 11, template sequence: 96455
[ 2024-04-23 22:42:56,726 ] 94 nihahi50 - INFO - Refreshing page to check availability trial number 11, template sequence: 96455
[ 2024-04-23 22:42:58,107 ] 94 nihahi50 - INFO - Form message: 申込期間ではありません。
[ 2024-04-23 22:42:58,107 ] 94 nihahi50 - INFO - Form message: 申込期間ではありません。
[ 2024-04-23 22:42:58,107 ] 94 nihahi50 - INFO - Form message: 申込期間ではありません。
[ 2024-04-23 22:42:58,107 ] 94 nihahi50 - INFO - Refreshing page to check availability trial number 12, template sequence: 96455
[ 2024-04-23 22:42:58,107 ] 94 nihahi50 - INFO - Refreshing page to check availability trial number 12, template sequence: 96455
[ 2024-04-23 22:42:58,107 ] 94 nihahi50 - INFO - Refreshing page to check availability trial number 12, template sequence: 96455
[ 2024-04-23 22:42:59,780 ] 94 nihahi50 - INFO - Form message: 申込期間ではありません。
[ 2024-04-23 22:42:59,780 ] 94 nihahi50 - INFO - Form message: 申込期間ではありません。
[ 2024-04-23 22:42:59,780 ] 94 nihahi50 - INFO - Form message: 申込期間ではありません。
[ 2024-04-23 22:42:59,780 ] 94 nihahi50 - INFO - Refreshing page to check availability trial number 13, template sequence: 96455
[ 2024-04-23 22:42:59,780 ] 94 nihahi50 - INFO - Refreshing page to check availability trial number 13, template sequence: 96455
[ 2024-04-23 22:42:59,780 ] 94 nihahi50 - INFO - Refreshing page to check availability trial number 13, template sequence: 96455
[ 2024-04-23 22:43:01,174 ] 94 nihahi50 - INFO - Form message: 申込期間ではありません。
[ 2024-04-23 22:43:01,174 ] 94 nihahi50 - INFO - Form message: 申込期間ではありません。
[ 2024-04-23 22:43:01,174 ] 94 nihahi50 - INFO - Form message: 申込期間ではありません。
[ 2024-04-23 22:43:01,174 ] 94 nihahi50 - INFO - Refreshing page to check availability trial number 14, template sequence: 96455
[ 2024-04-23 22:43:01,174 ] 94 nihahi50 - INFO - Refreshing page to check availability trial number 14, template sequence: 96455
[ 2024-04-23 22:43:01,174 ] 94 nihahi50 - INFO - Refreshing page to check availability trial number 14, template sequence: 96455
[ 2024-04-23 22:43:02,570 ] 94 nihahi50 - INFO - Form message: 申込期間ではありません。
[ 2024-04-23 22:43:02,570 ] 94 nihahi50 - INFO - Form message: 申込期間ではありません。
[ 2024-04-23 22:43:02,570 ] 94 nihahi50 - INFO - Form message: 申込期間ではありません。
[ 2024-04-23 22:43:02,570 ] 94 nihahi50 - INFO - Refreshing page to check availability trial number 15, template sequence: 96455
[ 2024-04-23 22:43:02,570 ] 94 nihahi50 - INFO - Refreshing page to check availability trial number 15, template sequence: 96455
[ 2024-04-23 22:43:02,570 ] 94 nihahi50 - INFO - Refreshing page to check availability trial number 15, template sequence: 96455
[ 2024-04-23 22:43:04,244 ] 94 nihahi50 - INFO - Form message: 申込期間ではありません。
[ 2024-04-23 22:43:04,244 ] 94 nihahi50 - INFO - Form message: 申込期間ではありません。
[ 2024-04-23 22:43:04,244 ] 94 nihahi50 - INFO - Form message: 申込期間ではありません。
[ 2024-04-23 22:43:04,244 ] 94 nihahi50 - INFO - Refreshing page to check availability trial number 16, template sequence: 96455
[ 2024-04-23 22:43:04,244 ] 94 nihahi50 - INFO - Refreshing page to check availability trial number 16, template sequence: 96455
[ 2024-04-23 22:43:04,244 ] 94 nihahi50 - INFO - Refreshing page to check availability trial number 16, template sequence: 96455
[ 2024-04-23 22:43:05,804 ] 94 nihahi50 - INFO - Form message: 申込期間ではありません。
[ 2024-04-23 22:43:05,804 ] 94 nihahi50 - INFO - Form message: 申込期間ではありません。
[ 2024-04-23 22:43:05,804 ] 94 nihahi50 - INFO - Form message: 申込期間ではありません。
[ 2024-04-23 22:43:05,804 ] 94 nihahi50 - INFO - Refreshing page to check availability trial number 17, template sequence: 96455
[ 2024-04-23 22:43:05,804 ] 94 nihahi50 - INFO - Refreshing page to check availability trial number 17, template sequence: 96455
[ 2024-04-23 22:43:05,804 ] 94 nihahi50 - INFO - Refreshing page to check availability trial number 17, template sequence: 96455
[ 2024-04-23 22:43:07,201 ] 94 nihahi50 - INFO - Form message: 申込期間ではありません。
[ 2024-04-23 22:43:07,201 ] 94 nihahi50 - INFO - Form message: 申込期間ではありません。
[ 2024-04-23 22:43:07,201 ] 94 nihahi50 - INFO - Form message: 申込期間ではありません。
[ 2024-04-23 22:43:07,201 ] 94 nihahi50 - INFO - Refreshing page to check availability trial number 18, template sequence: 96455
[ 2024-04-23 22:43:07,201 ] 94 nihahi50 - INFO - Refreshing page to check availability trial number 18, template sequence: 96455
[ 2024-04-23 22:43:07,201 ] 94 nihahi50 - INFO - Refreshing page to check availability trial number 18, template sequence: 96455
[ 2024-04-23 22:43:08,607 ] 94 nihahi50 - INFO - Form message: 申込期間ではありません。
[ 2024-04-23 22:43:08,607 ] 94 nihahi50 - INFO - Form message: 申込期間ではありません。
[ 2024-04-23 22:43:08,607 ] 94 nihahi50 - INFO - Form message: 申込期間ではありません。
[ 2024-04-23 22:43:08,608 ] 94 nihahi50 - INFO - Refreshing page to check availability trial number 19, template sequence: 96455
[ 2024-04-23 22:43:08,608 ] 94 nihahi50 - INFO - Refreshing page to check availability trial number 19, template sequence: 96455
[ 2024-04-23 22:43:08,608 ] 94 nihahi50 - INFO - Refreshing page to check availability trial number 19, template sequence: 96455
[ 2024-04-23 22:43:10,306 ] 94 nihahi50 - INFO - Form message: 申込期間ではありません。
[ 2024-04-23 22:43:10,306 ] 94 nihahi50 - INFO - Form message: 申込期間ではありません。
[ 2024-04-23 22:43:10,306 ] 94 nihahi50 - INFO - Form message: 申込期間ではありません。
[ 2024-04-23 22:43:10,306 ] 94 nihahi50 - INFO - Refreshing page to check availability trial number 20, template sequence: 96455
[ 2024-04-23 22:43:10,306 ] 94 nihahi50 - INFO - Refreshing page to check availability trial number 20, template sequence: 96455
[ 2024-04-23 22:43:10,306 ] 94 nihahi50 - INFO - Refreshing page to check availability trial number 20, template sequence: 96455
[ 2024-04-23 22:43:11,492 ] 94 nihahi50 - INFO - Form message: 申込期間ではありません。
[ 2024-04-23 22:43:11,492 ] 94 nihahi50 - INFO - Form message: 申込期間ではありません。
[ 2024-04-23 22:43:11,492 ] 94 nihahi50 - INFO - Form message: 申込期間ではありません。
[ 2024-04-23 22:43:11,493 ] 94 nihahi50 - INFO - Failed to access form after 20 refreshing, template sequence: 96455
[ 2024-04-23 22:43:11,493 ] 94 nihahi50 - INFO - Failed to access form after 20 refreshing, template sequence: 96455
[ 2024-04-23 22:43:11,493 ] 94 nihahi50 - INFO - Failed to access form after 20 refreshing, template sequence: 96455
[ 2024-04-23 22:43:11,496 ] 94 nihahi50 - INFO - Accessing form, template sequence: 96454
[ 2024-04-23 22:43:11,496 ] 94 nihahi50 - INFO - Accessing form, template sequence: 96454
[ 2024-04-23 22:43:11,496 ] 94 nihahi50 - INFO - Accessing form, template sequence: 96454
[ 2024-04-23 22:43:11,496 ] 94 nihahi50 - INFO - Form URL: https://www.shinsei.e-aichi.jp/pref-aichi-police-u/offer/offerList_detailTop?tempSeq=96454
[ 2024-04-23 22:43:11,496 ] 94 nihahi50 - INFO - Form URL: https://www.shinsei.e-aichi.jp/pref-aichi-police-u/offer/offerList_detailTop?tempSeq=96454
[ 2024-04-23 22:43:11,496 ] 94 nihahi50 - INFO - Form URL: https://www.shinsei.e-aichi.jp/pref-aichi-police-u/offer/offerList_detailTop?tempSeq=96454
[ 2024-04-23 22:43:17,094 ] 94 nihahi50 - INFO - Accessed form successfully
[ 2024-04-23 22:43:17,094 ] 94 nihahi50 - INFO - Accessed form successfully
[ 2024-04-23 22:43:17,094 ] 94 nihahi50 - INFO - Accessed form successfully
[ 2024-04-23 22:43:17,108 ] 94 nihahi50 - INFO - Form message: 申込期間ではありません。
[ 2024-04-23 22:43:17,108 ] 94 nihahi50 - INFO - Form message: 申込期間ではありません。
[ 2024-04-23 22:43:17,108 ] 94 nihahi50 - INFO - Form message: 申込期間ではありません。
[ 2024-04-23 22:43:17,109 ] 94 nihahi50 - INFO - Refreshing page to check availability trial number 1, template sequence: 96454
[ 2024-04-23 22:43:17,109 ] 94 nihahi50 - INFO - Refreshing page to check availability trial number 1, template sequence: 96454
[ 2024-04-23 22:43:17,109 ] 94 nihahi50 - INFO - Refreshing page to check availability trial number 1, template sequence: 96454
[ 2024-04-23 22:43:18,747 ] 94 nihahi50 - INFO - Form message: 申込期間ではありません。
[ 2024-04-23 22:43:18,747 ] 94 nihahi50 - INFO - Form message: 申込期間ではありません。
[ 2024-04-23 22:43:18,747 ] 94 nihahi50 - INFO - Form message: 申込期間ではありません。
[ 2024-04-23 22:43:18,748 ] 94 nihahi50 - INFO - Refreshing page to check availability trial number 2, template sequence: 96454
[ 2024-04-23 22:43:18,748 ] 94 nihahi50 - INFO - Refreshing page to check availability trial number 2, template sequence: 96454
[ 2024-04-23 22:43:18,748 ] 94 nihahi50 - INFO - Refreshing page to check availability trial number 2, template sequence: 96454
[ 2024-04-23 22:43:20,373 ] 94 nihahi50 - INFO - Form message: 申込期間ではありません。
[ 2024-04-23 22:43:20,373 ] 94 nihahi50 - INFO - Form message: 申込期間ではありません。
[ 2024-04-23 22:43:20,373 ] 94 nihahi50 - INFO - Form message: 申込期間ではありません。
[ 2024-04-23 22:43:20,373 ] 94 nihahi50 - INFO - Refreshing page to check availability trial number 3, template sequence: 96454
[ 2024-04-23 22:43:20,373 ] 94 nihahi50 - INFO - Refreshing page to check availability trial number 3, template sequence: 96454
[ 2024-04-23 22:43:20,373 ] 94 nihahi50 - INFO - Refreshing page to check availability trial number 3, template sequence: 96454
[ 2024-04-23 22:43:22,115 ] 94 nihahi50 - INFO - Form message: 申込期間ではありません。
[ 2024-04-23 22:43:22,115 ] 94 nihahi50 - INFO - Form message: 申込期間ではありません。
[ 2024-04-23 22:43:22,115 ] 94 nihahi50 - INFO - Form message: 申込期間ではありません。
[ 2024-04-23 22:43:22,116 ] 94 nihahi50 - INFO - Refreshing page to check availability trial number 4, template sequence: 96454
[ 2024-04-23 22:43:22,116 ] 94 nihahi50 - INFO - Refreshing page to check availability trial number 4, template sequence: 96454
[ 2024-04-23 22:43:22,116 ] 94 nihahi50 - INFO - Refreshing page to check availability trial number 4, template sequence: 96454
[ 2024-04-23 22:43:23,829 ] 94 nihahi50 - INFO - Form message: 申込期間ではありません。
[ 2024-04-23 22:43:23,829 ] 94 nihahi50 - INFO - Form message: 申込期間ではありません。
[ 2024-04-23 22:43:23,829 ] 94 nihahi50 - INFO - Form message: 申込期間ではありません。
[ 2024-04-23 22:43:23,829 ] 94 nihahi50 - INFO - Refreshing page to check availability trial number 5, template sequence: 96454
[ 2024-04-23 22:43:23,829 ] 94 nihahi50 - INFO - Refreshing page to check availability trial number 5, template sequence: 96454
[ 2024-04-23 22:43:23,829 ] 94 nihahi50 - INFO - Refreshing page to check availability trial number 5, template sequence: 96454
