[ 2024-04-25 23:26:29,033 ] 91 giathanh010101 - INFO - Opened login page
[ 2024-04-25 23:26:29,033 ] 91 giathanh010101 - INFO - Opened login page
[ 2024-04-25 23:26:29,033 ] 91 giathanh010101 - INFO - Opened login page
[ 2024-04-25 23:26:32,977 ] 91 giathanh010101 - INFO - Logging in
[ 2024-04-25 23:26:32,977 ] 91 giathanh010101 - INFO - Logging in
[ 2024-04-25 23:26:32,977 ] 91 giathanh010101 - INFO - Logging in
[ 2024-04-25 23:26:32,980 ] 91 giathanh010101 - INFO - Current url: https://www.shinsei.e-aichi.jp/pref-aichi-police-u/offer/offerList_initDisplay
[ 2024-04-25 23:26:32,980 ] 91 giathanh010101 - INFO - Current url: https://www.shinsei.e-aichi.jp/pref-aichi-police-u/offer/offerList_initDisplay
[ 2024-04-25 23:26:32,980 ] 91 giathanh010101 - INFO - Current url: https://www.shinsei.e-aichi.jp/pref-aichi-police-u/offer/offerList_initDisplay
[ 2024-04-25 23:26:33,292 ] 91 giathanh010101 - INFO - Logged in finished
[ 2024-04-25 23:26:33,292 ] 91 giathanh010101 - INFO - Logged in finished
[ 2024-04-25 23:26:33,292 ] 91 giathanh010101 - INFO - Logged in finished
[ 2024-04-25 23:26:33,425 ] 91 giathanh010101 - INFO - On main page
[ 2024-04-25 23:26:33,425 ] 91 giathanh010101 - INFO - On main page
[ 2024-04-25 23:26:33,425 ] 91 giathanh010101 - INFO - On main page
[ 2024-04-25 23:26:35,043 ] 91 giathanh010101 - INFO - Search submitted
[ 2024-04-25 23:26:35,043 ] 91 giathanh010101 - INFO - Search submitted
[ 2024-04-25 23:26:35,043 ] 91 giathanh010101 - INFO - Search submitted
[ 2024-04-25 23:26:35,055 ] 91 giathanh010101 - INFO - Collected 20 forms
[ 2024-04-25 23:26:35,055 ] 91 giathanh010101 - INFO - Collected 20 forms
[ 2024-04-25 23:26:35,055 ] 91 giathanh010101 - INFO - Collected 20 forms
[ 2024-04-25 23:26:35,332 ] 91 giathanh010101 - INFO - Number of filtered forms left is: 0 form(s)
[ 2024-04-25 23:26:35,332 ] 91 giathanh010101 - INFO - Number of filtered forms left is: 0 form(s)
[ 2024-04-25 23:26:35,332 ] 91 giathanh010101 - INFO - Number of filtered forms left is: 0 form(s)
[ 2024-04-25 23:26:35,332 ] 91 giathanh010101 - ERROR - No form found
[ 2024-04-25 23:26:35,332 ] 91 giathanh010101 - ERROR - No form found
[ 2024-04-25 23:26:35,332 ] 91 giathanh010101 - ERROR - No form found
[ 2024-04-25 23:26:37,885 ] 91 giathanh010101 - INFO - Collected 20 forms
[ 2024-04-25 23:26:37,885 ] 91 giathanh010101 - INFO - Collected 20 forms
[ 2024-04-25 23:26:37,885 ] 91 giathanh010101 - INFO - Collected 20 forms
[ 2024-04-25 23:26:38,126 ] 91 giathanh010101 - INFO - Number of filtered forms left is: 0 form(s)
[ 2024-04-25 23:26:38,126 ] 91 giathanh010101 - INFO - Number of filtered forms left is: 0 form(s)
[ 2024-04-25 23:26:38,126 ] 91 giathanh010101 - INFO - Number of filtered forms left is: 0 form(s)
[ 2024-04-25 23:26:38,127 ] 91 giathanh010101 - ERROR - No form found
[ 2024-04-25 23:26:38,127 ] 91 giathanh010101 - ERROR - No form found
[ 2024-04-25 23:26:38,127 ] 91 giathanh010101 - ERROR - No form found
[ 2024-04-25 23:26:40,417 ] 91 giathanh010101 - INFO - Collected 20 forms
[ 2024-04-25 23:26:40,417 ] 91 giathanh010101 - INFO - Collected 20 forms
[ 2024-04-25 23:26:40,417 ] 91 giathanh010101 - INFO - Collected 20 forms
[ 2024-04-25 23:26:40,654 ] 91 giathanh010101 - INFO - Number of filtered forms left is: 0 form(s)
[ 2024-04-25 23:26:40,654 ] 91 giathanh010101 - INFO - Number of filtered forms left is: 0 form(s)
[ 2024-04-25 23:26:40,654 ] 91 giathanh010101 - INFO - Number of filtered forms left is: 0 form(s)
[ 2024-04-25 23:26:40,654 ] 91 giathanh010101 - ERROR - No form found
[ 2024-04-25 23:26:40,654 ] 91 giathanh010101 - ERROR - No form found
[ 2024-04-25 23:26:40,654 ] 91 giathanh010101 - ERROR - No form found
[ 2024-04-25 23:26:43,241 ] 91 giathanh010101 - INFO - Collected 20 forms
[ 2024-04-25 23:26:43,241 ] 91 giathanh010101 - INFO - Collected 20 forms
[ 2024-04-25 23:26:43,241 ] 91 giathanh010101 - INFO - Collected 20 forms
[ 2024-04-25 23:26:43,475 ] 91 giathanh010101 - INFO - Number of filtered forms left is: 0 form(s)
[ 2024-04-25 23:26:43,475 ] 91 giathanh010101 - INFO - Number of filtered forms left is: 0 form(s)
[ 2024-04-25 23:26:43,475 ] 91 giathanh010101 - INFO - Number of filtered forms left is: 0 form(s)
[ 2024-04-25 23:26:43,475 ] 91 giathanh010101 - ERROR - No form found
[ 2024-04-25 23:26:43,475 ] 91 giathanh010101 - ERROR - No form found
[ 2024-04-25 23:26:43,475 ] 91 giathanh010101 - ERROR - No form found
[ 2024-04-25 23:26:46,132 ] 91 giathanh010101 - INFO - Collected 20 forms
[ 2024-04-25 23:26:46,132 ] 91 giathanh010101 - INFO - Collected 20 forms
[ 2024-04-25 23:26:46,132 ] 91 giathanh010101 - INFO - Collected 20 forms
[ 2024-04-25 23:26:46,364 ] 91 giathanh010101 - INFO - Number of filtered forms left is: 0 form(s)
[ 2024-04-25 23:26:46,364 ] 91 giathanh010101 - INFO - Number of filtered forms left is: 0 form(s)
[ 2024-04-25 23:26:46,364 ] 91 giathanh010101 - INFO - Number of filtered forms left is: 0 form(s)
[ 2024-04-25 23:26:46,364 ] 91 giathanh010101 - ERROR - No form found
[ 2024-04-25 23:26:46,364 ] 91 giathanh010101 - ERROR - No form found
[ 2024-04-25 23:26:46,364 ] 91 giathanh010101 - ERROR - No form found
[ 2024-04-25 23:26:49,022 ] 91 giathanh010101 - INFO - Collected 20 forms
[ 2024-04-25 23:26:49,022 ] 91 giathanh010101 - INFO - Collected 20 forms
[ 2024-04-25 23:26:49,022 ] 91 giathanh010101 - INFO - Collected 20 forms
[ 2024-04-25 23:26:49,295 ] 91 giathanh010101 - INFO - Number of filtered forms left is: 0 form(s)
[ 2024-04-25 23:26:49,295 ] 91 giathanh010101 - INFO - Number of filtered forms left is: 0 form(s)
[ 2024-04-25 23:26:49,295 ] 91 giathanh010101 - INFO - Number of filtered forms left is: 0 form(s)
[ 2024-04-25 23:26:49,295 ] 91 giathanh010101 - ERROR - No form found
[ 2024-04-25 23:26:49,295 ] 91 giathanh010101 - ERROR - No form found
[ 2024-04-25 23:26:49,295 ] 91 giathanh010101 - ERROR - No form found
