[ 2024-04-25 23:26:21,560 ] 91 main_controller - INFO - Subprocess 0 started with trial number 0
[ 2024-04-25 23:26:21,560 ] 91 main_controller - ERROR - Account is a dictionary, convert to Account object: Username: giathanh010101@gmail.com, Password: aichi@5921
[ 2024-04-25 23:26:23,471 ] 91 main_controller - INFO - Browser opened
[ 2024-04-25 23:26:23,570 ] 91 main_controller - INFO - Subprocess 1 started with trial number 0
[ 2024-04-25 23:26:23,570 ] 91 main_controller - INFO - Subprocess 1 started with trial number 0
[ 2024-04-25 23:26:23,570 ] 91 main_controller - ERROR - Account is a dictionary, convert to Account object: Username: piechipiechipeach@gmail.com, Password: aichi@5921
[ 2024-04-25 23:26:23,570 ] 91 main_controller - ERROR - Account is a dictionary, convert to Account object: Username: piechipiechipeach@gmail.com, Password: aichi@5921
[ 2024-04-25 23:26:24,351 ] 91 main_controller - INFO - Browser opened
[ 2024-04-25 23:26:24,351 ] 91 main_controller - INFO - Browser opened
[ 2024-04-25 23:26:25,581 ] 91 main_controller - INFO - Subprocess 2 started with trial number 0
[ 2024-04-25 23:26:25,581 ] 91 main_controller - INFO - Subprocess 2 started with trial number 0
[ 2024-04-25 23:26:25,581 ] 91 main_controller - INFO - Subprocess 2 started with trial number 0
[ 2024-04-25 23:26:25,581 ] 91 main_controller - ERROR - Account is a dictionary, convert to Account object: Username: piechipeach@gmail.com, Password: aichi@5921
[ 2024-04-25 23:26:25,581 ] 91 main_controller - ERROR - Account is a dictionary, convert to Account object: Username: piechipeach@gmail.com, Password: aichi@5921
[ 2024-04-25 23:26:25,581 ] 91 main_controller - ERROR - Account is a dictionary, convert to Account object: Username: piechipeach@gmail.com, Password: aichi@5921
[ 2024-04-25 23:26:26,335 ] 91 main_controller - INFO - Browser opened
[ 2024-04-25 23:26:26,335 ] 91 main_controller - INFO - Browser opened
[ 2024-04-25 23:26:26,335 ] 91 main_controller - INFO - Browser opened
[ 2024-04-25 23:26:27,593 ] 91 main_controller - INFO - Subprocess 3 started with trial number 0
[ 2024-04-25 23:26:27,593 ] 91 main_controller - INFO - Subprocess 3 started with trial number 0
[ 2024-04-25 23:26:27,593 ] 91 main_controller - INFO - Subprocess 3 started with trial number 0
[ 2024-04-25 23:26:27,593 ] 91 main_controller - INFO - Subprocess 3 started with trial number 0
[ 2024-04-25 23:26:27,594 ] 91 main_controller - ERROR - Account is a dictionary, convert to Account object: Username: nqkhanhtoan@gmail.com, Password: aichi@5921
[ 2024-04-25 23:26:27,594 ] 91 main_controller - ERROR - Account is a dictionary, convert to Account object: Username: nqkhanhtoan@gmail.com, Password: aichi@5921
[ 2024-04-25 23:26:27,594 ] 91 main_controller - ERROR - Account is a dictionary, convert to Account object: Username: nqkhanhtoan@gmail.com, Password: aichi@5921
[ 2024-04-25 23:26:27,594 ] 91 main_controller - ERROR - Account is a dictionary, convert to Account object: Username: nqkhanhtoan@gmail.com, Password: aichi@5921
[ 2024-04-25 23:26:28,323 ] 91 main_controller - INFO - Browser opened
[ 2024-04-25 23:26:28,323 ] 91 main_controller - INFO - Browser opened
[ 2024-04-25 23:26:28,323 ] 91 main_controller - INFO - Browser opened
[ 2024-04-25 23:26:28,323 ] 91 main_controller - INFO - Browser opened
[ 2024-04-25 23:26:33,292 ] 91 main_controller - INFO - Logged in successfully
[ 2024-04-25 23:26:33,292 ] 91 main_controller - INFO - Logged in successfully
[ 2024-04-25 23:26:33,292 ] 91 main_controller - INFO - Logged in successfully
[ 2024-04-25 23:26:33,292 ] 91 main_controller - INFO - Logged in successfully
[ 2024-04-25 23:26:33,421 ] 91 main_controller - INFO - Screenshot saved to D:\luthien\code\Achi.Tool\AichiSelenium\logs\2024_04_25\23_26_21\screenshot_giathanh010101.png
[ 2024-04-25 23:26:33,421 ] 91 main_controller - INFO - Screenshot saved to D:\luthien\code\Achi.Tool\AichiSelenium\logs\2024_04_25\23_26_21\screenshot_giathanh010101.png
[ 2024-04-25 23:26:33,421 ] 91 main_controller - INFO - Screenshot saved to D:\luthien\code\Achi.Tool\AichiSelenium\logs\2024_04_25\23_26_21\screenshot_giathanh010101.png
[ 2024-04-25 23:26:33,421 ] 91 main_controller - INFO - Screenshot saved to D:\luthien\code\Achi.Tool\AichiSelenium\logs\2024_04_25\23_26_21\screenshot_giathanh010101.png
[ 2024-04-25 23:26:33,421 ] 91 main_controller - INFO - Finding forms
[ 2024-04-25 23:26:33,421 ] 91 main_controller - INFO - Finding forms
[ 2024-04-25 23:26:33,421 ] 91 main_controller - INFO - Finding forms
[ 2024-04-25 23:26:33,421 ] 91 main_controller - INFO - Finding forms
[ 2024-04-25 23:26:33,869 ] 91 main_controller - INFO - Logged in successfully
[ 2024-04-25 23:26:33,869 ] 91 main_controller - INFO - Logged in successfully
[ 2024-04-25 23:26:33,869 ] 91 main_controller - INFO - Logged in successfully
[ 2024-04-25 23:26:33,869 ] 91 main_controller - INFO - Logged in successfully
[ 2024-04-25 23:26:34,001 ] 91 main_controller - INFO - Screenshot saved to D:\luthien\code\Achi.Tool\AichiSelenium\logs\2024_04_25\23_26_21\screenshot_piechipiechipeach.png
[ 2024-04-25 23:26:34,001 ] 91 main_controller - INFO - Screenshot saved to D:\luthien\code\Achi.Tool\AichiSelenium\logs\2024_04_25\23_26_21\screenshot_piechipiechipeach.png
[ 2024-04-25 23:26:34,001 ] 91 main_controller - INFO - Screenshot saved to D:\luthien\code\Achi.Tool\AichiSelenium\logs\2024_04_25\23_26_21\screenshot_piechipiechipeach.png
[ 2024-04-25 23:26:34,001 ] 91 main_controller - INFO - Screenshot saved to D:\luthien\code\Achi.Tool\AichiSelenium\logs\2024_04_25\23_26_21\screenshot_piechipiechipeach.png
[ 2024-04-25 23:26:34,001 ] 91 main_controller - INFO - Finding forms
[ 2024-04-25 23:26:34,001 ] 91 main_controller - INFO - Finding forms
[ 2024-04-25 23:26:34,001 ] 91 main_controller - INFO - Finding forms
[ 2024-04-25 23:26:34,001 ] 91 main_controller - INFO - Finding forms
[ 2024-04-25 23:26:35,522 ] 91 main_controller - INFO - Logged in successfully
[ 2024-04-25 23:26:35,522 ] 91 main_controller - INFO - Logged in successfully
[ 2024-04-25 23:26:35,522 ] 91 main_controller - INFO - Logged in successfully
[ 2024-04-25 23:26:35,522 ] 91 main_controller - INFO - Logged in successfully
[ 2024-04-25 23:26:35,616 ] 91 main_controller - INFO - Screenshot saved to D:\luthien\code\Achi.Tool\AichiSelenium\logs\2024_04_25\23_26_21\screenshot_piechipeach.png
[ 2024-04-25 23:26:35,616 ] 91 main_controller - INFO - Screenshot saved to D:\luthien\code\Achi.Tool\AichiSelenium\logs\2024_04_25\23_26_21\screenshot_piechipeach.png
[ 2024-04-25 23:26:35,616 ] 91 main_controller - INFO - Screenshot saved to D:\luthien\code\Achi.Tool\AichiSelenium\logs\2024_04_25\23_26_21\screenshot_piechipeach.png
[ 2024-04-25 23:26:35,616 ] 91 main_controller - INFO - Screenshot saved to D:\luthien\code\Achi.Tool\AichiSelenium\logs\2024_04_25\23_26_21\screenshot_piechipeach.png
[ 2024-04-25 23:26:35,616 ] 91 main_controller - INFO - Finding forms
[ 2024-04-25 23:26:35,616 ] 91 main_controller - INFO - Finding forms
[ 2024-04-25 23:26:35,616 ] 91 main_controller - INFO - Finding forms
[ 2024-04-25 23:26:35,616 ] 91 main_controller - INFO - Finding forms
[ 2024-04-25 23:26:37,466 ] 91 main_controller - INFO - Logged in successfully
[ 2024-04-25 23:26:37,466 ] 91 main_controller - INFO - Logged in successfully
[ 2024-04-25 23:26:37,466 ] 91 main_controller - INFO - Logged in successfully
[ 2024-04-25 23:26:37,466 ] 91 main_controller - INFO - Logged in successfully
[ 2024-04-25 23:26:37,589 ] 91 main_controller - INFO - Screenshot saved to D:\luthien\code\Achi.Tool\AichiSelenium\logs\2024_04_25\23_26_21\screenshot_nqkhanhtoan.png
[ 2024-04-25 23:26:37,589 ] 91 main_controller - INFO - Screenshot saved to D:\luthien\code\Achi.Tool\AichiSelenium\logs\2024_04_25\23_26_21\screenshot_nqkhanhtoan.png
[ 2024-04-25 23:26:37,589 ] 91 main_controller - INFO - Screenshot saved to D:\luthien\code\Achi.Tool\AichiSelenium\logs\2024_04_25\23_26_21\screenshot_nqkhanhtoan.png
[ 2024-04-25 23:26:37,589 ] 91 main_controller - INFO - Screenshot saved to D:\luthien\code\Achi.Tool\AichiSelenium\logs\2024_04_25\23_26_21\screenshot_nqkhanhtoan.png
[ 2024-04-25 23:26:37,589 ] 91 main_controller - INFO - Finding forms
[ 2024-04-25 23:26:37,589 ] 91 main_controller - INFO - Finding forms
[ 2024-04-25 23:26:37,589 ] 91 main_controller - INFO - Finding forms
[ 2024-04-25 23:26:37,589 ] 91 main_controller - INFO - Finding forms
