[ 2024-04-25 23:26:33,771 ] 91 nqkhanhtoan - INFO - Opened login page
[ 2024-04-25 23:26:33,771 ] 91 nqkhanhtoan - INFO - Opened login page
[ 2024-04-25 23:26:33,771 ] 91 nqkhanhtoan - INFO - Opened login page
[ 2024-04-25 23:26:37,147 ] 91 nqkhanhtoan - INFO - Logging in
[ 2024-04-25 23:26:37,147 ] 91 nqkhanhtoan - INFO - Logging in
[ 2024-04-25 23:26:37,147 ] 91 nqkhanhtoan - INFO - Logging in
[ 2024-04-25 23:26:37,150 ] 91 nqkhanhtoan - INFO - Current url: https://www.shinsei.e-aichi.jp/pref-aichi-police-u/offer/offerList_initDisplay
[ 2024-04-25 23:26:37,150 ] 91 nqkhanhtoan - INFO - Current url: https://www.shinsei.e-aichi.jp/pref-aichi-police-u/offer/offerList_initDisplay
[ 2024-04-25 23:26:37,150 ] 91 nqkhanhtoan - INFO - Current url: https://www.shinsei.e-aichi.jp/pref-aichi-police-u/offer/offerList_initDisplay
[ 2024-04-25 23:26:37,465 ] 91 nqkhanhtoan - INFO - Logged in finished
[ 2024-04-25 23:26:37,465 ] 91 nqkhanhtoan - INFO - Logged in finished
[ 2024-04-25 23:26:37,465 ] 91 nqkhanhtoan - INFO - Logged in finished
[ 2024-04-25 23:26:37,591 ] 91 nqkhanhtoan - INFO - On main page
[ 2024-04-25 23:26:37,591 ] 91 nqkhanhtoan - INFO - On main page
[ 2024-04-25 23:26:37,591 ] 91 nqkhanhtoan - INFO - On main page
[ 2024-04-25 23:26:39,328 ] 91 nqkhanhtoan - INFO - Search submitted
[ 2024-04-25 23:26:39,328 ] 91 nqkhanhtoan - INFO - Search submitted
[ 2024-04-25 23:26:39,328 ] 91 nqkhanhtoan - INFO - Search submitted
[ 2024-04-25 23:26:39,340 ] 91 nqkhanhtoan - INFO - Collected 20 forms
[ 2024-04-25 23:26:39,340 ] 91 nqkhanhtoan - INFO - Collected 20 forms
[ 2024-04-25 23:26:39,340 ] 91 nqkhanhtoan - INFO - Collected 20 forms
[ 2024-04-25 23:26:39,582 ] 91 nqkhanhtoan - INFO - Number of filtered forms left is: 0 form(s)
[ 2024-04-25 23:26:39,582 ] 91 nqkhanhtoan - INFO - Number of filtered forms left is: 0 form(s)
[ 2024-04-25 23:26:39,582 ] 91 nqkhanhtoan - INFO - Number of filtered forms left is: 0 form(s)
[ 2024-04-25 23:26:39,582 ] 91 nqkhanhtoan - ERROR - No form found
[ 2024-04-25 23:26:39,582 ] 91 nqkhanhtoan - ERROR - No form found
[ 2024-04-25 23:26:39,582 ] 91 nqkhanhtoan - ERROR - No form found
[ 2024-04-25 23:26:42,305 ] 91 nqkhanhtoan - INFO - Collected 20 forms
[ 2024-04-25 23:26:42,305 ] 91 nqkhanhtoan - INFO - Collected 20 forms
[ 2024-04-25 23:26:42,305 ] 91 nqkhanhtoan - INFO - Collected 20 forms
[ 2024-04-25 23:26:42,535 ] 91 nqkhanhtoan - INFO - Number of filtered forms left is: 0 form(s)
[ 2024-04-25 23:26:42,535 ] 91 nqkhanhtoan - INFO - Number of filtered forms left is: 0 form(s)
[ 2024-04-25 23:26:42,535 ] 91 nqkhanhtoan - INFO - Number of filtered forms left is: 0 form(s)
[ 2024-04-25 23:26:42,535 ] 91 nqkhanhtoan - ERROR - No form found
[ 2024-04-25 23:26:42,535 ] 91 nqkhanhtoan - ERROR - No form found
[ 2024-04-25 23:26:42,535 ] 91 nqkhanhtoan - ERROR - No form found
[ 2024-04-25 23:26:45,132 ] 91 nqkhanhtoan - INFO - Collected 20 forms
[ 2024-04-25 23:26:45,132 ] 91 nqkhanhtoan - INFO - Collected 20 forms
[ 2024-04-25 23:26:45,132 ] 91 nqkhanhtoan - INFO - Collected 20 forms
[ 2024-04-25 23:26:45,375 ] 91 nqkhanhtoan - INFO - Number of filtered forms left is: 0 form(s)
[ 2024-04-25 23:26:45,375 ] 91 nqkhanhtoan - INFO - Number of filtered forms left is: 0 form(s)
[ 2024-04-25 23:26:45,375 ] 91 nqkhanhtoan - INFO - Number of filtered forms left is: 0 form(s)
[ 2024-04-25 23:26:45,375 ] 91 nqkhanhtoan - ERROR - No form found
[ 2024-04-25 23:26:45,375 ] 91 nqkhanhtoan - ERROR - No form found
[ 2024-04-25 23:26:45,375 ] 91 nqkhanhtoan - ERROR - No form found
[ 2024-04-25 23:26:48,069 ] 91 nqkhanhtoan - INFO - Collected 20 forms
[ 2024-04-25 23:26:48,069 ] 91 nqkhanhtoan - INFO - Collected 20 forms
[ 2024-04-25 23:26:48,069 ] 91 nqkhanhtoan - INFO - Collected 20 forms
[ 2024-04-25 23:26:48,309 ] 91 nqkhanhtoan - INFO - Number of filtered forms left is: 0 form(s)
[ 2024-04-25 23:26:48,309 ] 91 nqkhanhtoan - INFO - Number of filtered forms left is: 0 form(s)
[ 2024-04-25 23:26:48,309 ] 91 nqkhanhtoan - INFO - Number of filtered forms left is: 0 form(s)
[ 2024-04-25 23:26:48,309 ] 91 nqkhanhtoan - ERROR - No form found
[ 2024-04-25 23:26:48,309 ] 91 nqkhanhtoan - ERROR - No form found
[ 2024-04-25 23:26:48,309 ] 91 nqkhanhtoan - ERROR - No form found
[ 2024-04-25 23:26:50,705 ] 91 nqkhanhtoan - INFO - Collected 20 forms
[ 2024-04-25 23:26:50,705 ] 91 nqkhanhtoan - INFO - Collected 20 forms
[ 2024-04-25 23:26:50,705 ] 91 nqkhanhtoan - INFO - Collected 20 forms
[ 2024-04-25 23:26:50,937 ] 91 nqkhanhtoan - INFO - Number of filtered forms left is: 0 form(s)
[ 2024-04-25 23:26:50,937 ] 91 nqkhanhtoan - INFO - Number of filtered forms left is: 0 form(s)
[ 2024-04-25 23:26:50,937 ] 91 nqkhanhtoan - INFO - Number of filtered forms left is: 0 form(s)
[ 2024-04-25 23:26:50,937 ] 91 nqkhanhtoan - ERROR - No form found
[ 2024-04-25 23:26:50,937 ] 91 nqkhanhtoan - ERROR - No form found
[ 2024-04-25 23:26:50,937 ] 91 nqkhanhtoan - ERROR - No form found
