[ 2024-04-25 23:26:29,820 ] 91 piechipiechipeach - INFO - Opened login page
[ 2024-04-25 23:26:29,820 ] 91 piechipiechipeach - INFO - Opened login page
[ 2024-04-25 23:26:29,820 ] 91 piechipiechipeach - INFO - Opened login page
[ 2024-04-25 23:26:33,558 ] 91 piechipiechipeach - INFO - Logging in
[ 2024-04-25 23:26:33,558 ] 91 piechipiechipeach - INFO - Logging in
[ 2024-04-25 23:26:33,558 ] 91 piechipiechipeach - INFO - Logging in
[ 2024-04-25 23:26:33,560 ] 91 piechipiechipeach - INFO - Current url: https://www.shinsei.e-aichi.jp/pref-aichi-police-u/offer/offerList_initDisplay
[ 2024-04-25 23:26:33,560 ] 91 piechipiechipeach - INFO - Current url: https://www.shinsei.e-aichi.jp/pref-aichi-police-u/offer/offerList_initDisplay
[ 2024-04-25 23:26:33,560 ] 91 piechipiechipeach - INFO - Current url: https://www.shinsei.e-aichi.jp/pref-aichi-police-u/offer/offerList_initDisplay
[ 2024-04-25 23:26:33,868 ] 91 piechipiechipeach - INFO - Logged in finished
[ 2024-04-25 23:26:33,868 ] 91 piechipiechipeach - INFO - Logged in finished
[ 2024-04-25 23:26:33,868 ] 91 piechipiechipeach - INFO - Logged in finished
[ 2024-04-25 23:26:34,003 ] 91 piechipiechipeach - INFO - On main page
[ 2024-04-25 23:26:34,003 ] 91 piechipiechipeach - INFO - On main page
[ 2024-04-25 23:26:34,003 ] 91 piechipiechipeach - INFO - On main page
[ 2024-04-25 23:26:35,642 ] 91 piechipiechipeach - INFO - Search submitted
[ 2024-04-25 23:26:35,642 ] 91 piechipiechipeach - INFO - Search submitted
[ 2024-04-25 23:26:35,642 ] 91 piechipiechipeach - INFO - Search submitted
[ 2024-04-25 23:26:35,656 ] 91 piechipiechipeach - INFO - Collected 20 forms
[ 2024-04-25 23:26:35,656 ] 91 piechipiechipeach - INFO - Collected 20 forms
[ 2024-04-25 23:26:35,656 ] 91 piechipiechipeach - INFO - Collected 20 forms
[ 2024-04-25 23:26:35,916 ] 91 piechipiechipeach - INFO - Number of filtered forms left is: 0 form(s)
[ 2024-04-25 23:26:35,916 ] 91 piechipiechipeach - INFO - Number of filtered forms left is: 0 form(s)
[ 2024-04-25 23:26:35,916 ] 91 piechipiechipeach - INFO - Number of filtered forms left is: 0 form(s)
[ 2024-04-25 23:26:35,916 ] 91 piechipiechipeach - ERROR - No form found
[ 2024-04-25 23:26:35,916 ] 91 piechipiechipeach - ERROR - No form found
[ 2024-04-25 23:26:35,916 ] 91 piechipiechipeach - ERROR - No form found
[ 2024-04-25 23:26:38,472 ] 91 piechipiechipeach - INFO - Collected 20 forms
[ 2024-04-25 23:26:38,472 ] 91 piechipiechipeach - INFO - Collected 20 forms
[ 2024-04-25 23:26:38,472 ] 91 piechipiechipeach - INFO - Collected 20 forms
[ 2024-04-25 23:26:38,705 ] 91 piechipiechipeach - INFO - Number of filtered forms left is: 0 form(s)
[ 2024-04-25 23:26:38,705 ] 91 piechipiechipeach - INFO - Number of filtered forms left is: 0 form(s)
[ 2024-04-25 23:26:38,705 ] 91 piechipiechipeach - INFO - Number of filtered forms left is: 0 form(s)
[ 2024-04-25 23:26:38,705 ] 91 piechipiechipeach - ERROR - No form found
[ 2024-04-25 23:26:38,705 ] 91 piechipiechipeach - ERROR - No form found
[ 2024-04-25 23:26:38,705 ] 91 piechipiechipeach - ERROR - No form found
[ 2024-04-25 23:26:41,771 ] 91 piechipiechipeach - INFO - Collected 20 forms
[ 2024-04-25 23:26:41,771 ] 91 piechipiechipeach - INFO - Collected 20 forms
[ 2024-04-25 23:26:41,771 ] 91 piechipiechipeach - INFO - Collected 20 forms
[ 2024-04-25 23:26:42,019 ] 91 piechipiechipeach - INFO - Number of filtered forms left is: 0 form(s)
[ 2024-04-25 23:26:42,019 ] 91 piechipiechipeach - INFO - Number of filtered forms left is: 0 form(s)
[ 2024-04-25 23:26:42,019 ] 91 piechipiechipeach - INFO - Number of filtered forms left is: 0 form(s)
[ 2024-04-25 23:26:42,019 ] 91 piechipiechipeach - ERROR - No form found
[ 2024-04-25 23:26:42,019 ] 91 piechipiechipeach - ERROR - No form found
[ 2024-04-25 23:26:42,019 ] 91 piechipiechipeach - ERROR - No form found
[ 2024-04-25 23:26:44,379 ] 91 piechipiechipeach - INFO - Collected 20 forms
[ 2024-04-25 23:26:44,379 ] 91 piechipiechipeach - INFO - Collected 20 forms
[ 2024-04-25 23:26:44,379 ] 91 piechipiechipeach - INFO - Collected 20 forms
[ 2024-04-25 23:26:44,608 ] 91 piechipiechipeach - INFO - Number of filtered forms left is: 0 form(s)
[ 2024-04-25 23:26:44,608 ] 91 piechipiechipeach - INFO - Number of filtered forms left is: 0 form(s)
[ 2024-04-25 23:26:44,608 ] 91 piechipiechipeach - INFO - Number of filtered forms left is: 0 form(s)
[ 2024-04-25 23:26:44,608 ] 91 piechipiechipeach - ERROR - No form found
[ 2024-04-25 23:26:44,608 ] 91 piechipiechipeach - ERROR - No form found
[ 2024-04-25 23:26:44,608 ] 91 piechipiechipeach - ERROR - No form found
[ 2024-04-25 23:26:47,252 ] 91 piechipiechipeach - INFO - Collected 20 forms
[ 2024-04-25 23:26:47,252 ] 91 piechipiechipeach - INFO - Collected 20 forms
[ 2024-04-25 23:26:47,252 ] 91 piechipiechipeach - INFO - Collected 20 forms
[ 2024-04-25 23:26:47,500 ] 91 piechipiechipeach - INFO - Number of filtered forms left is: 0 form(s)
[ 2024-04-25 23:26:47,500 ] 91 piechipiechipeach - INFO - Number of filtered forms left is: 0 form(s)
[ 2024-04-25 23:26:47,500 ] 91 piechipiechipeach - INFO - Number of filtered forms left is: 0 form(s)
[ 2024-04-25 23:26:47,500 ] 91 piechipiechipeach - ERROR - No form found
[ 2024-04-25 23:26:47,500 ] 91 piechipiechipeach - ERROR - No form found
[ 2024-04-25 23:26:47,500 ] 91 piechipiechipeach - ERROR - No form found
[ 2024-04-25 23:26:49,882 ] 91 piechipiechipeach - INFO - Collected 20 forms
[ 2024-04-25 23:26:49,882 ] 91 piechipiechipeach - INFO - Collected 20 forms
[ 2024-04-25 23:26:49,882 ] 91 piechipiechipeach - INFO - Collected 20 forms
[ 2024-04-25 23:26:50,131 ] 91 piechipiechipeach - INFO - Number of filtered forms left is: 0 form(s)
[ 2024-04-25 23:26:50,131 ] 91 piechipiechipeach - INFO - Number of filtered forms left is: 0 form(s)
[ 2024-04-25 23:26:50,131 ] 91 piechipiechipeach - INFO - Number of filtered forms left is: 0 form(s)
[ 2024-04-25 23:26:50,132 ] 91 piechipiechipeach - ERROR - No form found
[ 2024-04-25 23:26:50,132 ] 91 piechipiechipeach - ERROR - No form found
[ 2024-04-25 23:26:50,132 ] 91 piechipiechipeach - ERROR - No form found
