[ 2024-04-25 23:26:31,871 ] 91 piechipeach - INFO - Opened login page
[ 2024-04-25 23:26:31,871 ] 91 piechipeach - INFO - Opened login page
[ 2024-04-25 23:26:31,871 ] 91 piechipeach - INFO - Opened login page
[ 2024-04-25 23:26:35,199 ] 91 piechipeach - INFO - Logging in
[ 2024-04-25 23:26:35,199 ] 91 piechipeach - INFO - Logging in
[ 2024-04-25 23:26:35,199 ] 91 piechipeach - INFO - Logging in
[ 2024-04-25 23:26:35,203 ] 91 piechipeach - INFO - Current url: https://www.shinsei.e-aichi.jp/pref-aichi-police-u/offer/offerList_initDisplay
[ 2024-04-25 23:26:35,203 ] 91 piechipeach - INFO - Current url: https://www.shinsei.e-aichi.jp/pref-aichi-police-u/offer/offerList_initDisplay
[ 2024-04-25 23:26:35,203 ] 91 piechipeach - INFO - Current url: https://www.shinsei.e-aichi.jp/pref-aichi-police-u/offer/offerList_initDisplay
[ 2024-04-25 23:26:35,521 ] 91 piechipeach - INFO - Logged in finished
[ 2024-04-25 23:26:35,521 ] 91 piechipeach - INFO - Logged in finished
[ 2024-04-25 23:26:35,521 ] 91 piechipeach - INFO - Logged in finished
[ 2024-04-25 23:26:35,618 ] 91 piechipeach - INFO - On main page
[ 2024-04-25 23:26:35,618 ] 91 piechipeach - INFO - On main page
[ 2024-04-25 23:26:35,618 ] 91 piechipeach - INFO - On main page
[ 2024-04-25 23:26:36,931 ] 91 piechipeach - INFO - Search submitted
[ 2024-04-25 23:26:36,931 ] 91 piechipeach - INFO - Search submitted
[ 2024-04-25 23:26:36,931 ] 91 piechipeach - INFO - Search submitted
[ 2024-04-25 23:26:36,943 ] 91 piechipeach - INFO - Collected 20 forms
[ 2024-04-25 23:26:36,943 ] 91 piechipeach - INFO - Collected 20 forms
[ 2024-04-25 23:26:36,943 ] 91 piechipeach - INFO - Collected 20 forms
[ 2024-04-25 23:26:37,198 ] 91 piechipeach - INFO - Number of filtered forms left is: 0 form(s)
[ 2024-04-25 23:26:37,198 ] 91 piechipeach - INFO - Number of filtered forms left is: 0 form(s)
[ 2024-04-25 23:26:37,198 ] 91 piechipeach - INFO - Number of filtered forms left is: 0 form(s)
[ 2024-04-25 23:26:37,198 ] 91 piechipeach - ERROR - No form found
[ 2024-04-25 23:26:37,198 ] 91 piechipeach - ERROR - No form found
[ 2024-04-25 23:26:37,198 ] 91 piechipeach - ERROR - No form found
[ 2024-04-25 23:26:39,777 ] 91 piechipeach - INFO - Collected 20 forms
[ 2024-04-25 23:26:39,777 ] 91 piechipeach - INFO - Collected 20 forms
[ 2024-04-25 23:26:39,777 ] 91 piechipeach - INFO - Collected 20 forms
[ 2024-04-25 23:26:40,017 ] 91 piechipeach - INFO - Number of filtered forms left is: 0 form(s)
[ 2024-04-25 23:26:40,017 ] 91 piechipeach - INFO - Number of filtered forms left is: 0 form(s)
[ 2024-04-25 23:26:40,017 ] 91 piechipeach - INFO - Number of filtered forms left is: 0 form(s)
[ 2024-04-25 23:26:40,017 ] 91 piechipeach - ERROR - No form found
[ 2024-04-25 23:26:40,017 ] 91 piechipeach - ERROR - No form found
[ 2024-04-25 23:26:40,017 ] 91 piechipeach - ERROR - No form found
[ 2024-04-25 23:26:42,601 ] 91 piechipeach - INFO - Collected 20 forms
[ 2024-04-25 23:26:42,601 ] 91 piechipeach - INFO - Collected 20 forms
[ 2024-04-25 23:26:42,601 ] 91 piechipeach - INFO - Collected 20 forms
[ 2024-04-25 23:26:42,831 ] 91 piechipeach - INFO - Number of filtered forms left is: 0 form(s)
[ 2024-04-25 23:26:42,831 ] 91 piechipeach - INFO - Number of filtered forms left is: 0 form(s)
[ 2024-04-25 23:26:42,831 ] 91 piechipeach - INFO - Number of filtered forms left is: 0 form(s)
[ 2024-04-25 23:26:42,831 ] 91 piechipeach - ERROR - No form found
[ 2024-04-25 23:26:42,831 ] 91 piechipeach - ERROR - No form found
[ 2024-04-25 23:26:42,831 ] 91 piechipeach - ERROR - No form found
[ 2024-04-25 23:26:45,206 ] 91 piechipeach - INFO - Collected 20 forms
[ 2024-04-25 23:26:45,206 ] 91 piechipeach - INFO - Collected 20 forms
[ 2024-04-25 23:26:45,206 ] 91 piechipeach - INFO - Collected 20 forms
[ 2024-04-25 23:26:45,446 ] 91 piechipeach - INFO - Number of filtered forms left is: 0 form(s)
[ 2024-04-25 23:26:45,446 ] 91 piechipeach - INFO - Number of filtered forms left is: 0 form(s)
[ 2024-04-25 23:26:45,446 ] 91 piechipeach - INFO - Number of filtered forms left is: 0 form(s)
[ 2024-04-25 23:26:45,446 ] 91 piechipeach - ERROR - No form found
[ 2024-04-25 23:26:45,446 ] 91 piechipeach - ERROR - No form found
[ 2024-04-25 23:26:45,446 ] 91 piechipeach - ERROR - No form found
[ 2024-04-25 23:26:47,787 ] 91 piechipeach - INFO - Collected 20 forms
[ 2024-04-25 23:26:47,787 ] 91 piechipeach - INFO - Collected 20 forms
[ 2024-04-25 23:26:47,787 ] 91 piechipeach - INFO - Collected 20 forms
[ 2024-04-25 23:26:48,021 ] 91 piechipeach - INFO - Number of filtered forms left is: 0 form(s)
[ 2024-04-25 23:26:48,021 ] 91 piechipeach - INFO - Number of filtered forms left is: 0 form(s)
[ 2024-04-25 23:26:48,021 ] 91 piechipeach - INFO - Number of filtered forms left is: 0 form(s)
[ 2024-04-25 23:26:48,022 ] 91 piechipeach - ERROR - No form found
[ 2024-04-25 23:26:48,022 ] 91 piechipeach - ERROR - No form found
[ 2024-04-25 23:26:48,022 ] 91 piechipeach - ERROR - No form found
[ 2024-04-25 23:26:50,105 ] 91 piechipeach - INFO - Collected 20 forms
[ 2024-04-25 23:26:50,105 ] 91 piechipeach - INFO - Collected 20 forms
[ 2024-04-25 23:26:50,105 ] 91 piechipeach - INFO - Collected 20 forms
[ 2024-04-25 23:26:50,348 ] 91 piechipeach - INFO - Number of filtered forms left is: 0 form(s)
[ 2024-04-25 23:26:50,348 ] 91 piechipeach - INFO - Number of filtered forms left is: 0 form(s)
[ 2024-04-25 23:26:50,348 ] 91 piechipeach - INFO - Number of filtered forms left is: 0 form(s)
[ 2024-04-25 23:26:50,349 ] 91 piechipeach - ERROR - No form found
[ 2024-04-25 23:26:50,349 ] 91 piechipeach - ERROR - No form found
[ 2024-04-25 23:26:50,349 ] 91 piechipeach - ERROR - No form found
