[ 2024-04-25 23:26:21,557 ] 91 root - INFO - Starting all threads
[ 2024-04-25 23:26:21,557 ] 91 root - INFO - Starting all threads
[ 2024-04-25 23:26:21,558 ] 91 root - INFO - Meta: {'__module__': 'src.globals', '__doc__': '        Meta configs        ', 'keyword': 'Hirabari', 'test_mode': False, 'debug_mode': True, 'onlyday': True, 'max_num_retry': 5, 'default_num_threads': 4, 'display_number': 50, 'main_phone_number_dash': '080-1583-0891', 'uc': True, 'headless': False, 'timeout': 900, '__dict__': <attribute '__dict__' of 'Meta' objects>, '__weakref__': <attribute '__weakref__' of 'Meta' objects>}
[ 2024-04-25 23:26:21,558 ] 91 root - INFO - Meta: {'__module__': 'src.globals', '__doc__': '        Meta configs        ', 'keyword': 'Hirabari', 'test_mode': False, 'debug_mode': True, 'onlyday': True, 'max_num_retry': 5, 'default_num_threads': 4, 'display_number': 50, 'main_phone_number_dash': '080-1583-0891', 'uc': True, 'headless': False, 'timeout': 900, '__dict__': <attribute '__dict__' of 'Meta' objects>, '__weakref__': <attribute '__weakref__' of 'Meta' objects>}
[ 2024-04-25 23:26:21,558 ] 91 root - INFO - Number of dev accounts: 0
[ 2024-04-25 23:26:21,558 ] 91 root - INFO - Number of dev accounts: 0
[ 2024-04-25 23:26:21,558 ] 91 root - INFO - Test mode: False
[ 2024-04-25 23:26:21,558 ] 91 root - INFO - Test mode: False
[ 2024-04-25 23:26:21,560 ] 91 main_controller - INFO - Subprocess 0 started with trial number 0
[ 2024-04-25 23:26:21,560 ] 91 main_controller - ERROR - Account is a dictionary, convert to Account object: Username: giathanh010101@gmail.com, Password: aichi@5921
[ 2024-04-25 23:26:23,471 ] 91 main_controller - INFO - Browser opened
[ 2024-04-25 23:26:23,568 ] 91 root - INFO - Thread 0 started
[ 2024-04-25 23:26:23,568 ] 91 root - INFO - Thread 0 started
[ 2024-04-25 23:26:23,570 ] 91 main_controller - INFO - Subprocess 1 started with trial number 0
[ 2024-04-25 23:26:23,570 ] 91 main_controller - ERROR - Account is a dictionary, convert to Account object: Username: piechipiechipeach@gmail.com, Password: aichi@5921
[ 2024-04-25 23:26:24,351 ] 91 main_controller - INFO - Browser opened
[ 2024-04-25 23:26:25,580 ] 91 root - INFO - Thread 1 started
[ 2024-04-25 23:26:25,580 ] 91 root - INFO - Thread 1 started
[ 2024-04-25 23:26:25,581 ] 91 main_controller - INFO - Subprocess 2 started with trial number 0
[ 2024-04-25 23:26:25,581 ] 91 main_controller - ERROR - Account is a dictionary, convert to Account object: Username: piechipeach@gmail.com, Password: aichi@5921
[ 2024-04-25 23:26:26,335 ] 91 main_controller - INFO - Browser opened
[ 2024-04-25 23:26:27,592 ] 91 root - INFO - Thread 2 started
[ 2024-04-25 23:26:27,592 ] 91 root - INFO - Thread 2 started
[ 2024-04-25 23:26:27,593 ] 91 main_controller - INFO - Subprocess 3 started with trial number 0
[ 2024-04-25 23:26:27,594 ] 91 main_controller - ERROR - Account is a dictionary, convert to Account object: Username: nqkhanhtoan@gmail.com, Password: aichi@5921
[ 2024-04-25 23:26:28,323 ] 91 main_controller - INFO - Browser opened
[ 2024-04-25 23:26:29,033 ] 91 giathanh010101 - INFO - Opened login page
[ 2024-04-25 23:26:29,607 ] 91 root - INFO - Thread 3 started
[ 2024-04-25 23:26:29,607 ] 91 root - INFO - Thread 3 started
[ 2024-04-25 23:26:29,820 ] 91 piechipiechipeach - INFO - Opened login page
[ 2024-04-25 23:26:31,871 ] 91 piechipeach - INFO - Opened login page
[ 2024-04-25 23:26:32,977 ] 91 giathanh010101 - INFO - Logging in
[ 2024-04-25 23:26:32,980 ] 91 giathanh010101 - INFO - Current url: https://www.shinsei.e-aichi.jp/pref-aichi-police-u/offer/offerList_initDisplay
[ 2024-04-25 23:26:33,292 ] 91 giathanh010101 - INFO - Logged in finished
[ 2024-04-25 23:26:33,292 ] 91 main_controller - INFO - Logged in successfully
[ 2024-04-25 23:26:33,421 ] 91 main_controller - INFO - Screenshot saved to D:\luthien\code\Achi.Tool\AichiSelenium\logs\2024_04_25\23_26_21\screenshot_giathanh010101.png
[ 2024-04-25 23:26:33,421 ] 91 main_controller - INFO - Finding forms
[ 2024-04-25 23:26:33,425 ] 91 giathanh010101 - INFO - On main page
[ 2024-04-25 23:26:33,558 ] 91 piechipiechipeach - INFO - Logging in
[ 2024-04-25 23:26:33,560 ] 91 piechipiechipeach - INFO - Current url: https://www.shinsei.e-aichi.jp/pref-aichi-police-u/offer/offerList_initDisplay
[ 2024-04-25 23:26:33,771 ] 91 nqkhanhtoan - INFO - Opened login page
[ 2024-04-25 23:26:33,868 ] 91 piechipiechipeach - INFO - Logged in finished
[ 2024-04-25 23:26:33,869 ] 91 main_controller - INFO - Logged in successfully
[ 2024-04-25 23:26:34,001 ] 91 main_controller - INFO - Screenshot saved to D:\luthien\code\Achi.Tool\AichiSelenium\logs\2024_04_25\23_26_21\screenshot_piechipiechipeach.png
[ 2024-04-25 23:26:34,001 ] 91 main_controller - INFO - Finding forms
[ 2024-04-25 23:26:34,003 ] 91 piechipiechipeach - INFO - On main page
[ 2024-04-25 23:26:35,043 ] 91 giathanh010101 - INFO - Search submitted
[ 2024-04-25 23:26:35,055 ] 91 giathanh010101 - INFO - Collected 20 forms
[ 2024-04-25 23:26:35,199 ] 91 piechipeach - INFO - Logging in
[ 2024-04-25 23:26:35,203 ] 91 piechipeach - INFO - Current url: https://www.shinsei.e-aichi.jp/pref-aichi-police-u/offer/offerList_initDisplay
[ 2024-04-25 23:26:35,332 ] 91 giathanh010101 - INFO - Number of filtered forms left is: 0 form(s)
[ 2024-04-25 23:26:35,332 ] 91 giathanh010101 - ERROR - No form found
[ 2024-04-25 23:26:35,521 ] 91 piechipeach - INFO - Logged in finished
[ 2024-04-25 23:26:35,522 ] 91 main_controller - INFO - Logged in successfully
[ 2024-04-25 23:26:35,616 ] 91 main_controller - INFO - Screenshot saved to D:\luthien\code\Achi.Tool\AichiSelenium\logs\2024_04_25\23_26_21\screenshot_piechipeach.png
[ 2024-04-25 23:26:35,616 ] 91 main_controller - INFO - Finding forms
[ 2024-04-25 23:26:35,618 ] 91 piechipeach - INFO - On main page
[ 2024-04-25 23:26:35,642 ] 91 piechipiechipeach - INFO - Search submitted
[ 2024-04-25 23:26:35,656 ] 91 piechipiechipeach - INFO - Collected 20 forms
[ 2024-04-25 23:26:35,916 ] 91 piechipiechipeach - INFO - Number of filtered forms left is: 0 form(s)
[ 2024-04-25 23:26:35,916 ] 91 piechipiechipeach - ERROR - No form found
[ 2024-04-25 23:26:36,931 ] 91 piechipeach - INFO - Search submitted
[ 2024-04-25 23:26:36,943 ] 91 piechipeach - INFO - Collected 20 forms
[ 2024-04-25 23:26:37,147 ] 91 nqkhanhtoan - INFO - Logging in
[ 2024-04-25 23:26:37,150 ] 91 nqkhanhtoan - INFO - Current url: https://www.shinsei.e-aichi.jp/pref-aichi-police-u/offer/offerList_initDisplay
[ 2024-04-25 23:26:37,198 ] 91 piechipeach - INFO - Number of filtered forms left is: 0 form(s)
[ 2024-04-25 23:26:37,198 ] 91 piechipeach - ERROR - No form found
[ 2024-04-25 23:26:37,465 ] 91 nqkhanhtoan - INFO - Logged in finished
[ 2024-04-25 23:26:37,466 ] 91 main_controller - INFO - Logged in successfully
[ 2024-04-25 23:26:37,589 ] 91 main_controller - INFO - Screenshot saved to D:\luthien\code\Achi.Tool\AichiSelenium\logs\2024_04_25\23_26_21\screenshot_nqkhanhtoan.png
[ 2024-04-25 23:26:37,589 ] 91 main_controller - INFO - Finding forms
[ 2024-04-25 23:26:37,591 ] 91 nqkhanhtoan - INFO - On main page
[ 2024-04-25 23:26:37,885 ] 91 giathanh010101 - INFO - Collected 20 forms
[ 2024-04-25 23:26:38,126 ] 91 giathanh010101 - INFO - Number of filtered forms left is: 0 form(s)
[ 2024-04-25 23:26:38,127 ] 91 giathanh010101 - ERROR - No form found
[ 2024-04-25 23:26:38,472 ] 91 piechipiechipeach - INFO - Collected 20 forms
[ 2024-04-25 23:26:38,705 ] 91 piechipiechipeach - INFO - Number of filtered forms left is: 0 form(s)
[ 2024-04-25 23:26:38,705 ] 91 piechipiechipeach - ERROR - No form found
[ 2024-04-25 23:26:39,328 ] 91 nqkhanhtoan - INFO - Search submitted
[ 2024-04-25 23:26:39,340 ] 91 nqkhanhtoan - INFO - Collected 20 forms
[ 2024-04-25 23:26:39,582 ] 91 nqkhanhtoan - INFO - Number of filtered forms left is: 0 form(s)
[ 2024-04-25 23:26:39,582 ] 91 nqkhanhtoan - ERROR - No form found
[ 2024-04-25 23:26:39,777 ] 91 piechipeach - INFO - Collected 20 forms
[ 2024-04-25 23:26:40,017 ] 91 piechipeach - INFO - Number of filtered forms left is: 0 form(s)
[ 2024-04-25 23:26:40,017 ] 91 piechipeach - ERROR - No form found
[ 2024-04-25 23:26:40,417 ] 91 giathanh010101 - INFO - Collected 20 forms
[ 2024-04-25 23:26:40,654 ] 91 giathanh010101 - INFO - Number of filtered forms left is: 0 form(s)
[ 2024-04-25 23:26:40,654 ] 91 giathanh010101 - ERROR - No form found
[ 2024-04-25 23:26:41,771 ] 91 piechipiechipeach - INFO - Collected 20 forms
[ 2024-04-25 23:26:42,019 ] 91 piechipiechipeach - INFO - Number of filtered forms left is: 0 form(s)
[ 2024-04-25 23:26:42,019 ] 91 piechipiechipeach - ERROR - No form found
[ 2024-04-25 23:26:42,305 ] 91 nqkhanhtoan - INFO - Collected 20 forms
[ 2024-04-25 23:26:42,535 ] 91 nqkhanhtoan - INFO - Number of filtered forms left is: 0 form(s)
[ 2024-04-25 23:26:42,535 ] 91 nqkhanhtoan - ERROR - No form found
[ 2024-04-25 23:26:42,601 ] 91 piechipeach - INFO - Collected 20 forms
[ 2024-04-25 23:26:42,831 ] 91 piechipeach - INFO - Number of filtered forms left is: 0 form(s)
[ 2024-04-25 23:26:42,831 ] 91 piechipeach - ERROR - No form found
[ 2024-04-25 23:26:43,241 ] 91 giathanh010101 - INFO - Collected 20 forms
[ 2024-04-25 23:26:43,475 ] 91 giathanh010101 - INFO - Number of filtered forms left is: 0 form(s)
[ 2024-04-25 23:26:43,475 ] 91 giathanh010101 - ERROR - No form found
[ 2024-04-25 23:26:44,379 ] 91 piechipiechipeach - INFO - Collected 20 forms
[ 2024-04-25 23:26:44,608 ] 91 piechipiechipeach - INFO - Number of filtered forms left is: 0 form(s)
[ 2024-04-25 23:26:44,608 ] 91 piechipiechipeach - ERROR - No form found
[ 2024-04-25 23:26:45,132 ] 91 nqkhanhtoan - INFO - Collected 20 forms
[ 2024-04-25 23:26:45,206 ] 91 piechipeach - INFO - Collected 20 forms
[ 2024-04-25 23:26:45,375 ] 91 nqkhanhtoan - INFO - Number of filtered forms left is: 0 form(s)
[ 2024-04-25 23:26:45,375 ] 91 nqkhanhtoan - ERROR - No form found
[ 2024-04-25 23:26:45,446 ] 91 piechipeach - INFO - Number of filtered forms left is: 0 form(s)
[ 2024-04-25 23:26:45,446 ] 91 piechipeach - ERROR - No form found
[ 2024-04-25 23:26:46,132 ] 91 giathanh010101 - INFO - Collected 20 forms
[ 2024-04-25 23:26:46,364 ] 91 giathanh010101 - INFO - Number of filtered forms left is: 0 form(s)
[ 2024-04-25 23:26:46,364 ] 91 giathanh010101 - ERROR - No form found
[ 2024-04-25 23:26:47,252 ] 91 piechipiechipeach - INFO - Collected 20 forms
[ 2024-04-25 23:26:47,500 ] 91 piechipiechipeach - INFO - Number of filtered forms left is: 0 form(s)
[ 2024-04-25 23:26:47,500 ] 91 piechipiechipeach - ERROR - No form found
[ 2024-04-25 23:26:47,787 ] 91 piechipeach - INFO - Collected 20 forms
[ 2024-04-25 23:26:48,021 ] 91 piechipeach - INFO - Number of filtered forms left is: 0 form(s)
[ 2024-04-25 23:26:48,022 ] 91 piechipeach - ERROR - No form found
[ 2024-04-25 23:26:48,069 ] 91 nqkhanhtoan - INFO - Collected 20 forms
[ 2024-04-25 23:26:48,309 ] 91 nqkhanhtoan - INFO - Number of filtered forms left is: 0 form(s)
[ 2024-04-25 23:26:48,309 ] 91 nqkhanhtoan - ERROR - No form found
[ 2024-04-25 23:26:49,022 ] 91 giathanh010101 - INFO - Collected 20 forms
[ 2024-04-25 23:26:49,295 ] 91 giathanh010101 - INFO - Number of filtered forms left is: 0 form(s)
[ 2024-04-25 23:26:49,295 ] 91 giathanh010101 - ERROR - No form found
[ 2024-04-25 23:26:49,882 ] 91 piechipiechipeach - INFO - Collected 20 forms
[ 2024-04-25 23:26:50,105 ] 91 piechipeach - INFO - Collected 20 forms
[ 2024-04-25 23:26:50,131 ] 91 piechipiechipeach - INFO - Number of filtered forms left is: 0 form(s)
[ 2024-04-25 23:26:50,132 ] 91 piechipiechipeach - ERROR - No form found
[ 2024-04-25 23:26:50,348 ] 91 piechipeach - INFO - Number of filtered forms left is: 0 form(s)
[ 2024-04-25 23:26:50,349 ] 91 piechipeach - ERROR - No form found
[ 2024-04-25 23:26:50,705 ] 91 nqkhanhtoan - INFO - Collected 20 forms
[ 2024-04-25 23:26:50,937 ] 91 nqkhanhtoan - INFO - Number of filtered forms left is: 0 form(s)
[ 2024-04-25 23:26:50,937 ] 91 nqkhanhtoan - ERROR - No form found
