[ 2024-04-24 14:45:56,811 ] 91 luthien5921 - INFO - Opened login page
[ 2024-04-24 14:45:56,811 ] 91 luthien5921 - INFO - Opened login page
[ 2024-04-24 14:45:56,811 ] 91 luthien5921 - INFO - Opened login page
[ 2024-04-24 14:46:00,611 ] 91 luthien5921 - INFO - Logging in
[ 2024-04-24 14:46:00,611 ] 91 luthien5921 - INFO - Logging in
[ 2024-04-24 14:46:00,611 ] 91 luthien5921 - INFO - Logging in
[ 2024-04-24 14:46:00,615 ] 91 luthien5921 - INFO - Current url: https://www.shinsei.e-aichi.jp/pref-aichi-police-u/offer/offerList_initDisplay
[ 2024-04-24 14:46:00,615 ] 91 luthien5921 - INFO - Current url: https://www.shinsei.e-aichi.jp/pref-aichi-police-u/offer/offerList_initDisplay
[ 2024-04-24 14:46:00,615 ] 91 luthien5921 - INFO - Current url: https://www.shinsei.e-aichi.jp/pref-aichi-police-u/offer/offerList_initDisplay
[ 2024-04-24 14:46:00,927 ] 91 luthien5921 - INFO - Logged in finished
[ 2024-04-24 14:46:00,927 ] 91 luthien5921 - INFO - Logged in finished
[ 2024-04-24 14:46:00,927 ] 91 luthien5921 - INFO - Logged in finished
[ 2024-04-24 14:46:01,221 ] 91 luthien5921 - INFO - On main page
[ 2024-04-24 14:46:01,221 ] 91 luthien5921 - INFO - On main page
[ 2024-04-24 14:46:01,221 ] 91 luthien5921 - INFO - On main page
[ 2024-04-24 14:46:03,138 ] 91 luthien5921 - INFO - Search submitted
[ 2024-04-24 14:46:03,138 ] 91 luthien5921 - INFO - Search submitted
[ 2024-04-24 14:46:03,138 ] 91 luthien5921 - INFO - Search submitted
[ 2024-04-24 14:46:03,154 ] 91 luthien5921 - INFO - Collected 2 forms
[ 2024-04-24 14:46:03,154 ] 91 luthien5921 - INFO - Collected 2 forms
[ 2024-04-24 14:46:03,154 ] 91 luthien5921 - INFO - Collected 2 forms
[ 2024-04-24 14:46:14,272 ] 91 luthien5921 - INFO - Opened login page
[ 2024-04-24 14:46:14,272 ] 91 luthien5921 - INFO - Opened login page
[ 2024-04-24 14:46:14,272 ] 91 luthien5921 - INFO - Opened login page
[ 2024-04-24 14:46:14,272 ] 91 luthien5921 - INFO - Opened login page
[ 2024-04-24 14:46:14,272 ] 91 luthien5921 - INFO - Opened login page
[ 2024-04-24 14:46:14,272 ] 91 luthien5921 - INFO - Opened login page
[ 2024-04-24 14:46:17,535 ] 91 luthien5921 - INFO - Logging in
[ 2024-04-24 14:46:17,535 ] 91 luthien5921 - INFO - Logging in
[ 2024-04-24 14:46:17,535 ] 91 luthien5921 - INFO - Logging in
[ 2024-04-24 14:46:17,535 ] 91 luthien5921 - INFO - Logging in
[ 2024-04-24 14:46:17,535 ] 91 luthien5921 - INFO - Logging in
[ 2024-04-24 14:46:17,535 ] 91 luthien5921 - INFO - Logging in
[ 2024-04-24 14:46:17,539 ] 91 luthien5921 - INFO - Current url: https://www.shinsei.e-aichi.jp/pref-aichi-police-u/offer/offerList_initDisplay
[ 2024-04-24 14:46:17,539 ] 91 luthien5921 - INFO - Current url: https://www.shinsei.e-aichi.jp/pref-aichi-police-u/offer/offerList_initDisplay
[ 2024-04-24 14:46:17,539 ] 91 luthien5921 - INFO - Current url: https://www.shinsei.e-aichi.jp/pref-aichi-police-u/offer/offerList_initDisplay
[ 2024-04-24 14:46:17,539 ] 91 luthien5921 - INFO - Current url: https://www.shinsei.e-aichi.jp/pref-aichi-police-u/offer/offerList_initDisplay
[ 2024-04-24 14:46:17,539 ] 91 luthien5921 - INFO - Current url: https://www.shinsei.e-aichi.jp/pref-aichi-police-u/offer/offerList_initDisplay
[ 2024-04-24 14:46:17,539 ] 91 luthien5921 - INFO - Current url: https://www.shinsei.e-aichi.jp/pref-aichi-police-u/offer/offerList_initDisplay
[ 2024-04-24 14:46:17,845 ] 91 luthien5921 - INFO - Logged in finished
[ 2024-04-24 14:46:17,845 ] 91 luthien5921 - INFO - Logged in finished
[ 2024-04-24 14:46:17,845 ] 91 luthien5921 - INFO - Logged in finished
[ 2024-04-24 14:46:17,845 ] 91 luthien5921 - INFO - Logged in finished
[ 2024-04-24 14:46:17,845 ] 91 luthien5921 - INFO - Logged in finished
[ 2024-04-24 14:46:17,845 ] 91 luthien5921 - INFO - Logged in finished
[ 2024-04-24 14:46:18,156 ] 91 luthien5921 - INFO - On main page
[ 2024-04-24 14:46:18,156 ] 91 luthien5921 - INFO - On main page
[ 2024-04-24 14:46:18,156 ] 91 luthien5921 - INFO - On main page
[ 2024-04-24 14:46:18,156 ] 91 luthien5921 - INFO - On main page
[ 2024-04-24 14:46:18,156 ] 91 luthien5921 - INFO - On main page
[ 2024-04-24 14:46:18,156 ] 91 luthien5921 - INFO - On main page
