[ 2024-04-24 14:45:48,455 ] 91 main_controller - INFO - Subprocess 0 started with trial number 0
[ 2024-04-24 14:45:48,456 ] 91 main_controller - ERROR - Account is a dictionary, convert to Account object: Username: luthien5921@gmail.com, Password: aichi@5921
[ 2024-04-24 14:45:50,577 ] 91 main_controller - INFO - Browser opened
[ 2024-04-24 14:46:00,927 ] 91 main_controller - INFO - Logged in successfully
[ 2024-04-24 14:46:01,214 ] 91 main_controller - INFO - Screenshot saved to C:\Users\USER\Projects\AichiTool\AichiSelenium\logs\2024_04_24\14_45_48\screenshot_luthien5921.png
[ 2024-04-24 14:46:01,214 ] 91 main_controller - INFO - Finding forms
[ 2024-04-24 14:46:03,192 ] 79 main_controller - ERROR - Caught exception: 'NoneType' object has no attribute 'group'
Traceback (most recent call last):
  File "C:\Users\USER\Projects\AichiTool\AichiSelenium\src\controllers\main_controller.py", line 72, in subprocess
    list_form_info = finder.find(browser)
  File "C:\Users\USER\Projects\AichiTool\AichiSelenium\src\controllers\finder.py", line 23, in find
    self._collect(browser)
  File "C:\Users\USER\Projects\AichiTool\AichiSelenium\src\controllers\finder.py", line 56, in _collect
    form_info = self._parse_data(form_text)
  File "C:\Users\USER\Projects\AichiTool\AichiSelenium\src\controllers\finder.py", line 95, in _parse_data
    form_info = FormInfo(title, status, start_date_str, end_date_str, template_seq)
  File "C:\Users\USER\Projects\AichiTool\AichiSelenium\src\models\form.py", line 74, in __init__
    self.end_datetime = du.string_to_datetime(end_date_str)
  File "C:\Users\USER\Projects\AichiTool\AichiSelenium\src\utils\data_utils.py", line 55, in string_to_datetime
    year = int(match_date.group(1))
AttributeError: 'NoneType' object has no attribute 'group'
[ 2024-04-24 14:46:06,431 ] 91 main_controller - INFO - Subprocess 0 started with trial number 1
[ 2024-04-24 14:46:06,431 ] 91 main_controller - INFO - Subprocess 0 started with trial number 1
[ 2024-04-24 14:46:08,566 ] 91 main_controller - INFO - Browser opened
[ 2024-04-24 14:46:08,566 ] 91 main_controller - INFO - Browser opened
[ 2024-04-24 14:46:17,845 ] 91 main_controller - INFO - Logged in successfully
[ 2024-04-24 14:46:17,845 ] 91 main_controller - INFO - Logged in successfully
[ 2024-04-24 14:46:18,148 ] 91 main_controller - INFO - Screenshot saved to C:\Users\USER\Projects\AichiTool\AichiSelenium\logs\2024_04_24\14_45_48\screenshot_luthien5921.png
[ 2024-04-24 14:46:18,148 ] 91 main_controller - INFO - Screenshot saved to C:\Users\USER\Projects\AichiTool\AichiSelenium\logs\2024_04_24\14_45_48\screenshot_luthien5921.png
[ 2024-04-24 14:46:18,149 ] 91 main_controller - INFO - Finding forms
[ 2024-04-24 14:46:18,149 ] 91 main_controller - INFO - Finding forms
