[ 2024-04-26 05:20:01,833 ] 91 main_controller - INFO - Subprocess 0 started with trial number 0
[ 2024-04-26 05:20:01,835 ] 91 main_controller - ERROR - Account is a dictionary, convert to Account object: Username: giathanh010101@gmail.com, Password: aichi@5921
[ 2024-04-26 05:20:03,849 ] 91 main_controller - INFO - Subprocess 1 started with trial number 0
[ 2024-04-26 05:20:03,849 ] 91 main_controller - INFO - Subprocess 1 started with trial number 0
[ 2024-04-26 05:20:03,849 ] 91 main_controller - ERROR - Account is a dictionary, convert to Account object: Username: piechipiechipeach@gmail.com, Password: aichi@5921
[ 2024-04-26 05:20:03,849 ] 91 main_controller - ERROR - Account is a dictionary, convert to Account object: Username: piechipiechipeach@gmail.com, Password: aichi@5921
[ 2024-04-26 05:20:04,359 ] 91 main_controller - INFO - Browser opened
[ 2024-04-26 05:20:04,359 ] 91 main_controller - INFO - Browser opened
[ 2024-04-26 05:20:04,702 ] 91 main_controller - INFO - Browser opened
[ 2024-04-26 05:20:04,702 ] 91 main_controller - INFO - Browser opened
[ 2024-04-26 05:20:05,859 ] 91 main_controller - INFO - Subprocess 2 started with trial number 0
[ 2024-04-26 05:20:05,859 ] 91 main_controller - INFO - Subprocess 2 started with trial number 0
[ 2024-04-26 05:20:05,859 ] 91 main_controller - INFO - Subprocess 2 started with trial number 0
[ 2024-04-26 05:20:05,860 ] 91 main_controller - ERROR - Account is a dictionary, convert to Account object: Username: piechipeach@gmail.com, Password: aichi@5921
[ 2024-04-26 05:20:05,860 ] 91 main_controller - ERROR - Account is a dictionary, convert to Account object: Username: piechipeach@gmail.com, Password: aichi@5921
[ 2024-04-26 05:20:05,860 ] 91 main_controller - ERROR - Account is a dictionary, convert to Account object: Username: piechipeach@gmail.com, Password: aichi@5921
[ 2024-04-26 05:20:06,596 ] 91 main_controller - INFO - Browser opened
[ 2024-04-26 05:20:06,596 ] 91 main_controller - INFO - Browser opened
[ 2024-04-26 05:20:06,596 ] 91 main_controller - INFO - Browser opened
[ 2024-04-26 05:20:07,871 ] 91 main_controller - INFO - Subprocess 3 started with trial number 0
[ 2024-04-26 05:20:07,871 ] 91 main_controller - INFO - Subprocess 3 started with trial number 0
[ 2024-04-26 05:20:07,871 ] 91 main_controller - INFO - Subprocess 3 started with trial number 0
[ 2024-04-26 05:20:07,871 ] 91 main_controller - INFO - Subprocess 3 started with trial number 0
[ 2024-04-26 05:20:07,872 ] 91 main_controller - ERROR - Account is a dictionary, convert to Account object: Username: nqkhanhtoan@gmail.com, Password: aichi@5921
[ 2024-04-26 05:20:07,872 ] 91 main_controller - ERROR - Account is a dictionary, convert to Account object: Username: nqkhanhtoan@gmail.com, Password: aichi@5921
[ 2024-04-26 05:20:07,872 ] 91 main_controller - ERROR - Account is a dictionary, convert to Account object: Username: nqkhanhtoan@gmail.com, Password: aichi@5921
[ 2024-04-26 05:20:07,872 ] 91 main_controller - ERROR - Account is a dictionary, convert to Account object: Username: nqkhanhtoan@gmail.com, Password: aichi@5921
[ 2024-04-26 05:20:08,606 ] 91 main_controller - INFO - Browser opened
[ 2024-04-26 05:20:08,606 ] 91 main_controller - INFO - Browser opened
[ 2024-04-26 05:20:08,606 ] 91 main_controller - INFO - Browser opened
[ 2024-04-26 05:20:08,606 ] 91 main_controller - INFO - Browser opened
[ 2024-04-26 05:20:13,116 ] 79 main_controller - ERROR - Caught exception: sequence item 1: expected str instance, NoSuchElementException found
Traceback (most recent call last):
  File "D:\luthien\code\Achi.Tool\AichiSelenium\src\controllers\access.py", line 38, in login
    browser.find_element(By.ID, "userLoginForm.userId").send_keys(self.account.username)
  File "C:\Users\Admin\anaconda3\envs\aichi\lib\site-packages\seleniumbase\core\sb_driver.py", line 20, in find_element
    return self.driver.default_find_element(by=by, value=value)
  File "C:\Users\Admin\anaconda3\envs\aichi\lib\site-packages\selenium\webdriver\remote\webdriver.py", line 741, in find_element
    return self.execute(Command.FIND_ELEMENT, {"using": by, "value": value})["value"]
  File "C:\Users\Admin\anaconda3\envs\aichi\lib\site-packages\selenium\webdriver\remote\webdriver.py", line 347, in execute
    self.error_handler.check_response(response)
  File "C:\Users\Admin\anaconda3\envs\aichi\lib\site-packages\selenium\webdriver\remote\errorhandler.py", line 229, in check_response
    raise exception_class(message, screen, stacktrace)
selenium.common.exceptions.NoSuchElementException: Message: no such element: Unable to locate element: {"method":"css selector","selector":"[id="userLoginForm.userId"]"}
  (Session info: chrome=124.0.6367.78); For documentation on this error, please visit: https://www.selenium.dev/documentation/webdriver/troubleshooting/errors#no-such-element-exception
Stacktrace:
	GetHandleVerifier [0x00007FF7DC99F922+3045234]
	(No symbol) [0x00007FF7DC643652]
	(No symbol) [0x00007FF7DC507564]
	(No symbol) [0x00007FF7DC555F9D]
	(No symbol) [0x00007FF7DC55606C]
	(No symbol) [0x00007FF7DC59BDD7]
	(No symbol) [0x00007FF7DC579DEF]
	(No symbol) [0x00007FF7DC5991C4]
	(No symbol) [0x00007FF7DC579B53]
	(No symbol) [0x00007FF7DC54813C]
	(No symbol) [0x00007FF7DC548D71]
	GetHandleVerifier [0x00007FF7DC9CE89D+3237613]
	GetHandleVerifier [0x00007FF7DCA10BA7+3508727]
	GetHandleVerifier [0x00007FF7DCA0976F+3478975]
	GetHandleVerifier [0x00007FF7DC77F1C6+815126]
	(No symbol) [0x00007FF7DC64ED0F]
	(No symbol) [0x00007FF7DC649854]
	(No symbol) [0x00007FF7DC6499E2]
	(No symbol) [0x00007FF7DC63A574]
	BaseThreadInitThunk [0x00007FF80616257D+29]
	RtlUserThreadStart [0x00007FF80798AA48+40]


During handling of the above exception, another exception occurred:

Traceback (most recent call last):
  File "D:\luthien\code\Achi.Tool\AichiSelenium\src\controllers\main_controller.py", line 58, in subprocess
    result = access.login(browser)
  File "D:\luthien\code\Achi.Tool\AichiSelenium\src\controllers\access.py", line 51, in login
    self.logger.error("Failed to login", e)
  File "D:\luthien\code\Achi.Tool\AichiSelenium\src\logs.py", line 73, in error
    self._log(logging.ERROR, *msg)
  File "D:\luthien\code\Achi.Tool\AichiSelenium\src\logs.py", line 90, in _log
    message = " ".join(msg)
TypeError: sequence item 1: expected str instance, NoSuchElementException found
[ 2024-04-26 05:20:13,116 ] 79 main_controller - ERROR - Caught exception: sequence item 1: expected str instance, NoSuchElementException found
Traceback (most recent call last):
  File "D:\luthien\code\Achi.Tool\AichiSelenium\src\controllers\access.py", line 38, in login
    browser.find_element(By.ID, "userLoginForm.userId").send_keys(self.account.username)
  File "C:\Users\Admin\anaconda3\envs\aichi\lib\site-packages\seleniumbase\core\sb_driver.py", line 20, in find_element
    return self.driver.default_find_element(by=by, value=value)
  File "C:\Users\Admin\anaconda3\envs\aichi\lib\site-packages\selenium\webdriver\remote\webdriver.py", line 741, in find_element
    return self.execute(Command.FIND_ELEMENT, {"using": by, "value": value})["value"]
  File "C:\Users\Admin\anaconda3\envs\aichi\lib\site-packages\selenium\webdriver\remote\webdriver.py", line 347, in execute
    self.error_handler.check_response(response)
  File "C:\Users\Admin\anaconda3\envs\aichi\lib\site-packages\selenium\webdriver\remote\errorhandler.py", line 229, in check_response
    raise exception_class(message, screen, stacktrace)
selenium.common.exceptions.NoSuchElementException: Message: no such element: Unable to locate element: {"method":"css selector","selector":"[id="userLoginForm.userId"]"}
  (Session info: chrome=124.0.6367.78); For documentation on this error, please visit: https://www.selenium.dev/documentation/webdriver/troubleshooting/errors#no-such-element-exception
Stacktrace:
	GetHandleVerifier [0x00007FF7DC99F922+3045234]
	(No symbol) [0x00007FF7DC643652]
	(No symbol) [0x00007FF7DC507564]
	(No symbol) [0x00007FF7DC555F9D]
	(No symbol) [0x00007FF7DC55606C]
	(No symbol) [0x00007FF7DC59BDD7]
	(No symbol) [0x00007FF7DC579DEF]
	(No symbol) [0x00007FF7DC5991C4]
	(No symbol) [0x00007FF7DC579B53]
	(No symbol) [0x00007FF7DC54813C]
	(No symbol) [0x00007FF7DC548D71]
	GetHandleVerifier [0x00007FF7DC9CE89D+3237613]
	GetHandleVerifier [0x00007FF7DCA10BA7+3508727]
	GetHandleVerifier [0x00007FF7DCA0976F+3478975]
	GetHandleVerifier [0x00007FF7DC77F1C6+815126]
	(No symbol) [0x00007FF7DC64ED0F]
	(No symbol) [0x00007FF7DC649854]
	(No symbol) [0x00007FF7DC6499E2]
	(No symbol) [0x00007FF7DC63A574]
	BaseThreadInitThunk [0x00007FF80616257D+29]
	RtlUserThreadStart [0x00007FF80798AA48+40]


During handling of the above exception, another exception occurred:

Traceback (most recent call last):
  File "D:\luthien\code\Achi.Tool\AichiSelenium\src\controllers\main_controller.py", line 58, in subprocess
    result = access.login(browser)
  File "D:\luthien\code\Achi.Tool\AichiSelenium\src\controllers\access.py", line 51, in login
    self.logger.error("Failed to login", e)
  File "D:\luthien\code\Achi.Tool\AichiSelenium\src\logs.py", line 73, in error
    self._log(logging.ERROR, *msg)
  File "D:\luthien\code\Achi.Tool\AichiSelenium\src\logs.py", line 90, in _log
    message = " ".join(msg)
TypeError: sequence item 1: expected str instance, NoSuchElementException found
[ 2024-04-26 05:20:13,116 ] 79 main_controller - ERROR - Caught exception: sequence item 1: expected str instance, NoSuchElementException found
Traceback (most recent call last):
  File "D:\luthien\code\Achi.Tool\AichiSelenium\src\controllers\access.py", line 38, in login
    browser.find_element(By.ID, "userLoginForm.userId").send_keys(self.account.username)
  File "C:\Users\Admin\anaconda3\envs\aichi\lib\site-packages\seleniumbase\core\sb_driver.py", line 20, in find_element
    return self.driver.default_find_element(by=by, value=value)
  File "C:\Users\Admin\anaconda3\envs\aichi\lib\site-packages\selenium\webdriver\remote\webdriver.py", line 741, in find_element
    return self.execute(Command.FIND_ELEMENT, {"using": by, "value": value})["value"]
  File "C:\Users\Admin\anaconda3\envs\aichi\lib\site-packages\selenium\webdriver\remote\webdriver.py", line 347, in execute
    self.error_handler.check_response(response)
  File "C:\Users\Admin\anaconda3\envs\aichi\lib\site-packages\selenium\webdriver\remote\errorhandler.py", line 229, in check_response
    raise exception_class(message, screen, stacktrace)
selenium.common.exceptions.NoSuchElementException: Message: no such element: Unable to locate element: {"method":"css selector","selector":"[id="userLoginForm.userId"]"}
  (Session info: chrome=124.0.6367.78); For documentation on this error, please visit: https://www.selenium.dev/documentation/webdriver/troubleshooting/errors#no-such-element-exception
Stacktrace:
	GetHandleVerifier [0x00007FF7DC99F922+3045234]
	(No symbol) [0x00007FF7DC643652]
	(No symbol) [0x00007FF7DC507564]
	(No symbol) [0x00007FF7DC555F9D]
	(No symbol) [0x00007FF7DC55606C]
	(No symbol) [0x00007FF7DC59BDD7]
	(No symbol) [0x00007FF7DC579DEF]
	(No symbol) [0x00007FF7DC5991C4]
	(No symbol) [0x00007FF7DC579B53]
	(No symbol) [0x00007FF7DC54813C]
	(No symbol) [0x00007FF7DC548D71]
	GetHandleVerifier [0x00007FF7DC9CE89D+3237613]
	GetHandleVerifier [0x00007FF7DCA10BA7+3508727]
	GetHandleVerifier [0x00007FF7DCA0976F+3478975]
	GetHandleVerifier [0x00007FF7DC77F1C6+815126]
	(No symbol) [0x00007FF7DC64ED0F]
	(No symbol) [0x00007FF7DC649854]
	(No symbol) [0x00007FF7DC6499E2]
	(No symbol) [0x00007FF7DC63A574]
	BaseThreadInitThunk [0x00007FF80616257D+29]
	RtlUserThreadStart [0x00007FF80798AA48+40]


During handling of the above exception, another exception occurred:

Traceback (most recent call last):
  File "D:\luthien\code\Achi.Tool\AichiSelenium\src\controllers\main_controller.py", line 58, in subprocess
    result = access.login(browser)
  File "D:\luthien\code\Achi.Tool\AichiSelenium\src\controllers\access.py", line 51, in login
    self.logger.error("Failed to login", e)
  File "D:\luthien\code\Achi.Tool\AichiSelenium\src\logs.py", line 73, in error
    self._log(logging.ERROR, *msg)
  File "D:\luthien\code\Achi.Tool\AichiSelenium\src\logs.py", line 90, in _log
    message = " ".join(msg)
TypeError: sequence item 1: expected str instance, NoSuchElementException found
[ 2024-04-26 05:20:13,116 ] 79 main_controller - ERROR - Caught exception: sequence item 1: expected str instance, NoSuchElementException found
Traceback (most recent call last):
  File "D:\luthien\code\Achi.Tool\AichiSelenium\src\controllers\access.py", line 38, in login
    browser.find_element(By.ID, "userLoginForm.userId").send_keys(self.account.username)
  File "C:\Users\Admin\anaconda3\envs\aichi\lib\site-packages\seleniumbase\core\sb_driver.py", line 20, in find_element
    return self.driver.default_find_element(by=by, value=value)
  File "C:\Users\Admin\anaconda3\envs\aichi\lib\site-packages\selenium\webdriver\remote\webdriver.py", line 741, in find_element
    return self.execute(Command.FIND_ELEMENT, {"using": by, "value": value})["value"]
  File "C:\Users\Admin\anaconda3\envs\aichi\lib\site-packages\selenium\webdriver\remote\webdriver.py", line 347, in execute
    self.error_handler.check_response(response)
  File "C:\Users\Admin\anaconda3\envs\aichi\lib\site-packages\selenium\webdriver\remote\errorhandler.py", line 229, in check_response
    raise exception_class(message, screen, stacktrace)
selenium.common.exceptions.NoSuchElementException: Message: no such element: Unable to locate element: {"method":"css selector","selector":"[id="userLoginForm.userId"]"}
  (Session info: chrome=124.0.6367.78); For documentation on this error, please visit: https://www.selenium.dev/documentation/webdriver/troubleshooting/errors#no-such-element-exception
Stacktrace:
	GetHandleVerifier [0x00007FF7DC99F922+3045234]
	(No symbol) [0x00007FF7DC643652]
	(No symbol) [0x00007FF7DC507564]
	(No symbol) [0x00007FF7DC555F9D]
	(No symbol) [0x00007FF7DC55606C]
	(No symbol) [0x00007FF7DC59BDD7]
	(No symbol) [0x00007FF7DC579DEF]
	(No symbol) [0x00007FF7DC5991C4]
	(No symbol) [0x00007FF7DC579B53]
	(No symbol) [0x00007FF7DC54813C]
	(No symbol) [0x00007FF7DC548D71]
	GetHandleVerifier [0x00007FF7DC9CE89D+3237613]
	GetHandleVerifier [0x00007FF7DCA10BA7+3508727]
	GetHandleVerifier [0x00007FF7DCA0976F+3478975]
	GetHandleVerifier [0x00007FF7DC77F1C6+815126]
	(No symbol) [0x00007FF7DC64ED0F]
	(No symbol) [0x00007FF7DC649854]
	(No symbol) [0x00007FF7DC6499E2]
	(No symbol) [0x00007FF7DC63A574]
	BaseThreadInitThunk [0x00007FF80616257D+29]
	RtlUserThreadStart [0x00007FF80798AA48+40]


During handling of the above exception, another exception occurred:

Traceback (most recent call last):
  File "D:\luthien\code\Achi.Tool\AichiSelenium\src\controllers\main_controller.py", line 58, in subprocess
    result = access.login(browser)
  File "D:\luthien\code\Achi.Tool\AichiSelenium\src\controllers\access.py", line 51, in login
    self.logger.error("Failed to login", e)
  File "D:\luthien\code\Achi.Tool\AichiSelenium\src\logs.py", line 73, in error
    self._log(logging.ERROR, *msg)
  File "D:\luthien\code\Achi.Tool\AichiSelenium\src\logs.py", line 90, in _log
    message = " ".join(msg)
TypeError: sequence item 1: expected str instance, NoSuchElementException found
[ 2024-04-26 05:20:14,477 ] 91 main_controller - INFO - Logged in successfully
[ 2024-04-26 05:20:14,477 ] 91 main_controller - INFO - Logged in successfully
[ 2024-04-26 05:20:14,477 ] 91 main_controller - INFO - Logged in successfully
[ 2024-04-26 05:20:14,477 ] 91 main_controller - INFO - Logged in successfully
[ 2024-04-26 05:20:14,599 ] 91 main_controller - INFO - Screenshot saved to D:\luthien\code\Achi.Tool\AichiSelenium\logs\2024_04_26\05_20_01\screenshot_giathanh010101.png
[ 2024-04-26 05:20:14,599 ] 91 main_controller - INFO - Screenshot saved to D:\luthien\code\Achi.Tool\AichiSelenium\logs\2024_04_26\05_20_01\screenshot_giathanh010101.png
[ 2024-04-26 05:20:14,599 ] 91 main_controller - INFO - Screenshot saved to D:\luthien\code\Achi.Tool\AichiSelenium\logs\2024_04_26\05_20_01\screenshot_giathanh010101.png
[ 2024-04-26 05:20:14,599 ] 91 main_controller - INFO - Screenshot saved to D:\luthien\code\Achi.Tool\AichiSelenium\logs\2024_04_26\05_20_01\screenshot_giathanh010101.png
[ 2024-04-26 05:20:14,599 ] 91 main_controller - INFO - Finding forms
[ 2024-04-26 05:20:14,599 ] 91 main_controller - INFO - Finding forms
[ 2024-04-26 05:20:14,599 ] 91 main_controller - INFO - Finding forms
[ 2024-04-26 05:20:14,599 ] 91 main_controller - INFO - Finding forms
[ 2024-04-26 05:20:15,085 ] 91 main_controller - INFO - Logged in successfully
[ 2024-04-26 05:20:15,085 ] 91 main_controller - INFO - Logged in successfully
[ 2024-04-26 05:20:15,085 ] 91 main_controller - INFO - Logged in successfully
[ 2024-04-26 05:20:15,085 ] 91 main_controller - INFO - Logged in successfully
[ 2024-04-26 05:20:15,189 ] 91 main_controller - INFO - Screenshot saved to D:\luthien\code\Achi.Tool\AichiSelenium\logs\2024_04_26\05_20_01\screenshot_piechipiechipeach.png
[ 2024-04-26 05:20:15,189 ] 91 main_controller - INFO - Screenshot saved to D:\luthien\code\Achi.Tool\AichiSelenium\logs\2024_04_26\05_20_01\screenshot_piechipiechipeach.png
[ 2024-04-26 05:20:15,189 ] 91 main_controller - INFO - Screenshot saved to D:\luthien\code\Achi.Tool\AichiSelenium\logs\2024_04_26\05_20_01\screenshot_piechipiechipeach.png
[ 2024-04-26 05:20:15,189 ] 91 main_controller - INFO - Screenshot saved to D:\luthien\code\Achi.Tool\AichiSelenium\logs\2024_04_26\05_20_01\screenshot_piechipiechipeach.png
[ 2024-04-26 05:20:15,189 ] 91 main_controller - INFO - Finding forms
[ 2024-04-26 05:20:15,189 ] 91 main_controller - INFO - Finding forms
[ 2024-04-26 05:20:15,189 ] 91 main_controller - INFO - Finding forms
[ 2024-04-26 05:20:15,189 ] 91 main_controller - INFO - Finding forms
[ 2024-04-26 05:20:15,261 ] 91 main_controller - INFO - Subprocess 2 started with trial number 1
[ 2024-04-26 05:20:15,261 ] 91 main_controller - INFO - Subprocess 2 started with trial number 1
[ 2024-04-26 05:20:15,261 ] 91 main_controller - INFO - Subprocess 2 started with trial number 1
[ 2024-04-26 05:20:15,261 ] 91 main_controller - INFO - Subprocess 2 started with trial number 1
[ 2024-04-26 05:20:15,261 ] 91 main_controller - INFO - Subprocess 2 started with trial number 1
[ 2024-04-26 05:20:15,985 ] 91 main_controller - INFO - Browser opened
[ 2024-04-26 05:20:15,985 ] 91 main_controller - INFO - Browser opened
[ 2024-04-26 05:20:15,985 ] 91 main_controller - INFO - Browser opened
[ 2024-04-26 05:20:15,985 ] 91 main_controller - INFO - Browser opened
[ 2024-04-26 05:20:15,985 ] 91 main_controller - INFO - Browser opened
[ 2024-04-26 05:20:17,849 ] 91 main_controller - INFO - Logged in successfully
[ 2024-04-26 05:20:17,849 ] 91 main_controller - INFO - Logged in successfully
[ 2024-04-26 05:20:17,849 ] 91 main_controller - INFO - Logged in successfully
[ 2024-04-26 05:20:17,849 ] 91 main_controller - INFO - Logged in successfully
[ 2024-04-26 05:20:17,849 ] 91 main_controller - INFO - Logged in successfully
[ 2024-04-26 05:20:17,971 ] 91 main_controller - INFO - Screenshot saved to D:\luthien\code\Achi.Tool\AichiSelenium\logs\2024_04_26\05_20_01\screenshot_nqkhanhtoan.png
[ 2024-04-26 05:20:17,971 ] 91 main_controller - INFO - Screenshot saved to D:\luthien\code\Achi.Tool\AichiSelenium\logs\2024_04_26\05_20_01\screenshot_nqkhanhtoan.png
[ 2024-04-26 05:20:17,971 ] 91 main_controller - INFO - Screenshot saved to D:\luthien\code\Achi.Tool\AichiSelenium\logs\2024_04_26\05_20_01\screenshot_nqkhanhtoan.png
[ 2024-04-26 05:20:17,971 ] 91 main_controller - INFO - Screenshot saved to D:\luthien\code\Achi.Tool\AichiSelenium\logs\2024_04_26\05_20_01\screenshot_nqkhanhtoan.png
[ 2024-04-26 05:20:17,971 ] 91 main_controller - INFO - Screenshot saved to D:\luthien\code\Achi.Tool\AichiSelenium\logs\2024_04_26\05_20_01\screenshot_nqkhanhtoan.png
[ 2024-04-26 05:20:17,971 ] 91 main_controller - INFO - Finding forms
[ 2024-04-26 05:20:17,971 ] 91 main_controller - INFO - Finding forms
[ 2024-04-26 05:20:17,971 ] 91 main_controller - INFO - Finding forms
[ 2024-04-26 05:20:17,971 ] 91 main_controller - INFO - Finding forms
[ 2024-04-26 05:20:17,971 ] 91 main_controller - INFO - Finding forms
[ 2024-04-26 05:20:24,921 ] 91 main_controller - INFO - Logged in successfully
[ 2024-04-26 05:20:24,921 ] 91 main_controller - INFO - Logged in successfully
[ 2024-04-26 05:20:24,921 ] 91 main_controller - INFO - Logged in successfully
[ 2024-04-26 05:20:24,921 ] 91 main_controller - INFO - Logged in successfully
[ 2024-04-26 05:20:24,921 ] 91 main_controller - INFO - Logged in successfully
[ 2024-04-26 05:20:25,015 ] 91 main_controller - INFO - Screenshot saved to D:\luthien\code\Achi.Tool\AichiSelenium\logs\2024_04_26\05_20_01\screenshot_piechipeach.png
[ 2024-04-26 05:20:25,015 ] 91 main_controller - INFO - Screenshot saved to D:\luthien\code\Achi.Tool\AichiSelenium\logs\2024_04_26\05_20_01\screenshot_piechipeach.png
[ 2024-04-26 05:20:25,015 ] 91 main_controller - INFO - Screenshot saved to D:\luthien\code\Achi.Tool\AichiSelenium\logs\2024_04_26\05_20_01\screenshot_piechipeach.png
[ 2024-04-26 05:20:25,015 ] 91 main_controller - INFO - Screenshot saved to D:\luthien\code\Achi.Tool\AichiSelenium\logs\2024_04_26\05_20_01\screenshot_piechipeach.png
[ 2024-04-26 05:20:25,015 ] 91 main_controller - INFO - Screenshot saved to D:\luthien\code\Achi.Tool\AichiSelenium\logs\2024_04_26\05_20_01\screenshot_piechipeach.png
[ 2024-04-26 05:20:25,016 ] 91 main_controller - INFO - Finding forms
[ 2024-04-26 05:20:25,016 ] 91 main_controller - INFO - Finding forms
[ 2024-04-26 05:20:25,016 ] 91 main_controller - INFO - Finding forms
[ 2024-04-26 05:20:25,016 ] 91 main_controller - INFO - Finding forms
[ 2024-04-26 05:20:25,016 ] 91 main_controller - INFO - Finding forms
[ 2024-04-26 05:30:01,723 ] 91 main_controller - INFO - Found 3 form(s)
[ 2024-04-26 05:30:01,723 ] 91 main_controller - INFO - Found 3 form(s)
[ 2024-04-26 05:30:01,723 ] 91 main_controller - INFO - Found 3 form(s)
[ 2024-04-26 05:30:01,723 ] 91 main_controller - INFO - Found 3 form(s)
[ 2024-04-26 05:30:01,723 ] 91 main_controller - INFO - Found 3 form(s)
[ 2024-04-26 05:30:01,723 ] 91 main_controller - INFO - Customers: None
[ 2024-04-26 05:30:01,723 ] 91 main_controller - INFO - Customers: None
[ 2024-04-26 05:30:01,723 ] 91 main_controller - INFO - Customers: None
[ 2024-04-26 05:30:01,723 ] 91 main_controller - INFO - Customers: None
[ 2024-04-26 05:30:01,723 ] 91 main_controller - INFO - Customers: None
[ 2024-04-26 05:30:01,852 ] 91 main_controller - INFO - Found 3 form(s)
[ 2024-04-26 05:30:01,852 ] 91 main_controller - INFO - Found 3 form(s)
[ 2024-04-26 05:30:01,852 ] 91 main_controller - INFO - Found 3 form(s)
[ 2024-04-26 05:30:01,852 ] 91 main_controller - INFO - Found 3 form(s)
[ 2024-04-26 05:30:01,852 ] 91 main_controller - INFO - Found 3 form(s)
[ 2024-04-26 05:30:01,852 ] 91 main_controller - INFO - Customers: None
[ 2024-04-26 05:30:01,852 ] 91 main_controller - INFO - Customers: None
[ 2024-04-26 05:30:01,852 ] 91 main_controller - INFO - Customers: None
[ 2024-04-26 05:30:01,852 ] 91 main_controller - INFO - Customers: None
[ 2024-04-26 05:30:01,852 ] 91 main_controller - INFO - Customers: None
[ 2024-04-26 05:30:03,153 ] 91 main_controller - INFO - Found 3 form(s)
[ 2024-04-26 05:30:03,153 ] 91 main_controller - INFO - Found 3 form(s)
[ 2024-04-26 05:30:03,153 ] 91 main_controller - INFO - Found 3 form(s)
[ 2024-04-26 05:30:03,153 ] 91 main_controller - INFO - Found 3 form(s)
[ 2024-04-26 05:30:03,153 ] 91 main_controller - INFO - Found 3 form(s)
[ 2024-04-26 05:30:03,153 ] 91 main_controller - INFO - Customers: None
[ 2024-04-26 05:30:03,153 ] 91 main_controller - INFO - Customers: None
[ 2024-04-26 05:30:03,153 ] 91 main_controller - INFO - Customers: None
[ 2024-04-26 05:30:03,153 ] 91 main_controller - INFO - Customers: None
[ 2024-04-26 05:30:03,153 ] 91 main_controller - INFO - Customers: None
[ 2024-04-26 05:30:06,671 ] 91 main_controller - INFO - Found 3 form(s)
[ 2024-04-26 05:30:06,671 ] 91 main_controller - INFO - Found 3 form(s)
[ 2024-04-26 05:30:06,671 ] 91 main_controller - INFO - Found 3 form(s)
[ 2024-04-26 05:30:06,671 ] 91 main_controller - INFO - Found 3 form(s)
[ 2024-04-26 05:30:06,671 ] 91 main_controller - INFO - Found 3 form(s)
[ 2024-04-26 05:30:06,671 ] 91 main_controller - INFO - Customers: None
[ 2024-04-26 05:30:06,671 ] 91 main_controller - INFO - Customers: None
[ 2024-04-26 05:30:06,671 ] 91 main_controller - INFO - Customers: None
[ 2024-04-26 05:30:06,671 ] 91 main_controller - INFO - Customers: None
[ 2024-04-26 05:30:06,671 ] 91 main_controller - INFO - Customers: None
[ 2024-04-26 05:30:26,122 ] 91 main_controller - INFO - Failed to fill form, template sequence: 96822
[ 2024-04-26 05:30:26,122 ] 91 main_controller - INFO - Failed to fill form, template sequence: 96822
[ 2024-04-26 05:30:26,122 ] 91 main_controller - INFO - Failed to fill form, template sequence: 96822
[ 2024-04-26 05:30:26,122 ] 91 main_controller - INFO - Failed to fill form, template sequence: 96822
[ 2024-04-26 05:30:26,122 ] 91 main_controller - INFO - Failed to fill form, template sequence: 96822
[ 2024-04-26 05:30:26,122 ] 91 main_controller - INFO - Remaining form(s): 3
[ 2024-04-26 05:30:26,122 ] 91 main_controller - INFO - Remaining form(s): 3
[ 2024-04-26 05:30:26,122 ] 91 main_controller - INFO - Remaining form(s): 3
[ 2024-04-26 05:30:26,122 ] 91 main_controller - INFO - Remaining form(s): 3
[ 2024-04-26 05:30:26,122 ] 91 main_controller - INFO - Remaining form(s): 3
[ 2024-04-26 05:31:04,488 ] 91 main_controller - INFO - Failed to fill form, template sequence: 96823
[ 2024-04-26 05:31:04,488 ] 91 main_controller - INFO - Failed to fill form, template sequence: 96823
[ 2024-04-26 05:31:04,488 ] 91 main_controller - INFO - Failed to fill form, template sequence: 96823
[ 2024-04-26 05:31:04,488 ] 91 main_controller - INFO - Failed to fill form, template sequence: 96823
[ 2024-04-26 05:31:04,488 ] 91 main_controller - INFO - Failed to fill form, template sequence: 96823
[ 2024-04-26 05:31:04,527 ] 91 main_controller - INFO - Failed to fill form, template sequence: 96821
[ 2024-04-26 05:31:04,527 ] 91 main_controller - INFO - Failed to fill form, template sequence: 96821
[ 2024-04-26 05:31:04,527 ] 91 main_controller - INFO - Failed to fill form, template sequence: 96821
[ 2024-04-26 05:31:04,527 ] 91 main_controller - INFO - Failed to fill form, template sequence: 96821
[ 2024-04-26 05:31:04,527 ] 91 main_controller - INFO - Failed to fill form, template sequence: 96821
[ 2024-04-26 05:31:04,529 ] 91 main_controller - INFO - Failed to fill form, template sequence: 96822
[ 2024-04-26 05:31:04,529 ] 91 main_controller - INFO - Failed to fill form, template sequence: 96822
[ 2024-04-26 05:31:04,529 ] 91 main_controller - INFO - Failed to fill form, template sequence: 96822
[ 2024-04-26 05:31:04,529 ] 91 main_controller - INFO - Failed to fill form, template sequence: 96822
[ 2024-04-26 05:31:04,529 ] 91 main_controller - INFO - Failed to fill form, template sequence: 96822
[ 2024-04-26 05:31:04,529 ] 91 main_controller - INFO - Remaining form(s): 3
[ 2024-04-26 05:31:04,529 ] 91 main_controller - INFO - Remaining form(s): 3
[ 2024-04-26 05:31:04,529 ] 91 main_controller - INFO - Remaining form(s): 3
[ 2024-04-26 05:31:04,529 ] 91 main_controller - INFO - Remaining form(s): 3
[ 2024-04-26 05:31:04,529 ] 91 main_controller - INFO - Remaining form(s): 3
[ 2024-04-26 05:31:04,529 ] 91 main_controller - INFO - Remaining form(s): 3
[ 2024-04-26 05:31:04,529 ] 91 main_controller - INFO - Remaining form(s): 3
[ 2024-04-26 05:31:04,529 ] 91 main_controller - INFO - Remaining form(s): 3
[ 2024-04-26 05:31:04,529 ] 91 main_controller - INFO - Remaining form(s): 3
[ 2024-04-26 05:31:04,529 ] 91 main_controller - INFO - Remaining form(s): 3
[ 2024-04-26 05:31:04,529 ] 91 main_controller - INFO - Remaining form(s): 3
[ 2024-04-26 05:31:04,529 ] 91 main_controller - INFO - Remaining form(s): 3
[ 2024-04-26 05:31:04,529 ] 91 main_controller - INFO - Remaining form(s): 3
[ 2024-04-26 05:31:04,529 ] 91 main_controller - INFO - Remaining form(s): 3
[ 2024-04-26 05:31:04,529 ] 91 main_controller - INFO - Remaining form(s): 3
[ 2024-04-26 05:31:09,986 ] 91 main_controller - INFO - Failed to fill form, template sequence: 96822
[ 2024-04-26 05:31:09,986 ] 91 main_controller - INFO - Failed to fill form, template sequence: 96822
[ 2024-04-26 05:31:09,986 ] 91 main_controller - INFO - Failed to fill form, template sequence: 96822
[ 2024-04-26 05:31:09,986 ] 91 main_controller - INFO - Failed to fill form, template sequence: 96822
[ 2024-04-26 05:31:09,986 ] 91 main_controller - INFO - Failed to fill form, template sequence: 96822
[ 2024-04-26 05:31:09,986 ] 91 main_controller - INFO - Remaining form(s): 3
[ 2024-04-26 05:31:09,986 ] 91 main_controller - INFO - Remaining form(s): 3
[ 2024-04-26 05:31:09,986 ] 91 main_controller - INFO - Remaining form(s): 3
[ 2024-04-26 05:31:09,986 ] 91 main_controller - INFO - Remaining form(s): 3
[ 2024-04-26 05:31:09,986 ] 91 main_controller - INFO - Remaining form(s): 3
[ 2024-04-26 05:31:10,240 ] 91 main_controller - INFO - Failed to fill form, template sequence: 96823
[ 2024-04-26 05:31:10,240 ] 91 main_controller - INFO - Failed to fill form, template sequence: 96823
[ 2024-04-26 05:31:10,240 ] 91 main_controller - INFO - Failed to fill form, template sequence: 96823
[ 2024-04-26 05:31:10,240 ] 91 main_controller - INFO - Failed to fill form, template sequence: 96823
[ 2024-04-26 05:31:10,240 ] 91 main_controller - INFO - Failed to fill form, template sequence: 96823
[ 2024-04-26 05:31:10,241 ] 91 main_controller - INFO - Remaining form(s): 3
[ 2024-04-26 05:31:10,241 ] 91 main_controller - INFO - Remaining form(s): 3
[ 2024-04-26 05:31:10,241 ] 91 main_controller - INFO - Remaining form(s): 3
[ 2024-04-26 05:31:10,241 ] 91 main_controller - INFO - Remaining form(s): 3
[ 2024-04-26 05:31:10,241 ] 91 main_controller - INFO - Remaining form(s): 3
[ 2024-04-26 05:31:10,628 ] 91 main_controller - INFO - Form is closed, template sequence: 96821
[ 2024-04-26 05:31:10,628 ] 91 main_controller - INFO - Form is closed, template sequence: 96821
[ 2024-04-26 05:31:10,628 ] 91 main_controller - INFO - Form is closed, template sequence: 96821
[ 2024-04-26 05:31:10,628 ] 91 main_controller - INFO - Form is closed, template sequence: 96821
[ 2024-04-26 05:31:10,628 ] 91 main_controller - INFO - Form is closed, template sequence: 96821
[ 2024-04-26 05:31:10,628 ] 91 main_controller - INFO - Remaining form(s): 2
[ 2024-04-26 05:31:10,628 ] 91 main_controller - INFO - Remaining form(s): 2
[ 2024-04-26 05:31:10,628 ] 91 main_controller - INFO - Remaining form(s): 2
[ 2024-04-26 05:31:10,628 ] 91 main_controller - INFO - Remaining form(s): 2
[ 2024-04-26 05:31:10,628 ] 91 main_controller - INFO - Remaining form(s): 2
[ 2024-04-26 05:31:15,571 ] 91 main_controller - INFO - Form is closed, template sequence: 96821
[ 2024-04-26 05:31:15,571 ] 91 main_controller - INFO - Form is closed, template sequence: 96821
[ 2024-04-26 05:31:15,571 ] 91 main_controller - INFO - Form is closed, template sequence: 96821
[ 2024-04-26 05:31:15,571 ] 91 main_controller - INFO - Form is closed, template sequence: 96821
[ 2024-04-26 05:31:15,571 ] 91 main_controller - INFO - Form is closed, template sequence: 96821
[ 2024-04-26 05:31:15,571 ] 91 main_controller - INFO - Remaining form(s): 2
[ 2024-04-26 05:31:15,571 ] 91 main_controller - INFO - Remaining form(s): 2
[ 2024-04-26 05:31:15,571 ] 91 main_controller - INFO - Remaining form(s): 2
[ 2024-04-26 05:31:15,571 ] 91 main_controller - INFO - Remaining form(s): 2
[ 2024-04-26 05:31:15,571 ] 91 main_controller - INFO - Remaining form(s): 2
[ 2024-04-26 05:31:15,834 ] 91 main_controller - INFO - Form is closed, template sequence: 96822
[ 2024-04-26 05:31:15,834 ] 91 main_controller - INFO - Form is closed, template sequence: 96822
[ 2024-04-26 05:31:15,834 ] 91 main_controller - INFO - Form is closed, template sequence: 96822
[ 2024-04-26 05:31:15,834 ] 91 main_controller - INFO - Form is closed, template sequence: 96822
[ 2024-04-26 05:31:15,834 ] 91 main_controller - INFO - Form is closed, template sequence: 96822
[ 2024-04-26 05:31:15,834 ] 91 main_controller - INFO - Remaining form(s): 2
[ 2024-04-26 05:31:15,834 ] 91 main_controller - INFO - Remaining form(s): 2
[ 2024-04-26 05:31:15,834 ] 91 main_controller - INFO - Remaining form(s): 2
[ 2024-04-26 05:31:15,834 ] 91 main_controller - INFO - Remaining form(s): 2
[ 2024-04-26 05:31:15,834 ] 91 main_controller - INFO - Remaining form(s): 2
[ 2024-04-26 05:31:21,431 ] 91 main_controller - INFO - Form is closed, template sequence: 96821
[ 2024-04-26 05:31:21,431 ] 91 main_controller - INFO - Form is closed, template sequence: 96821
[ 2024-04-26 05:31:21,431 ] 91 main_controller - INFO - Form is closed, template sequence: 96821
[ 2024-04-26 05:31:21,431 ] 91 main_controller - INFO - Form is closed, template sequence: 96821
[ 2024-04-26 05:31:21,431 ] 91 main_controller - INFO - Form is closed, template sequence: 96821
[ 2024-04-26 05:31:21,431 ] 91 main_controller - INFO - Remaining form(s): 1
[ 2024-04-26 05:31:21,431 ] 91 main_controller - INFO - Remaining form(s): 1
[ 2024-04-26 05:31:21,431 ] 91 main_controller - INFO - Remaining form(s): 1
[ 2024-04-26 05:31:21,431 ] 91 main_controller - INFO - Remaining form(s): 1
[ 2024-04-26 05:31:21,431 ] 91 main_controller - INFO - Remaining form(s): 1
[ 2024-04-26 05:31:30,369 ] 91 main_controller - INFO - Failed to fill form, template sequence: 96823
[ 2024-04-26 05:31:30,369 ] 91 main_controller - INFO - Failed to fill form, template sequence: 96823
[ 2024-04-26 05:31:30,369 ] 91 main_controller - INFO - Failed to fill form, template sequence: 96823
[ 2024-04-26 05:31:30,369 ] 91 main_controller - INFO - Failed to fill form, template sequence: 96823
[ 2024-04-26 05:31:30,369 ] 91 main_controller - INFO - Failed to fill form, template sequence: 96823
[ 2024-04-26 05:31:30,370 ] 91 main_controller - INFO - Remaining form(s): 2
[ 2024-04-26 05:31:30,370 ] 91 main_controller - INFO - Remaining form(s): 2
[ 2024-04-26 05:31:30,370 ] 91 main_controller - INFO - Remaining form(s): 2
[ 2024-04-26 05:31:30,370 ] 91 main_controller - INFO - Remaining form(s): 2
[ 2024-04-26 05:31:30,370 ] 91 main_controller - INFO - Remaining form(s): 2
[ 2024-04-26 05:31:33,324 ] 91 main_controller - INFO - Failed to fill form, template sequence: 96823
[ 2024-04-26 05:31:33,324 ] 91 main_controller - INFO - Failed to fill form, template sequence: 96823
[ 2024-04-26 05:31:33,324 ] 91 main_controller - INFO - Failed to fill form, template sequence: 96823
[ 2024-04-26 05:31:33,324 ] 91 main_controller - INFO - Failed to fill form, template sequence: 96823
[ 2024-04-26 05:31:33,324 ] 91 main_controller - INFO - Failed to fill form, template sequence: 96823
[ 2024-04-26 05:31:33,326 ] 91 main_controller - INFO - Remaining form(s): 2
[ 2024-04-26 05:31:33,326 ] 91 main_controller - INFO - Remaining form(s): 2
[ 2024-04-26 05:31:33,326 ] 91 main_controller - INFO - Remaining form(s): 2
[ 2024-04-26 05:31:33,326 ] 91 main_controller - INFO - Remaining form(s): 2
[ 2024-04-26 05:31:33,326 ] 91 main_controller - INFO - Remaining form(s): 2
[ 2024-04-26 05:31:35,235 ] 91 main_controller - INFO - Failed to fill form, template sequence: 96823
[ 2024-04-26 05:31:35,235 ] 91 main_controller - INFO - Failed to fill form, template sequence: 96823
[ 2024-04-26 05:31:35,235 ] 91 main_controller - INFO - Failed to fill form, template sequence: 96823
[ 2024-04-26 05:31:35,235 ] 91 main_controller - INFO - Failed to fill form, template sequence: 96823
[ 2024-04-26 05:31:35,235 ] 91 main_controller - INFO - Failed to fill form, template sequence: 96823
[ 2024-04-26 05:31:35,236 ] 91 main_controller - INFO - Remaining form(s): 3
[ 2024-04-26 05:31:35,236 ] 91 main_controller - INFO - Remaining form(s): 3
[ 2024-04-26 05:31:35,236 ] 91 main_controller - INFO - Remaining form(s): 3
[ 2024-04-26 05:31:35,236 ] 91 main_controller - INFO - Remaining form(s): 3
[ 2024-04-26 05:31:35,236 ] 91 main_controller - INFO - Remaining form(s): 3
[ 2024-04-26 05:31:35,974 ] 91 main_controller - INFO - Form is closed, template sequence: 96822
[ 2024-04-26 05:31:35,974 ] 91 main_controller - INFO - Form is closed, template sequence: 96822
[ 2024-04-26 05:31:35,974 ] 91 main_controller - INFO - Form is closed, template sequence: 96822
[ 2024-04-26 05:31:35,974 ] 91 main_controller - INFO - Form is closed, template sequence: 96822
[ 2024-04-26 05:31:35,974 ] 91 main_controller - INFO - Form is closed, template sequence: 96822
[ 2024-04-26 05:31:35,974 ] 91 main_controller - INFO - Remaining form(s): 1
[ 2024-04-26 05:31:35,974 ] 91 main_controller - INFO - Remaining form(s): 1
[ 2024-04-26 05:31:35,974 ] 91 main_controller - INFO - Remaining form(s): 1
[ 2024-04-26 05:31:35,974 ] 91 main_controller - INFO - Remaining form(s): 1
[ 2024-04-26 05:31:35,974 ] 91 main_controller - INFO - Remaining form(s): 1
[ 2024-04-26 05:31:41,601 ] 91 main_controller - INFO - Form is closed, template sequence: 96823
[ 2024-04-26 05:31:41,601 ] 91 main_controller - INFO - Form is closed, template sequence: 96823
[ 2024-04-26 05:31:41,601 ] 91 main_controller - INFO - Form is closed, template sequence: 96823
[ 2024-04-26 05:31:41,601 ] 91 main_controller - INFO - Form is closed, template sequence: 96823
[ 2024-04-26 05:31:41,601 ] 91 main_controller - INFO - Form is closed, template sequence: 96823
[ 2024-04-26 05:31:41,602 ] 91 main_controller - INFO - Remaining form(s): 0
[ 2024-04-26 05:31:41,602 ] 91 main_controller - INFO - Remaining form(s): 0
[ 2024-04-26 05:31:41,602 ] 91 main_controller - INFO - Remaining form(s): 0
[ 2024-04-26 05:31:41,602 ] 91 main_controller - INFO - Remaining form(s): 0
[ 2024-04-26 05:31:41,602 ] 91 main_controller - INFO - Remaining form(s): 0
[ 2024-04-26 05:31:41,602 ] 91 main_controller - INFO - All forms passed
[ 2024-04-26 05:31:41,602 ] 91 main_controller - INFO - All forms passed
[ 2024-04-26 05:31:41,602 ] 91 main_controller - INFO - All forms passed
[ 2024-04-26 05:31:41,602 ] 91 main_controller - INFO - All forms passed
[ 2024-04-26 05:31:41,602 ] 91 main_controller - INFO - All forms passed
[ 2024-04-26 05:31:42,781 ] 91 main_controller - INFO - Failed to fill form, template sequence: 96823
[ 2024-04-26 05:31:42,781 ] 91 main_controller - INFO - Failed to fill form, template sequence: 96823
[ 2024-04-26 05:31:42,781 ] 91 main_controller - INFO - Failed to fill form, template sequence: 96823
[ 2024-04-26 05:31:42,781 ] 91 main_controller - INFO - Failed to fill form, template sequence: 96823
[ 2024-04-26 05:31:42,781 ] 91 main_controller - INFO - Failed to fill form, template sequence: 96823
[ 2024-04-26 05:31:42,782 ] 91 main_controller - INFO - Remaining form(s): 1
[ 2024-04-26 05:31:42,782 ] 91 main_controller - INFO - Remaining form(s): 1
[ 2024-04-26 05:31:42,782 ] 91 main_controller - INFO - Remaining form(s): 1
[ 2024-04-26 05:31:42,782 ] 91 main_controller - INFO - Remaining form(s): 1
[ 2024-04-26 05:31:42,782 ] 91 main_controller - INFO - Remaining form(s): 1
[ 2024-04-26 05:31:44,604 ] 91 main_controller - INFO - Closing browser
[ 2024-04-26 05:31:44,604 ] 91 main_controller - INFO - Closing browser
[ 2024-04-26 05:31:44,604 ] 91 main_controller - INFO - Closing browser
[ 2024-04-26 05:31:44,604 ] 91 main_controller - INFO - Closing browser
[ 2024-04-26 05:31:44,604 ] 91 main_controller - INFO - Closing browser
[ 2024-04-26 05:31:46,726 ] 91 main_controller - INFO - Browser closed
[ 2024-04-26 05:31:46,726 ] 91 main_controller - INFO - Browser closed
[ 2024-04-26 05:31:46,726 ] 91 main_controller - INFO - Browser closed
[ 2024-04-26 05:31:46,726 ] 91 main_controller - INFO - Browser closed
[ 2024-04-26 05:31:46,726 ] 91 main_controller - INFO - Browser closed
[ 2024-04-26 05:32:39,660 ] 91 main_controller - INFO - Failed to fill form, template sequence: 96822
[ 2024-04-26 05:32:39,660 ] 91 main_controller - INFO - Failed to fill form, template sequence: 96822
[ 2024-04-26 05:32:39,660 ] 91 main_controller - INFO - Failed to fill form, template sequence: 96822
[ 2024-04-26 05:32:39,660 ] 91 main_controller - INFO - Failed to fill form, template sequence: 96822
[ 2024-04-26 05:32:39,660 ] 91 main_controller - INFO - Failed to fill form, template sequence: 96822
[ 2024-04-26 05:32:39,660 ] 91 main_controller - INFO - Remaining form(s): 2
[ 2024-04-26 05:32:39,660 ] 91 main_controller - INFO - Remaining form(s): 2
[ 2024-04-26 05:32:39,660 ] 91 main_controller - INFO - Remaining form(s): 2
[ 2024-04-26 05:32:39,660 ] 91 main_controller - INFO - Remaining form(s): 2
[ 2024-04-26 05:32:39,660 ] 91 main_controller - INFO - Remaining form(s): 2
[ 2024-04-26 05:32:41,555 ] 91 main_controller - INFO - Failed to fill form, template sequence: 96821
[ 2024-04-26 05:32:41,555 ] 91 main_controller - INFO - Failed to fill form, template sequence: 96821
[ 2024-04-26 05:32:41,555 ] 91 main_controller - INFO - Failed to fill form, template sequence: 96821
[ 2024-04-26 05:32:41,555 ] 91 main_controller - INFO - Failed to fill form, template sequence: 96821
[ 2024-04-26 05:32:41,555 ] 91 main_controller - INFO - Failed to fill form, template sequence: 96821
[ 2024-04-26 05:32:41,555 ] 91 main_controller - INFO - Remaining form(s): 3
[ 2024-04-26 05:32:41,555 ] 91 main_controller - INFO - Remaining form(s): 3
[ 2024-04-26 05:32:41,555 ] 91 main_controller - INFO - Remaining form(s): 3
[ 2024-04-26 05:32:41,555 ] 91 main_controller - INFO - Remaining form(s): 3
[ 2024-04-26 05:32:41,555 ] 91 main_controller - INFO - Remaining form(s): 3
[ 2024-04-26 05:32:49,077 ] 91 main_controller - INFO - Failed to fill form, template sequence: 96823
[ 2024-04-26 05:32:49,077 ] 91 main_controller - INFO - Failed to fill form, template sequence: 96823
[ 2024-04-26 05:32:49,077 ] 91 main_controller - INFO - Failed to fill form, template sequence: 96823
[ 2024-04-26 05:32:49,077 ] 91 main_controller - INFO - Failed to fill form, template sequence: 96823
[ 2024-04-26 05:32:49,077 ] 91 main_controller - INFO - Failed to fill form, template sequence: 96823
[ 2024-04-26 05:32:49,078 ] 91 main_controller - INFO - Remaining form(s): 1
[ 2024-04-26 05:32:49,078 ] 91 main_controller - INFO - Remaining form(s): 1
[ 2024-04-26 05:32:49,078 ] 91 main_controller - INFO - Remaining form(s): 1
[ 2024-04-26 05:32:49,078 ] 91 main_controller - INFO - Remaining form(s): 1
[ 2024-04-26 05:32:49,078 ] 91 main_controller - INFO - Remaining form(s): 1
