[ 2024-04-25 05:22:42,108 ] 91 root - INFO - Starting all threads
[ 2024-04-25 05:22:42,108 ] 91 root - INFO - Starting all threads
[ 2024-04-25 05:22:42,109 ] 91 root - INFO - Meta: {'__module__': 'src.globals', '__doc__': '        Meta configs        ', 'keyword': 'Hirabari', 'test_mode': False, 'debug_mode': True, 'onlyday': True, 'max_num_retry': 5, 'default_num_threads': 3, 'display_number': 50, 'main_phone_number_dash': '080-1583-0891', 'uc': True, 'headless': False, 'timeout': 900, '__dict__': <attribute '__dict__' of 'Meta' objects>, '__weakref__': <attribute '__weakref__' of 'Meta' objects>}
[ 2024-04-25 05:22:42,109 ] 91 root - INFO - Meta: {'__module__': 'src.globals', '__doc__': '        Meta configs        ', 'keyword': 'Hirabari', 'test_mode': False, 'debug_mode': True, 'onlyday': True, 'max_num_retry': 5, 'default_num_threads': 3, 'display_number': 50, 'main_phone_number_dash': '080-1583-0891', 'uc': True, 'headless': False, 'timeout': 900, '__dict__': <attribute '__dict__' of 'Meta' objects>, '__weakref__': <attribute '__weakref__' of 'Meta' objects>}
[ 2024-04-25 05:22:42,109 ] 91 root - INFO - Number of dev accounts: 0
[ 2024-04-25 05:22:42,109 ] 91 root - INFO - Number of dev accounts: 0
[ 2024-04-25 05:22:42,109 ] 91 root - INFO - Test mode: False
[ 2024-04-25 05:22:42,109 ] 91 root - INFO - Test mode: False
[ 2024-04-25 05:22:42,112 ] 91 main_controller - INFO - Subprocess 0 started with trial number 0
[ 2024-04-25 05:22:42,112 ] 91 main_controller - ERROR - Account is a dictionary, convert to Account object: Username: luthien5921@gmail.com, Password: aichi@5921
[ 2024-04-25 05:22:44,121 ] 91 root - INFO - Thread 0 started
[ 2024-04-25 05:22:44,121 ] 91 root - INFO - Thread 0 started
[ 2024-04-25 05:22:44,123 ] 91 main_controller - INFO - Subprocess 1 started with trial number 0
[ 2024-04-25 05:22:44,123 ] 91 main_controller - ERROR - Account is a dictionary, convert to Account object: Username: luthien5921+shinsei1@gmail.com, Password: aichi@5921
[ 2024-04-25 05:22:44,704 ] 91 main_controller - INFO - Browser opened
[ 2024-04-25 05:22:46,228 ] 91 root - INFO - Thread 1 started
[ 2024-04-25 05:22:46,228 ] 91 root - INFO - Thread 1 started
[ 2024-04-25 05:22:46,295 ] 91 main_controller - INFO - Subprocess 2 started with trial number 0
[ 2024-04-25 05:22:46,297 ] 91 main_controller - ERROR - Account is a dictionary, convert to Account object: Username: luthien5921+shinsei2@gmail.com, Password: aichi@5921
[ 2024-04-25 05:22:46,719 ] 91 main_controller - INFO - Browser opened
[ 2024-04-25 05:22:48,303 ] 91 root - INFO - Thread 2 started
[ 2024-04-25 05:22:48,303 ] 91 root - INFO - Thread 2 started
[ 2024-04-25 05:22:49,538 ] 91 main_controller - INFO - Browser opened
[ 2024-04-25 05:22:52,501 ] 91 luthien5921 - INFO - Opened login page
[ 2024-04-25 05:22:52,941 ] 91 luthien5921+shinsei1 - INFO - Opened login page
