[ 2024-04-30 23:11:10,483 ] 91 luthien5921 - INFO - Opened login page
[ 2024-04-30 23:11:10,483 ] 91 luthien5921 - INFO - Opened login page
[ 2024-04-30 23:11:10,483 ] 91 luthien5921 - INFO - Opened login page
[ 2024-04-30 23:11:14,139 ] 91 luthien5921 - INFO - Logging in
[ 2024-04-30 23:11:14,139 ] 91 luthien5921 - INFO - Logging in
[ 2024-04-30 23:11:14,139 ] 91 luthien5921 - INFO - Logging in
[ 2024-04-30 23:11:14,141 ] 91 luthien5921 - INFO - Current url: https://www.shinsei.e-aichi.jp/pref-aichi-police-u/offer/offerList_initDisplay
[ 2024-04-30 23:11:14,141 ] 91 luthien5921 - INFO - Current url: https://www.shinsei.e-aichi.jp/pref-aichi-police-u/offer/offerList_initDisplay
[ 2024-04-30 23:11:14,141 ] 91 luthien5921 - INFO - Current url: https://www.shinsei.e-aichi.jp/pref-aichi-police-u/offer/offerList_initDisplay
[ 2024-04-30 23:11:14,454 ] 91 luthien5921 - INFO - Logged in finished
[ 2024-04-30 23:11:14,454 ] 91 luthien5921 - INFO - Logged in finished
[ 2024-04-30 23:11:14,454 ] 91 luthien5921 - INFO - Logged in finished
[ 2024-04-30 23:11:14,558 ] 91 luthien5921 - INFO - On main page
[ 2024-04-30 23:11:14,558 ] 91 luthien5921 - INFO - On main page
[ 2024-04-30 23:11:14,558 ] 91 luthien5921 - INFO - On main page
[ 2024-04-30 23:11:16,140 ] 91 luthien5921 - INFO - Search submitted
[ 2024-04-30 23:11:16,140 ] 91 luthien5921 - INFO - Search submitted
[ 2024-04-30 23:11:16,140 ] 91 luthien5921 - INFO - Search submitted
[ 2024-04-30 23:11:16,152 ] 91 luthien5921 - INFO - Collected 2 forms
[ 2024-04-30 23:11:16,152 ] 91 luthien5921 - INFO - Collected 2 forms
[ 2024-04-30 23:11:16,152 ] 91 luthien5921 - INFO - Collected 2 forms
[ 2024-04-30 23:11:16,181 ] 91 luthien5921 - INFO - Number of filtered forms left is: 2 form(s)
[ 2024-04-30 23:11:16,181 ] 91 luthien5921 - INFO - Number of filtered forms left is: 2 form(s)
[ 2024-04-30 23:11:16,181 ] 91 luthien5921 - INFO - Number of filtered forms left is: 2 form(s)
[ 2024-04-30 23:11:16,182 ] 91 luthien5921 - INFO - 行政文書任意開示申出書 -  - 2015年08月19日 09時00分 - 2100年1月1日 00時00分 - 3895 - https://www.shinsei.e-aichi.jp/pref-aichi-police-u/offer/offerList_detailTop?tempSeq=3895 - False
[ 2024-04-30 23:11:16,182 ] 91 luthien5921 - INFO - 行政文書任意開示申出書 -  - 2015年08月19日 09時00分 - 2100年1月1日 00時00分 - 3895 - https://www.shinsei.e-aichi.jp/pref-aichi-police-u/offer/offerList_detailTop?tempSeq=3895 - False
[ 2024-04-30 23:11:16,182 ] 91 luthien5921 - INFO - 行政文書任意開示申出書 -  - 2015年08月19日 09時00分 - 2100年1月1日 00時00分 - 3895 - https://www.shinsei.e-aichi.jp/pref-aichi-police-u/offer/offerList_detailTop?tempSeq=3895 - False
[ 2024-04-30 23:11:16,182 ] 91 luthien5921 - INFO - 行政文書開示請求書 -  - 2015年08月19日 09時00分 - 2100年1月1日 00時00分 - 3896 - https://www.shinsei.e-aichi.jp/pref-aichi-police-u/offer/offerList_detailTop?tempSeq=3896 - False
[ 2024-04-30 23:11:16,182 ] 91 luthien5921 - INFO - 行政文書開示請求書 -  - 2015年08月19日 09時00分 - 2100年1月1日 00時00分 - 3896 - https://www.shinsei.e-aichi.jp/pref-aichi-police-u/offer/offerList_detailTop?tempSeq=3896 - False
[ 2024-04-30 23:11:16,182 ] 91 luthien5921 - INFO - 行政文書開示請求書 -  - 2015年08月19日 09時00分 - 2100年1月1日 00時00分 - 3896 - https://www.shinsei.e-aichi.jp/pref-aichi-police-u/offer/offerList_detailTop?tempSeq=3896 - False
[ 2024-04-30 23:11:16,183 ] 91 luthien5921 - INFO - Accessing form, template sequence: 3896
[ 2024-04-30 23:11:16,183 ] 91 luthien5921 - INFO - Accessing form, template sequence: 3896
[ 2024-04-30 23:11:16,183 ] 91 luthien5921 - INFO - Accessing form, template sequence: 3896
[ 2024-04-30 23:11:16,183 ] 91 luthien5921 - INFO - Form URL: https://www.shinsei.e-aichi.jp/pref-aichi-police-u/offer/offerList_detailTop?tempSeq=3896
[ 2024-04-30 23:11:16,183 ] 91 luthien5921 - INFO - Form URL: https://www.shinsei.e-aichi.jp/pref-aichi-police-u/offer/offerList_detailTop?tempSeq=3896
[ 2024-04-30 23:11:16,183 ] 91 luthien5921 - INFO - Form URL: https://www.shinsei.e-aichi.jp/pref-aichi-police-u/offer/offerList_detailTop?tempSeq=3896
[ 2024-04-30 23:11:21,847 ] 91 luthien5921 - INFO - Accessed form successfully
[ 2024-04-30 23:11:21,847 ] 91 luthien5921 - INFO - Accessed form successfully
[ 2024-04-30 23:11:21,847 ] 91 luthien5921 - INFO - Accessed form successfully
[ 2024-04-30 23:11:21,854 ] 79 luthien5921 - ERROR - Failed to get form message, maybe form is available
Traceback (most recent call last):
  File "D:\luthien\code\Achi.Tool\AichiSelenium\src\controllers\filler.py", line 119, in get_form_message
    message = browser.find_element(By.XPATH, "/html/body/main/div/form/div[3]/strong/ul/li/span/strong").text
  File "C:\Users\Admin\anaconda3\envs\aichi\lib\site-packages\seleniumbase\core\sb_driver.py", line 20, in find_element
    return self.driver.default_find_element(by=by, value=value)
  File "C:\Users\Admin\anaconda3\envs\aichi\lib\site-packages\selenium\webdriver\remote\webdriver.py", line 741, in find_element
    return self.execute(Command.FIND_ELEMENT, {"using": by, "value": value})["value"]
  File "C:\Users\Admin\anaconda3\envs\aichi\lib\site-packages\selenium\webdriver\remote\webdriver.py", line 347, in execute
    self.error_handler.check_response(response)
  File "C:\Users\Admin\anaconda3\envs\aichi\lib\site-packages\selenium\webdriver\remote\errorhandler.py", line 229, in check_response
    raise exception_class(message, screen, stacktrace)
selenium.common.exceptions.NoSuchElementException: Message: no such element: Unable to locate element: {"method":"xpath","selector":"/html/body/main/div/form/div[3]/strong/ul/li/span/strong"}
  (Session info: chrome=124.0.6367.91); For documentation on this error, please visit: https://www.selenium.dev/documentation/webdriver/troubleshooting/errors#no-such-element-exception
Stacktrace:
	GetHandleVerifier [0x00007FF76017F922+3045234]
	(No symbol) [0x00007FF75FE23652]
	(No symbol) [0x00007FF75FCE7564]
	(No symbol) [0x00007FF75FD35F9D]
	(No symbol) [0x00007FF75FD3606C]
	(No symbol) [0x00007FF75FD7BDD7]
	(No symbol) [0x00007FF75FD59DEF]
	(No symbol) [0x00007FF75FD791C4]
	(No symbol) [0x00007FF75FD59B53]
	(No symbol) [0x00007FF75FD2813C]
	(No symbol) [0x00007FF75FD28D71]
	GetHandleVerifier [0x00007FF7601AE89D+3237613]
	GetHandleVerifier [0x00007FF7601F0BA7+3508727]
	GetHandleVerifier [0x00007FF7601E976F+3478975]
	GetHandleVerifier [0x00007FF75FF5F1C6+815126]
	(No symbol) [0x00007FF75FE2ED0F]
	(No symbol) [0x00007FF75FE29854]
	(No symbol) [0x00007FF75FE299E2]
	(No symbol) [0x00007FF75FE1A574]
	BaseThreadInitThunk [0x00007FF83BAC257D+29]
	RtlUserThreadStart [0x00007FF83C52AA48+40]

[ 2024-04-30 23:11:21,854 ] 79 luthien5921 - ERROR - Failed to get form message, maybe form is available
Traceback (most recent call last):
  File "D:\luthien\code\Achi.Tool\AichiSelenium\src\controllers\filler.py", line 119, in get_form_message
    message = browser.find_element(By.XPATH, "/html/body/main/div/form/div[3]/strong/ul/li/span/strong").text
  File "C:\Users\Admin\anaconda3\envs\aichi\lib\site-packages\seleniumbase\core\sb_driver.py", line 20, in find_element
    return self.driver.default_find_element(by=by, value=value)
  File "C:\Users\Admin\anaconda3\envs\aichi\lib\site-packages\selenium\webdriver\remote\webdriver.py", line 741, in find_element
    return self.execute(Command.FIND_ELEMENT, {"using": by, "value": value})["value"]
  File "C:\Users\Admin\anaconda3\envs\aichi\lib\site-packages\selenium\webdriver\remote\webdriver.py", line 347, in execute
    self.error_handler.check_response(response)
  File "C:\Users\Admin\anaconda3\envs\aichi\lib\site-packages\selenium\webdriver\remote\errorhandler.py", line 229, in check_response
    raise exception_class(message, screen, stacktrace)
selenium.common.exceptions.NoSuchElementException: Message: no such element: Unable to locate element: {"method":"xpath","selector":"/html/body/main/div/form/div[3]/strong/ul/li/span/strong"}
  (Session info: chrome=124.0.6367.91); For documentation on this error, please visit: https://www.selenium.dev/documentation/webdriver/troubleshooting/errors#no-such-element-exception
Stacktrace:
	GetHandleVerifier [0x00007FF76017F922+3045234]
	(No symbol) [0x00007FF75FE23652]
	(No symbol) [0x00007FF75FCE7564]
	(No symbol) [0x00007FF75FD35F9D]
	(No symbol) [0x00007FF75FD3606C]
	(No symbol) [0x00007FF75FD7BDD7]
	(No symbol) [0x00007FF75FD59DEF]
	(No symbol) [0x00007FF75FD791C4]
	(No symbol) [0x00007FF75FD59B53]
	(No symbol) [0x00007FF75FD2813C]
	(No symbol) [0x00007FF75FD28D71]
	GetHandleVerifier [0x00007FF7601AE89D+3237613]
	GetHandleVerifier [0x00007FF7601F0BA7+3508727]
	GetHandleVerifier [0x00007FF7601E976F+3478975]
	GetHandleVerifier [0x00007FF75FF5F1C6+815126]
	(No symbol) [0x00007FF75FE2ED0F]
	(No symbol) [0x00007FF75FE29854]
	(No symbol) [0x00007FF75FE299E2]
	(No symbol) [0x00007FF75FE1A574]
	BaseThreadInitThunk [0x00007FF83BAC257D+29]
	RtlUserThreadStart [0x00007FF83C52AA48+40]

[ 2024-04-30 23:11:21,854 ] 79 luthien5921 - ERROR - Failed to get form message, maybe form is available
Traceback (most recent call last):
  File "D:\luthien\code\Achi.Tool\AichiSelenium\src\controllers\filler.py", line 119, in get_form_message
    message = browser.find_element(By.XPATH, "/html/body/main/div/form/div[3]/strong/ul/li/span/strong").text
  File "C:\Users\Admin\anaconda3\envs\aichi\lib\site-packages\seleniumbase\core\sb_driver.py", line 20, in find_element
    return self.driver.default_find_element(by=by, value=value)
  File "C:\Users\Admin\anaconda3\envs\aichi\lib\site-packages\selenium\webdriver\remote\webdriver.py", line 741, in find_element
    return self.execute(Command.FIND_ELEMENT, {"using": by, "value": value})["value"]
  File "C:\Users\Admin\anaconda3\envs\aichi\lib\site-packages\selenium\webdriver\remote\webdriver.py", line 347, in execute
    self.error_handler.check_response(response)
  File "C:\Users\Admin\anaconda3\envs\aichi\lib\site-packages\selenium\webdriver\remote\errorhandler.py", line 229, in check_response
    raise exception_class(message, screen, stacktrace)
selenium.common.exceptions.NoSuchElementException: Message: no such element: Unable to locate element: {"method":"xpath","selector":"/html/body/main/div/form/div[3]/strong/ul/li/span/strong"}
  (Session info: chrome=124.0.6367.91); For documentation on this error, please visit: https://www.selenium.dev/documentation/webdriver/troubleshooting/errors#no-such-element-exception
Stacktrace:
	GetHandleVerifier [0x00007FF76017F922+3045234]
	(No symbol) [0x00007FF75FE23652]
	(No symbol) [0x00007FF75FCE7564]
	(No symbol) [0x00007FF75FD35F9D]
	(No symbol) [0x00007FF75FD3606C]
	(No symbol) [0x00007FF75FD7BDD7]
	(No symbol) [0x00007FF75FD59DEF]
	(No symbol) [0x00007FF75FD791C4]
	(No symbol) [0x00007FF75FD59B53]
	(No symbol) [0x00007FF75FD2813C]
	(No symbol) [0x00007FF75FD28D71]
	GetHandleVerifier [0x00007FF7601AE89D+3237613]
	GetHandleVerifier [0x00007FF7601F0BA7+3508727]
	GetHandleVerifier [0x00007FF7601E976F+3478975]
	GetHandleVerifier [0x00007FF75FF5F1C6+815126]
	(No symbol) [0x00007FF75FE2ED0F]
	(No symbol) [0x00007FF75FE29854]
	(No symbol) [0x00007FF75FE299E2]
	(No symbol) [0x00007FF75FE1A574]
	BaseThreadInitThunk [0x00007FF83BAC257D+29]
	RtlUserThreadStart [0x00007FF83C52AA48+40]

[ 2024-04-30 23:11:21,856 ] 91 luthien5921 - INFO - Form is available, template sequence: 3896
[ 2024-04-30 23:11:21,856 ] 91 luthien5921 - INFO - Form is available, template sequence: 3896
[ 2024-04-30 23:11:21,856 ] 91 luthien5921 - INFO - Form is available, template sequence: 3896
[ 2024-04-30 23:11:21,856 ] 91 luthien5921 - INFO - Filling form, template sequence: 3896
[ 2024-04-30 23:11:21,856 ] 91 luthien5921 - INFO - Filling form, template sequence: 3896
[ 2024-04-30 23:11:21,856 ] 91 luthien5921 - INFO - Filling form, template sequence: 3896
[ 2024-04-30 23:11:23,407 ] 91 luthien5921 - INFO - Clicked continue button
[ 2024-04-30 23:11:23,407 ] 91 luthien5921 - INFO - Clicked continue button
[ 2024-04-30 23:11:23,407 ] 91 luthien5921 - INFO - Clicked continue button
[ 2024-04-30 23:11:23,428 ] 91 luthien5921 - INFO - Check checkbox: /html/body/form/main/div/div[4]/dl[15]/dd/fieldset/p[1]/label/span by xpath
[ 2024-04-30 23:11:23,428 ] 91 luthien5921 - INFO - Check checkbox: /html/body/form/main/div/div[4]/dl[15]/dd/fieldset/p[1]/label/span by xpath
[ 2024-04-30 23:11:23,428 ] 91 luthien5921 - INFO - Check checkbox: /html/body/form/main/div/div[4]/dl[15]/dd/fieldset/p[1]/label/span by xpath
[ 2024-04-30 23:11:23,453 ] 91 luthien5921 - INFO - Check checkbox: /html/body/form/main/div/div[4]/dl[6]/dd/fieldset/p/label/span by xpath
[ 2024-04-30 23:11:23,453 ] 91 luthien5921 - INFO - Check checkbox: /html/body/form/main/div/div[4]/dl[6]/dd/fieldset/p/label/span by xpath
[ 2024-04-30 23:11:23,453 ] 91 luthien5921 - INFO - Check checkbox: /html/body/form/main/div/div[4]/dl[6]/dd/fieldset/p/label/span by xpath
[ 2024-04-30 23:11:35,240 ] 79 luthien5921 - ERROR - Failed to click confirm button: Message: 
Stacktrace:
	GetHandleVerifier [0x00007FF76017F922+3045234]
	(No symbol) [0x00007FF75FE23652]
	(No symbol) [0x00007FF75FCE7564]
	(No symbol) [0x00007FF75FD35F9D]
	(No symbol) [0x00007FF75FD3606C]
	(No symbol) [0x00007FF75FD7BDD7]
	(No symbol) [0x00007FF75FD59DEF]
	(No symbol) [0x00007FF75FD791C4]
	(No symbol) [0x00007FF75FD59B53]
	(No symbol) [0x00007FF75FD2813C]
	(No symbol) [0x00007FF75FD28D71]
	GetHandleVerifier [0x00007FF7601AE89D+3237613]
	GetHandleVerifier [0x00007FF7601F0BA7+3508727]
	GetHandleVerifier [0x00007FF7601E976F+3478975]
	GetHandleVerifier [0x00007FF75FF5F1C6+815126]
	(No symbol) [0x00007FF75FE2ED0F]
	(No symbol) [0x00007FF75FE29854]
	(No symbol) [0x00007FF75FE299E2]
	(No symbol) [0x00007FF75FE1A574]
	BaseThreadInitThunk [0x00007FF83BAC257D+29]
	RtlUserThreadStart [0x00007FF83C52AA48+40]
Traceback (most recent call last):
  File "D:\luthien\code\Achi.Tool\AichiSelenium\src\controllers\filler.py", line 90, in fill
    wait_until_presence(browser, By.XPATH, "/html/body/form/main/div/div[3]/div[2]/div/div[2]/button")
  File "D:\luthien\code\Achi.Tool\AichiSelenium\src\utils\html_utils.py", line 8, in wait_until_presence
    WebDriverWait(browser, timeout).until(EC.presence_of_element_located((by, html)))
  File "C:\Users\Admin\anaconda3\envs\aichi\lib\site-packages\selenium\webdriver\support\wait.py", line 105, in until
    raise TimeoutException(message, screen, stacktrace)
selenium.common.exceptions.TimeoutException: Message: 
Stacktrace:
	GetHandleVerifier [0x00007FF76017F922+3045234]
	(No symbol) [0x00007FF75FE23652]
	(No symbol) [0x00007FF75FCE7564]
	(No symbol) [0x00007FF75FD35F9D]
	(No symbol) [0x00007FF75FD3606C]
	(No symbol) [0x00007FF75FD7BDD7]
	(No symbol) [0x00007FF75FD59DEF]
	(No symbol) [0x00007FF75FD791C4]
	(No symbol) [0x00007FF75FD59B53]
	(No symbol) [0x00007FF75FD2813C]
	(No symbol) [0x00007FF75FD28D71]
	GetHandleVerifier [0x00007FF7601AE89D+3237613]
	GetHandleVerifier [0x00007FF7601F0BA7+3508727]
	GetHandleVerifier [0x00007FF7601E976F+3478975]
	GetHandleVerifier [0x00007FF75FF5F1C6+815126]
	(No symbol) [0x00007FF75FE2ED0F]
	(No symbol) [0x00007FF75FE29854]
	(No symbol) [0x00007FF75FE299E2]
	(No symbol) [0x00007FF75FE1A574]
	BaseThreadInitThunk [0x00007FF83BAC257D+29]
	RtlUserThreadStart [0x00007FF83C52AA48+40]

[ 2024-04-30 23:11:35,240 ] 79 luthien5921 - ERROR - Failed to click confirm button: Message: 
Stacktrace:
	GetHandleVerifier [0x00007FF76017F922+3045234]
	(No symbol) [0x00007FF75FE23652]
	(No symbol) [0x00007FF75FCE7564]
	(No symbol) [0x00007FF75FD35F9D]
	(No symbol) [0x00007FF75FD3606C]
	(No symbol) [0x00007FF75FD7BDD7]
	(No symbol) [0x00007FF75FD59DEF]
	(No symbol) [0x00007FF75FD791C4]
	(No symbol) [0x00007FF75FD59B53]
	(No symbol) [0x00007FF75FD2813C]
	(No symbol) [0x00007FF75FD28D71]
	GetHandleVerifier [0x00007FF7601AE89D+3237613]
	GetHandleVerifier [0x00007FF7601F0BA7+3508727]
	GetHandleVerifier [0x00007FF7601E976F+3478975]
	GetHandleVerifier [0x00007FF75FF5F1C6+815126]
	(No symbol) [0x00007FF75FE2ED0F]
	(No symbol) [0x00007FF75FE29854]
	(No symbol) [0x00007FF75FE299E2]
	(No symbol) [0x00007FF75FE1A574]
	BaseThreadInitThunk [0x00007FF83BAC257D+29]
	RtlUserThreadStart [0x00007FF83C52AA48+40]
Traceback (most recent call last):
  File "D:\luthien\code\Achi.Tool\AichiSelenium\src\controllers\filler.py", line 90, in fill
    wait_until_presence(browser, By.XPATH, "/html/body/form/main/div/div[3]/div[2]/div/div[2]/button")
  File "D:\luthien\code\Achi.Tool\AichiSelenium\src\utils\html_utils.py", line 8, in wait_until_presence
    WebDriverWait(browser, timeout).until(EC.presence_of_element_located((by, html)))
  File "C:\Users\Admin\anaconda3\envs\aichi\lib\site-packages\selenium\webdriver\support\wait.py", line 105, in until
    raise TimeoutException(message, screen, stacktrace)
selenium.common.exceptions.TimeoutException: Message: 
Stacktrace:
	GetHandleVerifier [0x00007FF76017F922+3045234]
	(No symbol) [0x00007FF75FE23652]
	(No symbol) [0x00007FF75FCE7564]
	(No symbol) [0x00007FF75FD35F9D]
	(No symbol) [0x00007FF75FD3606C]
	(No symbol) [0x00007FF75FD7BDD7]
	(No symbol) [0x00007FF75FD59DEF]
	(No symbol) [0x00007FF75FD791C4]
	(No symbol) [0x00007FF75FD59B53]
	(No symbol) [0x00007FF75FD2813C]
	(No symbol) [0x00007FF75FD28D71]
	GetHandleVerifier [0x00007FF7601AE89D+3237613]
	GetHandleVerifier [0x00007FF7601F0BA7+3508727]
	GetHandleVerifier [0x00007FF7601E976F+3478975]
	GetHandleVerifier [0x00007FF75FF5F1C6+815126]
	(No symbol) [0x00007FF75FE2ED0F]
	(No symbol) [0x00007FF75FE29854]
	(No symbol) [0x00007FF75FE299E2]
	(No symbol) [0x00007FF75FE1A574]
	BaseThreadInitThunk [0x00007FF83BAC257D+29]
	RtlUserThreadStart [0x00007FF83C52AA48+40]

[ 2024-04-30 23:11:35,240 ] 79 luthien5921 - ERROR - Failed to click confirm button: Message: 
Stacktrace:
	GetHandleVerifier [0x00007FF76017F922+3045234]
	(No symbol) [0x00007FF75FE23652]
	(No symbol) [0x00007FF75FCE7564]
	(No symbol) [0x00007FF75FD35F9D]
	(No symbol) [0x00007FF75FD3606C]
	(No symbol) [0x00007FF75FD7BDD7]
	(No symbol) [0x00007FF75FD59DEF]
	(No symbol) [0x00007FF75FD791C4]
	(No symbol) [0x00007FF75FD59B53]
	(No symbol) [0x00007FF75FD2813C]
	(No symbol) [0x00007FF75FD28D71]
	GetHandleVerifier [0x00007FF7601AE89D+3237613]
	GetHandleVerifier [0x00007FF7601F0BA7+3508727]
	GetHandleVerifier [0x00007FF7601E976F+3478975]
	GetHandleVerifier [0x00007FF75FF5F1C6+815126]
	(No symbol) [0x00007FF75FE2ED0F]
	(No symbol) [0x00007FF75FE29854]
	(No symbol) [0x00007FF75FE299E2]
	(No symbol) [0x00007FF75FE1A574]
	BaseThreadInitThunk [0x00007FF83BAC257D+29]
	RtlUserThreadStart [0x00007FF83C52AA48+40]
Traceback (most recent call last):
  File "D:\luthien\code\Achi.Tool\AichiSelenium\src\controllers\filler.py", line 90, in fill
    wait_until_presence(browser, By.XPATH, "/html/body/form/main/div/div[3]/div[2]/div/div[2]/button")
  File "D:\luthien\code\Achi.Tool\AichiSelenium\src\utils\html_utils.py", line 8, in wait_until_presence
    WebDriverWait(browser, timeout).until(EC.presence_of_element_located((by, html)))
  File "C:\Users\Admin\anaconda3\envs\aichi\lib\site-packages\selenium\webdriver\support\wait.py", line 105, in until
    raise TimeoutException(message, screen, stacktrace)
selenium.common.exceptions.TimeoutException: Message: 
Stacktrace:
	GetHandleVerifier [0x00007FF76017F922+3045234]
	(No symbol) [0x00007FF75FE23652]
	(No symbol) [0x00007FF75FCE7564]
	(No symbol) [0x00007FF75FD35F9D]
	(No symbol) [0x00007FF75FD3606C]
	(No symbol) [0x00007FF75FD7BDD7]
	(No symbol) [0x00007FF75FD59DEF]
	(No symbol) [0x00007FF75FD791C4]
	(No symbol) [0x00007FF75FD59B53]
	(No symbol) [0x00007FF75FD2813C]
	(No symbol) [0x00007FF75FD28D71]
	GetHandleVerifier [0x00007FF7601AE89D+3237613]
	GetHandleVerifier [0x00007FF7601F0BA7+3508727]
	GetHandleVerifier [0x00007FF7601E976F+3478975]
	GetHandleVerifier [0x00007FF75FF5F1C6+815126]
	(No symbol) [0x00007FF75FE2ED0F]
	(No symbol) [0x00007FF75FE29854]
	(No symbol) [0x00007FF75FE299E2]
	(No symbol) [0x00007FF75FE1A574]
	BaseThreadInitThunk [0x00007FF83BAC257D+29]
	RtlUserThreadStart [0x00007FF83C52AA48+40]

[ 2024-04-30 23:11:35,244 ] 91 luthien5921 - INFO - Accessing form, template sequence: 3895
[ 2024-04-30 23:11:35,244 ] 91 luthien5921 - INFO - Accessing form, template sequence: 3895
[ 2024-04-30 23:11:35,244 ] 91 luthien5921 - INFO - Accessing form, template sequence: 3895
[ 2024-04-30 23:11:35,244 ] 91 luthien5921 - INFO - Form URL: https://www.shinsei.e-aichi.jp/pref-aichi-police-u/offer/offerList_detailTop?tempSeq=3895
[ 2024-04-30 23:11:35,244 ] 91 luthien5921 - INFO - Form URL: https://www.shinsei.e-aichi.jp/pref-aichi-police-u/offer/offerList_detailTop?tempSeq=3895
[ 2024-04-30 23:11:35,244 ] 91 luthien5921 - INFO - Form URL: https://www.shinsei.e-aichi.jp/pref-aichi-police-u/offer/offerList_detailTop?tempSeq=3895
