[ 2024-04-16 23:59:14,464 ] 94 Jamebrown0206 - INFO - Opened login page
[ 2024-04-16 23:59:14,464 ] 94 Jamebrown0206 - INFO - Opened login page
[ 2024-04-16 23:59:14,464 ] 94 Jamebrown0206 - INFO - Opened login page
[ 2024-04-16 23:59:18,854 ] 94 Jamebrown0206 - INFO - Logging in
[ 2024-04-16 23:59:18,854 ] 94 Jamebrown0206 - INFO - Logging in
[ 2024-04-16 23:59:18,854 ] 94 Jamebrown0206 - INFO - Logging in
[ 2024-04-16 23:59:18,864 ] 94 Jamebrown0206 - INFO - Current url: https://www.shinsei.e-aichi.jp/pref-aichi-police-u/offer/offerList_initDisplay
[ 2024-04-16 23:59:18,864 ] 94 Jamebrown0206 - INFO - Current url: https://www.shinsei.e-aichi.jp/pref-aichi-police-u/offer/offerList_initDisplay
[ 2024-04-16 23:59:18,864 ] 94 Jamebrown0206 - INFO - Current url: https://www.shinsei.e-aichi.jp/pref-aichi-police-u/offer/offerList_initDisplay
[ 2024-04-16 23:59:19,189 ] 94 Jamebrown0206 - INFO - Logged in finished
[ 2024-04-16 23:59:19,189 ] 94 Jamebrown0206 - INFO - Logged in finished
[ 2024-04-16 23:59:19,189 ] 94 Jamebrown0206 - INFO - Logged in finished
[ 2024-04-16 23:59:19,432 ] 94 Jamebrown0206 - INFO - On main page
[ 2024-04-16 23:59:19,432 ] 94 Jamebrown0206 - INFO - On main page
[ 2024-04-16 23:59:19,432 ] 94 Jamebrown0206 - INFO - On main page
[ 2024-04-16 23:59:21,301 ] 94 Jamebrown0206 - INFO - Search submitted
[ 2024-04-16 23:59:21,301 ] 94 Jamebrown0206 - INFO - Search submitted
[ 2024-04-16 23:59:21,301 ] 94 Jamebrown0206 - INFO - Search submitted
[ 2024-04-16 23:59:21,361 ] 94 Jamebrown0206 - INFO - Collected 20 forms
[ 2024-04-16 23:59:21,361 ] 94 Jamebrown0206 - INFO - Collected 20 forms
[ 2024-04-16 23:59:21,361 ] 94 Jamebrown0206 - INFO - Collected 20 forms
[ 2024-04-16 23:59:21,432 ] 94 Jamebrown0206 - INFO - Parsed data: title: ＜05月02日(木) 08:45～09:30＞[平針]外国免許切替審査 Hirabari Exchanging Foreign Driver's License, status: None, start_date: 2024年04月18日 07時30分, end_date: 2024年04月30日 12時00分, template_seq: 96126
[ 2024-04-16 23:59:21,432 ] 94 Jamebrown0206 - INFO - Parsed data: title: ＜05月02日(木) 08:45～09:30＞[平針]外国免許切替審査 Hirabari Exchanging Foreign Driver's License, status: None, start_date: 2024年04月18日 07時30分, end_date: 2024年04月30日 12時00分, template_seq: 96126
[ 2024-04-16 23:59:21,432 ] 94 Jamebrown0206 - INFO - Parsed data: title: ＜05月02日(木) 08:45～09:30＞[平針]外国免許切替審査 Hirabari Exchanging Foreign Driver's License, status: None, start_date: 2024年04月18日 07時30分, end_date: 2024年04月30日 12時00分, template_seq: 96126
[ 2024-04-16 23:59:21,461 ] 94 Jamebrown0206 - INFO - Parsed data: title: ＜05月02日(木) 09:30～10:30＞[平針]外国免許切替審査 Hirabari Exchanging Foreign Driver's License, status: None, start_date: 2024年04月18日 07時30分, end_date: 2024年04月30日 12時00分, template_seq: 96127
[ 2024-04-16 23:59:21,461 ] 94 Jamebrown0206 - INFO - Parsed data: title: ＜05月02日(木) 09:30～10:30＞[平針]外国免許切替審査 Hirabari Exchanging Foreign Driver's License, status: None, start_date: 2024年04月18日 07時30分, end_date: 2024年04月30日 12時00分, template_seq: 96127
[ 2024-04-16 23:59:21,461 ] 94 Jamebrown0206 - INFO - Parsed data: title: ＜05月02日(木) 09:30～10:30＞[平針]外国免許切替審査 Hirabari Exchanging Foreign Driver's License, status: None, start_date: 2024年04月18日 07時30分, end_date: 2024年04月30日 12時00分, template_seq: 96127
[ 2024-04-16 23:59:21,487 ] 94 Jamebrown0206 - INFO - Parsed data: title: ＜05月02日(木) 10:30～11:45＞[平針]外国免許切替審査 Hirabari Exchanging Foreign Driver's License, status: None, start_date: 2024年04月18日 07時30分, end_date: 2024年04月30日 12時00分, template_seq: 96128
[ 2024-04-16 23:59:21,487 ] 94 Jamebrown0206 - INFO - Parsed data: title: ＜05月02日(木) 10:30～11:45＞[平針]外国免許切替審査 Hirabari Exchanging Foreign Driver's License, status: None, start_date: 2024年04月18日 07時30分, end_date: 2024年04月30日 12時00分, template_seq: 96128
[ 2024-04-16 23:59:21,487 ] 94 Jamebrown0206 - INFO - Parsed data: title: ＜05月02日(木) 10:30～11:45＞[平針]外国免許切替審査 Hirabari Exchanging Foreign Driver's License, status: None, start_date: 2024年04月18日 07時30分, end_date: 2024年04月30日 12時00分, template_seq: 96128
[ 2024-04-16 23:59:21,518 ] 94 Jamebrown0206 - INFO - Parsed data: title: ＜05月02日(木) 12:45～13:30＞[平針]外国免許切替審査 Hirabari Exchanging Foreign Driver's License, status: None, start_date: 2024年04月18日 07時30分, end_date: 2024年04月30日 12時00分, template_seq: 96129
[ 2024-04-16 23:59:21,518 ] 94 Jamebrown0206 - INFO - Parsed data: title: ＜05月02日(木) 12:45～13:30＞[平針]外国免許切替審査 Hirabari Exchanging Foreign Driver's License, status: None, start_date: 2024年04月18日 07時30分, end_date: 2024年04月30日 12時00分, template_seq: 96129
[ 2024-04-16 23:59:21,518 ] 94 Jamebrown0206 - INFO - Parsed data: title: ＜05月02日(木) 12:45～13:30＞[平針]外国免許切替審査 Hirabari Exchanging Foreign Driver's License, status: None, start_date: 2024年04月18日 07時30分, end_date: 2024年04月30日 12時00分, template_seq: 96129
[ 2024-04-16 23:59:21,541 ] 94 Jamebrown0206 - INFO - Parsed data: title: ＜05月02日(木) 13:30～14:45＞[平針]外国免許切替審査 Hirabari Exchanging Foreign Driver's License, status: None, start_date: 2024年04月18日 07時30分, end_date: 2024年04月30日 12時00分, template_seq: 96130
[ 2024-04-16 23:59:21,541 ] 94 Jamebrown0206 - INFO - Parsed data: title: ＜05月02日(木) 13:30～14:45＞[平針]外国免許切替審査 Hirabari Exchanging Foreign Driver's License, status: None, start_date: 2024年04月18日 07時30分, end_date: 2024年04月30日 12時00分, template_seq: 96130
[ 2024-04-16 23:59:21,541 ] 94 Jamebrown0206 - INFO - Parsed data: title: ＜05月02日(木) 13:30～14:45＞[平針]外国免許切替審査 Hirabari Exchanging Foreign Driver's License, status: None, start_date: 2024年04月18日 07時30分, end_date: 2024年04月30日 12時00分, template_seq: 96130
[ 2024-04-16 23:59:21,568 ] 94 Jamebrown0206 - INFO - Parsed data: title: ＜05月01日(水) 08:45～09:30＞[平針]外国免許切替審査 Hirabari Exchanging Foreign Driver's License, status: None, start_date: 2024年04月17日 07時30分, end_date: 2024年04月26日 12時00分, template_seq: 96088
[ 2024-04-16 23:59:21,568 ] 94 Jamebrown0206 - INFO - Parsed data: title: ＜05月01日(水) 08:45～09:30＞[平針]外国免許切替審査 Hirabari Exchanging Foreign Driver's License, status: None, start_date: 2024年04月17日 07時30分, end_date: 2024年04月26日 12時00分, template_seq: 96088
[ 2024-04-16 23:59:21,568 ] 94 Jamebrown0206 - INFO - Parsed data: title: ＜05月01日(水) 08:45～09:30＞[平針]外国免許切替審査 Hirabari Exchanging Foreign Driver's License, status: None, start_date: 2024年04月17日 07時30分, end_date: 2024年04月26日 12時00分, template_seq: 96088
[ 2024-04-16 23:59:21,570 ] 94 Jamebrown0206 - INFO - Parsed data: title: ＜05月01日(水) 08:45～09:30＞[平針]外国免許切替審査 Hirabari Exchanging Foreign Driver's License, status: None, start_date: 2024年04月17日 07時30分, end_date: 2024年04月26日 12時00分, template_seq: 96088
[ 2024-04-16 23:59:21,570 ] 94 Jamebrown0206 - INFO - Parsed data: title: ＜05月01日(水) 08:45～09:30＞[平針]外国免許切替審査 Hirabari Exchanging Foreign Driver's License, status: None, start_date: 2024年04月17日 07時30分, end_date: 2024年04月26日 12時00分, template_seq: 96088
[ 2024-04-16 23:59:21,570 ] 94 Jamebrown0206 - INFO - Parsed data: title: ＜05月01日(水) 08:45～09:30＞[平針]外国免許切替審査 Hirabari Exchanging Foreign Driver's License, status: None, start_date: 2024年04月17日 07時30分, end_date: 2024年04月26日 12時00分, template_seq: 96088
[ 2024-04-16 23:59:21,600 ] 94 Jamebrown0206 - INFO - Parsed data: title: ＜05月01日(水) 09:30～10:30＞[平針]外国免許切替審査 Hirabari Exchanging Foreign Driver's License, status: None, start_date: 2024年04月17日 07時30分, end_date: 2024年04月26日 12時00分, template_seq: 96089
[ 2024-04-16 23:59:21,600 ] 94 Jamebrown0206 - INFO - Parsed data: title: ＜05月01日(水) 09:30～10:30＞[平針]外国免許切替審査 Hirabari Exchanging Foreign Driver's License, status: None, start_date: 2024年04月17日 07時30分, end_date: 2024年04月26日 12時00分, template_seq: 96089
[ 2024-04-16 23:59:21,600 ] 94 Jamebrown0206 - INFO - Parsed data: title: ＜05月01日(水) 09:30～10:30＞[平針]外国免許切替審査 Hirabari Exchanging Foreign Driver's License, status: None, start_date: 2024年04月17日 07時30分, end_date: 2024年04月26日 12時00分, template_seq: 96089
[ 2024-04-16 23:59:21,601 ] 94 Jamebrown0206 - INFO - Parsed data: title: ＜05月01日(水) 09:30～10:30＞[平針]外国免許切替審査 Hirabari Exchanging Foreign Driver's License, status: None, start_date: 2024年04月17日 07時30分, end_date: 2024年04月26日 12時00分, template_seq: 96089
[ 2024-04-16 23:59:21,601 ] 94 Jamebrown0206 - INFO - Parsed data: title: ＜05月01日(水) 09:30～10:30＞[平針]外国免許切替審査 Hirabari Exchanging Foreign Driver's License, status: None, start_date: 2024年04月17日 07時30分, end_date: 2024年04月26日 12時00分, template_seq: 96089
[ 2024-04-16 23:59:21,601 ] 94 Jamebrown0206 - INFO - Parsed data: title: ＜05月01日(水) 09:30～10:30＞[平針]外国免許切替審査 Hirabari Exchanging Foreign Driver's License, status: None, start_date: 2024年04月17日 07時30分, end_date: 2024年04月26日 12時00分, template_seq: 96089
[ 2024-04-16 23:59:21,634 ] 94 Jamebrown0206 - INFO - Parsed data: title: ＜05月01日(水) 10:30～11:45＞[平針]外国免許切替審査 Hirabari Exchanging Foreign Driver's License, status: None, start_date: 2024年04月17日 07時30分, end_date: 2024年04月26日 12時00分, template_seq: 96090
[ 2024-04-16 23:59:21,634 ] 94 Jamebrown0206 - INFO - Parsed data: title: ＜05月01日(水) 10:30～11:45＞[平針]外国免許切替審査 Hirabari Exchanging Foreign Driver's License, status: None, start_date: 2024年04月17日 07時30分, end_date: 2024年04月26日 12時00分, template_seq: 96090
[ 2024-04-16 23:59:21,634 ] 94 Jamebrown0206 - INFO - Parsed data: title: ＜05月01日(水) 10:30～11:45＞[平針]外国免許切替審査 Hirabari Exchanging Foreign Driver's License, status: None, start_date: 2024年04月17日 07時30分, end_date: 2024年04月26日 12時00分, template_seq: 96090
[ 2024-04-16 23:59:21,635 ] 94 Jamebrown0206 - INFO - Parsed data: title: ＜05月01日(水) 10:30～11:45＞[平針]外国免許切替審査 Hirabari Exchanging Foreign Driver's License, status: None, start_date: 2024年04月17日 07時30分, end_date: 2024年04月26日 12時00分, template_seq: 96090
[ 2024-04-16 23:59:21,635 ] 94 Jamebrown0206 - INFO - Parsed data: title: ＜05月01日(水) 10:30～11:45＞[平針]外国免許切替審査 Hirabari Exchanging Foreign Driver's License, status: None, start_date: 2024年04月17日 07時30分, end_date: 2024年04月26日 12時00分, template_seq: 96090
[ 2024-04-16 23:59:21,635 ] 94 Jamebrown0206 - INFO - Parsed data: title: ＜05月01日(水) 10:30～11:45＞[平針]外国免許切替審査 Hirabari Exchanging Foreign Driver's License, status: None, start_date: 2024年04月17日 07時30分, end_date: 2024年04月26日 12時00分, template_seq: 96090
[ 2024-04-16 23:59:21,665 ] 94 Jamebrown0206 - INFO - Parsed data: title: ＜05月01日(水) 12:45～13:30＞[平針]外国免許切替審査 Hirabari Exchanging Foreign Driver's License, status: None, start_date: 2024年04月17日 07時30分, end_date: 2024年04月26日 12時00分, template_seq: 96091
[ 2024-04-16 23:59:21,665 ] 94 Jamebrown0206 - INFO - Parsed data: title: ＜05月01日(水) 12:45～13:30＞[平針]外国免許切替審査 Hirabari Exchanging Foreign Driver's License, status: None, start_date: 2024年04月17日 07時30分, end_date: 2024年04月26日 12時00分, template_seq: 96091
[ 2024-04-16 23:59:21,665 ] 94 Jamebrown0206 - INFO - Parsed data: title: ＜05月01日(水) 12:45～13:30＞[平針]外国免許切替審査 Hirabari Exchanging Foreign Driver's License, status: None, start_date: 2024年04月17日 07時30分, end_date: 2024年04月26日 12時00分, template_seq: 96091
[ 2024-04-16 23:59:21,665 ] 94 Jamebrown0206 - INFO - Parsed data: title: ＜05月01日(水) 12:45～13:30＞[平針]外国免許切替審査 Hirabari Exchanging Foreign Driver's License, status: None, start_date: 2024年04月17日 07時30分, end_date: 2024年04月26日 12時00分, template_seq: 96091
[ 2024-04-16 23:59:21,665 ] 94 Jamebrown0206 - INFO - Parsed data: title: ＜05月01日(水) 12:45～13:30＞[平針]外国免許切替審査 Hirabari Exchanging Foreign Driver's License, status: None, start_date: 2024年04月17日 07時30分, end_date: 2024年04月26日 12時00分, template_seq: 96091
[ 2024-04-16 23:59:21,665 ] 94 Jamebrown0206 - INFO - Parsed data: title: ＜05月01日(水) 12:45～13:30＞[平針]外国免許切替審査 Hirabari Exchanging Foreign Driver's License, status: None, start_date: 2024年04月17日 07時30分, end_date: 2024年04月26日 12時00分, template_seq: 96091
[ 2024-04-16 23:59:21,690 ] 94 Jamebrown0206 - INFO - Parsed data: title: ＜05月01日(水) 13:30～14:45＞[平針]外国免許切替審査 Hirabari Exchanging Foreign Driver's License, status: None, start_date: 2024年04月17日 07時30分, end_date: 2024年04月26日 12時00分, template_seq: 96093
[ 2024-04-16 23:59:21,690 ] 94 Jamebrown0206 - INFO - Parsed data: title: ＜05月01日(水) 13:30～14:45＞[平針]外国免許切替審査 Hirabari Exchanging Foreign Driver's License, status: None, start_date: 2024年04月17日 07時30分, end_date: 2024年04月26日 12時00分, template_seq: 96093
[ 2024-04-16 23:59:21,690 ] 94 Jamebrown0206 - INFO - Parsed data: title: ＜05月01日(水) 13:30～14:45＞[平針]外国免許切替審査 Hirabari Exchanging Foreign Driver's License, status: None, start_date: 2024年04月17日 07時30分, end_date: 2024年04月26日 12時00分, template_seq: 96093
[ 2024-04-16 23:59:21,690 ] 94 Jamebrown0206 - INFO - Parsed data: title: ＜05月01日(水) 13:30～14:45＞[平針]外国免許切替審査 Hirabari Exchanging Foreign Driver's License, status: None, start_date: 2024年04月17日 07時30分, end_date: 2024年04月26日 12時00分, template_seq: 96093
[ 2024-04-16 23:59:21,690 ] 94 Jamebrown0206 - INFO - Parsed data: title: ＜05月01日(水) 13:30～14:45＞[平針]外国免許切替審査 Hirabari Exchanging Foreign Driver's License, status: None, start_date: 2024年04月17日 07時30分, end_date: 2024年04月26日 12時00分, template_seq: 96093
[ 2024-04-16 23:59:21,690 ] 94 Jamebrown0206 - INFO - Parsed data: title: ＜05月01日(水) 13:30～14:45＞[平針]外国免許切替審査 Hirabari Exchanging Foreign Driver's License, status: None, start_date: 2024年04月17日 07時30分, end_date: 2024年04月26日 12時00分, template_seq: 96093
[ 2024-04-16 23:59:21,719 ] 94 Jamebrown0206 - INFO - Parsed data: title: ＜04月30日(火) 08:45～09:30＞[平針]外国免許切替審査 Hirabari Exchanging Foreign Driver's License, status: None, start_date: 2024年04月16日 07時30分, end_date: 2024年04月25日 12時00分, template_seq: 95604
[ 2024-04-16 23:59:21,719 ] 94 Jamebrown0206 - INFO - Parsed data: title: ＜04月30日(火) 08:45～09:30＞[平針]外国免許切替審査 Hirabari Exchanging Foreign Driver's License, status: None, start_date: 2024年04月16日 07時30分, end_date: 2024年04月25日 12時00分, template_seq: 95604
[ 2024-04-16 23:59:21,719 ] 94 Jamebrown0206 - INFO - Parsed data: title: ＜04月30日(火) 08:45～09:30＞[平針]外国免許切替審査 Hirabari Exchanging Foreign Driver's License, status: None, start_date: 2024年04月16日 07時30分, end_date: 2024年04月25日 12時00分, template_seq: 95604
[ 2024-04-16 23:59:21,744 ] 94 Jamebrown0206 - INFO - Parsed data: title: ＜04月30日(火) 09:30～10:30＞[平針]外国免許切替審査 Hirabari Exchanging Foreign Driver's License, status: None, start_date: 2024年04月16日 07時30分, end_date: 2024年04月25日 12時00分, template_seq: 95605
[ 2024-04-16 23:59:21,744 ] 94 Jamebrown0206 - INFO - Parsed data: title: ＜04月30日(火) 09:30～10:30＞[平針]外国免許切替審査 Hirabari Exchanging Foreign Driver's License, status: None, start_date: 2024年04月16日 07時30分, end_date: 2024年04月25日 12時00分, template_seq: 95605
[ 2024-04-16 23:59:21,744 ] 94 Jamebrown0206 - INFO - Parsed data: title: ＜04月30日(火) 09:30～10:30＞[平針]外国免許切替審査 Hirabari Exchanging Foreign Driver's License, status: None, start_date: 2024年04月16日 07時30分, end_date: 2024年04月25日 12時00分, template_seq: 95605
[ 2024-04-16 23:59:21,768 ] 94 Jamebrown0206 - INFO - Parsed data: title: ＜04月30日(火) 10:30～11:45＞[平針]外国免許切替審査 Hirabari Exchanging Foreign Driver's License, status: None, start_date: 2024年04月16日 07時30分, end_date: 2024年04月25日 12時00分, template_seq: 95607
[ 2024-04-16 23:59:21,768 ] 94 Jamebrown0206 - INFO - Parsed data: title: ＜04月30日(火) 10:30～11:45＞[平針]外国免許切替審査 Hirabari Exchanging Foreign Driver's License, status: None, start_date: 2024年04月16日 07時30分, end_date: 2024年04月25日 12時00分, template_seq: 95607
[ 2024-04-16 23:59:21,768 ] 94 Jamebrown0206 - INFO - Parsed data: title: ＜04月30日(火) 10:30～11:45＞[平針]外国免許切替審査 Hirabari Exchanging Foreign Driver's License, status: None, start_date: 2024年04月16日 07時30分, end_date: 2024年04月25日 12時00分, template_seq: 95607
[ 2024-04-16 23:59:21,790 ] 94 Jamebrown0206 - INFO - Parsed data: title: ＜04月30日(火) 12:45～13:30＞[平針]外国免許切替審査 Hirabari Exchanging Foreign Driver's License, status: None, start_date: 2024年04月16日 07時30分, end_date: 2024年04月25日 12時00分, template_seq: 95608
[ 2024-04-16 23:59:21,790 ] 94 Jamebrown0206 - INFO - Parsed data: title: ＜04月30日(火) 12:45～13:30＞[平針]外国免許切替審査 Hirabari Exchanging Foreign Driver's License, status: None, start_date: 2024年04月16日 07時30分, end_date: 2024年04月25日 12時00分, template_seq: 95608
[ 2024-04-16 23:59:21,790 ] 94 Jamebrown0206 - INFO - Parsed data: title: ＜04月30日(火) 12:45～13:30＞[平針]外国免許切替審査 Hirabari Exchanging Foreign Driver's License, status: None, start_date: 2024年04月16日 07時30分, end_date: 2024年04月25日 12時00分, template_seq: 95608
[ 2024-04-16 23:59:21,814 ] 94 Jamebrown0206 - INFO - Parsed data: title: ＜04月30日(火) 13:30～14:45＞[平針]外国免許切替審査 Hirabari Exchanging Foreign Driver's License, status: None, start_date: 2024年04月16日 07時30分, end_date: 2024年04月25日 12時00分, template_seq: 95609
[ 2024-04-16 23:59:21,814 ] 94 Jamebrown0206 - INFO - Parsed data: title: ＜04月30日(火) 13:30～14:45＞[平針]外国免許切替審査 Hirabari Exchanging Foreign Driver's License, status: None, start_date: 2024年04月16日 07時30分, end_date: 2024年04月25日 12時00分, template_seq: 95609
[ 2024-04-16 23:59:21,814 ] 94 Jamebrown0206 - INFO - Parsed data: title: ＜04月30日(火) 13:30～14:45＞[平針]外国免許切替審査 Hirabari Exchanging Foreign Driver's License, status: None, start_date: 2024年04月16日 07時30分, end_date: 2024年04月25日 12時00分, template_seq: 95609
[ 2024-04-16 23:59:21,838 ] 94 Jamebrown0206 - INFO - Parsed data: title: ＜04月26日(金) 08:45～09:30＞[平針]外国免許切替審査 Hirabari Exchanging Foreign Driver's License, status: None, start_date: 2024年04月12日 07時30分, end_date: 2024年04月24日 12時00分, template_seq: 95410
[ 2024-04-16 23:59:21,838 ] 94 Jamebrown0206 - INFO - Parsed data: title: ＜04月26日(金) 08:45～09:30＞[平針]外国免許切替審査 Hirabari Exchanging Foreign Driver's License, status: None, start_date: 2024年04月12日 07時30分, end_date: 2024年04月24日 12時00分, template_seq: 95410
[ 2024-04-16 23:59:21,838 ] 94 Jamebrown0206 - INFO - Parsed data: title: ＜04月26日(金) 08:45～09:30＞[平針]外国免許切替審査 Hirabari Exchanging Foreign Driver's License, status: None, start_date: 2024年04月12日 07時30分, end_date: 2024年04月24日 12時00分, template_seq: 95410
[ 2024-04-16 23:59:21,866 ] 94 Jamebrown0206 - INFO - Parsed data: title: ＜04月26日(金) 09:30～10:30＞[平針]外国免許切替審査 Hirabari Exchanging Foreign Driver's License, status: None, start_date: 2024年04月12日 07時30分, end_date: 2024年04月24日 12時00分, template_seq: 95411
[ 2024-04-16 23:59:21,866 ] 94 Jamebrown0206 - INFO - Parsed data: title: ＜04月26日(金) 09:30～10:30＞[平針]外国免許切替審査 Hirabari Exchanging Foreign Driver's License, status: None, start_date: 2024年04月12日 07時30分, end_date: 2024年04月24日 12時00分, template_seq: 95411
[ 2024-04-16 23:59:21,866 ] 94 Jamebrown0206 - INFO - Parsed data: title: ＜04月26日(金) 09:30～10:30＞[平針]外国免許切替審査 Hirabari Exchanging Foreign Driver's License, status: None, start_date: 2024年04月12日 07時30分, end_date: 2024年04月24日 12時00分, template_seq: 95411
[ 2024-04-16 23:59:21,888 ] 94 Jamebrown0206 - INFO - Parsed data: title: ＜04月26日(金) 10:30～11:45＞[平針]外国免許切替審査 Hirabari Exchanging Foreign Driver's License, status: None, start_date: 2024年04月12日 07時30分, end_date: 2024年04月24日 12時00分, template_seq: 95412
[ 2024-04-16 23:59:21,888 ] 94 Jamebrown0206 - INFO - Parsed data: title: ＜04月26日(金) 10:30～11:45＞[平針]外国免許切替審査 Hirabari Exchanging Foreign Driver's License, status: None, start_date: 2024年04月12日 07時30分, end_date: 2024年04月24日 12時00分, template_seq: 95412
[ 2024-04-16 23:59:21,888 ] 94 Jamebrown0206 - INFO - Parsed data: title: ＜04月26日(金) 10:30～11:45＞[平針]外国免許切替審査 Hirabari Exchanging Foreign Driver's License, status: None, start_date: 2024年04月12日 07時30分, end_date: 2024年04月24日 12時00分, template_seq: 95412
[ 2024-04-16 23:59:21,913 ] 94 Jamebrown0206 - INFO - Parsed data: title: ＜04月26日(金) 12:45～13:30＞[平針]外国免許切替審査 Hirabari Exchanging Foreign Driver's License, status: None, start_date: 2024年04月12日 07時30分, end_date: 2024年04月24日 12時00分, template_seq: 95413
[ 2024-04-16 23:59:21,913 ] 94 Jamebrown0206 - INFO - Parsed data: title: ＜04月26日(金) 12:45～13:30＞[平針]外国免許切替審査 Hirabari Exchanging Foreign Driver's License, status: None, start_date: 2024年04月12日 07時30分, end_date: 2024年04月24日 12時00分, template_seq: 95413
[ 2024-04-16 23:59:21,913 ] 94 Jamebrown0206 - INFO - Parsed data: title: ＜04月26日(金) 12:45～13:30＞[平針]外国免許切替審査 Hirabari Exchanging Foreign Driver's License, status: None, start_date: 2024年04月12日 07時30分, end_date: 2024年04月24日 12時00分, template_seq: 95413
[ 2024-04-16 23:59:21,951 ] 94 Jamebrown0206 - INFO - Parsed data: title: ＜04月26日(金) 13:30～14:45＞[平針]外国免許切替審査 Hirabari Exchanging Foreign Driver's License, status: None, start_date: 2024年04月12日 07時30分, end_date: 2024年04月24日 12時00分, template_seq: 95414
[ 2024-04-16 23:59:21,951 ] 94 Jamebrown0206 - INFO - Parsed data: title: ＜04月26日(金) 13:30～14:45＞[平針]外国免許切替審査 Hirabari Exchanging Foreign Driver's License, status: None, start_date: 2024年04月12日 07時30分, end_date: 2024年04月24日 12時00分, template_seq: 95414
[ 2024-04-16 23:59:21,951 ] 94 Jamebrown0206 - INFO - Parsed data: title: ＜04月26日(金) 13:30～14:45＞[平針]外国免許切替審査 Hirabari Exchanging Foreign Driver's License, status: None, start_date: 2024年04月12日 07時30分, end_date: 2024年04月24日 12時00分, template_seq: 95414
[ 2024-04-16 23:59:21,952 ] 94 Jamebrown0206 - INFO - Number of filtered forms left is: 5 form(s)
[ 2024-04-16 23:59:21,952 ] 94 Jamebrown0206 - INFO - Number of filtered forms left is: 5 form(s)
[ 2024-04-16 23:59:21,952 ] 94 Jamebrown0206 - INFO - Number of filtered forms left is: 5 form(s)
[ 2024-04-16 23:59:21,953 ] 94 Jamebrown0206 - INFO - Accessing form, template sequence: 96089
[ 2024-04-16 23:59:21,953 ] 94 Jamebrown0206 - INFO - Accessing form, template sequence: 96089
[ 2024-04-16 23:59:21,953 ] 94 Jamebrown0206 - INFO - Accessing form, template sequence: 96089
[ 2024-04-16 23:59:21,953 ] 94 Jamebrown0206 - INFO - Form URL: https://www.shinsei.e-aichi.jp/pref-aichi-police-u/offer/offerList_detailTop?tempSeq=96089
[ 2024-04-16 23:59:21,953 ] 94 Jamebrown0206 - INFO - Form URL: https://www.shinsei.e-aichi.jp/pref-aichi-police-u/offer/offerList_detailTop?tempSeq=96089
[ 2024-04-16 23:59:21,953 ] 94 Jamebrown0206 - INFO - Form URL: https://www.shinsei.e-aichi.jp/pref-aichi-police-u/offer/offerList_detailTop?tempSeq=96089
[ 2024-04-16 23:59:27,669 ] 94 Jamebrown0206 - INFO - Accessed form successfully
[ 2024-04-16 23:59:27,669 ] 94 Jamebrown0206 - INFO - Accessed form successfully
[ 2024-04-16 23:59:27,669 ] 94 Jamebrown0206 - INFO - Accessed form successfully
[ 2024-04-16 23:59:27,689 ] 94 Jamebrown0206 - INFO - Form message: 申込期間ではありません。
[ 2024-04-16 23:59:27,689 ] 94 Jamebrown0206 - INFO - Form message: 申込期間ではありません。
[ 2024-04-16 23:59:27,689 ] 94 Jamebrown0206 - INFO - Form message: 申込期間ではありません。
[ 2024-04-16 23:59:27,689 ] 94 Jamebrown0206 - INFO - Refreshing page to check availability trial number 1, template sequence: 96089
[ 2024-04-16 23:59:27,689 ] 94 Jamebrown0206 - INFO - Refreshing page to check availability trial number 1, template sequence: 96089
[ 2024-04-16 23:59:27,689 ] 94 Jamebrown0206 - INFO - Refreshing page to check availability trial number 1, template sequence: 96089
[ 2024-04-16 23:59:29,258 ] 94 Jamebrown0206 - INFO - Form message: 申込期間ではありません。
[ 2024-04-16 23:59:29,258 ] 94 Jamebrown0206 - INFO - Form message: 申込期間ではありません。
[ 2024-04-16 23:59:29,258 ] 94 Jamebrown0206 - INFO - Form message: 申込期間ではありません。
[ 2024-04-16 23:59:29,259 ] 94 Jamebrown0206 - INFO - Refreshing page to check availability trial number 2, template sequence: 96089
[ 2024-04-16 23:59:29,259 ] 94 Jamebrown0206 - INFO - Refreshing page to check availability trial number 2, template sequence: 96089
[ 2024-04-16 23:59:29,259 ] 94 Jamebrown0206 - INFO - Refreshing page to check availability trial number 2, template sequence: 96089
[ 2024-04-16 23:59:31,044 ] 94 Jamebrown0206 - INFO - Form message: 申込期間ではありません。
[ 2024-04-16 23:59:31,044 ] 94 Jamebrown0206 - INFO - Form message: 申込期間ではありません。
[ 2024-04-16 23:59:31,044 ] 94 Jamebrown0206 - INFO - Form message: 申込期間ではありません。
[ 2024-04-16 23:59:31,046 ] 94 Jamebrown0206 - INFO - Refreshing page to check availability trial number 3, template sequence: 96089
[ 2024-04-16 23:59:31,046 ] 94 Jamebrown0206 - INFO - Refreshing page to check availability trial number 3, template sequence: 96089
[ 2024-04-16 23:59:31,046 ] 94 Jamebrown0206 - INFO - Refreshing page to check availability trial number 3, template sequence: 96089
[ 2024-04-16 23:59:32,825 ] 94 Jamebrown0206 - INFO - Form message: 申込期間ではありません。
[ 2024-04-16 23:59:32,825 ] 94 Jamebrown0206 - INFO - Form message: 申込期間ではありません。
[ 2024-04-16 23:59:32,825 ] 94 Jamebrown0206 - INFO - Form message: 申込期間ではありません。
[ 2024-04-16 23:59:32,825 ] 94 Jamebrown0206 - INFO - Refreshing page to check availability trial number 4, template sequence: 96089
[ 2024-04-16 23:59:32,825 ] 94 Jamebrown0206 - INFO - Refreshing page to check availability trial number 4, template sequence: 96089
[ 2024-04-16 23:59:32,825 ] 94 Jamebrown0206 - INFO - Refreshing page to check availability trial number 4, template sequence: 96089
[ 2024-04-16 23:59:34,622 ] 94 Jamebrown0206 - INFO - Form message: 申込期間ではありません。
[ 2024-04-16 23:59:34,622 ] 94 Jamebrown0206 - INFO - Form message: 申込期間ではありません。
[ 2024-04-16 23:59:34,622 ] 94 Jamebrown0206 - INFO - Form message: 申込期間ではありません。
[ 2024-04-16 23:59:34,622 ] 94 Jamebrown0206 - INFO - Refreshing page to check availability trial number 5, template sequence: 96089
[ 2024-04-16 23:59:34,622 ] 94 Jamebrown0206 - INFO - Refreshing page to check availability trial number 5, template sequence: 96089
[ 2024-04-16 23:59:34,622 ] 94 Jamebrown0206 - INFO - Refreshing page to check availability trial number 5, template sequence: 96089
[ 2024-04-16 23:59:36,433 ] 94 Jamebrown0206 - INFO - Form message: 申込期間ではありません。
[ 2024-04-16 23:59:36,433 ] 94 Jamebrown0206 - INFO - Form message: 申込期間ではありません。
[ 2024-04-16 23:59:36,433 ] 94 Jamebrown0206 - INFO - Form message: 申込期間ではありません。
[ 2024-04-16 23:59:36,434 ] 94 Jamebrown0206 - INFO - Refreshing page to check availability trial number 6, template sequence: 96089
[ 2024-04-16 23:59:36,434 ] 94 Jamebrown0206 - INFO - Refreshing page to check availability trial number 6, template sequence: 96089
[ 2024-04-16 23:59:36,434 ] 94 Jamebrown0206 - INFO - Refreshing page to check availability trial number 6, template sequence: 96089
[ 2024-04-16 23:59:38,268 ] 94 Jamebrown0206 - INFO - Form message: 申込期間ではありません。
[ 2024-04-16 23:59:38,268 ] 94 Jamebrown0206 - INFO - Form message: 申込期間ではありません。
[ 2024-04-16 23:59:38,268 ] 94 Jamebrown0206 - INFO - Form message: 申込期間ではありません。
[ 2024-04-16 23:59:38,269 ] 94 Jamebrown0206 - INFO - Refreshing page to check availability trial number 7, template sequence: 96089
[ 2024-04-16 23:59:38,269 ] 94 Jamebrown0206 - INFO - Refreshing page to check availability trial number 7, template sequence: 96089
[ 2024-04-16 23:59:38,269 ] 94 Jamebrown0206 - INFO - Refreshing page to check availability trial number 7, template sequence: 96089
[ 2024-04-16 23:59:40,851 ] 94 Jamebrown0206 - INFO - Form message: 申込期間ではありません。
[ 2024-04-16 23:59:40,851 ] 94 Jamebrown0206 - INFO - Form message: 申込期間ではありません。
[ 2024-04-16 23:59:40,851 ] 94 Jamebrown0206 - INFO - Form message: 申込期間ではありません。
[ 2024-04-16 23:59:40,852 ] 94 Jamebrown0206 - INFO - Refreshing page to check availability trial number 8, template sequence: 96089
[ 2024-04-16 23:59:40,852 ] 94 Jamebrown0206 - INFO - Refreshing page to check availability trial number 8, template sequence: 96089
[ 2024-04-16 23:59:40,852 ] 94 Jamebrown0206 - INFO - Refreshing page to check availability trial number 8, template sequence: 96089
[ 2024-04-16 23:59:42,670 ] 94 Jamebrown0206 - INFO - Form message: 申込期間ではありません。
[ 2024-04-16 23:59:42,670 ] 94 Jamebrown0206 - INFO - Form message: 申込期間ではありません。
[ 2024-04-16 23:59:42,670 ] 94 Jamebrown0206 - INFO - Form message: 申込期間ではありません。
[ 2024-04-16 23:59:42,671 ] 94 Jamebrown0206 - INFO - Refreshing page to check availability trial number 9, template sequence: 96089
[ 2024-04-16 23:59:42,671 ] 94 Jamebrown0206 - INFO - Refreshing page to check availability trial number 9, template sequence: 96089
[ 2024-04-16 23:59:42,671 ] 94 Jamebrown0206 - INFO - Refreshing page to check availability trial number 9, template sequence: 96089
[ 2024-04-16 23:59:44,458 ] 94 Jamebrown0206 - INFO - Form message: 申込期間ではありません。
[ 2024-04-16 23:59:44,458 ] 94 Jamebrown0206 - INFO - Form message: 申込期間ではありません。
[ 2024-04-16 23:59:44,458 ] 94 Jamebrown0206 - INFO - Form message: 申込期間ではありません。
[ 2024-04-16 23:59:44,459 ] 94 Jamebrown0206 - INFO - Refreshing page to check availability trial number 10, template sequence: 96089
[ 2024-04-16 23:59:44,459 ] 94 Jamebrown0206 - INFO - Refreshing page to check availability trial number 10, template sequence: 96089
[ 2024-04-16 23:59:44,459 ] 94 Jamebrown0206 - INFO - Refreshing page to check availability trial number 10, template sequence: 96089
[ 2024-04-16 23:59:45,636 ] 94 Jamebrown0206 - INFO - Form message: 申込期間ではありません。
[ 2024-04-16 23:59:45,636 ] 94 Jamebrown0206 - INFO - Form message: 申込期間ではありません。
[ 2024-04-16 23:59:45,636 ] 94 Jamebrown0206 - INFO - Form message: 申込期間ではありません。
[ 2024-04-16 23:59:45,636 ] 82 Jamebrown0206 - ERROR - Failed to get form message, maybe form is available
Traceback (most recent call last):
  File "C:\Users\USER\Projects\AichiTool\AichiSelenium\src\controllers\filler.py", line 115, in get_form_message
    self.logger.info("Form message: " + message)
  File "C:\Users\USER\Projects\AichiTool\AichiSelenium\src\logs.py", line 70, in info
    self._log(logging.INFO, *msg)
  File "C:\Users\USER\Projects\AichiTool\AichiSelenium\src\logs.py", line 96, in _log
    self.ins(ins_message)
  File "C:\Users\USER\Projects\AichiTool\AichiSelenium\src\logs.py", line 90, in ins
    print(log_text)
OSError: [WinError 233] No process is on the other end of the pipe
[ 2024-04-16 23:59:45,636 ] 82 Jamebrown0206 - ERROR - Failed to get form message, maybe form is available
Traceback (most recent call last):
  File "C:\Users\USER\Projects\AichiTool\AichiSelenium\src\controllers\filler.py", line 115, in get_form_message
    self.logger.info("Form message: " + message)
  File "C:\Users\USER\Projects\AichiTool\AichiSelenium\src\logs.py", line 70, in info
    self._log(logging.INFO, *msg)
  File "C:\Users\USER\Projects\AichiTool\AichiSelenium\src\logs.py", line 96, in _log
    self.ins(ins_message)
  File "C:\Users\USER\Projects\AichiTool\AichiSelenium\src\logs.py", line 90, in ins
    print(log_text)
OSError: [WinError 233] No process is on the other end of the pipe
[ 2024-04-16 23:59:45,636 ] 82 Jamebrown0206 - ERROR - Failed to get form message, maybe form is available
Traceback (most recent call last):
  File "C:\Users\USER\Projects\AichiTool\AichiSelenium\src\controllers\filler.py", line 115, in get_form_message
    self.logger.info("Form message: " + message)
  File "C:\Users\USER\Projects\AichiTool\AichiSelenium\src\logs.py", line 70, in info
    self._log(logging.INFO, *msg)
  File "C:\Users\USER\Projects\AichiTool\AichiSelenium\src\logs.py", line 96, in _log
    self.ins(ins_message)
  File "C:\Users\USER\Projects\AichiTool\AichiSelenium\src\logs.py", line 90, in ins
    print(log_text)
OSError: [WinError 233] No process is on the other end of the pipe
