[ 2024-04-16 23:59:01,673 ] 94 main_controller - INFO - Subprocess 0 started with trial number 0
[ 2024-04-16 23:59:01,674 ] 94 main_controller - ERROR - Account is a dictionary, convert to Account object: Username: Nickpown0411@gmail.com, Password: hoahong1234
[ 2024-04-16 23:59:03,679 ] 94 main_controller - INFO - Subprocess 1 started with trial number 0
[ 2024-04-16 23:59:03,679 ] 94 main_controller - INFO - Subprocess 1 started with trial number 0
[ 2024-04-16 23:59:03,679 ] 94 main_controller - ERROR - Account is a dictionary, convert to Account object: Username: marjyamada040493@gmail.com, Password: Marj0409
[ 2024-04-16 23:59:03,679 ] 94 main_controller - ERROR - Account is a dictionary, convert to Account object: Username: marjyamada040493@gmail.com, Password: Marj0409
[ 2024-04-16 23:59:04,105 ] 94 main_controller - INFO - Browser opened
[ 2024-04-16 23:59:04,105 ] 94 main_controller - INFO - Browser opened
[ 2024-04-16 23:59:04,974 ] 94 main_controller - INFO - Browser opened
[ 2024-04-16 23:59:04,974 ] 94 main_controller - INFO - Browser opened
[ 2024-04-16 23:59:05,728 ] 94 main_controller - INFO - Subprocess 2 started with trial number 0
[ 2024-04-16 23:59:05,728 ] 94 main_controller - INFO - Subprocess 2 started with trial number 0
[ 2024-04-16 23:59:05,728 ] 94 main_controller - INFO - Subprocess 2 started with trial number 0
[ 2024-04-16 23:59:05,730 ] 94 main_controller - ERROR - Account is a dictionary, convert to Account object: Username: Jamebrown0206@gmail.com, Password: hoahong1234
[ 2024-04-16 23:59:05,730 ] 94 main_controller - ERROR - Account is a dictionary, convert to Account object: Username: Jamebrown0206@gmail.com, Password: hoahong1234
[ 2024-04-16 23:59:05,730 ] 94 main_controller - ERROR - Account is a dictionary, convert to Account object: Username: Jamebrown0206@gmail.com, Password: hoahong1234
[ 2024-04-16 23:59:08,339 ] 94 main_controller - INFO - Browser opened
[ 2024-04-16 23:59:08,339 ] 94 main_controller - INFO - Browser opened
[ 2024-04-16 23:59:08,339 ] 94 main_controller - INFO - Browser opened
[ 2024-04-16 23:59:16,211 ] 94 main_controller - INFO - Logged in successfully
[ 2024-04-16 23:59:16,211 ] 94 main_controller - INFO - Logged in successfully
[ 2024-04-16 23:59:16,211 ] 94 main_controller - INFO - Logged in successfully
[ 2024-04-16 23:59:16,475 ] 94 main_controller - INFO - Screenshot saved to C:\Users\USER\Projects\AichiTool\AichiSelenium\logs\2024_04_16\23_59_01\screenshot_Nickpown0411.png
[ 2024-04-16 23:59:16,475 ] 94 main_controller - INFO - Screenshot saved to C:\Users\USER\Projects\AichiTool\AichiSelenium\logs\2024_04_16\23_59_01\screenshot_Nickpown0411.png
[ 2024-04-16 23:59:16,475 ] 94 main_controller - INFO - Screenshot saved to C:\Users\USER\Projects\AichiTool\AichiSelenium\logs\2024_04_16\23_59_01\screenshot_Nickpown0411.png
[ 2024-04-16 23:59:16,475 ] 94 main_controller - INFO - Finding forms
[ 2024-04-16 23:59:16,475 ] 94 main_controller - INFO - Finding forms
[ 2024-04-16 23:59:16,475 ] 94 main_controller - INFO - Finding forms
[ 2024-04-16 23:59:17,114 ] 94 main_controller - INFO - Logged in successfully
[ 2024-04-16 23:59:17,114 ] 94 main_controller - INFO - Logged in successfully
[ 2024-04-16 23:59:17,114 ] 94 main_controller - INFO - Logged in successfully
[ 2024-04-16 23:59:17,365 ] 94 main_controller - INFO - Screenshot saved to C:\Users\USER\Projects\AichiTool\AichiSelenium\logs\2024_04_16\23_59_01\screenshot_marjyamada040493.png
[ 2024-04-16 23:59:17,365 ] 94 main_controller - INFO - Screenshot saved to C:\Users\USER\Projects\AichiTool\AichiSelenium\logs\2024_04_16\23_59_01\screenshot_marjyamada040493.png
[ 2024-04-16 23:59:17,365 ] 94 main_controller - INFO - Screenshot saved to C:\Users\USER\Projects\AichiTool\AichiSelenium\logs\2024_04_16\23_59_01\screenshot_marjyamada040493.png
[ 2024-04-16 23:59:17,365 ] 94 main_controller - INFO - Finding forms
[ 2024-04-16 23:59:17,365 ] 94 main_controller - INFO - Finding forms
[ 2024-04-16 23:59:17,365 ] 94 main_controller - INFO - Finding forms
[ 2024-04-16 23:59:19,114 ] 94 main_controller - INFO - Found 5 form(s)
[ 2024-04-16 23:59:19,114 ] 94 main_controller - INFO - Found 5 form(s)
[ 2024-04-16 23:59:19,114 ] 94 main_controller - INFO - Found 5 form(s)
[ 2024-04-16 23:59:19,189 ] 94 main_controller - INFO - Logged in successfully
[ 2024-04-16 23:59:19,189 ] 94 main_controller - INFO - Logged in successfully
[ 2024-04-16 23:59:19,189 ] 94 main_controller - INFO - Logged in successfully
[ 2024-04-16 23:59:19,426 ] 94 main_controller - INFO - Screenshot saved to C:\Users\USER\Projects\AichiTool\AichiSelenium\logs\2024_04_16\23_59_01\screenshot_Jamebrown0206.png
[ 2024-04-16 23:59:19,426 ] 94 main_controller - INFO - Screenshot saved to C:\Users\USER\Projects\AichiTool\AichiSelenium\logs\2024_04_16\23_59_01\screenshot_Jamebrown0206.png
[ 2024-04-16 23:59:19,426 ] 94 main_controller - INFO - Screenshot saved to C:\Users\USER\Projects\AichiTool\AichiSelenium\logs\2024_04_16\23_59_01\screenshot_Jamebrown0206.png
[ 2024-04-16 23:59:19,427 ] 94 main_controller - INFO - Finding forms
[ 2024-04-16 23:59:19,427 ] 94 main_controller - INFO - Finding forms
[ 2024-04-16 23:59:19,427 ] 94 main_controller - INFO - Finding forms
[ 2024-04-16 23:59:19,909 ] 94 main_controller - INFO - Found 5 form(s)
[ 2024-04-16 23:59:19,909 ] 94 main_controller - INFO - Found 5 form(s)
[ 2024-04-16 23:59:19,909 ] 94 main_controller - INFO - Found 5 form(s)
[ 2024-04-16 23:59:21,952 ] 94 main_controller - INFO - Found 5 form(s)
[ 2024-04-16 23:59:21,952 ] 94 main_controller - INFO - Found 5 form(s)
[ 2024-04-16 23:59:21,952 ] 94 main_controller - INFO - Found 5 form(s)
[ 2024-04-16 23:59:45,223 ] 94 main_controller - INFO - Closing browser
[ 2024-04-16 23:59:45,223 ] 94 main_controller - INFO - Closing browser
[ 2024-04-16 23:59:45,223 ] 94 main_controller - INFO - Closing browser
[ 2024-04-16 23:59:45,333 ] 94 main_controller - INFO - Closing browser
[ 2024-04-16 23:59:45,333 ] 94 main_controller - INFO - Closing browser
[ 2024-04-16 23:59:45,333 ] 94 main_controller - INFO - Closing browser
[ 2024-04-16 23:59:45,637 ] 94 main_controller - INFO - Closing browser
[ 2024-04-16 23:59:45,637 ] 94 main_controller - INFO - Closing browser
[ 2024-04-16 23:59:45,637 ] 94 main_controller - INFO - Closing browser
