[ 2024-04-16 23:59:10,902 ] 94 marjyamada040493 - INFO - Opened login page
[ 2024-04-16 23:59:10,902 ] 94 marjyamada040493 - INFO - Opened login page
[ 2024-04-16 23:59:10,902 ] 94 marjyamada040493 - INFO - Opened login page
[ 2024-04-16 23:59:16,784 ] 94 marjyamada040493 - INFO - Logging in
[ 2024-04-16 23:59:16,784 ] 94 marjyamada040493 - INFO - Logging in
[ 2024-04-16 23:59:16,784 ] 94 marjyamada040493 - INFO - Logging in
[ 2024-04-16 23:59:16,791 ] 94 marjyamada040493 - INFO - Current url: https://www.shinsei.e-aichi.jp/pref-aichi-police-u/offer/offerList_initDisplay
[ 2024-04-16 23:59:16,791 ] 94 marjyamada040493 - INFO - Current url: https://www.shinsei.e-aichi.jp/pref-aichi-police-u/offer/offerList_initDisplay
[ 2024-04-16 23:59:16,791 ] 94 marjyamada040493 - INFO - Current url: https://www.shinsei.e-aichi.jp/pref-aichi-police-u/offer/offerList_initDisplay
[ 2024-04-16 23:59:17,114 ] 94 marjyamada040493 - INFO - Logged in finished
[ 2024-04-16 23:59:17,114 ] 94 marjyamada040493 - INFO - Logged in finished
[ 2024-04-16 23:59:17,114 ] 94 marjyamada040493 - INFO - Logged in finished
[ 2024-04-16 23:59:17,371 ] 94 marjyamada040493 - INFO - On main page
[ 2024-04-16 23:59:17,371 ] 94 marjyamada040493 - INFO - On main page
[ 2024-04-16 23:59:17,371 ] 94 marjyamada040493 - INFO - On main page
[ 2024-04-16 23:59:19,224 ] 94 marjyamada040493 - INFO - Search submitted
[ 2024-04-16 23:59:19,224 ] 94 marjyamada040493 - INFO - Search submitted
[ 2024-04-16 23:59:19,224 ] 94 marjyamada040493 - INFO - Search submitted
[ 2024-04-16 23:59:19,249 ] 94 marjyamada040493 - INFO - Collected 20 forms
[ 2024-04-16 23:59:19,249 ] 94 marjyamada040493 - INFO - Collected 20 forms
[ 2024-04-16 23:59:19,249 ] 94 marjyamada040493 - INFO - Collected 20 forms
[ 2024-04-16 23:59:19,278 ] 94 marjyamada040493 - INFO - Parsed data: title: ＜05月02日(木) 08:45～09:30＞[平針]外国免許切替審査 Hirabari Exchanging Foreign Driver's License, status: None, start_date: 2024年04月18日 07時30分, end_date: 2024年04月30日 12時00分, template_seq: 96126
[ 2024-04-16 23:59:19,278 ] 94 marjyamada040493 - INFO - Parsed data: title: ＜05月02日(木) 08:45～09:30＞[平針]外国免許切替審査 Hirabari Exchanging Foreign Driver's License, status: None, start_date: 2024年04月18日 07時30分, end_date: 2024年04月30日 12時00分, template_seq: 96126
[ 2024-04-16 23:59:19,278 ] 94 marjyamada040493 - INFO - Parsed data: title: ＜05月02日(木) 08:45～09:30＞[平針]外国免許切替審査 Hirabari Exchanging Foreign Driver's License, status: None, start_date: 2024年04月18日 07時30分, end_date: 2024年04月30日 12時00分, template_seq: 96126
[ 2024-04-16 23:59:19,302 ] 94 marjyamada040493 - INFO - Parsed data: title: ＜05月02日(木) 09:30～10:30＞[平針]外国免許切替審査 Hirabari Exchanging Foreign Driver's License, status: None, start_date: 2024年04月18日 07時30分, end_date: 2024年04月30日 12時00分, template_seq: 96127
[ 2024-04-16 23:59:19,302 ] 94 marjyamada040493 - INFO - Parsed data: title: ＜05月02日(木) 09:30～10:30＞[平針]外国免許切替審査 Hirabari Exchanging Foreign Driver's License, status: None, start_date: 2024年04月18日 07時30分, end_date: 2024年04月30日 12時00分, template_seq: 96127
[ 2024-04-16 23:59:19,302 ] 94 marjyamada040493 - INFO - Parsed data: title: ＜05月02日(木) 09:30～10:30＞[平針]外国免許切替審査 Hirabari Exchanging Foreign Driver's License, status: None, start_date: 2024年04月18日 07時30分, end_date: 2024年04月30日 12時00分, template_seq: 96127
[ 2024-04-16 23:59:19,332 ] 94 marjyamada040493 - INFO - Parsed data: title: ＜05月02日(木) 10:30～11:45＞[平針]外国免許切替審査 Hirabari Exchanging Foreign Driver's License, status: None, start_date: 2024年04月18日 07時30分, end_date: 2024年04月30日 12時00分, template_seq: 96128
[ 2024-04-16 23:59:19,332 ] 94 marjyamada040493 - INFO - Parsed data: title: ＜05月02日(木) 10:30～11:45＞[平針]外国免許切替審査 Hirabari Exchanging Foreign Driver's License, status: None, start_date: 2024年04月18日 07時30分, end_date: 2024年04月30日 12時00分, template_seq: 96128
[ 2024-04-16 23:59:19,332 ] 94 marjyamada040493 - INFO - Parsed data: title: ＜05月02日(木) 10:30～11:45＞[平針]外国免許切替審査 Hirabari Exchanging Foreign Driver's License, status: None, start_date: 2024年04月18日 07時30分, end_date: 2024年04月30日 12時00分, template_seq: 96128
[ 2024-04-16 23:59:19,359 ] 94 marjyamada040493 - INFO - Parsed data: title: ＜05月02日(木) 12:45～13:30＞[平針]外国免許切替審査 Hirabari Exchanging Foreign Driver's License, status: None, start_date: 2024年04月18日 07時30分, end_date: 2024年04月30日 12時00分, template_seq: 96129
[ 2024-04-16 23:59:19,359 ] 94 marjyamada040493 - INFO - Parsed data: title: ＜05月02日(木) 12:45～13:30＞[平針]外国免許切替審査 Hirabari Exchanging Foreign Driver's License, status: None, start_date: 2024年04月18日 07時30分, end_date: 2024年04月30日 12時00分, template_seq: 96129
[ 2024-04-16 23:59:19,359 ] 94 marjyamada040493 - INFO - Parsed data: title: ＜05月02日(木) 12:45～13:30＞[平針]外国免許切替審査 Hirabari Exchanging Foreign Driver's License, status: None, start_date: 2024年04月18日 07時30分, end_date: 2024年04月30日 12時00分, template_seq: 96129
[ 2024-04-16 23:59:19,393 ] 94 marjyamada040493 - INFO - Parsed data: title: ＜05月02日(木) 13:30～14:45＞[平針]外国免許切替審査 Hirabari Exchanging Foreign Driver's License, status: None, start_date: 2024年04月18日 07時30分, end_date: 2024年04月30日 12時00分, template_seq: 96130
[ 2024-04-16 23:59:19,393 ] 94 marjyamada040493 - INFO - Parsed data: title: ＜05月02日(木) 13:30～14:45＞[平針]外国免許切替審査 Hirabari Exchanging Foreign Driver's License, status: None, start_date: 2024年04月18日 07時30分, end_date: 2024年04月30日 12時00分, template_seq: 96130
[ 2024-04-16 23:59:19,393 ] 94 marjyamada040493 - INFO - Parsed data: title: ＜05月02日(木) 13:30～14:45＞[平針]外国免許切替審査 Hirabari Exchanging Foreign Driver's License, status: None, start_date: 2024年04月18日 07時30分, end_date: 2024年04月30日 12時00分, template_seq: 96130
[ 2024-04-16 23:59:19,425 ] 94 marjyamada040493 - INFO - Parsed data: title: ＜05月01日(水) 08:45～09:30＞[平針]外国免許切替審査 Hirabari Exchanging Foreign Driver's License, status: None, start_date: 2024年04月17日 07時30分, end_date: 2024年04月26日 12時00分, template_seq: 96088
[ 2024-04-16 23:59:19,425 ] 94 marjyamada040493 - INFO - Parsed data: title: ＜05月01日(水) 08:45～09:30＞[平針]外国免許切替審査 Hirabari Exchanging Foreign Driver's License, status: None, start_date: 2024年04月17日 07時30分, end_date: 2024年04月26日 12時00分, template_seq: 96088
[ 2024-04-16 23:59:19,425 ] 94 marjyamada040493 - INFO - Parsed data: title: ＜05月01日(水) 08:45～09:30＞[平針]外国免許切替審査 Hirabari Exchanging Foreign Driver's License, status: None, start_date: 2024年04月17日 07時30分, end_date: 2024年04月26日 12時00分, template_seq: 96088
[ 2024-04-16 23:59:19,426 ] 94 marjyamada040493 - INFO - Parsed data: title: ＜05月01日(水) 08:45～09:30＞[平針]外国免許切替審査 Hirabari Exchanging Foreign Driver's License, status: None, start_date: 2024年04月17日 07時30分, end_date: 2024年04月26日 12時00分, template_seq: 96088
[ 2024-04-16 23:59:19,426 ] 94 marjyamada040493 - INFO - Parsed data: title: ＜05月01日(水) 08:45～09:30＞[平針]外国免許切替審査 Hirabari Exchanging Foreign Driver's License, status: None, start_date: 2024年04月17日 07時30分, end_date: 2024年04月26日 12時00分, template_seq: 96088
[ 2024-04-16 23:59:19,426 ] 94 marjyamada040493 - INFO - Parsed data: title: ＜05月01日(水) 08:45～09:30＞[平針]外国免許切替審査 Hirabari Exchanging Foreign Driver's License, status: None, start_date: 2024年04月17日 07時30分, end_date: 2024年04月26日 12時00分, template_seq: 96088
[ 2024-04-16 23:59:19,457 ] 94 marjyamada040493 - INFO - Parsed data: title: ＜05月01日(水) 09:30～10:30＞[平針]外国免許切替審査 Hirabari Exchanging Foreign Driver's License, status: None, start_date: 2024年04月17日 07時30分, end_date: 2024年04月26日 12時00分, template_seq: 96089
[ 2024-04-16 23:59:19,457 ] 94 marjyamada040493 - INFO - Parsed data: title: ＜05月01日(水) 09:30～10:30＞[平針]外国免許切替審査 Hirabari Exchanging Foreign Driver's License, status: None, start_date: 2024年04月17日 07時30分, end_date: 2024年04月26日 12時00分, template_seq: 96089
[ 2024-04-16 23:59:19,457 ] 94 marjyamada040493 - INFO - Parsed data: title: ＜05月01日(水) 09:30～10:30＞[平針]外国免許切替審査 Hirabari Exchanging Foreign Driver's License, status: None, start_date: 2024年04月17日 07時30分, end_date: 2024年04月26日 12時00分, template_seq: 96089
[ 2024-04-16 23:59:19,458 ] 94 marjyamada040493 - INFO - Parsed data: title: ＜05月01日(水) 09:30～10:30＞[平針]外国免許切替審査 Hirabari Exchanging Foreign Driver's License, status: None, start_date: 2024年04月17日 07時30分, end_date: 2024年04月26日 12時00分, template_seq: 96089
[ 2024-04-16 23:59:19,458 ] 94 marjyamada040493 - INFO - Parsed data: title: ＜05月01日(水) 09:30～10:30＞[平針]外国免許切替審査 Hirabari Exchanging Foreign Driver's License, status: None, start_date: 2024年04月17日 07時30分, end_date: 2024年04月26日 12時00分, template_seq: 96089
[ 2024-04-16 23:59:19,458 ] 94 marjyamada040493 - INFO - Parsed data: title: ＜05月01日(水) 09:30～10:30＞[平針]外国免許切替審査 Hirabari Exchanging Foreign Driver's License, status: None, start_date: 2024年04月17日 07時30分, end_date: 2024年04月26日 12時00分, template_seq: 96089
[ 2024-04-16 23:59:19,492 ] 94 marjyamada040493 - INFO - Parsed data: title: ＜05月01日(水) 10:30～11:45＞[平針]外国免許切替審査 Hirabari Exchanging Foreign Driver's License, status: None, start_date: 2024年04月17日 07時30分, end_date: 2024年04月26日 12時00分, template_seq: 96090
[ 2024-04-16 23:59:19,492 ] 94 marjyamada040493 - INFO - Parsed data: title: ＜05月01日(水) 10:30～11:45＞[平針]外国免許切替審査 Hirabari Exchanging Foreign Driver's License, status: None, start_date: 2024年04月17日 07時30分, end_date: 2024年04月26日 12時00分, template_seq: 96090
[ 2024-04-16 23:59:19,492 ] 94 marjyamada040493 - INFO - Parsed data: title: ＜05月01日(水) 10:30～11:45＞[平針]外国免許切替審査 Hirabari Exchanging Foreign Driver's License, status: None, start_date: 2024年04月17日 07時30分, end_date: 2024年04月26日 12時00分, template_seq: 96090
[ 2024-04-16 23:59:19,492 ] 94 marjyamada040493 - INFO - Parsed data: title: ＜05月01日(水) 10:30～11:45＞[平針]外国免許切替審査 Hirabari Exchanging Foreign Driver's License, status: None, start_date: 2024年04月17日 07時30分, end_date: 2024年04月26日 12時00分, template_seq: 96090
[ 2024-04-16 23:59:19,492 ] 94 marjyamada040493 - INFO - Parsed data: title: ＜05月01日(水) 10:30～11:45＞[平針]外国免許切替審査 Hirabari Exchanging Foreign Driver's License, status: None, start_date: 2024年04月17日 07時30分, end_date: 2024年04月26日 12時00分, template_seq: 96090
[ 2024-04-16 23:59:19,492 ] 94 marjyamada040493 - INFO - Parsed data: title: ＜05月01日(水) 10:30～11:45＞[平針]外国免許切替審査 Hirabari Exchanging Foreign Driver's License, status: None, start_date: 2024年04月17日 07時30分, end_date: 2024年04月26日 12時00分, template_seq: 96090
[ 2024-04-16 23:59:19,535 ] 94 marjyamada040493 - INFO - Parsed data: title: ＜05月01日(水) 12:45～13:30＞[平針]外国免許切替審査 Hirabari Exchanging Foreign Driver's License, status: None, start_date: 2024年04月17日 07時30分, end_date: 2024年04月26日 12時00分, template_seq: 96091
[ 2024-04-16 23:59:19,535 ] 94 marjyamada040493 - INFO - Parsed data: title: ＜05月01日(水) 12:45～13:30＞[平針]外国免許切替審査 Hirabari Exchanging Foreign Driver's License, status: None, start_date: 2024年04月17日 07時30分, end_date: 2024年04月26日 12時00分, template_seq: 96091
[ 2024-04-16 23:59:19,535 ] 94 marjyamada040493 - INFO - Parsed data: title: ＜05月01日(水) 12:45～13:30＞[平針]外国免許切替審査 Hirabari Exchanging Foreign Driver's License, status: None, start_date: 2024年04月17日 07時30分, end_date: 2024年04月26日 12時00分, template_seq: 96091
[ 2024-04-16 23:59:19,536 ] 94 marjyamada040493 - INFO - Parsed data: title: ＜05月01日(水) 12:45～13:30＞[平針]外国免許切替審査 Hirabari Exchanging Foreign Driver's License, status: None, start_date: 2024年04月17日 07時30分, end_date: 2024年04月26日 12時00分, template_seq: 96091
[ 2024-04-16 23:59:19,536 ] 94 marjyamada040493 - INFO - Parsed data: title: ＜05月01日(水) 12:45～13:30＞[平針]外国免許切替審査 Hirabari Exchanging Foreign Driver's License, status: None, start_date: 2024年04月17日 07時30分, end_date: 2024年04月26日 12時00分, template_seq: 96091
[ 2024-04-16 23:59:19,536 ] 94 marjyamada040493 - INFO - Parsed data: title: ＜05月01日(水) 12:45～13:30＞[平針]外国免許切替審査 Hirabari Exchanging Foreign Driver's License, status: None, start_date: 2024年04月17日 07時30分, end_date: 2024年04月26日 12時00分, template_seq: 96091
[ 2024-04-16 23:59:19,571 ] 94 marjyamada040493 - INFO - Parsed data: title: ＜05月01日(水) 13:30～14:45＞[平針]外国免許切替審査 Hirabari Exchanging Foreign Driver's License, status: None, start_date: 2024年04月17日 07時30分, end_date: 2024年04月26日 12時00分, template_seq: 96093
[ 2024-04-16 23:59:19,571 ] 94 marjyamada040493 - INFO - Parsed data: title: ＜05月01日(水) 13:30～14:45＞[平針]外国免許切替審査 Hirabari Exchanging Foreign Driver's License, status: None, start_date: 2024年04月17日 07時30分, end_date: 2024年04月26日 12時00分, template_seq: 96093
[ 2024-04-16 23:59:19,571 ] 94 marjyamada040493 - INFO - Parsed data: title: ＜05月01日(水) 13:30～14:45＞[平針]外国免許切替審査 Hirabari Exchanging Foreign Driver's License, status: None, start_date: 2024年04月17日 07時30分, end_date: 2024年04月26日 12時00分, template_seq: 96093
[ 2024-04-16 23:59:19,572 ] 94 marjyamada040493 - INFO - Parsed data: title: ＜05月01日(水) 13:30～14:45＞[平針]外国免許切替審査 Hirabari Exchanging Foreign Driver's License, status: None, start_date: 2024年04月17日 07時30分, end_date: 2024年04月26日 12時00分, template_seq: 96093
[ 2024-04-16 23:59:19,572 ] 94 marjyamada040493 - INFO - Parsed data: title: ＜05月01日(水) 13:30～14:45＞[平針]外国免許切替審査 Hirabari Exchanging Foreign Driver's License, status: None, start_date: 2024年04月17日 07時30分, end_date: 2024年04月26日 12時00分, template_seq: 96093
[ 2024-04-16 23:59:19,572 ] 94 marjyamada040493 - INFO - Parsed data: title: ＜05月01日(水) 13:30～14:45＞[平針]外国免許切替審査 Hirabari Exchanging Foreign Driver's License, status: None, start_date: 2024年04月17日 07時30分, end_date: 2024年04月26日 12時00分, template_seq: 96093
[ 2024-04-16 23:59:19,603 ] 94 marjyamada040493 - INFO - Parsed data: title: ＜04月30日(火) 08:45～09:30＞[平針]外国免許切替審査 Hirabari Exchanging Foreign Driver's License, status: None, start_date: 2024年04月16日 07時30分, end_date: 2024年04月25日 12時00分, template_seq: 95604
[ 2024-04-16 23:59:19,603 ] 94 marjyamada040493 - INFO - Parsed data: title: ＜04月30日(火) 08:45～09:30＞[平針]外国免許切替審査 Hirabari Exchanging Foreign Driver's License, status: None, start_date: 2024年04月16日 07時30分, end_date: 2024年04月25日 12時00分, template_seq: 95604
[ 2024-04-16 23:59:19,603 ] 94 marjyamada040493 - INFO - Parsed data: title: ＜04月30日(火) 08:45～09:30＞[平針]外国免許切替審査 Hirabari Exchanging Foreign Driver's License, status: None, start_date: 2024年04月16日 07時30分, end_date: 2024年04月25日 12時00分, template_seq: 95604
[ 2024-04-16 23:59:19,626 ] 94 marjyamada040493 - INFO - Parsed data: title: ＜04月30日(火) 09:30～10:30＞[平針]外国免許切替審査 Hirabari Exchanging Foreign Driver's License, status: None, start_date: 2024年04月16日 07時30分, end_date: 2024年04月25日 12時00分, template_seq: 95605
[ 2024-04-16 23:59:19,626 ] 94 marjyamada040493 - INFO - Parsed data: title: ＜04月30日(火) 09:30～10:30＞[平針]外国免許切替審査 Hirabari Exchanging Foreign Driver's License, status: None, start_date: 2024年04月16日 07時30分, end_date: 2024年04月25日 12時00分, template_seq: 95605
[ 2024-04-16 23:59:19,626 ] 94 marjyamada040493 - INFO - Parsed data: title: ＜04月30日(火) 09:30～10:30＞[平針]外国免許切替審査 Hirabari Exchanging Foreign Driver's License, status: None, start_date: 2024年04月16日 07時30分, end_date: 2024年04月25日 12時00分, template_seq: 95605
[ 2024-04-16 23:59:19,666 ] 94 marjyamada040493 - INFO - Parsed data: title: ＜04月30日(火) 10:30～11:45＞[平針]外国免許切替審査 Hirabari Exchanging Foreign Driver's License, status: None, start_date: 2024年04月16日 07時30分, end_date: 2024年04月25日 12時00分, template_seq: 95607
[ 2024-04-16 23:59:19,666 ] 94 marjyamada040493 - INFO - Parsed data: title: ＜04月30日(火) 10:30～11:45＞[平針]外国免許切替審査 Hirabari Exchanging Foreign Driver's License, status: None, start_date: 2024年04月16日 07時30分, end_date: 2024年04月25日 12時00分, template_seq: 95607
[ 2024-04-16 23:59:19,666 ] 94 marjyamada040493 - INFO - Parsed data: title: ＜04月30日(火) 10:30～11:45＞[平針]外国免許切替審査 Hirabari Exchanging Foreign Driver's License, status: None, start_date: 2024年04月16日 07時30分, end_date: 2024年04月25日 12時00分, template_seq: 95607
[ 2024-04-16 23:59:19,700 ] 94 marjyamada040493 - INFO - Parsed data: title: ＜04月30日(火) 12:45～13:30＞[平針]外国免許切替審査 Hirabari Exchanging Foreign Driver's License, status: None, start_date: 2024年04月16日 07時30分, end_date: 2024年04月25日 12時00分, template_seq: 95608
[ 2024-04-16 23:59:19,700 ] 94 marjyamada040493 - INFO - Parsed data: title: ＜04月30日(火) 12:45～13:30＞[平針]外国免許切替審査 Hirabari Exchanging Foreign Driver's License, status: None, start_date: 2024年04月16日 07時30分, end_date: 2024年04月25日 12時00分, template_seq: 95608
[ 2024-04-16 23:59:19,700 ] 94 marjyamada040493 - INFO - Parsed data: title: ＜04月30日(火) 12:45～13:30＞[平針]外国免許切替審査 Hirabari Exchanging Foreign Driver's License, status: None, start_date: 2024年04月16日 07時30分, end_date: 2024年04月25日 12時00分, template_seq: 95608
[ 2024-04-16 23:59:19,730 ] 94 marjyamada040493 - INFO - Parsed data: title: ＜04月30日(火) 13:30～14:45＞[平針]外国免許切替審査 Hirabari Exchanging Foreign Driver's License, status: None, start_date: 2024年04月16日 07時30分, end_date: 2024年04月25日 12時00分, template_seq: 95609
[ 2024-04-16 23:59:19,730 ] 94 marjyamada040493 - INFO - Parsed data: title: ＜04月30日(火) 13:30～14:45＞[平針]外国免許切替審査 Hirabari Exchanging Foreign Driver's License, status: None, start_date: 2024年04月16日 07時30分, end_date: 2024年04月25日 12時00分, template_seq: 95609
[ 2024-04-16 23:59:19,730 ] 94 marjyamada040493 - INFO - Parsed data: title: ＜04月30日(火) 13:30～14:45＞[平針]外国免許切替審査 Hirabari Exchanging Foreign Driver's License, status: None, start_date: 2024年04月16日 07時30分, end_date: 2024年04月25日 12時00分, template_seq: 95609
[ 2024-04-16 23:59:19,766 ] 94 marjyamada040493 - INFO - Parsed data: title: ＜04月26日(金) 08:45～09:30＞[平針]外国免許切替審査 Hirabari Exchanging Foreign Driver's License, status: None, start_date: 2024年04月12日 07時30分, end_date: 2024年04月24日 12時00分, template_seq: 95410
[ 2024-04-16 23:59:19,766 ] 94 marjyamada040493 - INFO - Parsed data: title: ＜04月26日(金) 08:45～09:30＞[平針]外国免許切替審査 Hirabari Exchanging Foreign Driver's License, status: None, start_date: 2024年04月12日 07時30分, end_date: 2024年04月24日 12時00分, template_seq: 95410
[ 2024-04-16 23:59:19,766 ] 94 marjyamada040493 - INFO - Parsed data: title: ＜04月26日(金) 08:45～09:30＞[平針]外国免許切替審査 Hirabari Exchanging Foreign Driver's License, status: None, start_date: 2024年04月12日 07時30分, end_date: 2024年04月24日 12時00分, template_seq: 95410
[ 2024-04-16 23:59:19,806 ] 94 marjyamada040493 - INFO - Parsed data: title: ＜04月26日(金) 09:30～10:30＞[平針]外国免許切替審査 Hirabari Exchanging Foreign Driver's License, status: None, start_date: 2024年04月12日 07時30分, end_date: 2024年04月24日 12時00分, template_seq: 95411
[ 2024-04-16 23:59:19,806 ] 94 marjyamada040493 - INFO - Parsed data: title: ＜04月26日(金) 09:30～10:30＞[平針]外国免許切替審査 Hirabari Exchanging Foreign Driver's License, status: None, start_date: 2024年04月12日 07時30分, end_date: 2024年04月24日 12時00分, template_seq: 95411
[ 2024-04-16 23:59:19,806 ] 94 marjyamada040493 - INFO - Parsed data: title: ＜04月26日(金) 09:30～10:30＞[平針]外国免許切替審査 Hirabari Exchanging Foreign Driver's License, status: None, start_date: 2024年04月12日 07時30分, end_date: 2024年04月24日 12時00分, template_seq: 95411
[ 2024-04-16 23:59:19,833 ] 94 marjyamada040493 - INFO - Parsed data: title: ＜04月26日(金) 10:30～11:45＞[平針]外国免許切替審査 Hirabari Exchanging Foreign Driver's License, status: None, start_date: 2024年04月12日 07時30分, end_date: 2024年04月24日 12時00分, template_seq: 95412
[ 2024-04-16 23:59:19,833 ] 94 marjyamada040493 - INFO - Parsed data: title: ＜04月26日(金) 10:30～11:45＞[平針]外国免許切替審査 Hirabari Exchanging Foreign Driver's License, status: None, start_date: 2024年04月12日 07時30分, end_date: 2024年04月24日 12時00分, template_seq: 95412
[ 2024-04-16 23:59:19,833 ] 94 marjyamada040493 - INFO - Parsed data: title: ＜04月26日(金) 10:30～11:45＞[平針]外国免許切替審査 Hirabari Exchanging Foreign Driver's License, status: None, start_date: 2024年04月12日 07時30分, end_date: 2024年04月24日 12時00分, template_seq: 95412
[ 2024-04-16 23:59:19,870 ] 94 marjyamada040493 - INFO - Parsed data: title: ＜04月26日(金) 12:45～13:30＞[平針]外国免許切替審査 Hirabari Exchanging Foreign Driver's License, status: None, start_date: 2024年04月12日 07時30分, end_date: 2024年04月24日 12時00分, template_seq: 95413
[ 2024-04-16 23:59:19,870 ] 94 marjyamada040493 - INFO - Parsed data: title: ＜04月26日(金) 12:45～13:30＞[平針]外国免許切替審査 Hirabari Exchanging Foreign Driver's License, status: None, start_date: 2024年04月12日 07時30分, end_date: 2024年04月24日 12時00分, template_seq: 95413
[ 2024-04-16 23:59:19,870 ] 94 marjyamada040493 - INFO - Parsed data: title: ＜04月26日(金) 12:45～13:30＞[平針]外国免許切替審査 Hirabari Exchanging Foreign Driver's License, status: None, start_date: 2024年04月12日 07時30分, end_date: 2024年04月24日 12時00分, template_seq: 95413
[ 2024-04-16 23:59:19,908 ] 94 marjyamada040493 - INFO - Parsed data: title: ＜04月26日(金) 13:30～14:45＞[平針]外国免許切替審査 Hirabari Exchanging Foreign Driver's License, status: None, start_date: 2024年04月12日 07時30分, end_date: 2024年04月24日 12時00分, template_seq: 95414
[ 2024-04-16 23:59:19,908 ] 94 marjyamada040493 - INFO - Parsed data: title: ＜04月26日(金) 13:30～14:45＞[平針]外国免許切替審査 Hirabari Exchanging Foreign Driver's License, status: None, start_date: 2024年04月12日 07時30分, end_date: 2024年04月24日 12時00分, template_seq: 95414
[ 2024-04-16 23:59:19,908 ] 94 marjyamada040493 - INFO - Parsed data: title: ＜04月26日(金) 13:30～14:45＞[平針]外国免許切替審査 Hirabari Exchanging Foreign Driver's License, status: None, start_date: 2024年04月12日 07時30分, end_date: 2024年04月24日 12時00分, template_seq: 95414
[ 2024-04-16 23:59:19,909 ] 94 marjyamada040493 - INFO - Number of filtered forms left is: 5 form(s)
[ 2024-04-16 23:59:19,909 ] 94 marjyamada040493 - INFO - Number of filtered forms left is: 5 form(s)
[ 2024-04-16 23:59:19,909 ] 94 marjyamada040493 - INFO - Number of filtered forms left is: 5 form(s)
[ 2024-04-16 23:59:19,909 ] 94 marjyamada040493 - INFO - Accessing form, template sequence: 96090
[ 2024-04-16 23:59:19,909 ] 94 marjyamada040493 - INFO - Accessing form, template sequence: 96090
[ 2024-04-16 23:59:19,909 ] 94 marjyamada040493 - INFO - Accessing form, template sequence: 96090
[ 2024-04-16 23:59:19,909 ] 94 marjyamada040493 - INFO - Form URL: https://www.shinsei.e-aichi.jp/pref-aichi-police-u/offer/offerList_detailTop?tempSeq=96090
[ 2024-04-16 23:59:19,909 ] 94 marjyamada040493 - INFO - Form URL: https://www.shinsei.e-aichi.jp/pref-aichi-police-u/offer/offerList_detailTop?tempSeq=96090
[ 2024-04-16 23:59:19,909 ] 94 marjyamada040493 - INFO - Form URL: https://www.shinsei.e-aichi.jp/pref-aichi-police-u/offer/offerList_detailTop?tempSeq=96090
[ 2024-04-16 23:59:25,583 ] 94 marjyamada040493 - INFO - Accessed form successfully
[ 2024-04-16 23:59:25,583 ] 94 marjyamada040493 - INFO - Accessed form successfully
[ 2024-04-16 23:59:25,583 ] 94 marjyamada040493 - INFO - Accessed form successfully
[ 2024-04-16 23:59:25,600 ] 94 marjyamada040493 - INFO - Form message: 申込期間ではありません。
[ 2024-04-16 23:59:25,600 ] 94 marjyamada040493 - INFO - Form message: 申込期間ではありません。
[ 2024-04-16 23:59:25,600 ] 94 marjyamada040493 - INFO - Form message: 申込期間ではありません。
[ 2024-04-16 23:59:25,600 ] 94 marjyamada040493 - INFO - Refreshing page to check availability trial number 1, template sequence: 96090
[ 2024-04-16 23:59:25,600 ] 94 marjyamada040493 - INFO - Refreshing page to check availability trial number 1, template sequence: 96090
[ 2024-04-16 23:59:25,600 ] 94 marjyamada040493 - INFO - Refreshing page to check availability trial number 1, template sequence: 96090
[ 2024-04-16 23:59:27,402 ] 94 marjyamada040493 - INFO - Form message: 申込期間ではありません。
[ 2024-04-16 23:59:27,402 ] 94 marjyamada040493 - INFO - Form message: 申込期間ではありません。
[ 2024-04-16 23:59:27,402 ] 94 marjyamada040493 - INFO - Form message: 申込期間ではありません。
[ 2024-04-16 23:59:27,403 ] 94 marjyamada040493 - INFO - Refreshing page to check availability trial number 2, template sequence: 96090
[ 2024-04-16 23:59:27,403 ] 94 marjyamada040493 - INFO - Refreshing page to check availability trial number 2, template sequence: 96090
[ 2024-04-16 23:59:27,403 ] 94 marjyamada040493 - INFO - Refreshing page to check availability trial number 2, template sequence: 96090
[ 2024-04-16 23:59:29,208 ] 94 marjyamada040493 - INFO - Form message: 申込期間ではありません。
[ 2024-04-16 23:59:29,208 ] 94 marjyamada040493 - INFO - Form message: 申込期間ではありません。
[ 2024-04-16 23:59:29,208 ] 94 marjyamada040493 - INFO - Form message: 申込期間ではありません。
[ 2024-04-16 23:59:29,209 ] 94 marjyamada040493 - INFO - Refreshing page to check availability trial number 3, template sequence: 96090
[ 2024-04-16 23:59:29,209 ] 94 marjyamada040493 - INFO - Refreshing page to check availability trial number 3, template sequence: 96090
[ 2024-04-16 23:59:29,209 ] 94 marjyamada040493 - INFO - Refreshing page to check availability trial number 3, template sequence: 96090
[ 2024-04-16 23:59:31,089 ] 94 marjyamada040493 - INFO - Form message: 申込期間ではありません。
[ 2024-04-16 23:59:31,089 ] 94 marjyamada040493 - INFO - Form message: 申込期間ではありません。
[ 2024-04-16 23:59:31,089 ] 94 marjyamada040493 - INFO - Form message: 申込期間ではありません。
[ 2024-04-16 23:59:31,089 ] 94 marjyamada040493 - INFO - Refreshing page to check availability trial number 4, template sequence: 96090
[ 2024-04-16 23:59:31,089 ] 94 marjyamada040493 - INFO - Refreshing page to check availability trial number 4, template sequence: 96090
[ 2024-04-16 23:59:31,089 ] 94 marjyamada040493 - INFO - Refreshing page to check availability trial number 4, template sequence: 96090
[ 2024-04-16 23:59:32,895 ] 94 marjyamada040493 - INFO - Form message: 申込期間ではありません。
[ 2024-04-16 23:59:32,895 ] 94 marjyamada040493 - INFO - Form message: 申込期間ではありません。
[ 2024-04-16 23:59:32,895 ] 94 marjyamada040493 - INFO - Form message: 申込期間ではありません。
[ 2024-04-16 23:59:32,895 ] 94 marjyamada040493 - INFO - Refreshing page to check availability trial number 5, template sequence: 96090
[ 2024-04-16 23:59:32,895 ] 94 marjyamada040493 - INFO - Refreshing page to check availability trial number 5, template sequence: 96090
[ 2024-04-16 23:59:32,895 ] 94 marjyamada040493 - INFO - Refreshing page to check availability trial number 5, template sequence: 96090
[ 2024-04-16 23:59:34,336 ] 94 marjyamada040493 - INFO - Form message: 申込期間ではありません。
[ 2024-04-16 23:59:34,336 ] 94 marjyamada040493 - INFO - Form message: 申込期間ではありません。
[ 2024-04-16 23:59:34,336 ] 94 marjyamada040493 - INFO - Form message: 申込期間ではありません。
[ 2024-04-16 23:59:34,336 ] 94 marjyamada040493 - INFO - Refreshing page to check availability trial number 6, template sequence: 96090
[ 2024-04-16 23:59:34,336 ] 94 marjyamada040493 - INFO - Refreshing page to check availability trial number 6, template sequence: 96090
[ 2024-04-16 23:59:34,336 ] 94 marjyamada040493 - INFO - Refreshing page to check availability trial number 6, template sequence: 96090
[ 2024-04-16 23:59:35,993 ] 94 marjyamada040493 - INFO - Form message: 申込期間ではありません。
[ 2024-04-16 23:59:35,993 ] 94 marjyamada040493 - INFO - Form message: 申込期間ではありません。
[ 2024-04-16 23:59:35,993 ] 94 marjyamada040493 - INFO - Form message: 申込期間ではありません。
[ 2024-04-16 23:59:35,994 ] 94 marjyamada040493 - INFO - Refreshing page to check availability trial number 7, template sequence: 96090
[ 2024-04-16 23:59:35,994 ] 94 marjyamada040493 - INFO - Refreshing page to check availability trial number 7, template sequence: 96090
[ 2024-04-16 23:59:35,994 ] 94 marjyamada040493 - INFO - Refreshing page to check availability trial number 7, template sequence: 96090
[ 2024-04-16 23:59:37,468 ] 94 marjyamada040493 - INFO - Form message: 申込期間ではありません。
[ 2024-04-16 23:59:37,468 ] 94 marjyamada040493 - INFO - Form message: 申込期間ではありません。
[ 2024-04-16 23:59:37,468 ] 94 marjyamada040493 - INFO - Form message: 申込期間ではありません。
[ 2024-04-16 23:59:37,469 ] 94 marjyamada040493 - INFO - Refreshing page to check availability trial number 8, template sequence: 96090
[ 2024-04-16 23:59:37,469 ] 94 marjyamada040493 - INFO - Refreshing page to check availability trial number 8, template sequence: 96090
[ 2024-04-16 23:59:37,469 ] 94 marjyamada040493 - INFO - Refreshing page to check availability trial number 8, template sequence: 96090
[ 2024-04-16 23:59:38,657 ] 94 marjyamada040493 - INFO - Form message: 申込期間ではありません。
[ 2024-04-16 23:59:38,657 ] 94 marjyamada040493 - INFO - Form message: 申込期間ではありません。
[ 2024-04-16 23:59:38,657 ] 94 marjyamada040493 - INFO - Form message: 申込期間ではありません。
[ 2024-04-16 23:59:38,657 ] 94 marjyamada040493 - INFO - Refreshing page to check availability trial number 9, template sequence: 96090
[ 2024-04-16 23:59:38,657 ] 94 marjyamada040493 - INFO - Refreshing page to check availability trial number 9, template sequence: 96090
[ 2024-04-16 23:59:38,657 ] 94 marjyamada040493 - INFO - Refreshing page to check availability trial number 9, template sequence: 96090
[ 2024-04-16 23:59:40,116 ] 94 marjyamada040493 - INFO - Form message: 申込期間ではありません。
[ 2024-04-16 23:59:40,116 ] 94 marjyamada040493 - INFO - Form message: 申込期間ではありません。
[ 2024-04-16 23:59:40,116 ] 94 marjyamada040493 - INFO - Form message: 申込期間ではありません。
[ 2024-04-16 23:59:40,117 ] 94 marjyamada040493 - INFO - Refreshing page to check availability trial number 10, template sequence: 96090
[ 2024-04-16 23:59:40,117 ] 94 marjyamada040493 - INFO - Refreshing page to check availability trial number 10, template sequence: 96090
[ 2024-04-16 23:59:40,117 ] 94 marjyamada040493 - INFO - Refreshing page to check availability trial number 10, template sequence: 96090
[ 2024-04-16 23:59:41,593 ] 94 marjyamada040493 - INFO - Form message: 申込期間ではありません。
[ 2024-04-16 23:59:41,593 ] 94 marjyamada040493 - INFO - Form message: 申込期間ではありません。
[ 2024-04-16 23:59:41,593 ] 94 marjyamada040493 - INFO - Form message: 申込期間ではありません。
[ 2024-04-16 23:59:41,593 ] 94 marjyamada040493 - INFO - Refreshing page to check availability trial number 11, template sequence: 96090
[ 2024-04-16 23:59:41,593 ] 94 marjyamada040493 - INFO - Refreshing page to check availability trial number 11, template sequence: 96090
[ 2024-04-16 23:59:41,593 ] 94 marjyamada040493 - INFO - Refreshing page to check availability trial number 11, template sequence: 96090
[ 2024-04-16 23:59:42,782 ] 94 marjyamada040493 - INFO - Form message: 申込期間ではありません。
[ 2024-04-16 23:59:42,782 ] 94 marjyamada040493 - INFO - Form message: 申込期間ではありません。
[ 2024-04-16 23:59:42,782 ] 94 marjyamada040493 - INFO - Form message: 申込期間ではありません。
[ 2024-04-16 23:59:42,783 ] 94 marjyamada040493 - INFO - Refreshing page to check availability trial number 12, template sequence: 96090
[ 2024-04-16 23:59:42,783 ] 94 marjyamada040493 - INFO - Refreshing page to check availability trial number 12, template sequence: 96090
[ 2024-04-16 23:59:42,783 ] 94 marjyamada040493 - INFO - Refreshing page to check availability trial number 12, template sequence: 96090
[ 2024-04-16 23:59:43,991 ] 94 marjyamada040493 - INFO - Form message: 申込期間ではありません。
[ 2024-04-16 23:59:43,991 ] 94 marjyamada040493 - INFO - Form message: 申込期間ではありません。
[ 2024-04-16 23:59:43,991 ] 94 marjyamada040493 - INFO - Form message: 申込期間ではありません。
[ 2024-04-16 23:59:43,993 ] 94 marjyamada040493 - INFO - Refreshing page to check availability trial number 13, template sequence: 96090
[ 2024-04-16 23:59:43,993 ] 94 marjyamada040493 - INFO - Refreshing page to check availability trial number 13, template sequence: 96090
[ 2024-04-16 23:59:43,993 ] 94 marjyamada040493 - INFO - Refreshing page to check availability trial number 13, template sequence: 96090
[ 2024-04-16 23:59:45,172 ] 94 marjyamada040493 - INFO - Form message: 申込期間ではありません。
[ 2024-04-16 23:59:45,172 ] 94 marjyamada040493 - INFO - Form message: 申込期間ではありません。
[ 2024-04-16 23:59:45,172 ] 94 marjyamada040493 - INFO - Form message: 申込期間ではありません。
[ 2024-04-16 23:59:45,173 ] 82 marjyamada040493 - ERROR - Failed to get form message, maybe form is available
Traceback (most recent call last):
  File "C:\Users\USER\Projects\AichiTool\AichiSelenium\src\controllers\filler.py", line 115, in get_form_message
    self.logger.info("Form message: " + message)
  File "C:\Users\USER\Projects\AichiTool\AichiSelenium\src\logs.py", line 70, in info
    self._log(logging.INFO, *msg)
  File "C:\Users\USER\Projects\AichiTool\AichiSelenium\src\logs.py", line 96, in _log
    self.ins(ins_message)
  File "C:\Users\USER\Projects\AichiTool\AichiSelenium\src\logs.py", line 90, in ins
    print(log_text)
OSError: [WinError 233] No process is on the other end of the pipe
[ 2024-04-16 23:59:45,173 ] 82 marjyamada040493 - ERROR - Failed to get form message, maybe form is available
Traceback (most recent call last):
  File "C:\Users\USER\Projects\AichiTool\AichiSelenium\src\controllers\filler.py", line 115, in get_form_message
    self.logger.info("Form message: " + message)
  File "C:\Users\USER\Projects\AichiTool\AichiSelenium\src\logs.py", line 70, in info
    self._log(logging.INFO, *msg)
  File "C:\Users\USER\Projects\AichiTool\AichiSelenium\src\logs.py", line 96, in _log
    self.ins(ins_message)
  File "C:\Users\USER\Projects\AichiTool\AichiSelenium\src\logs.py", line 90, in ins
    print(log_text)
OSError: [WinError 233] No process is on the other end of the pipe
[ 2024-04-16 23:59:45,173 ] 82 marjyamada040493 - ERROR - Failed to get form message, maybe form is available
Traceback (most recent call last):
  File "C:\Users\USER\Projects\AichiTool\AichiSelenium\src\controllers\filler.py", line 115, in get_form_message
    self.logger.info("Form message: " + message)
  File "C:\Users\USER\Projects\AichiTool\AichiSelenium\src\logs.py", line 70, in info
    self._log(logging.INFO, *msg)
  File "C:\Users\USER\Projects\AichiTool\AichiSelenium\src\logs.py", line 96, in _log
    self.ins(ins_message)
  File "C:\Users\USER\Projects\AichiTool\AichiSelenium\src\logs.py", line 90, in ins
    print(log_text)
OSError: [WinError 233] No process is on the other end of the pipe
