[ 2024-04-16 23:59:10,543 ] 94 Nickpown0411 - INFO - Opened login page
[ 2024-04-16 23:59:10,543 ] 94 Nickpown0411 - INFO - Opened login page
[ 2024-04-16 23:59:10,543 ] 94 Nickpown0411 - INFO - Opened login page
[ 2024-04-16 23:59:15,834 ] 94 Nickpown0411 - INFO - Logging in
[ 2024-04-16 23:59:15,834 ] 94 Nickpown0411 - INFO - Logging in
[ 2024-04-16 23:59:15,834 ] 94 Nickpown0411 - INFO - Logging in
[ 2024-04-16 23:59:15,856 ] 94 Nickpown0411 - INFO - Current url: https://www.shinsei.e-aichi.jp/pref-aichi-police-u/offer/offerList_initDisplay
[ 2024-04-16 23:59:15,856 ] 94 Nickpown0411 - INFO - Current url: https://www.shinsei.e-aichi.jp/pref-aichi-police-u/offer/offerList_initDisplay
[ 2024-04-16 23:59:15,856 ] 94 Nickpown0411 - INFO - Current url: https://www.shinsei.e-aichi.jp/pref-aichi-police-u/offer/offerList_initDisplay
[ 2024-04-16 23:59:16,211 ] 94 Nickpown0411 - INFO - Logged in finished
[ 2024-04-16 23:59:16,211 ] 94 Nickpown0411 - INFO - Logged in finished
[ 2024-04-16 23:59:16,211 ] 94 Nickpown0411 - INFO - Logged in finished
[ 2024-04-16 23:59:16,480 ] 94 Nickpown0411 - INFO - On main page
[ 2024-04-16 23:59:16,480 ] 94 Nickpown0411 - INFO - On main page
[ 2024-04-16 23:59:16,480 ] 94 Nickpown0411 - INFO - On main page
[ 2024-04-16 23:59:18,303 ] 94 Nickpown0411 - INFO - Search submitted
[ 2024-04-16 23:59:18,303 ] 94 Nickpown0411 - INFO - Search submitted
[ 2024-04-16 23:59:18,303 ] 94 Nickpown0411 - INFO - Search submitted
[ 2024-04-16 23:59:18,357 ] 94 Nickpown0411 - INFO - Collected 20 forms
[ 2024-04-16 23:59:18,357 ] 94 Nickpown0411 - INFO - Collected 20 forms
[ 2024-04-16 23:59:18,357 ] 94 Nickpown0411 - INFO - Collected 20 forms
[ 2024-04-16 23:59:18,512 ] 94 Nickpown0411 - INFO - Parsed data: title: ＜05月02日(木) 08:45～09:30＞[平針]外国免許切替審査 Hirabari Exchanging Foreign Driver's License, status: None, start_date: 2024年04月18日 07時30分, end_date: 2024年04月30日 12時00分, template_seq: 96126
[ 2024-04-16 23:59:18,512 ] 94 Nickpown0411 - INFO - Parsed data: title: ＜05月02日(木) 08:45～09:30＞[平針]外国免許切替審査 Hirabari Exchanging Foreign Driver's License, status: None, start_date: 2024年04月18日 07時30分, end_date: 2024年04月30日 12時00分, template_seq: 96126
[ 2024-04-16 23:59:18,512 ] 94 Nickpown0411 - INFO - Parsed data: title: ＜05月02日(木) 08:45～09:30＞[平針]外国免許切替審査 Hirabari Exchanging Foreign Driver's License, status: None, start_date: 2024年04月18日 07時30分, end_date: 2024年04月30日 12時00分, template_seq: 96126
[ 2024-04-16 23:59:18,552 ] 94 Nickpown0411 - INFO - Parsed data: title: ＜05月02日(木) 09:30～10:30＞[平針]外国免許切替審査 Hirabari Exchanging Foreign Driver's License, status: None, start_date: 2024年04月18日 07時30分, end_date: 2024年04月30日 12時00分, template_seq: 96127
[ 2024-04-16 23:59:18,552 ] 94 Nickpown0411 - INFO - Parsed data: title: ＜05月02日(木) 09:30～10:30＞[平針]外国免許切替審査 Hirabari Exchanging Foreign Driver's License, status: None, start_date: 2024年04月18日 07時30分, end_date: 2024年04月30日 12時00分, template_seq: 96127
[ 2024-04-16 23:59:18,552 ] 94 Nickpown0411 - INFO - Parsed data: title: ＜05月02日(木) 09:30～10:30＞[平針]外国免許切替審査 Hirabari Exchanging Foreign Driver's License, status: None, start_date: 2024年04月18日 07時30分, end_date: 2024年04月30日 12時00分, template_seq: 96127
[ 2024-04-16 23:59:18,598 ] 94 Nickpown0411 - INFO - Parsed data: title: ＜05月02日(木) 10:30～11:45＞[平針]外国免許切替審査 Hirabari Exchanging Foreign Driver's License, status: None, start_date: 2024年04月18日 07時30分, end_date: 2024年04月30日 12時00分, template_seq: 96128
[ 2024-04-16 23:59:18,598 ] 94 Nickpown0411 - INFO - Parsed data: title: ＜05月02日(木) 10:30～11:45＞[平針]外国免許切替審査 Hirabari Exchanging Foreign Driver's License, status: None, start_date: 2024年04月18日 07時30分, end_date: 2024年04月30日 12時00分, template_seq: 96128
[ 2024-04-16 23:59:18,598 ] 94 Nickpown0411 - INFO - Parsed data: title: ＜05月02日(木) 10:30～11:45＞[平針]外国免許切替審査 Hirabari Exchanging Foreign Driver's License, status: None, start_date: 2024年04月18日 07時30分, end_date: 2024年04月30日 12時00分, template_seq: 96128
[ 2024-04-16 23:59:18,638 ] 94 Nickpown0411 - INFO - Parsed data: title: ＜05月02日(木) 12:45～13:30＞[平針]外国免許切替審査 Hirabari Exchanging Foreign Driver's License, status: None, start_date: 2024年04月18日 07時30分, end_date: 2024年04月30日 12時00分, template_seq: 96129
[ 2024-04-16 23:59:18,638 ] 94 Nickpown0411 - INFO - Parsed data: title: ＜05月02日(木) 12:45～13:30＞[平針]外国免許切替審査 Hirabari Exchanging Foreign Driver's License, status: None, start_date: 2024年04月18日 07時30分, end_date: 2024年04月30日 12時00分, template_seq: 96129
[ 2024-04-16 23:59:18,638 ] 94 Nickpown0411 - INFO - Parsed data: title: ＜05月02日(木) 12:45～13:30＞[平針]外国免許切替審査 Hirabari Exchanging Foreign Driver's License, status: None, start_date: 2024年04月18日 07時30分, end_date: 2024年04月30日 12時00分, template_seq: 96129
[ 2024-04-16 23:59:18,666 ] 94 Nickpown0411 - INFO - Parsed data: title: ＜05月02日(木) 13:30～14:45＞[平針]外国免許切替審査 Hirabari Exchanging Foreign Driver's License, status: None, start_date: 2024年04月18日 07時30分, end_date: 2024年04月30日 12時00分, template_seq: 96130
[ 2024-04-16 23:59:18,666 ] 94 Nickpown0411 - INFO - Parsed data: title: ＜05月02日(木) 13:30～14:45＞[平針]外国免許切替審査 Hirabari Exchanging Foreign Driver's License, status: None, start_date: 2024年04月18日 07時30分, end_date: 2024年04月30日 12時00分, template_seq: 96130
[ 2024-04-16 23:59:18,666 ] 94 Nickpown0411 - INFO - Parsed data: title: ＜05月02日(木) 13:30～14:45＞[平針]外国免許切替審査 Hirabari Exchanging Foreign Driver's License, status: None, start_date: 2024年04月18日 07時30分, end_date: 2024年04月30日 12時00分, template_seq: 96130
[ 2024-04-16 23:59:18,688 ] 94 Nickpown0411 - INFO - Parsed data: title: ＜05月01日(水) 08:45～09:30＞[平針]外国免許切替審査 Hirabari Exchanging Foreign Driver's License, status: None, start_date: 2024年04月17日 07時30分, end_date: 2024年04月26日 12時00分, template_seq: 96088
[ 2024-04-16 23:59:18,688 ] 94 Nickpown0411 - INFO - Parsed data: title: ＜05月01日(水) 08:45～09:30＞[平針]外国免許切替審査 Hirabari Exchanging Foreign Driver's License, status: None, start_date: 2024年04月17日 07時30分, end_date: 2024年04月26日 12時00分, template_seq: 96088
[ 2024-04-16 23:59:18,688 ] 94 Nickpown0411 - INFO - Parsed data: title: ＜05月01日(水) 08:45～09:30＞[平針]外国免許切替審査 Hirabari Exchanging Foreign Driver's License, status: None, start_date: 2024年04月17日 07時30分, end_date: 2024年04月26日 12時00分, template_seq: 96088
[ 2024-04-16 23:59:18,688 ] 94 Nickpown0411 - INFO - Parsed data: title: ＜05月01日(水) 08:45～09:30＞[平針]外国免許切替審査 Hirabari Exchanging Foreign Driver's License, status: None, start_date: 2024年04月17日 07時30分, end_date: 2024年04月26日 12時00分, template_seq: 96088
[ 2024-04-16 23:59:18,688 ] 94 Nickpown0411 - INFO - Parsed data: title: ＜05月01日(水) 08:45～09:30＞[平針]外国免許切替審査 Hirabari Exchanging Foreign Driver's License, status: None, start_date: 2024年04月17日 07時30分, end_date: 2024年04月26日 12時00分, template_seq: 96088
[ 2024-04-16 23:59:18,688 ] 94 Nickpown0411 - INFO - Parsed data: title: ＜05月01日(水) 08:45～09:30＞[平針]外国免許切替審査 Hirabari Exchanging Foreign Driver's License, status: None, start_date: 2024年04月17日 07時30分, end_date: 2024年04月26日 12時00分, template_seq: 96088
[ 2024-04-16 23:59:18,715 ] 94 Nickpown0411 - INFO - Parsed data: title: ＜05月01日(水) 09:30～10:30＞[平針]外国免許切替審査 Hirabari Exchanging Foreign Driver's License, status: None, start_date: 2024年04月17日 07時30分, end_date: 2024年04月26日 12時00分, template_seq: 96089
[ 2024-04-16 23:59:18,715 ] 94 Nickpown0411 - INFO - Parsed data: title: ＜05月01日(水) 09:30～10:30＞[平針]外国免許切替審査 Hirabari Exchanging Foreign Driver's License, status: None, start_date: 2024年04月17日 07時30分, end_date: 2024年04月26日 12時00分, template_seq: 96089
[ 2024-04-16 23:59:18,715 ] 94 Nickpown0411 - INFO - Parsed data: title: ＜05月01日(水) 09:30～10:30＞[平針]外国免許切替審査 Hirabari Exchanging Foreign Driver's License, status: None, start_date: 2024年04月17日 07時30分, end_date: 2024年04月26日 12時00分, template_seq: 96089
[ 2024-04-16 23:59:18,716 ] 94 Nickpown0411 - INFO - Parsed data: title: ＜05月01日(水) 09:30～10:30＞[平針]外国免許切替審査 Hirabari Exchanging Foreign Driver's License, status: None, start_date: 2024年04月17日 07時30分, end_date: 2024年04月26日 12時00分, template_seq: 96089
[ 2024-04-16 23:59:18,716 ] 94 Nickpown0411 - INFO - Parsed data: title: ＜05月01日(水) 09:30～10:30＞[平針]外国免許切替審査 Hirabari Exchanging Foreign Driver's License, status: None, start_date: 2024年04月17日 07時30分, end_date: 2024年04月26日 12時00分, template_seq: 96089
[ 2024-04-16 23:59:18,716 ] 94 Nickpown0411 - INFO - Parsed data: title: ＜05月01日(水) 09:30～10:30＞[平針]外国免許切替審査 Hirabari Exchanging Foreign Driver's License, status: None, start_date: 2024年04月17日 07時30分, end_date: 2024年04月26日 12時00分, template_seq: 96089
[ 2024-04-16 23:59:18,754 ] 94 Nickpown0411 - INFO - Parsed data: title: ＜05月01日(水) 10:30～11:45＞[平針]外国免許切替審査 Hirabari Exchanging Foreign Driver's License, status: None, start_date: 2024年04月17日 07時30分, end_date: 2024年04月26日 12時00分, template_seq: 96090
[ 2024-04-16 23:59:18,754 ] 94 Nickpown0411 - INFO - Parsed data: title: ＜05月01日(水) 10:30～11:45＞[平針]外国免許切替審査 Hirabari Exchanging Foreign Driver's License, status: None, start_date: 2024年04月17日 07時30分, end_date: 2024年04月26日 12時00分, template_seq: 96090
[ 2024-04-16 23:59:18,754 ] 94 Nickpown0411 - INFO - Parsed data: title: ＜05月01日(水) 10:30～11:45＞[平針]外国免許切替審査 Hirabari Exchanging Foreign Driver's License, status: None, start_date: 2024年04月17日 07時30分, end_date: 2024年04月26日 12時00分, template_seq: 96090
[ 2024-04-16 23:59:18,755 ] 94 Nickpown0411 - INFO - Parsed data: title: ＜05月01日(水) 10:30～11:45＞[平針]外国免許切替審査 Hirabari Exchanging Foreign Driver's License, status: None, start_date: 2024年04月17日 07時30分, end_date: 2024年04月26日 12時00分, template_seq: 96090
[ 2024-04-16 23:59:18,755 ] 94 Nickpown0411 - INFO - Parsed data: title: ＜05月01日(水) 10:30～11:45＞[平針]外国免許切替審査 Hirabari Exchanging Foreign Driver's License, status: None, start_date: 2024年04月17日 07時30分, end_date: 2024年04月26日 12時00分, template_seq: 96090
[ 2024-04-16 23:59:18,755 ] 94 Nickpown0411 - INFO - Parsed data: title: ＜05月01日(水) 10:30～11:45＞[平針]外国免許切替審査 Hirabari Exchanging Foreign Driver's License, status: None, start_date: 2024年04月17日 07時30分, end_date: 2024年04月26日 12時00分, template_seq: 96090
[ 2024-04-16 23:59:18,781 ] 94 Nickpown0411 - INFO - Parsed data: title: ＜05月01日(水) 12:45～13:30＞[平針]外国免許切替審査 Hirabari Exchanging Foreign Driver's License, status: None, start_date: 2024年04月17日 07時30分, end_date: 2024年04月26日 12時00分, template_seq: 96091
[ 2024-04-16 23:59:18,781 ] 94 Nickpown0411 - INFO - Parsed data: title: ＜05月01日(水) 12:45～13:30＞[平針]外国免許切替審査 Hirabari Exchanging Foreign Driver's License, status: None, start_date: 2024年04月17日 07時30分, end_date: 2024年04月26日 12時00分, template_seq: 96091
[ 2024-04-16 23:59:18,781 ] 94 Nickpown0411 - INFO - Parsed data: title: ＜05月01日(水) 12:45～13:30＞[平針]外国免許切替審査 Hirabari Exchanging Foreign Driver's License, status: None, start_date: 2024年04月17日 07時30分, end_date: 2024年04月26日 12時00分, template_seq: 96091
[ 2024-04-16 23:59:18,782 ] 94 Nickpown0411 - INFO - Parsed data: title: ＜05月01日(水) 12:45～13:30＞[平針]外国免許切替審査 Hirabari Exchanging Foreign Driver's License, status: None, start_date: 2024年04月17日 07時30分, end_date: 2024年04月26日 12時00分, template_seq: 96091
[ 2024-04-16 23:59:18,782 ] 94 Nickpown0411 - INFO - Parsed data: title: ＜05月01日(水) 12:45～13:30＞[平針]外国免許切替審査 Hirabari Exchanging Foreign Driver's License, status: None, start_date: 2024年04月17日 07時30分, end_date: 2024年04月26日 12時00分, template_seq: 96091
[ 2024-04-16 23:59:18,782 ] 94 Nickpown0411 - INFO - Parsed data: title: ＜05月01日(水) 12:45～13:30＞[平針]外国免許切替審査 Hirabari Exchanging Foreign Driver's License, status: None, start_date: 2024年04月17日 07時30分, end_date: 2024年04月26日 12時00分, template_seq: 96091
[ 2024-04-16 23:59:18,812 ] 94 Nickpown0411 - INFO - Parsed data: title: ＜05月01日(水) 13:30～14:45＞[平針]外国免許切替審査 Hirabari Exchanging Foreign Driver's License, status: None, start_date: 2024年04月17日 07時30分, end_date: 2024年04月26日 12時00分, template_seq: 96093
[ 2024-04-16 23:59:18,812 ] 94 Nickpown0411 - INFO - Parsed data: title: ＜05月01日(水) 13:30～14:45＞[平針]外国免許切替審査 Hirabari Exchanging Foreign Driver's License, status: None, start_date: 2024年04月17日 07時30分, end_date: 2024年04月26日 12時00分, template_seq: 96093
[ 2024-04-16 23:59:18,812 ] 94 Nickpown0411 - INFO - Parsed data: title: ＜05月01日(水) 13:30～14:45＞[平針]外国免許切替審査 Hirabari Exchanging Foreign Driver's License, status: None, start_date: 2024年04月17日 07時30分, end_date: 2024年04月26日 12時00分, template_seq: 96093
[ 2024-04-16 23:59:18,812 ] 94 Nickpown0411 - INFO - Parsed data: title: ＜05月01日(水) 13:30～14:45＞[平針]外国免許切替審査 Hirabari Exchanging Foreign Driver's License, status: None, start_date: 2024年04月17日 07時30分, end_date: 2024年04月26日 12時00分, template_seq: 96093
[ 2024-04-16 23:59:18,812 ] 94 Nickpown0411 - INFO - Parsed data: title: ＜05月01日(水) 13:30～14:45＞[平針]外国免許切替審査 Hirabari Exchanging Foreign Driver's License, status: None, start_date: 2024年04月17日 07時30分, end_date: 2024年04月26日 12時00分, template_seq: 96093
[ 2024-04-16 23:59:18,812 ] 94 Nickpown0411 - INFO - Parsed data: title: ＜05月01日(水) 13:30～14:45＞[平針]外国免許切替審査 Hirabari Exchanging Foreign Driver's License, status: None, start_date: 2024年04月17日 07時30分, end_date: 2024年04月26日 12時00分, template_seq: 96093
[ 2024-04-16 23:59:18,853 ] 94 Nickpown0411 - INFO - Parsed data: title: ＜04月30日(火) 08:45～09:30＞[平針]外国免許切替審査 Hirabari Exchanging Foreign Driver's License, status: None, start_date: 2024年04月16日 07時30分, end_date: 2024年04月25日 12時00分, template_seq: 95604
[ 2024-04-16 23:59:18,853 ] 94 Nickpown0411 - INFO - Parsed data: title: ＜04月30日(火) 08:45～09:30＞[平針]外国免許切替審査 Hirabari Exchanging Foreign Driver's License, status: None, start_date: 2024年04月16日 07時30分, end_date: 2024年04月25日 12時00分, template_seq: 95604
[ 2024-04-16 23:59:18,853 ] 94 Nickpown0411 - INFO - Parsed data: title: ＜04月30日(火) 08:45～09:30＞[平針]外国免許切替審査 Hirabari Exchanging Foreign Driver's License, status: None, start_date: 2024年04月16日 07時30分, end_date: 2024年04月25日 12時00分, template_seq: 95604
[ 2024-04-16 23:59:18,884 ] 94 Nickpown0411 - INFO - Parsed data: title: ＜04月30日(火) 09:30～10:30＞[平針]外国免許切替審査 Hirabari Exchanging Foreign Driver's License, status: None, start_date: 2024年04月16日 07時30分, end_date: 2024年04月25日 12時00分, template_seq: 95605
[ 2024-04-16 23:59:18,884 ] 94 Nickpown0411 - INFO - Parsed data: title: ＜04月30日(火) 09:30～10:30＞[平針]外国免許切替審査 Hirabari Exchanging Foreign Driver's License, status: None, start_date: 2024年04月16日 07時30分, end_date: 2024年04月25日 12時00分, template_seq: 95605
[ 2024-04-16 23:59:18,884 ] 94 Nickpown0411 - INFO - Parsed data: title: ＜04月30日(火) 09:30～10:30＞[平針]外国免許切替審査 Hirabari Exchanging Foreign Driver's License, status: None, start_date: 2024年04月16日 07時30分, end_date: 2024年04月25日 12時00分, template_seq: 95605
[ 2024-04-16 23:59:18,910 ] 94 Nickpown0411 - INFO - Parsed data: title: ＜04月30日(火) 10:30～11:45＞[平針]外国免許切替審査 Hirabari Exchanging Foreign Driver's License, status: None, start_date: 2024年04月16日 07時30分, end_date: 2024年04月25日 12時00分, template_seq: 95607
[ 2024-04-16 23:59:18,910 ] 94 Nickpown0411 - INFO - Parsed data: title: ＜04月30日(火) 10:30～11:45＞[平針]外国免許切替審査 Hirabari Exchanging Foreign Driver's License, status: None, start_date: 2024年04月16日 07時30分, end_date: 2024年04月25日 12時00分, template_seq: 95607
[ 2024-04-16 23:59:18,910 ] 94 Nickpown0411 - INFO - Parsed data: title: ＜04月30日(火) 10:30～11:45＞[平針]外国免許切替審査 Hirabari Exchanging Foreign Driver's License, status: None, start_date: 2024年04月16日 07時30分, end_date: 2024年04月25日 12時00分, template_seq: 95607
[ 2024-04-16 23:59:18,938 ] 94 Nickpown0411 - INFO - Parsed data: title: ＜04月30日(火) 12:45～13:30＞[平針]外国免許切替審査 Hirabari Exchanging Foreign Driver's License, status: None, start_date: 2024年04月16日 07時30分, end_date: 2024年04月25日 12時00分, template_seq: 95608
[ 2024-04-16 23:59:18,938 ] 94 Nickpown0411 - INFO - Parsed data: title: ＜04月30日(火) 12:45～13:30＞[平針]外国免許切替審査 Hirabari Exchanging Foreign Driver's License, status: None, start_date: 2024年04月16日 07時30分, end_date: 2024年04月25日 12時00分, template_seq: 95608
[ 2024-04-16 23:59:18,938 ] 94 Nickpown0411 - INFO - Parsed data: title: ＜04月30日(火) 12:45～13:30＞[平針]外国免許切替審査 Hirabari Exchanging Foreign Driver's License, status: None, start_date: 2024年04月16日 07時30分, end_date: 2024年04月25日 12時00分, template_seq: 95608
[ 2024-04-16 23:59:18,963 ] 94 Nickpown0411 - INFO - Parsed data: title: ＜04月30日(火) 13:30～14:45＞[平針]外国免許切替審査 Hirabari Exchanging Foreign Driver's License, status: None, start_date: 2024年04月16日 07時30分, end_date: 2024年04月25日 12時00分, template_seq: 95609
[ 2024-04-16 23:59:18,963 ] 94 Nickpown0411 - INFO - Parsed data: title: ＜04月30日(火) 13:30～14:45＞[平針]外国免許切替審査 Hirabari Exchanging Foreign Driver's License, status: None, start_date: 2024年04月16日 07時30分, end_date: 2024年04月25日 12時00分, template_seq: 95609
[ 2024-04-16 23:59:18,963 ] 94 Nickpown0411 - INFO - Parsed data: title: ＜04月30日(火) 13:30～14:45＞[平針]外国免許切替審査 Hirabari Exchanging Foreign Driver's License, status: None, start_date: 2024年04月16日 07時30分, end_date: 2024年04月25日 12時00分, template_seq: 95609
[ 2024-04-16 23:59:18,989 ] 94 Nickpown0411 - INFO - Parsed data: title: ＜04月26日(金) 08:45～09:30＞[平針]外国免許切替審査 Hirabari Exchanging Foreign Driver's License, status: None, start_date: 2024年04月12日 07時30分, end_date: 2024年04月24日 12時00分, template_seq: 95410
[ 2024-04-16 23:59:18,989 ] 94 Nickpown0411 - INFO - Parsed data: title: ＜04月26日(金) 08:45～09:30＞[平針]外国免許切替審査 Hirabari Exchanging Foreign Driver's License, status: None, start_date: 2024年04月12日 07時30分, end_date: 2024年04月24日 12時00分, template_seq: 95410
[ 2024-04-16 23:59:18,989 ] 94 Nickpown0411 - INFO - Parsed data: title: ＜04月26日(金) 08:45～09:30＞[平針]外国免許切替審査 Hirabari Exchanging Foreign Driver's License, status: None, start_date: 2024年04月12日 07時30分, end_date: 2024年04月24日 12時00分, template_seq: 95410
[ 2024-04-16 23:59:19,041 ] 94 Nickpown0411 - INFO - Parsed data: title: ＜04月26日(金) 09:30～10:30＞[平針]外国免許切替審査 Hirabari Exchanging Foreign Driver's License, status: None, start_date: 2024年04月12日 07時30分, end_date: 2024年04月24日 12時00分, template_seq: 95411
[ 2024-04-16 23:59:19,041 ] 94 Nickpown0411 - INFO - Parsed data: title: ＜04月26日(金) 09:30～10:30＞[平針]外国免許切替審査 Hirabari Exchanging Foreign Driver's License, status: None, start_date: 2024年04月12日 07時30分, end_date: 2024年04月24日 12時00分, template_seq: 95411
[ 2024-04-16 23:59:19,041 ] 94 Nickpown0411 - INFO - Parsed data: title: ＜04月26日(金) 09:30～10:30＞[平針]外国免許切替審査 Hirabari Exchanging Foreign Driver's License, status: None, start_date: 2024年04月12日 07時30分, end_date: 2024年04月24日 12時00分, template_seq: 95411
[ 2024-04-16 23:59:19,066 ] 94 Nickpown0411 - INFO - Parsed data: title: ＜04月26日(金) 10:30～11:45＞[平針]外国免許切替審査 Hirabari Exchanging Foreign Driver's License, status: None, start_date: 2024年04月12日 07時30分, end_date: 2024年04月24日 12時00分, template_seq: 95412
[ 2024-04-16 23:59:19,066 ] 94 Nickpown0411 - INFO - Parsed data: title: ＜04月26日(金) 10:30～11:45＞[平針]外国免許切替審査 Hirabari Exchanging Foreign Driver's License, status: None, start_date: 2024年04月12日 07時30分, end_date: 2024年04月24日 12時00分, template_seq: 95412
[ 2024-04-16 23:59:19,066 ] 94 Nickpown0411 - INFO - Parsed data: title: ＜04月26日(金) 10:30～11:45＞[平針]外国免許切替審査 Hirabari Exchanging Foreign Driver's License, status: None, start_date: 2024年04月12日 07時30分, end_date: 2024年04月24日 12時00分, template_seq: 95412
[ 2024-04-16 23:59:19,087 ] 94 Nickpown0411 - INFO - Parsed data: title: ＜04月26日(金) 12:45～13:30＞[平針]外国免許切替審査 Hirabari Exchanging Foreign Driver's License, status: None, start_date: 2024年04月12日 07時30分, end_date: 2024年04月24日 12時00分, template_seq: 95413
[ 2024-04-16 23:59:19,087 ] 94 Nickpown0411 - INFO - Parsed data: title: ＜04月26日(金) 12:45～13:30＞[平針]外国免許切替審査 Hirabari Exchanging Foreign Driver's License, status: None, start_date: 2024年04月12日 07時30分, end_date: 2024年04月24日 12時00分, template_seq: 95413
[ 2024-04-16 23:59:19,087 ] 94 Nickpown0411 - INFO - Parsed data: title: ＜04月26日(金) 12:45～13:30＞[平針]外国免許切替審査 Hirabari Exchanging Foreign Driver's License, status: None, start_date: 2024年04月12日 07時30分, end_date: 2024年04月24日 12時00分, template_seq: 95413
[ 2024-04-16 23:59:19,113 ] 94 Nickpown0411 - INFO - Parsed data: title: ＜04月26日(金) 13:30～14:45＞[平針]外国免許切替審査 Hirabari Exchanging Foreign Driver's License, status: None, start_date: 2024年04月12日 07時30分, end_date: 2024年04月24日 12時00分, template_seq: 95414
[ 2024-04-16 23:59:19,113 ] 94 Nickpown0411 - INFO - Parsed data: title: ＜04月26日(金) 13:30～14:45＞[平針]外国免許切替審査 Hirabari Exchanging Foreign Driver's License, status: None, start_date: 2024年04月12日 07時30分, end_date: 2024年04月24日 12時00分, template_seq: 95414
[ 2024-04-16 23:59:19,113 ] 94 Nickpown0411 - INFO - Parsed data: title: ＜04月26日(金) 13:30～14:45＞[平針]外国免許切替審査 Hirabari Exchanging Foreign Driver's License, status: None, start_date: 2024年04月12日 07時30分, end_date: 2024年04月24日 12時00分, template_seq: 95414
[ 2024-04-16 23:59:19,113 ] 94 Nickpown0411 - INFO - Number of filtered forms left is: 5 form(s)
[ 2024-04-16 23:59:19,113 ] 94 Nickpown0411 - INFO - Number of filtered forms left is: 5 form(s)
[ 2024-04-16 23:59:19,113 ] 94 Nickpown0411 - INFO - Number of filtered forms left is: 5 form(s)
[ 2024-04-16 23:59:19,114 ] 94 Nickpown0411 - INFO - Accessing form, template sequence: 96091
[ 2024-04-16 23:59:19,114 ] 94 Nickpown0411 - INFO - Accessing form, template sequence: 96091
[ 2024-04-16 23:59:19,114 ] 94 Nickpown0411 - INFO - Accessing form, template sequence: 96091
[ 2024-04-16 23:59:19,114 ] 94 Nickpown0411 - INFO - Form URL: https://www.shinsei.e-aichi.jp/pref-aichi-police-u/offer/offerList_detailTop?tempSeq=96091
[ 2024-04-16 23:59:19,114 ] 94 Nickpown0411 - INFO - Form URL: https://www.shinsei.e-aichi.jp/pref-aichi-police-u/offer/offerList_detailTop?tempSeq=96091
[ 2024-04-16 23:59:19,114 ] 94 Nickpown0411 - INFO - Form URL: https://www.shinsei.e-aichi.jp/pref-aichi-police-u/offer/offerList_detailTop?tempSeq=96091
[ 2024-04-16 23:59:24,806 ] 94 Nickpown0411 - INFO - Accessed form successfully
[ 2024-04-16 23:59:24,806 ] 94 Nickpown0411 - INFO - Accessed form successfully
[ 2024-04-16 23:59:24,806 ] 94 Nickpown0411 - INFO - Accessed form successfully
[ 2024-04-16 23:59:24,826 ] 94 Nickpown0411 - INFO - Form message: 申込期間ではありません。
[ 2024-04-16 23:59:24,826 ] 94 Nickpown0411 - INFO - Form message: 申込期間ではありません。
[ 2024-04-16 23:59:24,826 ] 94 Nickpown0411 - INFO - Form message: 申込期間ではありません。
[ 2024-04-16 23:59:24,827 ] 94 Nickpown0411 - INFO - Refreshing page to check availability trial number 1, template sequence: 96091
[ 2024-04-16 23:59:24,827 ] 94 Nickpown0411 - INFO - Refreshing page to check availability trial number 1, template sequence: 96091
[ 2024-04-16 23:59:24,827 ] 94 Nickpown0411 - INFO - Refreshing page to check availability trial number 1, template sequence: 96091
[ 2024-04-16 23:59:26,713 ] 94 Nickpown0411 - INFO - Form message: 申込期間ではありません。
[ 2024-04-16 23:59:26,713 ] 94 Nickpown0411 - INFO - Form message: 申込期間ではありません。
[ 2024-04-16 23:59:26,713 ] 94 Nickpown0411 - INFO - Form message: 申込期間ではありません。
[ 2024-04-16 23:59:26,713 ] 94 Nickpown0411 - INFO - Refreshing page to check availability trial number 2, template sequence: 96091
[ 2024-04-16 23:59:26,713 ] 94 Nickpown0411 - INFO - Refreshing page to check availability trial number 2, template sequence: 96091
[ 2024-04-16 23:59:26,713 ] 94 Nickpown0411 - INFO - Refreshing page to check availability trial number 2, template sequence: 96091
[ 2024-04-16 23:59:28,101 ] 94 Nickpown0411 - INFO - Form message: 申込期間ではありません。
[ 2024-04-16 23:59:28,101 ] 94 Nickpown0411 - INFO - Form message: 申込期間ではありません。
[ 2024-04-16 23:59:28,101 ] 94 Nickpown0411 - INFO - Form message: 申込期間ではありません。
[ 2024-04-16 23:59:28,101 ] 94 Nickpown0411 - INFO - Refreshing page to check availability trial number 3, template sequence: 96091
[ 2024-04-16 23:59:28,101 ] 94 Nickpown0411 - INFO - Refreshing page to check availability trial number 3, template sequence: 96091
[ 2024-04-16 23:59:28,101 ] 94 Nickpown0411 - INFO - Refreshing page to check availability trial number 3, template sequence: 96091
[ 2024-04-16 23:59:29,878 ] 94 Nickpown0411 - INFO - Form message: 申込期間ではありません。
[ 2024-04-16 23:59:29,878 ] 94 Nickpown0411 - INFO - Form message: 申込期間ではありません。
[ 2024-04-16 23:59:29,878 ] 94 Nickpown0411 - INFO - Form message: 申込期間ではありません。
[ 2024-04-16 23:59:29,879 ] 94 Nickpown0411 - INFO - Refreshing page to check availability trial number 4, template sequence: 96091
[ 2024-04-16 23:59:29,879 ] 94 Nickpown0411 - INFO - Refreshing page to check availability trial number 4, template sequence: 96091
[ 2024-04-16 23:59:29,879 ] 94 Nickpown0411 - INFO - Refreshing page to check availability trial number 4, template sequence: 96091
[ 2024-04-16 23:59:31,273 ] 94 Nickpown0411 - INFO - Form message: 申込期間ではありません。
[ 2024-04-16 23:59:31,273 ] 94 Nickpown0411 - INFO - Form message: 申込期間ではありません。
[ 2024-04-16 23:59:31,273 ] 94 Nickpown0411 - INFO - Form message: 申込期間ではありません。
[ 2024-04-16 23:59:31,274 ] 94 Nickpown0411 - INFO - Refreshing page to check availability trial number 5, template sequence: 96091
[ 2024-04-16 23:59:31,274 ] 94 Nickpown0411 - INFO - Refreshing page to check availability trial number 5, template sequence: 96091
[ 2024-04-16 23:59:31,274 ] 94 Nickpown0411 - INFO - Refreshing page to check availability trial number 5, template sequence: 96091
[ 2024-04-16 23:59:33,010 ] 94 Nickpown0411 - INFO - Form message: 申込期間ではありません。
[ 2024-04-16 23:59:33,010 ] 94 Nickpown0411 - INFO - Form message: 申込期間ではありません。
[ 2024-04-16 23:59:33,010 ] 94 Nickpown0411 - INFO - Form message: 申込期間ではありません。
[ 2024-04-16 23:59:33,011 ] 94 Nickpown0411 - INFO - Refreshing page to check availability trial number 6, template sequence: 96091
[ 2024-04-16 23:59:33,011 ] 94 Nickpown0411 - INFO - Refreshing page to check availability trial number 6, template sequence: 96091
[ 2024-04-16 23:59:33,011 ] 94 Nickpown0411 - INFO - Refreshing page to check availability trial number 6, template sequence: 96091
[ 2024-04-16 23:59:34,900 ] 94 Nickpown0411 - INFO - Form message: 申込期間ではありません。
[ 2024-04-16 23:59:34,900 ] 94 Nickpown0411 - INFO - Form message: 申込期間ではありません。
[ 2024-04-16 23:59:34,900 ] 94 Nickpown0411 - INFO - Form message: 申込期間ではありません。
[ 2024-04-16 23:59:34,901 ] 94 Nickpown0411 - INFO - Refreshing page to check availability trial number 7, template sequence: 96091
[ 2024-04-16 23:59:34,901 ] 94 Nickpown0411 - INFO - Refreshing page to check availability trial number 7, template sequence: 96091
[ 2024-04-16 23:59:34,901 ] 94 Nickpown0411 - INFO - Refreshing page to check availability trial number 7, template sequence: 96091
[ 2024-04-16 23:59:36,650 ] 94 Nickpown0411 - INFO - Form message: 申込期間ではありません。
[ 2024-04-16 23:59:36,650 ] 94 Nickpown0411 - INFO - Form message: 申込期間ではありません。
[ 2024-04-16 23:59:36,650 ] 94 Nickpown0411 - INFO - Form message: 申込期間ではありません。
[ 2024-04-16 23:59:36,650 ] 94 Nickpown0411 - INFO - Refreshing page to check availability trial number 8, template sequence: 96091
[ 2024-04-16 23:59:36,650 ] 94 Nickpown0411 - INFO - Refreshing page to check availability trial number 8, template sequence: 96091
[ 2024-04-16 23:59:36,650 ] 94 Nickpown0411 - INFO - Refreshing page to check availability trial number 8, template sequence: 96091
[ 2024-04-16 23:59:38,454 ] 94 Nickpown0411 - INFO - Form message: 申込期間ではありません。
[ 2024-04-16 23:59:38,454 ] 94 Nickpown0411 - INFO - Form message: 申込期間ではありません。
[ 2024-04-16 23:59:38,454 ] 94 Nickpown0411 - INFO - Form message: 申込期間ではありません。
[ 2024-04-16 23:59:38,454 ] 94 Nickpown0411 - INFO - Refreshing page to check availability trial number 9, template sequence: 96091
[ 2024-04-16 23:59:38,454 ] 94 Nickpown0411 - INFO - Refreshing page to check availability trial number 9, template sequence: 96091
[ 2024-04-16 23:59:38,454 ] 94 Nickpown0411 - INFO - Refreshing page to check availability trial number 9, template sequence: 96091
[ 2024-04-16 23:59:40,308 ] 94 Nickpown0411 - INFO - Form message: 申込期間ではありません。
[ 2024-04-16 23:59:40,308 ] 94 Nickpown0411 - INFO - Form message: 申込期間ではありません。
[ 2024-04-16 23:59:40,308 ] 94 Nickpown0411 - INFO - Form message: 申込期間ではありません。
[ 2024-04-16 23:59:40,309 ] 94 Nickpown0411 - INFO - Refreshing page to check availability trial number 10, template sequence: 96091
[ 2024-04-16 23:59:40,309 ] 94 Nickpown0411 - INFO - Refreshing page to check availability trial number 10, template sequence: 96091
[ 2024-04-16 23:59:40,309 ] 94 Nickpown0411 - INFO - Refreshing page to check availability trial number 10, template sequence: 96091
[ 2024-04-16 23:59:41,746 ] 94 Nickpown0411 - INFO - Form message: 申込期間ではありません。
[ 2024-04-16 23:59:41,746 ] 94 Nickpown0411 - INFO - Form message: 申込期間ではありません。
[ 2024-04-16 23:59:41,746 ] 94 Nickpown0411 - INFO - Form message: 申込期間ではありません。
[ 2024-04-16 23:59:41,747 ] 94 Nickpown0411 - INFO - Refreshing page to check availability trial number 11, template sequence: 96091
[ 2024-04-16 23:59:41,747 ] 94 Nickpown0411 - INFO - Refreshing page to check availability trial number 11, template sequence: 96091
[ 2024-04-16 23:59:41,747 ] 94 Nickpown0411 - INFO - Refreshing page to check availability trial number 11, template sequence: 96091
[ 2024-04-16 23:59:43,521 ] 94 Nickpown0411 - INFO - Form message: 申込期間ではありません。
[ 2024-04-16 23:59:43,521 ] 94 Nickpown0411 - INFO - Form message: 申込期間ではありません。
[ 2024-04-16 23:59:43,521 ] 94 Nickpown0411 - INFO - Form message: 申込期間ではありません。
[ 2024-04-16 23:59:43,521 ] 94 Nickpown0411 - INFO - Refreshing page to check availability trial number 12, template sequence: 96091
[ 2024-04-16 23:59:43,521 ] 94 Nickpown0411 - INFO - Refreshing page to check availability trial number 12, template sequence: 96091
[ 2024-04-16 23:59:43,521 ] 94 Nickpown0411 - INFO - Refreshing page to check availability trial number 12, template sequence: 96091
[ 2024-04-16 23:59:45,330 ] 94 Nickpown0411 - INFO - Form message: 申込期間ではありません。
[ 2024-04-16 23:59:45,330 ] 94 Nickpown0411 - INFO - Form message: 申込期間ではありません。
[ 2024-04-16 23:59:45,330 ] 94 Nickpown0411 - INFO - Form message: 申込期間ではありません。
[ 2024-04-16 23:59:45,331 ] 82 Nickpown0411 - ERROR - Failed to get form message, maybe form is available
Traceback (most recent call last):
  File "C:\Users\USER\Projects\AichiTool\AichiSelenium\src\controllers\filler.py", line 115, in get_form_message
    self.logger.info("Form message: " + message)
  File "C:\Users\USER\Projects\AichiTool\AichiSelenium\src\logs.py", line 70, in info
    self._log(logging.INFO, *msg)
  File "C:\Users\USER\Projects\AichiTool\AichiSelenium\src\logs.py", line 96, in _log
    self.ins(ins_message)
  File "C:\Users\USER\Projects\AichiTool\AichiSelenium\src\logs.py", line 90, in ins
    print(log_text)
OSError: [WinError 233] No process is on the other end of the pipe
[ 2024-04-16 23:59:45,331 ] 82 Nickpown0411 - ERROR - Failed to get form message, maybe form is available
Traceback (most recent call last):
  File "C:\Users\USER\Projects\AichiTool\AichiSelenium\src\controllers\filler.py", line 115, in get_form_message
    self.logger.info("Form message: " + message)
  File "C:\Users\USER\Projects\AichiTool\AichiSelenium\src\logs.py", line 70, in info
    self._log(logging.INFO, *msg)
  File "C:\Users\USER\Projects\AichiTool\AichiSelenium\src\logs.py", line 96, in _log
    self.ins(ins_message)
  File "C:\Users\USER\Projects\AichiTool\AichiSelenium\src\logs.py", line 90, in ins
    print(log_text)
OSError: [WinError 233] No process is on the other end of the pipe
[ 2024-04-16 23:59:45,331 ] 82 Nickpown0411 - ERROR - Failed to get form message, maybe form is available
Traceback (most recent call last):
  File "C:\Users\USER\Projects\AichiTool\AichiSelenium\src\controllers\filler.py", line 115, in get_form_message
    self.logger.info("Form message: " + message)
  File "C:\Users\USER\Projects\AichiTool\AichiSelenium\src\logs.py", line 70, in info
    self._log(logging.INFO, *msg)
  File "C:\Users\USER\Projects\AichiTool\AichiSelenium\src\logs.py", line 96, in _log
    self.ins(ins_message)
  File "C:\Users\USER\Projects\AichiTool\AichiSelenium\src\logs.py", line 90, in ins
    print(log_text)
OSError: [WinError 233] No process is on the other end of the pipe
