[ 2024-04-16 23:59:01,670 ] 94 root - INFO - Starting all threads
[ 2024-04-16 23:59:01,670 ] 94 root - INFO - Starting all threads
[ 2024-04-16 23:59:01,671 ] 94 root - INFO - Meta: {'__module__': 'src.globals', '__doc__': '        Meta configs        ', 'keyword': 'Hirabari', 'test_mode': False, 'max_num_retry': 5, 'default_num_threads': 3, 'display_number': 50, 'main_phone_number_hash': '080-1583-0891', 'uc': True, 'headless': False, '__dict__': <attribute '__dict__' of 'Meta' objects>, '__weakref__': <attribute '__weakref__' of 'Meta' objects>}
[ 2024-04-16 23:59:01,671 ] 94 root - INFO - Meta: {'__module__': 'src.globals', '__doc__': '        Meta configs        ', 'keyword': 'Hirabari', 'test_mode': False, 'max_num_retry': 5, 'default_num_threads': 3, 'display_number': 50, 'main_phone_number_hash': '080-1583-0891', 'uc': True, 'headless': False, '__dict__': <attribute '__dict__' of 'Meta' objects>, '__weakref__': <attribute '__weakref__' of 'Meta' objects>}
[ 2024-04-16 23:59:01,671 ] 94 root - INFO - Number of dev accounts: 3
[ 2024-04-16 23:59:01,671 ] 94 root - INFO - Number of dev accounts: 3
[ 2024-04-16 23:59:01,673 ] 94 main_controller - INFO - Subprocess 0 started with trial number 0
[ 2024-04-16 23:59:01,674 ] 94 main_controller - ERROR - Account is a dictionary, convert to Account object: Username: Nickpown0411@gmail.com, Password: hoahong1234
[ 2024-04-16 23:59:03,676 ] 94 root - INFO - Thread 0 started
[ 2024-04-16 23:59:03,676 ] 94 root - INFO - Thread 0 started
[ 2024-04-16 23:59:03,679 ] 94 main_controller - INFO - Subprocess 1 started with trial number 0
[ 2024-04-16 23:59:03,679 ] 94 main_controller - ERROR - Account is a dictionary, convert to Account object: Username: marjyamada040493@gmail.com, Password: Marj0409
[ 2024-04-16 23:59:04,105 ] 94 main_controller - INFO - Browser opened
[ 2024-04-16 23:59:04,974 ] 94 main_controller - INFO - Browser opened
[ 2024-04-16 23:59:05,699 ] 94 root - INFO - Thread 1 started
[ 2024-04-16 23:59:05,699 ] 94 root - INFO - Thread 1 started
[ 2024-04-16 23:59:05,728 ] 94 main_controller - INFO - Subprocess 2 started with trial number 0
[ 2024-04-16 23:59:05,730 ] 94 main_controller - ERROR - Account is a dictionary, convert to Account object: Username: Jamebrown0206@gmail.com, Password: hoahong1234
[ 2024-04-16 23:59:07,718 ] 94 root - INFO - Thread 2 started
[ 2024-04-16 23:59:07,718 ] 94 root - INFO - Thread 2 started
[ 2024-04-16 23:59:08,339 ] 94 main_controller - INFO - Browser opened
[ 2024-04-16 23:59:10,543 ] 94 Nickpown0411 - INFO - Opened login page
[ 2024-04-16 23:59:10,902 ] 94 marjyamada040493 - INFO - Opened login page
[ 2024-04-16 23:59:14,464 ] 94 Jamebrown0206 - INFO - Opened login page
[ 2024-04-16 23:59:15,834 ] 94 Nickpown0411 - INFO - Logging in
[ 2024-04-16 23:59:15,856 ] 94 Nickpown0411 - INFO - Current url: https://www.shinsei.e-aichi.jp/pref-aichi-police-u/offer/offerList_initDisplay
[ 2024-04-16 23:59:16,211 ] 94 Nickpown0411 - INFO - Logged in finished
[ 2024-04-16 23:59:16,211 ] 94 main_controller - INFO - Logged in successfully
[ 2024-04-16 23:59:16,475 ] 94 main_controller - INFO - Screenshot saved to C:\Users\USER\Projects\AichiTool\AichiSelenium\logs\2024_04_16\23_59_01\screenshot_Nickpown0411.png
[ 2024-04-16 23:59:16,475 ] 94 main_controller - INFO - Finding forms
[ 2024-04-16 23:59:16,480 ] 94 Nickpown0411 - INFO - On main page
[ 2024-04-16 23:59:16,784 ] 94 marjyamada040493 - INFO - Logging in
[ 2024-04-16 23:59:16,791 ] 94 marjyamada040493 - INFO - Current url: https://www.shinsei.e-aichi.jp/pref-aichi-police-u/offer/offerList_initDisplay
[ 2024-04-16 23:59:17,114 ] 94 marjyamada040493 - INFO - Logged in finished
[ 2024-04-16 23:59:17,114 ] 94 main_controller - INFO - Logged in successfully
[ 2024-04-16 23:59:17,365 ] 94 main_controller - INFO - Screenshot saved to C:\Users\USER\Projects\AichiTool\AichiSelenium\logs\2024_04_16\23_59_01\screenshot_marjyamada040493.png
[ 2024-04-16 23:59:17,365 ] 94 main_controller - INFO - Finding forms
[ 2024-04-16 23:59:17,371 ] 94 marjyamada040493 - INFO - On main page
[ 2024-04-16 23:59:18,303 ] 94 Nickpown0411 - INFO - Search submitted
[ 2024-04-16 23:59:18,357 ] 94 Nickpown0411 - INFO - Collected 20 forms
[ 2024-04-16 23:59:18,512 ] 94 Nickpown0411 - INFO - Parsed data: title: ＜05月02日(木) 08:45～09:30＞[平針]外国免許切替審査 Hirabari Exchanging Foreign Driver's License, status: None, start_date: 2024年04月18日 07時30分, end_date: 2024年04月30日 12時00分, template_seq: 96126
[ 2024-04-16 23:59:18,552 ] 94 Nickpown0411 - INFO - Parsed data: title: ＜05月02日(木) 09:30～10:30＞[平針]外国免許切替審査 Hirabari Exchanging Foreign Driver's License, status: None, start_date: 2024年04月18日 07時30分, end_date: 2024年04月30日 12時00分, template_seq: 96127
[ 2024-04-16 23:59:18,598 ] 94 Nickpown0411 - INFO - Parsed data: title: ＜05月02日(木) 10:30～11:45＞[平針]外国免許切替審査 Hirabari Exchanging Foreign Driver's License, status: None, start_date: 2024年04月18日 07時30分, end_date: 2024年04月30日 12時00分, template_seq: 96128
[ 2024-04-16 23:59:18,638 ] 94 Nickpown0411 - INFO - Parsed data: title: ＜05月02日(木) 12:45～13:30＞[平針]外国免許切替審査 Hirabari Exchanging Foreign Driver's License, status: None, start_date: 2024年04月18日 07時30分, end_date: 2024年04月30日 12時00分, template_seq: 96129
[ 2024-04-16 23:59:18,666 ] 94 Nickpown0411 - INFO - Parsed data: title: ＜05月02日(木) 13:30～14:45＞[平針]外国免許切替審査 Hirabari Exchanging Foreign Driver's License, status: None, start_date: 2024年04月18日 07時30分, end_date: 2024年04月30日 12時00分, template_seq: 96130
[ 2024-04-16 23:59:18,688 ] 94 Nickpown0411 - INFO - Parsed data: title: ＜05月01日(水) 08:45～09:30＞[平針]外国免許切替審査 Hirabari Exchanging Foreign Driver's License, status: None, start_date: 2024年04月17日 07時30分, end_date: 2024年04月26日 12時00分, template_seq: 96088
[ 2024-04-16 23:59:18,688 ] 94 Nickpown0411 - INFO - Parsed data: title: ＜05月01日(水) 08:45～09:30＞[平針]外国免許切替審査 Hirabari Exchanging Foreign Driver's License, status: None, start_date: 2024年04月17日 07時30分, end_date: 2024年04月26日 12時00分, template_seq: 96088
[ 2024-04-16 23:59:18,715 ] 94 Nickpown0411 - INFO - Parsed data: title: ＜05月01日(水) 09:30～10:30＞[平針]外国免許切替審査 Hirabari Exchanging Foreign Driver's License, status: None, start_date: 2024年04月17日 07時30分, end_date: 2024年04月26日 12時00分, template_seq: 96089
[ 2024-04-16 23:59:18,716 ] 94 Nickpown0411 - INFO - Parsed data: title: ＜05月01日(水) 09:30～10:30＞[平針]外国免許切替審査 Hirabari Exchanging Foreign Driver's License, status: None, start_date: 2024年04月17日 07時30分, end_date: 2024年04月26日 12時00分, template_seq: 96089
[ 2024-04-16 23:59:18,754 ] 94 Nickpown0411 - INFO - Parsed data: title: ＜05月01日(水) 10:30～11:45＞[平針]外国免許切替審査 Hirabari Exchanging Foreign Driver's License, status: None, start_date: 2024年04月17日 07時30分, end_date: 2024年04月26日 12時00分, template_seq: 96090
[ 2024-04-16 23:59:18,755 ] 94 Nickpown0411 - INFO - Parsed data: title: ＜05月01日(水) 10:30～11:45＞[平針]外国免許切替審査 Hirabari Exchanging Foreign Driver's License, status: None, start_date: 2024年04月17日 07時30分, end_date: 2024年04月26日 12時00分, template_seq: 96090
[ 2024-04-16 23:59:18,781 ] 94 Nickpown0411 - INFO - Parsed data: title: ＜05月01日(水) 12:45～13:30＞[平針]外国免許切替審査 Hirabari Exchanging Foreign Driver's License, status: None, start_date: 2024年04月17日 07時30分, end_date: 2024年04月26日 12時00分, template_seq: 96091
[ 2024-04-16 23:59:18,782 ] 94 Nickpown0411 - INFO - Parsed data: title: ＜05月01日(水) 12:45～13:30＞[平針]外国免許切替審査 Hirabari Exchanging Foreign Driver's License, status: None, start_date: 2024年04月17日 07時30分, end_date: 2024年04月26日 12時00分, template_seq: 96091
[ 2024-04-16 23:59:18,812 ] 94 Nickpown0411 - INFO - Parsed data: title: ＜05月01日(水) 13:30～14:45＞[平針]外国免許切替審査 Hirabari Exchanging Foreign Driver's License, status: None, start_date: 2024年04月17日 07時30分, end_date: 2024年04月26日 12時00分, template_seq: 96093
[ 2024-04-16 23:59:18,812 ] 94 Nickpown0411 - INFO - Parsed data: title: ＜05月01日(水) 13:30～14:45＞[平針]外国免許切替審査 Hirabari Exchanging Foreign Driver's License, status: None, start_date: 2024年04月17日 07時30分, end_date: 2024年04月26日 12時00分, template_seq: 96093
[ 2024-04-16 23:59:18,853 ] 94 Nickpown0411 - INFO - Parsed data: title: ＜04月30日(火) 08:45～09:30＞[平針]外国免許切替審査 Hirabari Exchanging Foreign Driver's License, status: None, start_date: 2024年04月16日 07時30分, end_date: 2024年04月25日 12時00分, template_seq: 95604
[ 2024-04-16 23:59:18,854 ] 94 Jamebrown0206 - INFO - Logging in
[ 2024-04-16 23:59:18,864 ] 94 Jamebrown0206 - INFO - Current url: https://www.shinsei.e-aichi.jp/pref-aichi-police-u/offer/offerList_initDisplay
[ 2024-04-16 23:59:18,884 ] 94 Nickpown0411 - INFO - Parsed data: title: ＜04月30日(火) 09:30～10:30＞[平針]外国免許切替審査 Hirabari Exchanging Foreign Driver's License, status: None, start_date: 2024年04月16日 07時30分, end_date: 2024年04月25日 12時00分, template_seq: 95605
[ 2024-04-16 23:59:18,910 ] 94 Nickpown0411 - INFO - Parsed data: title: ＜04月30日(火) 10:30～11:45＞[平針]外国免許切替審査 Hirabari Exchanging Foreign Driver's License, status: None, start_date: 2024年04月16日 07時30分, end_date: 2024年04月25日 12時00分, template_seq: 95607
[ 2024-04-16 23:59:18,938 ] 94 Nickpown0411 - INFO - Parsed data: title: ＜04月30日(火) 12:45～13:30＞[平針]外国免許切替審査 Hirabari Exchanging Foreign Driver's License, status: None, start_date: 2024年04月16日 07時30分, end_date: 2024年04月25日 12時00分, template_seq: 95608
[ 2024-04-16 23:59:18,963 ] 94 Nickpown0411 - INFO - Parsed data: title: ＜04月30日(火) 13:30～14:45＞[平針]外国免許切替審査 Hirabari Exchanging Foreign Driver's License, status: None, start_date: 2024年04月16日 07時30分, end_date: 2024年04月25日 12時00分, template_seq: 95609
[ 2024-04-16 23:59:18,989 ] 94 Nickpown0411 - INFO - Parsed data: title: ＜04月26日(金) 08:45～09:30＞[平針]外国免許切替審査 Hirabari Exchanging Foreign Driver's License, status: None, start_date: 2024年04月12日 07時30分, end_date: 2024年04月24日 12時00分, template_seq: 95410
[ 2024-04-16 23:59:19,041 ] 94 Nickpown0411 - INFO - Parsed data: title: ＜04月26日(金) 09:30～10:30＞[平針]外国免許切替審査 Hirabari Exchanging Foreign Driver's License, status: None, start_date: 2024年04月12日 07時30分, end_date: 2024年04月24日 12時00分, template_seq: 95411
[ 2024-04-16 23:59:19,066 ] 94 Nickpown0411 - INFO - Parsed data: title: ＜04月26日(金) 10:30～11:45＞[平針]外国免許切替審査 Hirabari Exchanging Foreign Driver's License, status: None, start_date: 2024年04月12日 07時30分, end_date: 2024年04月24日 12時00分, template_seq: 95412
[ 2024-04-16 23:59:19,087 ] 94 Nickpown0411 - INFO - Parsed data: title: ＜04月26日(金) 12:45～13:30＞[平針]外国免許切替審査 Hirabari Exchanging Foreign Driver's License, status: None, start_date: 2024年04月12日 07時30分, end_date: 2024年04月24日 12時00分, template_seq: 95413
[ 2024-04-16 23:59:19,113 ] 94 Nickpown0411 - INFO - Parsed data: title: ＜04月26日(金) 13:30～14:45＞[平針]外国免許切替審査 Hirabari Exchanging Foreign Driver's License, status: None, start_date: 2024年04月12日 07時30分, end_date: 2024年04月24日 12時00分, template_seq: 95414
[ 2024-04-16 23:59:19,113 ] 94 Nickpown0411 - INFO - Number of filtered forms left is: 5 form(s)
[ 2024-04-16 23:59:19,114 ] 94 main_controller - INFO - Found 5 form(s)
[ 2024-04-16 23:59:19,114 ] 94 Nickpown0411 - INFO - Accessing form, template sequence: 96091
[ 2024-04-16 23:59:19,114 ] 94 Nickpown0411 - INFO - Form URL: https://www.shinsei.e-aichi.jp/pref-aichi-police-u/offer/offerList_detailTop?tempSeq=96091
[ 2024-04-16 23:59:19,189 ] 94 Jamebrown0206 - INFO - Logged in finished
[ 2024-04-16 23:59:19,189 ] 94 main_controller - INFO - Logged in successfully
[ 2024-04-16 23:59:19,224 ] 94 marjyamada040493 - INFO - Search submitted
[ 2024-04-16 23:59:19,249 ] 94 marjyamada040493 - INFO - Collected 20 forms
[ 2024-04-16 23:59:19,278 ] 94 marjyamada040493 - INFO - Parsed data: title: ＜05月02日(木) 08:45～09:30＞[平針]外国免許切替審査 Hirabari Exchanging Foreign Driver's License, status: None, start_date: 2024年04月18日 07時30分, end_date: 2024年04月30日 12時00分, template_seq: 96126
[ 2024-04-16 23:59:19,302 ] 94 marjyamada040493 - INFO - Parsed data: title: ＜05月02日(木) 09:30～10:30＞[平針]外国免許切替審査 Hirabari Exchanging Foreign Driver's License, status: None, start_date: 2024年04月18日 07時30分, end_date: 2024年04月30日 12時00分, template_seq: 96127
[ 2024-04-16 23:59:19,332 ] 94 marjyamada040493 - INFO - Parsed data: title: ＜05月02日(木) 10:30～11:45＞[平針]外国免許切替審査 Hirabari Exchanging Foreign Driver's License, status: None, start_date: 2024年04月18日 07時30分, end_date: 2024年04月30日 12時00分, template_seq: 96128
[ 2024-04-16 23:59:19,359 ] 94 marjyamada040493 - INFO - Parsed data: title: ＜05月02日(木) 12:45～13:30＞[平針]外国免許切替審査 Hirabari Exchanging Foreign Driver's License, status: None, start_date: 2024年04月18日 07時30分, end_date: 2024年04月30日 12時00分, template_seq: 96129
[ 2024-04-16 23:59:19,393 ] 94 marjyamada040493 - INFO - Parsed data: title: ＜05月02日(木) 13:30～14:45＞[平針]外国免許切替審査 Hirabari Exchanging Foreign Driver's License, status: None, start_date: 2024年04月18日 07時30分, end_date: 2024年04月30日 12時00分, template_seq: 96130
[ 2024-04-16 23:59:19,425 ] 94 marjyamada040493 - INFO - Parsed data: title: ＜05月01日(水) 08:45～09:30＞[平針]外国免許切替審査 Hirabari Exchanging Foreign Driver's License, status: None, start_date: 2024年04月17日 07時30分, end_date: 2024年04月26日 12時00分, template_seq: 96088
[ 2024-04-16 23:59:19,426 ] 94 marjyamada040493 - INFO - Parsed data: title: ＜05月01日(水) 08:45～09:30＞[平針]外国免許切替審査 Hirabari Exchanging Foreign Driver's License, status: None, start_date: 2024年04月17日 07時30分, end_date: 2024年04月26日 12時00分, template_seq: 96088
[ 2024-04-16 23:59:19,426 ] 94 main_controller - INFO - Screenshot saved to C:\Users\USER\Projects\AichiTool\AichiSelenium\logs\2024_04_16\23_59_01\screenshot_Jamebrown0206.png
[ 2024-04-16 23:59:19,427 ] 94 main_controller - INFO - Finding forms
[ 2024-04-16 23:59:19,432 ] 94 Jamebrown0206 - INFO - On main page
[ 2024-04-16 23:59:19,457 ] 94 marjyamada040493 - INFO - Parsed data: title: ＜05月01日(水) 09:30～10:30＞[平針]外国免許切替審査 Hirabari Exchanging Foreign Driver's License, status: None, start_date: 2024年04月17日 07時30分, end_date: 2024年04月26日 12時00分, template_seq: 96089
[ 2024-04-16 23:59:19,458 ] 94 marjyamada040493 - INFO - Parsed data: title: ＜05月01日(水) 09:30～10:30＞[平針]外国免許切替審査 Hirabari Exchanging Foreign Driver's License, status: None, start_date: 2024年04月17日 07時30分, end_date: 2024年04月26日 12時00分, template_seq: 96089
[ 2024-04-16 23:59:19,492 ] 94 marjyamada040493 - INFO - Parsed data: title: ＜05月01日(水) 10:30～11:45＞[平針]外国免許切替審査 Hirabari Exchanging Foreign Driver's License, status: None, start_date: 2024年04月17日 07時30分, end_date: 2024年04月26日 12時00分, template_seq: 96090
[ 2024-04-16 23:59:19,492 ] 94 marjyamada040493 - INFO - Parsed data: title: ＜05月01日(水) 10:30～11:45＞[平針]外国免許切替審査 Hirabari Exchanging Foreign Driver's License, status: None, start_date: 2024年04月17日 07時30分, end_date: 2024年04月26日 12時00分, template_seq: 96090
[ 2024-04-16 23:59:19,535 ] 94 marjyamada040493 - INFO - Parsed data: title: ＜05月01日(水) 12:45～13:30＞[平針]外国免許切替審査 Hirabari Exchanging Foreign Driver's License, status: None, start_date: 2024年04月17日 07時30分, end_date: 2024年04月26日 12時00分, template_seq: 96091
[ 2024-04-16 23:59:19,536 ] 94 marjyamada040493 - INFO - Parsed data: title: ＜05月01日(水) 12:45～13:30＞[平針]外国免許切替審査 Hirabari Exchanging Foreign Driver's License, status: None, start_date: 2024年04月17日 07時30分, end_date: 2024年04月26日 12時00分, template_seq: 96091
[ 2024-04-16 23:59:19,571 ] 94 marjyamada040493 - INFO - Parsed data: title: ＜05月01日(水) 13:30～14:45＞[平針]外国免許切替審査 Hirabari Exchanging Foreign Driver's License, status: None, start_date: 2024年04月17日 07時30分, end_date: 2024年04月26日 12時00分, template_seq: 96093
[ 2024-04-16 23:59:19,572 ] 94 marjyamada040493 - INFO - Parsed data: title: ＜05月01日(水) 13:30～14:45＞[平針]外国免許切替審査 Hirabari Exchanging Foreign Driver's License, status: None, start_date: 2024年04月17日 07時30分, end_date: 2024年04月26日 12時00分, template_seq: 96093
[ 2024-04-16 23:59:19,603 ] 94 marjyamada040493 - INFO - Parsed data: title: ＜04月30日(火) 08:45～09:30＞[平針]外国免許切替審査 Hirabari Exchanging Foreign Driver's License, status: None, start_date: 2024年04月16日 07時30分, end_date: 2024年04月25日 12時00分, template_seq: 95604
[ 2024-04-16 23:59:19,626 ] 94 marjyamada040493 - INFO - Parsed data: title: ＜04月30日(火) 09:30～10:30＞[平針]外国免許切替審査 Hirabari Exchanging Foreign Driver's License, status: None, start_date: 2024年04月16日 07時30分, end_date: 2024年04月25日 12時00分, template_seq: 95605
[ 2024-04-16 23:59:19,666 ] 94 marjyamada040493 - INFO - Parsed data: title: ＜04月30日(火) 10:30～11:45＞[平針]外国免許切替審査 Hirabari Exchanging Foreign Driver's License, status: None, start_date: 2024年04月16日 07時30分, end_date: 2024年04月25日 12時00分, template_seq: 95607
[ 2024-04-16 23:59:19,700 ] 94 marjyamada040493 - INFO - Parsed data: title: ＜04月30日(火) 12:45～13:30＞[平針]外国免許切替審査 Hirabari Exchanging Foreign Driver's License, status: None, start_date: 2024年04月16日 07時30分, end_date: 2024年04月25日 12時00分, template_seq: 95608
[ 2024-04-16 23:59:19,730 ] 94 marjyamada040493 - INFO - Parsed data: title: ＜04月30日(火) 13:30～14:45＞[平針]外国免許切替審査 Hirabari Exchanging Foreign Driver's License, status: None, start_date: 2024年04月16日 07時30分, end_date: 2024年04月25日 12時00分, template_seq: 95609
[ 2024-04-16 23:59:19,766 ] 94 marjyamada040493 - INFO - Parsed data: title: ＜04月26日(金) 08:45～09:30＞[平針]外国免許切替審査 Hirabari Exchanging Foreign Driver's License, status: None, start_date: 2024年04月12日 07時30分, end_date: 2024年04月24日 12時00分, template_seq: 95410
[ 2024-04-16 23:59:19,806 ] 94 marjyamada040493 - INFO - Parsed data: title: ＜04月26日(金) 09:30～10:30＞[平針]外国免許切替審査 Hirabari Exchanging Foreign Driver's License, status: None, start_date: 2024年04月12日 07時30分, end_date: 2024年04月24日 12時00分, template_seq: 95411
[ 2024-04-16 23:59:19,833 ] 94 marjyamada040493 - INFO - Parsed data: title: ＜04月26日(金) 10:30～11:45＞[平針]外国免許切替審査 Hirabari Exchanging Foreign Driver's License, status: None, start_date: 2024年04月12日 07時30分, end_date: 2024年04月24日 12時00分, template_seq: 95412
[ 2024-04-16 23:59:19,870 ] 94 marjyamada040493 - INFO - Parsed data: title: ＜04月26日(金) 12:45～13:30＞[平針]外国免許切替審査 Hirabari Exchanging Foreign Driver's License, status: None, start_date: 2024年04月12日 07時30分, end_date: 2024年04月24日 12時00分, template_seq: 95413
[ 2024-04-16 23:59:19,908 ] 94 marjyamada040493 - INFO - Parsed data: title: ＜04月26日(金) 13:30～14:45＞[平針]外国免許切替審査 Hirabari Exchanging Foreign Driver's License, status: None, start_date: 2024年04月12日 07時30分, end_date: 2024年04月24日 12時00分, template_seq: 95414
[ 2024-04-16 23:59:19,909 ] 94 marjyamada040493 - INFO - Number of filtered forms left is: 5 form(s)
[ 2024-04-16 23:59:19,909 ] 94 main_controller - INFO - Found 5 form(s)
[ 2024-04-16 23:59:19,909 ] 94 marjyamada040493 - INFO - Accessing form, template sequence: 96090
[ 2024-04-16 23:59:19,909 ] 94 marjyamada040493 - INFO - Form URL: https://www.shinsei.e-aichi.jp/pref-aichi-police-u/offer/offerList_detailTop?tempSeq=96090
[ 2024-04-16 23:59:21,301 ] 94 Jamebrown0206 - INFO - Search submitted
[ 2024-04-16 23:59:21,361 ] 94 Jamebrown0206 - INFO - Collected 20 forms
[ 2024-04-16 23:59:21,432 ] 94 Jamebrown0206 - INFO - Parsed data: title: ＜05月02日(木) 08:45～09:30＞[平針]外国免許切替審査 Hirabari Exchanging Foreign Driver's License, status: None, start_date: 2024年04月18日 07時30分, end_date: 2024年04月30日 12時00分, template_seq: 96126
[ 2024-04-16 23:59:21,461 ] 94 Jamebrown0206 - INFO - Parsed data: title: ＜05月02日(木) 09:30～10:30＞[平針]外国免許切替審査 Hirabari Exchanging Foreign Driver's License, status: None, start_date: 2024年04月18日 07時30分, end_date: 2024年04月30日 12時00分, template_seq: 96127
[ 2024-04-16 23:59:21,487 ] 94 Jamebrown0206 - INFO - Parsed data: title: ＜05月02日(木) 10:30～11:45＞[平針]外国免許切替審査 Hirabari Exchanging Foreign Driver's License, status: None, start_date: 2024年04月18日 07時30分, end_date: 2024年04月30日 12時00分, template_seq: 96128
[ 2024-04-16 23:59:21,518 ] 94 Jamebrown0206 - INFO - Parsed data: title: ＜05月02日(木) 12:45～13:30＞[平針]外国免許切替審査 Hirabari Exchanging Foreign Driver's License, status: None, start_date: 2024年04月18日 07時30分, end_date: 2024年04月30日 12時00分, template_seq: 96129
[ 2024-04-16 23:59:21,541 ] 94 Jamebrown0206 - INFO - Parsed data: title: ＜05月02日(木) 13:30～14:45＞[平針]外国免許切替審査 Hirabari Exchanging Foreign Driver's License, status: None, start_date: 2024年04月18日 07時30分, end_date: 2024年04月30日 12時00分, template_seq: 96130
[ 2024-04-16 23:59:21,568 ] 94 Jamebrown0206 - INFO - Parsed data: title: ＜05月01日(水) 08:45～09:30＞[平針]外国免許切替審査 Hirabari Exchanging Foreign Driver's License, status: None, start_date: 2024年04月17日 07時30分, end_date: 2024年04月26日 12時00分, template_seq: 96088
[ 2024-04-16 23:59:21,570 ] 94 Jamebrown0206 - INFO - Parsed data: title: ＜05月01日(水) 08:45～09:30＞[平針]外国免許切替審査 Hirabari Exchanging Foreign Driver's License, status: None, start_date: 2024年04月17日 07時30分, end_date: 2024年04月26日 12時00分, template_seq: 96088
[ 2024-04-16 23:59:21,600 ] 94 Jamebrown0206 - INFO - Parsed data: title: ＜05月01日(水) 09:30～10:30＞[平針]外国免許切替審査 Hirabari Exchanging Foreign Driver's License, status: None, start_date: 2024年04月17日 07時30分, end_date: 2024年04月26日 12時00分, template_seq: 96089
[ 2024-04-16 23:59:21,601 ] 94 Jamebrown0206 - INFO - Parsed data: title: ＜05月01日(水) 09:30～10:30＞[平針]外国免許切替審査 Hirabari Exchanging Foreign Driver's License, status: None, start_date: 2024年04月17日 07時30分, end_date: 2024年04月26日 12時00分, template_seq: 96089
[ 2024-04-16 23:59:21,634 ] 94 Jamebrown0206 - INFO - Parsed data: title: ＜05月01日(水) 10:30～11:45＞[平針]外国免許切替審査 Hirabari Exchanging Foreign Driver's License, status: None, start_date: 2024年04月17日 07時30分, end_date: 2024年04月26日 12時00分, template_seq: 96090
[ 2024-04-16 23:59:21,635 ] 94 Jamebrown0206 - INFO - Parsed data: title: ＜05月01日(水) 10:30～11:45＞[平針]外国免許切替審査 Hirabari Exchanging Foreign Driver's License, status: None, start_date: 2024年04月17日 07時30分, end_date: 2024年04月26日 12時00分, template_seq: 96090
[ 2024-04-16 23:59:21,665 ] 94 Jamebrown0206 - INFO - Parsed data: title: ＜05月01日(水) 12:45～13:30＞[平針]外国免許切替審査 Hirabari Exchanging Foreign Driver's License, status: None, start_date: 2024年04月17日 07時30分, end_date: 2024年04月26日 12時00分, template_seq: 96091
[ 2024-04-16 23:59:21,665 ] 94 Jamebrown0206 - INFO - Parsed data: title: ＜05月01日(水) 12:45～13:30＞[平針]外国免許切替審査 Hirabari Exchanging Foreign Driver's License, status: None, start_date: 2024年04月17日 07時30分, end_date: 2024年04月26日 12時00分, template_seq: 96091
[ 2024-04-16 23:59:21,690 ] 94 Jamebrown0206 - INFO - Parsed data: title: ＜05月01日(水) 13:30～14:45＞[平針]外国免許切替審査 Hirabari Exchanging Foreign Driver's License, status: None, start_date: 2024年04月17日 07時30分, end_date: 2024年04月26日 12時00分, template_seq: 96093
[ 2024-04-16 23:59:21,690 ] 94 Jamebrown0206 - INFO - Parsed data: title: ＜05月01日(水) 13:30～14:45＞[平針]外国免許切替審査 Hirabari Exchanging Foreign Driver's License, status: None, start_date: 2024年04月17日 07時30分, end_date: 2024年04月26日 12時00分, template_seq: 96093
[ 2024-04-16 23:59:21,719 ] 94 Jamebrown0206 - INFO - Parsed data: title: ＜04月30日(火) 08:45～09:30＞[平針]外国免許切替審査 Hirabari Exchanging Foreign Driver's License, status: None, start_date: 2024年04月16日 07時30分, end_date: 2024年04月25日 12時00分, template_seq: 95604
[ 2024-04-16 23:59:21,744 ] 94 Jamebrown0206 - INFO - Parsed data: title: ＜04月30日(火) 09:30～10:30＞[平針]外国免許切替審査 Hirabari Exchanging Foreign Driver's License, status: None, start_date: 2024年04月16日 07時30分, end_date: 2024年04月25日 12時00分, template_seq: 95605
[ 2024-04-16 23:59:21,768 ] 94 Jamebrown0206 - INFO - Parsed data: title: ＜04月30日(火) 10:30～11:45＞[平針]外国免許切替審査 Hirabari Exchanging Foreign Driver's License, status: None, start_date: 2024年04月16日 07時30分, end_date: 2024年04月25日 12時00分, template_seq: 95607
[ 2024-04-16 23:59:21,790 ] 94 Jamebrown0206 - INFO - Parsed data: title: ＜04月30日(火) 12:45～13:30＞[平針]外国免許切替審査 Hirabari Exchanging Foreign Driver's License, status: None, start_date: 2024年04月16日 07時30分, end_date: 2024年04月25日 12時00分, template_seq: 95608
[ 2024-04-16 23:59:21,814 ] 94 Jamebrown0206 - INFO - Parsed data: title: ＜04月30日(火) 13:30～14:45＞[平針]外国免許切替審査 Hirabari Exchanging Foreign Driver's License, status: None, start_date: 2024年04月16日 07時30分, end_date: 2024年04月25日 12時00分, template_seq: 95609
[ 2024-04-16 23:59:21,838 ] 94 Jamebrown0206 - INFO - Parsed data: title: ＜04月26日(金) 08:45～09:30＞[平針]外国免許切替審査 Hirabari Exchanging Foreign Driver's License, status: None, start_date: 2024年04月12日 07時30分, end_date: 2024年04月24日 12時00分, template_seq: 95410
[ 2024-04-16 23:59:21,866 ] 94 Jamebrown0206 - INFO - Parsed data: title: ＜04月26日(金) 09:30～10:30＞[平針]外国免許切替審査 Hirabari Exchanging Foreign Driver's License, status: None, start_date: 2024年04月12日 07時30分, end_date: 2024年04月24日 12時00分, template_seq: 95411
[ 2024-04-16 23:59:21,888 ] 94 Jamebrown0206 - INFO - Parsed data: title: ＜04月26日(金) 10:30～11:45＞[平針]外国免許切替審査 Hirabari Exchanging Foreign Driver's License, status: None, start_date: 2024年04月12日 07時30分, end_date: 2024年04月24日 12時00分, template_seq: 95412
[ 2024-04-16 23:59:21,913 ] 94 Jamebrown0206 - INFO - Parsed data: title: ＜04月26日(金) 12:45～13:30＞[平針]外国免許切替審査 Hirabari Exchanging Foreign Driver's License, status: None, start_date: 2024年04月12日 07時30分, end_date: 2024年04月24日 12時00分, template_seq: 95413
[ 2024-04-16 23:59:21,951 ] 94 Jamebrown0206 - INFO - Parsed data: title: ＜04月26日(金) 13:30～14:45＞[平針]外国免許切替審査 Hirabari Exchanging Foreign Driver's License, status: None, start_date: 2024年04月12日 07時30分, end_date: 2024年04月24日 12時00分, template_seq: 95414
[ 2024-04-16 23:59:21,952 ] 94 Jamebrown0206 - INFO - Number of filtered forms left is: 5 form(s)
[ 2024-04-16 23:59:21,952 ] 94 main_controller - INFO - Found 5 form(s)
[ 2024-04-16 23:59:21,953 ] 94 Jamebrown0206 - INFO - Accessing form, template sequence: 96089
[ 2024-04-16 23:59:21,953 ] 94 Jamebrown0206 - INFO - Form URL: https://www.shinsei.e-aichi.jp/pref-aichi-police-u/offer/offerList_detailTop?tempSeq=96089
[ 2024-04-16 23:59:24,806 ] 94 Nickpown0411 - INFO - Accessed form successfully
[ 2024-04-16 23:59:24,826 ] 94 Nickpown0411 - INFO - Form message: 申込期間ではありません。
[ 2024-04-16 23:59:24,827 ] 94 Nickpown0411 - INFO - Refreshing page to check availability trial number 1, template sequence: 96091
[ 2024-04-16 23:59:25,583 ] 94 marjyamada040493 - INFO - Accessed form successfully
[ 2024-04-16 23:59:25,600 ] 94 marjyamada040493 - INFO - Form message: 申込期間ではありません。
[ 2024-04-16 23:59:25,600 ] 94 marjyamada040493 - INFO - Refreshing page to check availability trial number 1, template sequence: 96090
[ 2024-04-16 23:59:26,713 ] 94 Nickpown0411 - INFO - Form message: 申込期間ではありません。
[ 2024-04-16 23:59:26,713 ] 94 Nickpown0411 - INFO - Refreshing page to check availability trial number 2, template sequence: 96091
[ 2024-04-16 23:59:27,402 ] 94 marjyamada040493 - INFO - Form message: 申込期間ではありません。
[ 2024-04-16 23:59:27,403 ] 94 marjyamada040493 - INFO - Refreshing page to check availability trial number 2, template sequence: 96090
[ 2024-04-16 23:59:27,669 ] 94 Jamebrown0206 - INFO - Accessed form successfully
[ 2024-04-16 23:59:27,689 ] 94 Jamebrown0206 - INFO - Form message: 申込期間ではありません。
[ 2024-04-16 23:59:27,689 ] 94 Jamebrown0206 - INFO - Refreshing page to check availability trial number 1, template sequence: 96089
[ 2024-04-16 23:59:28,101 ] 94 Nickpown0411 - INFO - Form message: 申込期間ではありません。
[ 2024-04-16 23:59:28,101 ] 94 Nickpown0411 - INFO - Refreshing page to check availability trial number 3, template sequence: 96091
[ 2024-04-16 23:59:29,208 ] 94 marjyamada040493 - INFO - Form message: 申込期間ではありません。
[ 2024-04-16 23:59:29,209 ] 94 marjyamada040493 - INFO - Refreshing page to check availability trial number 3, template sequence: 96090
[ 2024-04-16 23:59:29,258 ] 94 Jamebrown0206 - INFO - Form message: 申込期間ではありません。
[ 2024-04-16 23:59:29,259 ] 94 Jamebrown0206 - INFO - Refreshing page to check availability trial number 2, template sequence: 96089
[ 2024-04-16 23:59:29,878 ] 94 Nickpown0411 - INFO - Form message: 申込期間ではありません。
[ 2024-04-16 23:59:29,879 ] 94 Nickpown0411 - INFO - Refreshing page to check availability trial number 4, template sequence: 96091
[ 2024-04-16 23:59:31,044 ] 94 Jamebrown0206 - INFO - Form message: 申込期間ではありません。
[ 2024-04-16 23:59:31,046 ] 94 Jamebrown0206 - INFO - Refreshing page to check availability trial number 3, template sequence: 96089
[ 2024-04-16 23:59:31,089 ] 94 marjyamada040493 - INFO - Form message: 申込期間ではありません。
[ 2024-04-16 23:59:31,089 ] 94 marjyamada040493 - INFO - Refreshing page to check availability trial number 4, template sequence: 96090
[ 2024-04-16 23:59:31,273 ] 94 Nickpown0411 - INFO - Form message: 申込期間ではありません。
[ 2024-04-16 23:59:31,274 ] 94 Nickpown0411 - INFO - Refreshing page to check availability trial number 5, template sequence: 96091
[ 2024-04-16 23:59:32,825 ] 94 Jamebrown0206 - INFO - Form message: 申込期間ではありません。
[ 2024-04-16 23:59:32,825 ] 94 Jamebrown0206 - INFO - Refreshing page to check availability trial number 4, template sequence: 96089
[ 2024-04-16 23:59:32,895 ] 94 marjyamada040493 - INFO - Form message: 申込期間ではありません。
[ 2024-04-16 23:59:32,895 ] 94 marjyamada040493 - INFO - Refreshing page to check availability trial number 5, template sequence: 96090
[ 2024-04-16 23:59:33,010 ] 94 Nickpown0411 - INFO - Form message: 申込期間ではありません。
[ 2024-04-16 23:59:33,011 ] 94 Nickpown0411 - INFO - Refreshing page to check availability trial number 6, template sequence: 96091
[ 2024-04-16 23:59:34,336 ] 94 marjyamada040493 - INFO - Form message: 申込期間ではありません。
[ 2024-04-16 23:59:34,336 ] 94 marjyamada040493 - INFO - Refreshing page to check availability trial number 6, template sequence: 96090
[ 2024-04-16 23:59:34,622 ] 94 Jamebrown0206 - INFO - Form message: 申込期間ではありません。
[ 2024-04-16 23:59:34,622 ] 94 Jamebrown0206 - INFO - Refreshing page to check availability trial number 5, template sequence: 96089
[ 2024-04-16 23:59:34,900 ] 94 Nickpown0411 - INFO - Form message: 申込期間ではありません。
[ 2024-04-16 23:59:34,901 ] 94 Nickpown0411 - INFO - Refreshing page to check availability trial number 7, template sequence: 96091
[ 2024-04-16 23:59:35,993 ] 94 marjyamada040493 - INFO - Form message: 申込期間ではありません。
[ 2024-04-16 23:59:35,994 ] 94 marjyamada040493 - INFO - Refreshing page to check availability trial number 7, template sequence: 96090
[ 2024-04-16 23:59:36,433 ] 94 Jamebrown0206 - INFO - Form message: 申込期間ではありません。
[ 2024-04-16 23:59:36,434 ] 94 Jamebrown0206 - INFO - Refreshing page to check availability trial number 6, template sequence: 96089
[ 2024-04-16 23:59:36,650 ] 94 Nickpown0411 - INFO - Form message: 申込期間ではありません。
[ 2024-04-16 23:59:36,650 ] 94 Nickpown0411 - INFO - Refreshing page to check availability trial number 8, template sequence: 96091
[ 2024-04-16 23:59:37,468 ] 94 marjyamada040493 - INFO - Form message: 申込期間ではありません。
[ 2024-04-16 23:59:37,469 ] 94 marjyamada040493 - INFO - Refreshing page to check availability trial number 8, template sequence: 96090
[ 2024-04-16 23:59:38,268 ] 94 Jamebrown0206 - INFO - Form message: 申込期間ではありません。
[ 2024-04-16 23:59:38,269 ] 94 Jamebrown0206 - INFO - Refreshing page to check availability trial number 7, template sequence: 96089
[ 2024-04-16 23:59:38,454 ] 94 Nickpown0411 - INFO - Form message: 申込期間ではありません。
[ 2024-04-16 23:59:38,454 ] 94 Nickpown0411 - INFO - Refreshing page to check availability trial number 9, template sequence: 96091
[ 2024-04-16 23:59:38,657 ] 94 marjyamada040493 - INFO - Form message: 申込期間ではありません。
[ 2024-04-16 23:59:38,657 ] 94 marjyamada040493 - INFO - Refreshing page to check availability trial number 9, template sequence: 96090
[ 2024-04-16 23:59:40,116 ] 94 marjyamada040493 - INFO - Form message: 申込期間ではありません。
[ 2024-04-16 23:59:40,117 ] 94 marjyamada040493 - INFO - Refreshing page to check availability trial number 10, template sequence: 96090
[ 2024-04-16 23:59:40,308 ] 94 Nickpown0411 - INFO - Form message: 申込期間ではありません。
[ 2024-04-16 23:59:40,309 ] 94 Nickpown0411 - INFO - Refreshing page to check availability trial number 10, template sequence: 96091
[ 2024-04-16 23:59:40,851 ] 94 Jamebrown0206 - INFO - Form message: 申込期間ではありません。
[ 2024-04-16 23:59:40,852 ] 94 Jamebrown0206 - INFO - Refreshing page to check availability trial number 8, template sequence: 96089
[ 2024-04-16 23:59:41,593 ] 94 marjyamada040493 - INFO - Form message: 申込期間ではありません。
[ 2024-04-16 23:59:41,593 ] 94 marjyamada040493 - INFO - Refreshing page to check availability trial number 11, template sequence: 96090
[ 2024-04-16 23:59:41,746 ] 94 Nickpown0411 - INFO - Form message: 申込期間ではありません。
[ 2024-04-16 23:59:41,747 ] 94 Nickpown0411 - INFO - Refreshing page to check availability trial number 11, template sequence: 96091
[ 2024-04-16 23:59:42,670 ] 94 Jamebrown0206 - INFO - Form message: 申込期間ではありません。
[ 2024-04-16 23:59:42,671 ] 94 Jamebrown0206 - INFO - Refreshing page to check availability trial number 9, template sequence: 96089
[ 2024-04-16 23:59:42,782 ] 94 marjyamada040493 - INFO - Form message: 申込期間ではありません。
[ 2024-04-16 23:59:42,783 ] 94 marjyamada040493 - INFO - Refreshing page to check availability trial number 12, template sequence: 96090
[ 2024-04-16 23:59:43,521 ] 94 Nickpown0411 - INFO - Form message: 申込期間ではありません。
[ 2024-04-16 23:59:43,521 ] 94 Nickpown0411 - INFO - Refreshing page to check availability trial number 12, template sequence: 96091
[ 2024-04-16 23:59:43,991 ] 94 marjyamada040493 - INFO - Form message: 申込期間ではありません。
[ 2024-04-16 23:59:43,993 ] 94 marjyamada040493 - INFO - Refreshing page to check availability trial number 13, template sequence: 96090
[ 2024-04-16 23:59:44,458 ] 94 Jamebrown0206 - INFO - Form message: 申込期間ではありません。
[ 2024-04-16 23:59:44,459 ] 94 Jamebrown0206 - INFO - Refreshing page to check availability trial number 10, template sequence: 96089
[ 2024-04-16 23:59:45,172 ] 94 marjyamada040493 - INFO - Form message: 申込期間ではありません。
[ 2024-04-16 23:59:45,173 ] 82 marjyamada040493 - ERROR - Failed to get form message, maybe form is available
Traceback (most recent call last):
  File "C:\Users\USER\Projects\AichiTool\AichiSelenium\src\controllers\filler.py", line 115, in get_form_message
    self.logger.info("Form message: " + message)
  File "C:\Users\USER\Projects\AichiTool\AichiSelenium\src\logs.py", line 70, in info
    self._log(logging.INFO, *msg)
  File "C:\Users\USER\Projects\AichiTool\AichiSelenium\src\logs.py", line 96, in _log
    self.ins(ins_message)
  File "C:\Users\USER\Projects\AichiTool\AichiSelenium\src\logs.py", line 90, in ins
    print(log_text)
OSError: [WinError 233] No process is on the other end of the pipe
[ 2024-04-16 23:59:45,223 ] 94 main_controller - INFO - Closing browser
[ 2024-04-16 23:59:45,330 ] 94 Nickpown0411 - INFO - Form message: 申込期間ではありません。
[ 2024-04-16 23:59:45,331 ] 82 Nickpown0411 - ERROR - Failed to get form message, maybe form is available
Traceback (most recent call last):
  File "C:\Users\USER\Projects\AichiTool\AichiSelenium\src\controllers\filler.py", line 115, in get_form_message
    self.logger.info("Form message: " + message)
  File "C:\Users\USER\Projects\AichiTool\AichiSelenium\src\logs.py", line 70, in info
    self._log(logging.INFO, *msg)
  File "C:\Users\USER\Projects\AichiTool\AichiSelenium\src\logs.py", line 96, in _log
    self.ins(ins_message)
  File "C:\Users\USER\Projects\AichiTool\AichiSelenium\src\logs.py", line 90, in ins
    print(log_text)
OSError: [WinError 233] No process is on the other end of the pipe
[ 2024-04-16 23:59:45,333 ] 94 main_controller - INFO - Closing browser
[ 2024-04-16 23:59:45,636 ] 94 Jamebrown0206 - INFO - Form message: 申込期間ではありません。
[ 2024-04-16 23:59:45,636 ] 82 Jamebrown0206 - ERROR - Failed to get form message, maybe form is available
Traceback (most recent call last):
  File "C:\Users\USER\Projects\AichiTool\AichiSelenium\src\controllers\filler.py", line 115, in get_form_message
    self.logger.info("Form message: " + message)
  File "C:\Users\USER\Projects\AichiTool\AichiSelenium\src\logs.py", line 70, in info
    self._log(logging.INFO, *msg)
  File "C:\Users\USER\Projects\AichiTool\AichiSelenium\src\logs.py", line 96, in _log
    self.ins(ins_message)
  File "C:\Users\USER\Projects\AichiTool\AichiSelenium\src\logs.py", line 90, in ins
    print(log_text)
OSError: [WinError 233] No process is on the other end of the pipe
[ 2024-04-16 23:59:45,637 ] 94 main_controller - INFO - Closing browser
