[ 2024-04-25 23:20:15,454 ] 91 luthien5921+shinsei1 - INFO - Opened login page
[ 2024-04-25 23:20:15,454 ] 91 luthien5921+shinsei1 - INFO - Opened login page
[ 2024-04-25 23:20:15,454 ] 91 luthien5921+shinsei1 - INFO - Opened login page
[ 2024-04-25 23:20:20,098 ] 91 luthien5921+shinsei1 - INFO - Logging in
[ 2024-04-25 23:20:20,098 ] 91 luthien5921+shinsei1 - INFO - Logging in
[ 2024-04-25 23:20:20,098 ] 91 luthien5921+shinsei1 - INFO - Logging in
[ 2024-04-25 23:20:20,106 ] 91 luthien5921+shinsei1 - INFO - Current url: https://www.shinsei.e-aichi.jp/pref-aichi-police-u/offer/offerList_initDisplay
[ 2024-04-25 23:20:20,106 ] 91 luthien5921+shinsei1 - INFO - Current url: https://www.shinsei.e-aichi.jp/pref-aichi-police-u/offer/offerList_initDisplay
[ 2024-04-25 23:20:20,106 ] 91 luthien5921+shinsei1 - INFO - Current url: https://www.shinsei.e-aichi.jp/pref-aichi-police-u/offer/offerList_initDisplay
[ 2024-04-25 23:20:20,423 ] 91 luthien5921+shinsei1 - INFO - Logged in finished
[ 2024-04-25 23:20:20,423 ] 91 luthien5921+shinsei1 - INFO - Logged in finished
[ 2024-04-25 23:20:20,423 ] 91 luthien5921+shinsei1 - INFO - Logged in finished
[ 2024-04-25 23:20:20,797 ] 91 luthien5921+shinsei1 - INFO - On main page
[ 2024-04-25 23:20:20,797 ] 91 luthien5921+shinsei1 - INFO - On main page
[ 2024-04-25 23:20:20,797 ] 91 luthien5921+shinsei1 - INFO - On main page
[ 2024-04-25 23:20:22,666 ] 91 luthien5921+shinsei1 - INFO - Search submitted
[ 2024-04-25 23:20:22,666 ] 91 luthien5921+shinsei1 - INFO - Search submitted
[ 2024-04-25 23:20:22,666 ] 91 luthien5921+shinsei1 - INFO - Search submitted
[ 2024-04-25 23:20:22,771 ] 91 luthien5921+shinsei1 - INFO - Collected 20 forms
[ 2024-04-25 23:20:22,771 ] 91 luthien5921+shinsei1 - INFO - Collected 20 forms
[ 2024-04-25 23:20:22,771 ] 91 luthien5921+shinsei1 - INFO - Collected 20 forms
[ 2024-04-25 23:20:24,777 ] 91 luthien5921+shinsei1 - INFO - Number of filtered forms left is: 0 form(s)
[ 2024-04-25 23:20:24,777 ] 91 luthien5921+shinsei1 - INFO - Number of filtered forms left is: 0 form(s)
[ 2024-04-25 23:20:24,777 ] 91 luthien5921+shinsei1 - INFO - Number of filtered forms left is: 0 form(s)
[ 2024-04-25 23:20:24,777 ] 91 luthien5921+shinsei1 - ERROR - No form found
[ 2024-04-25 23:20:24,777 ] 91 luthien5921+shinsei1 - ERROR - No form found
[ 2024-04-25 23:20:24,777 ] 91 luthien5921+shinsei1 - ERROR - No form found
[ 2024-04-25 23:20:27,978 ] 91 luthien5921+shinsei1 - INFO - Collected 20 forms
[ 2024-04-25 23:20:27,978 ] 91 luthien5921+shinsei1 - INFO - Collected 20 forms
[ 2024-04-25 23:20:27,978 ] 91 luthien5921+shinsei1 - INFO - Collected 20 forms
[ 2024-04-25 23:20:29,368 ] 91 luthien5921+shinsei1 - INFO - Number of filtered forms left is: 0 form(s)
[ 2024-04-25 23:20:29,368 ] 91 luthien5921+shinsei1 - INFO - Number of filtered forms left is: 0 form(s)
[ 2024-04-25 23:20:29,368 ] 91 luthien5921+shinsei1 - INFO - Number of filtered forms left is: 0 form(s)
[ 2024-04-25 23:20:29,369 ] 91 luthien5921+shinsei1 - ERROR - No form found
[ 2024-04-25 23:20:29,369 ] 91 luthien5921+shinsei1 - ERROR - No form found
[ 2024-04-25 23:20:29,369 ] 91 luthien5921+shinsei1 - ERROR - No form found
[ 2024-04-25 23:20:32,244 ] 91 luthien5921+shinsei1 - INFO - Collected 20 forms
[ 2024-04-25 23:20:32,244 ] 91 luthien5921+shinsei1 - INFO - Collected 20 forms
[ 2024-04-25 23:20:32,244 ] 91 luthien5921+shinsei1 - INFO - Collected 20 forms
[ 2024-04-25 23:20:33,794 ] 91 luthien5921+shinsei1 - INFO - Number of filtered forms left is: 0 form(s)
[ 2024-04-25 23:20:33,794 ] 91 luthien5921+shinsei1 - INFO - Number of filtered forms left is: 0 form(s)
[ 2024-04-25 23:20:33,794 ] 91 luthien5921+shinsei1 - INFO - Number of filtered forms left is: 0 form(s)
[ 2024-04-25 23:20:33,795 ] 91 luthien5921+shinsei1 - ERROR - No form found
[ 2024-04-25 23:20:33,795 ] 91 luthien5921+shinsei1 - ERROR - No form found
[ 2024-04-25 23:20:33,795 ] 91 luthien5921+shinsei1 - ERROR - No form found
[ 2024-04-25 23:20:36,777 ] 91 luthien5921+shinsei1 - INFO - Collected 20 forms
[ 2024-04-25 23:20:36,777 ] 91 luthien5921+shinsei1 - INFO - Collected 20 forms
[ 2024-04-25 23:20:36,777 ] 91 luthien5921+shinsei1 - INFO - Collected 20 forms
[ 2024-04-25 23:20:37,461 ] 91 luthien5921+shinsei1 - INFO - Number of filtered forms left is: 0 form(s)
[ 2024-04-25 23:20:37,461 ] 91 luthien5921+shinsei1 - INFO - Number of filtered forms left is: 0 form(s)
[ 2024-04-25 23:20:37,461 ] 91 luthien5921+shinsei1 - INFO - Number of filtered forms left is: 0 form(s)
[ 2024-04-25 23:20:37,461 ] 91 luthien5921+shinsei1 - ERROR - No form found
[ 2024-04-25 23:20:37,461 ] 91 luthien5921+shinsei1 - ERROR - No form found
[ 2024-04-25 23:20:37,461 ] 91 luthien5921+shinsei1 - ERROR - No form found
