[ 2024-04-25 23:20:13,500 ] 91 luthien5921 - INFO - Opened login page
[ 2024-04-25 23:20:13,500 ] 91 luthien5921 - INFO - Opened login page
[ 2024-04-25 23:20:13,500 ] 91 luthien5921 - INFO - Opened login page
[ 2024-04-25 23:20:19,752 ] 91 luthien5921 - INFO - Logging in
[ 2024-04-25 23:20:19,752 ] 91 luthien5921 - INFO - Logging in
[ 2024-04-25 23:20:19,752 ] 91 luthien5921 - INFO - Logging in
[ 2024-04-25 23:20:19,793 ] 91 luthien5921 - INFO - Current url: https://www.shinsei.e-aichi.jp/pref-aichi-police-u/offer/offerList_initDisplay
[ 2024-04-25 23:20:19,793 ] 91 luthien5921 - INFO - Current url: https://www.shinsei.e-aichi.jp/pref-aichi-police-u/offer/offerList_initDisplay
[ 2024-04-25 23:20:19,793 ] 91 luthien5921 - INFO - Current url: https://www.shinsei.e-aichi.jp/pref-aichi-police-u/offer/offerList_initDisplay
[ 2024-04-25 23:20:20,108 ] 91 luthien5921 - INFO - Logged in finished
[ 2024-04-25 23:20:20,108 ] 91 luthien5921 - INFO - Logged in finished
[ 2024-04-25 23:20:20,108 ] 91 luthien5921 - INFO - Logged in finished
[ 2024-04-25 23:20:20,488 ] 91 luthien5921 - INFO - On main page
[ 2024-04-25 23:20:20,488 ] 91 luthien5921 - INFO - On main page
[ 2024-04-25 23:20:20,488 ] 91 luthien5921 - INFO - On main page
[ 2024-04-25 23:20:22,257 ] 91 luthien5921 - INFO - Search submitted
[ 2024-04-25 23:20:22,257 ] 91 luthien5921 - INFO - Search submitted
[ 2024-04-25 23:20:22,257 ] 91 luthien5921 - INFO - Search submitted
[ 2024-04-25 23:20:22,344 ] 91 luthien5921 - INFO - Collected 20 forms
[ 2024-04-25 23:20:22,344 ] 91 luthien5921 - INFO - Collected 20 forms
[ 2024-04-25 23:20:22,344 ] 91 luthien5921 - INFO - Collected 20 forms
[ 2024-04-25 23:20:24,441 ] 91 luthien5921 - INFO - Number of filtered forms left is: 0 form(s)
[ 2024-04-25 23:20:24,441 ] 91 luthien5921 - INFO - Number of filtered forms left is: 0 form(s)
[ 2024-04-25 23:20:24,441 ] 91 luthien5921 - INFO - Number of filtered forms left is: 0 form(s)
[ 2024-04-25 23:20:24,443 ] 91 luthien5921 - ERROR - No form found
[ 2024-04-25 23:20:24,443 ] 91 luthien5921 - ERROR - No form found
[ 2024-04-25 23:20:24,443 ] 91 luthien5921 - ERROR - No form found
[ 2024-04-25 23:20:26,521 ] 91 luthien5921 - INFO - Collected 20 forms
[ 2024-04-25 23:20:26,521 ] 91 luthien5921 - INFO - Collected 20 forms
[ 2024-04-25 23:20:26,521 ] 91 luthien5921 - INFO - Collected 20 forms
[ 2024-04-25 23:20:27,827 ] 91 luthien5921 - INFO - Number of filtered forms left is: 0 form(s)
[ 2024-04-25 23:20:27,827 ] 91 luthien5921 - INFO - Number of filtered forms left is: 0 form(s)
[ 2024-04-25 23:20:27,827 ] 91 luthien5921 - INFO - Number of filtered forms left is: 0 form(s)
[ 2024-04-25 23:20:27,829 ] 91 luthien5921 - ERROR - No form found
[ 2024-04-25 23:20:27,829 ] 91 luthien5921 - ERROR - No form found
[ 2024-04-25 23:20:27,829 ] 91 luthien5921 - ERROR - No form found
[ 2024-04-25 23:20:30,724 ] 91 luthien5921 - INFO - Collected 20 forms
[ 2024-04-25 23:20:30,724 ] 91 luthien5921 - INFO - Collected 20 forms
[ 2024-04-25 23:20:30,724 ] 91 luthien5921 - INFO - Collected 20 forms
[ 2024-04-25 23:20:32,375 ] 91 luthien5921 - INFO - Number of filtered forms left is: 0 form(s)
[ 2024-04-25 23:20:32,375 ] 91 luthien5921 - INFO - Number of filtered forms left is: 0 form(s)
[ 2024-04-25 23:20:32,375 ] 91 luthien5921 - INFO - Number of filtered forms left is: 0 form(s)
[ 2024-04-25 23:20:32,376 ] 91 luthien5921 - ERROR - No form found
[ 2024-04-25 23:20:32,376 ] 91 luthien5921 - ERROR - No form found
[ 2024-04-25 23:20:32,376 ] 91 luthien5921 - ERROR - No form found
[ 2024-04-25 23:20:35,067 ] 91 luthien5921 - INFO - Collected 20 forms
[ 2024-04-25 23:20:35,067 ] 91 luthien5921 - INFO - Collected 20 forms
[ 2024-04-25 23:20:35,067 ] 91 luthien5921 - INFO - Collected 20 forms
[ 2024-04-25 23:20:36,705 ] 91 luthien5921 - INFO - Number of filtered forms left is: 0 form(s)
[ 2024-04-25 23:20:36,705 ] 91 luthien5921 - INFO - Number of filtered forms left is: 0 form(s)
[ 2024-04-25 23:20:36,705 ] 91 luthien5921 - INFO - Number of filtered forms left is: 0 form(s)
[ 2024-04-25 23:20:36,708 ] 91 luthien5921 - ERROR - No form found
[ 2024-04-25 23:20:36,708 ] 91 luthien5921 - ERROR - No form found
[ 2024-04-25 23:20:36,708 ] 91 luthien5921 - ERROR - No form found
