[ 2024-04-25 23:20:20,319 ] 91 luthien5921+shinsei2 - INFO - Opened login page
[ 2024-04-25 23:20:20,319 ] 91 luthien5921+shinsei2 - INFO - Opened login page
[ 2024-04-25 23:20:20,319 ] 91 luthien5921+shinsei2 - INFO - Opened login page
[ 2024-04-25 23:20:26,959 ] 91 luthien5921+shinsei2 - INFO - Logging in
[ 2024-04-25 23:20:26,959 ] 91 luthien5921+shinsei2 - INFO - Logging in
[ 2024-04-25 23:20:26,959 ] 91 luthien5921+shinsei2 - INFO - Logging in
[ 2024-04-25 23:20:26,981 ] 91 luthien5921+shinsei2 - INFO - Current url: https://www.shinsei.e-aichi.jp/pref-aichi-police-u/offer/offerList_initDisplay
[ 2024-04-25 23:20:26,981 ] 91 luthien5921+shinsei2 - INFO - Current url: https://www.shinsei.e-aichi.jp/pref-aichi-police-u/offer/offerList_initDisplay
[ 2024-04-25 23:20:26,981 ] 91 luthien5921+shinsei2 - INFO - Current url: https://www.shinsei.e-aichi.jp/pref-aichi-police-u/offer/offerList_initDisplay
[ 2024-04-25 23:20:27,303 ] 91 luthien5921+shinsei2 - INFO - Logged in finished
[ 2024-04-25 23:20:27,303 ] 91 luthien5921+shinsei2 - INFO - Logged in finished
[ 2024-04-25 23:20:27,303 ] 91 luthien5921+shinsei2 - INFO - Logged in finished
[ 2024-04-25 23:20:27,684 ] 91 luthien5921+shinsei2 - INFO - On main page
[ 2024-04-25 23:20:27,684 ] 91 luthien5921+shinsei2 - INFO - On main page
[ 2024-04-25 23:20:27,684 ] 91 luthien5921+shinsei2 - INFO - On main page
[ 2024-04-25 23:20:30,705 ] 91 luthien5921+shinsei2 - INFO - Search submitted
[ 2024-04-25 23:20:30,705 ] 91 luthien5921+shinsei2 - INFO - Search submitted
[ 2024-04-25 23:20:30,705 ] 91 luthien5921+shinsei2 - INFO - Search submitted
[ 2024-04-25 23:20:30,736 ] 91 luthien5921+shinsei2 - INFO - Collected 20 forms
[ 2024-04-25 23:20:30,736 ] 91 luthien5921+shinsei2 - INFO - Collected 20 forms
[ 2024-04-25 23:20:30,736 ] 91 luthien5921+shinsei2 - INFO - Collected 20 forms
[ 2024-04-25 23:20:32,447 ] 91 luthien5921+shinsei2 - INFO - Number of filtered forms left is: 0 form(s)
[ 2024-04-25 23:20:32,447 ] 91 luthien5921+shinsei2 - INFO - Number of filtered forms left is: 0 form(s)
[ 2024-04-25 23:20:32,447 ] 91 luthien5921+shinsei2 - INFO - Number of filtered forms left is: 0 form(s)
[ 2024-04-25 23:20:32,449 ] 91 luthien5921+shinsei2 - ERROR - No form found
[ 2024-04-25 23:20:32,449 ] 91 luthien5921+shinsei2 - ERROR - No form found
[ 2024-04-25 23:20:32,449 ] 91 luthien5921+shinsei2 - ERROR - No form found
[ 2024-04-25 23:20:35,393 ] 91 luthien5921+shinsei2 - INFO - Collected 20 forms
[ 2024-04-25 23:20:35,393 ] 91 luthien5921+shinsei2 - INFO - Collected 20 forms
[ 2024-04-25 23:20:35,393 ] 91 luthien5921+shinsei2 - INFO - Collected 20 forms
[ 2024-04-25 23:20:37,046 ] 91 luthien5921+shinsei2 - INFO - Number of filtered forms left is: 0 form(s)
[ 2024-04-25 23:20:37,046 ] 91 luthien5921+shinsei2 - INFO - Number of filtered forms left is: 0 form(s)
[ 2024-04-25 23:20:37,046 ] 91 luthien5921+shinsei2 - INFO - Number of filtered forms left is: 0 form(s)
[ 2024-04-25 23:20:37,047 ] 91 luthien5921+shinsei2 - ERROR - No form found
[ 2024-04-25 23:20:37,047 ] 91 luthien5921+shinsei2 - ERROR - No form found
[ 2024-04-25 23:20:37,047 ] 91 luthien5921+shinsei2 - ERROR - No form found
