[ 2024-04-25 23:20:01,076 ] 91 root - INFO - Starting all threads
[ 2024-04-25 23:20:01,076 ] 91 root - INFO - Starting all threads
[ 2024-04-25 23:20:01,076 ] 91 root - INFO - Meta: {'__module__': 'src.globals', '__doc__': '        Meta configs        ', 'keyword': 'Hirabari', 'test_mode': False, 'debug_mode': True, 'onlyday': True, 'max_num_retry': 5, 'default_num_threads': 3, 'display_number': 50, 'main_phone_number_dash': '080-1583-0891', 'uc': True, 'headless': False, 'timeout': 900, '__dict__': <attribute '__dict__' of 'Meta' objects>, '__weakref__': <attribute '__weakref__' of 'Meta' objects>}
[ 2024-04-25 23:20:01,076 ] 91 root - INFO - Meta: {'__module__': 'src.globals', '__doc__': '        Meta configs        ', 'keyword': 'Hirabari', 'test_mode': False, 'debug_mode': True, 'onlyday': True, 'max_num_retry': 5, 'default_num_threads': 3, 'display_number': 50, 'main_phone_number_dash': '080-1583-0891', 'uc': True, 'headless': False, 'timeout': 900, '__dict__': <attribute '__dict__' of 'Meta' objects>, '__weakref__': <attribute '__weakref__' of 'Meta' objects>}
[ 2024-04-25 23:20:01,077 ] 91 root - INFO - Number of dev accounts: 0
[ 2024-04-25 23:20:01,077 ] 91 root - INFO - Number of dev accounts: 0
[ 2024-04-25 23:20:01,077 ] 91 root - INFO - Test mode: False
[ 2024-04-25 23:20:01,077 ] 91 root - INFO - Test mode: False
[ 2024-04-25 23:20:01,080 ] 91 main_controller - INFO - Subprocess 0 started with trial number 0
[ 2024-04-25 23:20:01,081 ] 91 main_controller - ERROR - Account is a dictionary, convert to Account object: Username: luthien5921@gmail.com, Password: aichi@5921
[ 2024-04-25 23:20:03,092 ] 91 root - INFO - Thread 0 started
[ 2024-04-25 23:20:03,092 ] 91 root - INFO - Thread 0 started
[ 2024-04-25 23:20:03,095 ] 91 main_controller - INFO - Subprocess 1 started with trial number 0
[ 2024-04-25 23:20:03,095 ] 91 main_controller - ERROR - Account is a dictionary, convert to Account object: Username: luthien5921+shinsei1@gmail.com, Password: aichi@5921
[ 2024-04-25 23:20:04,244 ] 91 main_controller - INFO - Browser opened
[ 2024-04-25 23:20:05,150 ] 91 root - INFO - Thread 1 started
[ 2024-04-25 23:20:05,150 ] 91 root - INFO - Thread 1 started
[ 2024-04-25 23:20:05,178 ] 91 main_controller - INFO - Subprocess 2 started with trial number 0
[ 2024-04-25 23:20:05,180 ] 91 main_controller - ERROR - Account is a dictionary, convert to Account object: Username: luthien5921+shinsei2@gmail.com, Password: aichi@5921
[ 2024-04-25 23:20:05,430 ] 91 main_controller - INFO - Browser opened
[ 2024-04-25 23:20:07,194 ] 91 root - INFO - Thread 2 started
[ 2024-04-25 23:20:07,194 ] 91 root - INFO - Thread 2 started
[ 2024-04-25 23:20:12,171 ] 91 main_controller - INFO - Browser opened
[ 2024-04-25 23:20:13,500 ] 91 luthien5921 - INFO - Opened login page
[ 2024-04-25 23:20:15,454 ] 91 luthien5921+shinsei1 - INFO - Opened login page
[ 2024-04-25 23:20:19,752 ] 91 luthien5921 - INFO - Logging in
[ 2024-04-25 23:20:19,793 ] 91 luthien5921 - INFO - Current url: https://www.shinsei.e-aichi.jp/pref-aichi-police-u/offer/offerList_initDisplay
[ 2024-04-25 23:20:20,098 ] 91 luthien5921+shinsei1 - INFO - Logging in
[ 2024-04-25 23:20:20,108 ] 91 luthien5921 - INFO - Logged in finished
[ 2024-04-25 23:20:20,106 ] 91 luthien5921+shinsei1 - INFO - Current url: https://www.shinsei.e-aichi.jp/pref-aichi-police-u/offer/offerList_initDisplay
[ 2024-04-25 23:20:20,108 ] 91 main_controller - INFO - Logged in successfully
[ 2024-04-25 23:20:20,319 ] 91 luthien5921+shinsei2 - INFO - Opened login page
[ 2024-04-25 23:20:20,423 ] 91 luthien5921+shinsei1 - INFO - Logged in finished
[ 2024-04-25 23:20:20,423 ] 91 main_controller - INFO - Logged in successfully
[ 2024-04-25 23:20:20,468 ] 91 main_controller - INFO - Screenshot saved to C:\Users\USER\Projects\AichiTool\AichiSelenium\logs\2024_04_25\23_20_00\screenshot_luthien5921.png
[ 2024-04-25 23:20:20,472 ] 91 main_controller - INFO - Finding forms
[ 2024-04-25 23:20:20,488 ] 91 luthien5921 - INFO - On main page
[ 2024-04-25 23:20:20,783 ] 91 main_controller - INFO - Screenshot saved to C:\Users\USER\Projects\AichiTool\AichiSelenium\logs\2024_04_25\23_20_00\screenshot_luthien5921+shinsei1.png
[ 2024-04-25 23:20:20,785 ] 91 main_controller - INFO - Finding forms
[ 2024-04-25 23:20:20,797 ] 91 luthien5921+shinsei1 - INFO - On main page
[ 2024-04-25 23:20:22,257 ] 91 luthien5921 - INFO - Search submitted
[ 2024-04-25 23:20:22,344 ] 91 luthien5921 - INFO - Collected 20 forms
[ 2024-04-25 23:20:22,666 ] 91 luthien5921+shinsei1 - INFO - Search submitted
[ 2024-04-25 23:20:22,771 ] 91 luthien5921+shinsei1 - INFO - Collected 20 forms
[ 2024-04-25 23:20:24,441 ] 91 luthien5921 - INFO - Number of filtered forms left is: 0 form(s)
[ 2024-04-25 23:20:24,443 ] 91 luthien5921 - ERROR - No form found
[ 2024-04-25 23:20:24,777 ] 91 luthien5921+shinsei1 - INFO - Number of filtered forms left is: 0 form(s)
[ 2024-04-25 23:20:24,777 ] 91 luthien5921+shinsei1 - ERROR - No form found
[ 2024-04-25 23:20:26,521 ] 91 luthien5921 - INFO - Collected 20 forms
[ 2024-04-25 23:20:26,959 ] 91 luthien5921+shinsei2 - INFO - Logging in
[ 2024-04-25 23:20:26,981 ] 91 luthien5921+shinsei2 - INFO - Current url: https://www.shinsei.e-aichi.jp/pref-aichi-police-u/offer/offerList_initDisplay
[ 2024-04-25 23:20:27,303 ] 91 luthien5921+shinsei2 - INFO - Logged in finished
[ 2024-04-25 23:20:27,304 ] 91 main_controller - INFO - Logged in successfully
[ 2024-04-25 23:20:27,660 ] 91 main_controller - INFO - Screenshot saved to C:\Users\USER\Projects\AichiTool\AichiSelenium\logs\2024_04_25\23_20_00\screenshot_luthien5921+shinsei2.png
[ 2024-04-25 23:20:27,662 ] 91 main_controller - INFO - Finding forms
[ 2024-04-25 23:20:27,684 ] 91 luthien5921+shinsei2 - INFO - On main page
[ 2024-04-25 23:20:27,827 ] 91 luthien5921 - INFO - Number of filtered forms left is: 0 form(s)
[ 2024-04-25 23:20:27,829 ] 91 luthien5921 - ERROR - No form found
[ 2024-04-25 23:20:27,978 ] 91 luthien5921+shinsei1 - INFO - Collected 20 forms
[ 2024-04-25 23:20:29,368 ] 91 luthien5921+shinsei1 - INFO - Number of filtered forms left is: 0 form(s)
[ 2024-04-25 23:20:29,369 ] 91 luthien5921+shinsei1 - ERROR - No form found
[ 2024-04-25 23:20:30,705 ] 91 luthien5921+shinsei2 - INFO - Search submitted
[ 2024-04-25 23:20:30,724 ] 91 luthien5921 - INFO - Collected 20 forms
[ 2024-04-25 23:20:30,736 ] 91 luthien5921+shinsei2 - INFO - Collected 20 forms
[ 2024-04-25 23:20:32,244 ] 91 luthien5921+shinsei1 - INFO - Collected 20 forms
[ 2024-04-25 23:20:32,375 ] 91 luthien5921 - INFO - Number of filtered forms left is: 0 form(s)
[ 2024-04-25 23:20:32,376 ] 91 luthien5921 - ERROR - No form found
[ 2024-04-25 23:20:32,447 ] 91 luthien5921+shinsei2 - INFO - Number of filtered forms left is: 0 form(s)
[ 2024-04-25 23:20:32,449 ] 91 luthien5921+shinsei2 - ERROR - No form found
[ 2024-04-25 23:20:33,794 ] 91 luthien5921+shinsei1 - INFO - Number of filtered forms left is: 0 form(s)
[ 2024-04-25 23:20:33,795 ] 91 luthien5921+shinsei1 - ERROR - No form found
[ 2024-04-25 23:20:35,067 ] 91 luthien5921 - INFO - Collected 20 forms
[ 2024-04-25 23:20:35,393 ] 91 luthien5921+shinsei2 - INFO - Collected 20 forms
[ 2024-04-25 23:20:36,705 ] 91 luthien5921 - INFO - Number of filtered forms left is: 0 form(s)
[ 2024-04-25 23:20:36,708 ] 91 luthien5921 - ERROR - No form found
[ 2024-04-25 23:20:36,777 ] 91 luthien5921+shinsei1 - INFO - Collected 20 forms
[ 2024-04-25 23:20:37,046 ] 91 luthien5921+shinsei2 - INFO - Number of filtered forms left is: 0 form(s)
[ 2024-04-25 23:20:37,047 ] 91 luthien5921+shinsei2 - ERROR - No form found
[ 2024-04-25 23:20:37,461 ] 91 luthien5921+shinsei1 - INFO - Number of filtered forms left is: 0 form(s)
[ 2024-04-25 23:20:37,461 ] 91 luthien5921+shinsei1 - ERROR - No form found
