[ 2024-04-29 22:35:32,978 ] 91 benemmai380 - INFO - Opened login page
[ 2024-04-29 22:35:32,978 ] 91 benemmai380 - INFO - Opened login page
[ 2024-04-29 22:35:32,978 ] 91 benemmai380 - INFO - Opened login page
[ 2024-04-29 22:35:36,843 ] 91 benemmai380 - INFO - Logging in
[ 2024-04-29 22:35:36,843 ] 91 benemmai380 - INFO - Logging in
[ 2024-04-29 22:35:36,843 ] 91 benemmai380 - INFO - Logging in
[ 2024-04-29 22:35:36,845 ] 91 benemmai380 - INFO - Current url: https://www.shinsei.e-aichi.jp/pref-aichi-police-u/offer/offerList_initDisplay
[ 2024-04-29 22:35:36,845 ] 91 benemmai380 - INFO - Current url: https://www.shinsei.e-aichi.jp/pref-aichi-police-u/offer/offerList_initDisplay
[ 2024-04-29 22:35:36,845 ] 91 benemmai380 - INFO - Current url: https://www.shinsei.e-aichi.jp/pref-aichi-police-u/offer/offerList_initDisplay
[ 2024-04-29 22:35:37,149 ] 91 benemmai380 - INFO - Logged in finished
[ 2024-04-29 22:35:37,149 ] 91 benemmai380 - INFO - Logged in finished
[ 2024-04-29 22:35:37,149 ] 91 benemmai380 - INFO - Logged in finished
[ 2024-04-29 22:35:37,264 ] 91 benemmai380 - INFO - On main page
[ 2024-04-29 22:35:37,264 ] 91 benemmai380 - INFO - On main page
[ 2024-04-29 22:35:37,264 ] 91 benemmai380 - INFO - On main page
[ 2024-04-29 22:35:38,718 ] 91 benemmai380 - INFO - Search submitted
[ 2024-04-29 22:35:38,718 ] 91 benemmai380 - INFO - Search submitted
[ 2024-04-29 22:35:38,718 ] 91 benemmai380 - INFO - Search submitted
[ 2024-04-29 22:35:38,731 ] 91 benemmai380 - INFO - Collected 20 forms
[ 2024-04-29 22:35:38,731 ] 91 benemmai380 - INFO - Collected 20 forms
[ 2024-04-29 22:35:38,731 ] 91 benemmai380 - INFO - Collected 20 forms
[ 2024-04-29 22:35:39,017 ] 91 benemmai380 - INFO - Number of filtered forms left is: 0 form(s)
[ 2024-04-29 22:35:39,017 ] 91 benemmai380 - INFO - Number of filtered forms left is: 0 form(s)
[ 2024-04-29 22:35:39,017 ] 91 benemmai380 - INFO - Number of filtered forms left is: 0 form(s)
[ 2024-04-29 22:35:39,017 ] 91 benemmai380 - ERROR - No form found
[ 2024-04-29 22:35:39,017 ] 91 benemmai380 - ERROR - No form found
[ 2024-04-29 22:35:39,017 ] 91 benemmai380 - ERROR - No form found
[ 2024-04-29 22:35:41,654 ] 91 benemmai380 - INFO - Collected 20 forms
[ 2024-04-29 22:35:41,654 ] 91 benemmai380 - INFO - Collected 20 forms
[ 2024-04-29 22:35:41,654 ] 91 benemmai380 - INFO - Collected 20 forms
[ 2024-04-29 22:35:41,896 ] 91 benemmai380 - INFO - Number of filtered forms left is: 0 form(s)
[ 2024-04-29 22:35:41,896 ] 91 benemmai380 - INFO - Number of filtered forms left is: 0 form(s)
[ 2024-04-29 22:35:41,896 ] 91 benemmai380 - INFO - Number of filtered forms left is: 0 form(s)
[ 2024-04-29 22:35:41,896 ] 91 benemmai380 - ERROR - No form found
[ 2024-04-29 22:35:41,896 ] 91 benemmai380 - ERROR - No form found
[ 2024-04-29 22:35:41,896 ] 91 benemmai380 - ERROR - No form found
[ 2024-04-29 22:35:44,221 ] 91 benemmai380 - INFO - Collected 20 forms
[ 2024-04-29 22:35:44,221 ] 91 benemmai380 - INFO - Collected 20 forms
[ 2024-04-29 22:35:44,221 ] 91 benemmai380 - INFO - Collected 20 forms
[ 2024-04-29 22:35:44,466 ] 91 benemmai380 - INFO - Number of filtered forms left is: 0 form(s)
[ 2024-04-29 22:35:44,466 ] 91 benemmai380 - INFO - Number of filtered forms left is: 0 form(s)
[ 2024-04-29 22:35:44,466 ] 91 benemmai380 - INFO - Number of filtered forms left is: 0 form(s)
[ 2024-04-29 22:35:44,467 ] 91 benemmai380 - ERROR - No form found
[ 2024-04-29 22:35:44,467 ] 91 benemmai380 - ERROR - No form found
[ 2024-04-29 22:35:44,467 ] 91 benemmai380 - ERROR - No form found
[ 2024-04-29 22:35:46,716 ] 91 benemmai380 - INFO - Collected 20 forms
[ 2024-04-29 22:35:46,716 ] 91 benemmai380 - INFO - Collected 20 forms
[ 2024-04-29 22:35:46,716 ] 91 benemmai380 - INFO - Collected 20 forms
[ 2024-04-29 22:35:46,968 ] 91 benemmai380 - INFO - Number of filtered forms left is: 0 form(s)
[ 2024-04-29 22:35:46,968 ] 91 benemmai380 - INFO - Number of filtered forms left is: 0 form(s)
[ 2024-04-29 22:35:46,968 ] 91 benemmai380 - INFO - Number of filtered forms left is: 0 form(s)
[ 2024-04-29 22:35:46,969 ] 91 benemmai380 - ERROR - No form found
[ 2024-04-29 22:35:46,969 ] 91 benemmai380 - ERROR - No form found
[ 2024-04-29 22:35:46,969 ] 91 benemmai380 - ERROR - No form found
[ 2024-04-29 22:35:49,282 ] 91 benemmai380 - INFO - Collected 20 forms
[ 2024-04-29 22:35:49,282 ] 91 benemmai380 - INFO - Collected 20 forms
[ 2024-04-29 22:35:49,282 ] 91 benemmai380 - INFO - Collected 20 forms
[ 2024-04-29 22:35:49,525 ] 91 benemmai380 - INFO - Number of filtered forms left is: 0 form(s)
[ 2024-04-29 22:35:49,525 ] 91 benemmai380 - INFO - Number of filtered forms left is: 0 form(s)
[ 2024-04-29 22:35:49,525 ] 91 benemmai380 - INFO - Number of filtered forms left is: 0 form(s)
[ 2024-04-29 22:35:49,525 ] 91 benemmai380 - ERROR - No form found
[ 2024-04-29 22:35:49,525 ] 91 benemmai380 - ERROR - No form found
[ 2024-04-29 22:35:49,525 ] 91 benemmai380 - ERROR - No form found
[ 2024-04-29 22:35:51,878 ] 91 benemmai380 - INFO - Collected 20 forms
[ 2024-04-29 22:35:51,878 ] 91 benemmai380 - INFO - Collected 20 forms
[ 2024-04-29 22:35:51,878 ] 91 benemmai380 - INFO - Collected 20 forms
[ 2024-04-29 22:35:52,254 ] 91 benemmai380 - INFO - Number of filtered forms left is: 0 form(s)
[ 2024-04-29 22:35:52,254 ] 91 benemmai380 - INFO - Number of filtered forms left is: 0 form(s)
[ 2024-04-29 22:35:52,254 ] 91 benemmai380 - INFO - Number of filtered forms left is: 0 form(s)
[ 2024-04-29 22:35:52,254 ] 91 benemmai380 - ERROR - No form found
[ 2024-04-29 22:35:52,254 ] 91 benemmai380 - ERROR - No form found
[ 2024-04-29 22:35:52,254 ] 91 benemmai380 - ERROR - No form found
[ 2024-04-29 22:35:54,728 ] 91 benemmai380 - INFO - Collected 20 forms
[ 2024-04-29 22:35:54,728 ] 91 benemmai380 - INFO - Collected 20 forms
[ 2024-04-29 22:35:54,728 ] 91 benemmai380 - INFO - Collected 20 forms
[ 2024-04-29 22:35:55,065 ] 91 benemmai380 - INFO - Number of filtered forms left is: 0 form(s)
[ 2024-04-29 22:35:55,065 ] 91 benemmai380 - INFO - Number of filtered forms left is: 0 form(s)
[ 2024-04-29 22:35:55,065 ] 91 benemmai380 - INFO - Number of filtered forms left is: 0 form(s)
[ 2024-04-29 22:35:55,065 ] 91 benemmai380 - ERROR - No form found
[ 2024-04-29 22:35:55,065 ] 91 benemmai380 - ERROR - No form found
[ 2024-04-29 22:35:55,065 ] 91 benemmai380 - ERROR - No form found
[ 2024-04-29 22:35:57,753 ] 91 benemmai380 - INFO - Collected 20 forms
[ 2024-04-29 22:35:57,753 ] 91 benemmai380 - INFO - Collected 20 forms
[ 2024-04-29 22:35:57,753 ] 91 benemmai380 - INFO - Collected 20 forms
[ 2024-04-29 22:35:58,032 ] 91 benemmai380 - INFO - Number of filtered forms left is: 0 form(s)
[ 2024-04-29 22:35:58,032 ] 91 benemmai380 - INFO - Number of filtered forms left is: 0 form(s)
[ 2024-04-29 22:35:58,032 ] 91 benemmai380 - INFO - Number of filtered forms left is: 0 form(s)
[ 2024-04-29 22:35:58,033 ] 91 benemmai380 - ERROR - No form found
[ 2024-04-29 22:35:58,033 ] 91 benemmai380 - ERROR - No form found
[ 2024-04-29 22:35:58,033 ] 91 benemmai380 - ERROR - No form found
