[ 2024-04-29 22:35:31,838 ] 91 ble79037 - INFO - Opened login page
[ 2024-04-29 22:35:31,838 ] 91 ble79037 - INFO - Opened login page
[ 2024-04-29 22:35:31,838 ] 91 ble79037 - INFO - Opened login page
[ 2024-04-29 22:35:36,763 ] 91 ble79037 - INFO - Logging in
[ 2024-04-29 22:35:36,763 ] 91 ble79037 - INFO - Logging in
[ 2024-04-29 22:35:36,763 ] 91 ble79037 - INFO - Logging in
[ 2024-04-29 22:35:36,766 ] 91 ble79037 - INFO - Current url: https://www.shinsei.e-aichi.jp/pref-aichi-police-u/offer/offerList_initDisplay
[ 2024-04-29 22:35:36,766 ] 91 ble79037 - INFO - Current url: https://www.shinsei.e-aichi.jp/pref-aichi-police-u/offer/offerList_initDisplay
[ 2024-04-29 22:35:36,766 ] 91 ble79037 - INFO - Current url: https://www.shinsei.e-aichi.jp/pref-aichi-police-u/offer/offerList_initDisplay
[ 2024-04-29 22:35:37,072 ] 91 ble79037 - INFO - Logged in finished
[ 2024-04-29 22:35:37,072 ] 91 ble79037 - INFO - Logged in finished
[ 2024-04-29 22:35:37,072 ] 91 ble79037 - INFO - Logged in finished
[ 2024-04-29 22:35:37,215 ] 91 ble79037 - INFO - On main page
[ 2024-04-29 22:35:37,215 ] 91 ble79037 - INFO - On main page
[ 2024-04-29 22:35:37,215 ] 91 ble79037 - INFO - On main page
[ 2024-04-29 22:35:38,956 ] 91 ble79037 - INFO - Search submitted
[ 2024-04-29 22:35:38,956 ] 91 ble79037 - INFO - Search submitted
[ 2024-04-29 22:35:38,956 ] 91 ble79037 - INFO - Search submitted
[ 2024-04-29 22:35:38,969 ] 91 ble79037 - INFO - Collected 20 forms
[ 2024-04-29 22:35:38,969 ] 91 ble79037 - INFO - Collected 20 forms
[ 2024-04-29 22:35:38,969 ] 91 ble79037 - INFO - Collected 20 forms
[ 2024-04-29 22:35:39,255 ] 91 ble79037 - INFO - Number of filtered forms left is: 0 form(s)
[ 2024-04-29 22:35:39,255 ] 91 ble79037 - INFO - Number of filtered forms left is: 0 form(s)
[ 2024-04-29 22:35:39,255 ] 91 ble79037 - INFO - Number of filtered forms left is: 0 form(s)
[ 2024-04-29 22:35:39,255 ] 91 ble79037 - ERROR - No form found
[ 2024-04-29 22:35:39,255 ] 91 ble79037 - ERROR - No form found
[ 2024-04-29 22:35:39,255 ] 91 ble79037 - ERROR - No form found
[ 2024-04-29 22:35:41,409 ] 91 ble79037 - INFO - Collected 20 forms
[ 2024-04-29 22:35:41,409 ] 91 ble79037 - INFO - Collected 20 forms
[ 2024-04-29 22:35:41,409 ] 91 ble79037 - INFO - Collected 20 forms
[ 2024-04-29 22:35:41,652 ] 91 ble79037 - INFO - Number of filtered forms left is: 0 form(s)
[ 2024-04-29 22:35:41,652 ] 91 ble79037 - INFO - Number of filtered forms left is: 0 form(s)
[ 2024-04-29 22:35:41,652 ] 91 ble79037 - INFO - Number of filtered forms left is: 0 form(s)
[ 2024-04-29 22:35:41,652 ] 91 ble79037 - ERROR - No form found
[ 2024-04-29 22:35:41,652 ] 91 ble79037 - ERROR - No form found
[ 2024-04-29 22:35:41,652 ] 91 ble79037 - ERROR - No form found
[ 2024-04-29 22:35:43,818 ] 91 ble79037 - INFO - Collected 20 forms
[ 2024-04-29 22:35:43,818 ] 91 ble79037 - INFO - Collected 20 forms
[ 2024-04-29 22:35:43,818 ] 91 ble79037 - INFO - Collected 20 forms
[ 2024-04-29 22:35:44,068 ] 91 ble79037 - INFO - Number of filtered forms left is: 0 form(s)
[ 2024-04-29 22:35:44,068 ] 91 ble79037 - INFO - Number of filtered forms left is: 0 form(s)
[ 2024-04-29 22:35:44,068 ] 91 ble79037 - INFO - Number of filtered forms left is: 0 form(s)
[ 2024-04-29 22:35:44,068 ] 91 ble79037 - ERROR - No form found
[ 2024-04-29 22:35:44,068 ] 91 ble79037 - ERROR - No form found
[ 2024-04-29 22:35:44,068 ] 91 ble79037 - ERROR - No form found
[ 2024-04-29 22:35:46,643 ] 91 ble79037 - INFO - Collected 20 forms
[ 2024-04-29 22:35:46,643 ] 91 ble79037 - INFO - Collected 20 forms
[ 2024-04-29 22:35:46,643 ] 91 ble79037 - INFO - Collected 20 forms
[ 2024-04-29 22:35:46,925 ] 91 ble79037 - INFO - Number of filtered forms left is: 0 form(s)
[ 2024-04-29 22:35:46,925 ] 91 ble79037 - INFO - Number of filtered forms left is: 0 form(s)
[ 2024-04-29 22:35:46,925 ] 91 ble79037 - INFO - Number of filtered forms left is: 0 form(s)
[ 2024-04-29 22:35:46,925 ] 91 ble79037 - ERROR - No form found
[ 2024-04-29 22:35:46,925 ] 91 ble79037 - ERROR - No form found
[ 2024-04-29 22:35:46,925 ] 91 ble79037 - ERROR - No form found
[ 2024-04-29 22:35:49,404 ] 91 ble79037 - INFO - Collected 20 forms
[ 2024-04-29 22:35:49,404 ] 91 ble79037 - INFO - Collected 20 forms
[ 2024-04-29 22:35:49,404 ] 91 ble79037 - INFO - Collected 20 forms
[ 2024-04-29 22:35:49,671 ] 91 ble79037 - INFO - Number of filtered forms left is: 0 form(s)
[ 2024-04-29 22:35:49,671 ] 91 ble79037 - INFO - Number of filtered forms left is: 0 form(s)
[ 2024-04-29 22:35:49,671 ] 91 ble79037 - INFO - Number of filtered forms left is: 0 form(s)
[ 2024-04-29 22:35:49,671 ] 91 ble79037 - ERROR - No form found
[ 2024-04-29 22:35:49,671 ] 91 ble79037 - ERROR - No form found
[ 2024-04-29 22:35:49,671 ] 91 ble79037 - ERROR - No form found
[ 2024-04-29 22:35:52,198 ] 91 ble79037 - INFO - Collected 20 forms
[ 2024-04-29 22:35:52,198 ] 91 ble79037 - INFO - Collected 20 forms
[ 2024-04-29 22:35:52,198 ] 91 ble79037 - INFO - Collected 20 forms
[ 2024-04-29 22:35:52,489 ] 91 ble79037 - INFO - Number of filtered forms left is: 0 form(s)
[ 2024-04-29 22:35:52,489 ] 91 ble79037 - INFO - Number of filtered forms left is: 0 form(s)
[ 2024-04-29 22:35:52,489 ] 91 ble79037 - INFO - Number of filtered forms left is: 0 form(s)
[ 2024-04-29 22:35:52,489 ] 91 ble79037 - ERROR - No form found
[ 2024-04-29 22:35:52,489 ] 91 ble79037 - ERROR - No form found
[ 2024-04-29 22:35:52,489 ] 91 ble79037 - ERROR - No form found
[ 2024-04-29 22:35:54,698 ] 91 ble79037 - INFO - Collected 20 forms
[ 2024-04-29 22:35:54,698 ] 91 ble79037 - INFO - Collected 20 forms
[ 2024-04-29 22:35:54,698 ] 91 ble79037 - INFO - Collected 20 forms
[ 2024-04-29 22:35:54,980 ] 91 ble79037 - INFO - Number of filtered forms left is: 0 form(s)
[ 2024-04-29 22:35:54,980 ] 91 ble79037 - INFO - Number of filtered forms left is: 0 form(s)
[ 2024-04-29 22:35:54,980 ] 91 ble79037 - INFO - Number of filtered forms left is: 0 form(s)
[ 2024-04-29 22:35:54,980 ] 91 ble79037 - ERROR - No form found
[ 2024-04-29 22:35:54,980 ] 91 ble79037 - ERROR - No form found
[ 2024-04-29 22:35:54,980 ] 91 ble79037 - ERROR - No form found
[ 2024-04-29 22:35:57,178 ] 91 ble79037 - INFO - Collected 20 forms
[ 2024-04-29 22:35:57,178 ] 91 ble79037 - INFO - Collected 20 forms
[ 2024-04-29 22:35:57,178 ] 91 ble79037 - INFO - Collected 20 forms
[ 2024-04-29 22:35:57,480 ] 91 ble79037 - INFO - Number of filtered forms left is: 0 form(s)
[ 2024-04-29 22:35:57,480 ] 91 ble79037 - INFO - Number of filtered forms left is: 0 form(s)
[ 2024-04-29 22:35:57,480 ] 91 ble79037 - INFO - Number of filtered forms left is: 0 form(s)
[ 2024-04-29 22:35:57,481 ] 91 ble79037 - ERROR - No form found
[ 2024-04-29 22:35:57,481 ] 91 ble79037 - ERROR - No form found
[ 2024-04-29 22:35:57,481 ] 91 ble79037 - ERROR - No form found
