[ 2024-04-29 22:35:34,911 ] 91 leongnardo12 - INFO - Opened login page
[ 2024-04-29 22:35:34,911 ] 91 leongnardo12 - INFO - Opened login page
[ 2024-04-29 22:35:34,911 ] 91 leongnardo12 - INFO - Opened login page
[ 2024-04-29 22:35:38,422 ] 91 leongnardo12 - INFO - Logging in
[ 2024-04-29 22:35:38,422 ] 91 leongnardo12 - INFO - Logging in
[ 2024-04-29 22:35:38,422 ] 91 leongnardo12 - INFO - Logging in
[ 2024-04-29 22:35:38,424 ] 91 leongnardo12 - INFO - Current url: https://www.shinsei.e-aichi.jp/pref-aichi-police-u/offer/offerList_initDisplay
[ 2024-04-29 22:35:38,424 ] 91 leongnardo12 - INFO - Current url: https://www.shinsei.e-aichi.jp/pref-aichi-police-u/offer/offerList_initDisplay
[ 2024-04-29 22:35:38,424 ] 91 leongnardo12 - INFO - Current url: https://www.shinsei.e-aichi.jp/pref-aichi-police-u/offer/offerList_initDisplay
[ 2024-04-29 22:35:38,732 ] 91 leongnardo12 - INFO - Logged in finished
[ 2024-04-29 22:35:38,732 ] 91 leongnardo12 - INFO - Logged in finished
[ 2024-04-29 22:35:38,732 ] 91 leongnardo12 - INFO - Logged in finished
[ 2024-04-29 22:35:38,855 ] 91 leongnardo12 - INFO - On main page
[ 2024-04-29 22:35:38,855 ] 91 leongnardo12 - INFO - On main page
[ 2024-04-29 22:35:38,855 ] 91 leongnardo12 - INFO - On main page
[ 2024-04-29 22:35:40,360 ] 91 leongnardo12 - INFO - Search submitted
[ 2024-04-29 22:35:40,360 ] 91 leongnardo12 - INFO - Search submitted
[ 2024-04-29 22:35:40,360 ] 91 leongnardo12 - INFO - Search submitted
[ 2024-04-29 22:35:40,371 ] 91 leongnardo12 - INFO - Collected 20 forms
[ 2024-04-29 22:35:40,371 ] 91 leongnardo12 - INFO - Collected 20 forms
[ 2024-04-29 22:35:40,371 ] 91 leongnardo12 - INFO - Collected 20 forms
[ 2024-04-29 22:35:40,647 ] 91 leongnardo12 - INFO - Number of filtered forms left is: 0 form(s)
[ 2024-04-29 22:35:40,647 ] 91 leongnardo12 - INFO - Number of filtered forms left is: 0 form(s)
[ 2024-04-29 22:35:40,647 ] 91 leongnardo12 - INFO - Number of filtered forms left is: 0 form(s)
[ 2024-04-29 22:35:40,647 ] 91 leongnardo12 - ERROR - No form found
[ 2024-04-29 22:35:40,647 ] 91 leongnardo12 - ERROR - No form found
[ 2024-04-29 22:35:40,647 ] 91 leongnardo12 - ERROR - No form found
[ 2024-04-29 22:35:43,025 ] 91 leongnardo12 - INFO - Collected 20 forms
[ 2024-04-29 22:35:43,025 ] 91 leongnardo12 - INFO - Collected 20 forms
[ 2024-04-29 22:35:43,025 ] 91 leongnardo12 - INFO - Collected 20 forms
[ 2024-04-29 22:35:43,273 ] 91 leongnardo12 - INFO - Number of filtered forms left is: 0 form(s)
[ 2024-04-29 22:35:43,273 ] 91 leongnardo12 - INFO - Number of filtered forms left is: 0 form(s)
[ 2024-04-29 22:35:43,273 ] 91 leongnardo12 - INFO - Number of filtered forms left is: 0 form(s)
[ 2024-04-29 22:35:43,273 ] 91 leongnardo12 - ERROR - No form found
[ 2024-04-29 22:35:43,273 ] 91 leongnardo12 - ERROR - No form found
[ 2024-04-29 22:35:43,273 ] 91 leongnardo12 - ERROR - No form found
[ 2024-04-29 22:35:45,616 ] 91 leongnardo12 - INFO - Collected 20 forms
[ 2024-04-29 22:35:45,616 ] 91 leongnardo12 - INFO - Collected 20 forms
[ 2024-04-29 22:35:45,616 ] 91 leongnardo12 - INFO - Collected 20 forms
[ 2024-04-29 22:35:45,852 ] 91 leongnardo12 - INFO - Number of filtered forms left is: 0 form(s)
[ 2024-04-29 22:35:45,852 ] 91 leongnardo12 - INFO - Number of filtered forms left is: 0 form(s)
[ 2024-04-29 22:35:45,852 ] 91 leongnardo12 - INFO - Number of filtered forms left is: 0 form(s)
[ 2024-04-29 22:35:45,852 ] 91 leongnardo12 - ERROR - No form found
[ 2024-04-29 22:35:45,852 ] 91 leongnardo12 - ERROR - No form found
[ 2024-04-29 22:35:45,852 ] 91 leongnardo12 - ERROR - No form found
[ 2024-04-29 22:35:47,913 ] 91 leongnardo12 - INFO - Collected 20 forms
[ 2024-04-29 22:35:47,913 ] 91 leongnardo12 - INFO - Collected 20 forms
[ 2024-04-29 22:35:47,913 ] 91 leongnardo12 - INFO - Collected 20 forms
[ 2024-04-29 22:35:48,153 ] 91 leongnardo12 - INFO - Number of filtered forms left is: 0 form(s)
[ 2024-04-29 22:35:48,153 ] 91 leongnardo12 - INFO - Number of filtered forms left is: 0 form(s)
[ 2024-04-29 22:35:48,153 ] 91 leongnardo12 - INFO - Number of filtered forms left is: 0 form(s)
[ 2024-04-29 22:35:48,153 ] 91 leongnardo12 - ERROR - No form found
[ 2024-04-29 22:35:48,153 ] 91 leongnardo12 - ERROR - No form found
[ 2024-04-29 22:35:48,153 ] 91 leongnardo12 - ERROR - No form found
[ 2024-04-29 22:35:50,568 ] 91 leongnardo12 - INFO - Collected 20 forms
[ 2024-04-29 22:35:50,568 ] 91 leongnardo12 - INFO - Collected 20 forms
[ 2024-04-29 22:35:50,568 ] 91 leongnardo12 - INFO - Collected 20 forms
[ 2024-04-29 22:35:50,821 ] 91 leongnardo12 - INFO - Number of filtered forms left is: 0 form(s)
[ 2024-04-29 22:35:50,821 ] 91 leongnardo12 - INFO - Number of filtered forms left is: 0 form(s)
[ 2024-04-29 22:35:50,821 ] 91 leongnardo12 - INFO - Number of filtered forms left is: 0 form(s)
[ 2024-04-29 22:35:50,821 ] 91 leongnardo12 - ERROR - No form found
[ 2024-04-29 22:35:50,821 ] 91 leongnardo12 - ERROR - No form found
[ 2024-04-29 22:35:50,821 ] 91 leongnardo12 - ERROR - No form found
[ 2024-04-29 22:35:53,091 ] 91 leongnardo12 - INFO - Collected 20 forms
[ 2024-04-29 22:35:53,091 ] 91 leongnardo12 - INFO - Collected 20 forms
[ 2024-04-29 22:35:53,091 ] 91 leongnardo12 - INFO - Collected 20 forms
[ 2024-04-29 22:35:53,345 ] 91 leongnardo12 - INFO - Number of filtered forms left is: 0 form(s)
[ 2024-04-29 22:35:53,345 ] 91 leongnardo12 - INFO - Number of filtered forms left is: 0 form(s)
[ 2024-04-29 22:35:53,345 ] 91 leongnardo12 - INFO - Number of filtered forms left is: 0 form(s)
[ 2024-04-29 22:35:53,346 ] 91 leongnardo12 - ERROR - No form found
[ 2024-04-29 22:35:53,346 ] 91 leongnardo12 - ERROR - No form found
[ 2024-04-29 22:35:53,346 ] 91 leongnardo12 - ERROR - No form found
[ 2024-04-29 22:35:55,438 ] 91 leongnardo12 - INFO - Collected 20 forms
[ 2024-04-29 22:35:55,438 ] 91 leongnardo12 - INFO - Collected 20 forms
[ 2024-04-29 22:35:55,438 ] 91 leongnardo12 - INFO - Collected 20 forms
[ 2024-04-29 22:35:55,672 ] 91 leongnardo12 - INFO - Number of filtered forms left is: 0 form(s)
[ 2024-04-29 22:35:55,672 ] 91 leongnardo12 - INFO - Number of filtered forms left is: 0 form(s)
[ 2024-04-29 22:35:55,672 ] 91 leongnardo12 - INFO - Number of filtered forms left is: 0 form(s)
[ 2024-04-29 22:35:55,673 ] 91 leongnardo12 - ERROR - No form found
[ 2024-04-29 22:35:55,673 ] 91 leongnardo12 - ERROR - No form found
[ 2024-04-29 22:35:55,673 ] 91 leongnardo12 - ERROR - No form found
[ 2024-04-29 22:35:57,713 ] 91 leongnardo12 - INFO - Collected 20 forms
[ 2024-04-29 22:35:57,713 ] 91 leongnardo12 - INFO - Collected 20 forms
[ 2024-04-29 22:35:57,713 ] 91 leongnardo12 - INFO - Collected 20 forms
[ 2024-04-29 22:35:57,948 ] 91 leongnardo12 - INFO - Number of filtered forms left is: 0 form(s)
[ 2024-04-29 22:35:57,948 ] 91 leongnardo12 - INFO - Number of filtered forms left is: 0 form(s)
[ 2024-04-29 22:35:57,948 ] 91 leongnardo12 - INFO - Number of filtered forms left is: 0 form(s)
[ 2024-04-29 22:35:57,948 ] 91 leongnardo12 - ERROR - No form found
[ 2024-04-29 22:35:57,948 ] 91 leongnardo12 - ERROR - No form found
[ 2024-04-29 22:35:57,948 ] 91 leongnardo12 - ERROR - No form found
