[ 2024-04-29 22:35:32,338 ] 91 nihahi50 - INFO - Opened login page
[ 2024-04-29 22:35:32,338 ] 91 nihahi50 - INFO - Opened login page
[ 2024-04-29 22:35:32,338 ] 91 nihahi50 - INFO - Opened login page
[ 2024-04-29 22:35:36,020 ] 91 nihahi50 - INFO - Logging in
[ 2024-04-29 22:35:36,020 ] 91 nihahi50 - INFO - Logging in
[ 2024-04-29 22:35:36,020 ] 91 nihahi50 - INFO - Logging in
[ 2024-04-29 22:35:36,023 ] 91 nihahi50 - INFO - Current url: https://www.shinsei.e-aichi.jp/pref-aichi-police-u/offer/offerList_initDisplay
[ 2024-04-29 22:35:36,023 ] 91 nihahi50 - INFO - Current url: https://www.shinsei.e-aichi.jp/pref-aichi-police-u/offer/offerList_initDisplay
[ 2024-04-29 22:35:36,023 ] 91 nihahi50 - INFO - Current url: https://www.shinsei.e-aichi.jp/pref-aichi-police-u/offer/offerList_initDisplay
[ 2024-04-29 22:35:36,328 ] 91 nihahi50 - INFO - Logged in finished
[ 2024-04-29 22:35:36,328 ] 91 nihahi50 - INFO - Logged in finished
[ 2024-04-29 22:35:36,328 ] 91 nihahi50 - INFO - Logged in finished
[ 2024-04-29 22:35:36,440 ] 91 nihahi50 - INFO - On main page
[ 2024-04-29 22:35:36,440 ] 91 nihahi50 - INFO - On main page
[ 2024-04-29 22:35:36,440 ] 91 nihahi50 - INFO - On main page
[ 2024-04-29 22:35:37,895 ] 91 nihahi50 - INFO - Search submitted
[ 2024-04-29 22:35:37,895 ] 91 nihahi50 - INFO - Search submitted
[ 2024-04-29 22:35:37,895 ] 91 nihahi50 - INFO - Search submitted
[ 2024-04-29 22:35:37,906 ] 91 nihahi50 - INFO - Collected 20 forms
[ 2024-04-29 22:35:37,906 ] 91 nihahi50 - INFO - Collected 20 forms
[ 2024-04-29 22:35:37,906 ] 91 nihahi50 - INFO - Collected 20 forms
[ 2024-04-29 22:35:38,180 ] 91 nihahi50 - INFO - Number of filtered forms left is: 0 form(s)
[ 2024-04-29 22:35:38,180 ] 91 nihahi50 - INFO - Number of filtered forms left is: 0 form(s)
[ 2024-04-29 22:35:38,180 ] 91 nihahi50 - INFO - Number of filtered forms left is: 0 form(s)
[ 2024-04-29 22:35:38,180 ] 91 nihahi50 - ERROR - No form found
[ 2024-04-29 22:35:38,180 ] 91 nihahi50 - ERROR - No form found
[ 2024-04-29 22:35:38,180 ] 91 nihahi50 - ERROR - No form found
[ 2024-04-29 22:35:40,928 ] 91 nihahi50 - INFO - Collected 20 forms
[ 2024-04-29 22:35:40,928 ] 91 nihahi50 - INFO - Collected 20 forms
[ 2024-04-29 22:35:40,928 ] 91 nihahi50 - INFO - Collected 20 forms
[ 2024-04-29 22:35:41,165 ] 91 nihahi50 - INFO - Number of filtered forms left is: 0 form(s)
[ 2024-04-29 22:35:41,165 ] 91 nihahi50 - INFO - Number of filtered forms left is: 0 form(s)
[ 2024-04-29 22:35:41,165 ] 91 nihahi50 - INFO - Number of filtered forms left is: 0 form(s)
[ 2024-04-29 22:35:41,165 ] 91 nihahi50 - ERROR - No form found
[ 2024-04-29 22:35:41,165 ] 91 nihahi50 - ERROR - No form found
[ 2024-04-29 22:35:41,165 ] 91 nihahi50 - ERROR - No form found
[ 2024-04-29 22:35:43,496 ] 91 nihahi50 - INFO - Collected 20 forms
[ 2024-04-29 22:35:43,496 ] 91 nihahi50 - INFO - Collected 20 forms
[ 2024-04-29 22:35:43,496 ] 91 nihahi50 - INFO - Collected 20 forms
[ 2024-04-29 22:35:43,734 ] 91 nihahi50 - INFO - Number of filtered forms left is: 0 form(s)
[ 2024-04-29 22:35:43,734 ] 91 nihahi50 - INFO - Number of filtered forms left is: 0 form(s)
[ 2024-04-29 22:35:43,734 ] 91 nihahi50 - INFO - Number of filtered forms left is: 0 form(s)
[ 2024-04-29 22:35:43,735 ] 91 nihahi50 - ERROR - No form found
[ 2024-04-29 22:35:43,735 ] 91 nihahi50 - ERROR - No form found
[ 2024-04-29 22:35:43,735 ] 91 nihahi50 - ERROR - No form found
[ 2024-04-29 22:35:45,862 ] 91 nihahi50 - INFO - Collected 20 forms
[ 2024-04-29 22:35:45,862 ] 91 nihahi50 - INFO - Collected 20 forms
[ 2024-04-29 22:35:45,862 ] 91 nihahi50 - INFO - Collected 20 forms
[ 2024-04-29 22:35:46,104 ] 91 nihahi50 - INFO - Number of filtered forms left is: 0 form(s)
[ 2024-04-29 22:35:46,104 ] 91 nihahi50 - INFO - Number of filtered forms left is: 0 form(s)
[ 2024-04-29 22:35:46,104 ] 91 nihahi50 - INFO - Number of filtered forms left is: 0 form(s)
[ 2024-04-29 22:35:46,104 ] 91 nihahi50 - ERROR - No form found
[ 2024-04-29 22:35:46,104 ] 91 nihahi50 - ERROR - No form found
[ 2024-04-29 22:35:46,104 ] 91 nihahi50 - ERROR - No form found
[ 2024-04-29 22:35:48,431 ] 91 nihahi50 - INFO - Collected 20 forms
[ 2024-04-29 22:35:48,431 ] 91 nihahi50 - INFO - Collected 20 forms
[ 2024-04-29 22:35:48,431 ] 91 nihahi50 - INFO - Collected 20 forms
[ 2024-04-29 22:35:48,664 ] 91 nihahi50 - INFO - Number of filtered forms left is: 0 form(s)
[ 2024-04-29 22:35:48,664 ] 91 nihahi50 - INFO - Number of filtered forms left is: 0 form(s)
[ 2024-04-29 22:35:48,664 ] 91 nihahi50 - INFO - Number of filtered forms left is: 0 form(s)
[ 2024-04-29 22:35:48,664 ] 91 nihahi50 - ERROR - No form found
[ 2024-04-29 22:35:48,664 ] 91 nihahi50 - ERROR - No form found
[ 2024-04-29 22:35:48,664 ] 91 nihahi50 - ERROR - No form found
[ 2024-04-29 22:35:50,649 ] 91 nihahi50 - INFO - Collected 20 forms
[ 2024-04-29 22:35:50,649 ] 91 nihahi50 - INFO - Collected 20 forms
[ 2024-04-29 22:35:50,649 ] 91 nihahi50 - INFO - Collected 20 forms
[ 2024-04-29 22:35:50,936 ] 91 nihahi50 - INFO - Number of filtered forms left is: 0 form(s)
[ 2024-04-29 22:35:50,936 ] 91 nihahi50 - INFO - Number of filtered forms left is: 0 form(s)
[ 2024-04-29 22:35:50,936 ] 91 nihahi50 - INFO - Number of filtered forms left is: 0 form(s)
[ 2024-04-29 22:35:50,936 ] 91 nihahi50 - ERROR - No form found
[ 2024-04-29 22:35:50,936 ] 91 nihahi50 - ERROR - No form found
[ 2024-04-29 22:35:50,936 ] 91 nihahi50 - ERROR - No form found
[ 2024-04-29 22:35:53,066 ] 91 nihahi50 - INFO - Collected 20 forms
[ 2024-04-29 22:35:53,066 ] 91 nihahi50 - INFO - Collected 20 forms
[ 2024-04-29 22:35:53,066 ] 91 nihahi50 - INFO - Collected 20 forms
[ 2024-04-29 22:35:53,402 ] 91 nihahi50 - INFO - Number of filtered forms left is: 0 form(s)
[ 2024-04-29 22:35:53,402 ] 91 nihahi50 - INFO - Number of filtered forms left is: 0 form(s)
[ 2024-04-29 22:35:53,402 ] 91 nihahi50 - INFO - Number of filtered forms left is: 0 form(s)
[ 2024-04-29 22:35:53,402 ] 91 nihahi50 - ERROR - No form found
[ 2024-04-29 22:35:53,402 ] 91 nihahi50 - ERROR - No form found
[ 2024-04-29 22:35:53,402 ] 91 nihahi50 - ERROR - No form found
[ 2024-04-29 22:35:55,797 ] 91 nihahi50 - INFO - Collected 20 forms
[ 2024-04-29 22:35:55,797 ] 91 nihahi50 - INFO - Collected 20 forms
[ 2024-04-29 22:35:55,797 ] 91 nihahi50 - INFO - Collected 20 forms
[ 2024-04-29 22:35:56,138 ] 91 nihahi50 - INFO - Number of filtered forms left is: 0 form(s)
[ 2024-04-29 22:35:56,138 ] 91 nihahi50 - INFO - Number of filtered forms left is: 0 form(s)
[ 2024-04-29 22:35:56,138 ] 91 nihahi50 - INFO - Number of filtered forms left is: 0 form(s)
[ 2024-04-29 22:35:56,138 ] 91 nihahi50 - ERROR - No form found
[ 2024-04-29 22:35:56,138 ] 91 nihahi50 - ERROR - No form found
[ 2024-04-29 22:35:56,138 ] 91 nihahi50 - ERROR - No form found
