[ 2024-04-29 22:35:22,568 ] 91 root - INFO - Starting all threads
[ 2024-04-29 22:35:22,568 ] 91 root - INFO - Starting all threads
[ 2024-04-29 22:35:22,569 ] 91 root - INFO - Meta: {'__module__': 'src.globals', '__doc__': '        Meta configs        ', 'keyword': 'Hirabari', 'test_mode': False, 'debug_mode': True, 'onlyday': True, 'max_num_retry': 5, 'default_num_threads': 0, 'display_number': 50, 'main_phone_number_dash': '080-1583-0891', 'uc': True, 'headless': False, 'timeout': 900, '__dict__': <attribute '__dict__' of 'Meta' objects>, '__weakref__': <attribute '__weakref__' of 'Meta' objects>}
[ 2024-04-29 22:35:22,569 ] 91 root - INFO - Meta: {'__module__': 'src.globals', '__doc__': '        Meta configs        ', 'keyword': 'Hirabari', 'test_mode': False, 'debug_mode': True, 'onlyday': True, 'max_num_retry': 5, 'default_num_threads': 0, 'display_number': 50, 'main_phone_number_dash': '080-1583-0891', 'uc': True, 'headless': False, 'timeout': 900, '__dict__': <attribute '__dict__' of 'Meta' objects>, '__weakref__': <attribute '__weakref__' of 'Meta' objects>}
[ 2024-04-29 22:35:22,570 ] 91 root - INFO - Number of dev accounts: 4
[ 2024-04-29 22:35:22,570 ] 91 root - INFO - Number of dev accounts: 4
[ 2024-04-29 22:35:22,571 ] 91 main_controller - INFO - Subprocess 0 started with trial number 0
[ 2024-04-29 22:35:22,571 ] 91 main_controller - ERROR - Account is a dictionary, convert to Account object: Username: nihahi50@gmail.com, Password: hoahong1234
[ 2024-04-29 22:35:24,503 ] 91 main_controller - INFO - Browser opened
[ 2024-04-29 22:35:24,581 ] 91 root - INFO - Thread 0 started
[ 2024-04-29 22:35:24,581 ] 91 root - INFO - Thread 0 started
[ 2024-04-29 22:35:24,582 ] 91 main_controller - INFO - Subprocess 1 started with trial number 0
[ 2024-04-29 22:35:24,582 ] 91 main_controller - ERROR - Account is a dictionary, convert to Account object: Username: ble79037@gmail.com, Password: hoahong1234
[ 2024-04-29 22:35:25,370 ] 91 main_controller - INFO - Browser opened
[ 2024-04-29 22:35:26,587 ] 91 root - INFO - Thread 1 started
[ 2024-04-29 22:35:26,587 ] 91 root - INFO - Thread 1 started
[ 2024-04-29 22:35:26,588 ] 91 main_controller - INFO - Subprocess 2 started with trial number 0
[ 2024-04-29 22:35:26,588 ] 91 main_controller - ERROR - Account is a dictionary, convert to Account object: Username: benemmai380@gmail.com, Password: hoahong1234
[ 2024-04-29 22:35:27,449 ] 91 main_controller - INFO - Browser opened
[ 2024-04-29 22:35:28,593 ] 91 root - INFO - Thread 2 started
[ 2024-04-29 22:35:28,593 ] 91 root - INFO - Thread 2 started
[ 2024-04-29 22:35:28,596 ] 91 main_controller - INFO - Subprocess 3 started with trial number 0
[ 2024-04-29 22:35:28,596 ] 91 main_controller - ERROR - Account is a dictionary, convert to Account object: Username: leongnardo12@gmail.com, Password: hoahong1234
[ 2024-04-29 22:35:29,334 ] 91 main_controller - INFO - Browser opened
[ 2024-04-29 22:35:30,598 ] 91 root - INFO - Thread 3 started
[ 2024-04-29 22:35:30,598 ] 91 root - INFO - Thread 3 started
[ 2024-04-29 22:35:31,838 ] 91 ble79037 - INFO - Opened login page
[ 2024-04-29 22:35:32,338 ] 91 nihahi50 - INFO - Opened login page
[ 2024-04-29 22:35:32,978 ] 91 benemmai380 - INFO - Opened login page
[ 2024-04-29 22:35:34,911 ] 91 leongnardo12 - INFO - Opened login page
[ 2024-04-29 22:35:36,020 ] 91 nihahi50 - INFO - Logging in
[ 2024-04-29 22:35:36,023 ] 91 nihahi50 - INFO - Current url: https://www.shinsei.e-aichi.jp/pref-aichi-police-u/offer/offerList_initDisplay
[ 2024-04-29 22:35:36,328 ] 91 nihahi50 - INFO - Logged in finished
[ 2024-04-29 22:35:36,329 ] 91 main_controller - INFO - Logged in successfully
[ 2024-04-29 22:35:36,437 ] 91 main_controller - INFO - Screenshot saved to D:\luthien\code\Achi.Tool\AichiSelenium\logs\2024_04_29\22_35_22\screenshot_nihahi50.png
[ 2024-04-29 22:35:36,437 ] 91 main_controller - INFO - Finding forms
[ 2024-04-29 22:35:36,440 ] 91 nihahi50 - INFO - On main page
[ 2024-04-29 22:35:36,763 ] 91 ble79037 - INFO - Logging in
[ 2024-04-29 22:35:36,766 ] 91 ble79037 - INFO - Current url: https://www.shinsei.e-aichi.jp/pref-aichi-police-u/offer/offerList_initDisplay
[ 2024-04-29 22:35:36,843 ] 91 benemmai380 - INFO - Logging in
[ 2024-04-29 22:35:36,845 ] 91 benemmai380 - INFO - Current url: https://www.shinsei.e-aichi.jp/pref-aichi-police-u/offer/offerList_initDisplay
[ 2024-04-29 22:35:37,072 ] 91 ble79037 - INFO - Logged in finished
[ 2024-04-29 22:35:37,072 ] 91 main_controller - INFO - Logged in successfully
[ 2024-04-29 22:35:37,149 ] 91 benemmai380 - INFO - Logged in finished
[ 2024-04-29 22:35:37,149 ] 91 main_controller - INFO - Logged in successfully
[ 2024-04-29 22:35:37,211 ] 91 main_controller - INFO - Screenshot saved to D:\luthien\code\Achi.Tool\AichiSelenium\logs\2024_04_29\22_35_22\screenshot_ble79037.png
[ 2024-04-29 22:35:37,211 ] 91 main_controller - INFO - Finding forms
[ 2024-04-29 22:35:37,215 ] 91 ble79037 - INFO - On main page
[ 2024-04-29 22:35:37,261 ] 91 main_controller - INFO - Screenshot saved to D:\luthien\code\Achi.Tool\AichiSelenium\logs\2024_04_29\22_35_22\screenshot_benemmai380.png
[ 2024-04-29 22:35:37,262 ] 91 main_controller - INFO - Finding forms
[ 2024-04-29 22:35:37,264 ] 91 benemmai380 - INFO - On main page
[ 2024-04-29 22:35:37,895 ] 91 nihahi50 - INFO - Search submitted
[ 2024-04-29 22:35:37,906 ] 91 nihahi50 - INFO - Collected 20 forms
[ 2024-04-29 22:35:38,180 ] 91 nihahi50 - INFO - Number of filtered forms left is: 0 form(s)
[ 2024-04-29 22:35:38,180 ] 91 nihahi50 - ERROR - No form found
[ 2024-04-29 22:35:38,422 ] 91 leongnardo12 - INFO - Logging in
[ 2024-04-29 22:35:38,424 ] 91 leongnardo12 - INFO - Current url: https://www.shinsei.e-aichi.jp/pref-aichi-police-u/offer/offerList_initDisplay
[ 2024-04-29 22:35:38,718 ] 91 benemmai380 - INFO - Search submitted
[ 2024-04-29 22:35:38,731 ] 91 benemmai380 - INFO - Collected 20 forms
[ 2024-04-29 22:35:38,732 ] 91 leongnardo12 - INFO - Logged in finished
[ 2024-04-29 22:35:38,732 ] 91 main_controller - INFO - Logged in successfully
[ 2024-04-29 22:35:38,852 ] 91 main_controller - INFO - Screenshot saved to D:\luthien\code\Achi.Tool\AichiSelenium\logs\2024_04_29\22_35_22\screenshot_leongnardo12.png
[ 2024-04-29 22:35:38,852 ] 91 main_controller - INFO - Finding forms
[ 2024-04-29 22:35:38,855 ] 91 leongnardo12 - INFO - On main page
[ 2024-04-29 22:35:38,956 ] 91 ble79037 - INFO - Search submitted
[ 2024-04-29 22:35:38,969 ] 91 ble79037 - INFO - Collected 20 forms
[ 2024-04-29 22:35:39,017 ] 91 benemmai380 - INFO - Number of filtered forms left is: 0 form(s)
[ 2024-04-29 22:35:39,017 ] 91 benemmai380 - ERROR - No form found
[ 2024-04-29 22:35:39,255 ] 91 ble79037 - INFO - Number of filtered forms left is: 0 form(s)
[ 2024-04-29 22:35:39,255 ] 91 ble79037 - ERROR - No form found
[ 2024-04-29 22:35:40,360 ] 91 leongnardo12 - INFO - Search submitted
[ 2024-04-29 22:35:40,371 ] 91 leongnardo12 - INFO - Collected 20 forms
[ 2024-04-29 22:35:40,647 ] 91 leongnardo12 - INFO - Number of filtered forms left is: 0 form(s)
[ 2024-04-29 22:35:40,647 ] 91 leongnardo12 - ERROR - No form found
[ 2024-04-29 22:35:40,928 ] 91 nihahi50 - INFO - Collected 20 forms
[ 2024-04-29 22:35:41,165 ] 91 nihahi50 - INFO - Number of filtered forms left is: 0 form(s)
[ 2024-04-29 22:35:41,165 ] 91 nihahi50 - ERROR - No form found
[ 2024-04-29 22:35:41,409 ] 91 ble79037 - INFO - Collected 20 forms
[ 2024-04-29 22:35:41,652 ] 91 ble79037 - INFO - Number of filtered forms left is: 0 form(s)
[ 2024-04-29 22:35:41,652 ] 91 ble79037 - ERROR - No form found
[ 2024-04-29 22:35:41,654 ] 91 benemmai380 - INFO - Collected 20 forms
[ 2024-04-29 22:35:41,896 ] 91 benemmai380 - INFO - Number of filtered forms left is: 0 form(s)
[ 2024-04-29 22:35:41,896 ] 91 benemmai380 - ERROR - No form found
[ 2024-04-29 22:35:43,025 ] 91 leongnardo12 - INFO - Collected 20 forms
[ 2024-04-29 22:35:43,273 ] 91 leongnardo12 - INFO - Number of filtered forms left is: 0 form(s)
[ 2024-04-29 22:35:43,273 ] 91 leongnardo12 - ERROR - No form found
[ 2024-04-29 22:35:43,496 ] 91 nihahi50 - INFO - Collected 20 forms
[ 2024-04-29 22:35:43,734 ] 91 nihahi50 - INFO - Number of filtered forms left is: 0 form(s)
[ 2024-04-29 22:35:43,735 ] 91 nihahi50 - ERROR - No form found
[ 2024-04-29 22:35:43,818 ] 91 ble79037 - INFO - Collected 20 forms
[ 2024-04-29 22:35:44,068 ] 91 ble79037 - INFO - Number of filtered forms left is: 0 form(s)
[ 2024-04-29 22:35:44,068 ] 91 ble79037 - ERROR - No form found
[ 2024-04-29 22:35:44,221 ] 91 benemmai380 - INFO - Collected 20 forms
[ 2024-04-29 22:35:44,466 ] 91 benemmai380 - INFO - Number of filtered forms left is: 0 form(s)
[ 2024-04-29 22:35:44,467 ] 91 benemmai380 - ERROR - No form found
[ 2024-04-29 22:35:45,616 ] 91 leongnardo12 - INFO - Collected 20 forms
[ 2024-04-29 22:35:45,852 ] 91 leongnardo12 - INFO - Number of filtered forms left is: 0 form(s)
[ 2024-04-29 22:35:45,852 ] 91 leongnardo12 - ERROR - No form found
[ 2024-04-29 22:35:45,862 ] 91 nihahi50 - INFO - Collected 20 forms
[ 2024-04-29 22:35:46,104 ] 91 nihahi50 - INFO - Number of filtered forms left is: 0 form(s)
[ 2024-04-29 22:35:46,104 ] 91 nihahi50 - ERROR - No form found
[ 2024-04-29 22:35:46,643 ] 91 ble79037 - INFO - Collected 20 forms
[ 2024-04-29 22:35:46,716 ] 91 benemmai380 - INFO - Collected 20 forms
[ 2024-04-29 22:35:46,925 ] 91 ble79037 - INFO - Number of filtered forms left is: 0 form(s)
[ 2024-04-29 22:35:46,925 ] 91 ble79037 - ERROR - No form found
[ 2024-04-29 22:35:46,968 ] 91 benemmai380 - INFO - Number of filtered forms left is: 0 form(s)
[ 2024-04-29 22:35:46,969 ] 91 benemmai380 - ERROR - No form found
[ 2024-04-29 22:35:47,913 ] 91 leongnardo12 - INFO - Collected 20 forms
[ 2024-04-29 22:35:48,153 ] 91 leongnardo12 - INFO - Number of filtered forms left is: 0 form(s)
[ 2024-04-29 22:35:48,153 ] 91 leongnardo12 - ERROR - No form found
[ 2024-04-29 22:35:48,431 ] 91 nihahi50 - INFO - Collected 20 forms
[ 2024-04-29 22:35:48,664 ] 91 nihahi50 - INFO - Number of filtered forms left is: 0 form(s)
[ 2024-04-29 22:35:48,664 ] 91 nihahi50 - ERROR - No form found
[ 2024-04-29 22:35:49,282 ] 91 benemmai380 - INFO - Collected 20 forms
[ 2024-04-29 22:35:49,404 ] 91 ble79037 - INFO - Collected 20 forms
[ 2024-04-29 22:35:49,525 ] 91 benemmai380 - INFO - Number of filtered forms left is: 0 form(s)
[ 2024-04-29 22:35:49,525 ] 91 benemmai380 - ERROR - No form found
[ 2024-04-29 22:35:49,671 ] 91 ble79037 - INFO - Number of filtered forms left is: 0 form(s)
[ 2024-04-29 22:35:49,671 ] 91 ble79037 - ERROR - No form found
[ 2024-04-29 22:35:50,568 ] 91 leongnardo12 - INFO - Collected 20 forms
[ 2024-04-29 22:35:50,649 ] 91 nihahi50 - INFO - Collected 20 forms
[ 2024-04-29 22:35:50,821 ] 91 leongnardo12 - INFO - Number of filtered forms left is: 0 form(s)
[ 2024-04-29 22:35:50,821 ] 91 leongnardo12 - ERROR - No form found
[ 2024-04-29 22:35:50,936 ] 91 nihahi50 - INFO - Number of filtered forms left is: 0 form(s)
[ 2024-04-29 22:35:50,936 ] 91 nihahi50 - ERROR - No form found
[ 2024-04-29 22:35:51,878 ] 91 benemmai380 - INFO - Collected 20 forms
[ 2024-04-29 22:35:52,198 ] 91 ble79037 - INFO - Collected 20 forms
[ 2024-04-29 22:35:52,254 ] 91 benemmai380 - INFO - Number of filtered forms left is: 0 form(s)
[ 2024-04-29 22:35:52,254 ] 91 benemmai380 - ERROR - No form found
[ 2024-04-29 22:35:52,489 ] 91 ble79037 - INFO - Number of filtered forms left is: 0 form(s)
[ 2024-04-29 22:35:52,489 ] 91 ble79037 - ERROR - No form found
[ 2024-04-29 22:35:53,066 ] 91 nihahi50 - INFO - Collected 20 forms
[ 2024-04-29 22:35:53,091 ] 91 leongnardo12 - INFO - Collected 20 forms
[ 2024-04-29 22:35:53,345 ] 91 leongnardo12 - INFO - Number of filtered forms left is: 0 form(s)
[ 2024-04-29 22:35:53,346 ] 91 leongnardo12 - ERROR - No form found
[ 2024-04-29 22:35:53,402 ] 91 nihahi50 - INFO - Number of filtered forms left is: 0 form(s)
[ 2024-04-29 22:35:53,402 ] 91 nihahi50 - ERROR - No form found
[ 2024-04-29 22:35:54,698 ] 91 ble79037 - INFO - Collected 20 forms
[ 2024-04-29 22:35:54,728 ] 91 benemmai380 - INFO - Collected 20 forms
[ 2024-04-29 22:35:54,980 ] 91 ble79037 - INFO - Number of filtered forms left is: 0 form(s)
[ 2024-04-29 22:35:54,980 ] 91 ble79037 - ERROR - No form found
[ 2024-04-29 22:35:55,065 ] 91 benemmai380 - INFO - Number of filtered forms left is: 0 form(s)
[ 2024-04-29 22:35:55,065 ] 91 benemmai380 - ERROR - No form found
[ 2024-04-29 22:35:55,438 ] 91 leongnardo12 - INFO - Collected 20 forms
[ 2024-04-29 22:35:55,672 ] 91 leongnardo12 - INFO - Number of filtered forms left is: 0 form(s)
[ 2024-04-29 22:35:55,673 ] 91 leongnardo12 - ERROR - No form found
[ 2024-04-29 22:35:55,797 ] 91 nihahi50 - INFO - Collected 20 forms
[ 2024-04-29 22:35:56,138 ] 91 nihahi50 - INFO - Number of filtered forms left is: 0 form(s)
[ 2024-04-29 22:35:56,138 ] 91 nihahi50 - ERROR - No form found
[ 2024-04-29 22:35:57,178 ] 91 ble79037 - INFO - Collected 20 forms
[ 2024-04-29 22:35:57,480 ] 91 ble79037 - INFO - Number of filtered forms left is: 0 form(s)
[ 2024-04-29 22:35:57,481 ] 91 ble79037 - ERROR - No form found
[ 2024-04-29 22:35:57,713 ] 91 leongnardo12 - INFO - Collected 20 forms
[ 2024-04-29 22:35:57,753 ] 91 benemmai380 - INFO - Collected 20 forms
[ 2024-04-29 22:35:57,948 ] 91 leongnardo12 - INFO - Number of filtered forms left is: 0 form(s)
[ 2024-04-29 22:35:57,948 ] 91 leongnardo12 - ERROR - No form found
[ 2024-04-29 22:35:58,032 ] 91 benemmai380 - INFO - Number of filtered forms left is: 0 form(s)
[ 2024-04-29 22:35:58,033 ] 91 benemmai380 - ERROR - No form found
