[ 2024-04-30 23:26:52,885 ] 91 root - INFO - Starting all threads
[ 2024-04-30 23:26:52,885 ] 91 root - INFO - Starting all threads
[ 2024-04-30 23:26:52,885 ] 91 root - INFO - Meta: {'__module__': 'src.globals', '__doc__': '        Meta configs        ', 'keyword': 'Hirabari', 'test_mode': False, 'debug_mode': True, 'onlyday': True, 'max_num_retry': 10, 'default_num_threads': 0, 'display_number': 50, 'main_phone_number_dash': '080-1583-0891', 'uc': True, 'headless': False, 'timeout': 900, '__dict__': <attribute '__dict__' of 'Meta' objects>, '__weakref__': <attribute '__weakref__' of 'Meta' objects>}
[ 2024-04-30 23:26:52,885 ] 91 root - INFO - Meta: {'__module__': 'src.globals', '__doc__': '        Meta configs        ', 'keyword': 'Hirabari', 'test_mode': False, 'debug_mode': True, 'onlyday': True, 'max_num_retry': 10, 'default_num_threads': 0, 'display_number': 50, 'main_phone_number_dash': '080-1583-0891', 'uc': True, 'headless': False, 'timeout': 900, '__dict__': <attribute '__dict__' of 'Meta' objects>, '__weakref__': <attribute '__weakref__' of 'Meta' objects>}
[ 2024-04-30 23:26:52,885 ] 91 root - INFO - Number of dev accounts: 4
[ 2024-04-30 23:26:52,885 ] 91 root - INFO - Number of dev accounts: 4
[ 2024-04-30 23:26:52,887 ] 91 main_controller - INFO - Subprocess 0 started with trial number 0
[ 2024-04-30 23:26:52,887 ] 91 main_controller - ERROR - Account is a dictionary, convert to Account object: Username: nihahi50@gmail.com, Password: hoahong1234
[ 2024-04-30 23:26:54,630 ] 91 main_controller - INFO - Browser opened
[ 2024-04-30 23:26:54,897 ] 91 root - INFO - Thread 0 started
[ 2024-04-30 23:26:54,897 ] 91 root - INFO - Thread 0 started
[ 2024-04-30 23:26:54,899 ] 91 main_controller - INFO - Subprocess 1 started with trial number 0
[ 2024-04-30 23:26:54,899 ] 91 main_controller - ERROR - Account is a dictionary, convert to Account object: Username: ble79037@gmail.com, Password: hoahong1234
[ 2024-04-30 23:26:55,634 ] 91 main_controller - INFO - Browser opened
[ 2024-04-30 23:26:56,910 ] 91 root - INFO - Thread 1 started
[ 2024-04-30 23:26:56,910 ] 91 root - INFO - Thread 1 started
[ 2024-04-30 23:26:56,913 ] 91 main_controller - INFO - Subprocess 2 started with trial number 0
[ 2024-04-30 23:26:56,914 ] 91 main_controller - ERROR - Account is a dictionary, convert to Account object: Username: benemmai380@gmail.com, Password: hoahong1234
[ 2024-04-30 23:26:57,634 ] 91 main_controller - INFO - Browser opened
[ 2024-04-30 23:26:58,922 ] 91 root - INFO - Thread 2 started
[ 2024-04-30 23:26:58,922 ] 91 root - INFO - Thread 2 started
[ 2024-04-30 23:26:58,926 ] 91 main_controller - INFO - Subprocess 3 started with trial number 0
[ 2024-04-30 23:26:58,926 ] 91 main_controller - ERROR - Account is a dictionary, convert to Account object: Username: leongnardo12@gmail.com, Password: hoahong1234
[ 2024-04-30 23:26:59,644 ] 91 main_controller - INFO - Browser opened
[ 2024-04-30 23:27:00,180 ] 91 nihahi50 - INFO - Opened login page
[ 2024-04-30 23:27:00,933 ] 91 root - INFO - Thread 3 started
[ 2024-04-30 23:27:00,933 ] 91 root - INFO - Thread 3 started
[ 2024-04-30 23:27:01,152 ] 91 ble79037 - INFO - Opened login page
[ 2024-04-30 23:27:03,175 ] 91 benemmai380 - INFO - Opened login page
