[ 2024-04-29 22:47:29,536 ] 91 davidalaba00000 - INFO - Opened login page
[ 2024-04-29 22:47:29,536 ] 91 davidalaba00000 - INFO - Opened login page
[ 2024-04-29 22:47:29,536 ] 91 davidalaba00000 - INFO - Opened login page
[ 2024-04-29 22:47:33,297 ] 91 davidalaba00000 - INFO - Logging in
[ 2024-04-29 22:47:33,297 ] 91 davidalaba00000 - INFO - Logging in
[ 2024-04-29 22:47:33,297 ] 91 davidalaba00000 - INFO - Logging in
[ 2024-04-29 22:47:33,309 ] 91 davidalaba00000 - INFO - Current url: https://www.shinsei.e-aichi.jp/pref-aichi-police-u/offer/offerList_initDisplay
[ 2024-04-29 22:47:33,309 ] 91 davidalaba00000 - INFO - Current url: https://www.shinsei.e-aichi.jp/pref-aichi-police-u/offer/offerList_initDisplay
[ 2024-04-29 22:47:33,309 ] 91 davidalaba00000 - INFO - Current url: https://www.shinsei.e-aichi.jp/pref-aichi-police-u/offer/offerList_initDisplay
[ 2024-04-29 22:47:33,635 ] 91 davidalaba00000 - INFO - Logged in finished
[ 2024-04-29 22:47:33,635 ] 91 davidalaba00000 - INFO - Logged in finished
[ 2024-04-29 22:47:33,635 ] 91 davidalaba00000 - INFO - Logged in finished
[ 2024-04-29 22:47:33,939 ] 91 davidalaba00000 - INFO - On main page
[ 2024-04-29 22:47:33,939 ] 91 davidalaba00000 - INFO - On main page
[ 2024-04-29 22:47:33,939 ] 91 davidalaba00000 - INFO - On main page
[ 2024-04-29 22:47:35,670 ] 91 davidalaba00000 - INFO - Search submitted
[ 2024-04-29 22:47:35,670 ] 91 davidalaba00000 - INFO - Search submitted
[ 2024-04-29 22:47:35,670 ] 91 davidalaba00000 - INFO - Search submitted
[ 2024-04-29 22:47:35,694 ] 91 davidalaba00000 - INFO - Collected 20 forms
[ 2024-04-29 22:47:35,694 ] 91 davidalaba00000 - INFO - Collected 20 forms
[ 2024-04-29 22:47:35,694 ] 91 davidalaba00000 - INFO - Collected 20 forms
[ 2024-04-29 22:47:36,723 ] 91 davidalaba00000 - INFO - Number of filtered forms left is: 0 form(s)
[ 2024-04-29 22:47:36,723 ] 91 davidalaba00000 - INFO - Number of filtered forms left is: 0 form(s)
[ 2024-04-29 22:47:36,723 ] 91 davidalaba00000 - INFO - Number of filtered forms left is: 0 form(s)
[ 2024-04-29 22:47:36,724 ] 91 davidalaba00000 - ERROR - No form found
[ 2024-04-29 22:47:36,724 ] 91 davidalaba00000 - ERROR - No form found
[ 2024-04-29 22:47:36,724 ] 91 davidalaba00000 - ERROR - No form found
[ 2024-04-29 22:47:39,160 ] 91 davidalaba00000 - INFO - Collected 20 forms
[ 2024-04-29 22:47:39,160 ] 91 davidalaba00000 - INFO - Collected 20 forms
[ 2024-04-29 22:47:39,160 ] 91 davidalaba00000 - INFO - Collected 20 forms
[ 2024-04-29 22:47:39,873 ] 91 davidalaba00000 - INFO - Number of filtered forms left is: 0 form(s)
[ 2024-04-29 22:47:39,873 ] 91 davidalaba00000 - INFO - Number of filtered forms left is: 0 form(s)
[ 2024-04-29 22:47:39,873 ] 91 davidalaba00000 - INFO - Number of filtered forms left is: 0 form(s)
[ 2024-04-29 22:47:39,874 ] 91 davidalaba00000 - ERROR - No form found
[ 2024-04-29 22:47:39,874 ] 91 davidalaba00000 - ERROR - No form found
[ 2024-04-29 22:47:39,874 ] 91 davidalaba00000 - ERROR - No form found
[ 2024-04-29 22:47:42,530 ] 91 davidalaba00000 - INFO - Collected 20 forms
[ 2024-04-29 22:47:42,530 ] 91 davidalaba00000 - INFO - Collected 20 forms
[ 2024-04-29 22:47:42,530 ] 91 davidalaba00000 - INFO - Collected 20 forms
