[ 2024-04-29 22:47:13,987 ] 91 main_controller - INFO - Subprocess 0 started with trial number 0
[ 2024-04-29 22:47:13,987 ] 91 main_controller - ERROR - Account is a dictionary, convert to Account object: Username: ngtrnghi123@gmail.com, Password: hoahong1234
[ 2024-04-29 22:47:16,094 ] 91 main_controller - INFO - Subprocess 1 started with trial number 0
[ 2024-04-29 22:47:16,094 ] 91 main_controller - INFO - Subprocess 1 started with trial number 0
[ 2024-04-29 22:47:16,099 ] 91 main_controller - ERROR - Account is a dictionary, convert to Account object: Username: thanhvanngoc30@gmail.com, Password: hoahong1234
[ 2024-04-29 22:47:16,099 ] 91 main_controller - ERROR - Account is a dictionary, convert to Account object: Username: thanhvanngoc30@gmail.com, Password: hoahong1234
[ 2024-04-29 22:47:16,510 ] 91 main_controller - INFO - Browser opened
[ 2024-04-29 22:47:16,510 ] 91 main_controller - INFO - Browser opened
[ 2024-04-29 22:47:17,700 ] 91 main_controller - INFO - Browser opened
[ 2024-04-29 22:47:17,700 ] 91 main_controller - INFO - Browser opened
[ 2024-04-29 22:47:18,189 ] 91 main_controller - INFO - Subprocess 2 started with trial number 0
[ 2024-04-29 22:47:18,189 ] 91 main_controller - INFO - Subprocess 2 started with trial number 0
[ 2024-04-29 22:47:18,189 ] 91 main_controller - INFO - Subprocess 2 started with trial number 0
[ 2024-04-29 22:47:18,193 ] 91 main_controller - ERROR - Account is a dictionary, convert to Account object: Username: davidalaba00000@gmail.com, Password: hoahong1234
[ 2024-04-29 22:47:18,193 ] 91 main_controller - ERROR - Account is a dictionary, convert to Account object: Username: davidalaba00000@gmail.com, Password: hoahong1234
[ 2024-04-29 22:47:18,193 ] 91 main_controller - ERROR - Account is a dictionary, convert to Account object: Username: davidalaba00000@gmail.com, Password: hoahong1234
[ 2024-04-29 22:47:21,413 ] 91 main_controller - INFO - Browser opened
[ 2024-04-29 22:47:21,413 ] 91 main_controller - INFO - Browser opened
[ 2024-04-29 22:47:21,413 ] 91 main_controller - INFO - Browser opened
[ 2024-04-29 22:47:30,826 ] 91 main_controller - INFO - Logged in successfully
[ 2024-04-29 22:47:30,826 ] 91 main_controller - INFO - Logged in successfully
[ 2024-04-29 22:47:30,826 ] 91 main_controller - INFO - Logged in successfully
[ 2024-04-29 22:47:30,958 ] 91 main_controller - INFO - Logged in successfully
[ 2024-04-29 22:47:30,958 ] 91 main_controller - INFO - Logged in successfully
[ 2024-04-29 22:47:30,958 ] 91 main_controller - INFO - Logged in successfully
[ 2024-04-29 22:47:31,114 ] 91 main_controller - INFO - Screenshot saved to C:\Users\USER\Projects\AichiTool\AichiSelenium\logs\2024_04_29\22_47_13\screenshot_ngtrnghi123.png
[ 2024-04-29 22:47:31,114 ] 91 main_controller - INFO - Screenshot saved to C:\Users\USER\Projects\AichiTool\AichiSelenium\logs\2024_04_29\22_47_13\screenshot_ngtrnghi123.png
[ 2024-04-29 22:47:31,114 ] 91 main_controller - INFO - Screenshot saved to C:\Users\USER\Projects\AichiTool\AichiSelenium\logs\2024_04_29\22_47_13\screenshot_ngtrnghi123.png
[ 2024-04-29 22:47:31,115 ] 91 main_controller - INFO - Finding forms
[ 2024-04-29 22:47:31,115 ] 91 main_controller - INFO - Finding forms
[ 2024-04-29 22:47:31,115 ] 91 main_controller - INFO - Finding forms
[ 2024-04-29 22:47:31,218 ] 91 main_controller - INFO - Screenshot saved to C:\Users\USER\Projects\AichiTool\AichiSelenium\logs\2024_04_29\22_47_13\screenshot_thanhvanngoc30.png
[ 2024-04-29 22:47:31,218 ] 91 main_controller - INFO - Screenshot saved to C:\Users\USER\Projects\AichiTool\AichiSelenium\logs\2024_04_29\22_47_13\screenshot_thanhvanngoc30.png
[ 2024-04-29 22:47:31,218 ] 91 main_controller - INFO - Screenshot saved to C:\Users\USER\Projects\AichiTool\AichiSelenium\logs\2024_04_29\22_47_13\screenshot_thanhvanngoc30.png
[ 2024-04-29 22:47:31,219 ] 91 main_controller - INFO - Finding forms
[ 2024-04-29 22:47:31,219 ] 91 main_controller - INFO - Finding forms
[ 2024-04-29 22:47:31,219 ] 91 main_controller - INFO - Finding forms
[ 2024-04-29 22:47:33,638 ] 91 main_controller - INFO - Logged in successfully
[ 2024-04-29 22:47:33,638 ] 91 main_controller - INFO - Logged in successfully
[ 2024-04-29 22:47:33,638 ] 91 main_controller - INFO - Logged in successfully
[ 2024-04-29 22:47:33,919 ] 91 main_controller - INFO - Screenshot saved to C:\Users\USER\Projects\AichiTool\AichiSelenium\logs\2024_04_29\22_47_13\screenshot_davidalaba00000.png
[ 2024-04-29 22:47:33,919 ] 91 main_controller - INFO - Screenshot saved to C:\Users\USER\Projects\AichiTool\AichiSelenium\logs\2024_04_29\22_47_13\screenshot_davidalaba00000.png
[ 2024-04-29 22:47:33,919 ] 91 main_controller - INFO - Screenshot saved to C:\Users\USER\Projects\AichiTool\AichiSelenium\logs\2024_04_29\22_47_13\screenshot_davidalaba00000.png
[ 2024-04-29 22:47:33,922 ] 91 main_controller - INFO - Finding forms
[ 2024-04-29 22:47:33,922 ] 91 main_controller - INFO - Finding forms
[ 2024-04-29 22:47:33,922 ] 91 main_controller - INFO - Finding forms
[ 2024-04-29 22:47:41,260 ] 79 main_controller - ERROR - Caught exception: 'NoneType' object has no attribute 'find_elements'
Traceback (most recent call last):
  File "C:\Users\USER\Projects\AichiTool\AichiSelenium\src\controllers\main_controller.py", line 72, in subprocess
    list_form_info = finder.find(browser)
  File "C:\Users\USER\Projects\AichiTool\AichiSelenium\src\controllers\finder.py", line 33, in find
    self._collect(browser)
  File "C:\Users\USER\Projects\AichiTool\AichiSelenium\src\controllers\finder.py", line 49, in _collect
    forms = form_table.find_elements(By.TAG_NAME, "li")
AttributeError: 'NoneType' object has no attribute 'find_elements'
[ 2024-04-29 22:47:41,260 ] 79 main_controller - ERROR - Caught exception: 'NoneType' object has no attribute 'find_elements'
Traceback (most recent call last):
  File "C:\Users\USER\Projects\AichiTool\AichiSelenium\src\controllers\main_controller.py", line 72, in subprocess
    list_form_info = finder.find(browser)
  File "C:\Users\USER\Projects\AichiTool\AichiSelenium\src\controllers\finder.py", line 33, in find
    self._collect(browser)
  File "C:\Users\USER\Projects\AichiTool\AichiSelenium\src\controllers\finder.py", line 49, in _collect
    forms = form_table.find_elements(By.TAG_NAME, "li")
AttributeError: 'NoneType' object has no attribute 'find_elements'
[ 2024-04-29 22:47:41,260 ] 79 main_controller - ERROR - Caught exception: 'NoneType' object has no attribute 'find_elements'
Traceback (most recent call last):
  File "C:\Users\USER\Projects\AichiTool\AichiSelenium\src\controllers\main_controller.py", line 72, in subprocess
    list_form_info = finder.find(browser)
  File "C:\Users\USER\Projects\AichiTool\AichiSelenium\src\controllers\finder.py", line 33, in find
    self._collect(browser)
  File "C:\Users\USER\Projects\AichiTool\AichiSelenium\src\controllers\finder.py", line 49, in _collect
    forms = form_table.find_elements(By.TAG_NAME, "li")
AttributeError: 'NoneType' object has no attribute 'find_elements'
[ 2024-04-29 22:47:42,700 ] 79 main_controller - ERROR - Caught exception: unsupported operand type(s) for +: 'NoneType' and 'str'
Traceback (most recent call last):
  File "C:\Users\USER\Projects\AichiTool\AichiSelenium\src\controllers\main_controller.py", line 72, in subprocess
    list_form_info = finder.find(browser)
  File "C:\Users\USER\Projects\AichiTool\AichiSelenium\src\controllers\finder.py", line 33, in find
    self._collect(browser)
  File "C:\Users\USER\Projects\AichiTool\AichiSelenium\src\controllers\finder.py", line 57, in _collect
    form_text = form.text + "\n" + temp_seq
TypeError: unsupported operand type(s) for +: 'NoneType' and 'str'
[ 2024-04-29 22:47:42,700 ] 79 main_controller - ERROR - Caught exception: unsupported operand type(s) for +: 'NoneType' and 'str'
Traceback (most recent call last):
  File "C:\Users\USER\Projects\AichiTool\AichiSelenium\src\controllers\main_controller.py", line 72, in subprocess
    list_form_info = finder.find(browser)
  File "C:\Users\USER\Projects\AichiTool\AichiSelenium\src\controllers\finder.py", line 33, in find
    self._collect(browser)
  File "C:\Users\USER\Projects\AichiTool\AichiSelenium\src\controllers\finder.py", line 57, in _collect
    form_text = form.text + "\n" + temp_seq
TypeError: unsupported operand type(s) for +: 'NoneType' and 'str'
[ 2024-04-29 22:47:42,700 ] 79 main_controller - ERROR - Caught exception: unsupported operand type(s) for +: 'NoneType' and 'str'
Traceback (most recent call last):
  File "C:\Users\USER\Projects\AichiTool\AichiSelenium\src\controllers\main_controller.py", line 72, in subprocess
    list_form_info = finder.find(browser)
  File "C:\Users\USER\Projects\AichiTool\AichiSelenium\src\controllers\finder.py", line 33, in find
    self._collect(browser)
  File "C:\Users\USER\Projects\AichiTool\AichiSelenium\src\controllers\finder.py", line 57, in _collect
    form_text = form.text + "\n" + temp_seq
TypeError: unsupported operand type(s) for +: 'NoneType' and 'str'
[ 2024-04-29 22:47:43,606 ] 91 main_controller - INFO - Subprocess 1 started with trial number 1
[ 2024-04-29 22:47:43,606 ] 91 main_controller - INFO - Subprocess 1 started with trial number 1
[ 2024-04-29 22:47:43,606 ] 91 main_controller - INFO - Subprocess 1 started with trial number 1
[ 2024-04-29 22:47:43,606 ] 91 main_controller - INFO - Subprocess 1 started with trial number 1
