[ 2024-04-29 22:47:23,354 ] 91 ngtrnghi123 - INFO - Opened login page
[ 2024-04-29 22:47:23,354 ] 91 ngtrnghi123 - INFO - Opened login page
[ 2024-04-29 22:47:23,354 ] 91 ngtrnghi123 - INFO - Opened login page
[ 2024-04-29 22:47:30,488 ] 91 ngtrnghi123 - INFO - Logging in
[ 2024-04-29 22:47:30,488 ] 91 ngtrnghi123 - INFO - Logging in
[ 2024-04-29 22:47:30,488 ] 91 ngtrnghi123 - INFO - Logging in
[ 2024-04-29 22:47:30,507 ] 91 ngtrnghi123 - INFO - Current url: https://www.shinsei.e-aichi.jp/pref-aichi-police-u/offer/offerList_initDisplay
[ 2024-04-29 22:47:30,507 ] 91 ngtrnghi123 - INFO - Current url: https://www.shinsei.e-aichi.jp/pref-aichi-police-u/offer/offerList_initDisplay
[ 2024-04-29 22:47:30,507 ] 91 ngtrnghi123 - INFO - Current url: https://www.shinsei.e-aichi.jp/pref-aichi-police-u/offer/offerList_initDisplay
[ 2024-04-29 22:47:30,825 ] 91 ngtrnghi123 - INFO - Logged in finished
[ 2024-04-29 22:47:30,825 ] 91 ngtrnghi123 - INFO - Logged in finished
[ 2024-04-29 22:47:30,825 ] 91 ngtrnghi123 - INFO - Logged in finished
[ 2024-04-29 22:47:31,120 ] 91 ngtrnghi123 - INFO - On main page
[ 2024-04-29 22:47:31,120 ] 91 ngtrnghi123 - INFO - On main page
[ 2024-04-29 22:47:31,120 ] 91 ngtrnghi123 - INFO - On main page
[ 2024-04-29 22:47:33,331 ] 91 ngtrnghi123 - INFO - Search submitted
[ 2024-04-29 22:47:33,331 ] 91 ngtrnghi123 - INFO - Search submitted
[ 2024-04-29 22:47:33,331 ] 91 ngtrnghi123 - INFO - Search submitted
[ 2024-04-29 22:47:33,379 ] 91 ngtrnghi123 - INFO - Collected 20 forms
[ 2024-04-29 22:47:33,379 ] 91 ngtrnghi123 - INFO - Collected 20 forms
[ 2024-04-29 22:47:33,379 ] 91 ngtrnghi123 - INFO - Collected 20 forms
[ 2024-04-29 22:47:34,467 ] 91 ngtrnghi123 - INFO - Number of filtered forms left is: 0 form(s)
[ 2024-04-29 22:47:34,467 ] 91 ngtrnghi123 - INFO - Number of filtered forms left is: 0 form(s)
[ 2024-04-29 22:47:34,467 ] 91 ngtrnghi123 - INFO - Number of filtered forms left is: 0 form(s)
[ 2024-04-29 22:47:34,467 ] 91 ngtrnghi123 - ERROR - No form found
[ 2024-04-29 22:47:34,467 ] 91 ngtrnghi123 - ERROR - No form found
[ 2024-04-29 22:47:34,467 ] 91 ngtrnghi123 - ERROR - No form found
[ 2024-04-29 22:47:37,276 ] 91 ngtrnghi123 - INFO - Collected 20 forms
[ 2024-04-29 22:47:37,276 ] 91 ngtrnghi123 - INFO - Collected 20 forms
[ 2024-04-29 22:47:37,276 ] 91 ngtrnghi123 - INFO - Collected 20 forms
[ 2024-04-29 22:47:37,781 ] 91 ngtrnghi123 - INFO - Number of filtered forms left is: 0 form(s)
[ 2024-04-29 22:47:37,781 ] 91 ngtrnghi123 - INFO - Number of filtered forms left is: 0 form(s)
[ 2024-04-29 22:47:37,781 ] 91 ngtrnghi123 - INFO - Number of filtered forms left is: 0 form(s)
[ 2024-04-29 22:47:37,781 ] 91 ngtrnghi123 - ERROR - No form found
[ 2024-04-29 22:47:37,781 ] 91 ngtrnghi123 - ERROR - No form found
[ 2024-04-29 22:47:37,781 ] 91 ngtrnghi123 - ERROR - No form found
[ 2024-04-29 22:47:40,536 ] 91 ngtrnghi123 - INFO - Collected 20 forms
[ 2024-04-29 22:47:40,536 ] 91 ngtrnghi123 - INFO - Collected 20 forms
[ 2024-04-29 22:47:40,536 ] 91 ngtrnghi123 - INFO - Collected 20 forms
[ 2024-04-29 22:47:41,214 ] 91 ngtrnghi123 - INFO - Number of filtered forms left is: 0 form(s)
[ 2024-04-29 22:47:41,214 ] 91 ngtrnghi123 - INFO - Number of filtered forms left is: 0 form(s)
[ 2024-04-29 22:47:41,214 ] 91 ngtrnghi123 - INFO - Number of filtered forms left is: 0 form(s)
[ 2024-04-29 22:47:41,216 ] 91 ngtrnghi123 - ERROR - No form found
[ 2024-04-29 22:47:41,216 ] 91 ngtrnghi123 - ERROR - No form found
[ 2024-04-29 22:47:41,216 ] 91 ngtrnghi123 - ERROR - No form found
