[ 2024-04-29 22:47:13,984 ] 91 root - INFO - Starting all threads
[ 2024-04-29 22:47:13,984 ] 91 root - INFO - Starting all threads
[ 2024-04-29 22:47:13,984 ] 91 root - INFO - Meta: {'__module__': 'src.globals', '__doc__': '        Meta configs        ', 'keyword': 'Hirabari', 'test_mode': False, 'debug_mode': True, 'onlyday': True, 'max_num_retry': 5, 'default_num_threads': 3, 'display_number': 50, 'main_phone_number_dash': '080-1583-0891', 'uc': True, 'headless': False, 'timeout': 900, '__dict__': <attribute '__dict__' of 'Meta' objects>, '__weakref__': <attribute '__weakref__' of 'Meta' objects>}
[ 2024-04-29 22:47:13,984 ] 91 root - INFO - Meta: {'__module__': 'src.globals', '__doc__': '        Meta configs        ', 'keyword': 'Hirabari', 'test_mode': False, 'debug_mode': True, 'onlyday': True, 'max_num_retry': 5, 'default_num_threads': 3, 'display_number': 50, 'main_phone_number_dash': '080-1583-0891', 'uc': True, 'headless': False, 'timeout': 900, '__dict__': <attribute '__dict__' of 'Meta' objects>, '__weakref__': <attribute '__weakref__' of 'Meta' objects>}
[ 2024-04-29 22:47:13,984 ] 91 root - INFO - Number of dev accounts: 3
[ 2024-04-29 22:47:13,984 ] 91 root - INFO - Number of dev accounts: 3
[ 2024-04-29 22:47:13,987 ] 91 main_controller - INFO - Subprocess 0 started with trial number 0
[ 2024-04-29 22:47:13,987 ] 91 main_controller - ERROR - Account is a dictionary, convert to Account object: Username: ngtrnghi123@gmail.com, Password: hoahong1234
[ 2024-04-29 22:47:15,993 ] 91 root - INFO - Thread 0 started
[ 2024-04-29 22:47:15,993 ] 91 root - INFO - Thread 0 started
[ 2024-04-29 22:47:16,094 ] 91 main_controller - INFO - Subprocess 1 started with trial number 0
[ 2024-04-29 22:47:16,099 ] 91 main_controller - ERROR - Account is a dictionary, convert to Account object: Username: thanhvanngoc30@gmail.com, Password: hoahong1234
[ 2024-04-29 22:47:16,510 ] 91 main_controller - INFO - Browser opened
[ 2024-04-29 22:47:17,700 ] 91 main_controller - INFO - Browser opened
[ 2024-04-29 22:47:18,105 ] 91 root - INFO - Thread 1 started
[ 2024-04-29 22:47:18,105 ] 91 root - INFO - Thread 1 started
[ 2024-04-29 22:47:18,189 ] 91 main_controller - INFO - Subprocess 2 started with trial number 0
[ 2024-04-29 22:47:18,193 ] 91 main_controller - ERROR - Account is a dictionary, convert to Account object: Username: davidalaba00000@gmail.com, Password: hoahong1234
[ 2024-04-29 22:47:20,215 ] 91 root - INFO - Thread 2 started
[ 2024-04-29 22:47:20,215 ] 91 root - INFO - Thread 2 started
[ 2024-04-29 22:47:21,413 ] 91 main_controller - INFO - Browser opened
[ 2024-04-29 22:47:23,354 ] 91 ngtrnghi123 - INFO - Opened login page
[ 2024-04-29 22:47:24,631 ] 91 thanhvanngoc30 - INFO - Opened login page
[ 2024-04-29 22:47:29,536 ] 91 davidalaba00000 - INFO - Opened login page
[ 2024-04-29 22:47:30,488 ] 91 ngtrnghi123 - INFO - Logging in
[ 2024-04-29 22:47:30,507 ] 91 ngtrnghi123 - INFO - Current url: https://www.shinsei.e-aichi.jp/pref-aichi-police-u/offer/offerList_initDisplay
[ 2024-04-29 22:47:30,623 ] 91 thanhvanngoc30 - INFO - Logging in
[ 2024-04-29 22:47:30,635 ] 91 thanhvanngoc30 - INFO - Current url: https://www.shinsei.e-aichi.jp/pref-aichi-police-u/offer/offerList_initDisplay
[ 2024-04-29 22:47:30,825 ] 91 ngtrnghi123 - INFO - Logged in finished
[ 2024-04-29 22:47:30,826 ] 91 main_controller - INFO - Logged in successfully
[ 2024-04-29 22:47:30,957 ] 91 thanhvanngoc30 - INFO - Logged in finished
[ 2024-04-29 22:47:30,958 ] 91 main_controller - INFO - Logged in successfully
[ 2024-04-29 22:47:31,114 ] 91 main_controller - INFO - Screenshot saved to C:\Users\USER\Projects\AichiTool\AichiSelenium\logs\2024_04_29\22_47_13\screenshot_ngtrnghi123.png
[ 2024-04-29 22:47:31,115 ] 91 main_controller - INFO - Finding forms
[ 2024-04-29 22:47:31,120 ] 91 ngtrnghi123 - INFO - On main page
[ 2024-04-29 22:47:31,218 ] 91 main_controller - INFO - Screenshot saved to C:\Users\USER\Projects\AichiTool\AichiSelenium\logs\2024_04_29\22_47_13\screenshot_thanhvanngoc30.png
[ 2024-04-29 22:47:31,219 ] 91 main_controller - INFO - Finding forms
[ 2024-04-29 22:47:31,231 ] 91 thanhvanngoc30 - INFO - On main page
[ 2024-04-29 22:47:32,923 ] 91 thanhvanngoc30 - INFO - Search submitted
[ 2024-04-29 22:47:32,987 ] 91 thanhvanngoc30 - INFO - Collected 20 forms
[ 2024-04-29 22:47:33,297 ] 91 davidalaba00000 - INFO - Logging in
[ 2024-04-29 22:47:33,309 ] 91 davidalaba00000 - INFO - Current url: https://www.shinsei.e-aichi.jp/pref-aichi-police-u/offer/offerList_initDisplay
[ 2024-04-29 22:47:33,331 ] 91 ngtrnghi123 - INFO - Search submitted
[ 2024-04-29 22:47:33,379 ] 91 ngtrnghi123 - INFO - Collected 20 forms
[ 2024-04-29 22:47:33,635 ] 91 davidalaba00000 - INFO - Logged in finished
[ 2024-04-29 22:47:33,638 ] 91 main_controller - INFO - Logged in successfully
[ 2024-04-29 22:47:33,919 ] 91 main_controller - INFO - Screenshot saved to C:\Users\USER\Projects\AichiTool\AichiSelenium\logs\2024_04_29\22_47_13\screenshot_davidalaba00000.png
[ 2024-04-29 22:47:33,922 ] 91 main_controller - INFO - Finding forms
[ 2024-04-29 22:47:33,939 ] 91 davidalaba00000 - INFO - On main page
[ 2024-04-29 22:47:34,182 ] 91 thanhvanngoc30 - INFO - Number of filtered forms left is: 0 form(s)
[ 2024-04-29 22:47:34,184 ] 91 thanhvanngoc30 - ERROR - No form found
[ 2024-04-29 22:47:34,467 ] 91 ngtrnghi123 - INFO - Number of filtered forms left is: 0 form(s)
[ 2024-04-29 22:47:34,467 ] 91 ngtrnghi123 - ERROR - No form found
[ 2024-04-29 22:47:35,670 ] 91 davidalaba00000 - INFO - Search submitted
[ 2024-04-29 22:47:35,694 ] 91 davidalaba00000 - INFO - Collected 20 forms
[ 2024-04-29 22:47:36,353 ] 91 thanhvanngoc30 - INFO - Collected 20 forms
[ 2024-04-29 22:47:36,723 ] 91 davidalaba00000 - INFO - Number of filtered forms left is: 0 form(s)
[ 2024-04-29 22:47:36,724 ] 91 davidalaba00000 - ERROR - No form found
[ 2024-04-29 22:47:37,276 ] 91 ngtrnghi123 - INFO - Collected 20 forms
[ 2024-04-29 22:47:37,314 ] 91 thanhvanngoc30 - INFO - Number of filtered forms left is: 0 form(s)
[ 2024-04-29 22:47:37,314 ] 91 thanhvanngoc30 - ERROR - No form found
[ 2024-04-29 22:47:37,781 ] 91 ngtrnghi123 - INFO - Number of filtered forms left is: 0 form(s)
[ 2024-04-29 22:47:37,781 ] 91 ngtrnghi123 - ERROR - No form found
[ 2024-04-29 22:47:39,160 ] 91 davidalaba00000 - INFO - Collected 20 forms
[ 2024-04-29 22:47:39,536 ] 91 thanhvanngoc30 - INFO - Collected 20 forms
[ 2024-04-29 22:47:39,873 ] 91 davidalaba00000 - INFO - Number of filtered forms left is: 0 form(s)
[ 2024-04-29 22:47:39,874 ] 91 davidalaba00000 - ERROR - No form found
[ 2024-04-29 22:47:40,128 ] 91 thanhvanngoc30 - INFO - Number of filtered forms left is: 0 form(s)
[ 2024-04-29 22:47:40,129 ] 91 thanhvanngoc30 - ERROR - No form found
[ 2024-04-29 22:47:40,536 ] 91 ngtrnghi123 - INFO - Collected 20 forms
[ 2024-04-29 22:47:41,214 ] 91 ngtrnghi123 - INFO - Number of filtered forms left is: 0 form(s)
[ 2024-04-29 22:47:41,216 ] 91 ngtrnghi123 - ERROR - No form found
[ 2024-04-29 22:47:41,260 ] 79 main_controller - ERROR - Caught exception: 'NoneType' object has no attribute 'find_elements'
Traceback (most recent call last):
  File "C:\Users\USER\Projects\AichiTool\AichiSelenium\src\controllers\main_controller.py", line 72, in subprocess
    list_form_info = finder.find(browser)
  File "C:\Users\USER\Projects\AichiTool\AichiSelenium\src\controllers\finder.py", line 33, in find
    self._collect(browser)
  File "C:\Users\USER\Projects\AichiTool\AichiSelenium\src\controllers\finder.py", line 49, in _collect
    forms = form_table.find_elements(By.TAG_NAME, "li")
AttributeError: 'NoneType' object has no attribute 'find_elements'
[ 2024-04-29 22:47:42,530 ] 91 davidalaba00000 - INFO - Collected 20 forms
[ 2024-04-29 22:47:42,700 ] 79 main_controller - ERROR - Caught exception: unsupported operand type(s) for +: 'NoneType' and 'str'
Traceback (most recent call last):
  File "C:\Users\USER\Projects\AichiTool\AichiSelenium\src\controllers\main_controller.py", line 72, in subprocess
    list_form_info = finder.find(browser)
  File "C:\Users\USER\Projects\AichiTool\AichiSelenium\src\controllers\finder.py", line 33, in find
    self._collect(browser)
  File "C:\Users\USER\Projects\AichiTool\AichiSelenium\src\controllers\finder.py", line 57, in _collect
    form_text = form.text + "\n" + temp_seq
TypeError: unsupported operand type(s) for +: 'NoneType' and 'str'
[ 2024-04-29 22:47:43,606 ] 91 main_controller - INFO - Subprocess 1 started with trial number 1
