[ 2024-04-29 22:47:24,631 ] 91 thanhvanngoc30 - INFO - Opened login page
[ 2024-04-29 22:47:24,631 ] 91 thanhvanngoc30 - INFO - Opened login page
[ 2024-04-29 22:47:24,631 ] 91 thanhvanngoc30 - INFO - Opened login page
[ 2024-04-29 22:47:30,623 ] 91 thanhvanngoc30 - INFO - Logging in
[ 2024-04-29 22:47:30,623 ] 91 thanhvanngoc30 - INFO - Logging in
[ 2024-04-29 22:47:30,623 ] 91 thanhvanngoc30 - INFO - Logging in
[ 2024-04-29 22:47:30,635 ] 91 thanhvanngoc30 - INFO - Current url: https://www.shinsei.e-aichi.jp/pref-aichi-police-u/offer/offerList_initDisplay
[ 2024-04-29 22:47:30,635 ] 91 thanhvanngoc30 - INFO - Current url: https://www.shinsei.e-aichi.jp/pref-aichi-police-u/offer/offerList_initDisplay
[ 2024-04-29 22:47:30,635 ] 91 thanhvanngoc30 - INFO - Current url: https://www.shinsei.e-aichi.jp/pref-aichi-police-u/offer/offerList_initDisplay
[ 2024-04-29 22:47:30,957 ] 91 thanhvanngoc30 - INFO - Logged in finished
[ 2024-04-29 22:47:30,957 ] 91 thanhvanngoc30 - INFO - Logged in finished
[ 2024-04-29 22:47:30,957 ] 91 thanhvanngoc30 - INFO - Logged in finished
[ 2024-04-29 22:47:31,231 ] 91 thanhvanngoc30 - INFO - On main page
[ 2024-04-29 22:47:31,231 ] 91 thanhvanngoc30 - INFO - On main page
[ 2024-04-29 22:47:31,231 ] 91 thanhvanngoc30 - INFO - On main page
[ 2024-04-29 22:47:32,923 ] 91 thanhvanngoc30 - INFO - Search submitted
[ 2024-04-29 22:47:32,923 ] 91 thanhvanngoc30 - INFO - Search submitted
[ 2024-04-29 22:47:32,923 ] 91 thanhvanngoc30 - INFO - Search submitted
[ 2024-04-29 22:47:32,987 ] 91 thanhvanngoc30 - INFO - Collected 20 forms
[ 2024-04-29 22:47:32,987 ] 91 thanhvanngoc30 - INFO - Collected 20 forms
[ 2024-04-29 22:47:32,987 ] 91 thanhvanngoc30 - INFO - Collected 20 forms
[ 2024-04-29 22:47:34,182 ] 91 thanhvanngoc30 - INFO - Number of filtered forms left is: 0 form(s)
[ 2024-04-29 22:47:34,182 ] 91 thanhvanngoc30 - INFO - Number of filtered forms left is: 0 form(s)
[ 2024-04-29 22:47:34,182 ] 91 thanhvanngoc30 - INFO - Number of filtered forms left is: 0 form(s)
[ 2024-04-29 22:47:34,184 ] 91 thanhvanngoc30 - ERROR - No form found
[ 2024-04-29 22:47:34,184 ] 91 thanhvanngoc30 - ERROR - No form found
[ 2024-04-29 22:47:34,184 ] 91 thanhvanngoc30 - ERROR - No form found
[ 2024-04-29 22:47:36,353 ] 91 thanhvanngoc30 - INFO - Collected 20 forms
[ 2024-04-29 22:47:36,353 ] 91 thanhvanngoc30 - INFO - Collected 20 forms
[ 2024-04-29 22:47:36,353 ] 91 thanhvanngoc30 - INFO - Collected 20 forms
[ 2024-04-29 22:47:37,314 ] 91 thanhvanngoc30 - INFO - Number of filtered forms left is: 0 form(s)
[ 2024-04-29 22:47:37,314 ] 91 thanhvanngoc30 - INFO - Number of filtered forms left is: 0 form(s)
[ 2024-04-29 22:47:37,314 ] 91 thanhvanngoc30 - INFO - Number of filtered forms left is: 0 form(s)
[ 2024-04-29 22:47:37,314 ] 91 thanhvanngoc30 - ERROR - No form found
[ 2024-04-29 22:47:37,314 ] 91 thanhvanngoc30 - ERROR - No form found
[ 2024-04-29 22:47:37,314 ] 91 thanhvanngoc30 - ERROR - No form found
[ 2024-04-29 22:47:39,536 ] 91 thanhvanngoc30 - INFO - Collected 20 forms
[ 2024-04-29 22:47:39,536 ] 91 thanhvanngoc30 - INFO - Collected 20 forms
[ 2024-04-29 22:47:39,536 ] 91 thanhvanngoc30 - INFO - Collected 20 forms
[ 2024-04-29 22:47:40,128 ] 91 thanhvanngoc30 - INFO - Number of filtered forms left is: 0 form(s)
[ 2024-04-29 22:47:40,128 ] 91 thanhvanngoc30 - INFO - Number of filtered forms left is: 0 form(s)
[ 2024-04-29 22:47:40,128 ] 91 thanhvanngoc30 - INFO - Number of filtered forms left is: 0 form(s)
[ 2024-04-29 22:47:40,129 ] 91 thanhvanngoc30 - ERROR - No form found
[ 2024-04-29 22:47:40,129 ] 91 thanhvanngoc30 - ERROR - No form found
[ 2024-04-29 22:47:40,129 ] 91 thanhvanngoc30 - ERROR - No form found
