[ 2024-04-16 04:21:09,272 ] 94 main_controller - ERROR - Account is a dictionary, convert to Account object: Username: luthien5921@gmail.com, Password: aichi@5921
[ 2024-04-16 04:21:12,346 ] 94 main_controller - INFO - Browser opened
[ 2024-04-16 04:21:22,132 ] 94 main_controller - INFO - Logged in successfully
[ 2024-04-16 04:21:22,370 ] 94 main_controller - INFO - Screenshot saved to C:\Users\USER\Projects\AichiTool\AichiSelenium\logs\2024_04_16\04_21_08\screenshot_luthien5921.png
[ 2024-04-16 04:21:22,371 ] 94 main_controller - INFO - Finding forms
[ 2024-04-16 04:21:24,282 ] 94 main_controller - INFO - Found 4 form(s)
[ 2024-04-16 04:21:30,153 ] 94 main_controller - INFO - Form is closed, template sequence: 90548
[ 2024-04-16 04:21:38,904 ] 94 main_controller - INFO - Failed to fill form, template sequence: 90550
[ 2024-04-16 04:22:41,447 ] 94 main_controller - INFO - Failed to fill form, template sequence: 90551
[ 2024-04-16 04:22:47,764 ] 82 main_controller - ERROR - Caught exception: Message: no such window: target window already closed
from unknown error: web view not found
  (Session info: chrome=123.0.6312.107)
Stacktrace:
	GetHandleVerifier [0x00007FF770D87032+63090]
	(No symbol) [0x00007FF770CF2C82]
	(No symbol) [0x00007FF770B8EC65]
	(No symbol) [0x00007FF770B6CA7C]
	(No symbol) [0x00007FF770BFD687]
	(No symbol) [0x00007FF770C03CD2]
	(No symbol) [0x00007FF770BF6FA0]
	(No symbol) [0x00007FF770BC83A8]
	(No symbol) [0x00007FF770BC9441]
	GetHandleVerifier [0x00007FF7711825AD+4238317]
	GetHandleVerifier [0x00007FF7711BF70D+4488525]
	GetHandleVerifier [0x00007FF7711B79EF+4456495]
	GetHandleVerifier [0x00007FF770E60576+953270]
	(No symbol) [0x00007FF770CFE54F]
	(No symbol) [0x00007FF770CF9224]
	(No symbol) [0x00007FF770CF935B]
	(No symbol) [0x00007FF770CE9B94]
	BaseThreadInitThunk [0x00007FFDC2F1257D+29]
	RtlUserThreadStart [0x00007FFDC3E0AA48+40]
Traceback (most recent call last):
  File "C:\Users\USER\Projects\AichiTool\AichiSelenium\src\controllers\main_controller.py", line 75, in subprocess
    filler.fill(browser, form_info)
  File "C:\Users\USER\Projects\AichiTool\AichiSelenium\src\controllers\filler.py", line 20, in fill
    browser.get(form_info.url)
  File "C:\ProgramData\anaconda3\envs\aichi\lib\site-packages\seleniumbase\core\browser_launcher.py", line 3739, in <lambda>
    driver.get = lambda url: uc_special_open_if_cf(
  File "C:\ProgramData\anaconda3\envs\aichi\lib\site-packages\seleniumbase\core\browser_launcher.py", line 364, in uc_special_open_if_cf
    driver.close()
  File "C:\ProgramData\anaconda3\envs\aichi\lib\site-packages\selenium\webdriver\remote\webdriver.py", line 458, in close
    self.execute(Command.CLOSE)
  File "C:\ProgramData\anaconda3\envs\aichi\lib\site-packages\selenium\webdriver\remote\webdriver.py", line 347, in execute
    self.error_handler.check_response(response)
  File "C:\ProgramData\anaconda3\envs\aichi\lib\site-packages\selenium\webdriver\remote\errorhandler.py", line 229, in check_response
    raise exception_class(message, screen, stacktrace)
selenium.common.exceptions.NoSuchWindowException: Message: no such window: target window already closed
from unknown error: web view not found
  (Session info: chrome=123.0.6312.107)
Stacktrace:
	GetHandleVerifier [0x00007FF770D87032+63090]
	(No symbol) [0x00007FF770CF2C82]
	(No symbol) [0x00007FF770B8EC65]
	(No symbol) [0x00007FF770B6CA7C]
	(No symbol) [0x00007FF770BFD687]
	(No symbol) [0x00007FF770C03CD2]
	(No symbol) [0x00007FF770BF6FA0]
	(No symbol) [0x00007FF770BC83A8]
	(No symbol) [0x00007FF770BC9441]
	GetHandleVerifier [0x00007FF7711825AD+4238317]
	GetHandleVerifier [0x00007FF7711BF70D+4488525]
	GetHandleVerifier [0x00007FF7711B79EF+4456495]
	GetHandleVerifier [0x00007FF770E60576+953270]
	(No symbol) [0x00007FF770CFE54F]
	(No symbol) [0x00007FF770CF9224]
	(No symbol) [0x00007FF770CF935B]
	(No symbol) [0x00007FF770CE9B94]
	BaseThreadInitThunk [0x00007FFDC2F1257D+29]
	RtlUserThreadStart [0x00007FFDC3E0AA48+40]

[ 2024-04-16 04:22:47,768 ] 94 main_controller - INFO - Closing browser
[ 2024-04-16 04:22:50,018 ] 94 main_controller - INFO - Browser closed
