[ 2024-04-23 22:43:45,703 ] 94 benemmai380 - INFO - Opened login page
[ 2024-04-23 22:43:45,703 ] 94 benemmai380 - INFO - Opened login page
[ 2024-04-23 22:43:45,703 ] 94 benemmai380 - INFO - Opened login page
[ 2024-04-23 22:43:48,791 ] 94 benemmai380 - INFO - Logging in
[ 2024-04-23 22:43:48,791 ] 94 benemmai380 - INFO - Logging in
[ 2024-04-23 22:43:48,791 ] 94 benemmai380 - INFO - Logging in
[ 2024-04-23 22:43:48,797 ] 94 benemmai380 - INFO - Current url: https://www.shinsei.e-aichi.jp/pref-aichi-police-u/offer/offerList_initDisplay
[ 2024-04-23 22:43:48,797 ] 94 benemmai380 - INFO - Current url: https://www.shinsei.e-aichi.jp/pref-aichi-police-u/offer/offerList_initDisplay
[ 2024-04-23 22:43:48,797 ] 94 benemmai380 - INFO - Current url: https://www.shinsei.e-aichi.jp/pref-aichi-police-u/offer/offerList_initDisplay
[ 2024-04-23 22:43:49,114 ] 94 benemmai380 - INFO - Logged in finished
[ 2024-04-23 22:43:49,114 ] 94 benemmai380 - INFO - Logged in finished
[ 2024-04-23 22:43:49,114 ] 94 benemmai380 - INFO - Logged in finished
[ 2024-04-23 22:43:49,592 ] 94 benemmai380 - INFO - On main page
[ 2024-04-23 22:43:49,592 ] 94 benemmai380 - INFO - On main page
[ 2024-04-23 22:43:49,592 ] 94 benemmai380 - INFO - On main page
[ 2024-04-23 22:43:50,949 ] 94 benemmai380 - INFO - Search submitted
[ 2024-04-23 22:43:50,949 ] 94 benemmai380 - INFO - Search submitted
[ 2024-04-23 22:43:50,949 ] 94 benemmai380 - INFO - Search submitted
[ 2024-04-23 22:43:50,986 ] 94 benemmai380 - INFO - Collected 20 forms
[ 2024-04-23 22:43:50,986 ] 94 benemmai380 - INFO - Collected 20 forms
[ 2024-04-23 22:43:50,986 ] 94 benemmai380 - INFO - Collected 20 forms
[ 2024-04-23 22:43:51,065 ] 94 benemmai380 - INFO - Parsed data: title: ＜05月09日(木) 08:45～09:30＞[平針]外国免許切替審査 Hirabari Exchanging Foreign Driver's License, status: 近日受付開始, start_date: 2024年04月25日 07時30分, end_date: 2024年05月07日 12時00分, template_seq: 96458
[ 2024-04-23 22:43:51,065 ] 94 benemmai380 - INFO - Parsed data: title: ＜05月09日(木) 08:45～09:30＞[平針]外国免許切替審査 Hirabari Exchanging Foreign Driver's License, status: 近日受付開始, start_date: 2024年04月25日 07時30分, end_date: 2024年05月07日 12時00分, template_seq: 96458
[ 2024-04-23 22:43:51,065 ] 94 benemmai380 - INFO - Parsed data: title: ＜05月09日(木) 08:45～09:30＞[平針]外国免許切替審査 Hirabari Exchanging Foreign Driver's License, status: 近日受付開始, start_date: 2024年04月25日 07時30分, end_date: 2024年05月07日 12時00分, template_seq: 96458
[ 2024-04-23 22:43:51,068 ] 94 benemmai380 - INFO - Skip form with passed, ended, or not today status
[ 2024-04-23 22:43:51,068 ] 94 benemmai380 - INFO - Skip form with passed, ended, or not today status
[ 2024-04-23 22:43:51,068 ] 94 benemmai380 - INFO - Skip form with passed, ended, or not today status
[ 2024-04-23 22:43:51,106 ] 94 benemmai380 - INFO - Parsed data: title: ＜05月09日(木) 09:30～10:30＞[平針]外国免許切替審査 Hirabari Exchanging Foreign Driver's License, status: 近日受付開始, start_date: 2024年04月25日 07時30分, end_date: 2024年05月07日 12時00分, template_seq: 96459
[ 2024-04-23 22:43:51,106 ] 94 benemmai380 - INFO - Parsed data: title: ＜05月09日(木) 09:30～10:30＞[平針]外国免許切替審査 Hirabari Exchanging Foreign Driver's License, status: 近日受付開始, start_date: 2024年04月25日 07時30分, end_date: 2024年05月07日 12時00分, template_seq: 96459
[ 2024-04-23 22:43:51,106 ] 94 benemmai380 - INFO - Parsed data: title: ＜05月09日(木) 09:30～10:30＞[平針]外国免許切替審査 Hirabari Exchanging Foreign Driver's License, status: 近日受付開始, start_date: 2024年04月25日 07時30分, end_date: 2024年05月07日 12時00分, template_seq: 96459
[ 2024-04-23 22:43:51,110 ] 94 benemmai380 - INFO - Skip form with passed, ended, or not today status
[ 2024-04-23 22:43:51,110 ] 94 benemmai380 - INFO - Skip form with passed, ended, or not today status
[ 2024-04-23 22:43:51,110 ] 94 benemmai380 - INFO - Skip form with passed, ended, or not today status
[ 2024-04-23 22:43:51,221 ] 94 benemmai380 - INFO - Parsed data: title: ＜05月09日(木) 10:30～11:45＞[平針]外国免許切替審査 Hirabari Exchanging Foreign Driver's License, status: 近日受付開始, start_date: 2024年04月25日 07時30分, end_date: 2024年05月07日 12時00分, template_seq: 96460
[ 2024-04-23 22:43:51,221 ] 94 benemmai380 - INFO - Parsed data: title: ＜05月09日(木) 10:30～11:45＞[平針]外国免許切替審査 Hirabari Exchanging Foreign Driver's License, status: 近日受付開始, start_date: 2024年04月25日 07時30分, end_date: 2024年05月07日 12時00分, template_seq: 96460
[ 2024-04-23 22:43:51,221 ] 94 benemmai380 - INFO - Parsed data: title: ＜05月09日(木) 10:30～11:45＞[平針]外国免許切替審査 Hirabari Exchanging Foreign Driver's License, status: 近日受付開始, start_date: 2024年04月25日 07時30分, end_date: 2024年05月07日 12時00分, template_seq: 96460
[ 2024-04-23 22:43:51,224 ] 94 benemmai380 - INFO - Skip form with passed, ended, or not today status
[ 2024-04-23 22:43:51,224 ] 94 benemmai380 - INFO - Skip form with passed, ended, or not today status
[ 2024-04-23 22:43:51,224 ] 94 benemmai380 - INFO - Skip form with passed, ended, or not today status
[ 2024-04-23 22:43:51,306 ] 94 benemmai380 - INFO - Parsed data: title: ＜05月09日(木) 12:45～13:30＞[平針]外国免許切替審査 Hirabari Exchanging Foreign Driver's License, status: 近日受付開始, start_date: 2024年04月25日 07時30分, end_date: 2024年05月07日 12時00分, template_seq: 96461
[ 2024-04-23 22:43:51,306 ] 94 benemmai380 - INFO - Parsed data: title: ＜05月09日(木) 12:45～13:30＞[平針]外国免許切替審査 Hirabari Exchanging Foreign Driver's License, status: 近日受付開始, start_date: 2024年04月25日 07時30分, end_date: 2024年05月07日 12時00分, template_seq: 96461
[ 2024-04-23 22:43:51,306 ] 94 benemmai380 - INFO - Parsed data: title: ＜05月09日(木) 12:45～13:30＞[平針]外国免許切替審査 Hirabari Exchanging Foreign Driver's License, status: 近日受付開始, start_date: 2024年04月25日 07時30分, end_date: 2024年05月07日 12時00分, template_seq: 96461
[ 2024-04-23 22:43:51,307 ] 94 benemmai380 - INFO - Skip form with passed, ended, or not today status
[ 2024-04-23 22:43:51,307 ] 94 benemmai380 - INFO - Skip form with passed, ended, or not today status
[ 2024-04-23 22:43:51,307 ] 94 benemmai380 - INFO - Skip form with passed, ended, or not today status
[ 2024-04-23 22:43:51,353 ] 94 benemmai380 - INFO - Parsed data: title: ＜05月09日(木) 13:30～14:45＞[平針]外国免許切替審査 Hirabari Exchanging Foreign Driver's License, status: 近日受付開始, start_date: 2024年04月25日 07時30分, end_date: 2024年05月07日 12時00分, template_seq: 96462
[ 2024-04-23 22:43:51,353 ] 94 benemmai380 - INFO - Parsed data: title: ＜05月09日(木) 13:30～14:45＞[平針]外国免許切替審査 Hirabari Exchanging Foreign Driver's License, status: 近日受付開始, start_date: 2024年04月25日 07時30分, end_date: 2024年05月07日 12時00分, template_seq: 96462
[ 2024-04-23 22:43:51,353 ] 94 benemmai380 - INFO - Parsed data: title: ＜05月09日(木) 13:30～14:45＞[平針]外国免許切替審査 Hirabari Exchanging Foreign Driver's License, status: 近日受付開始, start_date: 2024年04月25日 07時30分, end_date: 2024年05月07日 12時00分, template_seq: 96462
[ 2024-04-23 22:43:51,355 ] 94 benemmai380 - INFO - Skip form with passed, ended, or not today status
[ 2024-04-23 22:43:51,355 ] 94 benemmai380 - INFO - Skip form with passed, ended, or not today status
[ 2024-04-23 22:43:51,355 ] 94 benemmai380 - INFO - Skip form with passed, ended, or not today status
[ 2024-04-23 22:43:51,393 ] 94 benemmai380 - INFO - Parsed data: title: ＜05月08日(水) 08:45～09:30＞[平針]外国免許切替審査 Hirabari Exchanging Foreign Driver's License, status: 近日受付開始, start_date: 2024年04月24日 07時30分, end_date: 2024年05月02日 12時00分, template_seq: 96453
[ 2024-04-23 22:43:51,393 ] 94 benemmai380 - INFO - Parsed data: title: ＜05月08日(水) 08:45～09:30＞[平針]外国免許切替審査 Hirabari Exchanging Foreign Driver's License, status: 近日受付開始, start_date: 2024年04月24日 07時30分, end_date: 2024年05月02日 12時00分, template_seq: 96453
[ 2024-04-23 22:43:51,393 ] 94 benemmai380 - INFO - Parsed data: title: ＜05月08日(水) 08:45～09:30＞[平針]外国免許切替審査 Hirabari Exchanging Foreign Driver's License, status: 近日受付開始, start_date: 2024年04月24日 07時30分, end_date: 2024年05月02日 12時00分, template_seq: 96453
[ 2024-04-23 22:43:51,433 ] 94 benemmai380 - INFO - Parsed data: title: ＜05月08日(水) 09:30～10:30＞[平針]外国免許切替審査 Hirabari Exchanging Foreign Driver's License, status: 近日受付開始, start_date: 2024年04月24日 07時30分, end_date: 2024年05月02日 12時00分, template_seq: 96454
[ 2024-04-23 22:43:51,433 ] 94 benemmai380 - INFO - Parsed data: title: ＜05月08日(水) 09:30～10:30＞[平針]外国免許切替審査 Hirabari Exchanging Foreign Driver's License, status: 近日受付開始, start_date: 2024年04月24日 07時30分, end_date: 2024年05月02日 12時00分, template_seq: 96454
[ 2024-04-23 22:43:51,433 ] 94 benemmai380 - INFO - Parsed data: title: ＜05月08日(水) 09:30～10:30＞[平針]外国免許切替審査 Hirabari Exchanging Foreign Driver's License, status: 近日受付開始, start_date: 2024年04月24日 07時30分, end_date: 2024年05月02日 12時00分, template_seq: 96454
[ 2024-04-23 22:43:51,502 ] 94 benemmai380 - INFO - Parsed data: title: ＜05月08日(水) 10:30～11:45＞[平針]外国免許切替審査 Hirabari Exchanging Foreign Driver's License, status: 近日受付開始, start_date: 2024年04月24日 07時30分, end_date: 2024年05月02日 12時00分, template_seq: 96455
[ 2024-04-23 22:43:51,502 ] 94 benemmai380 - INFO - Parsed data: title: ＜05月08日(水) 10:30～11:45＞[平針]外国免許切替審査 Hirabari Exchanging Foreign Driver's License, status: 近日受付開始, start_date: 2024年04月24日 07時30分, end_date: 2024年05月02日 12時00分, template_seq: 96455
[ 2024-04-23 22:43:51,502 ] 94 benemmai380 - INFO - Parsed data: title: ＜05月08日(水) 10:30～11:45＞[平針]外国免許切替審査 Hirabari Exchanging Foreign Driver's License, status: 近日受付開始, start_date: 2024年04月24日 07時30分, end_date: 2024年05月02日 12時00分, template_seq: 96455
[ 2024-04-23 22:43:51,550 ] 94 benemmai380 - INFO - Parsed data: title: ＜05月08日(水) 12:45～13:30＞[平針]外国免許切替審査 Hirabari Exchanging Foreign Driver's License, status: 近日受付開始, start_date: 2024年04月24日 07時30分, end_date: 2024年05月02日 12時00分, template_seq: 96456
[ 2024-04-23 22:43:51,550 ] 94 benemmai380 - INFO - Parsed data: title: ＜05月08日(水) 12:45～13:30＞[平針]外国免許切替審査 Hirabari Exchanging Foreign Driver's License, status: 近日受付開始, start_date: 2024年04月24日 07時30分, end_date: 2024年05月02日 12時00分, template_seq: 96456
[ 2024-04-23 22:43:51,550 ] 94 benemmai380 - INFO - Parsed data: title: ＜05月08日(水) 12:45～13:30＞[平針]外国免許切替審査 Hirabari Exchanging Foreign Driver's License, status: 近日受付開始, start_date: 2024年04月24日 07時30分, end_date: 2024年05月02日 12時00分, template_seq: 96456
[ 2024-04-23 22:43:51,612 ] 94 benemmai380 - INFO - Parsed data: title: ＜05月08日(水) 13:30～14:45＞[平針]外国免許切替審査 Hirabari Exchanging Foreign Driver's License, status: 近日受付開始, start_date: 2024年04月24日 07時30分, end_date: 2024年05月02日 12時00分, template_seq: 96457
[ 2024-04-23 22:43:51,612 ] 94 benemmai380 - INFO - Parsed data: title: ＜05月08日(水) 13:30～14:45＞[平針]外国免許切替審査 Hirabari Exchanging Foreign Driver's License, status: 近日受付開始, start_date: 2024年04月24日 07時30分, end_date: 2024年05月02日 12時00分, template_seq: 96457
[ 2024-04-23 22:43:51,612 ] 94 benemmai380 - INFO - Parsed data: title: ＜05月08日(水) 13:30～14:45＞[平針]外国免許切替審査 Hirabari Exchanging Foreign Driver's License, status: 近日受付開始, start_date: 2024年04月24日 07時30分, end_date: 2024年05月02日 12時00分, template_seq: 96457
[ 2024-04-23 22:43:51,669 ] 94 benemmai380 - INFO - Parsed data: title: ＜05月07日(火) 08:45～09:30＞[平針]外国免許切替審査 Hirabari Exchanging Foreign Driver's License, status: 受付終了しました, start_date: 2024年04月23日 07時30分, end_date: 2024年05月01日 12時00分, template_seq: 96447
[ 2024-04-23 22:43:51,669 ] 94 benemmai380 - INFO - Parsed data: title: ＜05月07日(火) 08:45～09:30＞[平針]外国免許切替審査 Hirabari Exchanging Foreign Driver's License, status: 受付終了しました, start_date: 2024年04月23日 07時30分, end_date: 2024年05月01日 12時00分, template_seq: 96447
[ 2024-04-23 22:43:51,669 ] 94 benemmai380 - INFO - Parsed data: title: ＜05月07日(火) 08:45～09:30＞[平針]外国免許切替審査 Hirabari Exchanging Foreign Driver's License, status: 受付終了しました, start_date: 2024年04月23日 07時30分, end_date: 2024年05月01日 12時00分, template_seq: 96447
[ 2024-04-23 22:43:51,671 ] 94 benemmai380 - INFO - Skip form with passed, ended, or not today status
[ 2024-04-23 22:43:51,671 ] 94 benemmai380 - INFO - Skip form with passed, ended, or not today status
[ 2024-04-23 22:43:51,671 ] 94 benemmai380 - INFO - Skip form with passed, ended, or not today status
[ 2024-04-23 22:43:51,719 ] 94 benemmai380 - INFO - Parsed data: title: ＜05月07日(火) 09:30～10:30＞[平針]外国免許切替審査 Hirabari Exchanging Foreign Driver's License, status: 受付終了しました, start_date: 2024年04月23日 07時30分, end_date: 2024年05月01日 12時00分, template_seq: 96448
[ 2024-04-23 22:43:51,719 ] 94 benemmai380 - INFO - Parsed data: title: ＜05月07日(火) 09:30～10:30＞[平針]外国免許切替審査 Hirabari Exchanging Foreign Driver's License, status: 受付終了しました, start_date: 2024年04月23日 07時30分, end_date: 2024年05月01日 12時00分, template_seq: 96448
[ 2024-04-23 22:43:51,719 ] 94 benemmai380 - INFO - Parsed data: title: ＜05月07日(火) 09:30～10:30＞[平針]外国免許切替審査 Hirabari Exchanging Foreign Driver's License, status: 受付終了しました, start_date: 2024年04月23日 07時30分, end_date: 2024年05月01日 12時00分, template_seq: 96448
[ 2024-04-23 22:43:51,724 ] 94 benemmai380 - INFO - Skip form with passed, ended, or not today status
[ 2024-04-23 22:43:51,724 ] 94 benemmai380 - INFO - Skip form with passed, ended, or not today status
[ 2024-04-23 22:43:51,724 ] 94 benemmai380 - INFO - Skip form with passed, ended, or not today status
[ 2024-04-23 22:43:51,781 ] 94 benemmai380 - INFO - Parsed data: title: ＜05月07日(火) 10:30～11:45＞[平針]外国免許切替審査 Hirabari Exchanging Foreign Driver's License, status: 受付終了しました, start_date: 2024年04月23日 07時30分, end_date: 2024年05月01日 12時00分, template_seq: 96450
[ 2024-04-23 22:43:51,781 ] 94 benemmai380 - INFO - Parsed data: title: ＜05月07日(火) 10:30～11:45＞[平針]外国免許切替審査 Hirabari Exchanging Foreign Driver's License, status: 受付終了しました, start_date: 2024年04月23日 07時30分, end_date: 2024年05月01日 12時00分, template_seq: 96450
[ 2024-04-23 22:43:51,781 ] 94 benemmai380 - INFO - Parsed data: title: ＜05月07日(火) 10:30～11:45＞[平針]外国免許切替審査 Hirabari Exchanging Foreign Driver's License, status: 受付終了しました, start_date: 2024年04月23日 07時30分, end_date: 2024年05月01日 12時00分, template_seq: 96450
[ 2024-04-23 22:43:51,783 ] 94 benemmai380 - INFO - Skip form with passed, ended, or not today status
[ 2024-04-23 22:43:51,783 ] 94 benemmai380 - INFO - Skip form with passed, ended, or not today status
[ 2024-04-23 22:43:51,783 ] 94 benemmai380 - INFO - Skip form with passed, ended, or not today status
[ 2024-04-23 22:43:51,827 ] 94 benemmai380 - INFO - Parsed data: title: ＜05月07日(火) 12:45～13:30＞[平針]外国免許切替審査 Hirabari Exchanging Foreign Driver's License, status: 受付終了しました, start_date: 2024年04月23日 07時30分, end_date: 2024年05月01日 12時00分, template_seq: 96451
[ 2024-04-23 22:43:51,827 ] 94 benemmai380 - INFO - Parsed data: title: ＜05月07日(火) 12:45～13:30＞[平針]外国免許切替審査 Hirabari Exchanging Foreign Driver's License, status: 受付終了しました, start_date: 2024年04月23日 07時30分, end_date: 2024年05月01日 12時00分, template_seq: 96451
[ 2024-04-23 22:43:51,827 ] 94 benemmai380 - INFO - Parsed data: title: ＜05月07日(火) 12:45～13:30＞[平針]外国免許切替審査 Hirabari Exchanging Foreign Driver's License, status: 受付終了しました, start_date: 2024年04月23日 07時30分, end_date: 2024年05月01日 12時00分, template_seq: 96451
[ 2024-04-23 22:43:51,830 ] 94 benemmai380 - INFO - Skip form with passed, ended, or not today status
[ 2024-04-23 22:43:51,830 ] 94 benemmai380 - INFO - Skip form with passed, ended, or not today status
[ 2024-04-23 22:43:51,830 ] 94 benemmai380 - INFO - Skip form with passed, ended, or not today status
[ 2024-04-23 22:43:51,895 ] 94 benemmai380 - INFO - Parsed data: title: ＜05月07日(火) 13:30～14:45＞[平針]外国免許切替審査 Hirabari Exchanging Foreign Driver's License, status: 受付終了しました, start_date: 2024年04月23日 07時30分, end_date: 2024年05月01日 12時00分, template_seq: 96452
[ 2024-04-23 22:43:51,895 ] 94 benemmai380 - INFO - Parsed data: title: ＜05月07日(火) 13:30～14:45＞[平針]外国免許切替審査 Hirabari Exchanging Foreign Driver's License, status: 受付終了しました, start_date: 2024年04月23日 07時30分, end_date: 2024年05月01日 12時00分, template_seq: 96452
[ 2024-04-23 22:43:51,895 ] 94 benemmai380 - INFO - Parsed data: title: ＜05月07日(火) 13:30～14:45＞[平針]外国免許切替審査 Hirabari Exchanging Foreign Driver's License, status: 受付終了しました, start_date: 2024年04月23日 07時30分, end_date: 2024年05月01日 12時00分, template_seq: 96452
[ 2024-04-23 22:43:51,896 ] 94 benemmai380 - INFO - Skip form with passed, ended, or not today status
[ 2024-04-23 22:43:51,896 ] 94 benemmai380 - INFO - Skip form with passed, ended, or not today status
[ 2024-04-23 22:43:51,896 ] 94 benemmai380 - INFO - Skip form with passed, ended, or not today status
[ 2024-04-23 22:43:51,937 ] 94 benemmai380 - INFO - Parsed data: title: ＜05月02日(木) 08:45～09:30＞[平針]外国免許切替審査 Hirabari Exchanging Foreign Driver's License, status: 受付終了しました, start_date: 2024年04月18日 07時30分, end_date: 2024年04月30日 12時00分, template_seq: 96126
[ 2024-04-23 22:43:51,937 ] 94 benemmai380 - INFO - Parsed data: title: ＜05月02日(木) 08:45～09:30＞[平針]外国免許切替審査 Hirabari Exchanging Foreign Driver's License, status: 受付終了しました, start_date: 2024年04月18日 07時30分, end_date: 2024年04月30日 12時00分, template_seq: 96126
[ 2024-04-23 22:43:51,937 ] 94 benemmai380 - INFO - Parsed data: title: ＜05月02日(木) 08:45～09:30＞[平針]外国免許切替審査 Hirabari Exchanging Foreign Driver's License, status: 受付終了しました, start_date: 2024年04月18日 07時30分, end_date: 2024年04月30日 12時00分, template_seq: 96126
[ 2024-04-23 22:43:51,938 ] 94 benemmai380 - INFO - Skip form with passed, ended, or not today status
[ 2024-04-23 22:43:51,938 ] 94 benemmai380 - INFO - Skip form with passed, ended, or not today status
[ 2024-04-23 22:43:51,938 ] 94 benemmai380 - INFO - Skip form with passed, ended, or not today status
[ 2024-04-23 22:43:52,012 ] 94 benemmai380 - INFO - Parsed data: title: ＜05月02日(木) 09:30～10:30＞[平針]外国免許切替審査 Hirabari Exchanging Foreign Driver's License, status: 受付終了しました, start_date: 2024年04月18日 07時30分, end_date: 2024年04月30日 12時00分, template_seq: 96127
[ 2024-04-23 22:43:52,012 ] 94 benemmai380 - INFO - Parsed data: title: ＜05月02日(木) 09:30～10:30＞[平針]外国免許切替審査 Hirabari Exchanging Foreign Driver's License, status: 受付終了しました, start_date: 2024年04月18日 07時30分, end_date: 2024年04月30日 12時00分, template_seq: 96127
[ 2024-04-23 22:43:52,012 ] 94 benemmai380 - INFO - Parsed data: title: ＜05月02日(木) 09:30～10:30＞[平針]外国免許切替審査 Hirabari Exchanging Foreign Driver's License, status: 受付終了しました, start_date: 2024年04月18日 07時30分, end_date: 2024年04月30日 12時00分, template_seq: 96127
[ 2024-04-23 22:43:52,014 ] 94 benemmai380 - INFO - Skip form with passed, ended, or not today status
[ 2024-04-23 22:43:52,014 ] 94 benemmai380 - INFO - Skip form with passed, ended, or not today status
[ 2024-04-23 22:43:52,014 ] 94 benemmai380 - INFO - Skip form with passed, ended, or not today status
[ 2024-04-23 22:43:52,061 ] 94 benemmai380 - INFO - Parsed data: title: ＜05月02日(木) 10:30～11:45＞[平針]外国免許切替審査 Hirabari Exchanging Foreign Driver's License, status: 受付終了しました, start_date: 2024年04月18日 07時30分, end_date: 2024年04月30日 12時00分, template_seq: 96128
[ 2024-04-23 22:43:52,061 ] 94 benemmai380 - INFO - Parsed data: title: ＜05月02日(木) 10:30～11:45＞[平針]外国免許切替審査 Hirabari Exchanging Foreign Driver's License, status: 受付終了しました, start_date: 2024年04月18日 07時30分, end_date: 2024年04月30日 12時00分, template_seq: 96128
[ 2024-04-23 22:43:52,061 ] 94 benemmai380 - INFO - Parsed data: title: ＜05月02日(木) 10:30～11:45＞[平針]外国免許切替審査 Hirabari Exchanging Foreign Driver's License, status: 受付終了しました, start_date: 2024年04月18日 07時30分, end_date: 2024年04月30日 12時00分, template_seq: 96128
[ 2024-04-23 22:43:52,063 ] 94 benemmai380 - INFO - Skip form with passed, ended, or not today status
[ 2024-04-23 22:43:52,063 ] 94 benemmai380 - INFO - Skip form with passed, ended, or not today status
[ 2024-04-23 22:43:52,063 ] 94 benemmai380 - INFO - Skip form with passed, ended, or not today status
[ 2024-04-23 22:43:52,090 ] 94 benemmai380 - INFO - Parsed data: title: ＜05月02日(木) 12:45～13:30＞[平針]外国免許切替審査 Hirabari Exchanging Foreign Driver's License, status: 受付終了しました, start_date: 2024年04月18日 07時30分, end_date: 2024年04月30日 12時00分, template_seq: 96129
[ 2024-04-23 22:43:52,090 ] 94 benemmai380 - INFO - Parsed data: title: ＜05月02日(木) 12:45～13:30＞[平針]外国免許切替審査 Hirabari Exchanging Foreign Driver's License, status: 受付終了しました, start_date: 2024年04月18日 07時30分, end_date: 2024年04月30日 12時00分, template_seq: 96129
[ 2024-04-23 22:43:52,090 ] 94 benemmai380 - INFO - Parsed data: title: ＜05月02日(木) 12:45～13:30＞[平針]外国免許切替審査 Hirabari Exchanging Foreign Driver's License, status: 受付終了しました, start_date: 2024年04月18日 07時30分, end_date: 2024年04月30日 12時00分, template_seq: 96129
[ 2024-04-23 22:43:52,091 ] 94 benemmai380 - INFO - Skip form with passed, ended, or not today status
[ 2024-04-23 22:43:52,091 ] 94 benemmai380 - INFO - Skip form with passed, ended, or not today status
[ 2024-04-23 22:43:52,091 ] 94 benemmai380 - INFO - Skip form with passed, ended, or not today status
[ 2024-04-23 22:43:52,125 ] 94 benemmai380 - INFO - Parsed data: title: ＜05月02日(木) 13:30～14:45＞[平針]外国免許切替審査 Hirabari Exchanging Foreign Driver's License, status: 受付終了しました, start_date: 2024年04月18日 07時30分, end_date: 2024年04月30日 12時00分, template_seq: 96130
[ 2024-04-23 22:43:52,125 ] 94 benemmai380 - INFO - Parsed data: title: ＜05月02日(木) 13:30～14:45＞[平針]外国免許切替審査 Hirabari Exchanging Foreign Driver's License, status: 受付終了しました, start_date: 2024年04月18日 07時30分, end_date: 2024年04月30日 12時00分, template_seq: 96130
[ 2024-04-23 22:43:52,125 ] 94 benemmai380 - INFO - Parsed data: title: ＜05月02日(木) 13:30～14:45＞[平針]外国免許切替審査 Hirabari Exchanging Foreign Driver's License, status: 受付終了しました, start_date: 2024年04月18日 07時30分, end_date: 2024年04月30日 12時00分, template_seq: 96130
[ 2024-04-23 22:43:52,126 ] 94 benemmai380 - INFO - Skip form with passed, ended, or not today status
[ 2024-04-23 22:43:52,126 ] 94 benemmai380 - INFO - Skip form with passed, ended, or not today status
[ 2024-04-23 22:43:52,126 ] 94 benemmai380 - INFO - Skip form with passed, ended, or not today status
[ 2024-04-23 22:43:52,126 ] 94 benemmai380 - INFO - Number of filtered forms left is: 5 form(s)
[ 2024-04-23 22:43:52,126 ] 94 benemmai380 - INFO - Number of filtered forms left is: 5 form(s)
[ 2024-04-23 22:43:52,126 ] 94 benemmai380 - INFO - Number of filtered forms left is: 5 form(s)
[ 2024-04-23 22:43:52,130 ] 94 benemmai380 - INFO - Accessing form, template sequence: 96454
[ 2024-04-23 22:43:52,130 ] 94 benemmai380 - INFO - Accessing form, template sequence: 96454
[ 2024-04-23 22:43:52,130 ] 94 benemmai380 - INFO - Accessing form, template sequence: 96454
[ 2024-04-23 22:43:52,131 ] 94 benemmai380 - INFO - Form URL: https://www.shinsei.e-aichi.jp/pref-aichi-police-u/offer/offerList_detailTop?tempSeq=96454
[ 2024-04-23 22:43:52,131 ] 94 benemmai380 - INFO - Form URL: https://www.shinsei.e-aichi.jp/pref-aichi-police-u/offer/offerList_detailTop?tempSeq=96454
[ 2024-04-23 22:43:52,131 ] 94 benemmai380 - INFO - Form URL: https://www.shinsei.e-aichi.jp/pref-aichi-police-u/offer/offerList_detailTop?tempSeq=96454
[ 2024-04-23 22:43:57,780 ] 94 benemmai380 - INFO - Accessed form successfully
[ 2024-04-23 22:43:57,780 ] 94 benemmai380 - INFO - Accessed form successfully
[ 2024-04-23 22:43:57,780 ] 94 benemmai380 - INFO - Accessed form successfully
[ 2024-04-23 22:43:57,798 ] 94 benemmai380 - INFO - Form message: 申込期間ではありません。
[ 2024-04-23 22:43:57,798 ] 94 benemmai380 - INFO - Form message: 申込期間ではありません。
[ 2024-04-23 22:43:57,798 ] 94 benemmai380 - INFO - Form message: 申込期間ではありません。
[ 2024-04-23 22:43:57,799 ] 94 benemmai380 - INFO - Refreshing page to check availability trial number 1, template sequence: 96454
[ 2024-04-23 22:43:57,799 ] 94 benemmai380 - INFO - Refreshing page to check availability trial number 1, template sequence: 96454
[ 2024-04-23 22:43:57,799 ] 94 benemmai380 - INFO - Refreshing page to check availability trial number 1, template sequence: 96454
[ 2024-04-23 22:43:58,950 ] 94 benemmai380 - INFO - Form message: 申込期間ではありません。
[ 2024-04-23 22:43:58,950 ] 94 benemmai380 - INFO - Form message: 申込期間ではありません。
[ 2024-04-23 22:43:58,950 ] 94 benemmai380 - INFO - Form message: 申込期間ではありません。
[ 2024-04-23 22:43:58,951 ] 94 benemmai380 - INFO - Refreshing page to check availability trial number 2, template sequence: 96454
[ 2024-04-23 22:43:58,951 ] 94 benemmai380 - INFO - Refreshing page to check availability trial number 2, template sequence: 96454
[ 2024-04-23 22:43:58,951 ] 94 benemmai380 - INFO - Refreshing page to check availability trial number 2, template sequence: 96454
[ 2024-04-23 22:44:00,547 ] 94 benemmai380 - INFO - Form message: 申込期間ではありません。
[ 2024-04-23 22:44:00,547 ] 94 benemmai380 - INFO - Form message: 申込期間ではありません。
[ 2024-04-23 22:44:00,547 ] 94 benemmai380 - INFO - Form message: 申込期間ではありません。
[ 2024-04-23 22:44:00,548 ] 94 benemmai380 - INFO - Refreshing page to check availability trial number 3, template sequence: 96454
[ 2024-04-23 22:44:00,548 ] 94 benemmai380 - INFO - Refreshing page to check availability trial number 3, template sequence: 96454
[ 2024-04-23 22:44:00,548 ] 94 benemmai380 - INFO - Refreshing page to check availability trial number 3, template sequence: 96454
[ 2024-04-23 22:44:01,603 ] 94 benemmai380 - INFO - Form message: 申込期間ではありません。
[ 2024-04-23 22:44:01,603 ] 94 benemmai380 - INFO - Form message: 申込期間ではありません。
[ 2024-04-23 22:44:01,603 ] 94 benemmai380 - INFO - Form message: 申込期間ではありません。
[ 2024-04-23 22:44:01,603 ] 94 benemmai380 - INFO - Refreshing page to check availability trial number 4, template sequence: 96454
[ 2024-04-23 22:44:01,603 ] 94 benemmai380 - INFO - Refreshing page to check availability trial number 4, template sequence: 96454
[ 2024-04-23 22:44:01,603 ] 94 benemmai380 - INFO - Refreshing page to check availability trial number 4, template sequence: 96454
[ 2024-04-23 22:44:02,642 ] 94 benemmai380 - INFO - Form message: 申込期間ではありません。
[ 2024-04-23 22:44:02,642 ] 94 benemmai380 - INFO - Form message: 申込期間ではありません。
[ 2024-04-23 22:44:02,642 ] 94 benemmai380 - INFO - Form message: 申込期間ではありません。
[ 2024-04-23 22:44:02,643 ] 94 benemmai380 - INFO - Refreshing page to check availability trial number 5, template sequence: 96454
[ 2024-04-23 22:44:02,643 ] 94 benemmai380 - INFO - Refreshing page to check availability trial number 5, template sequence: 96454
[ 2024-04-23 22:44:02,643 ] 94 benemmai380 - INFO - Refreshing page to check availability trial number 5, template sequence: 96454
[ 2024-04-23 22:44:03,690 ] 94 benemmai380 - INFO - Form message: 申込期間ではありません。
[ 2024-04-23 22:44:03,690 ] 94 benemmai380 - INFO - Form message: 申込期間ではありません。
[ 2024-04-23 22:44:03,690 ] 94 benemmai380 - INFO - Form message: 申込期間ではありません。
[ 2024-04-23 22:44:03,691 ] 94 benemmai380 - INFO - Refreshing page to check availability trial number 6, template sequence: 96454
[ 2024-04-23 22:44:03,691 ] 94 benemmai380 - INFO - Refreshing page to check availability trial number 6, template sequence: 96454
[ 2024-04-23 22:44:03,691 ] 94 benemmai380 - INFO - Refreshing page to check availability trial number 6, template sequence: 96454
[ 2024-04-23 22:44:05,145 ] 94 benemmai380 - INFO - Form message: 申込期間ではありません。
[ 2024-04-23 22:44:05,145 ] 94 benemmai380 - INFO - Form message: 申込期間ではありません。
[ 2024-04-23 22:44:05,145 ] 94 benemmai380 - INFO - Form message: 申込期間ではありません。
[ 2024-04-23 22:44:05,145 ] 94 benemmai380 - INFO - Refreshing page to check availability trial number 7, template sequence: 96454
[ 2024-04-23 22:44:05,145 ] 94 benemmai380 - INFO - Refreshing page to check availability trial number 7, template sequence: 96454
[ 2024-04-23 22:44:05,145 ] 94 benemmai380 - INFO - Refreshing page to check availability trial number 7, template sequence: 96454
[ 2024-04-23 22:44:06,759 ] 94 benemmai380 - INFO - Form message: 申込期間ではありません。
[ 2024-04-23 22:44:06,759 ] 94 benemmai380 - INFO - Form message: 申込期間ではありません。
[ 2024-04-23 22:44:06,759 ] 94 benemmai380 - INFO - Form message: 申込期間ではありません。
[ 2024-04-23 22:44:06,759 ] 94 benemmai380 - INFO - Refreshing page to check availability trial number 8, template sequence: 96454
[ 2024-04-23 22:44:06,759 ] 94 benemmai380 - INFO - Refreshing page to check availability trial number 8, template sequence: 96454
[ 2024-04-23 22:44:06,759 ] 94 benemmai380 - INFO - Refreshing page to check availability trial number 8, template sequence: 96454
[ 2024-04-23 22:44:08,153 ] 94 benemmai380 - INFO - Form message: 申込期間ではありません。
[ 2024-04-23 22:44:08,153 ] 94 benemmai380 - INFO - Form message: 申込期間ではありません。
[ 2024-04-23 22:44:08,153 ] 94 benemmai380 - INFO - Form message: 申込期間ではありません。
[ 2024-04-23 22:44:08,153 ] 94 benemmai380 - INFO - Refreshing page to check availability trial number 9, template sequence: 96454
[ 2024-04-23 22:44:08,153 ] 94 benemmai380 - INFO - Refreshing page to check availability trial number 9, template sequence: 96454
[ 2024-04-23 22:44:08,153 ] 94 benemmai380 - INFO - Refreshing page to check availability trial number 9, template sequence: 96454
[ 2024-04-23 22:44:09,485 ] 94 benemmai380 - INFO - Form message: 申込期間ではありません。
[ 2024-04-23 22:44:09,485 ] 94 benemmai380 - INFO - Form message: 申込期間ではありません。
[ 2024-04-23 22:44:09,485 ] 94 benemmai380 - INFO - Form message: 申込期間ではありません。
[ 2024-04-23 22:44:09,487 ] 94 benemmai380 - INFO - Refreshing page to check availability trial number 10, template sequence: 96454
[ 2024-04-23 22:44:09,487 ] 94 benemmai380 - INFO - Refreshing page to check availability trial number 10, template sequence: 96454
[ 2024-04-23 22:44:09,487 ] 94 benemmai380 - INFO - Refreshing page to check availability trial number 10, template sequence: 96454
[ 2024-04-23 22:44:11,027 ] 94 benemmai380 - INFO - Form message: 申込期間ではありません。
[ 2024-04-23 22:44:11,027 ] 94 benemmai380 - INFO - Form message: 申込期間ではありません。
[ 2024-04-23 22:44:11,027 ] 94 benemmai380 - INFO - Form message: 申込期間ではありません。
[ 2024-04-23 22:44:11,029 ] 94 benemmai380 - INFO - Refreshing page to check availability trial number 11, template sequence: 96454
[ 2024-04-23 22:44:11,029 ] 94 benemmai380 - INFO - Refreshing page to check availability trial number 11, template sequence: 96454
[ 2024-04-23 22:44:11,029 ] 94 benemmai380 - INFO - Refreshing page to check availability trial number 11, template sequence: 96454
[ 2024-04-23 22:44:12,380 ] 94 benemmai380 - INFO - Form message: 申込期間ではありません。
[ 2024-04-23 22:44:12,380 ] 94 benemmai380 - INFO - Form message: 申込期間ではありません。
[ 2024-04-23 22:44:12,380 ] 94 benemmai380 - INFO - Form message: 申込期間ではありません。
[ 2024-04-23 22:44:12,381 ] 94 benemmai380 - INFO - Refreshing page to check availability trial number 12, template sequence: 96454
[ 2024-04-23 22:44:12,381 ] 94 benemmai380 - INFO - Refreshing page to check availability trial number 12, template sequence: 96454
[ 2024-04-23 22:44:12,381 ] 94 benemmai380 - INFO - Refreshing page to check availability trial number 12, template sequence: 96454
[ 2024-04-23 22:44:13,882 ] 94 benemmai380 - INFO - Form message: 申込期間ではありません。
[ 2024-04-23 22:44:13,882 ] 94 benemmai380 - INFO - Form message: 申込期間ではありません。
[ 2024-04-23 22:44:13,882 ] 94 benemmai380 - INFO - Form message: 申込期間ではありません。
[ 2024-04-23 22:44:13,883 ] 94 benemmai380 - INFO - Refreshing page to check availability trial number 13, template sequence: 96454
[ 2024-04-23 22:44:13,883 ] 94 benemmai380 - INFO - Refreshing page to check availability trial number 13, template sequence: 96454
[ 2024-04-23 22:44:13,883 ] 94 benemmai380 - INFO - Refreshing page to check availability trial number 13, template sequence: 96454
[ 2024-04-23 22:44:15,543 ] 94 benemmai380 - INFO - Form message: 申込期間ではありません。
[ 2024-04-23 22:44:15,543 ] 94 benemmai380 - INFO - Form message: 申込期間ではありません。
[ 2024-04-23 22:44:15,543 ] 94 benemmai380 - INFO - Form message: 申込期間ではありません。
[ 2024-04-23 22:44:15,544 ] 94 benemmai380 - INFO - Refreshing page to check availability trial number 14, template sequence: 96454
[ 2024-04-23 22:44:15,544 ] 94 benemmai380 - INFO - Refreshing page to check availability trial number 14, template sequence: 96454
[ 2024-04-23 22:44:15,544 ] 94 benemmai380 - INFO - Refreshing page to check availability trial number 14, template sequence: 96454
[ 2024-04-23 22:44:16,667 ] 94 benemmai380 - INFO - Form message: 申込期間ではありません。
[ 2024-04-23 22:44:16,667 ] 94 benemmai380 - INFO - Form message: 申込期間ではありません。
[ 2024-04-23 22:44:16,667 ] 94 benemmai380 - INFO - Form message: 申込期間ではありません。
[ 2024-04-23 22:44:16,668 ] 94 benemmai380 - INFO - Refreshing page to check availability trial number 15, template sequence: 96454
[ 2024-04-23 22:44:16,668 ] 94 benemmai380 - INFO - Refreshing page to check availability trial number 15, template sequence: 96454
[ 2024-04-23 22:44:16,668 ] 94 benemmai380 - INFO - Refreshing page to check availability trial number 15, template sequence: 96454
[ 2024-04-23 22:44:17,785 ] 94 benemmai380 - INFO - Form message: 申込期間ではありません。
[ 2024-04-23 22:44:17,785 ] 94 benemmai380 - INFO - Form message: 申込期間ではありません。
[ 2024-04-23 22:44:17,785 ] 94 benemmai380 - INFO - Form message: 申込期間ではありません。
[ 2024-04-23 22:44:17,785 ] 94 benemmai380 - INFO - Refreshing page to check availability trial number 16, template sequence: 96454
[ 2024-04-23 22:44:17,785 ] 94 benemmai380 - INFO - Refreshing page to check availability trial number 16, template sequence: 96454
[ 2024-04-23 22:44:17,785 ] 94 benemmai380 - INFO - Refreshing page to check availability trial number 16, template sequence: 96454
[ 2024-04-23 22:44:19,157 ] 94 benemmai380 - INFO - Form message: 申込期間ではありません。
[ 2024-04-23 22:44:19,157 ] 94 benemmai380 - INFO - Form message: 申込期間ではありません。
[ 2024-04-23 22:44:19,157 ] 94 benemmai380 - INFO - Form message: 申込期間ではありません。
[ 2024-04-23 22:44:19,157 ] 94 benemmai380 - INFO - Refreshing page to check availability trial number 17, template sequence: 96454
[ 2024-04-23 22:44:19,157 ] 94 benemmai380 - INFO - Refreshing page to check availability trial number 17, template sequence: 96454
[ 2024-04-23 22:44:19,157 ] 94 benemmai380 - INFO - Refreshing page to check availability trial number 17, template sequence: 96454
[ 2024-04-23 22:44:20,226 ] 94 benemmai380 - INFO - Form message: 申込期間ではありません。
[ 2024-04-23 22:44:20,226 ] 94 benemmai380 - INFO - Form message: 申込期間ではありません。
[ 2024-04-23 22:44:20,226 ] 94 benemmai380 - INFO - Form message: 申込期間ではありません。
[ 2024-04-23 22:44:20,226 ] 94 benemmai380 - INFO - Refreshing page to check availability trial number 18, template sequence: 96454
[ 2024-04-23 22:44:20,226 ] 94 benemmai380 - INFO - Refreshing page to check availability trial number 18, template sequence: 96454
[ 2024-04-23 22:44:20,226 ] 94 benemmai380 - INFO - Refreshing page to check availability trial number 18, template sequence: 96454
[ 2024-04-23 22:44:21,589 ] 94 benemmai380 - INFO - Form message: 申込期間ではありません。
[ 2024-04-23 22:44:21,589 ] 94 benemmai380 - INFO - Form message: 申込期間ではありません。
[ 2024-04-23 22:44:21,589 ] 94 benemmai380 - INFO - Form message: 申込期間ではありません。
[ 2024-04-23 22:44:21,590 ] 94 benemmai380 - INFO - Refreshing page to check availability trial number 19, template sequence: 96454
[ 2024-04-23 22:44:21,590 ] 94 benemmai380 - INFO - Refreshing page to check availability trial number 19, template sequence: 96454
[ 2024-04-23 22:44:21,590 ] 94 benemmai380 - INFO - Refreshing page to check availability trial number 19, template sequence: 96454
[ 2024-04-23 22:44:22,711 ] 94 benemmai380 - INFO - Form message: 申込期間ではありません。
[ 2024-04-23 22:44:22,711 ] 94 benemmai380 - INFO - Form message: 申込期間ではありません。
[ 2024-04-23 22:44:22,711 ] 94 benemmai380 - INFO - Form message: 申込期間ではありません。
[ 2024-04-23 22:44:22,711 ] 94 benemmai380 - INFO - Refreshing page to check availability trial number 20, template sequence: 96454
[ 2024-04-23 22:44:22,711 ] 94 benemmai380 - INFO - Refreshing page to check availability trial number 20, template sequence: 96454
[ 2024-04-23 22:44:22,711 ] 94 benemmai380 - INFO - Refreshing page to check availability trial number 20, template sequence: 96454
[ 2024-04-23 22:44:24,023 ] 94 benemmai380 - INFO - Form message: 申込期間ではありません。
[ 2024-04-23 22:44:24,023 ] 94 benemmai380 - INFO - Form message: 申込期間ではありません。
[ 2024-04-23 22:44:24,023 ] 94 benemmai380 - INFO - Form message: 申込期間ではありません。
[ 2024-04-23 22:44:24,024 ] 94 benemmai380 - INFO - Failed to access form after 20 refreshing, template sequence: 96454
[ 2024-04-23 22:44:24,024 ] 94 benemmai380 - INFO - Failed to access form after 20 refreshing, template sequence: 96454
[ 2024-04-23 22:44:24,024 ] 94 benemmai380 - INFO - Failed to access form after 20 refreshing, template sequence: 96454
[ 2024-04-23 22:44:24,025 ] 94 benemmai380 - INFO - Accessing form, template sequence: 96453
[ 2024-04-23 22:44:24,025 ] 94 benemmai380 - INFO - Accessing form, template sequence: 96453
[ 2024-04-23 22:44:24,025 ] 94 benemmai380 - INFO - Accessing form, template sequence: 96453
[ 2024-04-23 22:44:24,026 ] 94 benemmai380 - INFO - Form URL: https://www.shinsei.e-aichi.jp/pref-aichi-police-u/offer/offerList_detailTop?tempSeq=96453
[ 2024-04-23 22:44:24,026 ] 94 benemmai380 - INFO - Form URL: https://www.shinsei.e-aichi.jp/pref-aichi-police-u/offer/offerList_detailTop?tempSeq=96453
[ 2024-04-23 22:44:24,026 ] 94 benemmai380 - INFO - Form URL: https://www.shinsei.e-aichi.jp/pref-aichi-police-u/offer/offerList_detailTop?tempSeq=96453
[ 2024-04-23 22:44:29,670 ] 94 benemmai380 - INFO - Accessed form successfully
[ 2024-04-23 22:44:29,670 ] 94 benemmai380 - INFO - Accessed form successfully
[ 2024-04-23 22:44:29,670 ] 94 benemmai380 - INFO - Accessed form successfully
[ 2024-04-23 22:44:29,687 ] 94 benemmai380 - INFO - Form message: 申込期間ではありません。
[ 2024-04-23 22:44:29,687 ] 94 benemmai380 - INFO - Form message: 申込期間ではありません。
[ 2024-04-23 22:44:29,687 ] 94 benemmai380 - INFO - Form message: 申込期間ではありません。
[ 2024-04-23 22:44:29,687 ] 94 benemmai380 - INFO - Refreshing page to check availability trial number 1, template sequence: 96453
[ 2024-04-23 22:44:29,687 ] 94 benemmai380 - INFO - Refreshing page to check availability trial number 1, template sequence: 96453
[ 2024-04-23 22:44:29,687 ] 94 benemmai380 - INFO - Refreshing page to check availability trial number 1, template sequence: 96453
[ 2024-04-23 22:44:30,804 ] 94 benemmai380 - INFO - Form message: 申込期間ではありません。
[ 2024-04-23 22:44:30,804 ] 94 benemmai380 - INFO - Form message: 申込期間ではありません。
[ 2024-04-23 22:44:30,804 ] 94 benemmai380 - INFO - Form message: 申込期間ではありません。
[ 2024-04-23 22:44:30,804 ] 94 benemmai380 - INFO - Refreshing page to check availability trial number 2, template sequence: 96453
[ 2024-04-23 22:44:30,804 ] 94 benemmai380 - INFO - Refreshing page to check availability trial number 2, template sequence: 96453
[ 2024-04-23 22:44:30,804 ] 94 benemmai380 - INFO - Refreshing page to check availability trial number 2, template sequence: 96453
[ 2024-04-23 22:44:32,181 ] 94 benemmai380 - INFO - Form message: 申込期間ではありません。
[ 2024-04-23 22:44:32,181 ] 94 benemmai380 - INFO - Form message: 申込期間ではありません。
[ 2024-04-23 22:44:32,181 ] 94 benemmai380 - INFO - Form message: 申込期間ではありません。
[ 2024-04-23 22:44:32,182 ] 94 benemmai380 - INFO - Refreshing page to check availability trial number 3, template sequence: 96453
[ 2024-04-23 22:44:32,182 ] 94 benemmai380 - INFO - Refreshing page to check availability trial number 3, template sequence: 96453
[ 2024-04-23 22:44:32,182 ] 94 benemmai380 - INFO - Refreshing page to check availability trial number 3, template sequence: 96453
[ 2024-04-23 22:44:33,274 ] 94 benemmai380 - INFO - Form message: 申込期間ではありません。
[ 2024-04-23 22:44:33,274 ] 94 benemmai380 - INFO - Form message: 申込期間ではありません。
[ 2024-04-23 22:44:33,274 ] 94 benemmai380 - INFO - Form message: 申込期間ではありません。
[ 2024-04-23 22:44:33,276 ] 94 benemmai380 - INFO - Refreshing page to check availability trial number 4, template sequence: 96453
[ 2024-04-23 22:44:33,276 ] 94 benemmai380 - INFO - Refreshing page to check availability trial number 4, template sequence: 96453
[ 2024-04-23 22:44:33,276 ] 94 benemmai380 - INFO - Refreshing page to check availability trial number 4, template sequence: 96453
[ 2024-04-23 22:44:34,644 ] 94 benemmai380 - INFO - Form message: 申込期間ではありません。
[ 2024-04-23 22:44:34,644 ] 94 benemmai380 - INFO - Form message: 申込期間ではありません。
[ 2024-04-23 22:44:34,644 ] 94 benemmai380 - INFO - Form message: 申込期間ではありません。
[ 2024-04-23 22:44:34,645 ] 94 benemmai380 - INFO - Refreshing page to check availability trial number 5, template sequence: 96453
[ 2024-04-23 22:44:34,645 ] 94 benemmai380 - INFO - Refreshing page to check availability trial number 5, template sequence: 96453
[ 2024-04-23 22:44:34,645 ] 94 benemmai380 - INFO - Refreshing page to check availability trial number 5, template sequence: 96453
[ 2024-04-23 22:44:35,782 ] 94 benemmai380 - INFO - Form message: 申込期間ではありません。
[ 2024-04-23 22:44:35,782 ] 94 benemmai380 - INFO - Form message: 申込期間ではありません。
[ 2024-04-23 22:44:35,782 ] 94 benemmai380 - INFO - Form message: 申込期間ではありません。
[ 2024-04-23 22:44:35,785 ] 94 benemmai380 - INFO - Refreshing page to check availability trial number 6, template sequence: 96453
[ 2024-04-23 22:44:35,785 ] 94 benemmai380 - INFO - Refreshing page to check availability trial number 6, template sequence: 96453
[ 2024-04-23 22:44:35,785 ] 94 benemmai380 - INFO - Refreshing page to check availability trial number 6, template sequence: 96453
[ 2024-04-23 22:44:36,875 ] 94 benemmai380 - INFO - Form message: 申込期間ではありません。
[ 2024-04-23 22:44:36,875 ] 94 benemmai380 - INFO - Form message: 申込期間ではありません。
[ 2024-04-23 22:44:36,875 ] 94 benemmai380 - INFO - Form message: 申込期間ではありません。
[ 2024-04-23 22:44:36,875 ] 94 benemmai380 - INFO - Refreshing page to check availability trial number 7, template sequence: 96453
[ 2024-04-23 22:44:36,875 ] 94 benemmai380 - INFO - Refreshing page to check availability trial number 7, template sequence: 96453
[ 2024-04-23 22:44:36,875 ] 94 benemmai380 - INFO - Refreshing page to check availability trial number 7, template sequence: 96453
[ 2024-04-23 22:44:37,916 ] 94 benemmai380 - INFO - Form message: 申込期間ではありません。
[ 2024-04-23 22:44:37,916 ] 94 benemmai380 - INFO - Form message: 申込期間ではありません。
[ 2024-04-23 22:44:37,916 ] 94 benemmai380 - INFO - Form message: 申込期間ではありません。
[ 2024-04-23 22:44:37,916 ] 94 benemmai380 - INFO - Refreshing page to check availability trial number 8, template sequence: 96453
[ 2024-04-23 22:44:37,916 ] 94 benemmai380 - INFO - Refreshing page to check availability trial number 8, template sequence: 96453
[ 2024-04-23 22:44:37,916 ] 94 benemmai380 - INFO - Refreshing page to check availability trial number 8, template sequence: 96453
[ 2024-04-23 22:44:39,238 ] 94 benemmai380 - INFO - Form message: 申込期間ではありません。
[ 2024-04-23 22:44:39,238 ] 94 benemmai380 - INFO - Form message: 申込期間ではありません。
[ 2024-04-23 22:44:39,238 ] 94 benemmai380 - INFO - Form message: 申込期間ではありません。
[ 2024-04-23 22:44:39,238 ] 94 benemmai380 - INFO - Refreshing page to check availability trial number 9, template sequence: 96453
[ 2024-04-23 22:44:39,238 ] 94 benemmai380 - INFO - Refreshing page to check availability trial number 9, template sequence: 96453
[ 2024-04-23 22:44:39,238 ] 94 benemmai380 - INFO - Refreshing page to check availability trial number 9, template sequence: 96453
[ 2024-04-23 22:44:40,328 ] 94 benemmai380 - INFO - Form message: 申込期間ではありません。
[ 2024-04-23 22:44:40,328 ] 94 benemmai380 - INFO - Form message: 申込期間ではありません。
[ 2024-04-23 22:44:40,328 ] 94 benemmai380 - INFO - Form message: 申込期間ではありません。
[ 2024-04-23 22:44:40,329 ] 94 benemmai380 - INFO - Refreshing page to check availability trial number 10, template sequence: 96453
[ 2024-04-23 22:44:40,329 ] 94 benemmai380 - INFO - Refreshing page to check availability trial number 10, template sequence: 96453
[ 2024-04-23 22:44:40,329 ] 94 benemmai380 - INFO - Refreshing page to check availability trial number 10, template sequence: 96453
[ 2024-04-23 22:44:41,947 ] 94 benemmai380 - INFO - Form message: 申込期間ではありません。
[ 2024-04-23 22:44:41,947 ] 94 benemmai380 - INFO - Form message: 申込期間ではありません。
[ 2024-04-23 22:44:41,947 ] 94 benemmai380 - INFO - Form message: 申込期間ではありません。
[ 2024-04-23 22:44:41,950 ] 94 benemmai380 - INFO - Refreshing page to check availability trial number 11, template sequence: 96453
[ 2024-04-23 22:44:41,950 ] 94 benemmai380 - INFO - Refreshing page to check availability trial number 11, template sequence: 96453
[ 2024-04-23 22:44:41,950 ] 94 benemmai380 - INFO - Refreshing page to check availability trial number 11, template sequence: 96453
[ 2024-04-23 22:44:43,172 ] 94 benemmai380 - INFO - Form message: 申込期間ではありません。
[ 2024-04-23 22:44:43,172 ] 94 benemmai380 - INFO - Form message: 申込期間ではありません。
[ 2024-04-23 22:44:43,172 ] 94 benemmai380 - INFO - Form message: 申込期間ではありません。
[ 2024-04-23 22:44:43,173 ] 94 benemmai380 - INFO - Refreshing page to check availability trial number 12, template sequence: 96453
[ 2024-04-23 22:44:43,173 ] 94 benemmai380 - INFO - Refreshing page to check availability trial number 12, template sequence: 96453
[ 2024-04-23 22:44:43,173 ] 94 benemmai380 - INFO - Refreshing page to check availability trial number 12, template sequence: 96453
[ 2024-04-23 22:44:44,311 ] 94 benemmai380 - INFO - Form message: 申込期間ではありません。
[ 2024-04-23 22:44:44,311 ] 94 benemmai380 - INFO - Form message: 申込期間ではありません。
[ 2024-04-23 22:44:44,311 ] 94 benemmai380 - INFO - Form message: 申込期間ではありません。
[ 2024-04-23 22:44:44,311 ] 94 benemmai380 - INFO - Refreshing page to check availability trial number 13, template sequence: 96453
[ 2024-04-23 22:44:44,311 ] 94 benemmai380 - INFO - Refreshing page to check availability trial number 13, template sequence: 96453
[ 2024-04-23 22:44:44,311 ] 94 benemmai380 - INFO - Refreshing page to check availability trial number 13, template sequence: 96453
[ 2024-04-23 22:44:45,478 ] 94 benemmai380 - INFO - Form message: 申込期間ではありません。
[ 2024-04-23 22:44:45,478 ] 94 benemmai380 - INFO - Form message: 申込期間ではありません。
[ 2024-04-23 22:44:45,478 ] 94 benemmai380 - INFO - Form message: 申込期間ではありません。
[ 2024-04-23 22:44:45,479 ] 94 benemmai380 - INFO - Refreshing page to check availability trial number 14, template sequence: 96453
[ 2024-04-23 22:44:45,479 ] 94 benemmai380 - INFO - Refreshing page to check availability trial number 14, template sequence: 96453
[ 2024-04-23 22:44:45,479 ] 94 benemmai380 - INFO - Refreshing page to check availability trial number 14, template sequence: 96453
[ 2024-04-23 22:44:46,562 ] 94 benemmai380 - INFO - Form message: 申込期間ではありません。
[ 2024-04-23 22:44:46,562 ] 94 benemmai380 - INFO - Form message: 申込期間ではありません。
[ 2024-04-23 22:44:46,562 ] 94 benemmai380 - INFO - Form message: 申込期間ではありません。
[ 2024-04-23 22:44:46,563 ] 94 benemmai380 - INFO - Refreshing page to check availability trial number 15, template sequence: 96453
[ 2024-04-23 22:44:46,563 ] 94 benemmai380 - INFO - Refreshing page to check availability trial number 15, template sequence: 96453
[ 2024-04-23 22:44:46,563 ] 94 benemmai380 - INFO - Refreshing page to check availability trial number 15, template sequence: 96453
[ 2024-04-23 22:44:47,789 ] 94 benemmai380 - INFO - Form message: 申込期間ではありません。
[ 2024-04-23 22:44:47,789 ] 94 benemmai380 - INFO - Form message: 申込期間ではありません。
[ 2024-04-23 22:44:47,789 ] 94 benemmai380 - INFO - Form message: 申込期間ではありません。
[ 2024-04-23 22:44:47,790 ] 94 benemmai380 - INFO - Refreshing page to check availability trial number 16, template sequence: 96453
[ 2024-04-23 22:44:47,790 ] 94 benemmai380 - INFO - Refreshing page to check availability trial number 16, template sequence: 96453
[ 2024-04-23 22:44:47,790 ] 94 benemmai380 - INFO - Refreshing page to check availability trial number 16, template sequence: 96453
[ 2024-04-23 22:44:48,915 ] 94 benemmai380 - INFO - Form message: 申込期間ではありません。
[ 2024-04-23 22:44:48,915 ] 94 benemmai380 - INFO - Form message: 申込期間ではありません。
[ 2024-04-23 22:44:48,915 ] 94 benemmai380 - INFO - Form message: 申込期間ではありません。
[ 2024-04-23 22:44:48,915 ] 94 benemmai380 - INFO - Refreshing page to check availability trial number 17, template sequence: 96453
[ 2024-04-23 22:44:48,915 ] 94 benemmai380 - INFO - Refreshing page to check availability trial number 17, template sequence: 96453
[ 2024-04-23 22:44:48,915 ] 94 benemmai380 - INFO - Refreshing page to check availability trial number 17, template sequence: 96453
[ 2024-04-23 22:44:50,049 ] 94 benemmai380 - INFO - Form message: 申込期間ではありません。
[ 2024-04-23 22:44:50,049 ] 94 benemmai380 - INFO - Form message: 申込期間ではありません。
[ 2024-04-23 22:44:50,049 ] 94 benemmai380 - INFO - Form message: 申込期間ではありません。
[ 2024-04-23 22:44:50,051 ] 94 benemmai380 - INFO - Refreshing page to check availability trial number 18, template sequence: 96453
[ 2024-04-23 22:44:50,051 ] 94 benemmai380 - INFO - Refreshing page to check availability trial number 18, template sequence: 96453
[ 2024-04-23 22:44:50,051 ] 94 benemmai380 - INFO - Refreshing page to check availability trial number 18, template sequence: 96453
[ 2024-04-23 22:44:51,426 ] 94 benemmai380 - INFO - Form message: 申込期間ではありません。
[ 2024-04-23 22:44:51,426 ] 94 benemmai380 - INFO - Form message: 申込期間ではありません。
[ 2024-04-23 22:44:51,426 ] 94 benemmai380 - INFO - Form message: 申込期間ではありません。
[ 2024-04-23 22:44:51,426 ] 94 benemmai380 - INFO - Refreshing page to check availability trial number 19, template sequence: 96453
[ 2024-04-23 22:44:51,426 ] 94 benemmai380 - INFO - Refreshing page to check availability trial number 19, template sequence: 96453
[ 2024-04-23 22:44:51,426 ] 94 benemmai380 - INFO - Refreshing page to check availability trial number 19, template sequence: 96453
[ 2024-04-23 22:44:52,544 ] 94 benemmai380 - INFO - Form message: 申込期間ではありません。
[ 2024-04-23 22:44:52,544 ] 94 benemmai380 - INFO - Form message: 申込期間ではありません。
[ 2024-04-23 22:44:52,544 ] 94 benemmai380 - INFO - Form message: 申込期間ではありません。
[ 2024-04-23 22:44:52,545 ] 94 benemmai380 - INFO - Refreshing page to check availability trial number 20, template sequence: 96453
[ 2024-04-23 22:44:52,545 ] 94 benemmai380 - INFO - Refreshing page to check availability trial number 20, template sequence: 96453
[ 2024-04-23 22:44:52,545 ] 94 benemmai380 - INFO - Refreshing page to check availability trial number 20, template sequence: 96453
[ 2024-04-23 22:44:54,087 ] 94 benemmai380 - INFO - Form message: 申込期間ではありません。
[ 2024-04-23 22:44:54,087 ] 94 benemmai380 - INFO - Form message: 申込期間ではありません。
[ 2024-04-23 22:44:54,087 ] 94 benemmai380 - INFO - Form message: 申込期間ではありません。
[ 2024-04-23 22:44:54,088 ] 94 benemmai380 - INFO - Failed to access form after 20 refreshing, template sequence: 96453
[ 2024-04-23 22:44:54,088 ] 94 benemmai380 - INFO - Failed to access form after 20 refreshing, template sequence: 96453
[ 2024-04-23 22:44:54,088 ] 94 benemmai380 - INFO - Failed to access form after 20 refreshing, template sequence: 96453
[ 2024-04-23 22:44:54,089 ] 94 benemmai380 - INFO - Accessing form, template sequence: 96455
[ 2024-04-23 22:44:54,089 ] 94 benemmai380 - INFO - Accessing form, template sequence: 96455
[ 2024-04-23 22:44:54,089 ] 94 benemmai380 - INFO - Accessing form, template sequence: 96455
[ 2024-04-23 22:44:54,089 ] 94 benemmai380 - INFO - Form URL: https://www.shinsei.e-aichi.jp/pref-aichi-police-u/offer/offerList_detailTop?tempSeq=96455
[ 2024-04-23 22:44:54,089 ] 94 benemmai380 - INFO - Form URL: https://www.shinsei.e-aichi.jp/pref-aichi-police-u/offer/offerList_detailTop?tempSeq=96455
[ 2024-04-23 22:44:54,089 ] 94 benemmai380 - INFO - Form URL: https://www.shinsei.e-aichi.jp/pref-aichi-police-u/offer/offerList_detailTop?tempSeq=96455
