[ 2024-04-23 22:43:52,006 ] 94 ble79037 - INFO - Opened login page
[ 2024-04-23 22:43:52,006 ] 94 ble79037 - INFO - Opened login page
[ 2024-04-23 22:43:52,006 ] 94 ble79037 - INFO - Opened login page
[ 2024-04-23 22:43:56,251 ] 94 ble79037 - INFO - Logging in
[ 2024-04-23 22:43:56,251 ] 94 ble79037 - INFO - Logging in
[ 2024-04-23 22:43:56,251 ] 94 ble79037 - INFO - Logging in
[ 2024-04-23 22:43:56,260 ] 94 ble79037 - INFO - Current url: https://www.shinsei.e-aichi.jp/pref-aichi-police-u/offer/offerList_initDisplay
[ 2024-04-23 22:43:56,260 ] 94 ble79037 - INFO - Current url: https://www.shinsei.e-aichi.jp/pref-aichi-police-u/offer/offerList_initDisplay
[ 2024-04-23 22:43:56,260 ] 94 ble79037 - INFO - Current url: https://www.shinsei.e-aichi.jp/pref-aichi-police-u/offer/offerList_initDisplay
[ 2024-04-23 22:43:56,583 ] 94 ble79037 - INFO - Logged in finished
[ 2024-04-23 22:43:56,583 ] 94 ble79037 - INFO - Logged in finished
[ 2024-04-23 22:43:56,583 ] 94 ble79037 - INFO - Logged in finished
[ 2024-04-23 22:43:57,126 ] 94 ble79037 - INFO - On main page
[ 2024-04-23 22:43:57,126 ] 94 ble79037 - INFO - On main page
[ 2024-04-23 22:43:57,126 ] 94 ble79037 - INFO - On main page
[ 2024-04-23 22:43:59,123 ] 94 ble79037 - INFO - Search submitted
[ 2024-04-23 22:43:59,123 ] 94 ble79037 - INFO - Search submitted
[ 2024-04-23 22:43:59,123 ] 94 ble79037 - INFO - Search submitted
[ 2024-04-23 22:43:59,200 ] 94 ble79037 - INFO - Collected 20 forms
[ 2024-04-23 22:43:59,200 ] 94 ble79037 - INFO - Collected 20 forms
[ 2024-04-23 22:43:59,200 ] 94 ble79037 - INFO - Collected 20 forms
[ 2024-04-23 22:43:59,277 ] 94 ble79037 - INFO - Parsed data: title: ＜05月09日(木) 08:45～09:30＞[平針]外国免許切替審査 Hirabari Exchanging Foreign Driver's License, status: 近日受付開始, start_date: 2024年04月25日 07時30分, end_date: 2024年05月07日 12時00分, template_seq: 96458
[ 2024-04-23 22:43:59,277 ] 94 ble79037 - INFO - Parsed data: title: ＜05月09日(木) 08:45～09:30＞[平針]外国免許切替審査 Hirabari Exchanging Foreign Driver's License, status: 近日受付開始, start_date: 2024年04月25日 07時30分, end_date: 2024年05月07日 12時00分, template_seq: 96458
[ 2024-04-23 22:43:59,277 ] 94 ble79037 - INFO - Parsed data: title: ＜05月09日(木) 08:45～09:30＞[平針]外国免許切替審査 Hirabari Exchanging Foreign Driver's License, status: 近日受付開始, start_date: 2024年04月25日 07時30分, end_date: 2024年05月07日 12時00分, template_seq: 96458
[ 2024-04-23 22:43:59,278 ] 94 ble79037 - INFO - Skip form with passed, ended, or not today status
[ 2024-04-23 22:43:59,278 ] 94 ble79037 - INFO - Skip form with passed, ended, or not today status
[ 2024-04-23 22:43:59,278 ] 94 ble79037 - INFO - Skip form with passed, ended, or not today status
[ 2024-04-23 22:43:59,358 ] 94 ble79037 - INFO - Parsed data: title: ＜05月09日(木) 09:30～10:30＞[平針]外国免許切替審査 Hirabari Exchanging Foreign Driver's License, status: 近日受付開始, start_date: 2024年04月25日 07時30分, end_date: 2024年05月07日 12時00分, template_seq: 96459
[ 2024-04-23 22:43:59,358 ] 94 ble79037 - INFO - Parsed data: title: ＜05月09日(木) 09:30～10:30＞[平針]外国免許切替審査 Hirabari Exchanging Foreign Driver's License, status: 近日受付開始, start_date: 2024年04月25日 07時30分, end_date: 2024年05月07日 12時00分, template_seq: 96459
[ 2024-04-23 22:43:59,358 ] 94 ble79037 - INFO - Parsed data: title: ＜05月09日(木) 09:30～10:30＞[平針]外国免許切替審査 Hirabari Exchanging Foreign Driver's License, status: 近日受付開始, start_date: 2024年04月25日 07時30分, end_date: 2024年05月07日 12時00分, template_seq: 96459
[ 2024-04-23 22:43:59,361 ] 94 ble79037 - INFO - Skip form with passed, ended, or not today status
[ 2024-04-23 22:43:59,361 ] 94 ble79037 - INFO - Skip form with passed, ended, or not today status
[ 2024-04-23 22:43:59,361 ] 94 ble79037 - INFO - Skip form with passed, ended, or not today status
[ 2024-04-23 22:43:59,460 ] 94 ble79037 - INFO - Parsed data: title: ＜05月09日(木) 10:30～11:45＞[平針]外国免許切替審査 Hirabari Exchanging Foreign Driver's License, status: 近日受付開始, start_date: 2024年04月25日 07時30分, end_date: 2024年05月07日 12時00分, template_seq: 96460
[ 2024-04-23 22:43:59,460 ] 94 ble79037 - INFO - Parsed data: title: ＜05月09日(木) 10:30～11:45＞[平針]外国免許切替審査 Hirabari Exchanging Foreign Driver's License, status: 近日受付開始, start_date: 2024年04月25日 07時30分, end_date: 2024年05月07日 12時00分, template_seq: 96460
[ 2024-04-23 22:43:59,460 ] 94 ble79037 - INFO - Parsed data: title: ＜05月09日(木) 10:30～11:45＞[平針]外国免許切替審査 Hirabari Exchanging Foreign Driver's License, status: 近日受付開始, start_date: 2024年04月25日 07時30分, end_date: 2024年05月07日 12時00分, template_seq: 96460
[ 2024-04-23 22:43:59,464 ] 94 ble79037 - INFO - Skip form with passed, ended, or not today status
[ 2024-04-23 22:43:59,464 ] 94 ble79037 - INFO - Skip form with passed, ended, or not today status
[ 2024-04-23 22:43:59,464 ] 94 ble79037 - INFO - Skip form with passed, ended, or not today status
[ 2024-04-23 22:43:59,550 ] 94 ble79037 - INFO - Parsed data: title: ＜05月09日(木) 12:45～13:30＞[平針]外国免許切替審査 Hirabari Exchanging Foreign Driver's License, status: 近日受付開始, start_date: 2024年04月25日 07時30分, end_date: 2024年05月07日 12時00分, template_seq: 96461
[ 2024-04-23 22:43:59,550 ] 94 ble79037 - INFO - Parsed data: title: ＜05月09日(木) 12:45～13:30＞[平針]外国免許切替審査 Hirabari Exchanging Foreign Driver's License, status: 近日受付開始, start_date: 2024年04月25日 07時30分, end_date: 2024年05月07日 12時00分, template_seq: 96461
[ 2024-04-23 22:43:59,550 ] 94 ble79037 - INFO - Parsed data: title: ＜05月09日(木) 12:45～13:30＞[平針]外国免許切替審査 Hirabari Exchanging Foreign Driver's License, status: 近日受付開始, start_date: 2024年04月25日 07時30分, end_date: 2024年05月07日 12時00分, template_seq: 96461
[ 2024-04-23 22:43:59,553 ] 94 ble79037 - INFO - Skip form with passed, ended, or not today status
[ 2024-04-23 22:43:59,553 ] 94 ble79037 - INFO - Skip form with passed, ended, or not today status
[ 2024-04-23 22:43:59,553 ] 94 ble79037 - INFO - Skip form with passed, ended, or not today status
[ 2024-04-23 22:43:59,627 ] 94 ble79037 - INFO - Parsed data: title: ＜05月09日(木) 13:30～14:45＞[平針]外国免許切替審査 Hirabari Exchanging Foreign Driver's License, status: 近日受付開始, start_date: 2024年04月25日 07時30分, end_date: 2024年05月07日 12時00分, template_seq: 96462
[ 2024-04-23 22:43:59,627 ] 94 ble79037 - INFO - Parsed data: title: ＜05月09日(木) 13:30～14:45＞[平針]外国免許切替審査 Hirabari Exchanging Foreign Driver's License, status: 近日受付開始, start_date: 2024年04月25日 07時30分, end_date: 2024年05月07日 12時00分, template_seq: 96462
[ 2024-04-23 22:43:59,627 ] 94 ble79037 - INFO - Parsed data: title: ＜05月09日(木) 13:30～14:45＞[平針]外国免許切替審査 Hirabari Exchanging Foreign Driver's License, status: 近日受付開始, start_date: 2024年04月25日 07時30分, end_date: 2024年05月07日 12時00分, template_seq: 96462
[ 2024-04-23 22:43:59,631 ] 94 ble79037 - INFO - Skip form with passed, ended, or not today status
[ 2024-04-23 22:43:59,631 ] 94 ble79037 - INFO - Skip form with passed, ended, or not today status
[ 2024-04-23 22:43:59,631 ] 94 ble79037 - INFO - Skip form with passed, ended, or not today status
[ 2024-04-23 22:43:59,725 ] 94 ble79037 - INFO - Parsed data: title: ＜05月08日(水) 08:45～09:30＞[平針]外国免許切替審査 Hirabari Exchanging Foreign Driver's License, status: 近日受付開始, start_date: 2024年04月24日 07時30分, end_date: 2024年05月02日 12時00分, template_seq: 96453
[ 2024-04-23 22:43:59,725 ] 94 ble79037 - INFO - Parsed data: title: ＜05月08日(水) 08:45～09:30＞[平針]外国免許切替審査 Hirabari Exchanging Foreign Driver's License, status: 近日受付開始, start_date: 2024年04月24日 07時30分, end_date: 2024年05月02日 12時00分, template_seq: 96453
[ 2024-04-23 22:43:59,725 ] 94 ble79037 - INFO - Parsed data: title: ＜05月08日(水) 08:45～09:30＞[平針]外国免許切替審査 Hirabari Exchanging Foreign Driver's License, status: 近日受付開始, start_date: 2024年04月24日 07時30分, end_date: 2024年05月02日 12時00分, template_seq: 96453
[ 2024-04-23 22:43:59,771 ] 94 ble79037 - INFO - Parsed data: title: ＜05月08日(水) 09:30～10:30＞[平針]外国免許切替審査 Hirabari Exchanging Foreign Driver's License, status: 近日受付開始, start_date: 2024年04月24日 07時30分, end_date: 2024年05月02日 12時00分, template_seq: 96454
[ 2024-04-23 22:43:59,771 ] 94 ble79037 - INFO - Parsed data: title: ＜05月08日(水) 09:30～10:30＞[平針]外国免許切替審査 Hirabari Exchanging Foreign Driver's License, status: 近日受付開始, start_date: 2024年04月24日 07時30分, end_date: 2024年05月02日 12時00分, template_seq: 96454
[ 2024-04-23 22:43:59,771 ] 94 ble79037 - INFO - Parsed data: title: ＜05月08日(水) 09:30～10:30＞[平針]外国免許切替審査 Hirabari Exchanging Foreign Driver's License, status: 近日受付開始, start_date: 2024年04月24日 07時30分, end_date: 2024年05月02日 12時00分, template_seq: 96454
[ 2024-04-23 22:43:59,809 ] 94 ble79037 - INFO - Parsed data: title: ＜05月08日(水) 10:30～11:45＞[平針]外国免許切替審査 Hirabari Exchanging Foreign Driver's License, status: 近日受付開始, start_date: 2024年04月24日 07時30分, end_date: 2024年05月02日 12時00分, template_seq: 96455
[ 2024-04-23 22:43:59,809 ] 94 ble79037 - INFO - Parsed data: title: ＜05月08日(水) 10:30～11:45＞[平針]外国免許切替審査 Hirabari Exchanging Foreign Driver's License, status: 近日受付開始, start_date: 2024年04月24日 07時30分, end_date: 2024年05月02日 12時00分, template_seq: 96455
[ 2024-04-23 22:43:59,809 ] 94 ble79037 - INFO - Parsed data: title: ＜05月08日(水) 10:30～11:45＞[平針]外国免許切替審査 Hirabari Exchanging Foreign Driver's License, status: 近日受付開始, start_date: 2024年04月24日 07時30分, end_date: 2024年05月02日 12時00分, template_seq: 96455
[ 2024-04-23 22:43:59,839 ] 94 ble79037 - INFO - Parsed data: title: ＜05月08日(水) 12:45～13:30＞[平針]外国免許切替審査 Hirabari Exchanging Foreign Driver's License, status: 近日受付開始, start_date: 2024年04月24日 07時30分, end_date: 2024年05月02日 12時00分, template_seq: 96456
[ 2024-04-23 22:43:59,839 ] 94 ble79037 - INFO - Parsed data: title: ＜05月08日(水) 12:45～13:30＞[平針]外国免許切替審査 Hirabari Exchanging Foreign Driver's License, status: 近日受付開始, start_date: 2024年04月24日 07時30分, end_date: 2024年05月02日 12時00分, template_seq: 96456
[ 2024-04-23 22:43:59,839 ] 94 ble79037 - INFO - Parsed data: title: ＜05月08日(水) 12:45～13:30＞[平針]外国免許切替審査 Hirabari Exchanging Foreign Driver's License, status: 近日受付開始, start_date: 2024年04月24日 07時30分, end_date: 2024年05月02日 12時00分, template_seq: 96456
[ 2024-04-23 22:43:59,868 ] 94 ble79037 - INFO - Parsed data: title: ＜05月08日(水) 13:30～14:45＞[平針]外国免許切替審査 Hirabari Exchanging Foreign Driver's License, status: 近日受付開始, start_date: 2024年04月24日 07時30分, end_date: 2024年05月02日 12時00分, template_seq: 96457
[ 2024-04-23 22:43:59,868 ] 94 ble79037 - INFO - Parsed data: title: ＜05月08日(水) 13:30～14:45＞[平針]外国免許切替審査 Hirabari Exchanging Foreign Driver's License, status: 近日受付開始, start_date: 2024年04月24日 07時30分, end_date: 2024年05月02日 12時00分, template_seq: 96457
[ 2024-04-23 22:43:59,868 ] 94 ble79037 - INFO - Parsed data: title: ＜05月08日(水) 13:30～14:45＞[平針]外国免許切替審査 Hirabari Exchanging Foreign Driver's License, status: 近日受付開始, start_date: 2024年04月24日 07時30分, end_date: 2024年05月02日 12時00分, template_seq: 96457
[ 2024-04-23 22:43:59,896 ] 94 ble79037 - INFO - Parsed data: title: ＜05月07日(火) 08:45～09:30＞[平針]外国免許切替審査 Hirabari Exchanging Foreign Driver's License, status: 受付終了しました, start_date: 2024年04月23日 07時30分, end_date: 2024年05月01日 12時00分, template_seq: 96447
[ 2024-04-23 22:43:59,896 ] 94 ble79037 - INFO - Parsed data: title: ＜05月07日(火) 08:45～09:30＞[平針]外国免許切替審査 Hirabari Exchanging Foreign Driver's License, status: 受付終了しました, start_date: 2024年04月23日 07時30分, end_date: 2024年05月01日 12時00分, template_seq: 96447
[ 2024-04-23 22:43:59,896 ] 94 ble79037 - INFO - Parsed data: title: ＜05月07日(火) 08:45～09:30＞[平針]外国免許切替審査 Hirabari Exchanging Foreign Driver's License, status: 受付終了しました, start_date: 2024年04月23日 07時30分, end_date: 2024年05月01日 12時00分, template_seq: 96447
[ 2024-04-23 22:43:59,898 ] 94 ble79037 - INFO - Skip form with passed, ended, or not today status
[ 2024-04-23 22:43:59,898 ] 94 ble79037 - INFO - Skip form with passed, ended, or not today status
[ 2024-04-23 22:43:59,898 ] 94 ble79037 - INFO - Skip form with passed, ended, or not today status
[ 2024-04-23 22:43:59,947 ] 94 ble79037 - INFO - Parsed data: title: ＜05月07日(火) 09:30～10:30＞[平針]外国免許切替審査 Hirabari Exchanging Foreign Driver's License, status: 受付終了しました, start_date: 2024年04月23日 07時30分, end_date: 2024年05月01日 12時00分, template_seq: 96448
[ 2024-04-23 22:43:59,947 ] 94 ble79037 - INFO - Parsed data: title: ＜05月07日(火) 09:30～10:30＞[平針]外国免許切替審査 Hirabari Exchanging Foreign Driver's License, status: 受付終了しました, start_date: 2024年04月23日 07時30分, end_date: 2024年05月01日 12時00分, template_seq: 96448
[ 2024-04-23 22:43:59,947 ] 94 ble79037 - INFO - Parsed data: title: ＜05月07日(火) 09:30～10:30＞[平針]外国免許切替審査 Hirabari Exchanging Foreign Driver's License, status: 受付終了しました, start_date: 2024年04月23日 07時30分, end_date: 2024年05月01日 12時00分, template_seq: 96448
[ 2024-04-23 22:43:59,948 ] 94 ble79037 - INFO - Skip form with passed, ended, or not today status
[ 2024-04-23 22:43:59,948 ] 94 ble79037 - INFO - Skip form with passed, ended, or not today status
[ 2024-04-23 22:43:59,948 ] 94 ble79037 - INFO - Skip form with passed, ended, or not today status
[ 2024-04-23 22:44:00,002 ] 94 ble79037 - INFO - Parsed data: title: ＜05月07日(火) 10:30～11:45＞[平針]外国免許切替審査 Hirabari Exchanging Foreign Driver's License, status: 受付終了しました, start_date: 2024年04月23日 07時30分, end_date: 2024年05月01日 12時00分, template_seq: 96450
[ 2024-04-23 22:44:00,002 ] 94 ble79037 - INFO - Parsed data: title: ＜05月07日(火) 10:30～11:45＞[平針]外国免許切替審査 Hirabari Exchanging Foreign Driver's License, status: 受付終了しました, start_date: 2024年04月23日 07時30分, end_date: 2024年05月01日 12時00分, template_seq: 96450
[ 2024-04-23 22:44:00,002 ] 94 ble79037 - INFO - Parsed data: title: ＜05月07日(火) 10:30～11:45＞[平針]外国免許切替審査 Hirabari Exchanging Foreign Driver's License, status: 受付終了しました, start_date: 2024年04月23日 07時30分, end_date: 2024年05月01日 12時00分, template_seq: 96450
[ 2024-04-23 22:44:00,005 ] 94 ble79037 - INFO - Skip form with passed, ended, or not today status
[ 2024-04-23 22:44:00,005 ] 94 ble79037 - INFO - Skip form with passed, ended, or not today status
[ 2024-04-23 22:44:00,005 ] 94 ble79037 - INFO - Skip form with passed, ended, or not today status
[ 2024-04-23 22:44:00,083 ] 94 ble79037 - INFO - Parsed data: title: ＜05月07日(火) 12:45～13:30＞[平針]外国免許切替審査 Hirabari Exchanging Foreign Driver's License, status: 受付終了しました, start_date: 2024年04月23日 07時30分, end_date: 2024年05月01日 12時00分, template_seq: 96451
[ 2024-04-23 22:44:00,083 ] 94 ble79037 - INFO - Parsed data: title: ＜05月07日(火) 12:45～13:30＞[平針]外国免許切替審査 Hirabari Exchanging Foreign Driver's License, status: 受付終了しました, start_date: 2024年04月23日 07時30分, end_date: 2024年05月01日 12時00分, template_seq: 96451
[ 2024-04-23 22:44:00,083 ] 94 ble79037 - INFO - Parsed data: title: ＜05月07日(火) 12:45～13:30＞[平針]外国免許切替審査 Hirabari Exchanging Foreign Driver's License, status: 受付終了しました, start_date: 2024年04月23日 07時30分, end_date: 2024年05月01日 12時00分, template_seq: 96451
[ 2024-04-23 22:44:00,084 ] 94 ble79037 - INFO - Skip form with passed, ended, or not today status
[ 2024-04-23 22:44:00,084 ] 94 ble79037 - INFO - Skip form with passed, ended, or not today status
[ 2024-04-23 22:44:00,084 ] 94 ble79037 - INFO - Skip form with passed, ended, or not today status
[ 2024-04-23 22:44:00,109 ] 94 ble79037 - INFO - Parsed data: title: ＜05月07日(火) 13:30～14:45＞[平針]外国免許切替審査 Hirabari Exchanging Foreign Driver's License, status: 受付終了しました, start_date: 2024年04月23日 07時30分, end_date: 2024年05月01日 12時00分, template_seq: 96452
[ 2024-04-23 22:44:00,109 ] 94 ble79037 - INFO - Parsed data: title: ＜05月07日(火) 13:30～14:45＞[平針]外国免許切替審査 Hirabari Exchanging Foreign Driver's License, status: 受付終了しました, start_date: 2024年04月23日 07時30分, end_date: 2024年05月01日 12時00分, template_seq: 96452
[ 2024-04-23 22:44:00,109 ] 94 ble79037 - INFO - Parsed data: title: ＜05月07日(火) 13:30～14:45＞[平針]外国免許切替審査 Hirabari Exchanging Foreign Driver's License, status: 受付終了しました, start_date: 2024年04月23日 07時30分, end_date: 2024年05月01日 12時00分, template_seq: 96452
[ 2024-04-23 22:44:00,109 ] 94 ble79037 - INFO - Skip form with passed, ended, or not today status
[ 2024-04-23 22:44:00,109 ] 94 ble79037 - INFO - Skip form with passed, ended, or not today status
[ 2024-04-23 22:44:00,109 ] 94 ble79037 - INFO - Skip form with passed, ended, or not today status
[ 2024-04-23 22:44:00,134 ] 94 ble79037 - INFO - Parsed data: title: ＜05月02日(木) 08:45～09:30＞[平針]外国免許切替審査 Hirabari Exchanging Foreign Driver's License, status: 受付終了しました, start_date: 2024年04月18日 07時30分, end_date: 2024年04月30日 12時00分, template_seq: 96126
[ 2024-04-23 22:44:00,134 ] 94 ble79037 - INFO - Parsed data: title: ＜05月02日(木) 08:45～09:30＞[平針]外国免許切替審査 Hirabari Exchanging Foreign Driver's License, status: 受付終了しました, start_date: 2024年04月18日 07時30分, end_date: 2024年04月30日 12時00分, template_seq: 96126
[ 2024-04-23 22:44:00,134 ] 94 ble79037 - INFO - Parsed data: title: ＜05月02日(木) 08:45～09:30＞[平針]外国免許切替審査 Hirabari Exchanging Foreign Driver's License, status: 受付終了しました, start_date: 2024年04月18日 07時30分, end_date: 2024年04月30日 12時00分, template_seq: 96126
[ 2024-04-23 22:44:00,135 ] 94 ble79037 - INFO - Skip form with passed, ended, or not today status
[ 2024-04-23 22:44:00,135 ] 94 ble79037 - INFO - Skip form with passed, ended, or not today status
[ 2024-04-23 22:44:00,135 ] 94 ble79037 - INFO - Skip form with passed, ended, or not today status
[ 2024-04-23 22:44:00,177 ] 94 ble79037 - INFO - Parsed data: title: ＜05月02日(木) 09:30～10:30＞[平針]外国免許切替審査 Hirabari Exchanging Foreign Driver's License, status: 受付終了しました, start_date: 2024年04月18日 07時30分, end_date: 2024年04月30日 12時00分, template_seq: 96127
[ 2024-04-23 22:44:00,177 ] 94 ble79037 - INFO - Parsed data: title: ＜05月02日(木) 09:30～10:30＞[平針]外国免許切替審査 Hirabari Exchanging Foreign Driver's License, status: 受付終了しました, start_date: 2024年04月18日 07時30分, end_date: 2024年04月30日 12時00分, template_seq: 96127
[ 2024-04-23 22:44:00,177 ] 94 ble79037 - INFO - Parsed data: title: ＜05月02日(木) 09:30～10:30＞[平針]外国免許切替審査 Hirabari Exchanging Foreign Driver's License, status: 受付終了しました, start_date: 2024年04月18日 07時30分, end_date: 2024年04月30日 12時00分, template_seq: 96127
[ 2024-04-23 22:44:00,178 ] 94 ble79037 - INFO - Skip form with passed, ended, or not today status
[ 2024-04-23 22:44:00,178 ] 94 ble79037 - INFO - Skip form with passed, ended, or not today status
[ 2024-04-23 22:44:00,178 ] 94 ble79037 - INFO - Skip form with passed, ended, or not today status
[ 2024-04-23 22:44:00,202 ] 94 ble79037 - INFO - Parsed data: title: ＜05月02日(木) 10:30～11:45＞[平針]外国免許切替審査 Hirabari Exchanging Foreign Driver's License, status: 受付終了しました, start_date: 2024年04月18日 07時30分, end_date: 2024年04月30日 12時00分, template_seq: 96128
[ 2024-04-23 22:44:00,202 ] 94 ble79037 - INFO - Parsed data: title: ＜05月02日(木) 10:30～11:45＞[平針]外国免許切替審査 Hirabari Exchanging Foreign Driver's License, status: 受付終了しました, start_date: 2024年04月18日 07時30分, end_date: 2024年04月30日 12時00分, template_seq: 96128
[ 2024-04-23 22:44:00,202 ] 94 ble79037 - INFO - Parsed data: title: ＜05月02日(木) 10:30～11:45＞[平針]外国免許切替審査 Hirabari Exchanging Foreign Driver's License, status: 受付終了しました, start_date: 2024年04月18日 07時30分, end_date: 2024年04月30日 12時00分, template_seq: 96128
[ 2024-04-23 22:44:00,203 ] 94 ble79037 - INFO - Skip form with passed, ended, or not today status
[ 2024-04-23 22:44:00,203 ] 94 ble79037 - INFO - Skip form with passed, ended, or not today status
[ 2024-04-23 22:44:00,203 ] 94 ble79037 - INFO - Skip form with passed, ended, or not today status
[ 2024-04-23 22:44:00,220 ] 94 ble79037 - INFO - Parsed data: title: ＜05月02日(木) 12:45～13:30＞[平針]外国免許切替審査 Hirabari Exchanging Foreign Driver's License, status: 受付終了しました, start_date: 2024年04月18日 07時30分, end_date: 2024年04月30日 12時00分, template_seq: 96129
[ 2024-04-23 22:44:00,220 ] 94 ble79037 - INFO - Parsed data: title: ＜05月02日(木) 12:45～13:30＞[平針]外国免許切替審査 Hirabari Exchanging Foreign Driver's License, status: 受付終了しました, start_date: 2024年04月18日 07時30分, end_date: 2024年04月30日 12時00分, template_seq: 96129
[ 2024-04-23 22:44:00,220 ] 94 ble79037 - INFO - Parsed data: title: ＜05月02日(木) 12:45～13:30＞[平針]外国免許切替審査 Hirabari Exchanging Foreign Driver's License, status: 受付終了しました, start_date: 2024年04月18日 07時30分, end_date: 2024年04月30日 12時00分, template_seq: 96129
[ 2024-04-23 22:44:00,221 ] 94 ble79037 - INFO - Skip form with passed, ended, or not today status
[ 2024-04-23 22:44:00,221 ] 94 ble79037 - INFO - Skip form with passed, ended, or not today status
[ 2024-04-23 22:44:00,221 ] 94 ble79037 - INFO - Skip form with passed, ended, or not today status
[ 2024-04-23 22:44:00,255 ] 94 ble79037 - INFO - Parsed data: title: ＜05月02日(木) 13:30～14:45＞[平針]外国免許切替審査 Hirabari Exchanging Foreign Driver's License, status: 受付終了しました, start_date: 2024年04月18日 07時30分, end_date: 2024年04月30日 12時00分, template_seq: 96130
[ 2024-04-23 22:44:00,255 ] 94 ble79037 - INFO - Parsed data: title: ＜05月02日(木) 13:30～14:45＞[平針]外国免許切替審査 Hirabari Exchanging Foreign Driver's License, status: 受付終了しました, start_date: 2024年04月18日 07時30分, end_date: 2024年04月30日 12時00分, template_seq: 96130
[ 2024-04-23 22:44:00,255 ] 94 ble79037 - INFO - Parsed data: title: ＜05月02日(木) 13:30～14:45＞[平針]外国免許切替審査 Hirabari Exchanging Foreign Driver's License, status: 受付終了しました, start_date: 2024年04月18日 07時30分, end_date: 2024年04月30日 12時00分, template_seq: 96130
[ 2024-04-23 22:44:00,258 ] 94 ble79037 - INFO - Skip form with passed, ended, or not today status
[ 2024-04-23 22:44:00,258 ] 94 ble79037 - INFO - Skip form with passed, ended, or not today status
[ 2024-04-23 22:44:00,258 ] 94 ble79037 - INFO - Skip form with passed, ended, or not today status
[ 2024-04-23 22:44:00,258 ] 94 ble79037 - INFO - Number of filtered forms left is: 5 form(s)
[ 2024-04-23 22:44:00,258 ] 94 ble79037 - INFO - Number of filtered forms left is: 5 form(s)
[ 2024-04-23 22:44:00,258 ] 94 ble79037 - INFO - Number of filtered forms left is: 5 form(s)
[ 2024-04-23 22:44:00,261 ] 94 ble79037 - INFO - Accessing form, template sequence: 96457
[ 2024-04-23 22:44:00,261 ] 94 ble79037 - INFO - Accessing form, template sequence: 96457
[ 2024-04-23 22:44:00,261 ] 94 ble79037 - INFO - Accessing form, template sequence: 96457
[ 2024-04-23 22:44:00,261 ] 94 ble79037 - INFO - Form URL: https://www.shinsei.e-aichi.jp/pref-aichi-police-u/offer/offerList_detailTop?tempSeq=96457
[ 2024-04-23 22:44:00,261 ] 94 ble79037 - INFO - Form URL: https://www.shinsei.e-aichi.jp/pref-aichi-police-u/offer/offerList_detailTop?tempSeq=96457
[ 2024-04-23 22:44:00,261 ] 94 ble79037 - INFO - Form URL: https://www.shinsei.e-aichi.jp/pref-aichi-police-u/offer/offerList_detailTop?tempSeq=96457
[ 2024-04-23 22:44:05,947 ] 94 ble79037 - INFO - Accessed form successfully
[ 2024-04-23 22:44:05,947 ] 94 ble79037 - INFO - Accessed form successfully
[ 2024-04-23 22:44:05,947 ] 94 ble79037 - INFO - Accessed form successfully
[ 2024-04-23 22:44:05,962 ] 94 ble79037 - INFO - Form message: 申込期間ではありません。
[ 2024-04-23 22:44:05,962 ] 94 ble79037 - INFO - Form message: 申込期間ではありません。
[ 2024-04-23 22:44:05,962 ] 94 ble79037 - INFO - Form message: 申込期間ではありません。
[ 2024-04-23 22:44:05,963 ] 94 ble79037 - INFO - Refreshing page to check availability trial number 1, template sequence: 96457
[ 2024-04-23 22:44:05,963 ] 94 ble79037 - INFO - Refreshing page to check availability trial number 1, template sequence: 96457
[ 2024-04-23 22:44:05,963 ] 94 ble79037 - INFO - Refreshing page to check availability trial number 1, template sequence: 96457
[ 2024-04-23 22:44:07,823 ] 94 ble79037 - INFO - Form message: 申込期間ではありません。
[ 2024-04-23 22:44:07,823 ] 94 ble79037 - INFO - Form message: 申込期間ではありません。
[ 2024-04-23 22:44:07,823 ] 94 ble79037 - INFO - Form message: 申込期間ではありません。
[ 2024-04-23 22:44:07,823 ] 94 ble79037 - INFO - Refreshing page to check availability trial number 2, template sequence: 96457
[ 2024-04-23 22:44:07,823 ] 94 ble79037 - INFO - Refreshing page to check availability trial number 2, template sequence: 96457
[ 2024-04-23 22:44:07,823 ] 94 ble79037 - INFO - Refreshing page to check availability trial number 2, template sequence: 96457
[ 2024-04-23 22:44:09,589 ] 94 ble79037 - INFO - Form message: 申込期間ではありません。
[ 2024-04-23 22:44:09,589 ] 94 ble79037 - INFO - Form message: 申込期間ではありません。
[ 2024-04-23 22:44:09,589 ] 94 ble79037 - INFO - Form message: 申込期間ではありません。
[ 2024-04-23 22:44:09,590 ] 94 ble79037 - INFO - Refreshing page to check availability trial number 3, template sequence: 96457
[ 2024-04-23 22:44:09,590 ] 94 ble79037 - INFO - Refreshing page to check availability trial number 3, template sequence: 96457
[ 2024-04-23 22:44:09,590 ] 94 ble79037 - INFO - Refreshing page to check availability trial number 3, template sequence: 96457
[ 2024-04-23 22:44:11,035 ] 94 ble79037 - INFO - Form message: 申込期間ではありません。
[ 2024-04-23 22:44:11,035 ] 94 ble79037 - INFO - Form message: 申込期間ではありません。
[ 2024-04-23 22:44:11,035 ] 94 ble79037 - INFO - Form message: 申込期間ではありません。
[ 2024-04-23 22:44:11,036 ] 94 ble79037 - INFO - Refreshing page to check availability trial number 4, template sequence: 96457
[ 2024-04-23 22:44:11,036 ] 94 ble79037 - INFO - Refreshing page to check availability trial number 4, template sequence: 96457
[ 2024-04-23 22:44:11,036 ] 94 ble79037 - INFO - Refreshing page to check availability trial number 4, template sequence: 96457
[ 2024-04-23 22:44:12,625 ] 94 ble79037 - INFO - Form message: 申込期間ではありません。
[ 2024-04-23 22:44:12,625 ] 94 ble79037 - INFO - Form message: 申込期間ではありません。
[ 2024-04-23 22:44:12,625 ] 94 ble79037 - INFO - Form message: 申込期間ではありません。
[ 2024-04-23 22:44:12,625 ] 94 ble79037 - INFO - Refreshing page to check availability trial number 5, template sequence: 96457
[ 2024-04-23 22:44:12,625 ] 94 ble79037 - INFO - Refreshing page to check availability trial number 5, template sequence: 96457
[ 2024-04-23 22:44:12,625 ] 94 ble79037 - INFO - Refreshing page to check availability trial number 5, template sequence: 96457
[ 2024-04-23 22:44:13,887 ] 94 ble79037 - INFO - Form message: 申込期間ではありません。
[ 2024-04-23 22:44:13,887 ] 94 ble79037 - INFO - Form message: 申込期間ではありません。
[ 2024-04-23 22:44:13,887 ] 94 ble79037 - INFO - Form message: 申込期間ではありません。
[ 2024-04-23 22:44:13,889 ] 94 ble79037 - INFO - Refreshing page to check availability trial number 6, template sequence: 96457
[ 2024-04-23 22:44:13,889 ] 94 ble79037 - INFO - Refreshing page to check availability trial number 6, template sequence: 96457
[ 2024-04-23 22:44:13,889 ] 94 ble79037 - INFO - Refreshing page to check availability trial number 6, template sequence: 96457
[ 2024-04-23 22:44:15,322 ] 94 ble79037 - INFO - Form message: 申込期間ではありません。
[ 2024-04-23 22:44:15,322 ] 94 ble79037 - INFO - Form message: 申込期間ではありません。
[ 2024-04-23 22:44:15,322 ] 94 ble79037 - INFO - Form message: 申込期間ではありません。
[ 2024-04-23 22:44:15,324 ] 94 ble79037 - INFO - Refreshing page to check availability trial number 7, template sequence: 96457
[ 2024-04-23 22:44:15,324 ] 94 ble79037 - INFO - Refreshing page to check availability trial number 7, template sequence: 96457
[ 2024-04-23 22:44:15,324 ] 94 ble79037 - INFO - Refreshing page to check availability trial number 7, template sequence: 96457
[ 2024-04-23 22:44:17,020 ] 94 ble79037 - INFO - Form message: 申込期間ではありません。
[ 2024-04-23 22:44:17,020 ] 94 ble79037 - INFO - Form message: 申込期間ではありません。
[ 2024-04-23 22:44:17,020 ] 94 ble79037 - INFO - Form message: 申込期間ではありません。
[ 2024-04-23 22:44:17,021 ] 94 ble79037 - INFO - Refreshing page to check availability trial number 8, template sequence: 96457
[ 2024-04-23 22:44:17,021 ] 94 ble79037 - INFO - Refreshing page to check availability trial number 8, template sequence: 96457
[ 2024-04-23 22:44:17,021 ] 94 ble79037 - INFO - Refreshing page to check availability trial number 8, template sequence: 96457
[ 2024-04-23 22:44:18,237 ] 94 ble79037 - INFO - Form message: 申込期間ではありません。
[ 2024-04-23 22:44:18,237 ] 94 ble79037 - INFO - Form message: 申込期間ではありません。
[ 2024-04-23 22:44:18,237 ] 94 ble79037 - INFO - Form message: 申込期間ではありません。
[ 2024-04-23 22:44:18,238 ] 94 ble79037 - INFO - Refreshing page to check availability trial number 9, template sequence: 96457
[ 2024-04-23 22:44:18,238 ] 94 ble79037 - INFO - Refreshing page to check availability trial number 9, template sequence: 96457
[ 2024-04-23 22:44:18,238 ] 94 ble79037 - INFO - Refreshing page to check availability trial number 9, template sequence: 96457
[ 2024-04-23 22:44:19,655 ] 94 ble79037 - INFO - Form message: 申込期間ではありません。
[ 2024-04-23 22:44:19,655 ] 94 ble79037 - INFO - Form message: 申込期間ではありません。
[ 2024-04-23 22:44:19,655 ] 94 ble79037 - INFO - Form message: 申込期間ではありません。
[ 2024-04-23 22:44:19,655 ] 94 ble79037 - INFO - Refreshing page to check availability trial number 10, template sequence: 96457
[ 2024-04-23 22:44:19,655 ] 94 ble79037 - INFO - Refreshing page to check availability trial number 10, template sequence: 96457
[ 2024-04-23 22:44:19,655 ] 94 ble79037 - INFO - Refreshing page to check availability trial number 10, template sequence: 96457
[ 2024-04-23 22:44:21,142 ] 94 ble79037 - INFO - Form message: 申込期間ではありません。
[ 2024-04-23 22:44:21,142 ] 94 ble79037 - INFO - Form message: 申込期間ではありません。
[ 2024-04-23 22:44:21,142 ] 94 ble79037 - INFO - Form message: 申込期間ではありません。
[ 2024-04-23 22:44:21,143 ] 94 ble79037 - INFO - Refreshing page to check availability trial number 11, template sequence: 96457
[ 2024-04-23 22:44:21,143 ] 94 ble79037 - INFO - Refreshing page to check availability trial number 11, template sequence: 96457
[ 2024-04-23 22:44:21,143 ] 94 ble79037 - INFO - Refreshing page to check availability trial number 11, template sequence: 96457
[ 2024-04-23 22:44:22,602 ] 94 ble79037 - INFO - Form message: 申込期間ではありません。
[ 2024-04-23 22:44:22,602 ] 94 ble79037 - INFO - Form message: 申込期間ではありません。
[ 2024-04-23 22:44:22,602 ] 94 ble79037 - INFO - Form message: 申込期間ではありません。
[ 2024-04-23 22:44:22,603 ] 94 ble79037 - INFO - Refreshing page to check availability trial number 12, template sequence: 96457
[ 2024-04-23 22:44:22,603 ] 94 ble79037 - INFO - Refreshing page to check availability trial number 12, template sequence: 96457
[ 2024-04-23 22:44:22,603 ] 94 ble79037 - INFO - Refreshing page to check availability trial number 12, template sequence: 96457
[ 2024-04-23 22:44:23,861 ] 94 ble79037 - INFO - Form message: 申込期間ではありません。
[ 2024-04-23 22:44:23,861 ] 94 ble79037 - INFO - Form message: 申込期間ではありません。
[ 2024-04-23 22:44:23,861 ] 94 ble79037 - INFO - Form message: 申込期間ではありません。
[ 2024-04-23 22:44:23,862 ] 94 ble79037 - INFO - Refreshing page to check availability trial number 13, template sequence: 96457
[ 2024-04-23 22:44:23,862 ] 94 ble79037 - INFO - Refreshing page to check availability trial number 13, template sequence: 96457
[ 2024-04-23 22:44:23,862 ] 94 ble79037 - INFO - Refreshing page to check availability trial number 13, template sequence: 96457
[ 2024-04-23 22:44:25,021 ] 94 ble79037 - INFO - Form message: 申込期間ではありません。
[ 2024-04-23 22:44:25,021 ] 94 ble79037 - INFO - Form message: 申込期間ではありません。
[ 2024-04-23 22:44:25,021 ] 94 ble79037 - INFO - Form message: 申込期間ではありません。
[ 2024-04-23 22:44:25,022 ] 94 ble79037 - INFO - Refreshing page to check availability trial number 14, template sequence: 96457
[ 2024-04-23 22:44:25,022 ] 94 ble79037 - INFO - Refreshing page to check availability trial number 14, template sequence: 96457
[ 2024-04-23 22:44:25,022 ] 94 ble79037 - INFO - Refreshing page to check availability trial number 14, template sequence: 96457
[ 2024-04-23 22:44:26,505 ] 94 ble79037 - INFO - Form message: 申込期間ではありません。
[ 2024-04-23 22:44:26,505 ] 94 ble79037 - INFO - Form message: 申込期間ではありません。
[ 2024-04-23 22:44:26,505 ] 94 ble79037 - INFO - Form message: 申込期間ではありません。
[ 2024-04-23 22:44:26,505 ] 94 ble79037 - INFO - Refreshing page to check availability trial number 15, template sequence: 96457
[ 2024-04-23 22:44:26,505 ] 94 ble79037 - INFO - Refreshing page to check availability trial number 15, template sequence: 96457
[ 2024-04-23 22:44:26,505 ] 94 ble79037 - INFO - Refreshing page to check availability trial number 15, template sequence: 96457
[ 2024-04-23 22:44:27,944 ] 94 ble79037 - INFO - Form message: 申込期間ではありません。
[ 2024-04-23 22:44:27,944 ] 94 ble79037 - INFO - Form message: 申込期間ではありません。
[ 2024-04-23 22:44:27,944 ] 94 ble79037 - INFO - Form message: 申込期間ではありません。
[ 2024-04-23 22:44:27,945 ] 94 ble79037 - INFO - Refreshing page to check availability trial number 16, template sequence: 96457
[ 2024-04-23 22:44:27,945 ] 94 ble79037 - INFO - Refreshing page to check availability trial number 16, template sequence: 96457
[ 2024-04-23 22:44:27,945 ] 94 ble79037 - INFO - Refreshing page to check availability trial number 16, template sequence: 96457
[ 2024-04-23 22:44:29,119 ] 94 ble79037 - INFO - Form message: 申込期間ではありません。
[ 2024-04-23 22:44:29,119 ] 94 ble79037 - INFO - Form message: 申込期間ではありません。
[ 2024-04-23 22:44:29,119 ] 94 ble79037 - INFO - Form message: 申込期間ではありません。
[ 2024-04-23 22:44:29,120 ] 94 ble79037 - INFO - Refreshing page to check availability trial number 17, template sequence: 96457
[ 2024-04-23 22:44:29,120 ] 94 ble79037 - INFO - Refreshing page to check availability trial number 17, template sequence: 96457
[ 2024-04-23 22:44:29,120 ] 94 ble79037 - INFO - Refreshing page to check availability trial number 17, template sequence: 96457
[ 2024-04-23 22:44:30,708 ] 94 ble79037 - INFO - Form message: 申込期間ではありません。
[ 2024-04-23 22:44:30,708 ] 94 ble79037 - INFO - Form message: 申込期間ではありません。
[ 2024-04-23 22:44:30,708 ] 94 ble79037 - INFO - Form message: 申込期間ではありません。
[ 2024-04-23 22:44:30,709 ] 94 ble79037 - INFO - Refreshing page to check availability trial number 18, template sequence: 96457
[ 2024-04-23 22:44:30,709 ] 94 ble79037 - INFO - Refreshing page to check availability trial number 18, template sequence: 96457
[ 2024-04-23 22:44:30,709 ] 94 ble79037 - INFO - Refreshing page to check availability trial number 18, template sequence: 96457
[ 2024-04-23 22:44:31,887 ] 94 ble79037 - INFO - Form message: 申込期間ではありません。
[ 2024-04-23 22:44:31,887 ] 94 ble79037 - INFO - Form message: 申込期間ではありません。
[ 2024-04-23 22:44:31,887 ] 94 ble79037 - INFO - Form message: 申込期間ではありません。
[ 2024-04-23 22:44:31,889 ] 94 ble79037 - INFO - Refreshing page to check availability trial number 19, template sequence: 96457
[ 2024-04-23 22:44:31,889 ] 94 ble79037 - INFO - Refreshing page to check availability trial number 19, template sequence: 96457
[ 2024-04-23 22:44:31,889 ] 94 ble79037 - INFO - Refreshing page to check availability trial number 19, template sequence: 96457
[ 2024-04-23 22:44:33,381 ] 94 ble79037 - INFO - Form message: 申込期間ではありません。
[ 2024-04-23 22:44:33,381 ] 94 ble79037 - INFO - Form message: 申込期間ではありません。
[ 2024-04-23 22:44:33,381 ] 94 ble79037 - INFO - Form message: 申込期間ではありません。
[ 2024-04-23 22:44:33,381 ] 94 ble79037 - INFO - Refreshing page to check availability trial number 20, template sequence: 96457
[ 2024-04-23 22:44:33,381 ] 94 ble79037 - INFO - Refreshing page to check availability trial number 20, template sequence: 96457
[ 2024-04-23 22:44:33,381 ] 94 ble79037 - INFO - Refreshing page to check availability trial number 20, template sequence: 96457
[ 2024-04-23 22:44:34,878 ] 94 ble79037 - INFO - Form message: 申込期間ではありません。
[ 2024-04-23 22:44:34,878 ] 94 ble79037 - INFO - Form message: 申込期間ではありません。
[ 2024-04-23 22:44:34,878 ] 94 ble79037 - INFO - Form message: 申込期間ではありません。
[ 2024-04-23 22:44:34,878 ] 94 ble79037 - INFO - Failed to access form after 20 refreshing, template sequence: 96457
[ 2024-04-23 22:44:34,878 ] 94 ble79037 - INFO - Failed to access form after 20 refreshing, template sequence: 96457
[ 2024-04-23 22:44:34,878 ] 94 ble79037 - INFO - Failed to access form after 20 refreshing, template sequence: 96457
[ 2024-04-23 22:44:34,880 ] 94 ble79037 - INFO - Accessing form, template sequence: 96455
[ 2024-04-23 22:44:34,880 ] 94 ble79037 - INFO - Accessing form, template sequence: 96455
[ 2024-04-23 22:44:34,880 ] 94 ble79037 - INFO - Accessing form, template sequence: 96455
[ 2024-04-23 22:44:34,880 ] 94 ble79037 - INFO - Form URL: https://www.shinsei.e-aichi.jp/pref-aichi-police-u/offer/offerList_detailTop?tempSeq=96455
[ 2024-04-23 22:44:34,880 ] 94 ble79037 - INFO - Form URL: https://www.shinsei.e-aichi.jp/pref-aichi-police-u/offer/offerList_detailTop?tempSeq=96455
[ 2024-04-23 22:44:34,880 ] 94 ble79037 - INFO - Form URL: https://www.shinsei.e-aichi.jp/pref-aichi-police-u/offer/offerList_detailTop?tempSeq=96455
[ 2024-04-23 22:44:40,514 ] 94 ble79037 - INFO - Accessed form successfully
[ 2024-04-23 22:44:40,514 ] 94 ble79037 - INFO - Accessed form successfully
[ 2024-04-23 22:44:40,514 ] 94 ble79037 - INFO - Accessed form successfully
[ 2024-04-23 22:44:40,527 ] 94 ble79037 - INFO - Form message: 申込期間ではありません。
[ 2024-04-23 22:44:40,527 ] 94 ble79037 - INFO - Form message: 申込期間ではありません。
[ 2024-04-23 22:44:40,527 ] 94 ble79037 - INFO - Form message: 申込期間ではありません。
[ 2024-04-23 22:44:40,527 ] 94 ble79037 - INFO - Refreshing page to check availability trial number 1, template sequence: 96455
[ 2024-04-23 22:44:40,527 ] 94 ble79037 - INFO - Refreshing page to check availability trial number 1, template sequence: 96455
[ 2024-04-23 22:44:40,527 ] 94 ble79037 - INFO - Refreshing page to check availability trial number 1, template sequence: 96455
[ 2024-04-23 22:44:41,964 ] 94 ble79037 - INFO - Form message: 申込期間ではありません。
[ 2024-04-23 22:44:41,964 ] 94 ble79037 - INFO - Form message: 申込期間ではありません。
[ 2024-04-23 22:44:41,964 ] 94 ble79037 - INFO - Form message: 申込期間ではありません。
[ 2024-04-23 22:44:41,964 ] 94 ble79037 - INFO - Refreshing page to check availability trial number 2, template sequence: 96455
[ 2024-04-23 22:44:41,964 ] 94 ble79037 - INFO - Refreshing page to check availability trial number 2, template sequence: 96455
[ 2024-04-23 22:44:41,964 ] 94 ble79037 - INFO - Refreshing page to check availability trial number 2, template sequence: 96455
[ 2024-04-23 22:44:43,465 ] 94 ble79037 - INFO - Form message: 申込期間ではありません。
[ 2024-04-23 22:44:43,465 ] 94 ble79037 - INFO - Form message: 申込期間ではありません。
[ 2024-04-23 22:44:43,465 ] 94 ble79037 - INFO - Form message: 申込期間ではありません。
[ 2024-04-23 22:44:43,465 ] 94 ble79037 - INFO - Refreshing page to check availability trial number 3, template sequence: 96455
[ 2024-04-23 22:44:43,465 ] 94 ble79037 - INFO - Refreshing page to check availability trial number 3, template sequence: 96455
[ 2024-04-23 22:44:43,465 ] 94 ble79037 - INFO - Refreshing page to check availability trial number 3, template sequence: 96455
[ 2024-04-23 22:44:44,939 ] 94 ble79037 - INFO - Form message: 申込期間ではありません。
[ 2024-04-23 22:44:44,939 ] 94 ble79037 - INFO - Form message: 申込期間ではありません。
[ 2024-04-23 22:44:44,939 ] 94 ble79037 - INFO - Form message: 申込期間ではありません。
[ 2024-04-23 22:44:44,940 ] 94 ble79037 - INFO - Refreshing page to check availability trial number 4, template sequence: 96455
[ 2024-04-23 22:44:44,940 ] 94 ble79037 - INFO - Refreshing page to check availability trial number 4, template sequence: 96455
[ 2024-04-23 22:44:44,940 ] 94 ble79037 - INFO - Refreshing page to check availability trial number 4, template sequence: 96455
[ 2024-04-23 22:44:46,547 ] 94 ble79037 - INFO - Form message: 申込期間ではありません。
[ 2024-04-23 22:44:46,547 ] 94 ble79037 - INFO - Form message: 申込期間ではありません。
[ 2024-04-23 22:44:46,547 ] 94 ble79037 - INFO - Form message: 申込期間ではありません。
[ 2024-04-23 22:44:46,549 ] 94 ble79037 - INFO - Refreshing page to check availability trial number 5, template sequence: 96455
[ 2024-04-23 22:44:46,549 ] 94 ble79037 - INFO - Refreshing page to check availability trial number 5, template sequence: 96455
[ 2024-04-23 22:44:46,549 ] 94 ble79037 - INFO - Refreshing page to check availability trial number 5, template sequence: 96455
[ 2024-04-23 22:44:47,850 ] 94 ble79037 - INFO - Form message: 申込期間ではありません。
[ 2024-04-23 22:44:47,850 ] 94 ble79037 - INFO - Form message: 申込期間ではありません。
[ 2024-04-23 22:44:47,850 ] 94 ble79037 - INFO - Form message: 申込期間ではありません。
[ 2024-04-23 22:44:47,852 ] 94 ble79037 - INFO - Refreshing page to check availability trial number 6, template sequence: 96455
[ 2024-04-23 22:44:47,852 ] 94 ble79037 - INFO - Refreshing page to check availability trial number 6, template sequence: 96455
[ 2024-04-23 22:44:47,852 ] 94 ble79037 - INFO - Refreshing page to check availability trial number 6, template sequence: 96455
[ 2024-04-23 22:44:49,399 ] 94 ble79037 - INFO - Form message: 申込期間ではありません。
[ 2024-04-23 22:44:49,399 ] 94 ble79037 - INFO - Form message: 申込期間ではありません。
[ 2024-04-23 22:44:49,399 ] 94 ble79037 - INFO - Form message: 申込期間ではありません。
[ 2024-04-23 22:44:49,400 ] 94 ble79037 - INFO - Refreshing page to check availability trial number 7, template sequence: 96455
[ 2024-04-23 22:44:49,400 ] 94 ble79037 - INFO - Refreshing page to check availability trial number 7, template sequence: 96455
[ 2024-04-23 22:44:49,400 ] 94 ble79037 - INFO - Refreshing page to check availability trial number 7, template sequence: 96455
[ 2024-04-23 22:44:50,637 ] 94 ble79037 - INFO - Form message: 申込期間ではありません。
[ 2024-04-23 22:44:50,637 ] 94 ble79037 - INFO - Form message: 申込期間ではありません。
[ 2024-04-23 22:44:50,637 ] 94 ble79037 - INFO - Form message: 申込期間ではありません。
[ 2024-04-23 22:44:50,639 ] 94 ble79037 - INFO - Refreshing page to check availability trial number 8, template sequence: 96455
[ 2024-04-23 22:44:50,639 ] 94 ble79037 - INFO - Refreshing page to check availability trial number 8, template sequence: 96455
[ 2024-04-23 22:44:50,639 ] 94 ble79037 - INFO - Refreshing page to check availability trial number 8, template sequence: 96455
[ 2024-04-23 22:44:52,534 ] 94 ble79037 - INFO - Form message: 申込期間ではありません。
[ 2024-04-23 22:44:52,534 ] 94 ble79037 - INFO - Form message: 申込期間ではありません。
[ 2024-04-23 22:44:52,534 ] 94 ble79037 - INFO - Form message: 申込期間ではありません。
[ 2024-04-23 22:44:52,537 ] 94 ble79037 - INFO - Refreshing page to check availability trial number 9, template sequence: 96455
[ 2024-04-23 22:44:52,537 ] 94 ble79037 - INFO - Refreshing page to check availability trial number 9, template sequence: 96455
[ 2024-04-23 22:44:52,537 ] 94 ble79037 - INFO - Refreshing page to check availability trial number 9, template sequence: 96455
[ 2024-04-23 22:44:53,707 ] 94 ble79037 - INFO - Form message: 申込期間ではありません。
[ 2024-04-23 22:44:53,707 ] 94 ble79037 - INFO - Form message: 申込期間ではありません。
[ 2024-04-23 22:44:53,707 ] 94 ble79037 - INFO - Form message: 申込期間ではありません。
[ 2024-04-23 22:44:53,708 ] 94 ble79037 - INFO - Refreshing page to check availability trial number 10, template sequence: 96455
[ 2024-04-23 22:44:53,708 ] 94 ble79037 - INFO - Refreshing page to check availability trial number 10, template sequence: 96455
[ 2024-04-23 22:44:53,708 ] 94 ble79037 - INFO - Refreshing page to check availability trial number 10, template sequence: 96455
[ 2024-04-23 22:44:55,031 ] 94 ble79037 - INFO - Form message: 申込期間ではありません。
[ 2024-04-23 22:44:55,031 ] 94 ble79037 - INFO - Form message: 申込期間ではありません。
[ 2024-04-23 22:44:55,031 ] 94 ble79037 - INFO - Form message: 申込期間ではありません。
[ 2024-04-23 22:44:55,032 ] 94 ble79037 - INFO - Refreshing page to check availability trial number 11, template sequence: 96455
[ 2024-04-23 22:44:55,032 ] 94 ble79037 - INFO - Refreshing page to check availability trial number 11, template sequence: 96455
[ 2024-04-23 22:44:55,032 ] 94 ble79037 - INFO - Refreshing page to check availability trial number 11, template sequence: 96455
[ 2024-04-23 22:44:56,300 ] 94 ble79037 - INFO - Form message: 申込期間ではありません。
[ 2024-04-23 22:44:56,300 ] 94 ble79037 - INFO - Form message: 申込期間ではありません。
[ 2024-04-23 22:44:56,300 ] 94 ble79037 - INFO - Form message: 申込期間ではありません。
[ 2024-04-23 22:44:56,300 ] 94 ble79037 - INFO - Refreshing page to check availability trial number 12, template sequence: 96455
[ 2024-04-23 22:44:56,300 ] 94 ble79037 - INFO - Refreshing page to check availability trial number 12, template sequence: 96455
[ 2024-04-23 22:44:56,300 ] 94 ble79037 - INFO - Refreshing page to check availability trial number 12, template sequence: 96455
