[ 2024-04-23 22:43:34,209 ] 94 main_controller - INFO - Subprocess 0 started with trial number 0
[ 2024-04-23 22:43:34,210 ] 94 main_controller - ERROR - Account is a dictionary, convert to Account object: Username: nihahi50@gmail.com, Password: hoahong1234
[ 2024-04-23 22:43:36,216 ] 94 main_controller - INFO - Subprocess 1 started with trial number 0
[ 2024-04-23 22:43:36,216 ] 94 main_controller - INFO - Subprocess 1 started with trial number 0
[ 2024-04-23 22:43:36,216 ] 94 main_controller - ERROR - Account is a dictionary, convert to Account object: Username: ble79037@gmail.com, Password: hoahong1234
[ 2024-04-23 22:43:36,216 ] 94 main_controller - ERROR - Account is a dictionary, convert to Account object: Username: ble79037@gmail.com, Password: hoahong1234
[ 2024-04-23 22:43:38,218 ] 94 main_controller - INFO - Subprocess 2 started with trial number 0
[ 2024-04-23 22:43:38,218 ] 94 main_controller - INFO - Subprocess 2 started with trial number 0
[ 2024-04-23 22:43:38,218 ] 94 main_controller - INFO - Subprocess 2 started with trial number 0
[ 2024-04-23 22:43:38,218 ] 94 main_controller - ERROR - Account is a dictionary, convert to Account object: Username: benemmai380@gmail.com, Password: hoahong1234
[ 2024-04-23 22:43:38,218 ] 94 main_controller - ERROR - Account is a dictionary, convert to Account object: Username: benemmai380@gmail.com, Password: hoahong1234
[ 2024-04-23 22:43:38,218 ] 94 main_controller - ERROR - Account is a dictionary, convert to Account object: Username: benemmai380@gmail.com, Password: hoahong1234
[ 2024-04-23 22:43:39,230 ] 94 main_controller - INFO - Browser opened
[ 2024-04-23 22:43:39,230 ] 94 main_controller - INFO - Browser opened
[ 2024-04-23 22:43:39,230 ] 94 main_controller - INFO - Browser opened
[ 2024-04-23 22:43:44,647 ] 94 main_controller - INFO - Browser opened
[ 2024-04-23 22:43:44,647 ] 94 main_controller - INFO - Browser opened
[ 2024-04-23 22:43:44,647 ] 94 main_controller - INFO - Browser opened
[ 2024-04-23 22:43:46,393 ] 94 main_controller - INFO - Browser opened
[ 2024-04-23 22:43:46,393 ] 94 main_controller - INFO - Browser opened
[ 2024-04-23 22:43:46,393 ] 94 main_controller - INFO - Browser opened
[ 2024-04-23 22:43:49,115 ] 94 main_controller - INFO - Logged in successfully
[ 2024-04-23 22:43:49,115 ] 94 main_controller - INFO - Logged in successfully
[ 2024-04-23 22:43:49,115 ] 94 main_controller - INFO - Logged in successfully
[ 2024-04-23 22:43:49,584 ] 94 main_controller - INFO - Screenshot saved to C:\Users\USER\Projects\AichiTool\AichiSelenium\logs\2024_04_23\22_43_33\screenshot_benemmai380.png
[ 2024-04-23 22:43:49,584 ] 94 main_controller - INFO - Screenshot saved to C:\Users\USER\Projects\AichiTool\AichiSelenium\logs\2024_04_23\22_43_33\screenshot_benemmai380.png
[ 2024-04-23 22:43:49,584 ] 94 main_controller - INFO - Screenshot saved to C:\Users\USER\Projects\AichiTool\AichiSelenium\logs\2024_04_23\22_43_33\screenshot_benemmai380.png
[ 2024-04-23 22:43:49,585 ] 94 main_controller - INFO - Finding forms
[ 2024-04-23 22:43:49,585 ] 94 main_controller - INFO - Finding forms
[ 2024-04-23 22:43:49,585 ] 94 main_controller - INFO - Finding forms
[ 2024-04-23 22:43:52,126 ] 94 main_controller - INFO - Found 5 form(s)
[ 2024-04-23 22:43:52,126 ] 94 main_controller - INFO - Found 5 form(s)
[ 2024-04-23 22:43:52,126 ] 94 main_controller - INFO - Found 5 form(s)
[ 2024-04-23 22:43:52,126 ] 94 main_controller - INFO - Customers: [{'first_name': 'Van Long', 'last_name': 'Luong', 'date_birth': '19920205'}, {'first_name': 'Thi Le Lai', 'last_name': 'Tran', 'date_birth': '19000101'}]
[ 2024-04-23 22:43:52,126 ] 94 main_controller - INFO - Customers: [{'first_name': 'Van Long', 'last_name': 'Luong', 'date_birth': '19920205'}, {'first_name': 'Thi Le Lai', 'last_name': 'Tran', 'date_birth': '19000101'}]
[ 2024-04-23 22:43:52,126 ] 94 main_controller - INFO - Customers: [{'first_name': 'Van Long', 'last_name': 'Luong', 'date_birth': '19920205'}, {'first_name': 'Thi Le Lai', 'last_name': 'Tran', 'date_birth': '19000101'}]
[ 2024-04-23 22:43:52,127 ] 94 main_controller - INFO - Customer info index 0: {'first_name': 'Van Long', 'last_name': 'Luong', 'date_birth': '19920205', 'phone_number': '080-1583-0891', 'nation': 'ベトナム', 'country': 'ベトナム', 'gender': 'M'}
[ 2024-04-23 22:43:52,127 ] 94 main_controller - INFO - Customer info index 0: {'first_name': 'Van Long', 'last_name': 'Luong', 'date_birth': '19920205', 'phone_number': '080-1583-0891', 'nation': 'ベトナム', 'country': 'ベトナム', 'gender': 'M'}
[ 2024-04-23 22:43:52,127 ] 94 main_controller - INFO - Customer info index 0: {'first_name': 'Van Long', 'last_name': 'Luong', 'date_birth': '19920205', 'phone_number': '080-1583-0891', 'nation': 'ベトナム', 'country': 'ベトナム', 'gender': 'M'}
[ 2024-04-23 22:43:52,130 ] 94 main_controller - INFO - Customer index 0: Luong Van Long, M, 19920205, 080-1583-0891, ベトナム
[ 2024-04-23 22:43:52,130 ] 94 main_controller - INFO - Customer index 0: Luong Van Long, M, 19920205, 080-1583-0891, ベトナム
[ 2024-04-23 22:43:52,130 ] 94 main_controller - INFO - Customer index 0: Luong Van Long, M, 19920205, 080-1583-0891, ベトナム
[ 2024-04-23 22:43:54,767 ] 94 main_controller - INFO - Logged in successfully
[ 2024-04-23 22:43:54,767 ] 94 main_controller - INFO - Logged in successfully
[ 2024-04-23 22:43:54,767 ] 94 main_controller - INFO - Logged in successfully
[ 2024-04-23 22:43:55,151 ] 94 main_controller - INFO - Screenshot saved to C:\Users\USER\Projects\AichiTool\AichiSelenium\logs\2024_04_23\22_43_33\screenshot_nihahi50.png
[ 2024-04-23 22:43:55,151 ] 94 main_controller - INFO - Screenshot saved to C:\Users\USER\Projects\AichiTool\AichiSelenium\logs\2024_04_23\22_43_33\screenshot_nihahi50.png
[ 2024-04-23 22:43:55,151 ] 94 main_controller - INFO - Screenshot saved to C:\Users\USER\Projects\AichiTool\AichiSelenium\logs\2024_04_23\22_43_33\screenshot_nihahi50.png
[ 2024-04-23 22:43:55,151 ] 94 main_controller - INFO - Finding forms
[ 2024-04-23 22:43:55,151 ] 94 main_controller - INFO - Finding forms
[ 2024-04-23 22:43:55,151 ] 94 main_controller - INFO - Finding forms
[ 2024-04-23 22:43:56,584 ] 94 main_controller - INFO - Logged in successfully
[ 2024-04-23 22:43:56,584 ] 94 main_controller - INFO - Logged in successfully
[ 2024-04-23 22:43:56,584 ] 94 main_controller - INFO - Logged in successfully
[ 2024-04-23 22:43:57,108 ] 94 main_controller - INFO - Screenshot saved to C:\Users\USER\Projects\AichiTool\AichiSelenium\logs\2024_04_23\22_43_33\screenshot_ble79037.png
[ 2024-04-23 22:43:57,108 ] 94 main_controller - INFO - Screenshot saved to C:\Users\USER\Projects\AichiTool\AichiSelenium\logs\2024_04_23\22_43_33\screenshot_ble79037.png
[ 2024-04-23 22:43:57,108 ] 94 main_controller - INFO - Screenshot saved to C:\Users\USER\Projects\AichiTool\AichiSelenium\logs\2024_04_23\22_43_33\screenshot_ble79037.png
[ 2024-04-23 22:43:57,110 ] 94 main_controller - INFO - Finding forms
[ 2024-04-23 22:43:57,110 ] 94 main_controller - INFO - Finding forms
[ 2024-04-23 22:43:57,110 ] 94 main_controller - INFO - Finding forms
[ 2024-04-23 22:43:57,615 ] 94 main_controller - INFO - Found 5 form(s)
[ 2024-04-23 22:43:57,615 ] 94 main_controller - INFO - Found 5 form(s)
[ 2024-04-23 22:43:57,615 ] 94 main_controller - INFO - Found 5 form(s)
[ 2024-04-23 22:43:57,615 ] 94 main_controller - INFO - Customers: [{'first_name': 'Van Long', 'last_name': 'Luong', 'date_birth': '19920205', 'phone_number': '080-1583-0891', 'nation': 'ベトナム', 'country': 'ベトナム', 'gender': 'M'}, {'first_name': 'Thi Le Lai', 'last_name': 'Tran', 'date_birth': '19000101'}]
[ 2024-04-23 22:43:57,615 ] 94 main_controller - INFO - Customers: [{'first_name': 'Van Long', 'last_name': 'Luong', 'date_birth': '19920205', 'phone_number': '080-1583-0891', 'nation': 'ベトナム', 'country': 'ベトナム', 'gender': 'M'}, {'first_name': 'Thi Le Lai', 'last_name': 'Tran', 'date_birth': '19000101'}]
[ 2024-04-23 22:43:57,615 ] 94 main_controller - INFO - Customers: [{'first_name': 'Van Long', 'last_name': 'Luong', 'date_birth': '19920205', 'phone_number': '080-1583-0891', 'nation': 'ベトナム', 'country': 'ベトナム', 'gender': 'M'}, {'first_name': 'Thi Le Lai', 'last_name': 'Tran', 'date_birth': '19000101'}]
[ 2024-04-23 22:43:57,616 ] 94 main_controller - INFO - Customer info index 0: {'first_name': 'Van Long', 'last_name': 'Luong', 'date_birth': '19920205', 'phone_number': '080-1583-0891', 'nation': 'ベトナム', 'country': 'ベトナム', 'gender': 'M'}
[ 2024-04-23 22:43:57,616 ] 94 main_controller - INFO - Customer info index 0: {'first_name': 'Van Long', 'last_name': 'Luong', 'date_birth': '19920205', 'phone_number': '080-1583-0891', 'nation': 'ベトナム', 'country': 'ベトナム', 'gender': 'M'}
[ 2024-04-23 22:43:57,616 ] 94 main_controller - INFO - Customer info index 0: {'first_name': 'Van Long', 'last_name': 'Luong', 'date_birth': '19920205', 'phone_number': '080-1583-0891', 'nation': 'ベトナム', 'country': 'ベトナム', 'gender': 'M'}
[ 2024-04-23 22:43:57,617 ] 94 main_controller - INFO - Customer index 0: Luong Van Long, M, 19920205, 080-1583-0891, ベトナム
[ 2024-04-23 22:43:57,617 ] 94 main_controller - INFO - Customer index 0: Luong Van Long, M, 19920205, 080-1583-0891, ベトナム
[ 2024-04-23 22:43:57,617 ] 94 main_controller - INFO - Customer index 0: Luong Van Long, M, 19920205, 080-1583-0891, ベトナム
[ 2024-04-23 22:44:00,259 ] 94 main_controller - INFO - Found 5 form(s)
[ 2024-04-23 22:44:00,259 ] 94 main_controller - INFO - Found 5 form(s)
[ 2024-04-23 22:44:00,259 ] 94 main_controller - INFO - Found 5 form(s)
[ 2024-04-23 22:44:00,259 ] 94 main_controller - INFO - Customers: [{'first_name': 'Van Long', 'last_name': 'Luong', 'date_birth': '19920205', 'phone_number': '080-1583-0891', 'nation': 'ベトナム', 'country': 'ベトナム', 'gender': 'M'}, {'first_name': 'Thi Le Lai', 'last_name': 'Tran', 'date_birth': '19000101'}]
[ 2024-04-23 22:44:00,259 ] 94 main_controller - INFO - Customers: [{'first_name': 'Van Long', 'last_name': 'Luong', 'date_birth': '19920205', 'phone_number': '080-1583-0891', 'nation': 'ベトナム', 'country': 'ベトナム', 'gender': 'M'}, {'first_name': 'Thi Le Lai', 'last_name': 'Tran', 'date_birth': '19000101'}]
[ 2024-04-23 22:44:00,259 ] 94 main_controller - INFO - Customers: [{'first_name': 'Van Long', 'last_name': 'Luong', 'date_birth': '19920205', 'phone_number': '080-1583-0891', 'nation': 'ベトナム', 'country': 'ベトナム', 'gender': 'M'}, {'first_name': 'Thi Le Lai', 'last_name': 'Tran', 'date_birth': '19000101'}]
[ 2024-04-23 22:44:00,260 ] 94 main_controller - INFO - Customer info index 1: {'first_name': 'Thi Le Lai', 'last_name': 'Tran', 'date_birth': '19000101', 'phone_number': '080-1583-0891', 'nation': 'ベトナム', 'country': 'ベトナム', 'gender': 'M'}
[ 2024-04-23 22:44:00,260 ] 94 main_controller - INFO - Customer info index 1: {'first_name': 'Thi Le Lai', 'last_name': 'Tran', 'date_birth': '19000101', 'phone_number': '080-1583-0891', 'nation': 'ベトナム', 'country': 'ベトナム', 'gender': 'M'}
[ 2024-04-23 22:44:00,260 ] 94 main_controller - INFO - Customer info index 1: {'first_name': 'Thi Le Lai', 'last_name': 'Tran', 'date_birth': '19000101', 'phone_number': '080-1583-0891', 'nation': 'ベトナム', 'country': 'ベトナム', 'gender': 'M'}
[ 2024-04-23 22:44:00,261 ] 94 main_controller - INFO - Customer index 1: Tran Thi Le Lai, M, 19000101, 080-1583-0891, ベトナム
[ 2024-04-23 22:44:00,261 ] 94 main_controller - INFO - Customer index 1: Tran Thi Le Lai, M, 19000101, 080-1583-0891, ベトナム
[ 2024-04-23 22:44:00,261 ] 94 main_controller - INFO - Customer index 1: Tran Thi Le Lai, M, 19000101, 080-1583-0891, ベトナム
[ 2024-04-23 22:44:24,024 ] 94 main_controller - INFO - Failed to fill form, template sequence: 96454
[ 2024-04-23 22:44:24,024 ] 94 main_controller - INFO - Failed to fill form, template sequence: 96454
[ 2024-04-23 22:44:24,024 ] 94 main_controller - INFO - Failed to fill form, template sequence: 96454
[ 2024-04-23 22:44:24,024 ] 94 main_controller - INFO - Remaining form(s): 5
[ 2024-04-23 22:44:24,024 ] 94 main_controller - INFO - Remaining form(s): 5
[ 2024-04-23 22:44:24,024 ] 94 main_controller - INFO - Remaining form(s): 5
[ 2024-04-23 22:44:24,025 ] 94 main_controller - INFO - Customer info index 0: {'first_name': 'Van Long', 'last_name': 'Luong', 'date_birth': '19920205', 'phone_number': '080-1583-0891', 'nation': 'ベトナム', 'country': 'ベトナム', 'gender': 'M'}
[ 2024-04-23 22:44:24,025 ] 94 main_controller - INFO - Customer info index 0: {'first_name': 'Van Long', 'last_name': 'Luong', 'date_birth': '19920205', 'phone_number': '080-1583-0891', 'nation': 'ベトナム', 'country': 'ベトナム', 'gender': 'M'}
[ 2024-04-23 22:44:24,025 ] 94 main_controller - INFO - Customer info index 0: {'first_name': 'Van Long', 'last_name': 'Luong', 'date_birth': '19920205', 'phone_number': '080-1583-0891', 'nation': 'ベトナム', 'country': 'ベトナム', 'gender': 'M'}
[ 2024-04-23 22:44:24,025 ] 94 main_controller - INFO - Customer index 0: Luong Van Long, M, 19920205, 080-1583-0891, ベトナム
[ 2024-04-23 22:44:24,025 ] 94 main_controller - INFO - Customer index 0: Luong Van Long, M, 19920205, 080-1583-0891, ベトナム
[ 2024-04-23 22:44:24,025 ] 94 main_controller - INFO - Customer index 0: Luong Van Long, M, 19920205, 080-1583-0891, ベトナム
[ 2024-04-23 22:44:34,506 ] 94 main_controller - INFO - Failed to fill form, template sequence: 96455
[ 2024-04-23 22:44:34,506 ] 94 main_controller - INFO - Failed to fill form, template sequence: 96455
[ 2024-04-23 22:44:34,506 ] 94 main_controller - INFO - Failed to fill form, template sequence: 96455
[ 2024-04-23 22:44:34,506 ] 94 main_controller - INFO - Remaining form(s): 5
[ 2024-04-23 22:44:34,506 ] 94 main_controller - INFO - Remaining form(s): 5
[ 2024-04-23 22:44:34,506 ] 94 main_controller - INFO - Remaining form(s): 5
[ 2024-04-23 22:44:34,506 ] 94 main_controller - INFO - Customer info index 0: {'first_name': 'Van Long', 'last_name': 'Luong', 'date_birth': '19920205', 'phone_number': '080-1583-0891', 'nation': 'ベトナム', 'country': 'ベトナム', 'gender': 'M'}
[ 2024-04-23 22:44:34,506 ] 94 main_controller - INFO - Customer info index 0: {'first_name': 'Van Long', 'last_name': 'Luong', 'date_birth': '19920205', 'phone_number': '080-1583-0891', 'nation': 'ベトナム', 'country': 'ベトナム', 'gender': 'M'}
[ 2024-04-23 22:44:34,506 ] 94 main_controller - INFO - Customer info index 0: {'first_name': 'Van Long', 'last_name': 'Luong', 'date_birth': '19920205', 'phone_number': '080-1583-0891', 'nation': 'ベトナム', 'country': 'ベトナム', 'gender': 'M'}
[ 2024-04-23 22:44:34,506 ] 94 main_controller - INFO - Customer index 0: Luong Van Long, M, 19920205, 080-1583-0891, ベトナム
[ 2024-04-23 22:44:34,506 ] 94 main_controller - INFO - Customer index 0: Luong Van Long, M, 19920205, 080-1583-0891, ベトナム
[ 2024-04-23 22:44:34,506 ] 94 main_controller - INFO - Customer index 0: Luong Van Long, M, 19920205, 080-1583-0891, ベトナム
[ 2024-04-23 22:44:34,879 ] 94 main_controller - INFO - Failed to fill form, template sequence: 96457
[ 2024-04-23 22:44:34,879 ] 94 main_controller - INFO - Failed to fill form, template sequence: 96457
[ 2024-04-23 22:44:34,879 ] 94 main_controller - INFO - Failed to fill form, template sequence: 96457
[ 2024-04-23 22:44:34,879 ] 94 main_controller - INFO - Remaining form(s): 5
[ 2024-04-23 22:44:34,879 ] 94 main_controller - INFO - Remaining form(s): 5
[ 2024-04-23 22:44:34,879 ] 94 main_controller - INFO - Remaining form(s): 5
[ 2024-04-23 22:44:34,879 ] 94 main_controller - INFO - Customer info index 1: {'first_name': 'Thi Le Lai', 'last_name': 'Tran', 'date_birth': '19000101', 'phone_number': '080-1583-0891', 'nation': 'ベトナム', 'country': 'ベトナム', 'gender': 'M'}
[ 2024-04-23 22:44:34,879 ] 94 main_controller - INFO - Customer info index 1: {'first_name': 'Thi Le Lai', 'last_name': 'Tran', 'date_birth': '19000101', 'phone_number': '080-1583-0891', 'nation': 'ベトナム', 'country': 'ベトナム', 'gender': 'M'}
[ 2024-04-23 22:44:34,879 ] 94 main_controller - INFO - Customer info index 1: {'first_name': 'Thi Le Lai', 'last_name': 'Tran', 'date_birth': '19000101', 'phone_number': '080-1583-0891', 'nation': 'ベトナム', 'country': 'ベトナム', 'gender': 'M'}
[ 2024-04-23 22:44:34,879 ] 94 main_controller - INFO - Customer index 1: Tran Thi Le Lai, M, 19000101, 080-1583-0891, ベトナム
[ 2024-04-23 22:44:34,879 ] 94 main_controller - INFO - Customer index 1: Tran Thi Le Lai, M, 19000101, 080-1583-0891, ベトナム
[ 2024-04-23 22:44:34,879 ] 94 main_controller - INFO - Customer index 1: Tran Thi Le Lai, M, 19000101, 080-1583-0891, ベトナム
[ 2024-04-23 22:44:54,088 ] 94 main_controller - INFO - Failed to fill form, template sequence: 96453
[ 2024-04-23 22:44:54,088 ] 94 main_controller - INFO - Failed to fill form, template sequence: 96453
[ 2024-04-23 22:44:54,088 ] 94 main_controller - INFO - Failed to fill form, template sequence: 96453
[ 2024-04-23 22:44:54,088 ] 94 main_controller - INFO - Remaining form(s): 5
[ 2024-04-23 22:44:54,088 ] 94 main_controller - INFO - Remaining form(s): 5
[ 2024-04-23 22:44:54,088 ] 94 main_controller - INFO - Remaining form(s): 5
[ 2024-04-23 22:44:54,089 ] 94 main_controller - INFO - Customer info index 0: {'first_name': 'Van Long', 'last_name': 'Luong', 'date_birth': '19920205', 'phone_number': '080-1583-0891', 'nation': 'ベトナム', 'country': 'ベトナム', 'gender': 'M'}
[ 2024-04-23 22:44:54,089 ] 94 main_controller - INFO - Customer info index 0: {'first_name': 'Van Long', 'last_name': 'Luong', 'date_birth': '19920205', 'phone_number': '080-1583-0891', 'nation': 'ベトナム', 'country': 'ベトナム', 'gender': 'M'}
[ 2024-04-23 22:44:54,089 ] 94 main_controller - INFO - Customer info index 0: {'first_name': 'Van Long', 'last_name': 'Luong', 'date_birth': '19920205', 'phone_number': '080-1583-0891', 'nation': 'ベトナム', 'country': 'ベトナム', 'gender': 'M'}
[ 2024-04-23 22:44:54,089 ] 94 main_controller - INFO - Customer index 0: Luong Van Long, M, 19920205, 080-1583-0891, ベトナム
[ 2024-04-23 22:44:54,089 ] 94 main_controller - INFO - Customer index 0: Luong Van Long, M, 19920205, 080-1583-0891, ベトナム
[ 2024-04-23 22:44:54,089 ] 94 main_controller - INFO - Customer index 0: Luong Van Long, M, 19920205, 080-1583-0891, ベトナム
