[ 2024-04-23 22:43:50,400 ] 94 nihahi50 - INFO - Opened login page
[ 2024-04-23 22:43:50,400 ] 94 nihahi50 - INFO - Opened login page
[ 2024-04-23 22:43:50,400 ] 94 nihahi50 - INFO - Opened login page
[ 2024-04-23 22:43:54,448 ] 94 nihahi50 - INFO - Logging in
[ 2024-04-23 22:43:54,448 ] 94 nihahi50 - INFO - Logging in
[ 2024-04-23 22:43:54,448 ] 94 nihahi50 - INFO - Logging in
[ 2024-04-23 22:43:54,456 ] 94 nihahi50 - INFO - Current url: https://www.shinsei.e-aichi.jp/pref-aichi-police-u/offer/offerList_initDisplay
[ 2024-04-23 22:43:54,456 ] 94 nihahi50 - INFO - Current url: https://www.shinsei.e-aichi.jp/pref-aichi-police-u/offer/offerList_initDisplay
[ 2024-04-23 22:43:54,456 ] 94 nihahi50 - INFO - Current url: https://www.shinsei.e-aichi.jp/pref-aichi-police-u/offer/offerList_initDisplay
[ 2024-04-23 22:43:54,767 ] 94 nihahi50 - INFO - Logged in finished
[ 2024-04-23 22:43:54,767 ] 94 nihahi50 - INFO - Logged in finished
[ 2024-04-23 22:43:54,767 ] 94 nihahi50 - INFO - Logged in finished
[ 2024-04-23 22:43:55,155 ] 94 nihahi50 - INFO - On main page
[ 2024-04-23 22:43:55,155 ] 94 nihahi50 - INFO - On main page
[ 2024-04-23 22:43:55,155 ] 94 nihahi50 - INFO - On main page
[ 2024-04-23 22:43:56,539 ] 94 nihahi50 - INFO - Search submitted
[ 2024-04-23 22:43:56,539 ] 94 nihahi50 - INFO - Search submitted
[ 2024-04-23 22:43:56,539 ] 94 nihahi50 - INFO - Search submitted
[ 2024-04-23 22:43:56,564 ] 94 nihahi50 - INFO - Collected 20 forms
[ 2024-04-23 22:43:56,564 ] 94 nihahi50 - INFO - Collected 20 forms
[ 2024-04-23 22:43:56,564 ] 94 nihahi50 - INFO - Collected 20 forms
[ 2024-04-23 22:43:56,618 ] 94 nihahi50 - INFO - Parsed data: title: ＜05月09日(木) 08:45～09:30＞[平針]外国免許切替審査 Hirabari Exchanging Foreign Driver's License, status: 近日受付開始, start_date: 2024年04月25日 07時30分, end_date: 2024年05月07日 12時00分, template_seq: 96458
[ 2024-04-23 22:43:56,618 ] 94 nihahi50 - INFO - Parsed data: title: ＜05月09日(木) 08:45～09:30＞[平針]外国免許切替審査 Hirabari Exchanging Foreign Driver's License, status: 近日受付開始, start_date: 2024年04月25日 07時30分, end_date: 2024年05月07日 12時00分, template_seq: 96458
[ 2024-04-23 22:43:56,618 ] 94 nihahi50 - INFO - Parsed data: title: ＜05月09日(木) 08:45～09:30＞[平針]外国免許切替審査 Hirabari Exchanging Foreign Driver's License, status: 近日受付開始, start_date: 2024年04月25日 07時30分, end_date: 2024年05月07日 12時00分, template_seq: 96458
[ 2024-04-23 22:43:56,622 ] 94 nihahi50 - INFO - Skip form with passed, ended, or not today status
[ 2024-04-23 22:43:56,622 ] 94 nihahi50 - INFO - Skip form with passed, ended, or not today status
[ 2024-04-23 22:43:56,622 ] 94 nihahi50 - INFO - Skip form with passed, ended, or not today status
[ 2024-04-23 22:43:56,695 ] 94 nihahi50 - INFO - Parsed data: title: ＜05月09日(木) 09:30～10:30＞[平針]外国免許切替審査 Hirabari Exchanging Foreign Driver's License, status: 近日受付開始, start_date: 2024年04月25日 07時30分, end_date: 2024年05月07日 12時00分, template_seq: 96459
[ 2024-04-23 22:43:56,695 ] 94 nihahi50 - INFO - Parsed data: title: ＜05月09日(木) 09:30～10:30＞[平針]外国免許切替審査 Hirabari Exchanging Foreign Driver's License, status: 近日受付開始, start_date: 2024年04月25日 07時30分, end_date: 2024年05月07日 12時00分, template_seq: 96459
[ 2024-04-23 22:43:56,695 ] 94 nihahi50 - INFO - Parsed data: title: ＜05月09日(木) 09:30～10:30＞[平針]外国免許切替審査 Hirabari Exchanging Foreign Driver's License, status: 近日受付開始, start_date: 2024年04月25日 07時30分, end_date: 2024年05月07日 12時00分, template_seq: 96459
[ 2024-04-23 22:43:56,698 ] 94 nihahi50 - INFO - Skip form with passed, ended, or not today status
[ 2024-04-23 22:43:56,698 ] 94 nihahi50 - INFO - Skip form with passed, ended, or not today status
[ 2024-04-23 22:43:56,698 ] 94 nihahi50 - INFO - Skip form with passed, ended, or not today status
[ 2024-04-23 22:43:56,758 ] 94 nihahi50 - INFO - Parsed data: title: ＜05月09日(木) 10:30～11:45＞[平針]外国免許切替審査 Hirabari Exchanging Foreign Driver's License, status: 近日受付開始, start_date: 2024年04月25日 07時30分, end_date: 2024年05月07日 12時00分, template_seq: 96460
[ 2024-04-23 22:43:56,758 ] 94 nihahi50 - INFO - Parsed data: title: ＜05月09日(木) 10:30～11:45＞[平針]外国免許切替審査 Hirabari Exchanging Foreign Driver's License, status: 近日受付開始, start_date: 2024年04月25日 07時30分, end_date: 2024年05月07日 12時00分, template_seq: 96460
[ 2024-04-23 22:43:56,758 ] 94 nihahi50 - INFO - Parsed data: title: ＜05月09日(木) 10:30～11:45＞[平針]外国免許切替審査 Hirabari Exchanging Foreign Driver's License, status: 近日受付開始, start_date: 2024年04月25日 07時30分, end_date: 2024年05月07日 12時00分, template_seq: 96460
[ 2024-04-23 22:43:56,760 ] 94 nihahi50 - INFO - Skip form with passed, ended, or not today status
[ 2024-04-23 22:43:56,760 ] 94 nihahi50 - INFO - Skip form with passed, ended, or not today status
[ 2024-04-23 22:43:56,760 ] 94 nihahi50 - INFO - Skip form with passed, ended, or not today status
[ 2024-04-23 22:43:56,860 ] 94 nihahi50 - INFO - Parsed data: title: ＜05月09日(木) 12:45～13:30＞[平針]外国免許切替審査 Hirabari Exchanging Foreign Driver's License, status: 近日受付開始, start_date: 2024年04月25日 07時30分, end_date: 2024年05月07日 12時00分, template_seq: 96461
[ 2024-04-23 22:43:56,860 ] 94 nihahi50 - INFO - Parsed data: title: ＜05月09日(木) 12:45～13:30＞[平針]外国免許切替審査 Hirabari Exchanging Foreign Driver's License, status: 近日受付開始, start_date: 2024年04月25日 07時30分, end_date: 2024年05月07日 12時00分, template_seq: 96461
[ 2024-04-23 22:43:56,860 ] 94 nihahi50 - INFO - Parsed data: title: ＜05月09日(木) 12:45～13:30＞[平針]外国免許切替審査 Hirabari Exchanging Foreign Driver's License, status: 近日受付開始, start_date: 2024年04月25日 07時30分, end_date: 2024年05月07日 12時00分, template_seq: 96461
[ 2024-04-23 22:43:56,861 ] 94 nihahi50 - INFO - Skip form with passed, ended, or not today status
[ 2024-04-23 22:43:56,861 ] 94 nihahi50 - INFO - Skip form with passed, ended, or not today status
[ 2024-04-23 22:43:56,861 ] 94 nihahi50 - INFO - Skip form with passed, ended, or not today status
[ 2024-04-23 22:43:56,904 ] 94 nihahi50 - INFO - Parsed data: title: ＜05月09日(木) 13:30～14:45＞[平針]外国免許切替審査 Hirabari Exchanging Foreign Driver's License, status: 近日受付開始, start_date: 2024年04月25日 07時30分, end_date: 2024年05月07日 12時00分, template_seq: 96462
[ 2024-04-23 22:43:56,904 ] 94 nihahi50 - INFO - Parsed data: title: ＜05月09日(木) 13:30～14:45＞[平針]外国免許切替審査 Hirabari Exchanging Foreign Driver's License, status: 近日受付開始, start_date: 2024年04月25日 07時30分, end_date: 2024年05月07日 12時00分, template_seq: 96462
[ 2024-04-23 22:43:56,904 ] 94 nihahi50 - INFO - Parsed data: title: ＜05月09日(木) 13:30～14:45＞[平針]外国免許切替審査 Hirabari Exchanging Foreign Driver's License, status: 近日受付開始, start_date: 2024年04月25日 07時30分, end_date: 2024年05月07日 12時00分, template_seq: 96462
[ 2024-04-23 22:43:56,905 ] 94 nihahi50 - INFO - Skip form with passed, ended, or not today status
[ 2024-04-23 22:43:56,905 ] 94 nihahi50 - INFO - Skip form with passed, ended, or not today status
[ 2024-04-23 22:43:56,905 ] 94 nihahi50 - INFO - Skip form with passed, ended, or not today status
[ 2024-04-23 22:43:56,930 ] 94 nihahi50 - INFO - Parsed data: title: ＜05月08日(水) 08:45～09:30＞[平針]外国免許切替審査 Hirabari Exchanging Foreign Driver's License, status: 近日受付開始, start_date: 2024年04月24日 07時30分, end_date: 2024年05月02日 12時00分, template_seq: 96453
[ 2024-04-23 22:43:56,930 ] 94 nihahi50 - INFO - Parsed data: title: ＜05月08日(水) 08:45～09:30＞[平針]外国免許切替審査 Hirabari Exchanging Foreign Driver's License, status: 近日受付開始, start_date: 2024年04月24日 07時30分, end_date: 2024年05月02日 12時00分, template_seq: 96453
[ 2024-04-23 22:43:56,930 ] 94 nihahi50 - INFO - Parsed data: title: ＜05月08日(水) 08:45～09:30＞[平針]外国免許切替審査 Hirabari Exchanging Foreign Driver's License, status: 近日受付開始, start_date: 2024年04月24日 07時30分, end_date: 2024年05月02日 12時00分, template_seq: 96453
[ 2024-04-23 22:43:56,971 ] 94 nihahi50 - INFO - Parsed data: title: ＜05月08日(水) 09:30～10:30＞[平針]外国免許切替審査 Hirabari Exchanging Foreign Driver's License, status: 近日受付開始, start_date: 2024年04月24日 07時30分, end_date: 2024年05月02日 12時00分, template_seq: 96454
[ 2024-04-23 22:43:56,971 ] 94 nihahi50 - INFO - Parsed data: title: ＜05月08日(水) 09:30～10:30＞[平針]外国免許切替審査 Hirabari Exchanging Foreign Driver's License, status: 近日受付開始, start_date: 2024年04月24日 07時30分, end_date: 2024年05月02日 12時00分, template_seq: 96454
[ 2024-04-23 22:43:56,971 ] 94 nihahi50 - INFO - Parsed data: title: ＜05月08日(水) 09:30～10:30＞[平針]外国免許切替審査 Hirabari Exchanging Foreign Driver's License, status: 近日受付開始, start_date: 2024年04月24日 07時30分, end_date: 2024年05月02日 12時00分, template_seq: 96454
[ 2024-04-23 22:43:57,013 ] 94 nihahi50 - INFO - Parsed data: title: ＜05月08日(水) 10:30～11:45＞[平針]外国免許切替審査 Hirabari Exchanging Foreign Driver's License, status: 近日受付開始, start_date: 2024年04月24日 07時30分, end_date: 2024年05月02日 12時00分, template_seq: 96455
[ 2024-04-23 22:43:57,013 ] 94 nihahi50 - INFO - Parsed data: title: ＜05月08日(水) 10:30～11:45＞[平針]外国免許切替審査 Hirabari Exchanging Foreign Driver's License, status: 近日受付開始, start_date: 2024年04月24日 07時30分, end_date: 2024年05月02日 12時00分, template_seq: 96455
[ 2024-04-23 22:43:57,013 ] 94 nihahi50 - INFO - Parsed data: title: ＜05月08日(水) 10:30～11:45＞[平針]外国免許切替審査 Hirabari Exchanging Foreign Driver's License, status: 近日受付開始, start_date: 2024年04月24日 07時30分, end_date: 2024年05月02日 12時00分, template_seq: 96455
[ 2024-04-23 22:43:57,069 ] 94 nihahi50 - INFO - Parsed data: title: ＜05月08日(水) 12:45～13:30＞[平針]外国免許切替審査 Hirabari Exchanging Foreign Driver's License, status: 近日受付開始, start_date: 2024年04月24日 07時30分, end_date: 2024年05月02日 12時00分, template_seq: 96456
[ 2024-04-23 22:43:57,069 ] 94 nihahi50 - INFO - Parsed data: title: ＜05月08日(水) 12:45～13:30＞[平針]外国免許切替審査 Hirabari Exchanging Foreign Driver's License, status: 近日受付開始, start_date: 2024年04月24日 07時30分, end_date: 2024年05月02日 12時00分, template_seq: 96456
[ 2024-04-23 22:43:57,069 ] 94 nihahi50 - INFO - Parsed data: title: ＜05月08日(水) 12:45～13:30＞[平針]外国免許切替審査 Hirabari Exchanging Foreign Driver's License, status: 近日受付開始, start_date: 2024年04月24日 07時30分, end_date: 2024年05月02日 12時00分, template_seq: 96456
[ 2024-04-23 22:43:57,127 ] 94 nihahi50 - INFO - Parsed data: title: ＜05月08日(水) 13:30～14:45＞[平針]外国免許切替審査 Hirabari Exchanging Foreign Driver's License, status: 近日受付開始, start_date: 2024年04月24日 07時30分, end_date: 2024年05月02日 12時00分, template_seq: 96457
[ 2024-04-23 22:43:57,127 ] 94 nihahi50 - INFO - Parsed data: title: ＜05月08日(水) 13:30～14:45＞[平針]外国免許切替審査 Hirabari Exchanging Foreign Driver's License, status: 近日受付開始, start_date: 2024年04月24日 07時30分, end_date: 2024年05月02日 12時00分, template_seq: 96457
[ 2024-04-23 22:43:57,127 ] 94 nihahi50 - INFO - Parsed data: title: ＜05月08日(水) 13:30～14:45＞[平針]外国免許切替審査 Hirabari Exchanging Foreign Driver's License, status: 近日受付開始, start_date: 2024年04月24日 07時30分, end_date: 2024年05月02日 12時00分, template_seq: 96457
[ 2024-04-23 22:43:57,177 ] 94 nihahi50 - INFO - Parsed data: title: ＜05月07日(火) 08:45～09:30＞[平針]外国免許切替審査 Hirabari Exchanging Foreign Driver's License, status: 受付終了しました, start_date: 2024年04月23日 07時30分, end_date: 2024年05月01日 12時00分, template_seq: 96447
[ 2024-04-23 22:43:57,177 ] 94 nihahi50 - INFO - Parsed data: title: ＜05月07日(火) 08:45～09:30＞[平針]外国免許切替審査 Hirabari Exchanging Foreign Driver's License, status: 受付終了しました, start_date: 2024年04月23日 07時30分, end_date: 2024年05月01日 12時00分, template_seq: 96447
[ 2024-04-23 22:43:57,177 ] 94 nihahi50 - INFO - Parsed data: title: ＜05月07日(火) 08:45～09:30＞[平針]外国免許切替審査 Hirabari Exchanging Foreign Driver's License, status: 受付終了しました, start_date: 2024年04月23日 07時30分, end_date: 2024年05月01日 12時00分, template_seq: 96447
[ 2024-04-23 22:43:57,180 ] 94 nihahi50 - INFO - Skip form with passed, ended, or not today status
[ 2024-04-23 22:43:57,180 ] 94 nihahi50 - INFO - Skip form with passed, ended, or not today status
[ 2024-04-23 22:43:57,180 ] 94 nihahi50 - INFO - Skip form with passed, ended, or not today status
[ 2024-04-23 22:43:57,232 ] 94 nihahi50 - INFO - Parsed data: title: ＜05月07日(火) 09:30～10:30＞[平針]外国免許切替審査 Hirabari Exchanging Foreign Driver's License, status: 受付終了しました, start_date: 2024年04月23日 07時30分, end_date: 2024年05月01日 12時00分, template_seq: 96448
[ 2024-04-23 22:43:57,232 ] 94 nihahi50 - INFO - Parsed data: title: ＜05月07日(火) 09:30～10:30＞[平針]外国免許切替審査 Hirabari Exchanging Foreign Driver's License, status: 受付終了しました, start_date: 2024年04月23日 07時30分, end_date: 2024年05月01日 12時00分, template_seq: 96448
[ 2024-04-23 22:43:57,232 ] 94 nihahi50 - INFO - Parsed data: title: ＜05月07日(火) 09:30～10:30＞[平針]外国免許切替審査 Hirabari Exchanging Foreign Driver's License, status: 受付終了しました, start_date: 2024年04月23日 07時30分, end_date: 2024年05月01日 12時00分, template_seq: 96448
[ 2024-04-23 22:43:57,234 ] 94 nihahi50 - INFO - Skip form with passed, ended, or not today status
[ 2024-04-23 22:43:57,234 ] 94 nihahi50 - INFO - Skip form with passed, ended, or not today status
[ 2024-04-23 22:43:57,234 ] 94 nihahi50 - INFO - Skip form with passed, ended, or not today status
[ 2024-04-23 22:43:57,291 ] 94 nihahi50 - INFO - Parsed data: title: ＜05月07日(火) 10:30～11:45＞[平針]外国免許切替審査 Hirabari Exchanging Foreign Driver's License, status: 受付終了しました, start_date: 2024年04月23日 07時30分, end_date: 2024年05月01日 12時00分, template_seq: 96450
[ 2024-04-23 22:43:57,291 ] 94 nihahi50 - INFO - Parsed data: title: ＜05月07日(火) 10:30～11:45＞[平針]外国免許切替審査 Hirabari Exchanging Foreign Driver's License, status: 受付終了しました, start_date: 2024年04月23日 07時30分, end_date: 2024年05月01日 12時00分, template_seq: 96450
[ 2024-04-23 22:43:57,291 ] 94 nihahi50 - INFO - Parsed data: title: ＜05月07日(火) 10:30～11:45＞[平針]外国免許切替審査 Hirabari Exchanging Foreign Driver's License, status: 受付終了しました, start_date: 2024年04月23日 07時30分, end_date: 2024年05月01日 12時00分, template_seq: 96450
[ 2024-04-23 22:43:57,293 ] 94 nihahi50 - INFO - Skip form with passed, ended, or not today status
[ 2024-04-23 22:43:57,293 ] 94 nihahi50 - INFO - Skip form with passed, ended, or not today status
[ 2024-04-23 22:43:57,293 ] 94 nihahi50 - INFO - Skip form with passed, ended, or not today status
[ 2024-04-23 22:43:57,352 ] 94 nihahi50 - INFO - Parsed data: title: ＜05月07日(火) 12:45～13:30＞[平針]外国免許切替審査 Hirabari Exchanging Foreign Driver's License, status: 受付終了しました, start_date: 2024年04月23日 07時30分, end_date: 2024年05月01日 12時00分, template_seq: 96451
[ 2024-04-23 22:43:57,352 ] 94 nihahi50 - INFO - Parsed data: title: ＜05月07日(火) 12:45～13:30＞[平針]外国免許切替審査 Hirabari Exchanging Foreign Driver's License, status: 受付終了しました, start_date: 2024年04月23日 07時30分, end_date: 2024年05月01日 12時00分, template_seq: 96451
[ 2024-04-23 22:43:57,352 ] 94 nihahi50 - INFO - Parsed data: title: ＜05月07日(火) 12:45～13:30＞[平針]外国免許切替審査 Hirabari Exchanging Foreign Driver's License, status: 受付終了しました, start_date: 2024年04月23日 07時30分, end_date: 2024年05月01日 12時00分, template_seq: 96451
[ 2024-04-23 22:43:57,353 ] 94 nihahi50 - INFO - Skip form with passed, ended, or not today status
[ 2024-04-23 22:43:57,353 ] 94 nihahi50 - INFO - Skip form with passed, ended, or not today status
[ 2024-04-23 22:43:57,353 ] 94 nihahi50 - INFO - Skip form with passed, ended, or not today status
[ 2024-04-23 22:43:57,406 ] 94 nihahi50 - INFO - Parsed data: title: ＜05月07日(火) 13:30～14:45＞[平針]外国免許切替審査 Hirabari Exchanging Foreign Driver's License, status: 受付終了しました, start_date: 2024年04月23日 07時30分, end_date: 2024年05月01日 12時00分, template_seq: 96452
[ 2024-04-23 22:43:57,406 ] 94 nihahi50 - INFO - Parsed data: title: ＜05月07日(火) 13:30～14:45＞[平針]外国免許切替審査 Hirabari Exchanging Foreign Driver's License, status: 受付終了しました, start_date: 2024年04月23日 07時30分, end_date: 2024年05月01日 12時00分, template_seq: 96452
[ 2024-04-23 22:43:57,406 ] 94 nihahi50 - INFO - Parsed data: title: ＜05月07日(火) 13:30～14:45＞[平針]外国免許切替審査 Hirabari Exchanging Foreign Driver's License, status: 受付終了しました, start_date: 2024年04月23日 07時30分, end_date: 2024年05月01日 12時00分, template_seq: 96452
[ 2024-04-23 22:43:57,408 ] 94 nihahi50 - INFO - Skip form with passed, ended, or not today status
[ 2024-04-23 22:43:57,408 ] 94 nihahi50 - INFO - Skip form with passed, ended, or not today status
[ 2024-04-23 22:43:57,408 ] 94 nihahi50 - INFO - Skip form with passed, ended, or not today status
[ 2024-04-23 22:43:57,445 ] 94 nihahi50 - INFO - Parsed data: title: ＜05月02日(木) 08:45～09:30＞[平針]外国免許切替審査 Hirabari Exchanging Foreign Driver's License, status: 受付終了しました, start_date: 2024年04月18日 07時30分, end_date: 2024年04月30日 12時00分, template_seq: 96126
[ 2024-04-23 22:43:57,445 ] 94 nihahi50 - INFO - Parsed data: title: ＜05月02日(木) 08:45～09:30＞[平針]外国免許切替審査 Hirabari Exchanging Foreign Driver's License, status: 受付終了しました, start_date: 2024年04月18日 07時30分, end_date: 2024年04月30日 12時00分, template_seq: 96126
[ 2024-04-23 22:43:57,445 ] 94 nihahi50 - INFO - Parsed data: title: ＜05月02日(木) 08:45～09:30＞[平針]外国免許切替審査 Hirabari Exchanging Foreign Driver's License, status: 受付終了しました, start_date: 2024年04月18日 07時30分, end_date: 2024年04月30日 12時00分, template_seq: 96126
[ 2024-04-23 22:43:57,446 ] 94 nihahi50 - INFO - Skip form with passed, ended, or not today status
[ 2024-04-23 22:43:57,446 ] 94 nihahi50 - INFO - Skip form with passed, ended, or not today status
[ 2024-04-23 22:43:57,446 ] 94 nihahi50 - INFO - Skip form with passed, ended, or not today status
[ 2024-04-23 22:43:57,493 ] 94 nihahi50 - INFO - Parsed data: title: ＜05月02日(木) 09:30～10:30＞[平針]外国免許切替審査 Hirabari Exchanging Foreign Driver's License, status: 受付終了しました, start_date: 2024年04月18日 07時30分, end_date: 2024年04月30日 12時00分, template_seq: 96127
[ 2024-04-23 22:43:57,493 ] 94 nihahi50 - INFO - Parsed data: title: ＜05月02日(木) 09:30～10:30＞[平針]外国免許切替審査 Hirabari Exchanging Foreign Driver's License, status: 受付終了しました, start_date: 2024年04月18日 07時30分, end_date: 2024年04月30日 12時00分, template_seq: 96127
[ 2024-04-23 22:43:57,493 ] 94 nihahi50 - INFO - Parsed data: title: ＜05月02日(木) 09:30～10:30＞[平針]外国免許切替審査 Hirabari Exchanging Foreign Driver's License, status: 受付終了しました, start_date: 2024年04月18日 07時30分, end_date: 2024年04月30日 12時00分, template_seq: 96127
[ 2024-04-23 22:43:57,494 ] 94 nihahi50 - INFO - Skip form with passed, ended, or not today status
[ 2024-04-23 22:43:57,494 ] 94 nihahi50 - INFO - Skip form with passed, ended, or not today status
[ 2024-04-23 22:43:57,494 ] 94 nihahi50 - INFO - Skip form with passed, ended, or not today status
[ 2024-04-23 22:43:57,520 ] 94 nihahi50 - INFO - Parsed data: title: ＜05月02日(木) 10:30～11:45＞[平針]外国免許切替審査 Hirabari Exchanging Foreign Driver's License, status: 受付終了しました, start_date: 2024年04月18日 07時30分, end_date: 2024年04月30日 12時00分, template_seq: 96128
[ 2024-04-23 22:43:57,520 ] 94 nihahi50 - INFO - Parsed data: title: ＜05月02日(木) 10:30～11:45＞[平針]外国免許切替審査 Hirabari Exchanging Foreign Driver's License, status: 受付終了しました, start_date: 2024年04月18日 07時30分, end_date: 2024年04月30日 12時00分, template_seq: 96128
[ 2024-04-23 22:43:57,520 ] 94 nihahi50 - INFO - Parsed data: title: ＜05月02日(木) 10:30～11:45＞[平針]外国免許切替審査 Hirabari Exchanging Foreign Driver's License, status: 受付終了しました, start_date: 2024年04月18日 07時30分, end_date: 2024年04月30日 12時00分, template_seq: 96128
[ 2024-04-23 22:43:57,522 ] 94 nihahi50 - INFO - Skip form with passed, ended, or not today status
[ 2024-04-23 22:43:57,522 ] 94 nihahi50 - INFO - Skip form with passed, ended, or not today status
[ 2024-04-23 22:43:57,522 ] 94 nihahi50 - INFO - Skip form with passed, ended, or not today status
[ 2024-04-23 22:43:57,578 ] 94 nihahi50 - INFO - Parsed data: title: ＜05月02日(木) 12:45～13:30＞[平針]外国免許切替審査 Hirabari Exchanging Foreign Driver's License, status: 受付終了しました, start_date: 2024年04月18日 07時30分, end_date: 2024年04月30日 12時00分, template_seq: 96129
[ 2024-04-23 22:43:57,578 ] 94 nihahi50 - INFO - Parsed data: title: ＜05月02日(木) 12:45～13:30＞[平針]外国免許切替審査 Hirabari Exchanging Foreign Driver's License, status: 受付終了しました, start_date: 2024年04月18日 07時30分, end_date: 2024年04月30日 12時00分, template_seq: 96129
[ 2024-04-23 22:43:57,578 ] 94 nihahi50 - INFO - Parsed data: title: ＜05月02日(木) 12:45～13:30＞[平針]外国免許切替審査 Hirabari Exchanging Foreign Driver's License, status: 受付終了しました, start_date: 2024年04月18日 07時30分, end_date: 2024年04月30日 12時00分, template_seq: 96129
[ 2024-04-23 22:43:57,580 ] 94 nihahi50 - INFO - Skip form with passed, ended, or not today status
[ 2024-04-23 22:43:57,580 ] 94 nihahi50 - INFO - Skip form with passed, ended, or not today status
[ 2024-04-23 22:43:57,580 ] 94 nihahi50 - INFO - Skip form with passed, ended, or not today status
[ 2024-04-23 22:43:57,611 ] 94 nihahi50 - INFO - Parsed data: title: ＜05月02日(木) 13:30～14:45＞[平針]外国免許切替審査 Hirabari Exchanging Foreign Driver's License, status: 受付終了しました, start_date: 2024年04月18日 07時30分, end_date: 2024年04月30日 12時00分, template_seq: 96130
[ 2024-04-23 22:43:57,611 ] 94 nihahi50 - INFO - Parsed data: title: ＜05月02日(木) 13:30～14:45＞[平針]外国免許切替審査 Hirabari Exchanging Foreign Driver's License, status: 受付終了しました, start_date: 2024年04月18日 07時30分, end_date: 2024年04月30日 12時00分, template_seq: 96130
[ 2024-04-23 22:43:57,611 ] 94 nihahi50 - INFO - Parsed data: title: ＜05月02日(木) 13:30～14:45＞[平針]外国免許切替審査 Hirabari Exchanging Foreign Driver's License, status: 受付終了しました, start_date: 2024年04月18日 07時30分, end_date: 2024年04月30日 12時00分, template_seq: 96130
[ 2024-04-23 22:43:57,613 ] 94 nihahi50 - INFO - Skip form with passed, ended, or not today status
[ 2024-04-23 22:43:57,613 ] 94 nihahi50 - INFO - Skip form with passed, ended, or not today status
[ 2024-04-23 22:43:57,613 ] 94 nihahi50 - INFO - Skip form with passed, ended, or not today status
[ 2024-04-23 22:43:57,614 ] 94 nihahi50 - INFO - Number of filtered forms left is: 5 form(s)
[ 2024-04-23 22:43:57,614 ] 94 nihahi50 - INFO - Number of filtered forms left is: 5 form(s)
[ 2024-04-23 22:43:57,614 ] 94 nihahi50 - INFO - Number of filtered forms left is: 5 form(s)
[ 2024-04-23 22:43:57,617 ] 94 nihahi50 - INFO - Accessing form, template sequence: 96455
[ 2024-04-23 22:43:57,617 ] 94 nihahi50 - INFO - Accessing form, template sequence: 96455
[ 2024-04-23 22:43:57,617 ] 94 nihahi50 - INFO - Accessing form, template sequence: 96455
[ 2024-04-23 22:43:57,617 ] 94 nihahi50 - INFO - Form URL: https://www.shinsei.e-aichi.jp/pref-aichi-police-u/offer/offerList_detailTop?tempSeq=96455
[ 2024-04-23 22:43:57,617 ] 94 nihahi50 - INFO - Form URL: https://www.shinsei.e-aichi.jp/pref-aichi-police-u/offer/offerList_detailTop?tempSeq=96455
[ 2024-04-23 22:43:57,617 ] 94 nihahi50 - INFO - Form URL: https://www.shinsei.e-aichi.jp/pref-aichi-police-u/offer/offerList_detailTop?tempSeq=96455
[ 2024-04-23 22:44:03,459 ] 94 nihahi50 - INFO - Accessed form successfully
[ 2024-04-23 22:44:03,459 ] 94 nihahi50 - INFO - Accessed form successfully
[ 2024-04-23 22:44:03,459 ] 94 nihahi50 - INFO - Accessed form successfully
[ 2024-04-23 22:44:03,477 ] 94 nihahi50 - INFO - Form message: 申込期間ではありません。
[ 2024-04-23 22:44:03,477 ] 94 nihahi50 - INFO - Form message: 申込期間ではありません。
[ 2024-04-23 22:44:03,477 ] 94 nihahi50 - INFO - Form message: 申込期間ではありません。
[ 2024-04-23 22:44:03,478 ] 94 nihahi50 - INFO - Refreshing page to check availability trial number 1, template sequence: 96455
[ 2024-04-23 22:44:03,478 ] 94 nihahi50 - INFO - Refreshing page to check availability trial number 1, template sequence: 96455
[ 2024-04-23 22:44:03,478 ] 94 nihahi50 - INFO - Refreshing page to check availability trial number 1, template sequence: 96455
[ 2024-04-23 22:44:05,229 ] 94 nihahi50 - INFO - Form message: 申込期間ではありません。
[ 2024-04-23 22:44:05,229 ] 94 nihahi50 - INFO - Form message: 申込期間ではありません。
[ 2024-04-23 22:44:05,229 ] 94 nihahi50 - INFO - Form message: 申込期間ではありません。
[ 2024-04-23 22:44:05,230 ] 94 nihahi50 - INFO - Refreshing page to check availability trial number 2, template sequence: 96455
[ 2024-04-23 22:44:05,230 ] 94 nihahi50 - INFO - Refreshing page to check availability trial number 2, template sequence: 96455
[ 2024-04-23 22:44:05,230 ] 94 nihahi50 - INFO - Refreshing page to check availability trial number 2, template sequence: 96455
[ 2024-04-23 22:44:06,916 ] 94 nihahi50 - INFO - Form message: 申込期間ではありません。
[ 2024-04-23 22:44:06,916 ] 94 nihahi50 - INFO - Form message: 申込期間ではありません。
[ 2024-04-23 22:44:06,916 ] 94 nihahi50 - INFO - Form message: 申込期間ではありません。
[ 2024-04-23 22:44:06,917 ] 94 nihahi50 - INFO - Refreshing page to check availability trial number 3, template sequence: 96455
[ 2024-04-23 22:44:06,917 ] 94 nihahi50 - INFO - Refreshing page to check availability trial number 3, template sequence: 96455
[ 2024-04-23 22:44:06,917 ] 94 nihahi50 - INFO - Refreshing page to check availability trial number 3, template sequence: 96455
[ 2024-04-23 22:44:08,630 ] 94 nihahi50 - INFO - Form message: 申込期間ではありません。
[ 2024-04-23 22:44:08,630 ] 94 nihahi50 - INFO - Form message: 申込期間ではありません。
[ 2024-04-23 22:44:08,630 ] 94 nihahi50 - INFO - Form message: 申込期間ではありません。
[ 2024-04-23 22:44:08,631 ] 94 nihahi50 - INFO - Refreshing page to check availability trial number 4, template sequence: 96455
[ 2024-04-23 22:44:08,631 ] 94 nihahi50 - INFO - Refreshing page to check availability trial number 4, template sequence: 96455
[ 2024-04-23 22:44:08,631 ] 94 nihahi50 - INFO - Refreshing page to check availability trial number 4, template sequence: 96455
[ 2024-04-23 22:44:10,311 ] 94 nihahi50 - INFO - Form message: 申込期間ではありません。
[ 2024-04-23 22:44:10,311 ] 94 nihahi50 - INFO - Form message: 申込期間ではありません。
[ 2024-04-23 22:44:10,311 ] 94 nihahi50 - INFO - Form message: 申込期間ではありません。
[ 2024-04-23 22:44:10,311 ] 94 nihahi50 - INFO - Refreshing page to check availability trial number 5, template sequence: 96455
[ 2024-04-23 22:44:10,311 ] 94 nihahi50 - INFO - Refreshing page to check availability trial number 5, template sequence: 96455
[ 2024-04-23 22:44:10,311 ] 94 nihahi50 - INFO - Refreshing page to check availability trial number 5, template sequence: 96455
[ 2024-04-23 22:44:12,047 ] 94 nihahi50 - INFO - Form message: 申込期間ではありません。
[ 2024-04-23 22:44:12,047 ] 94 nihahi50 - INFO - Form message: 申込期間ではありません。
[ 2024-04-23 22:44:12,047 ] 94 nihahi50 - INFO - Form message: 申込期間ではありません。
[ 2024-04-23 22:44:12,048 ] 94 nihahi50 - INFO - Refreshing page to check availability trial number 6, template sequence: 96455
[ 2024-04-23 22:44:12,048 ] 94 nihahi50 - INFO - Refreshing page to check availability trial number 6, template sequence: 96455
[ 2024-04-23 22:44:12,048 ] 94 nihahi50 - INFO - Refreshing page to check availability trial number 6, template sequence: 96455
[ 2024-04-23 22:44:13,621 ] 94 nihahi50 - INFO - Form message: 申込期間ではありません。
[ 2024-04-23 22:44:13,621 ] 94 nihahi50 - INFO - Form message: 申込期間ではありません。
[ 2024-04-23 22:44:13,621 ] 94 nihahi50 - INFO - Form message: 申込期間ではありません。
[ 2024-04-23 22:44:13,622 ] 94 nihahi50 - INFO - Refreshing page to check availability trial number 7, template sequence: 96455
[ 2024-04-23 22:44:13,622 ] 94 nihahi50 - INFO - Refreshing page to check availability trial number 7, template sequence: 96455
[ 2024-04-23 22:44:13,622 ] 94 nihahi50 - INFO - Refreshing page to check availability trial number 7, template sequence: 96455
[ 2024-04-23 22:44:15,192 ] 94 nihahi50 - INFO - Form message: 申込期間ではありません。
[ 2024-04-23 22:44:15,192 ] 94 nihahi50 - INFO - Form message: 申込期間ではありません。
[ 2024-04-23 22:44:15,192 ] 94 nihahi50 - INFO - Form message: 申込期間ではありません。
[ 2024-04-23 22:44:15,195 ] 94 nihahi50 - INFO - Refreshing page to check availability trial number 8, template sequence: 96455
[ 2024-04-23 22:44:15,195 ] 94 nihahi50 - INFO - Refreshing page to check availability trial number 8, template sequence: 96455
[ 2024-04-23 22:44:15,195 ] 94 nihahi50 - INFO - Refreshing page to check availability trial number 8, template sequence: 96455
[ 2024-04-23 22:44:16,830 ] 94 nihahi50 - INFO - Form message: 申込期間ではありません。
[ 2024-04-23 22:44:16,830 ] 94 nihahi50 - INFO - Form message: 申込期間ではありません。
[ 2024-04-23 22:44:16,830 ] 94 nihahi50 - INFO - Form message: 申込期間ではありません。
[ 2024-04-23 22:44:16,830 ] 94 nihahi50 - INFO - Refreshing page to check availability trial number 9, template sequence: 96455
[ 2024-04-23 22:44:16,830 ] 94 nihahi50 - INFO - Refreshing page to check availability trial number 9, template sequence: 96455
[ 2024-04-23 22:44:16,830 ] 94 nihahi50 - INFO - Refreshing page to check availability trial number 9, template sequence: 96455
[ 2024-04-23 22:44:18,592 ] 94 nihahi50 - INFO - Form message: 申込期間ではありません。
[ 2024-04-23 22:44:18,592 ] 94 nihahi50 - INFO - Form message: 申込期間ではありません。
[ 2024-04-23 22:44:18,592 ] 94 nihahi50 - INFO - Form message: 申込期間ではありません。
[ 2024-04-23 22:44:18,593 ] 94 nihahi50 - INFO - Refreshing page to check availability trial number 10, template sequence: 96455
[ 2024-04-23 22:44:18,593 ] 94 nihahi50 - INFO - Refreshing page to check availability trial number 10, template sequence: 96455
[ 2024-04-23 22:44:18,593 ] 94 nihahi50 - INFO - Refreshing page to check availability trial number 10, template sequence: 96455
[ 2024-04-23 22:44:20,308 ] 94 nihahi50 - INFO - Form message: 申込期間ではありません。
[ 2024-04-23 22:44:20,308 ] 94 nihahi50 - INFO - Form message: 申込期間ではありません。
[ 2024-04-23 22:44:20,308 ] 94 nihahi50 - INFO - Form message: 申込期間ではありません。
[ 2024-04-23 22:44:20,310 ] 94 nihahi50 - INFO - Refreshing page to check availability trial number 11, template sequence: 96455
[ 2024-04-23 22:44:20,310 ] 94 nihahi50 - INFO - Refreshing page to check availability trial number 11, template sequence: 96455
[ 2024-04-23 22:44:20,310 ] 94 nihahi50 - INFO - Refreshing page to check availability trial number 11, template sequence: 96455
[ 2024-04-23 22:44:21,767 ] 94 nihahi50 - INFO - Form message: 申込期間ではありません。
[ 2024-04-23 22:44:21,767 ] 94 nihahi50 - INFO - Form message: 申込期間ではありません。
[ 2024-04-23 22:44:21,767 ] 94 nihahi50 - INFO - Form message: 申込期間ではありません。
[ 2024-04-23 22:44:21,768 ] 94 nihahi50 - INFO - Refreshing page to check availability trial number 12, template sequence: 96455
[ 2024-04-23 22:44:21,768 ] 94 nihahi50 - INFO - Refreshing page to check availability trial number 12, template sequence: 96455
[ 2024-04-23 22:44:21,768 ] 94 nihahi50 - INFO - Refreshing page to check availability trial number 12, template sequence: 96455
[ 2024-04-23 22:44:22,987 ] 94 nihahi50 - INFO - Form message: 申込期間ではありません。
[ 2024-04-23 22:44:22,987 ] 94 nihahi50 - INFO - Form message: 申込期間ではありません。
[ 2024-04-23 22:44:22,987 ] 94 nihahi50 - INFO - Form message: 申込期間ではありません。
[ 2024-04-23 22:44:22,987 ] 94 nihahi50 - INFO - Refreshing page to check availability trial number 13, template sequence: 96455
[ 2024-04-23 22:44:22,987 ] 94 nihahi50 - INFO - Refreshing page to check availability trial number 13, template sequence: 96455
[ 2024-04-23 22:44:22,987 ] 94 nihahi50 - INFO - Refreshing page to check availability trial number 13, template sequence: 96455
[ 2024-04-23 22:44:24,652 ] 94 nihahi50 - INFO - Form message: 申込期間ではありません。
[ 2024-04-23 22:44:24,652 ] 94 nihahi50 - INFO - Form message: 申込期間ではありません。
[ 2024-04-23 22:44:24,652 ] 94 nihahi50 - INFO - Form message: 申込期間ではありません。
[ 2024-04-23 22:44:24,653 ] 94 nihahi50 - INFO - Refreshing page to check availability trial number 14, template sequence: 96455
[ 2024-04-23 22:44:24,653 ] 94 nihahi50 - INFO - Refreshing page to check availability trial number 14, template sequence: 96455
[ 2024-04-23 22:44:24,653 ] 94 nihahi50 - INFO - Refreshing page to check availability trial number 14, template sequence: 96455
[ 2024-04-23 22:44:26,416 ] 94 nihahi50 - INFO - Form message: 申込期間ではありません。
[ 2024-04-23 22:44:26,416 ] 94 nihahi50 - INFO - Form message: 申込期間ではありません。
[ 2024-04-23 22:44:26,416 ] 94 nihahi50 - INFO - Form message: 申込期間ではありません。
[ 2024-04-23 22:44:26,417 ] 94 nihahi50 - INFO - Refreshing page to check availability trial number 15, template sequence: 96455
[ 2024-04-23 22:44:26,417 ] 94 nihahi50 - INFO - Refreshing page to check availability trial number 15, template sequence: 96455
[ 2024-04-23 22:44:26,417 ] 94 nihahi50 - INFO - Refreshing page to check availability trial number 15, template sequence: 96455
[ 2024-04-23 22:44:27,959 ] 94 nihahi50 - INFO - Form message: 申込期間ではありません。
[ 2024-04-23 22:44:27,959 ] 94 nihahi50 - INFO - Form message: 申込期間ではありません。
[ 2024-04-23 22:44:27,959 ] 94 nihahi50 - INFO - Form message: 申込期間ではありません。
[ 2024-04-23 22:44:27,959 ] 94 nihahi50 - INFO - Refreshing page to check availability trial number 16, template sequence: 96455
[ 2024-04-23 22:44:27,959 ] 94 nihahi50 - INFO - Refreshing page to check availability trial number 16, template sequence: 96455
[ 2024-04-23 22:44:27,959 ] 94 nihahi50 - INFO - Refreshing page to check availability trial number 16, template sequence: 96455
[ 2024-04-23 22:44:29,141 ] 94 nihahi50 - INFO - Form message: 申込期間ではありません。
[ 2024-04-23 22:44:29,141 ] 94 nihahi50 - INFO - Form message: 申込期間ではありません。
[ 2024-04-23 22:44:29,141 ] 94 nihahi50 - INFO - Form message: 申込期間ではありません。
[ 2024-04-23 22:44:29,141 ] 94 nihahi50 - INFO - Refreshing page to check availability trial number 17, template sequence: 96455
[ 2024-04-23 22:44:29,141 ] 94 nihahi50 - INFO - Refreshing page to check availability trial number 17, template sequence: 96455
[ 2024-04-23 22:44:29,141 ] 94 nihahi50 - INFO - Refreshing page to check availability trial number 17, template sequence: 96455
[ 2024-04-23 22:44:30,760 ] 94 nihahi50 - INFO - Form message: 申込期間ではありません。
[ 2024-04-23 22:44:30,760 ] 94 nihahi50 - INFO - Form message: 申込期間ではありません。
[ 2024-04-23 22:44:30,760 ] 94 nihahi50 - INFO - Form message: 申込期間ではありません。
[ 2024-04-23 22:44:30,763 ] 94 nihahi50 - INFO - Refreshing page to check availability trial number 18, template sequence: 96455
[ 2024-04-23 22:44:30,763 ] 94 nihahi50 - INFO - Refreshing page to check availability trial number 18, template sequence: 96455
[ 2024-04-23 22:44:30,763 ] 94 nihahi50 - INFO - Refreshing page to check availability trial number 18, template sequence: 96455
[ 2024-04-23 22:44:32,082 ] 94 nihahi50 - INFO - Form message: 申込期間ではありません。
[ 2024-04-23 22:44:32,082 ] 94 nihahi50 - INFO - Form message: 申込期間ではありません。
[ 2024-04-23 22:44:32,082 ] 94 nihahi50 - INFO - Form message: 申込期間ではありません。
[ 2024-04-23 22:44:32,082 ] 94 nihahi50 - INFO - Refreshing page to check availability trial number 19, template sequence: 96455
[ 2024-04-23 22:44:32,082 ] 94 nihahi50 - INFO - Refreshing page to check availability trial number 19, template sequence: 96455
[ 2024-04-23 22:44:32,082 ] 94 nihahi50 - INFO - Refreshing page to check availability trial number 19, template sequence: 96455
[ 2024-04-23 22:44:33,298 ] 94 nihahi50 - INFO - Form message: 申込期間ではありません。
[ 2024-04-23 22:44:33,298 ] 94 nihahi50 - INFO - Form message: 申込期間ではありません。
[ 2024-04-23 22:44:33,298 ] 94 nihahi50 - INFO - Form message: 申込期間ではありません。
[ 2024-04-23 22:44:33,298 ] 94 nihahi50 - INFO - Refreshing page to check availability trial number 20, template sequence: 96455
[ 2024-04-23 22:44:33,298 ] 94 nihahi50 - INFO - Refreshing page to check availability trial number 20, template sequence: 96455
[ 2024-04-23 22:44:33,298 ] 94 nihahi50 - INFO - Refreshing page to check availability trial number 20, template sequence: 96455
[ 2024-04-23 22:44:34,504 ] 94 nihahi50 - INFO - Form message: 申込期間ではありません。
[ 2024-04-23 22:44:34,504 ] 94 nihahi50 - INFO - Form message: 申込期間ではありません。
[ 2024-04-23 22:44:34,504 ] 94 nihahi50 - INFO - Form message: 申込期間ではありません。
[ 2024-04-23 22:44:34,505 ] 94 nihahi50 - INFO - Failed to access form after 20 refreshing, template sequence: 96455
[ 2024-04-23 22:44:34,505 ] 94 nihahi50 - INFO - Failed to access form after 20 refreshing, template sequence: 96455
[ 2024-04-23 22:44:34,505 ] 94 nihahi50 - INFO - Failed to access form after 20 refreshing, template sequence: 96455
[ 2024-04-23 22:44:34,507 ] 94 nihahi50 - INFO - Accessing form, template sequence: 96453
[ 2024-04-23 22:44:34,507 ] 94 nihahi50 - INFO - Accessing form, template sequence: 96453
[ 2024-04-23 22:44:34,507 ] 94 nihahi50 - INFO - Accessing form, template sequence: 96453
[ 2024-04-23 22:44:34,507 ] 94 nihahi50 - INFO - Form URL: https://www.shinsei.e-aichi.jp/pref-aichi-police-u/offer/offerList_detailTop?tempSeq=96453
[ 2024-04-23 22:44:34,507 ] 94 nihahi50 - INFO - Form URL: https://www.shinsei.e-aichi.jp/pref-aichi-police-u/offer/offerList_detailTop?tempSeq=96453
[ 2024-04-23 22:44:34,507 ] 94 nihahi50 - INFO - Form URL: https://www.shinsei.e-aichi.jp/pref-aichi-police-u/offer/offerList_detailTop?tempSeq=96453
[ 2024-04-23 22:44:40,062 ] 94 nihahi50 - INFO - Accessed form successfully
[ 2024-04-23 22:44:40,062 ] 94 nihahi50 - INFO - Accessed form successfully
[ 2024-04-23 22:44:40,062 ] 94 nihahi50 - INFO - Accessed form successfully
[ 2024-04-23 22:44:40,075 ] 94 nihahi50 - INFO - Form message: 申込期間ではありません。
[ 2024-04-23 22:44:40,075 ] 94 nihahi50 - INFO - Form message: 申込期間ではありません。
[ 2024-04-23 22:44:40,075 ] 94 nihahi50 - INFO - Form message: 申込期間ではありません。
[ 2024-04-23 22:44:40,075 ] 94 nihahi50 - INFO - Refreshing page to check availability trial number 1, template sequence: 96453
[ 2024-04-23 22:44:40,075 ] 94 nihahi50 - INFO - Refreshing page to check availability trial number 1, template sequence: 96453
[ 2024-04-23 22:44:40,075 ] 94 nihahi50 - INFO - Refreshing page to check availability trial number 1, template sequence: 96453
[ 2024-04-23 22:44:41,323 ] 94 nihahi50 - INFO - Form message: 申込期間ではありません。
[ 2024-04-23 22:44:41,323 ] 94 nihahi50 - INFO - Form message: 申込期間ではありません。
[ 2024-04-23 22:44:41,323 ] 94 nihahi50 - INFO - Form message: 申込期間ではありません。
[ 2024-04-23 22:44:41,324 ] 94 nihahi50 - INFO - Refreshing page to check availability trial number 2, template sequence: 96453
[ 2024-04-23 22:44:41,324 ] 94 nihahi50 - INFO - Refreshing page to check availability trial number 2, template sequence: 96453
[ 2024-04-23 22:44:41,324 ] 94 nihahi50 - INFO - Refreshing page to check availability trial number 2, template sequence: 96453
[ 2024-04-23 22:44:43,423 ] 94 nihahi50 - INFO - Form message: 申込期間ではありません。
[ 2024-04-23 22:44:43,423 ] 94 nihahi50 - INFO - Form message: 申込期間ではありません。
[ 2024-04-23 22:44:43,423 ] 94 nihahi50 - INFO - Form message: 申込期間ではありません。
[ 2024-04-23 22:44:43,427 ] 94 nihahi50 - INFO - Refreshing page to check availability trial number 3, template sequence: 96453
[ 2024-04-23 22:44:43,427 ] 94 nihahi50 - INFO - Refreshing page to check availability trial number 3, template sequence: 96453
[ 2024-04-23 22:44:43,427 ] 94 nihahi50 - INFO - Refreshing page to check availability trial number 3, template sequence: 96453
[ 2024-04-23 22:44:44,656 ] 94 nihahi50 - INFO - Form message: 申込期間ではありません。
[ 2024-04-23 22:44:44,656 ] 94 nihahi50 - INFO - Form message: 申込期間ではありません。
[ 2024-04-23 22:44:44,656 ] 94 nihahi50 - INFO - Form message: 申込期間ではありません。
[ 2024-04-23 22:44:44,658 ] 94 nihahi50 - INFO - Refreshing page to check availability trial number 4, template sequence: 96453
[ 2024-04-23 22:44:44,658 ] 94 nihahi50 - INFO - Refreshing page to check availability trial number 4, template sequence: 96453
[ 2024-04-23 22:44:44,658 ] 94 nihahi50 - INFO - Refreshing page to check availability trial number 4, template sequence: 96453
[ 2024-04-23 22:44:46,113 ] 94 nihahi50 - INFO - Form message: 申込期間ではありません。
[ 2024-04-23 22:44:46,113 ] 94 nihahi50 - INFO - Form message: 申込期間ではありません。
[ 2024-04-23 22:44:46,113 ] 94 nihahi50 - INFO - Form message: 申込期間ではありません。
[ 2024-04-23 22:44:46,114 ] 94 nihahi50 - INFO - Refreshing page to check availability trial number 5, template sequence: 96453
[ 2024-04-23 22:44:46,114 ] 94 nihahi50 - INFO - Refreshing page to check availability trial number 5, template sequence: 96453
[ 2024-04-23 22:44:46,114 ] 94 nihahi50 - INFO - Refreshing page to check availability trial number 5, template sequence: 96453
[ 2024-04-23 22:44:47,634 ] 94 nihahi50 - INFO - Form message: 申込期間ではありません。
[ 2024-04-23 22:44:47,634 ] 94 nihahi50 - INFO - Form message: 申込期間ではありません。
[ 2024-04-23 22:44:47,634 ] 94 nihahi50 - INFO - Form message: 申込期間ではありません。
[ 2024-04-23 22:44:47,635 ] 94 nihahi50 - INFO - Refreshing page to check availability trial number 6, template sequence: 96453
[ 2024-04-23 22:44:47,635 ] 94 nihahi50 - INFO - Refreshing page to check availability trial number 6, template sequence: 96453
[ 2024-04-23 22:44:47,635 ] 94 nihahi50 - INFO - Refreshing page to check availability trial number 6, template sequence: 96453
[ 2024-04-23 22:44:49,080 ] 94 nihahi50 - INFO - Form message: 申込期間ではありません。
[ 2024-04-23 22:44:49,080 ] 94 nihahi50 - INFO - Form message: 申込期間ではありません。
[ 2024-04-23 22:44:49,080 ] 94 nihahi50 - INFO - Form message: 申込期間ではありません。
[ 2024-04-23 22:44:49,081 ] 94 nihahi50 - INFO - Refreshing page to check availability trial number 7, template sequence: 96453
[ 2024-04-23 22:44:49,081 ] 94 nihahi50 - INFO - Refreshing page to check availability trial number 7, template sequence: 96453
[ 2024-04-23 22:44:49,081 ] 94 nihahi50 - INFO - Refreshing page to check availability trial number 7, template sequence: 96453
[ 2024-04-23 22:44:50,551 ] 94 nihahi50 - INFO - Form message: 申込期間ではありません。
[ 2024-04-23 22:44:50,551 ] 94 nihahi50 - INFO - Form message: 申込期間ではありません。
[ 2024-04-23 22:44:50,551 ] 94 nihahi50 - INFO - Form message: 申込期間ではありません。
[ 2024-04-23 22:44:50,552 ] 94 nihahi50 - INFO - Refreshing page to check availability trial number 8, template sequence: 96453
[ 2024-04-23 22:44:50,552 ] 94 nihahi50 - INFO - Refreshing page to check availability trial number 8, template sequence: 96453
[ 2024-04-23 22:44:50,552 ] 94 nihahi50 - INFO - Refreshing page to check availability trial number 8, template sequence: 96453
[ 2024-04-23 22:44:51,774 ] 94 nihahi50 - INFO - Form message: 申込期間ではありません。
[ 2024-04-23 22:44:51,774 ] 94 nihahi50 - INFO - Form message: 申込期間ではありません。
[ 2024-04-23 22:44:51,774 ] 94 nihahi50 - INFO - Form message: 申込期間ではありません。
[ 2024-04-23 22:44:51,775 ] 94 nihahi50 - INFO - Refreshing page to check availability trial number 9, template sequence: 96453
[ 2024-04-23 22:44:51,775 ] 94 nihahi50 - INFO - Refreshing page to check availability trial number 9, template sequence: 96453
[ 2024-04-23 22:44:51,775 ] 94 nihahi50 - INFO - Refreshing page to check availability trial number 9, template sequence: 96453
[ 2024-04-23 22:44:53,516 ] 94 nihahi50 - INFO - Form message: 申込期間ではありません。
[ 2024-04-23 22:44:53,516 ] 94 nihahi50 - INFO - Form message: 申込期間ではありません。
[ 2024-04-23 22:44:53,516 ] 94 nihahi50 - INFO - Form message: 申込期間ではありません。
[ 2024-04-23 22:44:53,517 ] 94 nihahi50 - INFO - Refreshing page to check availability trial number 10, template sequence: 96453
[ 2024-04-23 22:44:53,517 ] 94 nihahi50 - INFO - Refreshing page to check availability trial number 10, template sequence: 96453
[ 2024-04-23 22:44:53,517 ] 94 nihahi50 - INFO - Refreshing page to check availability trial number 10, template sequence: 96453
[ 2024-04-23 22:44:54,755 ] 94 nihahi50 - INFO - Form message: 申込期間ではありません。
[ 2024-04-23 22:44:54,755 ] 94 nihahi50 - INFO - Form message: 申込期間ではありません。
[ 2024-04-23 22:44:54,755 ] 94 nihahi50 - INFO - Form message: 申込期間ではありません。
[ 2024-04-23 22:44:54,756 ] 94 nihahi50 - INFO - Refreshing page to check availability trial number 11, template sequence: 96453
[ 2024-04-23 22:44:54,756 ] 94 nihahi50 - INFO - Refreshing page to check availability trial number 11, template sequence: 96453
[ 2024-04-23 22:44:54,756 ] 94 nihahi50 - INFO - Refreshing page to check availability trial number 11, template sequence: 96453
[ 2024-04-23 22:44:56,608 ] 94 nihahi50 - INFO - Form message: 申込期間ではありません。
[ 2024-04-23 22:44:56,608 ] 94 nihahi50 - INFO - Form message: 申込期間ではありません。
[ 2024-04-23 22:44:56,608 ] 94 nihahi50 - INFO - Form message: 申込期間ではありません。
[ 2024-04-23 22:44:56,609 ] 94 nihahi50 - INFO - Refreshing page to check availability trial number 12, template sequence: 96453
[ 2024-04-23 22:44:56,609 ] 94 nihahi50 - INFO - Refreshing page to check availability trial number 12, template sequence: 96453
[ 2024-04-23 22:44:56,609 ] 94 nihahi50 - INFO - Refreshing page to check availability trial number 12, template sequence: 96453
