[ 2024-04-24 14:46:29,306 ] 91 luthien5921 - INFO - Opened login page
[ 2024-04-24 14:46:29,306 ] 91 luthien5921 - INFO - Opened login page
[ 2024-04-24 14:46:29,306 ] 91 luthien5921 - INFO - Opened login page
[ 2024-04-24 14:46:33,236 ] 91 luthien5921 - INFO - Logging in
[ 2024-04-24 14:46:33,236 ] 91 luthien5921 - INFO - Logging in
[ 2024-04-24 14:46:33,236 ] 91 luthien5921 - INFO - Logging in
[ 2024-04-24 14:46:33,243 ] 91 luthien5921 - INFO - Current url: https://www.shinsei.e-aichi.jp/pref-aichi-police-u/offer/offerList_initDisplay
[ 2024-04-24 14:46:33,243 ] 91 luthien5921 - INFO - Current url: https://www.shinsei.e-aichi.jp/pref-aichi-police-u/offer/offerList_initDisplay
[ 2024-04-24 14:46:33,243 ] 91 luthien5921 - INFO - Current url: https://www.shinsei.e-aichi.jp/pref-aichi-police-u/offer/offerList_initDisplay
[ 2024-04-24 14:46:33,563 ] 91 luthien5921 - INFO - Logged in finished
[ 2024-04-24 14:46:33,563 ] 91 luthien5921 - INFO - Logged in finished
[ 2024-04-24 14:46:33,563 ] 91 luthien5921 - INFO - Logged in finished
[ 2024-04-24 14:46:33,819 ] 91 luthien5921 - INFO - On main page
[ 2024-04-24 14:46:33,819 ] 91 luthien5921 - INFO - On main page
[ 2024-04-24 14:46:33,819 ] 91 luthien5921 - INFO - On main page
[ 2024-04-24 14:46:35,233 ] 91 luthien5921 - INFO - Search submitted
[ 2024-04-24 14:46:35,233 ] 91 luthien5921 - INFO - Search submitted
[ 2024-04-24 14:46:35,233 ] 91 luthien5921 - INFO - Search submitted
[ 2024-04-24 14:46:35,255 ] 91 luthien5921 - INFO - Collected 2 forms
[ 2024-04-24 14:46:35,255 ] 91 luthien5921 - INFO - Collected 2 forms
[ 2024-04-24 14:46:35,255 ] 91 luthien5921 - INFO - Collected 2 forms
[ 2024-04-24 14:46:46,506 ] 91 luthien5921 - INFO - Opened login page
[ 2024-04-24 14:46:46,506 ] 91 luthien5921 - INFO - Opened login page
[ 2024-04-24 14:46:46,506 ] 91 luthien5921 - INFO - Opened login page
[ 2024-04-24 14:46:46,506 ] 91 luthien5921 - INFO - Opened login page
[ 2024-04-24 14:46:46,506 ] 91 luthien5921 - INFO - Opened login page
[ 2024-04-24 14:46:46,506 ] 91 luthien5921 - INFO - Opened login page
[ 2024-04-24 14:46:49,473 ] 91 luthien5921 - INFO - Logging in
[ 2024-04-24 14:46:49,473 ] 91 luthien5921 - INFO - Logging in
[ 2024-04-24 14:46:49,473 ] 91 luthien5921 - INFO - Logging in
[ 2024-04-24 14:46:49,473 ] 91 luthien5921 - INFO - Logging in
[ 2024-04-24 14:46:49,473 ] 91 luthien5921 - INFO - Logging in
[ 2024-04-24 14:46:49,473 ] 91 luthien5921 - INFO - Logging in
[ 2024-04-24 14:46:49,478 ] 91 luthien5921 - INFO - Current url: https://www.shinsei.e-aichi.jp/pref-aichi-police-u/offer/offerList_initDisplay
[ 2024-04-24 14:46:49,478 ] 91 luthien5921 - INFO - Current url: https://www.shinsei.e-aichi.jp/pref-aichi-police-u/offer/offerList_initDisplay
[ 2024-04-24 14:46:49,478 ] 91 luthien5921 - INFO - Current url: https://www.shinsei.e-aichi.jp/pref-aichi-police-u/offer/offerList_initDisplay
[ 2024-04-24 14:46:49,478 ] 91 luthien5921 - INFO - Current url: https://www.shinsei.e-aichi.jp/pref-aichi-police-u/offer/offerList_initDisplay
[ 2024-04-24 14:46:49,478 ] 91 luthien5921 - INFO - Current url: https://www.shinsei.e-aichi.jp/pref-aichi-police-u/offer/offerList_initDisplay
[ 2024-04-24 14:46:49,478 ] 91 luthien5921 - INFO - Current url: https://www.shinsei.e-aichi.jp/pref-aichi-police-u/offer/offerList_initDisplay
[ 2024-04-24 14:46:49,784 ] 91 luthien5921 - INFO - Logged in finished
[ 2024-04-24 14:46:49,784 ] 91 luthien5921 - INFO - Logged in finished
[ 2024-04-24 14:46:49,784 ] 91 luthien5921 - INFO - Logged in finished
[ 2024-04-24 14:46:49,784 ] 91 luthien5921 - INFO - Logged in finished
[ 2024-04-24 14:46:49,784 ] 91 luthien5921 - INFO - Logged in finished
[ 2024-04-24 14:46:49,784 ] 91 luthien5921 - INFO - Logged in finished
[ 2024-04-24 14:46:50,038 ] 91 luthien5921 - INFO - On main page
[ 2024-04-24 14:46:50,038 ] 91 luthien5921 - INFO - On main page
[ 2024-04-24 14:46:50,038 ] 91 luthien5921 - INFO - On main page
[ 2024-04-24 14:46:50,038 ] 91 luthien5921 - INFO - On main page
[ 2024-04-24 14:46:50,038 ] 91 luthien5921 - INFO - On main page
[ 2024-04-24 14:46:50,038 ] 91 luthien5921 - INFO - On main page
[ 2024-04-24 14:46:51,119 ] 91 luthien5921 - INFO - Search submitted
[ 2024-04-24 14:46:51,119 ] 91 luthien5921 - INFO - Search submitted
[ 2024-04-24 14:46:51,119 ] 91 luthien5921 - INFO - Search submitted
[ 2024-04-24 14:46:51,119 ] 91 luthien5921 - INFO - Search submitted
[ 2024-04-24 14:46:51,119 ] 91 luthien5921 - INFO - Search submitted
[ 2024-04-24 14:46:51,119 ] 91 luthien5921 - INFO - Search submitted
[ 2024-04-24 14:46:51,137 ] 91 luthien5921 - INFO - Collected 2 forms
[ 2024-04-24 14:46:51,137 ] 91 luthien5921 - INFO - Collected 2 forms
[ 2024-04-24 14:46:51,137 ] 91 luthien5921 - INFO - Collected 2 forms
[ 2024-04-24 14:46:51,137 ] 91 luthien5921 - INFO - Collected 2 forms
[ 2024-04-24 14:46:51,137 ] 91 luthien5921 - INFO - Collected 2 forms
[ 2024-04-24 14:46:51,137 ] 91 luthien5921 - INFO - Collected 2 forms
[ 2024-04-24 14:47:00,812 ] 91 luthien5921 - INFO - Opened login page
[ 2024-04-24 14:47:00,812 ] 91 luthien5921 - INFO - Opened login page
[ 2024-04-24 14:47:00,812 ] 91 luthien5921 - INFO - Opened login page
[ 2024-04-24 14:47:00,812 ] 91 luthien5921 - INFO - Opened login page
[ 2024-04-24 14:47:00,812 ] 91 luthien5921 - INFO - Opened login page
[ 2024-04-24 14:47:00,812 ] 91 luthien5921 - INFO - Opened login page
[ 2024-04-24 14:47:00,812 ] 91 luthien5921 - INFO - Opened login page
[ 2024-04-24 14:47:00,812 ] 91 luthien5921 - INFO - Opened login page
[ 2024-04-24 14:47:00,812 ] 91 luthien5921 - INFO - Opened login page
[ 2024-04-24 14:47:04,123 ] 91 luthien5921 - INFO - Logging in
[ 2024-04-24 14:47:04,123 ] 91 luthien5921 - INFO - Logging in
[ 2024-04-24 14:47:04,123 ] 91 luthien5921 - INFO - Logging in
[ 2024-04-24 14:47:04,123 ] 91 luthien5921 - INFO - Logging in
[ 2024-04-24 14:47:04,123 ] 91 luthien5921 - INFO - Logging in
[ 2024-04-24 14:47:04,123 ] 91 luthien5921 - INFO - Logging in
[ 2024-04-24 14:47:04,123 ] 91 luthien5921 - INFO - Logging in
[ 2024-04-24 14:47:04,123 ] 91 luthien5921 - INFO - Logging in
[ 2024-04-24 14:47:04,123 ] 91 luthien5921 - INFO - Logging in
[ 2024-04-24 14:47:04,128 ] 91 luthien5921 - INFO - Current url: https://www.shinsei.e-aichi.jp/pref-aichi-police-u/offer/offerList_initDisplay
[ 2024-04-24 14:47:04,128 ] 91 luthien5921 - INFO - Current url: https://www.shinsei.e-aichi.jp/pref-aichi-police-u/offer/offerList_initDisplay
[ 2024-04-24 14:47:04,128 ] 91 luthien5921 - INFO - Current url: https://www.shinsei.e-aichi.jp/pref-aichi-police-u/offer/offerList_initDisplay
[ 2024-04-24 14:47:04,128 ] 91 luthien5921 - INFO - Current url: https://www.shinsei.e-aichi.jp/pref-aichi-police-u/offer/offerList_initDisplay
[ 2024-04-24 14:47:04,128 ] 91 luthien5921 - INFO - Current url: https://www.shinsei.e-aichi.jp/pref-aichi-police-u/offer/offerList_initDisplay
[ 2024-04-24 14:47:04,128 ] 91 luthien5921 - INFO - Current url: https://www.shinsei.e-aichi.jp/pref-aichi-police-u/offer/offerList_initDisplay
[ 2024-04-24 14:47:04,128 ] 91 luthien5921 - INFO - Current url: https://www.shinsei.e-aichi.jp/pref-aichi-police-u/offer/offerList_initDisplay
[ 2024-04-24 14:47:04,128 ] 91 luthien5921 - INFO - Current url: https://www.shinsei.e-aichi.jp/pref-aichi-police-u/offer/offerList_initDisplay
[ 2024-04-24 14:47:04,128 ] 91 luthien5921 - INFO - Current url: https://www.shinsei.e-aichi.jp/pref-aichi-police-u/offer/offerList_initDisplay
[ 2024-04-24 14:47:04,435 ] 91 luthien5921 - INFO - Logged in finished
[ 2024-04-24 14:47:04,435 ] 91 luthien5921 - INFO - Logged in finished
[ 2024-04-24 14:47:04,435 ] 91 luthien5921 - INFO - Logged in finished
[ 2024-04-24 14:47:04,435 ] 91 luthien5921 - INFO - Logged in finished
[ 2024-04-24 14:47:04,435 ] 91 luthien5921 - INFO - Logged in finished
[ 2024-04-24 14:47:04,435 ] 91 luthien5921 - INFO - Logged in finished
[ 2024-04-24 14:47:04,435 ] 91 luthien5921 - INFO - Logged in finished
[ 2024-04-24 14:47:04,435 ] 91 luthien5921 - INFO - Logged in finished
[ 2024-04-24 14:47:04,435 ] 91 luthien5921 - INFO - Logged in finished
[ 2024-04-24 14:47:04,704 ] 91 luthien5921 - INFO - On main page
[ 2024-04-24 14:47:04,704 ] 91 luthien5921 - INFO - On main page
[ 2024-04-24 14:47:04,704 ] 91 luthien5921 - INFO - On main page
[ 2024-04-24 14:47:04,704 ] 91 luthien5921 - INFO - On main page
[ 2024-04-24 14:47:04,704 ] 91 luthien5921 - INFO - On main page
[ 2024-04-24 14:47:04,704 ] 91 luthien5921 - INFO - On main page
[ 2024-04-24 14:47:04,704 ] 91 luthien5921 - INFO - On main page
[ 2024-04-24 14:47:04,704 ] 91 luthien5921 - INFO - On main page
[ 2024-04-24 14:47:04,704 ] 91 luthien5921 - INFO - On main page
[ 2024-04-24 14:47:06,168 ] 91 luthien5921 - INFO - Search submitted
[ 2024-04-24 14:47:06,168 ] 91 luthien5921 - INFO - Search submitted
[ 2024-04-24 14:47:06,168 ] 91 luthien5921 - INFO - Search submitted
[ 2024-04-24 14:47:06,168 ] 91 luthien5921 - INFO - Search submitted
[ 2024-04-24 14:47:06,168 ] 91 luthien5921 - INFO - Search submitted
[ 2024-04-24 14:47:06,168 ] 91 luthien5921 - INFO - Search submitted
[ 2024-04-24 14:47:06,168 ] 91 luthien5921 - INFO - Search submitted
[ 2024-04-24 14:47:06,168 ] 91 luthien5921 - INFO - Search submitted
[ 2024-04-24 14:47:06,168 ] 91 luthien5921 - INFO - Search submitted
[ 2024-04-24 14:47:06,201 ] 91 luthien5921 - INFO - Collected 2 forms
[ 2024-04-24 14:47:06,201 ] 91 luthien5921 - INFO - Collected 2 forms
[ 2024-04-24 14:47:06,201 ] 91 luthien5921 - INFO - Collected 2 forms
[ 2024-04-24 14:47:06,201 ] 91 luthien5921 - INFO - Collected 2 forms
[ 2024-04-24 14:47:06,201 ] 91 luthien5921 - INFO - Collected 2 forms
[ 2024-04-24 14:47:06,201 ] 91 luthien5921 - INFO - Collected 2 forms
[ 2024-04-24 14:47:06,201 ] 91 luthien5921 - INFO - Collected 2 forms
[ 2024-04-24 14:47:06,201 ] 91 luthien5921 - INFO - Collected 2 forms
[ 2024-04-24 14:47:06,201 ] 91 luthien5921 - INFO - Collected 2 forms
[ 2024-04-24 14:47:16,116 ] 91 luthien5921 - INFO - Opened login page
[ 2024-04-24 14:47:16,116 ] 91 luthien5921 - INFO - Opened login page
[ 2024-04-24 14:47:16,116 ] 91 luthien5921 - INFO - Opened login page
[ 2024-04-24 14:47:16,116 ] 91 luthien5921 - INFO - Opened login page
[ 2024-04-24 14:47:16,116 ] 91 luthien5921 - INFO - Opened login page
[ 2024-04-24 14:47:16,116 ] 91 luthien5921 - INFO - Opened login page
[ 2024-04-24 14:47:16,116 ] 91 luthien5921 - INFO - Opened login page
[ 2024-04-24 14:47:16,116 ] 91 luthien5921 - INFO - Opened login page
[ 2024-04-24 14:47:16,116 ] 91 luthien5921 - INFO - Opened login page
[ 2024-04-24 14:47:16,116 ] 91 luthien5921 - INFO - Opened login page
[ 2024-04-24 14:47:16,116 ] 91 luthien5921 - INFO - Opened login page
[ 2024-04-24 14:47:16,116 ] 91 luthien5921 - INFO - Opened login page
[ 2024-04-24 14:47:19,163 ] 91 luthien5921 - INFO - Logging in
[ 2024-04-24 14:47:19,163 ] 91 luthien5921 - INFO - Logging in
[ 2024-04-24 14:47:19,163 ] 91 luthien5921 - INFO - Logging in
[ 2024-04-24 14:47:19,163 ] 91 luthien5921 - INFO - Logging in
[ 2024-04-24 14:47:19,163 ] 91 luthien5921 - INFO - Logging in
[ 2024-04-24 14:47:19,163 ] 91 luthien5921 - INFO - Logging in
[ 2024-04-24 14:47:19,163 ] 91 luthien5921 - INFO - Logging in
[ 2024-04-24 14:47:19,163 ] 91 luthien5921 - INFO - Logging in
[ 2024-04-24 14:47:19,163 ] 91 luthien5921 - INFO - Logging in
[ 2024-04-24 14:47:19,163 ] 91 luthien5921 - INFO - Logging in
[ 2024-04-24 14:47:19,163 ] 91 luthien5921 - INFO - Logging in
[ 2024-04-24 14:47:19,163 ] 91 luthien5921 - INFO - Logging in
[ 2024-04-24 14:47:19,169 ] 91 luthien5921 - INFO - Current url: https://www.shinsei.e-aichi.jp/pref-aichi-police-u/offer/offerList_initDisplay
[ 2024-04-24 14:47:19,169 ] 91 luthien5921 - INFO - Current url: https://www.shinsei.e-aichi.jp/pref-aichi-police-u/offer/offerList_initDisplay
[ 2024-04-24 14:47:19,169 ] 91 luthien5921 - INFO - Current url: https://www.shinsei.e-aichi.jp/pref-aichi-police-u/offer/offerList_initDisplay
[ 2024-04-24 14:47:19,169 ] 91 luthien5921 - INFO - Current url: https://www.shinsei.e-aichi.jp/pref-aichi-police-u/offer/offerList_initDisplay
[ 2024-04-24 14:47:19,169 ] 91 luthien5921 - INFO - Current url: https://www.shinsei.e-aichi.jp/pref-aichi-police-u/offer/offerList_initDisplay
[ 2024-04-24 14:47:19,169 ] 91 luthien5921 - INFO - Current url: https://www.shinsei.e-aichi.jp/pref-aichi-police-u/offer/offerList_initDisplay
[ 2024-04-24 14:47:19,169 ] 91 luthien5921 - INFO - Current url: https://www.shinsei.e-aichi.jp/pref-aichi-police-u/offer/offerList_initDisplay
[ 2024-04-24 14:47:19,169 ] 91 luthien5921 - INFO - Current url: https://www.shinsei.e-aichi.jp/pref-aichi-police-u/offer/offerList_initDisplay
[ 2024-04-24 14:47:19,169 ] 91 luthien5921 - INFO - Current url: https://www.shinsei.e-aichi.jp/pref-aichi-police-u/offer/offerList_initDisplay
[ 2024-04-24 14:47:19,169 ] 91 luthien5921 - INFO - Current url: https://www.shinsei.e-aichi.jp/pref-aichi-police-u/offer/offerList_initDisplay
[ 2024-04-24 14:47:19,169 ] 91 luthien5921 - INFO - Current url: https://www.shinsei.e-aichi.jp/pref-aichi-police-u/offer/offerList_initDisplay
[ 2024-04-24 14:47:19,169 ] 91 luthien5921 - INFO - Current url: https://www.shinsei.e-aichi.jp/pref-aichi-police-u/offer/offerList_initDisplay
[ 2024-04-24 14:47:19,484 ] 91 luthien5921 - INFO - Logged in finished
[ 2024-04-24 14:47:19,484 ] 91 luthien5921 - INFO - Logged in finished
[ 2024-04-24 14:47:19,484 ] 91 luthien5921 - INFO - Logged in finished
[ 2024-04-24 14:47:19,484 ] 91 luthien5921 - INFO - Logged in finished
[ 2024-04-24 14:47:19,484 ] 91 luthien5921 - INFO - Logged in finished
[ 2024-04-24 14:47:19,484 ] 91 luthien5921 - INFO - Logged in finished
[ 2024-04-24 14:47:19,484 ] 91 luthien5921 - INFO - Logged in finished
[ 2024-04-24 14:47:19,484 ] 91 luthien5921 - INFO - Logged in finished
[ 2024-04-24 14:47:19,484 ] 91 luthien5921 - INFO - Logged in finished
[ 2024-04-24 14:47:19,484 ] 91 luthien5921 - INFO - Logged in finished
[ 2024-04-24 14:47:19,484 ] 91 luthien5921 - INFO - Logged in finished
[ 2024-04-24 14:47:19,484 ] 91 luthien5921 - INFO - Logged in finished
[ 2024-04-24 14:47:19,803 ] 91 luthien5921 - INFO - On main page
[ 2024-04-24 14:47:19,803 ] 91 luthien5921 - INFO - On main page
[ 2024-04-24 14:47:19,803 ] 91 luthien5921 - INFO - On main page
[ 2024-04-24 14:47:19,803 ] 91 luthien5921 - INFO - On main page
[ 2024-04-24 14:47:19,803 ] 91 luthien5921 - INFO - On main page
[ 2024-04-24 14:47:19,803 ] 91 luthien5921 - INFO - On main page
[ 2024-04-24 14:47:19,803 ] 91 luthien5921 - INFO - On main page
[ 2024-04-24 14:47:19,803 ] 91 luthien5921 - INFO - On main page
[ 2024-04-24 14:47:19,803 ] 91 luthien5921 - INFO - On main page
[ 2024-04-24 14:47:19,803 ] 91 luthien5921 - INFO - On main page
[ 2024-04-24 14:47:19,803 ] 91 luthien5921 - INFO - On main page
[ 2024-04-24 14:47:19,803 ] 91 luthien5921 - INFO - On main page
[ 2024-04-24 14:47:21,100 ] 91 luthien5921 - INFO - Search submitted
[ 2024-04-24 14:47:21,100 ] 91 luthien5921 - INFO - Search submitted
[ 2024-04-24 14:47:21,100 ] 91 luthien5921 - INFO - Search submitted
[ 2024-04-24 14:47:21,100 ] 91 luthien5921 - INFO - Search submitted
[ 2024-04-24 14:47:21,100 ] 91 luthien5921 - INFO - Search submitted
[ 2024-04-24 14:47:21,100 ] 91 luthien5921 - INFO - Search submitted
[ 2024-04-24 14:47:21,100 ] 91 luthien5921 - INFO - Search submitted
[ 2024-04-24 14:47:21,100 ] 91 luthien5921 - INFO - Search submitted
[ 2024-04-24 14:47:21,100 ] 91 luthien5921 - INFO - Search submitted
[ 2024-04-24 14:47:21,100 ] 91 luthien5921 - INFO - Search submitted
[ 2024-04-24 14:47:21,100 ] 91 luthien5921 - INFO - Search submitted
[ 2024-04-24 14:47:21,100 ] 91 luthien5921 - INFO - Search submitted
[ 2024-04-24 14:47:21,118 ] 91 luthien5921 - INFO - Collected 2 forms
[ 2024-04-24 14:47:21,118 ] 91 luthien5921 - INFO - Collected 2 forms
[ 2024-04-24 14:47:21,118 ] 91 luthien5921 - INFO - Collected 2 forms
[ 2024-04-24 14:47:21,118 ] 91 luthien5921 - INFO - Collected 2 forms
[ 2024-04-24 14:47:21,118 ] 91 luthien5921 - INFO - Collected 2 forms
[ 2024-04-24 14:47:21,118 ] 91 luthien5921 - INFO - Collected 2 forms
[ 2024-04-24 14:47:21,118 ] 91 luthien5921 - INFO - Collected 2 forms
[ 2024-04-24 14:47:21,118 ] 91 luthien5921 - INFO - Collected 2 forms
[ 2024-04-24 14:47:21,118 ] 91 luthien5921 - INFO - Collected 2 forms
[ 2024-04-24 14:47:21,118 ] 91 luthien5921 - INFO - Collected 2 forms
[ 2024-04-24 14:47:21,118 ] 91 luthien5921 - INFO - Collected 2 forms
[ 2024-04-24 14:47:21,118 ] 91 luthien5921 - INFO - Collected 2 forms
[ 2024-04-24 14:47:30,848 ] 91 luthien5921 - INFO - Opened login page
[ 2024-04-24 14:47:30,848 ] 91 luthien5921 - INFO - Opened login page
[ 2024-04-24 14:47:30,848 ] 91 luthien5921 - INFO - Opened login page
[ 2024-04-24 14:47:30,848 ] 91 luthien5921 - INFO - Opened login page
[ 2024-04-24 14:47:30,848 ] 91 luthien5921 - INFO - Opened login page
[ 2024-04-24 14:47:30,848 ] 91 luthien5921 - INFO - Opened login page
[ 2024-04-24 14:47:30,848 ] 91 luthien5921 - INFO - Opened login page
[ 2024-04-24 14:47:30,848 ] 91 luthien5921 - INFO - Opened login page
[ 2024-04-24 14:47:30,848 ] 91 luthien5921 - INFO - Opened login page
[ 2024-04-24 14:47:30,848 ] 91 luthien5921 - INFO - Opened login page
[ 2024-04-24 14:47:30,848 ] 91 luthien5921 - INFO - Opened login page
[ 2024-04-24 14:47:30,848 ] 91 luthien5921 - INFO - Opened login page
[ 2024-04-24 14:47:30,848 ] 91 luthien5921 - INFO - Opened login page
[ 2024-04-24 14:47:30,848 ] 91 luthien5921 - INFO - Opened login page
[ 2024-04-24 14:47:30,848 ] 91 luthien5921 - INFO - Opened login page
[ 2024-04-24 14:47:34,741 ] 91 luthien5921 - INFO - Logging in
[ 2024-04-24 14:47:34,741 ] 91 luthien5921 - INFO - Logging in
[ 2024-04-24 14:47:34,741 ] 91 luthien5921 - INFO - Logging in
[ 2024-04-24 14:47:34,741 ] 91 luthien5921 - INFO - Logging in
[ 2024-04-24 14:47:34,741 ] 91 luthien5921 - INFO - Logging in
[ 2024-04-24 14:47:34,741 ] 91 luthien5921 - INFO - Logging in
[ 2024-04-24 14:47:34,741 ] 91 luthien5921 - INFO - Logging in
[ 2024-04-24 14:47:34,741 ] 91 luthien5921 - INFO - Logging in
[ 2024-04-24 14:47:34,741 ] 91 luthien5921 - INFO - Logging in
[ 2024-04-24 14:47:34,741 ] 91 luthien5921 - INFO - Logging in
[ 2024-04-24 14:47:34,741 ] 91 luthien5921 - INFO - Logging in
[ 2024-04-24 14:47:34,741 ] 91 luthien5921 - INFO - Logging in
[ 2024-04-24 14:47:34,741 ] 91 luthien5921 - INFO - Logging in
[ 2024-04-24 14:47:34,741 ] 91 luthien5921 - INFO - Logging in
[ 2024-04-24 14:47:34,741 ] 91 luthien5921 - INFO - Logging in
[ 2024-04-24 14:47:34,746 ] 91 luthien5921 - INFO - Current url: https://www.shinsei.e-aichi.jp/pref-aichi-police-u/offer/offerList_initDisplay
[ 2024-04-24 14:47:34,746 ] 91 luthien5921 - INFO - Current url: https://www.shinsei.e-aichi.jp/pref-aichi-police-u/offer/offerList_initDisplay
[ 2024-04-24 14:47:34,746 ] 91 luthien5921 - INFO - Current url: https://www.shinsei.e-aichi.jp/pref-aichi-police-u/offer/offerList_initDisplay
[ 2024-04-24 14:47:34,746 ] 91 luthien5921 - INFO - Current url: https://www.shinsei.e-aichi.jp/pref-aichi-police-u/offer/offerList_initDisplay
[ 2024-04-24 14:47:34,746 ] 91 luthien5921 - INFO - Current url: https://www.shinsei.e-aichi.jp/pref-aichi-police-u/offer/offerList_initDisplay
[ 2024-04-24 14:47:34,746 ] 91 luthien5921 - INFO - Current url: https://www.shinsei.e-aichi.jp/pref-aichi-police-u/offer/offerList_initDisplay
[ 2024-04-24 14:47:34,746 ] 91 luthien5921 - INFO - Current url: https://www.shinsei.e-aichi.jp/pref-aichi-police-u/offer/offerList_initDisplay
[ 2024-04-24 14:47:34,746 ] 91 luthien5921 - INFO - Current url: https://www.shinsei.e-aichi.jp/pref-aichi-police-u/offer/offerList_initDisplay
[ 2024-04-24 14:47:34,746 ] 91 luthien5921 - INFO - Current url: https://www.shinsei.e-aichi.jp/pref-aichi-police-u/offer/offerList_initDisplay
[ 2024-04-24 14:47:34,746 ] 91 luthien5921 - INFO - Current url: https://www.shinsei.e-aichi.jp/pref-aichi-police-u/offer/offerList_initDisplay
[ 2024-04-24 14:47:34,746 ] 91 luthien5921 - INFO - Current url: https://www.shinsei.e-aichi.jp/pref-aichi-police-u/offer/offerList_initDisplay
[ 2024-04-24 14:47:34,746 ] 91 luthien5921 - INFO - Current url: https://www.shinsei.e-aichi.jp/pref-aichi-police-u/offer/offerList_initDisplay
[ 2024-04-24 14:47:34,746 ] 91 luthien5921 - INFO - Current url: https://www.shinsei.e-aichi.jp/pref-aichi-police-u/offer/offerList_initDisplay
[ 2024-04-24 14:47:34,746 ] 91 luthien5921 - INFO - Current url: https://www.shinsei.e-aichi.jp/pref-aichi-police-u/offer/offerList_initDisplay
[ 2024-04-24 14:47:34,746 ] 91 luthien5921 - INFO - Current url: https://www.shinsei.e-aichi.jp/pref-aichi-police-u/offer/offerList_initDisplay
[ 2024-04-24 14:47:35,066 ] 91 luthien5921 - INFO - Logged in finished
[ 2024-04-24 14:47:35,066 ] 91 luthien5921 - INFO - Logged in finished
[ 2024-04-24 14:47:35,066 ] 91 luthien5921 - INFO - Logged in finished
[ 2024-04-24 14:47:35,066 ] 91 luthien5921 - INFO - Logged in finished
[ 2024-04-24 14:47:35,066 ] 91 luthien5921 - INFO - Logged in finished
[ 2024-04-24 14:47:35,066 ] 91 luthien5921 - INFO - Logged in finished
[ 2024-04-24 14:47:35,066 ] 91 luthien5921 - INFO - Logged in finished
[ 2024-04-24 14:47:35,066 ] 91 luthien5921 - INFO - Logged in finished
[ 2024-04-24 14:47:35,066 ] 91 luthien5921 - INFO - Logged in finished
[ 2024-04-24 14:47:35,066 ] 91 luthien5921 - INFO - Logged in finished
[ 2024-04-24 14:47:35,066 ] 91 luthien5921 - INFO - Logged in finished
[ 2024-04-24 14:47:35,066 ] 91 luthien5921 - INFO - Logged in finished
[ 2024-04-24 14:47:35,066 ] 91 luthien5921 - INFO - Logged in finished
[ 2024-04-24 14:47:35,066 ] 91 luthien5921 - INFO - Logged in finished
[ 2024-04-24 14:47:35,066 ] 91 luthien5921 - INFO - Logged in finished
[ 2024-04-24 14:47:35,339 ] 91 luthien5921 - INFO - On main page
[ 2024-04-24 14:47:35,339 ] 91 luthien5921 - INFO - On main page
[ 2024-04-24 14:47:35,339 ] 91 luthien5921 - INFO - On main page
[ 2024-04-24 14:47:35,339 ] 91 luthien5921 - INFO - On main page
[ 2024-04-24 14:47:35,339 ] 91 luthien5921 - INFO - On main page
[ 2024-04-24 14:47:35,339 ] 91 luthien5921 - INFO - On main page
[ 2024-04-24 14:47:35,339 ] 91 luthien5921 - INFO - On main page
[ 2024-04-24 14:47:35,339 ] 91 luthien5921 - INFO - On main page
[ 2024-04-24 14:47:35,339 ] 91 luthien5921 - INFO - On main page
[ 2024-04-24 14:47:35,339 ] 91 luthien5921 - INFO - On main page
[ 2024-04-24 14:47:35,339 ] 91 luthien5921 - INFO - On main page
[ 2024-04-24 14:47:35,339 ] 91 luthien5921 - INFO - On main page
[ 2024-04-24 14:47:35,339 ] 91 luthien5921 - INFO - On main page
[ 2024-04-24 14:47:35,339 ] 91 luthien5921 - INFO - On main page
[ 2024-04-24 14:47:35,339 ] 91 luthien5921 - INFO - On main page
[ 2024-04-24 14:47:37,375 ] 91 luthien5921 - INFO - Search submitted
[ 2024-04-24 14:47:37,375 ] 91 luthien5921 - INFO - Search submitted
[ 2024-04-24 14:47:37,375 ] 91 luthien5921 - INFO - Search submitted
[ 2024-04-24 14:47:37,375 ] 91 luthien5921 - INFO - Search submitted
[ 2024-04-24 14:47:37,375 ] 91 luthien5921 - INFO - Search submitted
[ 2024-04-24 14:47:37,375 ] 91 luthien5921 - INFO - Search submitted
[ 2024-04-24 14:47:37,375 ] 91 luthien5921 - INFO - Search submitted
[ 2024-04-24 14:47:37,375 ] 91 luthien5921 - INFO - Search submitted
[ 2024-04-24 14:47:37,375 ] 91 luthien5921 - INFO - Search submitted
[ 2024-04-24 14:47:37,375 ] 91 luthien5921 - INFO - Search submitted
[ 2024-04-24 14:47:37,375 ] 91 luthien5921 - INFO - Search submitted
[ 2024-04-24 14:47:37,375 ] 91 luthien5921 - INFO - Search submitted
[ 2024-04-24 14:47:37,375 ] 91 luthien5921 - INFO - Search submitted
[ 2024-04-24 14:47:37,375 ] 91 luthien5921 - INFO - Search submitted
[ 2024-04-24 14:47:37,375 ] 91 luthien5921 - INFO - Search submitted
[ 2024-04-24 14:47:37,391 ] 91 luthien5921 - INFO - Collected 2 forms
[ 2024-04-24 14:47:37,391 ] 91 luthien5921 - INFO - Collected 2 forms
[ 2024-04-24 14:47:37,391 ] 91 luthien5921 - INFO - Collected 2 forms
[ 2024-04-24 14:47:37,391 ] 91 luthien5921 - INFO - Collected 2 forms
[ 2024-04-24 14:47:37,391 ] 91 luthien5921 - INFO - Collected 2 forms
[ 2024-04-24 14:47:37,391 ] 91 luthien5921 - INFO - Collected 2 forms
[ 2024-04-24 14:47:37,391 ] 91 luthien5921 - INFO - Collected 2 forms
[ 2024-04-24 14:47:37,391 ] 91 luthien5921 - INFO - Collected 2 forms
[ 2024-04-24 14:47:37,391 ] 91 luthien5921 - INFO - Collected 2 forms
[ 2024-04-24 14:47:37,391 ] 91 luthien5921 - INFO - Collected 2 forms
[ 2024-04-24 14:47:37,391 ] 91 luthien5921 - INFO - Collected 2 forms
[ 2024-04-24 14:47:37,391 ] 91 luthien5921 - INFO - Collected 2 forms
[ 2024-04-24 14:47:37,391 ] 91 luthien5921 - INFO - Collected 2 forms
[ 2024-04-24 14:47:37,391 ] 91 luthien5921 - INFO - Collected 2 forms
[ 2024-04-24 14:47:37,391 ] 91 luthien5921 - INFO - Collected 2 forms
[ 2024-04-24 14:47:47,181 ] 91 luthien5921 - INFO - Opened login page
[ 2024-04-24 14:47:47,181 ] 91 luthien5921 - INFO - Opened login page
[ 2024-04-24 14:47:47,181 ] 91 luthien5921 - INFO - Opened login page
[ 2024-04-24 14:47:47,181 ] 91 luthien5921 - INFO - Opened login page
[ 2024-04-24 14:47:47,181 ] 91 luthien5921 - INFO - Opened login page
[ 2024-04-24 14:47:47,181 ] 91 luthien5921 - INFO - Opened login page
[ 2024-04-24 14:47:47,181 ] 91 luthien5921 - INFO - Opened login page
[ 2024-04-24 14:47:47,181 ] 91 luthien5921 - INFO - Opened login page
[ 2024-04-24 14:47:47,181 ] 91 luthien5921 - INFO - Opened login page
[ 2024-04-24 14:47:47,181 ] 91 luthien5921 - INFO - Opened login page
[ 2024-04-24 14:47:47,181 ] 91 luthien5921 - INFO - Opened login page
[ 2024-04-24 14:47:47,181 ] 91 luthien5921 - INFO - Opened login page
[ 2024-04-24 14:47:47,181 ] 91 luthien5921 - INFO - Opened login page
[ 2024-04-24 14:47:47,181 ] 91 luthien5921 - INFO - Opened login page
[ 2024-04-24 14:47:47,181 ] 91 luthien5921 - INFO - Opened login page
[ 2024-04-24 14:47:47,181 ] 91 luthien5921 - INFO - Opened login page
[ 2024-04-24 14:47:47,181 ] 91 luthien5921 - INFO - Opened login page
[ 2024-04-24 14:47:47,181 ] 91 luthien5921 - INFO - Opened login page
[ 2024-04-24 14:47:51,803 ] 91 luthien5921 - INFO - Logging in
[ 2024-04-24 14:47:51,803 ] 91 luthien5921 - INFO - Logging in
[ 2024-04-24 14:47:51,803 ] 91 luthien5921 - INFO - Logging in
[ 2024-04-24 14:47:51,803 ] 91 luthien5921 - INFO - Logging in
[ 2024-04-24 14:47:51,803 ] 91 luthien5921 - INFO - Logging in
[ 2024-04-24 14:47:51,803 ] 91 luthien5921 - INFO - Logging in
[ 2024-04-24 14:47:51,803 ] 91 luthien5921 - INFO - Logging in
[ 2024-04-24 14:47:51,803 ] 91 luthien5921 - INFO - Logging in
[ 2024-04-24 14:47:51,803 ] 91 luthien5921 - INFO - Logging in
[ 2024-04-24 14:47:51,803 ] 91 luthien5921 - INFO - Logging in
[ 2024-04-24 14:47:51,803 ] 91 luthien5921 - INFO - Logging in
[ 2024-04-24 14:47:51,803 ] 91 luthien5921 - INFO - Logging in
[ 2024-04-24 14:47:51,803 ] 91 luthien5921 - INFO - Logging in
[ 2024-04-24 14:47:51,803 ] 91 luthien5921 - INFO - Logging in
[ 2024-04-24 14:47:51,803 ] 91 luthien5921 - INFO - Logging in
[ 2024-04-24 14:47:51,803 ] 91 luthien5921 - INFO - Logging in
[ 2024-04-24 14:47:51,803 ] 91 luthien5921 - INFO - Logging in
[ 2024-04-24 14:47:51,803 ] 91 luthien5921 - INFO - Logging in
[ 2024-04-24 14:47:51,822 ] 91 luthien5921 - INFO - Current url: https://www.shinsei.e-aichi.jp/pref-aichi-police-u/offer/offerList_initDisplay
[ 2024-04-24 14:47:51,822 ] 91 luthien5921 - INFO - Current url: https://www.shinsei.e-aichi.jp/pref-aichi-police-u/offer/offerList_initDisplay
[ 2024-04-24 14:47:51,822 ] 91 luthien5921 - INFO - Current url: https://www.shinsei.e-aichi.jp/pref-aichi-police-u/offer/offerList_initDisplay
[ 2024-04-24 14:47:51,822 ] 91 luthien5921 - INFO - Current url: https://www.shinsei.e-aichi.jp/pref-aichi-police-u/offer/offerList_initDisplay
[ 2024-04-24 14:47:51,822 ] 91 luthien5921 - INFO - Current url: https://www.shinsei.e-aichi.jp/pref-aichi-police-u/offer/offerList_initDisplay
[ 2024-04-24 14:47:51,822 ] 91 luthien5921 - INFO - Current url: https://www.shinsei.e-aichi.jp/pref-aichi-police-u/offer/offerList_initDisplay
[ 2024-04-24 14:47:51,822 ] 91 luthien5921 - INFO - Current url: https://www.shinsei.e-aichi.jp/pref-aichi-police-u/offer/offerList_initDisplay
[ 2024-04-24 14:47:51,822 ] 91 luthien5921 - INFO - Current url: https://www.shinsei.e-aichi.jp/pref-aichi-police-u/offer/offerList_initDisplay
[ 2024-04-24 14:47:51,822 ] 91 luthien5921 - INFO - Current url: https://www.shinsei.e-aichi.jp/pref-aichi-police-u/offer/offerList_initDisplay
[ 2024-04-24 14:47:51,822 ] 91 luthien5921 - INFO - Current url: https://www.shinsei.e-aichi.jp/pref-aichi-police-u/offer/offerList_initDisplay
[ 2024-04-24 14:47:51,822 ] 91 luthien5921 - INFO - Current url: https://www.shinsei.e-aichi.jp/pref-aichi-police-u/offer/offerList_initDisplay
[ 2024-04-24 14:47:51,822 ] 91 luthien5921 - INFO - Current url: https://www.shinsei.e-aichi.jp/pref-aichi-police-u/offer/offerList_initDisplay
[ 2024-04-24 14:47:51,822 ] 91 luthien5921 - INFO - Current url: https://www.shinsei.e-aichi.jp/pref-aichi-police-u/offer/offerList_initDisplay
[ 2024-04-24 14:47:51,822 ] 91 luthien5921 - INFO - Current url: https://www.shinsei.e-aichi.jp/pref-aichi-police-u/offer/offerList_initDisplay
[ 2024-04-24 14:47:51,822 ] 91 luthien5921 - INFO - Current url: https://www.shinsei.e-aichi.jp/pref-aichi-police-u/offer/offerList_initDisplay
[ 2024-04-24 14:47:51,822 ] 91 luthien5921 - INFO - Current url: https://www.shinsei.e-aichi.jp/pref-aichi-police-u/offer/offerList_initDisplay
[ 2024-04-24 14:47:51,822 ] 91 luthien5921 - INFO - Current url: https://www.shinsei.e-aichi.jp/pref-aichi-police-u/offer/offerList_initDisplay
[ 2024-04-24 14:47:51,822 ] 91 luthien5921 - INFO - Current url: https://www.shinsei.e-aichi.jp/pref-aichi-police-u/offer/offerList_initDisplay
[ 2024-04-24 14:47:52,134 ] 91 luthien5921 - INFO - Logged in finished
[ 2024-04-24 14:47:52,134 ] 91 luthien5921 - INFO - Logged in finished
[ 2024-04-24 14:47:52,134 ] 91 luthien5921 - INFO - Logged in finished
[ 2024-04-24 14:47:52,134 ] 91 luthien5921 - INFO - Logged in finished
[ 2024-04-24 14:47:52,134 ] 91 luthien5921 - INFO - Logged in finished
[ 2024-04-24 14:47:52,134 ] 91 luthien5921 - INFO - Logged in finished
[ 2024-04-24 14:47:52,134 ] 91 luthien5921 - INFO - Logged in finished
[ 2024-04-24 14:47:52,134 ] 91 luthien5921 - INFO - Logged in finished
[ 2024-04-24 14:47:52,134 ] 91 luthien5921 - INFO - Logged in finished
[ 2024-04-24 14:47:52,134 ] 91 luthien5921 - INFO - Logged in finished
[ 2024-04-24 14:47:52,134 ] 91 luthien5921 - INFO - Logged in finished
[ 2024-04-24 14:47:52,134 ] 91 luthien5921 - INFO - Logged in finished
[ 2024-04-24 14:47:52,134 ] 91 luthien5921 - INFO - Logged in finished
[ 2024-04-24 14:47:52,134 ] 91 luthien5921 - INFO - Logged in finished
[ 2024-04-24 14:47:52,134 ] 91 luthien5921 - INFO - Logged in finished
[ 2024-04-24 14:47:52,134 ] 91 luthien5921 - INFO - Logged in finished
[ 2024-04-24 14:47:52,134 ] 91 luthien5921 - INFO - Logged in finished
[ 2024-04-24 14:47:52,134 ] 91 luthien5921 - INFO - Logged in finished
[ 2024-04-24 14:47:52,440 ] 91 luthien5921 - INFO - On main page
[ 2024-04-24 14:47:52,440 ] 91 luthien5921 - INFO - On main page
[ 2024-04-24 14:47:52,440 ] 91 luthien5921 - INFO - On main page
[ 2024-04-24 14:47:52,440 ] 91 luthien5921 - INFO - On main page
[ 2024-04-24 14:47:52,440 ] 91 luthien5921 - INFO - On main page
[ 2024-04-24 14:47:52,440 ] 91 luthien5921 - INFO - On main page
[ 2024-04-24 14:47:52,440 ] 91 luthien5921 - INFO - On main page
[ 2024-04-24 14:47:52,440 ] 91 luthien5921 - INFO - On main page
[ 2024-04-24 14:47:52,440 ] 91 luthien5921 - INFO - On main page
[ 2024-04-24 14:47:52,440 ] 91 luthien5921 - INFO - On main page
[ 2024-04-24 14:47:52,440 ] 91 luthien5921 - INFO - On main page
[ 2024-04-24 14:47:52,440 ] 91 luthien5921 - INFO - On main page
[ 2024-04-24 14:47:52,440 ] 91 luthien5921 - INFO - On main page
[ 2024-04-24 14:47:52,440 ] 91 luthien5921 - INFO - On main page
[ 2024-04-24 14:47:52,440 ] 91 luthien5921 - INFO - On main page
[ 2024-04-24 14:47:52,440 ] 91 luthien5921 - INFO - On main page
[ 2024-04-24 14:47:52,440 ] 91 luthien5921 - INFO - On main page
[ 2024-04-24 14:47:52,440 ] 91 luthien5921 - INFO - On main page
[ 2024-04-24 14:47:54,648 ] 91 luthien5921 - INFO - Search submitted
[ 2024-04-24 14:47:54,648 ] 91 luthien5921 - INFO - Search submitted
[ 2024-04-24 14:47:54,648 ] 91 luthien5921 - INFO - Search submitted
[ 2024-04-24 14:47:54,648 ] 91 luthien5921 - INFO - Search submitted
[ 2024-04-24 14:47:54,648 ] 91 luthien5921 - INFO - Search submitted
[ 2024-04-24 14:47:54,648 ] 91 luthien5921 - INFO - Search submitted
[ 2024-04-24 14:47:54,648 ] 91 luthien5921 - INFO - Search submitted
[ 2024-04-24 14:47:54,648 ] 91 luthien5921 - INFO - Search submitted
[ 2024-04-24 14:47:54,648 ] 91 luthien5921 - INFO - Search submitted
[ 2024-04-24 14:47:54,648 ] 91 luthien5921 - INFO - Search submitted
[ 2024-04-24 14:47:54,648 ] 91 luthien5921 - INFO - Search submitted
[ 2024-04-24 14:47:54,648 ] 91 luthien5921 - INFO - Search submitted
[ 2024-04-24 14:47:54,648 ] 91 luthien5921 - INFO - Search submitted
[ 2024-04-24 14:47:54,648 ] 91 luthien5921 - INFO - Search submitted
[ 2024-04-24 14:47:54,648 ] 91 luthien5921 - INFO - Search submitted
[ 2024-04-24 14:47:54,648 ] 91 luthien5921 - INFO - Search submitted
[ 2024-04-24 14:47:54,648 ] 91 luthien5921 - INFO - Search submitted
[ 2024-04-24 14:47:54,648 ] 91 luthien5921 - INFO - Search submitted
[ 2024-04-24 14:47:54,665 ] 91 luthien5921 - INFO - Collected 2 forms
[ 2024-04-24 14:47:54,665 ] 91 luthien5921 - INFO - Collected 2 forms
[ 2024-04-24 14:47:54,665 ] 91 luthien5921 - INFO - Collected 2 forms
[ 2024-04-24 14:47:54,665 ] 91 luthien5921 - INFO - Collected 2 forms
[ 2024-04-24 14:47:54,665 ] 91 luthien5921 - INFO - Collected 2 forms
[ 2024-04-24 14:47:54,665 ] 91 luthien5921 - INFO - Collected 2 forms
[ 2024-04-24 14:47:54,665 ] 91 luthien5921 - INFO - Collected 2 forms
[ 2024-04-24 14:47:54,665 ] 91 luthien5921 - INFO - Collected 2 forms
[ 2024-04-24 14:47:54,665 ] 91 luthien5921 - INFO - Collected 2 forms
[ 2024-04-24 14:47:54,665 ] 91 luthien5921 - INFO - Collected 2 forms
[ 2024-04-24 14:47:54,665 ] 91 luthien5921 - INFO - Collected 2 forms
[ 2024-04-24 14:47:54,665 ] 91 luthien5921 - INFO - Collected 2 forms
[ 2024-04-24 14:47:54,665 ] 91 luthien5921 - INFO - Collected 2 forms
[ 2024-04-24 14:47:54,665 ] 91 luthien5921 - INFO - Collected 2 forms
[ 2024-04-24 14:47:54,665 ] 91 luthien5921 - INFO - Collected 2 forms
[ 2024-04-24 14:47:54,665 ] 91 luthien5921 - INFO - Collected 2 forms
[ 2024-04-24 14:47:54,665 ] 91 luthien5921 - INFO - Collected 2 forms
[ 2024-04-24 14:47:54,665 ] 91 luthien5921 - INFO - Collected 2 forms
