[ 2024-04-16 05:25:26,361 ] 94 marjyamada040493 - INFO - Opened login page
[ 2024-04-16 05:25:26,361 ] 94 marjyamada040493 - INFO - Opened login page
[ 2024-04-16 05:25:26,361 ] 94 marjyamada040493 - INFO - Opened login page
[ 2024-04-16 05:25:29,660 ] 94 marjyamada040493 - INFO - Logging in
[ 2024-04-16 05:25:29,660 ] 94 marjyamada040493 - INFO - Logging in
[ 2024-04-16 05:25:29,660 ] 94 marjyamada040493 - INFO - Logging in
[ 2024-04-16 05:25:29,664 ] 94 marjyamada040493 - INFO - Current url: https://www.shinsei.e-aichi.jp/pref-aichi-police-u/offer/offerList_initDisplay
[ 2024-04-16 05:25:29,664 ] 94 marjyamada040493 - INFO - Current url: https://www.shinsei.e-aichi.jp/pref-aichi-police-u/offer/offerList_initDisplay
[ 2024-04-16 05:25:29,664 ] 94 marjyamada040493 - INFO - Current url: https://www.shinsei.e-aichi.jp/pref-aichi-police-u/offer/offerList_initDisplay
[ 2024-04-16 05:25:29,981 ] 94 marjyamada040493 - INFO - Logged in finished
[ 2024-04-16 05:25:29,981 ] 94 marjyamada040493 - INFO - Logged in finished
[ 2024-04-16 05:25:29,981 ] 94 marjyamada040493 - INFO - Logged in finished
[ 2024-04-16 05:25:30,143 ] 94 marjyamada040493 - INFO - On main page
[ 2024-04-16 05:25:30,143 ] 94 marjyamada040493 - INFO - On main page
[ 2024-04-16 05:25:30,143 ] 94 marjyamada040493 - INFO - On main page
[ 2024-04-16 05:25:31,898 ] 94 marjyamada040493 - INFO - Search submitted
[ 2024-04-16 05:25:31,898 ] 94 marjyamada040493 - INFO - Search submitted
[ 2024-04-16 05:25:31,898 ] 94 marjyamada040493 - INFO - Search submitted
[ 2024-04-16 05:25:31,920 ] 94 marjyamada040493 - INFO - Collected 20 forms
[ 2024-04-16 05:25:31,920 ] 94 marjyamada040493 - INFO - Collected 20 forms
[ 2024-04-16 05:25:31,920 ] 94 marjyamada040493 - INFO - Collected 20 forms
[ 2024-04-16 05:25:31,967 ] 94 marjyamada040493 - INFO - Parsed data: title: ＜05月01日(水) 08:45～09:30＞[平針]外国免許切替審査 Hirabari Exchanging Foreign Driver's License, status: None, start_date: 2024年04月17日 07時30分, end_date: 2024年04月26日 12時00分, template_seq: 96088
[ 2024-04-16 05:25:31,967 ] 94 marjyamada040493 - INFO - Parsed data: title: ＜05月01日(水) 08:45～09:30＞[平針]外国免許切替審査 Hirabari Exchanging Foreign Driver's License, status: None, start_date: 2024年04月17日 07時30分, end_date: 2024年04月26日 12時00分, template_seq: 96088
[ 2024-04-16 05:25:31,967 ] 94 marjyamada040493 - INFO - Parsed data: title: ＜05月01日(水) 08:45～09:30＞[平針]外国免許切替審査 Hirabari Exchanging Foreign Driver's License, status: None, start_date: 2024年04月17日 07時30分, end_date: 2024年04月26日 12時00分, template_seq: 96088
[ 2024-04-16 05:25:32,003 ] 94 marjyamada040493 - INFO - Parsed data: title: ＜05月01日(水) 09:30～10:30＞[平針]外国免許切替審査 Hirabari Exchanging Foreign Driver's License, status: None, start_date: 2024年04月17日 07時30分, end_date: 2024年04月26日 12時00分, template_seq: 96089
[ 2024-04-16 05:25:32,003 ] 94 marjyamada040493 - INFO - Parsed data: title: ＜05月01日(水) 09:30～10:30＞[平針]外国免許切替審査 Hirabari Exchanging Foreign Driver's License, status: None, start_date: 2024年04月17日 07時30分, end_date: 2024年04月26日 12時00分, template_seq: 96089
[ 2024-04-16 05:25:32,003 ] 94 marjyamada040493 - INFO - Parsed data: title: ＜05月01日(水) 09:30～10:30＞[平針]外国免許切替審査 Hirabari Exchanging Foreign Driver's License, status: None, start_date: 2024年04月17日 07時30分, end_date: 2024年04月26日 12時00分, template_seq: 96089
[ 2024-04-16 05:25:32,055 ] 94 marjyamada040493 - INFO - Parsed data: title: ＜05月01日(水) 10:30～11:45＞[平針]外国免許切替審査 Hirabari Exchanging Foreign Driver's License, status: None, start_date: 2024年04月17日 07時30分, end_date: 2024年04月26日 12時00分, template_seq: 96090
[ 2024-04-16 05:25:32,055 ] 94 marjyamada040493 - INFO - Parsed data: title: ＜05月01日(水) 10:30～11:45＞[平針]外国免許切替審査 Hirabari Exchanging Foreign Driver's License, status: None, start_date: 2024年04月17日 07時30分, end_date: 2024年04月26日 12時00分, template_seq: 96090
[ 2024-04-16 05:25:32,055 ] 94 marjyamada040493 - INFO - Parsed data: title: ＜05月01日(水) 10:30～11:45＞[平針]外国免許切替審査 Hirabari Exchanging Foreign Driver's License, status: None, start_date: 2024年04月17日 07時30分, end_date: 2024年04月26日 12時00分, template_seq: 96090
[ 2024-04-16 05:25:32,099 ] 94 marjyamada040493 - INFO - Parsed data: title: ＜05月01日(水) 12:45～13:30＞[平針]外国免許切替審査 Hirabari Exchanging Foreign Driver's License, status: None, start_date: 2024年04月17日 07時30分, end_date: 2024年04月26日 12時00分, template_seq: 96091
[ 2024-04-16 05:25:32,099 ] 94 marjyamada040493 - INFO - Parsed data: title: ＜05月01日(水) 12:45～13:30＞[平針]外国免許切替審査 Hirabari Exchanging Foreign Driver's License, status: None, start_date: 2024年04月17日 07時30分, end_date: 2024年04月26日 12時00分, template_seq: 96091
[ 2024-04-16 05:25:32,099 ] 94 marjyamada040493 - INFO - Parsed data: title: ＜05月01日(水) 12:45～13:30＞[平針]外国免許切替審査 Hirabari Exchanging Foreign Driver's License, status: None, start_date: 2024年04月17日 07時30分, end_date: 2024年04月26日 12時00分, template_seq: 96091
[ 2024-04-16 05:25:32,136 ] 94 marjyamada040493 - INFO - Parsed data: title: ＜05月01日(水) 13:30～14:45＞[平針]外国免許切替審査 Hirabari Exchanging Foreign Driver's License, status: None, start_date: 2024年04月17日 07時30分, end_date: 2024年04月26日 12時00分, template_seq: 96093
[ 2024-04-16 05:25:32,136 ] 94 marjyamada040493 - INFO - Parsed data: title: ＜05月01日(水) 13:30～14:45＞[平針]外国免許切替審査 Hirabari Exchanging Foreign Driver's License, status: None, start_date: 2024年04月17日 07時30分, end_date: 2024年04月26日 12時00分, template_seq: 96093
[ 2024-04-16 05:25:32,136 ] 94 marjyamada040493 - INFO - Parsed data: title: ＜05月01日(水) 13:30～14:45＞[平針]外国免許切替審査 Hirabari Exchanging Foreign Driver's License, status: None, start_date: 2024年04月17日 07時30分, end_date: 2024年04月26日 12時00分, template_seq: 96093
[ 2024-04-16 05:25:32,183 ] 94 marjyamada040493 - INFO - Parsed data: title: ＜04月30日(火) 08:45～09:30＞[平針]外国免許切替審査 Hirabari Exchanging Foreign Driver's License, status: None, start_date: 2024年04月16日 07時30分, end_date: 2024年04月25日 12時00分, template_seq: 95604
[ 2024-04-16 05:25:32,183 ] 94 marjyamada040493 - INFO - Parsed data: title: ＜04月30日(火) 08:45～09:30＞[平針]外国免許切替審査 Hirabari Exchanging Foreign Driver's License, status: None, start_date: 2024年04月16日 07時30分, end_date: 2024年04月25日 12時00分, template_seq: 95604
[ 2024-04-16 05:25:32,183 ] 94 marjyamada040493 - INFO - Parsed data: title: ＜04月30日(火) 08:45～09:30＞[平針]外国免許切替審査 Hirabari Exchanging Foreign Driver's License, status: None, start_date: 2024年04月16日 07時30分, end_date: 2024年04月25日 12時00分, template_seq: 95604
[ 2024-04-16 05:25:32,185 ] 94 marjyamada040493 - INFO - Parsed data: title: ＜04月30日(火) 08:45～09:30＞[平針]外国免許切替審査 Hirabari Exchanging Foreign Driver's License, status: None, start_date: 2024年04月16日 07時30分, end_date: 2024年04月25日 12時00分, template_seq: 95604
[ 2024-04-16 05:25:32,185 ] 94 marjyamada040493 - INFO - Parsed data: title: ＜04月30日(火) 08:45～09:30＞[平針]外国免許切替審査 Hirabari Exchanging Foreign Driver's License, status: None, start_date: 2024年04月16日 07時30分, end_date: 2024年04月25日 12時00分, template_seq: 95604
[ 2024-04-16 05:25:32,185 ] 94 marjyamada040493 - INFO - Parsed data: title: ＜04月30日(火) 08:45～09:30＞[平針]外国免許切替審査 Hirabari Exchanging Foreign Driver's License, status: None, start_date: 2024年04月16日 07時30分, end_date: 2024年04月25日 12時00分, template_seq: 95604
[ 2024-04-16 05:25:32,214 ] 94 marjyamada040493 - INFO - Parsed data: title: ＜04月30日(火) 09:30～10:30＞[平針]外国免許切替審査 Hirabari Exchanging Foreign Driver's License, status: None, start_date: 2024年04月16日 07時30分, end_date: 2024年04月25日 12時00分, template_seq: 95605
[ 2024-04-16 05:25:32,214 ] 94 marjyamada040493 - INFO - Parsed data: title: ＜04月30日(火) 09:30～10:30＞[平針]外国免許切替審査 Hirabari Exchanging Foreign Driver's License, status: None, start_date: 2024年04月16日 07時30分, end_date: 2024年04月25日 12時00分, template_seq: 95605
[ 2024-04-16 05:25:32,214 ] 94 marjyamada040493 - INFO - Parsed data: title: ＜04月30日(火) 09:30～10:30＞[平針]外国免許切替審査 Hirabari Exchanging Foreign Driver's License, status: None, start_date: 2024年04月16日 07時30分, end_date: 2024年04月25日 12時00分, template_seq: 95605
[ 2024-04-16 05:25:32,215 ] 94 marjyamada040493 - INFO - Parsed data: title: ＜04月30日(火) 09:30～10:30＞[平針]外国免許切替審査 Hirabari Exchanging Foreign Driver's License, status: None, start_date: 2024年04月16日 07時30分, end_date: 2024年04月25日 12時00分, template_seq: 95605
[ 2024-04-16 05:25:32,215 ] 94 marjyamada040493 - INFO - Parsed data: title: ＜04月30日(火) 09:30～10:30＞[平針]外国免許切替審査 Hirabari Exchanging Foreign Driver's License, status: None, start_date: 2024年04月16日 07時30分, end_date: 2024年04月25日 12時00分, template_seq: 95605
[ 2024-04-16 05:25:32,215 ] 94 marjyamada040493 - INFO - Parsed data: title: ＜04月30日(火) 09:30～10:30＞[平針]外国免許切替審査 Hirabari Exchanging Foreign Driver's License, status: None, start_date: 2024年04月16日 07時30分, end_date: 2024年04月25日 12時00分, template_seq: 95605
[ 2024-04-16 05:25:32,254 ] 94 marjyamada040493 - INFO - Parsed data: title: ＜04月30日(火) 10:30～11:45＞[平針]外国免許切替審査 Hirabari Exchanging Foreign Driver's License, status: None, start_date: 2024年04月16日 07時30分, end_date: 2024年04月25日 12時00分, template_seq: 95607
[ 2024-04-16 05:25:32,254 ] 94 marjyamada040493 - INFO - Parsed data: title: ＜04月30日(火) 10:30～11:45＞[平針]外国免許切替審査 Hirabari Exchanging Foreign Driver's License, status: None, start_date: 2024年04月16日 07時30分, end_date: 2024年04月25日 12時00分, template_seq: 95607
[ 2024-04-16 05:25:32,254 ] 94 marjyamada040493 - INFO - Parsed data: title: ＜04月30日(火) 10:30～11:45＞[平針]外国免許切替審査 Hirabari Exchanging Foreign Driver's License, status: None, start_date: 2024年04月16日 07時30分, end_date: 2024年04月25日 12時00分, template_seq: 95607
[ 2024-04-16 05:25:32,255 ] 94 marjyamada040493 - INFO - Parsed data: title: ＜04月30日(火) 10:30～11:45＞[平針]外国免許切替審査 Hirabari Exchanging Foreign Driver's License, status: None, start_date: 2024年04月16日 07時30分, end_date: 2024年04月25日 12時00分, template_seq: 95607
[ 2024-04-16 05:25:32,255 ] 94 marjyamada040493 - INFO - Parsed data: title: ＜04月30日(火) 10:30～11:45＞[平針]外国免許切替審査 Hirabari Exchanging Foreign Driver's License, status: None, start_date: 2024年04月16日 07時30分, end_date: 2024年04月25日 12時00分, template_seq: 95607
[ 2024-04-16 05:25:32,255 ] 94 marjyamada040493 - INFO - Parsed data: title: ＜04月30日(火) 10:30～11:45＞[平針]外国免許切替審査 Hirabari Exchanging Foreign Driver's License, status: None, start_date: 2024年04月16日 07時30分, end_date: 2024年04月25日 12時00分, template_seq: 95607
[ 2024-04-16 05:25:32,288 ] 94 marjyamada040493 - INFO - Parsed data: title: ＜04月30日(火) 12:45～13:30＞[平針]外国免許切替審査 Hirabari Exchanging Foreign Driver's License, status: None, start_date: 2024年04月16日 07時30分, end_date: 2024年04月25日 12時00分, template_seq: 95608
[ 2024-04-16 05:25:32,288 ] 94 marjyamada040493 - INFO - Parsed data: title: ＜04月30日(火) 12:45～13:30＞[平針]外国免許切替審査 Hirabari Exchanging Foreign Driver's License, status: None, start_date: 2024年04月16日 07時30分, end_date: 2024年04月25日 12時00分, template_seq: 95608
[ 2024-04-16 05:25:32,288 ] 94 marjyamada040493 - INFO - Parsed data: title: ＜04月30日(火) 12:45～13:30＞[平針]外国免許切替審査 Hirabari Exchanging Foreign Driver's License, status: None, start_date: 2024年04月16日 07時30分, end_date: 2024年04月25日 12時00分, template_seq: 95608
[ 2024-04-16 05:25:32,290 ] 94 marjyamada040493 - INFO - Parsed data: title: ＜04月30日(火) 12:45～13:30＞[平針]外国免許切替審査 Hirabari Exchanging Foreign Driver's License, status: None, start_date: 2024年04月16日 07時30分, end_date: 2024年04月25日 12時00分, template_seq: 95608
[ 2024-04-16 05:25:32,290 ] 94 marjyamada040493 - INFO - Parsed data: title: ＜04月30日(火) 12:45～13:30＞[平針]外国免許切替審査 Hirabari Exchanging Foreign Driver's License, status: None, start_date: 2024年04月16日 07時30分, end_date: 2024年04月25日 12時00分, template_seq: 95608
[ 2024-04-16 05:25:32,290 ] 94 marjyamada040493 - INFO - Parsed data: title: ＜04月30日(火) 12:45～13:30＞[平針]外国免許切替審査 Hirabari Exchanging Foreign Driver's License, status: None, start_date: 2024年04月16日 07時30分, end_date: 2024年04月25日 12時00分, template_seq: 95608
[ 2024-04-16 05:25:32,336 ] 94 marjyamada040493 - INFO - Parsed data: title: ＜04月30日(火) 13:30～14:45＞[平針]外国免許切替審査 Hirabari Exchanging Foreign Driver's License, status: None, start_date: 2024年04月16日 07時30分, end_date: 2024年04月25日 12時00分, template_seq: 95609
[ 2024-04-16 05:25:32,336 ] 94 marjyamada040493 - INFO - Parsed data: title: ＜04月30日(火) 13:30～14:45＞[平針]外国免許切替審査 Hirabari Exchanging Foreign Driver's License, status: None, start_date: 2024年04月16日 07時30分, end_date: 2024年04月25日 12時00分, template_seq: 95609
[ 2024-04-16 05:25:32,336 ] 94 marjyamada040493 - INFO - Parsed data: title: ＜04月30日(火) 13:30～14:45＞[平針]外国免許切替審査 Hirabari Exchanging Foreign Driver's License, status: None, start_date: 2024年04月16日 07時30分, end_date: 2024年04月25日 12時00分, template_seq: 95609
[ 2024-04-16 05:25:32,338 ] 94 marjyamada040493 - INFO - Parsed data: title: ＜04月30日(火) 13:30～14:45＞[平針]外国免許切替審査 Hirabari Exchanging Foreign Driver's License, status: None, start_date: 2024年04月16日 07時30分, end_date: 2024年04月25日 12時00分, template_seq: 95609
[ 2024-04-16 05:25:32,338 ] 94 marjyamada040493 - INFO - Parsed data: title: ＜04月30日(火) 13:30～14:45＞[平針]外国免許切替審査 Hirabari Exchanging Foreign Driver's License, status: None, start_date: 2024年04月16日 07時30分, end_date: 2024年04月25日 12時00分, template_seq: 95609
[ 2024-04-16 05:25:32,338 ] 94 marjyamada040493 - INFO - Parsed data: title: ＜04月30日(火) 13:30～14:45＞[平針]外国免許切替審査 Hirabari Exchanging Foreign Driver's License, status: None, start_date: 2024年04月16日 07時30分, end_date: 2024年04月25日 12時00分, template_seq: 95609
[ 2024-04-16 05:25:32,385 ] 94 marjyamada040493 - INFO - Parsed data: title: ＜04月26日(金) 08:45～09:30＞[平針]外国免許切替審査 Hirabari Exchanging Foreign Driver's License, status: None, start_date: 2024年04月12日 07時30分, end_date: 2024年04月24日 12時00分, template_seq: 95410
[ 2024-04-16 05:25:32,385 ] 94 marjyamada040493 - INFO - Parsed data: title: ＜04月26日(金) 08:45～09:30＞[平針]外国免許切替審査 Hirabari Exchanging Foreign Driver's License, status: None, start_date: 2024年04月12日 07時30分, end_date: 2024年04月24日 12時00分, template_seq: 95410
[ 2024-04-16 05:25:32,385 ] 94 marjyamada040493 - INFO - Parsed data: title: ＜04月26日(金) 08:45～09:30＞[平針]外国免許切替審査 Hirabari Exchanging Foreign Driver's License, status: None, start_date: 2024年04月12日 07時30分, end_date: 2024年04月24日 12時00分, template_seq: 95410
[ 2024-04-16 05:25:32,426 ] 94 marjyamada040493 - INFO - Parsed data: title: ＜04月26日(金) 09:30～10:30＞[平針]外国免許切替審査 Hirabari Exchanging Foreign Driver's License, status: None, start_date: 2024年04月12日 07時30分, end_date: 2024年04月24日 12時00分, template_seq: 95411
[ 2024-04-16 05:25:32,426 ] 94 marjyamada040493 - INFO - Parsed data: title: ＜04月26日(金) 09:30～10:30＞[平針]外国免許切替審査 Hirabari Exchanging Foreign Driver's License, status: None, start_date: 2024年04月12日 07時30分, end_date: 2024年04月24日 12時00分, template_seq: 95411
[ 2024-04-16 05:25:32,426 ] 94 marjyamada040493 - INFO - Parsed data: title: ＜04月26日(金) 09:30～10:30＞[平針]外国免許切替審査 Hirabari Exchanging Foreign Driver's License, status: None, start_date: 2024年04月12日 07時30分, end_date: 2024年04月24日 12時00分, template_seq: 95411
[ 2024-04-16 05:25:32,465 ] 94 marjyamada040493 - INFO - Parsed data: title: ＜04月26日(金) 10:30～11:45＞[平針]外国免許切替審査 Hirabari Exchanging Foreign Driver's License, status: None, start_date: 2024年04月12日 07時30分, end_date: 2024年04月24日 12時00分, template_seq: 95412
[ 2024-04-16 05:25:32,465 ] 94 marjyamada040493 - INFO - Parsed data: title: ＜04月26日(金) 10:30～11:45＞[平針]外国免許切替審査 Hirabari Exchanging Foreign Driver's License, status: None, start_date: 2024年04月12日 07時30分, end_date: 2024年04月24日 12時00分, template_seq: 95412
[ 2024-04-16 05:25:32,465 ] 94 marjyamada040493 - INFO - Parsed data: title: ＜04月26日(金) 10:30～11:45＞[平針]外国免許切替審査 Hirabari Exchanging Foreign Driver's License, status: None, start_date: 2024年04月12日 07時30分, end_date: 2024年04月24日 12時00分, template_seq: 95412
[ 2024-04-16 05:25:32,507 ] 94 marjyamada040493 - INFO - Parsed data: title: ＜04月26日(金) 12:45～13:30＞[平針]外国免許切替審査 Hirabari Exchanging Foreign Driver's License, status: None, start_date: 2024年04月12日 07時30分, end_date: 2024年04月24日 12時00分, template_seq: 95413
[ 2024-04-16 05:25:32,507 ] 94 marjyamada040493 - INFO - Parsed data: title: ＜04月26日(金) 12:45～13:30＞[平針]外国免許切替審査 Hirabari Exchanging Foreign Driver's License, status: None, start_date: 2024年04月12日 07時30分, end_date: 2024年04月24日 12時00分, template_seq: 95413
[ 2024-04-16 05:25:32,507 ] 94 marjyamada040493 - INFO - Parsed data: title: ＜04月26日(金) 12:45～13:30＞[平針]外国免許切替審査 Hirabari Exchanging Foreign Driver's License, status: None, start_date: 2024年04月12日 07時30分, end_date: 2024年04月24日 12時00分, template_seq: 95413
[ 2024-04-16 05:25:32,563 ] 94 marjyamada040493 - INFO - Parsed data: title: ＜04月26日(金) 13:30～14:45＞[平針]外国免許切替審査 Hirabari Exchanging Foreign Driver's License, status: None, start_date: 2024年04月12日 07時30分, end_date: 2024年04月24日 12時00分, template_seq: 95414
[ 2024-04-16 05:25:32,563 ] 94 marjyamada040493 - INFO - Parsed data: title: ＜04月26日(金) 13:30～14:45＞[平針]外国免許切替審査 Hirabari Exchanging Foreign Driver's License, status: None, start_date: 2024年04月12日 07時30分, end_date: 2024年04月24日 12時00分, template_seq: 95414
[ 2024-04-16 05:25:32,563 ] 94 marjyamada040493 - INFO - Parsed data: title: ＜04月26日(金) 13:30～14:45＞[平針]外国免許切替審査 Hirabari Exchanging Foreign Driver's License, status: None, start_date: 2024年04月12日 07時30分, end_date: 2024年04月24日 12時00分, template_seq: 95414
[ 2024-04-16 05:25:32,602 ] 94 marjyamada040493 - INFO - Parsed data: title: ＜04月25日(木) 08:45～09:30＞[平針]外国免許切替審査 Hirabari Exchanging Foreign Driver's License, status: None, start_date: 2024年04月11日 07時30分, end_date: 2024年04月23日 12時00分, template_seq: 95405
[ 2024-04-16 05:25:32,602 ] 94 marjyamada040493 - INFO - Parsed data: title: ＜04月25日(木) 08:45～09:30＞[平針]外国免許切替審査 Hirabari Exchanging Foreign Driver's License, status: None, start_date: 2024年04月11日 07時30分, end_date: 2024年04月23日 12時00分, template_seq: 95405
[ 2024-04-16 05:25:32,602 ] 94 marjyamada040493 - INFO - Parsed data: title: ＜04月25日(木) 08:45～09:30＞[平針]外国免許切替審査 Hirabari Exchanging Foreign Driver's License, status: None, start_date: 2024年04月11日 07時30分, end_date: 2024年04月23日 12時00分, template_seq: 95405
[ 2024-04-16 05:25:32,648 ] 94 marjyamada040493 - INFO - Parsed data: title: ＜04月25日(木) 09:30～10:30＞[平針]外国免許切替審査 Hirabari Exchanging Foreign Driver's License, status: None, start_date: 2024年04月11日 07時30分, end_date: 2024年04月23日 12時00分, template_seq: 95406
[ 2024-04-16 05:25:32,648 ] 94 marjyamada040493 - INFO - Parsed data: title: ＜04月25日(木) 09:30～10:30＞[平針]外国免許切替審査 Hirabari Exchanging Foreign Driver's License, status: None, start_date: 2024年04月11日 07時30分, end_date: 2024年04月23日 12時00分, template_seq: 95406
[ 2024-04-16 05:25:32,648 ] 94 marjyamada040493 - INFO - Parsed data: title: ＜04月25日(木) 09:30～10:30＞[平針]外国免許切替審査 Hirabari Exchanging Foreign Driver's License, status: None, start_date: 2024年04月11日 07時30分, end_date: 2024年04月23日 12時00分, template_seq: 95406
[ 2024-04-16 05:25:32,682 ] 94 marjyamada040493 - INFO - Parsed data: title: ＜04月25日(木) 10:30～11:45＞[平針]外国免許切替審査 Hirabari Exchanging Foreign Driver's License, status: None, start_date: 2024年04月11日 07時30分, end_date: 2024年04月23日 12時00分, template_seq: 95407
[ 2024-04-16 05:25:32,682 ] 94 marjyamada040493 - INFO - Parsed data: title: ＜04月25日(木) 10:30～11:45＞[平針]外国免許切替審査 Hirabari Exchanging Foreign Driver's License, status: None, start_date: 2024年04月11日 07時30分, end_date: 2024年04月23日 12時00分, template_seq: 95407
[ 2024-04-16 05:25:32,682 ] 94 marjyamada040493 - INFO - Parsed data: title: ＜04月25日(木) 10:30～11:45＞[平針]外国免許切替審査 Hirabari Exchanging Foreign Driver's License, status: None, start_date: 2024年04月11日 07時30分, end_date: 2024年04月23日 12時00分, template_seq: 95407
[ 2024-04-16 05:25:32,724 ] 94 marjyamada040493 - INFO - Parsed data: title: ＜04月25日(木) 12:45～13:30＞[平針]外国免許切替審査 Hirabari Exchanging Foreign Driver's License, status: None, start_date: 2024年04月11日 07時30分, end_date: 2024年04月23日 12時00分, template_seq: 95408
[ 2024-04-16 05:25:32,724 ] 94 marjyamada040493 - INFO - Parsed data: title: ＜04月25日(木) 12:45～13:30＞[平針]外国免許切替審査 Hirabari Exchanging Foreign Driver's License, status: None, start_date: 2024年04月11日 07時30分, end_date: 2024年04月23日 12時00分, template_seq: 95408
[ 2024-04-16 05:25:32,724 ] 94 marjyamada040493 - INFO - Parsed data: title: ＜04月25日(木) 12:45～13:30＞[平針]外国免許切替審査 Hirabari Exchanging Foreign Driver's License, status: None, start_date: 2024年04月11日 07時30分, end_date: 2024年04月23日 12時00分, template_seq: 95408
[ 2024-04-16 05:25:32,804 ] 94 marjyamada040493 - INFO - Parsed data: title: ＜04月25日(木) 13:30～14:45＞[平針]外国免許切替審査 Hirabari Exchanging Foreign Driver's License, status: None, start_date: 2024年04月11日 07時30分, end_date: 2024年04月23日 12時00分, template_seq: 95409
[ 2024-04-16 05:25:32,804 ] 94 marjyamada040493 - INFO - Parsed data: title: ＜04月25日(木) 13:30～14:45＞[平針]外国免許切替審査 Hirabari Exchanging Foreign Driver's License, status: None, start_date: 2024年04月11日 07時30分, end_date: 2024年04月23日 12時00分, template_seq: 95409
[ 2024-04-16 05:25:32,804 ] 94 marjyamada040493 - INFO - Parsed data: title: ＜04月25日(木) 13:30～14:45＞[平針]外国免許切替審査 Hirabari Exchanging Foreign Driver's License, status: None, start_date: 2024年04月11日 07時30分, end_date: 2024年04月23日 12時00分, template_seq: 95409
[ 2024-04-16 05:25:32,807 ] 94 marjyamada040493 - INFO - Number of filtered forms left is: 5 form(s)
[ 2024-04-16 05:25:32,807 ] 94 marjyamada040493 - INFO - Number of filtered forms left is: 5 form(s)
[ 2024-04-16 05:25:32,807 ] 94 marjyamada040493 - INFO - Number of filtered forms left is: 5 form(s)
[ 2024-04-16 05:25:32,810 ] 94 marjyamada040493 - INFO - Accessing form, template sequence: 95608
[ 2024-04-16 05:25:32,810 ] 94 marjyamada040493 - INFO - Accessing form, template sequence: 95608
[ 2024-04-16 05:25:32,810 ] 94 marjyamada040493 - INFO - Accessing form, template sequence: 95608
[ 2024-04-16 05:25:32,810 ] 94 marjyamada040493 - INFO - Form URL: https://www.shinsei.e-aichi.jp/pref-aichi-police-u/offer/offerList_detailTop?tempSeq=95608
[ 2024-04-16 05:25:32,810 ] 94 marjyamada040493 - INFO - Form URL: https://www.shinsei.e-aichi.jp/pref-aichi-police-u/offer/offerList_detailTop?tempSeq=95608
[ 2024-04-16 05:25:32,810 ] 94 marjyamada040493 - INFO - Form URL: https://www.shinsei.e-aichi.jp/pref-aichi-police-u/offer/offerList_detailTop?tempSeq=95608
[ 2024-04-16 05:25:38,474 ] 94 marjyamada040493 - INFO - Accessed form successfully
[ 2024-04-16 05:25:38,474 ] 94 marjyamada040493 - INFO - Accessed form successfully
[ 2024-04-16 05:25:38,474 ] 94 marjyamada040493 - INFO - Accessed form successfully
[ 2024-04-16 05:25:38,489 ] 94 marjyamada040493 - INFO - Form message: 申込期間ではありません。
[ 2024-04-16 05:25:38,489 ] 94 marjyamada040493 - INFO - Form message: 申込期間ではありません。
[ 2024-04-16 05:25:38,489 ] 94 marjyamada040493 - INFO - Form message: 申込期間ではありません。
[ 2024-04-16 05:25:38,490 ] 94 marjyamada040493 - INFO - Refreshing page to check availability trial number 1, template sequence: 95608
[ 2024-04-16 05:25:38,490 ] 94 marjyamada040493 - INFO - Refreshing page to check availability trial number 1, template sequence: 95608
[ 2024-04-16 05:25:38,490 ] 94 marjyamada040493 - INFO - Refreshing page to check availability trial number 1, template sequence: 95608
[ 2024-04-16 05:25:39,726 ] 94 marjyamada040493 - INFO - Form message: 申込期間ではありません。
[ 2024-04-16 05:25:39,726 ] 94 marjyamada040493 - INFO - Form message: 申込期間ではありません。
[ 2024-04-16 05:25:39,726 ] 94 marjyamada040493 - INFO - Form message: 申込期間ではありません。
[ 2024-04-16 05:25:39,727 ] 94 marjyamada040493 - INFO - Refreshing page to check availability trial number 2, template sequence: 95608
[ 2024-04-16 05:25:39,727 ] 94 marjyamada040493 - INFO - Refreshing page to check availability trial number 2, template sequence: 95608
[ 2024-04-16 05:25:39,727 ] 94 marjyamada040493 - INFO - Refreshing page to check availability trial number 2, template sequence: 95608
[ 2024-04-16 05:25:40,880 ] 94 marjyamada040493 - INFO - Form message: 申込期間ではありません。
[ 2024-04-16 05:25:40,880 ] 94 marjyamada040493 - INFO - Form message: 申込期間ではありません。
[ 2024-04-16 05:25:40,880 ] 94 marjyamada040493 - INFO - Form message: 申込期間ではありません。
[ 2024-04-16 05:25:40,881 ] 94 marjyamada040493 - INFO - Refreshing page to check availability trial number 3, template sequence: 95608
[ 2024-04-16 05:25:40,881 ] 94 marjyamada040493 - INFO - Refreshing page to check availability trial number 3, template sequence: 95608
[ 2024-04-16 05:25:40,881 ] 94 marjyamada040493 - INFO - Refreshing page to check availability trial number 3, template sequence: 95608
[ 2024-04-16 05:25:42,368 ] 94 marjyamada040493 - INFO - Form message: 申込期間ではありません。
[ 2024-04-16 05:25:42,368 ] 94 marjyamada040493 - INFO - Form message: 申込期間ではありません。
[ 2024-04-16 05:25:42,368 ] 94 marjyamada040493 - INFO - Form message: 申込期間ではありません。
[ 2024-04-16 05:25:42,369 ] 94 marjyamada040493 - INFO - Refreshing page to check availability trial number 4, template sequence: 95608
[ 2024-04-16 05:25:42,369 ] 94 marjyamada040493 - INFO - Refreshing page to check availability trial number 4, template sequence: 95608
[ 2024-04-16 05:25:42,369 ] 94 marjyamada040493 - INFO - Refreshing page to check availability trial number 4, template sequence: 95608
[ 2024-04-16 05:25:43,820 ] 94 marjyamada040493 - INFO - Form message: 申込期間ではありません。
[ 2024-04-16 05:25:43,820 ] 94 marjyamada040493 - INFO - Form message: 申込期間ではありません。
[ 2024-04-16 05:25:43,820 ] 94 marjyamada040493 - INFO - Form message: 申込期間ではありません。
[ 2024-04-16 05:25:43,821 ] 94 marjyamada040493 - INFO - Refreshing page to check availability trial number 5, template sequence: 95608
[ 2024-04-16 05:25:43,821 ] 94 marjyamada040493 - INFO - Refreshing page to check availability trial number 5, template sequence: 95608
[ 2024-04-16 05:25:43,821 ] 94 marjyamada040493 - INFO - Refreshing page to check availability trial number 5, template sequence: 95608
[ 2024-04-16 05:25:45,022 ] 94 marjyamada040493 - INFO - Form message: 申込期間ではありません。
[ 2024-04-16 05:25:45,022 ] 94 marjyamada040493 - INFO - Form message: 申込期間ではありません。
[ 2024-04-16 05:25:45,022 ] 94 marjyamada040493 - INFO - Form message: 申込期間ではありません。
[ 2024-04-16 05:25:45,023 ] 94 marjyamada040493 - INFO - Refreshing page to check availability trial number 6, template sequence: 95608
[ 2024-04-16 05:25:45,023 ] 94 marjyamada040493 - INFO - Refreshing page to check availability trial number 6, template sequence: 95608
[ 2024-04-16 05:25:45,023 ] 94 marjyamada040493 - INFO - Refreshing page to check availability trial number 6, template sequence: 95608
[ 2024-04-16 05:25:46,545 ] 94 marjyamada040493 - INFO - Form message: 申込期間ではありません。
[ 2024-04-16 05:25:46,545 ] 94 marjyamada040493 - INFO - Form message: 申込期間ではありません。
[ 2024-04-16 05:25:46,545 ] 94 marjyamada040493 - INFO - Form message: 申込期間ではありません。
[ 2024-04-16 05:25:46,545 ] 94 marjyamada040493 - INFO - Refreshing page to check availability trial number 7, template sequence: 95608
[ 2024-04-16 05:25:46,545 ] 94 marjyamada040493 - INFO - Refreshing page to check availability trial number 7, template sequence: 95608
[ 2024-04-16 05:25:46,545 ] 94 marjyamada040493 - INFO - Refreshing page to check availability trial number 7, template sequence: 95608
[ 2024-04-16 05:25:47,754 ] 94 marjyamada040493 - INFO - Form message: 申込期間ではありません。
[ 2024-04-16 05:25:47,754 ] 94 marjyamada040493 - INFO - Form message: 申込期間ではありません。
[ 2024-04-16 05:25:47,754 ] 94 marjyamada040493 - INFO - Form message: 申込期間ではありません。
[ 2024-04-16 05:25:47,756 ] 94 marjyamada040493 - INFO - Refreshing page to check availability trial number 8, template sequence: 95608
[ 2024-04-16 05:25:47,756 ] 94 marjyamada040493 - INFO - Refreshing page to check availability trial number 8, template sequence: 95608
[ 2024-04-16 05:25:47,756 ] 94 marjyamada040493 - INFO - Refreshing page to check availability trial number 8, template sequence: 95608
[ 2024-04-16 05:25:48,965 ] 94 marjyamada040493 - INFO - Form message: 申込期間ではありません。
[ 2024-04-16 05:25:48,965 ] 94 marjyamada040493 - INFO - Form message: 申込期間ではありません。
[ 2024-04-16 05:25:48,965 ] 94 marjyamada040493 - INFO - Form message: 申込期間ではありません。
[ 2024-04-16 05:25:48,966 ] 94 marjyamada040493 - INFO - Refreshing page to check availability trial number 9, template sequence: 95608
[ 2024-04-16 05:25:48,966 ] 94 marjyamada040493 - INFO - Refreshing page to check availability trial number 9, template sequence: 95608
[ 2024-04-16 05:25:48,966 ] 94 marjyamada040493 - INFO - Refreshing page to check availability trial number 9, template sequence: 95608
[ 2024-04-16 05:25:50,195 ] 94 marjyamada040493 - INFO - Form message: 申込期間ではありません。
[ 2024-04-16 05:25:50,195 ] 94 marjyamada040493 - INFO - Form message: 申込期間ではありません。
[ 2024-04-16 05:25:50,195 ] 94 marjyamada040493 - INFO - Form message: 申込期間ではありません。
[ 2024-04-16 05:25:50,195 ] 94 marjyamada040493 - INFO - Refreshing page to check availability trial number 10, template sequence: 95608
[ 2024-04-16 05:25:50,195 ] 94 marjyamada040493 - INFO - Refreshing page to check availability trial number 10, template sequence: 95608
[ 2024-04-16 05:25:50,195 ] 94 marjyamada040493 - INFO - Refreshing page to check availability trial number 10, template sequence: 95608
[ 2024-04-16 05:25:51,462 ] 94 marjyamada040493 - INFO - Form message: 申込期間ではありません。
[ 2024-04-16 05:25:51,462 ] 94 marjyamada040493 - INFO - Form message: 申込期間ではありません。
[ 2024-04-16 05:25:51,462 ] 94 marjyamada040493 - INFO - Form message: 申込期間ではありません。
[ 2024-04-16 05:25:51,462 ] 94 marjyamada040493 - INFO - Refreshing page to check availability trial number 11, template sequence: 95608
[ 2024-04-16 05:25:51,462 ] 94 marjyamada040493 - INFO - Refreshing page to check availability trial number 11, template sequence: 95608
[ 2024-04-16 05:25:51,462 ] 94 marjyamada040493 - INFO - Refreshing page to check availability trial number 11, template sequence: 95608
[ 2024-04-16 05:25:52,672 ] 94 marjyamada040493 - INFO - Form message: 申込期間ではありません。
[ 2024-04-16 05:25:52,672 ] 94 marjyamada040493 - INFO - Form message: 申込期間ではありません。
[ 2024-04-16 05:25:52,672 ] 94 marjyamada040493 - INFO - Form message: 申込期間ではありません。
[ 2024-04-16 05:25:52,672 ] 94 marjyamada040493 - INFO - Refreshing page to check availability trial number 12, template sequence: 95608
[ 2024-04-16 05:25:52,672 ] 94 marjyamada040493 - INFO - Refreshing page to check availability trial number 12, template sequence: 95608
[ 2024-04-16 05:25:52,672 ] 94 marjyamada040493 - INFO - Refreshing page to check availability trial number 12, template sequence: 95608
[ 2024-04-16 05:25:53,862 ] 94 marjyamada040493 - INFO - Form message: 申込期間ではありません。
[ 2024-04-16 05:25:53,862 ] 94 marjyamada040493 - INFO - Form message: 申込期間ではありません。
[ 2024-04-16 05:25:53,862 ] 94 marjyamada040493 - INFO - Form message: 申込期間ではありません。
[ 2024-04-16 05:25:53,863 ] 94 marjyamada040493 - INFO - Refreshing page to check availability trial number 13, template sequence: 95608
[ 2024-04-16 05:25:53,863 ] 94 marjyamada040493 - INFO - Refreshing page to check availability trial number 13, template sequence: 95608
[ 2024-04-16 05:25:53,863 ] 94 marjyamada040493 - INFO - Refreshing page to check availability trial number 13, template sequence: 95608
[ 2024-04-16 05:25:55,155 ] 94 marjyamada040493 - INFO - Form message: 申込期間ではありません。
[ 2024-04-16 05:25:55,155 ] 94 marjyamada040493 - INFO - Form message: 申込期間ではありません。
[ 2024-04-16 05:25:55,155 ] 94 marjyamada040493 - INFO - Form message: 申込期間ではありません。
[ 2024-04-16 05:25:55,155 ] 94 marjyamada040493 - INFO - Refreshing page to check availability trial number 14, template sequence: 95608
[ 2024-04-16 05:25:55,155 ] 94 marjyamada040493 - INFO - Refreshing page to check availability trial number 14, template sequence: 95608
[ 2024-04-16 05:25:55,155 ] 94 marjyamada040493 - INFO - Refreshing page to check availability trial number 14, template sequence: 95608
[ 2024-04-16 05:25:56,322 ] 94 marjyamada040493 - INFO - Form message: 申込期間ではありません。
[ 2024-04-16 05:25:56,322 ] 94 marjyamada040493 - INFO - Form message: 申込期間ではありません。
[ 2024-04-16 05:25:56,322 ] 94 marjyamada040493 - INFO - Form message: 申込期間ではありません。
[ 2024-04-16 05:25:56,322 ] 94 marjyamada040493 - INFO - Refreshing page to check availability trial number 15, template sequence: 95608
[ 2024-04-16 05:25:56,322 ] 94 marjyamada040493 - INFO - Refreshing page to check availability trial number 15, template sequence: 95608
[ 2024-04-16 05:25:56,322 ] 94 marjyamada040493 - INFO - Refreshing page to check availability trial number 15, template sequence: 95608
[ 2024-04-16 05:25:57,515 ] 94 marjyamada040493 - INFO - Form message: 申込期間ではありません。
[ 2024-04-16 05:25:57,515 ] 94 marjyamada040493 - INFO - Form message: 申込期間ではありません。
[ 2024-04-16 05:25:57,515 ] 94 marjyamada040493 - INFO - Form message: 申込期間ではありません。
[ 2024-04-16 05:25:57,515 ] 94 marjyamada040493 - INFO - Refreshing page to check availability trial number 16, template sequence: 95608
[ 2024-04-16 05:25:57,515 ] 94 marjyamada040493 - INFO - Refreshing page to check availability trial number 16, template sequence: 95608
[ 2024-04-16 05:25:57,515 ] 94 marjyamada040493 - INFO - Refreshing page to check availability trial number 16, template sequence: 95608
[ 2024-04-16 05:25:58,717 ] 94 marjyamada040493 - INFO - Form message: 申込期間ではありません。
[ 2024-04-16 05:25:58,717 ] 94 marjyamada040493 - INFO - Form message: 申込期間ではありません。
[ 2024-04-16 05:25:58,717 ] 94 marjyamada040493 - INFO - Form message: 申込期間ではありません。
[ 2024-04-16 05:25:58,717 ] 94 marjyamada040493 - INFO - Refreshing page to check availability trial number 17, template sequence: 95608
[ 2024-04-16 05:25:58,717 ] 94 marjyamada040493 - INFO - Refreshing page to check availability trial number 17, template sequence: 95608
[ 2024-04-16 05:25:58,717 ] 94 marjyamada040493 - INFO - Refreshing page to check availability trial number 17, template sequence: 95608
[ 2024-04-16 05:26:00,142 ] 94 marjyamada040493 - INFO - Form message: 申込期間ではありません。
[ 2024-04-16 05:26:00,142 ] 94 marjyamada040493 - INFO - Form message: 申込期間ではありません。
[ 2024-04-16 05:26:00,142 ] 94 marjyamada040493 - INFO - Form message: 申込期間ではありません。
[ 2024-04-16 05:26:00,143 ] 94 marjyamada040493 - INFO - Refreshing page to check availability trial number 18, template sequence: 95608
[ 2024-04-16 05:26:00,143 ] 94 marjyamada040493 - INFO - Refreshing page to check availability trial number 18, template sequence: 95608
[ 2024-04-16 05:26:00,143 ] 94 marjyamada040493 - INFO - Refreshing page to check availability trial number 18, template sequence: 95608
[ 2024-04-16 05:26:01,295 ] 94 marjyamada040493 - INFO - Form message: 申込期間ではありません。
[ 2024-04-16 05:26:01,295 ] 94 marjyamada040493 - INFO - Form message: 申込期間ではありません。
[ 2024-04-16 05:26:01,295 ] 94 marjyamada040493 - INFO - Form message: 申込期間ではありません。
[ 2024-04-16 05:26:01,296 ] 94 marjyamada040493 - INFO - Refreshing page to check availability trial number 19, template sequence: 95608
[ 2024-04-16 05:26:01,296 ] 94 marjyamada040493 - INFO - Refreshing page to check availability trial number 19, template sequence: 95608
[ 2024-04-16 05:26:01,296 ] 94 marjyamada040493 - INFO - Refreshing page to check availability trial number 19, template sequence: 95608
[ 2024-04-16 05:26:02,457 ] 94 marjyamada040493 - INFO - Form message: 申込期間ではありません。
[ 2024-04-16 05:26:02,457 ] 94 marjyamada040493 - INFO - Form message: 申込期間ではありません。
[ 2024-04-16 05:26:02,457 ] 94 marjyamada040493 - INFO - Form message: 申込期間ではありません。
[ 2024-04-16 05:26:02,457 ] 94 marjyamada040493 - INFO - Refreshing page to check availability trial number 20, template sequence: 95608
[ 2024-04-16 05:26:02,457 ] 94 marjyamada040493 - INFO - Refreshing page to check availability trial number 20, template sequence: 95608
[ 2024-04-16 05:26:02,457 ] 94 marjyamada040493 - INFO - Refreshing page to check availability trial number 20, template sequence: 95608
[ 2024-04-16 05:26:03,707 ] 94 marjyamada040493 - INFO - Form message: 申込期間ではありません。
[ 2024-04-16 05:26:03,707 ] 94 marjyamada040493 - INFO - Form message: 申込期間ではありません。
[ 2024-04-16 05:26:03,707 ] 94 marjyamada040493 - INFO - Form message: 申込期間ではありません。
[ 2024-04-16 05:26:03,707 ] 94 marjyamada040493 - INFO - Failed to access form after 20 refreshing, template sequence: 95608
[ 2024-04-16 05:26:03,707 ] 94 marjyamada040493 - INFO - Failed to access form after 20 refreshing, template sequence: 95608
[ 2024-04-16 05:26:03,707 ] 94 marjyamada040493 - INFO - Failed to access form after 20 refreshing, template sequence: 95608
[ 2024-04-16 05:26:03,708 ] 94 marjyamada040493 - INFO - Accessing form, template sequence: 95604
[ 2024-04-16 05:26:03,708 ] 94 marjyamada040493 - INFO - Accessing form, template sequence: 95604
[ 2024-04-16 05:26:03,708 ] 94 marjyamada040493 - INFO - Accessing form, template sequence: 95604
[ 2024-04-16 05:26:03,708 ] 94 marjyamada040493 - INFO - Form URL: https://www.shinsei.e-aichi.jp/pref-aichi-police-u/offer/offerList_detailTop?tempSeq=95604
[ 2024-04-16 05:26:03,708 ] 94 marjyamada040493 - INFO - Form URL: https://www.shinsei.e-aichi.jp/pref-aichi-police-u/offer/offerList_detailTop?tempSeq=95604
[ 2024-04-16 05:26:03,708 ] 94 marjyamada040493 - INFO - Form URL: https://www.shinsei.e-aichi.jp/pref-aichi-police-u/offer/offerList_detailTop?tempSeq=95604
[ 2024-04-16 05:26:09,313 ] 94 marjyamada040493 - INFO - Accessed form successfully
[ 2024-04-16 05:26:09,313 ] 94 marjyamada040493 - INFO - Accessed form successfully
[ 2024-04-16 05:26:09,313 ] 94 marjyamada040493 - INFO - Accessed form successfully
[ 2024-04-16 05:26:09,328 ] 94 marjyamada040493 - INFO - Form message: 申込期間ではありません。
[ 2024-04-16 05:26:09,328 ] 94 marjyamada040493 - INFO - Form message: 申込期間ではありません。
[ 2024-04-16 05:26:09,328 ] 94 marjyamada040493 - INFO - Form message: 申込期間ではありません。
[ 2024-04-16 05:26:09,328 ] 94 marjyamada040493 - INFO - Refreshing page to check availability trial number 1, template sequence: 95604
[ 2024-04-16 05:26:09,328 ] 94 marjyamada040493 - INFO - Refreshing page to check availability trial number 1, template sequence: 95604
[ 2024-04-16 05:26:09,328 ] 94 marjyamada040493 - INFO - Refreshing page to check availability trial number 1, template sequence: 95604
[ 2024-04-16 05:26:10,508 ] 94 marjyamada040493 - INFO - Form message: 申込期間ではありません。
[ 2024-04-16 05:26:10,508 ] 94 marjyamada040493 - INFO - Form message: 申込期間ではありません。
[ 2024-04-16 05:26:10,508 ] 94 marjyamada040493 - INFO - Form message: 申込期間ではありません。
[ 2024-04-16 05:26:10,508 ] 94 marjyamada040493 - INFO - Refreshing page to check availability trial number 2, template sequence: 95604
[ 2024-04-16 05:26:10,508 ] 94 marjyamada040493 - INFO - Refreshing page to check availability trial number 2, template sequence: 95604
[ 2024-04-16 05:26:10,508 ] 94 marjyamada040493 - INFO - Refreshing page to check availability trial number 2, template sequence: 95604
[ 2024-04-16 05:26:11,652 ] 94 marjyamada040493 - INFO - Form message: 申込期間ではありません。
[ 2024-04-16 05:26:11,652 ] 94 marjyamada040493 - INFO - Form message: 申込期間ではありません。
[ 2024-04-16 05:26:11,652 ] 94 marjyamada040493 - INFO - Form message: 申込期間ではありません。
[ 2024-04-16 05:26:11,653 ] 94 marjyamada040493 - INFO - Refreshing page to check availability trial number 3, template sequence: 95604
[ 2024-04-16 05:26:11,653 ] 94 marjyamada040493 - INFO - Refreshing page to check availability trial number 3, template sequence: 95604
[ 2024-04-16 05:26:11,653 ] 94 marjyamada040493 - INFO - Refreshing page to check availability trial number 3, template sequence: 95604
[ 2024-04-16 05:26:12,906 ] 94 marjyamada040493 - INFO - Form message: 申込期間ではありません。
[ 2024-04-16 05:26:12,906 ] 94 marjyamada040493 - INFO - Form message: 申込期間ではありません。
[ 2024-04-16 05:26:12,906 ] 94 marjyamada040493 - INFO - Form message: 申込期間ではありません。
[ 2024-04-16 05:26:12,907 ] 94 marjyamada040493 - INFO - Refreshing page to check availability trial number 4, template sequence: 95604
[ 2024-04-16 05:26:12,907 ] 94 marjyamada040493 - INFO - Refreshing page to check availability trial number 4, template sequence: 95604
[ 2024-04-16 05:26:12,907 ] 94 marjyamada040493 - INFO - Refreshing page to check availability trial number 4, template sequence: 95604
[ 2024-04-16 05:26:14,104 ] 94 marjyamada040493 - INFO - Form message: 申込期間ではありません。
[ 2024-04-16 05:26:14,104 ] 94 marjyamada040493 - INFO - Form message: 申込期間ではありません。
[ 2024-04-16 05:26:14,104 ] 94 marjyamada040493 - INFO - Form message: 申込期間ではありません。
[ 2024-04-16 05:26:14,105 ] 94 marjyamada040493 - INFO - Refreshing page to check availability trial number 5, template sequence: 95604
[ 2024-04-16 05:26:14,105 ] 94 marjyamada040493 - INFO - Refreshing page to check availability trial number 5, template sequence: 95604
[ 2024-04-16 05:26:14,105 ] 94 marjyamada040493 - INFO - Refreshing page to check availability trial number 5, template sequence: 95604
[ 2024-04-16 05:26:15,497 ] 94 marjyamada040493 - INFO - Form message: 申込期間ではありません。
[ 2024-04-16 05:26:15,497 ] 94 marjyamada040493 - INFO - Form message: 申込期間ではありません。
[ 2024-04-16 05:26:15,497 ] 94 marjyamada040493 - INFO - Form message: 申込期間ではありません。
[ 2024-04-16 05:26:15,497 ] 94 marjyamada040493 - INFO - Refreshing page to check availability trial number 6, template sequence: 95604
[ 2024-04-16 05:26:15,497 ] 94 marjyamada040493 - INFO - Refreshing page to check availability trial number 6, template sequence: 95604
[ 2024-04-16 05:26:15,497 ] 94 marjyamada040493 - INFO - Refreshing page to check availability trial number 6, template sequence: 95604
[ 2024-04-16 05:26:16,684 ] 94 marjyamada040493 - INFO - Form message: 申込期間ではありません。
[ 2024-04-16 05:26:16,684 ] 94 marjyamada040493 - INFO - Form message: 申込期間ではありません。
[ 2024-04-16 05:26:16,684 ] 94 marjyamada040493 - INFO - Form message: 申込期間ではありません。
[ 2024-04-16 05:26:16,684 ] 94 marjyamada040493 - INFO - Refreshing page to check availability trial number 7, template sequence: 95604
[ 2024-04-16 05:26:16,684 ] 94 marjyamada040493 - INFO - Refreshing page to check availability trial number 7, template sequence: 95604
[ 2024-04-16 05:26:16,684 ] 94 marjyamada040493 - INFO - Refreshing page to check availability trial number 7, template sequence: 95604
[ 2024-04-16 05:26:17,883 ] 94 marjyamada040493 - INFO - Form message: 申込期間ではありません。
[ 2024-04-16 05:26:17,883 ] 94 marjyamada040493 - INFO - Form message: 申込期間ではありません。
[ 2024-04-16 05:26:17,883 ] 94 marjyamada040493 - INFO - Form message: 申込期間ではありません。
[ 2024-04-16 05:26:17,884 ] 94 marjyamada040493 - INFO - Refreshing page to check availability trial number 8, template sequence: 95604
[ 2024-04-16 05:26:17,884 ] 94 marjyamada040493 - INFO - Refreshing page to check availability trial number 8, template sequence: 95604
[ 2024-04-16 05:26:17,884 ] 94 marjyamada040493 - INFO - Refreshing page to check availability trial number 8, template sequence: 95604
[ 2024-04-16 05:26:19,359 ] 94 marjyamada040493 - INFO - Form message: 申込期間ではありません。
[ 2024-04-16 05:26:19,359 ] 94 marjyamada040493 - INFO - Form message: 申込期間ではありません。
[ 2024-04-16 05:26:19,359 ] 94 marjyamada040493 - INFO - Form message: 申込期間ではありません。
[ 2024-04-16 05:26:19,359 ] 94 marjyamada040493 - INFO - Refreshing page to check availability trial number 9, template sequence: 95604
[ 2024-04-16 05:26:19,359 ] 94 marjyamada040493 - INFO - Refreshing page to check availability trial number 9, template sequence: 95604
[ 2024-04-16 05:26:19,359 ] 94 marjyamada040493 - INFO - Refreshing page to check availability trial number 9, template sequence: 95604
[ 2024-04-16 05:26:20,551 ] 94 marjyamada040493 - INFO - Form message: 申込期間ではありません。
[ 2024-04-16 05:26:20,551 ] 94 marjyamada040493 - INFO - Form message: 申込期間ではありません。
[ 2024-04-16 05:26:20,551 ] 94 marjyamada040493 - INFO - Form message: 申込期間ではありません。
[ 2024-04-16 05:26:20,551 ] 94 marjyamada040493 - INFO - Refreshing page to check availability trial number 10, template sequence: 95604
[ 2024-04-16 05:26:20,551 ] 94 marjyamada040493 - INFO - Refreshing page to check availability trial number 10, template sequence: 95604
[ 2024-04-16 05:26:20,551 ] 94 marjyamada040493 - INFO - Refreshing page to check availability trial number 10, template sequence: 95604
[ 2024-04-16 05:26:21,704 ] 94 marjyamada040493 - INFO - Form message: 申込期間ではありません。
[ 2024-04-16 05:26:21,704 ] 94 marjyamada040493 - INFO - Form message: 申込期間ではありません。
[ 2024-04-16 05:26:21,704 ] 94 marjyamada040493 - INFO - Form message: 申込期間ではありません。
[ 2024-04-16 05:26:21,705 ] 94 marjyamada040493 - INFO - Refreshing page to check availability trial number 11, template sequence: 95604
[ 2024-04-16 05:26:21,705 ] 94 marjyamada040493 - INFO - Refreshing page to check availability trial number 11, template sequence: 95604
[ 2024-04-16 05:26:21,705 ] 94 marjyamada040493 - INFO - Refreshing page to check availability trial number 11, template sequence: 95604
[ 2024-04-16 05:26:22,892 ] 94 marjyamada040493 - INFO - Form message: 申込期間ではありません。
[ 2024-04-16 05:26:22,892 ] 94 marjyamada040493 - INFO - Form message: 申込期間ではありません。
[ 2024-04-16 05:26:22,892 ] 94 marjyamada040493 - INFO - Form message: 申込期間ではありません。
[ 2024-04-16 05:26:22,892 ] 94 marjyamada040493 - INFO - Refreshing page to check availability trial number 12, template sequence: 95604
[ 2024-04-16 05:26:22,892 ] 94 marjyamada040493 - INFO - Refreshing page to check availability trial number 12, template sequence: 95604
[ 2024-04-16 05:26:22,892 ] 94 marjyamada040493 - INFO - Refreshing page to check availability trial number 12, template sequence: 95604
[ 2024-04-16 05:26:24,040 ] 94 marjyamada040493 - INFO - Form message: 申込期間ではありません。
[ 2024-04-16 05:26:24,040 ] 94 marjyamada040493 - INFO - Form message: 申込期間ではありません。
[ 2024-04-16 05:26:24,040 ] 94 marjyamada040493 - INFO - Form message: 申込期間ではありません。
[ 2024-04-16 05:26:24,040 ] 94 marjyamada040493 - INFO - Refreshing page to check availability trial number 13, template sequence: 95604
[ 2024-04-16 05:26:24,040 ] 94 marjyamada040493 - INFO - Refreshing page to check availability trial number 13, template sequence: 95604
[ 2024-04-16 05:26:24,040 ] 94 marjyamada040493 - INFO - Refreshing page to check availability trial number 13, template sequence: 95604
[ 2024-04-16 05:26:25,385 ] 94 marjyamada040493 - INFO - Form message: 申込期間ではありません。
[ 2024-04-16 05:26:25,385 ] 94 marjyamada040493 - INFO - Form message: 申込期間ではありません。
[ 2024-04-16 05:26:25,385 ] 94 marjyamada040493 - INFO - Form message: 申込期間ではありません。
[ 2024-04-16 05:26:25,386 ] 94 marjyamada040493 - INFO - Refreshing page to check availability trial number 14, template sequence: 95604
[ 2024-04-16 05:26:25,386 ] 94 marjyamada040493 - INFO - Refreshing page to check availability trial number 14, template sequence: 95604
[ 2024-04-16 05:26:25,386 ] 94 marjyamada040493 - INFO - Refreshing page to check availability trial number 14, template sequence: 95604
[ 2024-04-16 05:26:33,030 ] 94 marjyamada040493 - INFO - Opened login page
[ 2024-04-16 05:26:33,030 ] 94 marjyamada040493 - INFO - Opened login page
[ 2024-04-16 05:26:33,030 ] 94 marjyamada040493 - INFO - Opened login page
[ 2024-04-16 05:26:33,030 ] 94 marjyamada040493 - INFO - Opened login page
[ 2024-04-16 05:26:33,030 ] 94 marjyamada040493 - INFO - Opened login page
[ 2024-04-16 05:26:33,030 ] 94 marjyamada040493 - INFO - Opened login page
