[ 2024-04-16 05:25:25,456 ] 94 Nickpown0411 - INFO - Opened login page
[ 2024-04-16 05:25:25,456 ] 94 Nickpown0411 - INFO - Opened login page
[ 2024-04-16 05:25:25,456 ] 94 Nickpown0411 - INFO - Opened login page
[ 2024-04-16 05:25:28,612 ] 94 Nickpown0411 - INFO - Logging in
[ 2024-04-16 05:25:28,612 ] 94 Nickpown0411 - INFO - Logging in
[ 2024-04-16 05:25:28,612 ] 94 Nickpown0411 - INFO - Logging in
[ 2024-04-16 05:25:28,620 ] 94 Nickpown0411 - INFO - Current url: https://www.shinsei.e-aichi.jp/pref-aichi-police-u/offer/offerList_initDisplay
[ 2024-04-16 05:25:28,620 ] 94 Nickpown0411 - INFO - Current url: https://www.shinsei.e-aichi.jp/pref-aichi-police-u/offer/offerList_initDisplay
[ 2024-04-16 05:25:28,620 ] 94 Nickpown0411 - INFO - Current url: https://www.shinsei.e-aichi.jp/pref-aichi-police-u/offer/offerList_initDisplay
[ 2024-04-16 05:25:28,935 ] 94 Nickpown0411 - INFO - Logged in finished
[ 2024-04-16 05:25:28,935 ] 94 Nickpown0411 - INFO - Logged in finished
[ 2024-04-16 05:25:28,935 ] 94 Nickpown0411 - INFO - Logged in finished
[ 2024-04-16 05:25:29,086 ] 94 Nickpown0411 - INFO - On main page
[ 2024-04-16 05:25:29,086 ] 94 Nickpown0411 - INFO - On main page
[ 2024-04-16 05:25:29,086 ] 94 Nickpown0411 - INFO - On main page
[ 2024-04-16 05:25:30,358 ] 94 Nickpown0411 - INFO - Search submitted
[ 2024-04-16 05:25:30,358 ] 94 Nickpown0411 - INFO - Search submitted
[ 2024-04-16 05:25:30,358 ] 94 Nickpown0411 - INFO - Search submitted
[ 2024-04-16 05:25:30,380 ] 94 Nickpown0411 - INFO - Collected 20 forms
[ 2024-04-16 05:25:30,380 ] 94 Nickpown0411 - INFO - Collected 20 forms
[ 2024-04-16 05:25:30,380 ] 94 Nickpown0411 - INFO - Collected 20 forms
[ 2024-04-16 05:25:30,440 ] 94 Nickpown0411 - INFO - Parsed data: title: ＜05月01日(水) 08:45～09:30＞[平針]外国免許切替審査 Hirabari Exchanging Foreign Driver's License, status: None, start_date: 2024年04月17日 07時30分, end_date: 2024年04月26日 12時00分, template_seq: 96088
[ 2024-04-16 05:25:30,440 ] 94 Nickpown0411 - INFO - Parsed data: title: ＜05月01日(水) 08:45～09:30＞[平針]外国免許切替審査 Hirabari Exchanging Foreign Driver's License, status: None, start_date: 2024年04月17日 07時30分, end_date: 2024年04月26日 12時00分, template_seq: 96088
[ 2024-04-16 05:25:30,440 ] 94 Nickpown0411 - INFO - Parsed data: title: ＜05月01日(水) 08:45～09:30＞[平針]外国免許切替審査 Hirabari Exchanging Foreign Driver's License, status: None, start_date: 2024年04月17日 07時30分, end_date: 2024年04月26日 12時00分, template_seq: 96088
[ 2024-04-16 05:25:30,470 ] 94 Nickpown0411 - INFO - Parsed data: title: ＜05月01日(水) 09:30～10:30＞[平針]外国免許切替審査 Hirabari Exchanging Foreign Driver's License, status: None, start_date: 2024年04月17日 07時30分, end_date: 2024年04月26日 12時00分, template_seq: 96089
[ 2024-04-16 05:25:30,470 ] 94 Nickpown0411 - INFO - Parsed data: title: ＜05月01日(水) 09:30～10:30＞[平針]外国免許切替審査 Hirabari Exchanging Foreign Driver's License, status: None, start_date: 2024年04月17日 07時30分, end_date: 2024年04月26日 12時00分, template_seq: 96089
[ 2024-04-16 05:25:30,470 ] 94 Nickpown0411 - INFO - Parsed data: title: ＜05月01日(水) 09:30～10:30＞[平針]外国免許切替審査 Hirabari Exchanging Foreign Driver's License, status: None, start_date: 2024年04月17日 07時30分, end_date: 2024年04月26日 12時00分, template_seq: 96089
[ 2024-04-16 05:25:30,518 ] 94 Nickpown0411 - INFO - Parsed data: title: ＜05月01日(水) 10:30～11:45＞[平針]外国免許切替審査 Hirabari Exchanging Foreign Driver's License, status: None, start_date: 2024年04月17日 07時30分, end_date: 2024年04月26日 12時00分, template_seq: 96090
[ 2024-04-16 05:25:30,518 ] 94 Nickpown0411 - INFO - Parsed data: title: ＜05月01日(水) 10:30～11:45＞[平針]外国免許切替審査 Hirabari Exchanging Foreign Driver's License, status: None, start_date: 2024年04月17日 07時30分, end_date: 2024年04月26日 12時00分, template_seq: 96090
[ 2024-04-16 05:25:30,518 ] 94 Nickpown0411 - INFO - Parsed data: title: ＜05月01日(水) 10:30～11:45＞[平針]外国免許切替審査 Hirabari Exchanging Foreign Driver's License, status: None, start_date: 2024年04月17日 07時30分, end_date: 2024年04月26日 12時00分, template_seq: 96090
[ 2024-04-16 05:25:30,563 ] 94 Nickpown0411 - INFO - Parsed data: title: ＜05月01日(水) 12:45～13:30＞[平針]外国免許切替審査 Hirabari Exchanging Foreign Driver's License, status: None, start_date: 2024年04月17日 07時30分, end_date: 2024年04月26日 12時00分, template_seq: 96091
[ 2024-04-16 05:25:30,563 ] 94 Nickpown0411 - INFO - Parsed data: title: ＜05月01日(水) 12:45～13:30＞[平針]外国免許切替審査 Hirabari Exchanging Foreign Driver's License, status: None, start_date: 2024年04月17日 07時30分, end_date: 2024年04月26日 12時00分, template_seq: 96091
[ 2024-04-16 05:25:30,563 ] 94 Nickpown0411 - INFO - Parsed data: title: ＜05月01日(水) 12:45～13:30＞[平針]外国免許切替審査 Hirabari Exchanging Foreign Driver's License, status: None, start_date: 2024年04月17日 07時30分, end_date: 2024年04月26日 12時00分, template_seq: 96091
[ 2024-04-16 05:25:30,603 ] 94 Nickpown0411 - INFO - Parsed data: title: ＜05月01日(水) 13:30～14:45＞[平針]外国免許切替審査 Hirabari Exchanging Foreign Driver's License, status: None, start_date: 2024年04月17日 07時30分, end_date: 2024年04月26日 12時00分, template_seq: 96093
[ 2024-04-16 05:25:30,603 ] 94 Nickpown0411 - INFO - Parsed data: title: ＜05月01日(水) 13:30～14:45＞[平針]外国免許切替審査 Hirabari Exchanging Foreign Driver's License, status: None, start_date: 2024年04月17日 07時30分, end_date: 2024年04月26日 12時00分, template_seq: 96093
[ 2024-04-16 05:25:30,603 ] 94 Nickpown0411 - INFO - Parsed data: title: ＜05月01日(水) 13:30～14:45＞[平針]外国免許切替審査 Hirabari Exchanging Foreign Driver's License, status: None, start_date: 2024年04月17日 07時30分, end_date: 2024年04月26日 12時00分, template_seq: 96093
[ 2024-04-16 05:25:30,641 ] 94 Nickpown0411 - INFO - Parsed data: title: ＜04月30日(火) 08:45～09:30＞[平針]外国免許切替審査 Hirabari Exchanging Foreign Driver's License, status: None, start_date: 2024年04月16日 07時30分, end_date: 2024年04月25日 12時00分, template_seq: 95604
[ 2024-04-16 05:25:30,641 ] 94 Nickpown0411 - INFO - Parsed data: title: ＜04月30日(火) 08:45～09:30＞[平針]外国免許切替審査 Hirabari Exchanging Foreign Driver's License, status: None, start_date: 2024年04月16日 07時30分, end_date: 2024年04月25日 12時00分, template_seq: 95604
[ 2024-04-16 05:25:30,641 ] 94 Nickpown0411 - INFO - Parsed data: title: ＜04月30日(火) 08:45～09:30＞[平針]外国免許切替審査 Hirabari Exchanging Foreign Driver's License, status: None, start_date: 2024年04月16日 07時30分, end_date: 2024年04月25日 12時00分, template_seq: 95604
[ 2024-04-16 05:25:30,642 ] 94 Nickpown0411 - INFO - Parsed data: title: ＜04月30日(火) 08:45～09:30＞[平針]外国免許切替審査 Hirabari Exchanging Foreign Driver's License, status: None, start_date: 2024年04月16日 07時30分, end_date: 2024年04月25日 12時00分, template_seq: 95604
[ 2024-04-16 05:25:30,642 ] 94 Nickpown0411 - INFO - Parsed data: title: ＜04月30日(火) 08:45～09:30＞[平針]外国免許切替審査 Hirabari Exchanging Foreign Driver's License, status: None, start_date: 2024年04月16日 07時30分, end_date: 2024年04月25日 12時00分, template_seq: 95604
[ 2024-04-16 05:25:30,642 ] 94 Nickpown0411 - INFO - Parsed data: title: ＜04月30日(火) 08:45～09:30＞[平針]外国免許切替審査 Hirabari Exchanging Foreign Driver's License, status: None, start_date: 2024年04月16日 07時30分, end_date: 2024年04月25日 12時00分, template_seq: 95604
[ 2024-04-16 05:25:30,681 ] 94 Nickpown0411 - INFO - Parsed data: title: ＜04月30日(火) 09:30～10:30＞[平針]外国免許切替審査 Hirabari Exchanging Foreign Driver's License, status: None, start_date: 2024年04月16日 07時30分, end_date: 2024年04月25日 12時00分, template_seq: 95605
[ 2024-04-16 05:25:30,681 ] 94 Nickpown0411 - INFO - Parsed data: title: ＜04月30日(火) 09:30～10:30＞[平針]外国免許切替審査 Hirabari Exchanging Foreign Driver's License, status: None, start_date: 2024年04月16日 07時30分, end_date: 2024年04月25日 12時00分, template_seq: 95605
[ 2024-04-16 05:25:30,681 ] 94 Nickpown0411 - INFO - Parsed data: title: ＜04月30日(火) 09:30～10:30＞[平針]外国免許切替審査 Hirabari Exchanging Foreign Driver's License, status: None, start_date: 2024年04月16日 07時30分, end_date: 2024年04月25日 12時00分, template_seq: 95605
[ 2024-04-16 05:25:30,682 ] 94 Nickpown0411 - INFO - Parsed data: title: ＜04月30日(火) 09:30～10:30＞[平針]外国免許切替審査 Hirabari Exchanging Foreign Driver's License, status: None, start_date: 2024年04月16日 07時30分, end_date: 2024年04月25日 12時00分, template_seq: 95605
[ 2024-04-16 05:25:30,682 ] 94 Nickpown0411 - INFO - Parsed data: title: ＜04月30日(火) 09:30～10:30＞[平針]外国免許切替審査 Hirabari Exchanging Foreign Driver's License, status: None, start_date: 2024年04月16日 07時30分, end_date: 2024年04月25日 12時00分, template_seq: 95605
[ 2024-04-16 05:25:30,682 ] 94 Nickpown0411 - INFO - Parsed data: title: ＜04月30日(火) 09:30～10:30＞[平針]外国免許切替審査 Hirabari Exchanging Foreign Driver's License, status: None, start_date: 2024年04月16日 07時30分, end_date: 2024年04月25日 12時00分, template_seq: 95605
[ 2024-04-16 05:25:30,721 ] 94 Nickpown0411 - INFO - Parsed data: title: ＜04月30日(火) 10:30～11:45＞[平針]外国免許切替審査 Hirabari Exchanging Foreign Driver's License, status: None, start_date: 2024年04月16日 07時30分, end_date: 2024年04月25日 12時00分, template_seq: 95607
[ 2024-04-16 05:25:30,721 ] 94 Nickpown0411 - INFO - Parsed data: title: ＜04月30日(火) 10:30～11:45＞[平針]外国免許切替審査 Hirabari Exchanging Foreign Driver's License, status: None, start_date: 2024年04月16日 07時30分, end_date: 2024年04月25日 12時00分, template_seq: 95607
[ 2024-04-16 05:25:30,721 ] 94 Nickpown0411 - INFO - Parsed data: title: ＜04月30日(火) 10:30～11:45＞[平針]外国免許切替審査 Hirabari Exchanging Foreign Driver's License, status: None, start_date: 2024年04月16日 07時30分, end_date: 2024年04月25日 12時00分, template_seq: 95607
[ 2024-04-16 05:25:30,722 ] 94 Nickpown0411 - INFO - Parsed data: title: ＜04月30日(火) 10:30～11:45＞[平針]外国免許切替審査 Hirabari Exchanging Foreign Driver's License, status: None, start_date: 2024年04月16日 07時30分, end_date: 2024年04月25日 12時00分, template_seq: 95607
[ 2024-04-16 05:25:30,722 ] 94 Nickpown0411 - INFO - Parsed data: title: ＜04月30日(火) 10:30～11:45＞[平針]外国免許切替審査 Hirabari Exchanging Foreign Driver's License, status: None, start_date: 2024年04月16日 07時30分, end_date: 2024年04月25日 12時00分, template_seq: 95607
[ 2024-04-16 05:25:30,722 ] 94 Nickpown0411 - INFO - Parsed data: title: ＜04月30日(火) 10:30～11:45＞[平針]外国免許切替審査 Hirabari Exchanging Foreign Driver's License, status: None, start_date: 2024年04月16日 07時30分, end_date: 2024年04月25日 12時00分, template_seq: 95607
[ 2024-04-16 05:25:30,755 ] 94 Nickpown0411 - INFO - Parsed data: title: ＜04月30日(火) 12:45～13:30＞[平針]外国免許切替審査 Hirabari Exchanging Foreign Driver's License, status: None, start_date: 2024年04月16日 07時30分, end_date: 2024年04月25日 12時00分, template_seq: 95608
[ 2024-04-16 05:25:30,755 ] 94 Nickpown0411 - INFO - Parsed data: title: ＜04月30日(火) 12:45～13:30＞[平針]外国免許切替審査 Hirabari Exchanging Foreign Driver's License, status: None, start_date: 2024年04月16日 07時30分, end_date: 2024年04月25日 12時00分, template_seq: 95608
[ 2024-04-16 05:25:30,755 ] 94 Nickpown0411 - INFO - Parsed data: title: ＜04月30日(火) 12:45～13:30＞[平針]外国免許切替審査 Hirabari Exchanging Foreign Driver's License, status: None, start_date: 2024年04月16日 07時30分, end_date: 2024年04月25日 12時00分, template_seq: 95608
[ 2024-04-16 05:25:30,757 ] 94 Nickpown0411 - INFO - Parsed data: title: ＜04月30日(火) 12:45～13:30＞[平針]外国免許切替審査 Hirabari Exchanging Foreign Driver's License, status: None, start_date: 2024年04月16日 07時30分, end_date: 2024年04月25日 12時00分, template_seq: 95608
[ 2024-04-16 05:25:30,757 ] 94 Nickpown0411 - INFO - Parsed data: title: ＜04月30日(火) 12:45～13:30＞[平針]外国免許切替審査 Hirabari Exchanging Foreign Driver's License, status: None, start_date: 2024年04月16日 07時30分, end_date: 2024年04月25日 12時00分, template_seq: 95608
[ 2024-04-16 05:25:30,757 ] 94 Nickpown0411 - INFO - Parsed data: title: ＜04月30日(火) 12:45～13:30＞[平針]外国免許切替審査 Hirabari Exchanging Foreign Driver's License, status: None, start_date: 2024年04月16日 07時30分, end_date: 2024年04月25日 12時00分, template_seq: 95608
[ 2024-04-16 05:25:30,792 ] 94 Nickpown0411 - INFO - Parsed data: title: ＜04月30日(火) 13:30～14:45＞[平針]外国免許切替審査 Hirabari Exchanging Foreign Driver's License, status: None, start_date: 2024年04月16日 07時30分, end_date: 2024年04月25日 12時00分, template_seq: 95609
[ 2024-04-16 05:25:30,792 ] 94 Nickpown0411 - INFO - Parsed data: title: ＜04月30日(火) 13:30～14:45＞[平針]外国免許切替審査 Hirabari Exchanging Foreign Driver's License, status: None, start_date: 2024年04月16日 07時30分, end_date: 2024年04月25日 12時00分, template_seq: 95609
[ 2024-04-16 05:25:30,792 ] 94 Nickpown0411 - INFO - Parsed data: title: ＜04月30日(火) 13:30～14:45＞[平針]外国免許切替審査 Hirabari Exchanging Foreign Driver's License, status: None, start_date: 2024年04月16日 07時30分, end_date: 2024年04月25日 12時00分, template_seq: 95609
[ 2024-04-16 05:25:30,794 ] 94 Nickpown0411 - INFO - Parsed data: title: ＜04月30日(火) 13:30～14:45＞[平針]外国免許切替審査 Hirabari Exchanging Foreign Driver's License, status: None, start_date: 2024年04月16日 07時30分, end_date: 2024年04月25日 12時00分, template_seq: 95609
[ 2024-04-16 05:25:30,794 ] 94 Nickpown0411 - INFO - Parsed data: title: ＜04月30日(火) 13:30～14:45＞[平針]外国免許切替審査 Hirabari Exchanging Foreign Driver's License, status: None, start_date: 2024年04月16日 07時30分, end_date: 2024年04月25日 12時00分, template_seq: 95609
[ 2024-04-16 05:25:30,794 ] 94 Nickpown0411 - INFO - Parsed data: title: ＜04月30日(火) 13:30～14:45＞[平針]外国免許切替審査 Hirabari Exchanging Foreign Driver's License, status: None, start_date: 2024年04月16日 07時30分, end_date: 2024年04月25日 12時00分, template_seq: 95609
[ 2024-04-16 05:25:30,824 ] 94 Nickpown0411 - INFO - Parsed data: title: ＜04月26日(金) 08:45～09:30＞[平針]外国免許切替審査 Hirabari Exchanging Foreign Driver's License, status: None, start_date: 2024年04月12日 07時30分, end_date: 2024年04月24日 12時00分, template_seq: 95410
[ 2024-04-16 05:25:30,824 ] 94 Nickpown0411 - INFO - Parsed data: title: ＜04月26日(金) 08:45～09:30＞[平針]外国免許切替審査 Hirabari Exchanging Foreign Driver's License, status: None, start_date: 2024年04月12日 07時30分, end_date: 2024年04月24日 12時00分, template_seq: 95410
[ 2024-04-16 05:25:30,824 ] 94 Nickpown0411 - INFO - Parsed data: title: ＜04月26日(金) 08:45～09:30＞[平針]外国免許切替審査 Hirabari Exchanging Foreign Driver's License, status: None, start_date: 2024年04月12日 07時30分, end_date: 2024年04月24日 12時00分, template_seq: 95410
[ 2024-04-16 05:25:30,860 ] 94 Nickpown0411 - INFO - Parsed data: title: ＜04月26日(金) 09:30～10:30＞[平針]外国免許切替審査 Hirabari Exchanging Foreign Driver's License, status: None, start_date: 2024年04月12日 07時30分, end_date: 2024年04月24日 12時00分, template_seq: 95411
[ 2024-04-16 05:25:30,860 ] 94 Nickpown0411 - INFO - Parsed data: title: ＜04月26日(金) 09:30～10:30＞[平針]外国免許切替審査 Hirabari Exchanging Foreign Driver's License, status: None, start_date: 2024年04月12日 07時30分, end_date: 2024年04月24日 12時00分, template_seq: 95411
[ 2024-04-16 05:25:30,860 ] 94 Nickpown0411 - INFO - Parsed data: title: ＜04月26日(金) 09:30～10:30＞[平針]外国免許切替審査 Hirabari Exchanging Foreign Driver's License, status: None, start_date: 2024年04月12日 07時30分, end_date: 2024年04月24日 12時00分, template_seq: 95411
[ 2024-04-16 05:25:30,896 ] 94 Nickpown0411 - INFO - Parsed data: title: ＜04月26日(金) 10:30～11:45＞[平針]外国免許切替審査 Hirabari Exchanging Foreign Driver's License, status: None, start_date: 2024年04月12日 07時30分, end_date: 2024年04月24日 12時00分, template_seq: 95412
[ 2024-04-16 05:25:30,896 ] 94 Nickpown0411 - INFO - Parsed data: title: ＜04月26日(金) 10:30～11:45＞[平針]外国免許切替審査 Hirabari Exchanging Foreign Driver's License, status: None, start_date: 2024年04月12日 07時30分, end_date: 2024年04月24日 12時00分, template_seq: 95412
[ 2024-04-16 05:25:30,896 ] 94 Nickpown0411 - INFO - Parsed data: title: ＜04月26日(金) 10:30～11:45＞[平針]外国免許切替審査 Hirabari Exchanging Foreign Driver's License, status: None, start_date: 2024年04月12日 07時30分, end_date: 2024年04月24日 12時00分, template_seq: 95412
[ 2024-04-16 05:25:30,932 ] 94 Nickpown0411 - INFO - Parsed data: title: ＜04月26日(金) 12:45～13:30＞[平針]外国免許切替審査 Hirabari Exchanging Foreign Driver's License, status: None, start_date: 2024年04月12日 07時30分, end_date: 2024年04月24日 12時00分, template_seq: 95413
[ 2024-04-16 05:25:30,932 ] 94 Nickpown0411 - INFO - Parsed data: title: ＜04月26日(金) 12:45～13:30＞[平針]外国免許切替審査 Hirabari Exchanging Foreign Driver's License, status: None, start_date: 2024年04月12日 07時30分, end_date: 2024年04月24日 12時00分, template_seq: 95413
[ 2024-04-16 05:25:30,932 ] 94 Nickpown0411 - INFO - Parsed data: title: ＜04月26日(金) 12:45～13:30＞[平針]外国免許切替審査 Hirabari Exchanging Foreign Driver's License, status: None, start_date: 2024年04月12日 07時30分, end_date: 2024年04月24日 12時00分, template_seq: 95413
[ 2024-04-16 05:25:30,965 ] 94 Nickpown0411 - INFO - Parsed data: title: ＜04月26日(金) 13:30～14:45＞[平針]外国免許切替審査 Hirabari Exchanging Foreign Driver's License, status: None, start_date: 2024年04月12日 07時30分, end_date: 2024年04月24日 12時00分, template_seq: 95414
[ 2024-04-16 05:25:30,965 ] 94 Nickpown0411 - INFO - Parsed data: title: ＜04月26日(金) 13:30～14:45＞[平針]外国免許切替審査 Hirabari Exchanging Foreign Driver's License, status: None, start_date: 2024年04月12日 07時30分, end_date: 2024年04月24日 12時00分, template_seq: 95414
[ 2024-04-16 05:25:30,965 ] 94 Nickpown0411 - INFO - Parsed data: title: ＜04月26日(金) 13:30～14:45＞[平針]外国免許切替審査 Hirabari Exchanging Foreign Driver's License, status: None, start_date: 2024年04月12日 07時30分, end_date: 2024年04月24日 12時00分, template_seq: 95414
[ 2024-04-16 05:25:31,002 ] 94 Nickpown0411 - INFO - Parsed data: title: ＜04月25日(木) 08:45～09:30＞[平針]外国免許切替審査 Hirabari Exchanging Foreign Driver's License, status: None, start_date: 2024年04月11日 07時30分, end_date: 2024年04月23日 12時00分, template_seq: 95405
[ 2024-04-16 05:25:31,002 ] 94 Nickpown0411 - INFO - Parsed data: title: ＜04月25日(木) 08:45～09:30＞[平針]外国免許切替審査 Hirabari Exchanging Foreign Driver's License, status: None, start_date: 2024年04月11日 07時30分, end_date: 2024年04月23日 12時00分, template_seq: 95405
[ 2024-04-16 05:25:31,002 ] 94 Nickpown0411 - INFO - Parsed data: title: ＜04月25日(木) 08:45～09:30＞[平針]外国免許切替審査 Hirabari Exchanging Foreign Driver's License, status: None, start_date: 2024年04月11日 07時30分, end_date: 2024年04月23日 12時00分, template_seq: 95405
[ 2024-04-16 05:25:31,037 ] 94 Nickpown0411 - INFO - Parsed data: title: ＜04月25日(木) 09:30～10:30＞[平針]外国免許切替審査 Hirabari Exchanging Foreign Driver's License, status: None, start_date: 2024年04月11日 07時30分, end_date: 2024年04月23日 12時00分, template_seq: 95406
[ 2024-04-16 05:25:31,037 ] 94 Nickpown0411 - INFO - Parsed data: title: ＜04月25日(木) 09:30～10:30＞[平針]外国免許切替審査 Hirabari Exchanging Foreign Driver's License, status: None, start_date: 2024年04月11日 07時30分, end_date: 2024年04月23日 12時00分, template_seq: 95406
[ 2024-04-16 05:25:31,037 ] 94 Nickpown0411 - INFO - Parsed data: title: ＜04月25日(木) 09:30～10:30＞[平針]外国免許切替審査 Hirabari Exchanging Foreign Driver's License, status: None, start_date: 2024年04月11日 07時30分, end_date: 2024年04月23日 12時00分, template_seq: 95406
[ 2024-04-16 05:25:31,081 ] 94 Nickpown0411 - INFO - Parsed data: title: ＜04月25日(木) 10:30～11:45＞[平針]外国免許切替審査 Hirabari Exchanging Foreign Driver's License, status: None, start_date: 2024年04月11日 07時30分, end_date: 2024年04月23日 12時00分, template_seq: 95407
[ 2024-04-16 05:25:31,081 ] 94 Nickpown0411 - INFO - Parsed data: title: ＜04月25日(木) 10:30～11:45＞[平針]外国免許切替審査 Hirabari Exchanging Foreign Driver's License, status: None, start_date: 2024年04月11日 07時30分, end_date: 2024年04月23日 12時00分, template_seq: 95407
[ 2024-04-16 05:25:31,081 ] 94 Nickpown0411 - INFO - Parsed data: title: ＜04月25日(木) 10:30～11:45＞[平針]外国免許切替審査 Hirabari Exchanging Foreign Driver's License, status: None, start_date: 2024年04月11日 07時30分, end_date: 2024年04月23日 12時00分, template_seq: 95407
[ 2024-04-16 05:25:31,120 ] 94 Nickpown0411 - INFO - Parsed data: title: ＜04月25日(木) 12:45～13:30＞[平針]外国免許切替審査 Hirabari Exchanging Foreign Driver's License, status: None, start_date: 2024年04月11日 07時30分, end_date: 2024年04月23日 12時00分, template_seq: 95408
[ 2024-04-16 05:25:31,120 ] 94 Nickpown0411 - INFO - Parsed data: title: ＜04月25日(木) 12:45～13:30＞[平針]外国免許切替審査 Hirabari Exchanging Foreign Driver's License, status: None, start_date: 2024年04月11日 07時30分, end_date: 2024年04月23日 12時00分, template_seq: 95408
[ 2024-04-16 05:25:31,120 ] 94 Nickpown0411 - INFO - Parsed data: title: ＜04月25日(木) 12:45～13:30＞[平針]外国免許切替審査 Hirabari Exchanging Foreign Driver's License, status: None, start_date: 2024年04月11日 07時30分, end_date: 2024年04月23日 12時00分, template_seq: 95408
[ 2024-04-16 05:25:31,178 ] 94 Nickpown0411 - INFO - Parsed data: title: ＜04月25日(木) 13:30～14:45＞[平針]外国免許切替審査 Hirabari Exchanging Foreign Driver's License, status: None, start_date: 2024年04月11日 07時30分, end_date: 2024年04月23日 12時00分, template_seq: 95409
[ 2024-04-16 05:25:31,178 ] 94 Nickpown0411 - INFO - Parsed data: title: ＜04月25日(木) 13:30～14:45＞[平針]外国免許切替審査 Hirabari Exchanging Foreign Driver's License, status: None, start_date: 2024年04月11日 07時30分, end_date: 2024年04月23日 12時00分, template_seq: 95409
[ 2024-04-16 05:25:31,178 ] 94 Nickpown0411 - INFO - Parsed data: title: ＜04月25日(木) 13:30～14:45＞[平針]外国免許切替審査 Hirabari Exchanging Foreign Driver's License, status: None, start_date: 2024年04月11日 07時30分, end_date: 2024年04月23日 12時00分, template_seq: 95409
[ 2024-04-16 05:25:31,180 ] 94 Nickpown0411 - INFO - Number of filtered forms left is: 5 form(s)
[ 2024-04-16 05:25:31,180 ] 94 Nickpown0411 - INFO - Number of filtered forms left is: 5 form(s)
[ 2024-04-16 05:25:31,180 ] 94 Nickpown0411 - INFO - Number of filtered forms left is: 5 form(s)
[ 2024-04-16 05:25:31,182 ] 94 Nickpown0411 - INFO - Accessing form, template sequence: 95608
[ 2024-04-16 05:25:31,182 ] 94 Nickpown0411 - INFO - Accessing form, template sequence: 95608
[ 2024-04-16 05:25:31,182 ] 94 Nickpown0411 - INFO - Accessing form, template sequence: 95608
[ 2024-04-16 05:25:31,182 ] 94 Nickpown0411 - INFO - Form URL: https://www.shinsei.e-aichi.jp/pref-aichi-police-u/offer/offerList_detailTop?tempSeq=95608
[ 2024-04-16 05:25:31,182 ] 94 Nickpown0411 - INFO - Form URL: https://www.shinsei.e-aichi.jp/pref-aichi-police-u/offer/offerList_detailTop?tempSeq=95608
[ 2024-04-16 05:25:31,182 ] 94 Nickpown0411 - INFO - Form URL: https://www.shinsei.e-aichi.jp/pref-aichi-police-u/offer/offerList_detailTop?tempSeq=95608
[ 2024-04-16 05:25:36,741 ] 94 Nickpown0411 - INFO - Accessed form successfully
[ 2024-04-16 05:25:36,741 ] 94 Nickpown0411 - INFO - Accessed form successfully
[ 2024-04-16 05:25:36,741 ] 94 Nickpown0411 - INFO - Accessed form successfully
[ 2024-04-16 05:25:36,757 ] 94 Nickpown0411 - INFO - Form message: 申込期間ではありません。
[ 2024-04-16 05:25:36,757 ] 94 Nickpown0411 - INFO - Form message: 申込期間ではありません。
[ 2024-04-16 05:25:36,757 ] 94 Nickpown0411 - INFO - Form message: 申込期間ではありません。
[ 2024-04-16 05:25:36,758 ] 94 Nickpown0411 - INFO - Refreshing page to check availability trial number 1, template sequence: 95608
[ 2024-04-16 05:25:36,758 ] 94 Nickpown0411 - INFO - Refreshing page to check availability trial number 1, template sequence: 95608
[ 2024-04-16 05:25:36,758 ] 94 Nickpown0411 - INFO - Refreshing page to check availability trial number 1, template sequence: 95608
[ 2024-04-16 05:25:37,855 ] 94 Nickpown0411 - INFO - Form message: 申込期間ではありません。
[ 2024-04-16 05:25:37,855 ] 94 Nickpown0411 - INFO - Form message: 申込期間ではありません。
[ 2024-04-16 05:25:37,855 ] 94 Nickpown0411 - INFO - Form message: 申込期間ではありません。
[ 2024-04-16 05:25:37,855 ] 94 Nickpown0411 - INFO - Refreshing page to check availability trial number 2, template sequence: 95608
[ 2024-04-16 05:25:37,855 ] 94 Nickpown0411 - INFO - Refreshing page to check availability trial number 2, template sequence: 95608
[ 2024-04-16 05:25:37,855 ] 94 Nickpown0411 - INFO - Refreshing page to check availability trial number 2, template sequence: 95608
[ 2024-04-16 05:25:38,964 ] 94 Nickpown0411 - INFO - Form message: 申込期間ではありません。
[ 2024-04-16 05:25:38,964 ] 94 Nickpown0411 - INFO - Form message: 申込期間ではありません。
[ 2024-04-16 05:25:38,964 ] 94 Nickpown0411 - INFO - Form message: 申込期間ではありません。
[ 2024-04-16 05:25:38,965 ] 94 Nickpown0411 - INFO - Refreshing page to check availability trial number 3, template sequence: 95608
[ 2024-04-16 05:25:38,965 ] 94 Nickpown0411 - INFO - Refreshing page to check availability trial number 3, template sequence: 95608
[ 2024-04-16 05:25:38,965 ] 94 Nickpown0411 - INFO - Refreshing page to check availability trial number 3, template sequence: 95608
[ 2024-04-16 05:25:40,021 ] 94 Nickpown0411 - INFO - Form message: 申込期間ではありません。
[ 2024-04-16 05:25:40,021 ] 94 Nickpown0411 - INFO - Form message: 申込期間ではありません。
[ 2024-04-16 05:25:40,021 ] 94 Nickpown0411 - INFO - Form message: 申込期間ではありません。
[ 2024-04-16 05:25:40,021 ] 94 Nickpown0411 - INFO - Refreshing page to check availability trial number 4, template sequence: 95608
[ 2024-04-16 05:25:40,021 ] 94 Nickpown0411 - INFO - Refreshing page to check availability trial number 4, template sequence: 95608
[ 2024-04-16 05:25:40,021 ] 94 Nickpown0411 - INFO - Refreshing page to check availability trial number 4, template sequence: 95608
[ 2024-04-16 05:25:41,630 ] 94 Nickpown0411 - INFO - Form message: 申込期間ではありません。
[ 2024-04-16 05:25:41,630 ] 94 Nickpown0411 - INFO - Form message: 申込期間ではありません。
[ 2024-04-16 05:25:41,630 ] 94 Nickpown0411 - INFO - Form message: 申込期間ではありません。
[ 2024-04-16 05:25:41,631 ] 94 Nickpown0411 - INFO - Refreshing page to check availability trial number 5, template sequence: 95608
[ 2024-04-16 05:25:41,631 ] 94 Nickpown0411 - INFO - Refreshing page to check availability trial number 5, template sequence: 95608
[ 2024-04-16 05:25:41,631 ] 94 Nickpown0411 - INFO - Refreshing page to check availability trial number 5, template sequence: 95608
[ 2024-04-16 05:25:43,289 ] 94 Nickpown0411 - INFO - Form message: 申込期間ではありません。
[ 2024-04-16 05:25:43,289 ] 94 Nickpown0411 - INFO - Form message: 申込期間ではありません。
[ 2024-04-16 05:25:43,289 ] 94 Nickpown0411 - INFO - Form message: 申込期間ではありません。
[ 2024-04-16 05:25:43,289 ] 94 Nickpown0411 - INFO - Refreshing page to check availability trial number 6, template sequence: 95608
[ 2024-04-16 05:25:43,289 ] 94 Nickpown0411 - INFO - Refreshing page to check availability trial number 6, template sequence: 95608
[ 2024-04-16 05:25:43,289 ] 94 Nickpown0411 - INFO - Refreshing page to check availability trial number 6, template sequence: 95608
[ 2024-04-16 05:25:44,419 ] 94 Nickpown0411 - INFO - Form message: 申込期間ではありません。
[ 2024-04-16 05:25:44,419 ] 94 Nickpown0411 - INFO - Form message: 申込期間ではありません。
[ 2024-04-16 05:25:44,419 ] 94 Nickpown0411 - INFO - Form message: 申込期間ではありません。
[ 2024-04-16 05:25:44,419 ] 94 Nickpown0411 - INFO - Refreshing page to check availability trial number 7, template sequence: 95608
[ 2024-04-16 05:25:44,419 ] 94 Nickpown0411 - INFO - Refreshing page to check availability trial number 7, template sequence: 95608
[ 2024-04-16 05:25:44,419 ] 94 Nickpown0411 - INFO - Refreshing page to check availability trial number 7, template sequence: 95608
[ 2024-04-16 05:25:45,570 ] 94 Nickpown0411 - INFO - Form message: 申込期間ではありません。
[ 2024-04-16 05:25:45,570 ] 94 Nickpown0411 - INFO - Form message: 申込期間ではありません。
[ 2024-04-16 05:25:45,570 ] 94 Nickpown0411 - INFO - Form message: 申込期間ではありません。
[ 2024-04-16 05:25:45,570 ] 94 Nickpown0411 - INFO - Refreshing page to check availability trial number 8, template sequence: 95608
[ 2024-04-16 05:25:45,570 ] 94 Nickpown0411 - INFO - Refreshing page to check availability trial number 8, template sequence: 95608
[ 2024-04-16 05:25:45,570 ] 94 Nickpown0411 - INFO - Refreshing page to check availability trial number 8, template sequence: 95608
[ 2024-04-16 05:25:46,631 ] 94 Nickpown0411 - INFO - Form message: 申込期間ではありません。
[ 2024-04-16 05:25:46,631 ] 94 Nickpown0411 - INFO - Form message: 申込期間ではありません。
[ 2024-04-16 05:25:46,631 ] 94 Nickpown0411 - INFO - Form message: 申込期間ではありません。
[ 2024-04-16 05:25:46,632 ] 94 Nickpown0411 - INFO - Refreshing page to check availability trial number 9, template sequence: 95608
[ 2024-04-16 05:25:46,632 ] 94 Nickpown0411 - INFO - Refreshing page to check availability trial number 9, template sequence: 95608
[ 2024-04-16 05:25:46,632 ] 94 Nickpown0411 - INFO - Refreshing page to check availability trial number 9, template sequence: 95608
[ 2024-04-16 05:25:47,818 ] 94 Nickpown0411 - INFO - Form message: 申込期間ではありません。
[ 2024-04-16 05:25:47,818 ] 94 Nickpown0411 - INFO - Form message: 申込期間ではありません。
[ 2024-04-16 05:25:47,818 ] 94 Nickpown0411 - INFO - Form message: 申込期間ではありません。
[ 2024-04-16 05:25:47,818 ] 94 Nickpown0411 - INFO - Refreshing page to check availability trial number 10, template sequence: 95608
[ 2024-04-16 05:25:47,818 ] 94 Nickpown0411 - INFO - Refreshing page to check availability trial number 10, template sequence: 95608
[ 2024-04-16 05:25:47,818 ] 94 Nickpown0411 - INFO - Refreshing page to check availability trial number 10, template sequence: 95608
[ 2024-04-16 05:25:48,881 ] 94 Nickpown0411 - INFO - Form message: 申込期間ではありません。
[ 2024-04-16 05:25:48,881 ] 94 Nickpown0411 - INFO - Form message: 申込期間ではありません。
[ 2024-04-16 05:25:48,881 ] 94 Nickpown0411 - INFO - Form message: 申込期間ではありません。
[ 2024-04-16 05:25:48,881 ] 94 Nickpown0411 - INFO - Refreshing page to check availability trial number 11, template sequence: 95608
[ 2024-04-16 05:25:48,881 ] 94 Nickpown0411 - INFO - Refreshing page to check availability trial number 11, template sequence: 95608
[ 2024-04-16 05:25:48,881 ] 94 Nickpown0411 - INFO - Refreshing page to check availability trial number 11, template sequence: 95608
[ 2024-04-16 05:25:50,061 ] 94 Nickpown0411 - INFO - Form message: 申込期間ではありません。
[ 2024-04-16 05:25:50,061 ] 94 Nickpown0411 - INFO - Form message: 申込期間ではありません。
[ 2024-04-16 05:25:50,061 ] 94 Nickpown0411 - INFO - Form message: 申込期間ではありません。
[ 2024-04-16 05:25:50,062 ] 94 Nickpown0411 - INFO - Refreshing page to check availability trial number 12, template sequence: 95608
[ 2024-04-16 05:25:50,062 ] 94 Nickpown0411 - INFO - Refreshing page to check availability trial number 12, template sequence: 95608
[ 2024-04-16 05:25:50,062 ] 94 Nickpown0411 - INFO - Refreshing page to check availability trial number 12, template sequence: 95608
[ 2024-04-16 05:25:51,257 ] 94 Nickpown0411 - INFO - Form message: 申込期間ではありません。
[ 2024-04-16 05:25:51,257 ] 94 Nickpown0411 - INFO - Form message: 申込期間ではありません。
[ 2024-04-16 05:25:51,257 ] 94 Nickpown0411 - INFO - Form message: 申込期間ではありません。
[ 2024-04-16 05:25:51,258 ] 94 Nickpown0411 - INFO - Refreshing page to check availability trial number 13, template sequence: 95608
[ 2024-04-16 05:25:51,258 ] 94 Nickpown0411 - INFO - Refreshing page to check availability trial number 13, template sequence: 95608
[ 2024-04-16 05:25:51,258 ] 94 Nickpown0411 - INFO - Refreshing page to check availability trial number 13, template sequence: 95608
[ 2024-04-16 05:25:52,334 ] 94 Nickpown0411 - INFO - Form message: 申込期間ではありません。
[ 2024-04-16 05:25:52,334 ] 94 Nickpown0411 - INFO - Form message: 申込期間ではありません。
[ 2024-04-16 05:25:52,334 ] 94 Nickpown0411 - INFO - Form message: 申込期間ではありません。
[ 2024-04-16 05:25:52,335 ] 94 Nickpown0411 - INFO - Refreshing page to check availability trial number 14, template sequence: 95608
[ 2024-04-16 05:25:52,335 ] 94 Nickpown0411 - INFO - Refreshing page to check availability trial number 14, template sequence: 95608
[ 2024-04-16 05:25:52,335 ] 94 Nickpown0411 - INFO - Refreshing page to check availability trial number 14, template sequence: 95608
[ 2024-04-16 05:25:53,502 ] 94 Nickpown0411 - INFO - Form message: 申込期間ではありません。
[ 2024-04-16 05:25:53,502 ] 94 Nickpown0411 - INFO - Form message: 申込期間ではありません。
[ 2024-04-16 05:25:53,502 ] 94 Nickpown0411 - INFO - Form message: 申込期間ではありません。
[ 2024-04-16 05:25:53,503 ] 94 Nickpown0411 - INFO - Refreshing page to check availability trial number 15, template sequence: 95608
[ 2024-04-16 05:25:53,503 ] 94 Nickpown0411 - INFO - Refreshing page to check availability trial number 15, template sequence: 95608
[ 2024-04-16 05:25:53,503 ] 94 Nickpown0411 - INFO - Refreshing page to check availability trial number 15, template sequence: 95608
[ 2024-04-16 05:25:54,594 ] 94 Nickpown0411 - INFO - Form message: 申込期間ではありません。
[ 2024-04-16 05:25:54,594 ] 94 Nickpown0411 - INFO - Form message: 申込期間ではありません。
[ 2024-04-16 05:25:54,594 ] 94 Nickpown0411 - INFO - Form message: 申込期間ではありません。
[ 2024-04-16 05:25:54,594 ] 94 Nickpown0411 - INFO - Refreshing page to check availability trial number 16, template sequence: 95608
[ 2024-04-16 05:25:54,594 ] 94 Nickpown0411 - INFO - Refreshing page to check availability trial number 16, template sequence: 95608
[ 2024-04-16 05:25:54,594 ] 94 Nickpown0411 - INFO - Refreshing page to check availability trial number 16, template sequence: 95608
[ 2024-04-16 05:25:55,678 ] 94 Nickpown0411 - INFO - Form message: 申込期間ではありません。
[ 2024-04-16 05:25:55,678 ] 94 Nickpown0411 - INFO - Form message: 申込期間ではありません。
[ 2024-04-16 05:25:55,678 ] 94 Nickpown0411 - INFO - Form message: 申込期間ではありません。
[ 2024-04-16 05:25:55,679 ] 94 Nickpown0411 - INFO - Refreshing page to check availability trial number 17, template sequence: 95608
[ 2024-04-16 05:25:55,679 ] 94 Nickpown0411 - INFO - Refreshing page to check availability trial number 17, template sequence: 95608
[ 2024-04-16 05:25:55,679 ] 94 Nickpown0411 - INFO - Refreshing page to check availability trial number 17, template sequence: 95608
[ 2024-04-16 05:25:56,765 ] 94 Nickpown0411 - INFO - Form message: 申込期間ではありません。
[ 2024-04-16 05:25:56,765 ] 94 Nickpown0411 - INFO - Form message: 申込期間ではありません。
[ 2024-04-16 05:25:56,765 ] 94 Nickpown0411 - INFO - Form message: 申込期間ではありません。
[ 2024-04-16 05:25:56,766 ] 94 Nickpown0411 - INFO - Refreshing page to check availability trial number 18, template sequence: 95608
[ 2024-04-16 05:25:56,766 ] 94 Nickpown0411 - INFO - Refreshing page to check availability trial number 18, template sequence: 95608
[ 2024-04-16 05:25:56,766 ] 94 Nickpown0411 - INFO - Refreshing page to check availability trial number 18, template sequence: 95608
[ 2024-04-16 05:25:57,865 ] 94 Nickpown0411 - INFO - Form message: 申込期間ではありません。
[ 2024-04-16 05:25:57,865 ] 94 Nickpown0411 - INFO - Form message: 申込期間ではありません。
[ 2024-04-16 05:25:57,865 ] 94 Nickpown0411 - INFO - Form message: 申込期間ではありません。
[ 2024-04-16 05:25:57,866 ] 94 Nickpown0411 - INFO - Refreshing page to check availability trial number 19, template sequence: 95608
[ 2024-04-16 05:25:57,866 ] 94 Nickpown0411 - INFO - Refreshing page to check availability trial number 19, template sequence: 95608
[ 2024-04-16 05:25:57,866 ] 94 Nickpown0411 - INFO - Refreshing page to check availability trial number 19, template sequence: 95608
[ 2024-04-16 05:25:58,979 ] 94 Nickpown0411 - INFO - Form message: 申込期間ではありません。
[ 2024-04-16 05:25:58,979 ] 94 Nickpown0411 - INFO - Form message: 申込期間ではありません。
[ 2024-04-16 05:25:58,979 ] 94 Nickpown0411 - INFO - Form message: 申込期間ではありません。
[ 2024-04-16 05:25:58,980 ] 94 Nickpown0411 - INFO - Refreshing page to check availability trial number 20, template sequence: 95608
[ 2024-04-16 05:25:58,980 ] 94 Nickpown0411 - INFO - Refreshing page to check availability trial number 20, template sequence: 95608
[ 2024-04-16 05:25:58,980 ] 94 Nickpown0411 - INFO - Refreshing page to check availability trial number 20, template sequence: 95608
[ 2024-04-16 05:26:00,034 ] 94 Nickpown0411 - INFO - Form message: 申込期間ではありません。
[ 2024-04-16 05:26:00,034 ] 94 Nickpown0411 - INFO - Form message: 申込期間ではありません。
[ 2024-04-16 05:26:00,034 ] 94 Nickpown0411 - INFO - Form message: 申込期間ではありません。
[ 2024-04-16 05:26:00,034 ] 94 Nickpown0411 - INFO - Failed to access form after 20 refreshing, template sequence: 95608
[ 2024-04-16 05:26:00,034 ] 94 Nickpown0411 - INFO - Failed to access form after 20 refreshing, template sequence: 95608
[ 2024-04-16 05:26:00,034 ] 94 Nickpown0411 - INFO - Failed to access form after 20 refreshing, template sequence: 95608
[ 2024-04-16 05:26:00,035 ] 94 Nickpown0411 - INFO - Accessing form, template sequence: 95604
[ 2024-04-16 05:26:00,035 ] 94 Nickpown0411 - INFO - Accessing form, template sequence: 95604
[ 2024-04-16 05:26:00,035 ] 94 Nickpown0411 - INFO - Accessing form, template sequence: 95604
[ 2024-04-16 05:26:00,035 ] 94 Nickpown0411 - INFO - Form URL: https://www.shinsei.e-aichi.jp/pref-aichi-police-u/offer/offerList_detailTop?tempSeq=95604
[ 2024-04-16 05:26:00,035 ] 94 Nickpown0411 - INFO - Form URL: https://www.shinsei.e-aichi.jp/pref-aichi-police-u/offer/offerList_detailTop?tempSeq=95604
[ 2024-04-16 05:26:00,035 ] 94 Nickpown0411 - INFO - Form URL: https://www.shinsei.e-aichi.jp/pref-aichi-police-u/offer/offerList_detailTop?tempSeq=95604
[ 2024-04-16 05:26:05,702 ] 94 Nickpown0411 - INFO - Accessed form successfully
[ 2024-04-16 05:26:05,702 ] 94 Nickpown0411 - INFO - Accessed form successfully
[ 2024-04-16 05:26:05,702 ] 94 Nickpown0411 - INFO - Accessed form successfully
[ 2024-04-16 05:26:05,717 ] 94 Nickpown0411 - INFO - Form message: 申込期間ではありません。
[ 2024-04-16 05:26:05,717 ] 94 Nickpown0411 - INFO - Form message: 申込期間ではありません。
[ 2024-04-16 05:26:05,717 ] 94 Nickpown0411 - INFO - Form message: 申込期間ではありません。
[ 2024-04-16 05:26:05,717 ] 94 Nickpown0411 - INFO - Refreshing page to check availability trial number 1, template sequence: 95604
[ 2024-04-16 05:26:05,717 ] 94 Nickpown0411 - INFO - Refreshing page to check availability trial number 1, template sequence: 95604
[ 2024-04-16 05:26:05,717 ] 94 Nickpown0411 - INFO - Refreshing page to check availability trial number 1, template sequence: 95604
[ 2024-04-16 05:26:06,864 ] 94 Nickpown0411 - INFO - Form message: 申込期間ではありません。
[ 2024-04-16 05:26:06,864 ] 94 Nickpown0411 - INFO - Form message: 申込期間ではありません。
[ 2024-04-16 05:26:06,864 ] 94 Nickpown0411 - INFO - Form message: 申込期間ではありません。
[ 2024-04-16 05:26:06,865 ] 94 Nickpown0411 - INFO - Refreshing page to check availability trial number 2, template sequence: 95604
[ 2024-04-16 05:26:06,865 ] 94 Nickpown0411 - INFO - Refreshing page to check availability trial number 2, template sequence: 95604
[ 2024-04-16 05:26:06,865 ] 94 Nickpown0411 - INFO - Refreshing page to check availability trial number 2, template sequence: 95604
[ 2024-04-16 05:26:08,064 ] 94 Nickpown0411 - INFO - Form message: 申込期間ではありません。
[ 2024-04-16 05:26:08,064 ] 94 Nickpown0411 - INFO - Form message: 申込期間ではありません。
[ 2024-04-16 05:26:08,064 ] 94 Nickpown0411 - INFO - Form message: 申込期間ではありません。
[ 2024-04-16 05:26:08,065 ] 94 Nickpown0411 - INFO - Refreshing page to check availability trial number 3, template sequence: 95604
[ 2024-04-16 05:26:08,065 ] 94 Nickpown0411 - INFO - Refreshing page to check availability trial number 3, template sequence: 95604
[ 2024-04-16 05:26:08,065 ] 94 Nickpown0411 - INFO - Refreshing page to check availability trial number 3, template sequence: 95604
[ 2024-04-16 05:26:09,210 ] 94 Nickpown0411 - INFO - Form message: 申込期間ではありません。
[ 2024-04-16 05:26:09,210 ] 94 Nickpown0411 - INFO - Form message: 申込期間ではありません。
[ 2024-04-16 05:26:09,210 ] 94 Nickpown0411 - INFO - Form message: 申込期間ではありません。
[ 2024-04-16 05:26:09,211 ] 94 Nickpown0411 - INFO - Refreshing page to check availability trial number 4, template sequence: 95604
[ 2024-04-16 05:26:09,211 ] 94 Nickpown0411 - INFO - Refreshing page to check availability trial number 4, template sequence: 95604
[ 2024-04-16 05:26:09,211 ] 94 Nickpown0411 - INFO - Refreshing page to check availability trial number 4, template sequence: 95604
[ 2024-04-16 05:26:10,323 ] 94 Nickpown0411 - INFO - Form message: 申込期間ではありません。
[ 2024-04-16 05:26:10,323 ] 94 Nickpown0411 - INFO - Form message: 申込期間ではありません。
[ 2024-04-16 05:26:10,323 ] 94 Nickpown0411 - INFO - Form message: 申込期間ではありません。
[ 2024-04-16 05:26:10,324 ] 94 Nickpown0411 - INFO - Refreshing page to check availability trial number 5, template sequence: 95604
[ 2024-04-16 05:26:10,324 ] 94 Nickpown0411 - INFO - Refreshing page to check availability trial number 5, template sequence: 95604
[ 2024-04-16 05:26:10,324 ] 94 Nickpown0411 - INFO - Refreshing page to check availability trial number 5, template sequence: 95604
[ 2024-04-16 05:26:11,340 ] 94 Nickpown0411 - INFO - Form message: 申込期間ではありません。
[ 2024-04-16 05:26:11,340 ] 94 Nickpown0411 - INFO - Form message: 申込期間ではありません。
[ 2024-04-16 05:26:11,340 ] 94 Nickpown0411 - INFO - Form message: 申込期間ではありません。
[ 2024-04-16 05:26:11,340 ] 94 Nickpown0411 - INFO - Refreshing page to check availability trial number 6, template sequence: 95604
[ 2024-04-16 05:26:11,340 ] 94 Nickpown0411 - INFO - Refreshing page to check availability trial number 6, template sequence: 95604
[ 2024-04-16 05:26:11,340 ] 94 Nickpown0411 - INFO - Refreshing page to check availability trial number 6, template sequence: 95604
[ 2024-04-16 05:26:12,465 ] 94 Nickpown0411 - INFO - Form message: 申込期間ではありません。
[ 2024-04-16 05:26:12,465 ] 94 Nickpown0411 - INFO - Form message: 申込期間ではありません。
[ 2024-04-16 05:26:12,465 ] 94 Nickpown0411 - INFO - Form message: 申込期間ではありません。
[ 2024-04-16 05:26:12,465 ] 94 Nickpown0411 - INFO - Refreshing page to check availability trial number 7, template sequence: 95604
[ 2024-04-16 05:26:12,465 ] 94 Nickpown0411 - INFO - Refreshing page to check availability trial number 7, template sequence: 95604
[ 2024-04-16 05:26:12,465 ] 94 Nickpown0411 - INFO - Refreshing page to check availability trial number 7, template sequence: 95604
[ 2024-04-16 05:26:13,492 ] 94 Nickpown0411 - INFO - Form message: 申込期間ではありません。
[ 2024-04-16 05:26:13,492 ] 94 Nickpown0411 - INFO - Form message: 申込期間ではありません。
[ 2024-04-16 05:26:13,492 ] 94 Nickpown0411 - INFO - Form message: 申込期間ではありません。
[ 2024-04-16 05:26:13,493 ] 94 Nickpown0411 - INFO - Refreshing page to check availability trial number 8, template sequence: 95604
[ 2024-04-16 05:26:13,493 ] 94 Nickpown0411 - INFO - Refreshing page to check availability trial number 8, template sequence: 95604
[ 2024-04-16 05:26:13,493 ] 94 Nickpown0411 - INFO - Refreshing page to check availability trial number 8, template sequence: 95604
[ 2024-04-16 05:26:14,515 ] 94 Nickpown0411 - INFO - Form message: 申込期間ではありません。
[ 2024-04-16 05:26:14,515 ] 94 Nickpown0411 - INFO - Form message: 申込期間ではありません。
[ 2024-04-16 05:26:14,515 ] 94 Nickpown0411 - INFO - Form message: 申込期間ではありません。
[ 2024-04-16 05:26:14,515 ] 94 Nickpown0411 - INFO - Refreshing page to check availability trial number 9, template sequence: 95604
[ 2024-04-16 05:26:14,515 ] 94 Nickpown0411 - INFO - Refreshing page to check availability trial number 9, template sequence: 95604
[ 2024-04-16 05:26:14,515 ] 94 Nickpown0411 - INFO - Refreshing page to check availability trial number 9, template sequence: 95604
[ 2024-04-16 05:26:15,548 ] 94 Nickpown0411 - INFO - Form message: 申込期間ではありません。
[ 2024-04-16 05:26:15,548 ] 94 Nickpown0411 - INFO - Form message: 申込期間ではありません。
[ 2024-04-16 05:26:15,548 ] 94 Nickpown0411 - INFO - Form message: 申込期間ではありません。
[ 2024-04-16 05:26:15,549 ] 94 Nickpown0411 - INFO - Refreshing page to check availability trial number 10, template sequence: 95604
[ 2024-04-16 05:26:15,549 ] 94 Nickpown0411 - INFO - Refreshing page to check availability trial number 10, template sequence: 95604
[ 2024-04-16 05:26:15,549 ] 94 Nickpown0411 - INFO - Refreshing page to check availability trial number 10, template sequence: 95604
[ 2024-04-16 05:26:16,609 ] 94 Nickpown0411 - INFO - Form message: 申込期間ではありません。
[ 2024-04-16 05:26:16,609 ] 94 Nickpown0411 - INFO - Form message: 申込期間ではありません。
[ 2024-04-16 05:26:16,609 ] 94 Nickpown0411 - INFO - Form message: 申込期間ではありません。
[ 2024-04-16 05:26:16,610 ] 94 Nickpown0411 - INFO - Refreshing page to check availability trial number 11, template sequence: 95604
[ 2024-04-16 05:26:16,610 ] 94 Nickpown0411 - INFO - Refreshing page to check availability trial number 11, template sequence: 95604
[ 2024-04-16 05:26:16,610 ] 94 Nickpown0411 - INFO - Refreshing page to check availability trial number 11, template sequence: 95604
[ 2024-04-16 05:26:17,738 ] 94 Nickpown0411 - INFO - Form message: 申込期間ではありません。
[ 2024-04-16 05:26:17,738 ] 94 Nickpown0411 - INFO - Form message: 申込期間ではありません。
[ 2024-04-16 05:26:17,738 ] 94 Nickpown0411 - INFO - Form message: 申込期間ではありません。
[ 2024-04-16 05:26:17,738 ] 94 Nickpown0411 - INFO - Refreshing page to check availability trial number 12, template sequence: 95604
[ 2024-04-16 05:26:17,738 ] 94 Nickpown0411 - INFO - Refreshing page to check availability trial number 12, template sequence: 95604
[ 2024-04-16 05:26:17,738 ] 94 Nickpown0411 - INFO - Refreshing page to check availability trial number 12, template sequence: 95604
[ 2024-04-16 05:26:18,889 ] 94 Nickpown0411 - INFO - Form message: 申込期間ではありません。
[ 2024-04-16 05:26:18,889 ] 94 Nickpown0411 - INFO - Form message: 申込期間ではありません。
[ 2024-04-16 05:26:18,889 ] 94 Nickpown0411 - INFO - Form message: 申込期間ではありません。
[ 2024-04-16 05:26:18,890 ] 94 Nickpown0411 - INFO - Refreshing page to check availability trial number 13, template sequence: 95604
[ 2024-04-16 05:26:18,890 ] 94 Nickpown0411 - INFO - Refreshing page to check availability trial number 13, template sequence: 95604
[ 2024-04-16 05:26:18,890 ] 94 Nickpown0411 - INFO - Refreshing page to check availability trial number 13, template sequence: 95604
[ 2024-04-16 05:26:19,988 ] 94 Nickpown0411 - INFO - Form message: 申込期間ではありません。
[ 2024-04-16 05:26:19,988 ] 94 Nickpown0411 - INFO - Form message: 申込期間ではありません。
[ 2024-04-16 05:26:19,988 ] 94 Nickpown0411 - INFO - Form message: 申込期間ではありません。
[ 2024-04-16 05:26:19,989 ] 94 Nickpown0411 - INFO - Refreshing page to check availability trial number 14, template sequence: 95604
[ 2024-04-16 05:26:19,989 ] 94 Nickpown0411 - INFO - Refreshing page to check availability trial number 14, template sequence: 95604
[ 2024-04-16 05:26:19,989 ] 94 Nickpown0411 - INFO - Refreshing page to check availability trial number 14, template sequence: 95604
[ 2024-04-16 05:26:21,050 ] 94 Nickpown0411 - INFO - Form message: 申込期間ではありません。
[ 2024-04-16 05:26:21,050 ] 94 Nickpown0411 - INFO - Form message: 申込期間ではありません。
[ 2024-04-16 05:26:21,050 ] 94 Nickpown0411 - INFO - Form message: 申込期間ではありません。
[ 2024-04-16 05:26:21,051 ] 94 Nickpown0411 - INFO - Refreshing page to check availability trial number 15, template sequence: 95604
[ 2024-04-16 05:26:21,051 ] 94 Nickpown0411 - INFO - Refreshing page to check availability trial number 15, template sequence: 95604
[ 2024-04-16 05:26:21,051 ] 94 Nickpown0411 - INFO - Refreshing page to check availability trial number 15, template sequence: 95604
[ 2024-04-16 05:26:22,230 ] 94 Nickpown0411 - INFO - Form message: 申込期間ではありません。
[ 2024-04-16 05:26:22,230 ] 94 Nickpown0411 - INFO - Form message: 申込期間ではありません。
[ 2024-04-16 05:26:22,230 ] 94 Nickpown0411 - INFO - Form message: 申込期間ではありません。
[ 2024-04-16 05:26:22,230 ] 94 Nickpown0411 - INFO - Refreshing page to check availability trial number 16, template sequence: 95604
[ 2024-04-16 05:26:22,230 ] 94 Nickpown0411 - INFO - Refreshing page to check availability trial number 16, template sequence: 95604
[ 2024-04-16 05:26:22,230 ] 94 Nickpown0411 - INFO - Refreshing page to check availability trial number 16, template sequence: 95604
[ 2024-04-16 05:26:23,267 ] 94 Nickpown0411 - INFO - Form message: 申込期間ではありません。
[ 2024-04-16 05:26:23,267 ] 94 Nickpown0411 - INFO - Form message: 申込期間ではありません。
[ 2024-04-16 05:26:23,267 ] 94 Nickpown0411 - INFO - Form message: 申込期間ではありません。
[ 2024-04-16 05:26:23,268 ] 94 Nickpown0411 - INFO - Refreshing page to check availability trial number 17, template sequence: 95604
[ 2024-04-16 05:26:23,268 ] 94 Nickpown0411 - INFO - Refreshing page to check availability trial number 17, template sequence: 95604
[ 2024-04-16 05:26:23,268 ] 94 Nickpown0411 - INFO - Refreshing page to check availability trial number 17, template sequence: 95604
[ 2024-04-16 05:26:24,364 ] 94 Nickpown0411 - INFO - Form message: 申込期間ではありません。
[ 2024-04-16 05:26:24,364 ] 94 Nickpown0411 - INFO - Form message: 申込期間ではありません。
[ 2024-04-16 05:26:24,364 ] 94 Nickpown0411 - INFO - Form message: 申込期間ではありません。
[ 2024-04-16 05:26:24,365 ] 94 Nickpown0411 - INFO - Refreshing page to check availability trial number 18, template sequence: 95604
[ 2024-04-16 05:26:24,365 ] 94 Nickpown0411 - INFO - Refreshing page to check availability trial number 18, template sequence: 95604
[ 2024-04-16 05:26:24,365 ] 94 Nickpown0411 - INFO - Refreshing page to check availability trial number 18, template sequence: 95604
[ 2024-04-16 05:26:25,620 ] 94 Nickpown0411 - INFO - Form message: 申込期間ではありません。
[ 2024-04-16 05:26:25,620 ] 94 Nickpown0411 - INFO - Form message: 申込期間ではありません。
[ 2024-04-16 05:26:25,620 ] 94 Nickpown0411 - INFO - Form message: 申込期間ではありません。
[ 2024-04-16 05:26:25,621 ] 94 Nickpown0411 - INFO - Refreshing page to check availability trial number 19, template sequence: 95604
[ 2024-04-16 05:26:25,621 ] 94 Nickpown0411 - INFO - Refreshing page to check availability trial number 19, template sequence: 95604
[ 2024-04-16 05:26:25,621 ] 94 Nickpown0411 - INFO - Refreshing page to check availability trial number 19, template sequence: 95604
[ 2024-04-16 05:26:26,607 ] 82 Nickpown0411 - ERROR - Failed to get form message, maybe form is available
Traceback (most recent call last):
  File "C:\Users\USER\Projects\AichiTool\AichiSelenium\src\controllers\filler.py", line 114, in get_form_message
    message = browser.find_element(By.XPATH, "/html/body/main/div/form/div[3]/strong/ul/li/span/strong").text
  File "C:\ProgramData\anaconda3\envs\aichi\lib\site-packages\seleniumbase\core\sb_driver.py", line 20, in find_element
    return self.driver.default_find_element(by=by, value=value)
  File "C:\ProgramData\anaconda3\envs\aichi\lib\site-packages\selenium\webdriver\remote\webdriver.py", line 741, in find_element
    return self.execute(Command.FIND_ELEMENT, {"using": by, "value": value})["value"]
  File "C:\ProgramData\anaconda3\envs\aichi\lib\site-packages\selenium\webdriver\remote\webdriver.py", line 347, in execute
    self.error_handler.check_response(response)
  File "C:\ProgramData\anaconda3\envs\aichi\lib\site-packages\selenium\webdriver\remote\errorhandler.py", line 229, in check_response
    raise exception_class(message, screen, stacktrace)
selenium.common.exceptions.NoSuchWindowException: Message: no such window: target window already closed
from unknown error: web view not found
  (Session info: chrome=123.0.6312.123)
Stacktrace:
	GetHandleVerifier [0x00007FF770D87032+63090]
	(No symbol) [0x00007FF770CF2C82]
	(No symbol) [0x00007FF770B8EC65]
	(No symbol) [0x00007FF770B6CA7C]
	(No symbol) [0x00007FF770BFD687]
	(No symbol) [0x00007FF770C12AC1]
	(No symbol) [0x00007FF770BF6D83]
	(No symbol) [0x00007FF770BC83A8]
	(No symbol) [0x00007FF770BC9441]
	GetHandleVerifier [0x00007FF7711825AD+4238317]
	GetHandleVerifier [0x00007FF7711BF70D+4488525]
	GetHandleVerifier [0x00007FF7711B79EF+4456495]
	GetHandleVerifier [0x00007FF770E60576+953270]
	(No symbol) [0x00007FF770CFE54F]
	(No symbol) [0x00007FF770CF9224]
	(No symbol) [0x00007FF770CF935B]
	(No symbol) [0x00007FF770CE9B94]
	BaseThreadInitThunk [0x00007FFDC2F1257D+29]
	RtlUserThreadStart [0x00007FFDC3E0AA48+40]

[ 2024-04-16 05:26:26,607 ] 82 Nickpown0411 - ERROR - Failed to get form message, maybe form is available
Traceback (most recent call last):
  File "C:\Users\USER\Projects\AichiTool\AichiSelenium\src\controllers\filler.py", line 114, in get_form_message
    message = browser.find_element(By.XPATH, "/html/body/main/div/form/div[3]/strong/ul/li/span/strong").text
  File "C:\ProgramData\anaconda3\envs\aichi\lib\site-packages\seleniumbase\core\sb_driver.py", line 20, in find_element
    return self.driver.default_find_element(by=by, value=value)
  File "C:\ProgramData\anaconda3\envs\aichi\lib\site-packages\selenium\webdriver\remote\webdriver.py", line 741, in find_element
    return self.execute(Command.FIND_ELEMENT, {"using": by, "value": value})["value"]
  File "C:\ProgramData\anaconda3\envs\aichi\lib\site-packages\selenium\webdriver\remote\webdriver.py", line 347, in execute
    self.error_handler.check_response(response)
  File "C:\ProgramData\anaconda3\envs\aichi\lib\site-packages\selenium\webdriver\remote\errorhandler.py", line 229, in check_response
    raise exception_class(message, screen, stacktrace)
selenium.common.exceptions.NoSuchWindowException: Message: no such window: target window already closed
from unknown error: web view not found
  (Session info: chrome=123.0.6312.123)
Stacktrace:
	GetHandleVerifier [0x00007FF770D87032+63090]
	(No symbol) [0x00007FF770CF2C82]
	(No symbol) [0x00007FF770B8EC65]
	(No symbol) [0x00007FF770B6CA7C]
	(No symbol) [0x00007FF770BFD687]
	(No symbol) [0x00007FF770C12AC1]
	(No symbol) [0x00007FF770BF6D83]
	(No symbol) [0x00007FF770BC83A8]
	(No symbol) [0x00007FF770BC9441]
	GetHandleVerifier [0x00007FF7711825AD+4238317]
	GetHandleVerifier [0x00007FF7711BF70D+4488525]
	GetHandleVerifier [0x00007FF7711B79EF+4456495]
	GetHandleVerifier [0x00007FF770E60576+953270]
	(No symbol) [0x00007FF770CFE54F]
	(No symbol) [0x00007FF770CF9224]
	(No symbol) [0x00007FF770CF935B]
	(No symbol) [0x00007FF770CE9B94]
	BaseThreadInitThunk [0x00007FFDC2F1257D+29]
	RtlUserThreadStart [0x00007FFDC3E0AA48+40]

[ 2024-04-16 05:26:26,607 ] 82 Nickpown0411 - ERROR - Failed to get form message, maybe form is available
Traceback (most recent call last):
  File "C:\Users\USER\Projects\AichiTool\AichiSelenium\src\controllers\filler.py", line 114, in get_form_message
    message = browser.find_element(By.XPATH, "/html/body/main/div/form/div[3]/strong/ul/li/span/strong").text
  File "C:\ProgramData\anaconda3\envs\aichi\lib\site-packages\seleniumbase\core\sb_driver.py", line 20, in find_element
    return self.driver.default_find_element(by=by, value=value)
  File "C:\ProgramData\anaconda3\envs\aichi\lib\site-packages\selenium\webdriver\remote\webdriver.py", line 741, in find_element
    return self.execute(Command.FIND_ELEMENT, {"using": by, "value": value})["value"]
  File "C:\ProgramData\anaconda3\envs\aichi\lib\site-packages\selenium\webdriver\remote\webdriver.py", line 347, in execute
    self.error_handler.check_response(response)
  File "C:\ProgramData\anaconda3\envs\aichi\lib\site-packages\selenium\webdriver\remote\errorhandler.py", line 229, in check_response
    raise exception_class(message, screen, stacktrace)
selenium.common.exceptions.NoSuchWindowException: Message: no such window: target window already closed
from unknown error: web view not found
  (Session info: chrome=123.0.6312.123)
Stacktrace:
	GetHandleVerifier [0x00007FF770D87032+63090]
	(No symbol) [0x00007FF770CF2C82]
	(No symbol) [0x00007FF770B8EC65]
	(No symbol) [0x00007FF770B6CA7C]
	(No symbol) [0x00007FF770BFD687]
	(No symbol) [0x00007FF770C12AC1]
	(No symbol) [0x00007FF770BF6D83]
	(No symbol) [0x00007FF770BC83A8]
	(No symbol) [0x00007FF770BC9441]
	GetHandleVerifier [0x00007FF7711825AD+4238317]
	GetHandleVerifier [0x00007FF7711BF70D+4488525]
	GetHandleVerifier [0x00007FF7711B79EF+4456495]
	GetHandleVerifier [0x00007FF770E60576+953270]
	(No symbol) [0x00007FF770CFE54F]
	(No symbol) [0x00007FF770CF9224]
	(No symbol) [0x00007FF770CF935B]
	(No symbol) [0x00007FF770CE9B94]
	BaseThreadInitThunk [0x00007FFDC2F1257D+29]
	RtlUserThreadStart [0x00007FFDC3E0AA48+40]

[ 2024-04-16 05:26:26,627 ] 94 Nickpown0411 - INFO - Form is available, template sequence: 95604
[ 2024-04-16 05:26:26,627 ] 94 Nickpown0411 - INFO - Form is available, template sequence: 95604
[ 2024-04-16 05:26:26,627 ] 94 Nickpown0411 - INFO - Form is available, template sequence: 95604
[ 2024-04-16 05:26:26,628 ] 94 Nickpown0411 - INFO - Filling form, template sequence: 95604
[ 2024-04-16 05:26:26,628 ] 94 Nickpown0411 - INFO - Filling form, template sequence: 95604
[ 2024-04-16 05:26:26,628 ] 94 Nickpown0411 - INFO - Filling form, template sequence: 95604
[ 2024-04-16 05:26:26,633 ] 82 Nickpown0411 - ERROR - Failed to click continue button: Message: no such window: target window already closed
from unknown error: web view not found
  (Session info: chrome=123.0.6312.123)
Stacktrace:
	GetHandleVerifier [0x00007FF770D87032+63090]
	(No symbol) [0x00007FF770CF2C82]
	(No symbol) [0x00007FF770B8EC65]
	(No symbol) [0x00007FF770B6CA7C]
	(No symbol) [0x00007FF770BFD687]
	(No symbol) [0x00007FF770C12AC1]
	(No symbol) [0x00007FF770BF6D83]
	(No symbol) [0x00007FF770BC83A8]
	(No symbol) [0x00007FF770BC9441]
	GetHandleVerifier [0x00007FF7711825AD+4238317]
	GetHandleVerifier [0x00007FF7711BF70D+4488525]
	GetHandleVerifier [0x00007FF7711B79EF+4456495]
	GetHandleVerifier [0x00007FF770E60576+953270]
	(No symbol) [0x00007FF770CFE54F]
	(No symbol) [0x00007FF770CF9224]
	(No symbol) [0x00007FF770CF935B]
	(No symbol) [0x00007FF770CE9B94]
	BaseThreadInitThunk [0x00007FFDC2F1257D+29]
	RtlUserThreadStart [0x00007FFDC3E0AA48+40]
Traceback (most recent call last):
  File "C:\Users\USER\Projects\AichiTool\AichiSelenium\src\controllers\filler.py", line 57, in fill
    continue_button = browser.find_element(By.XPATH, r'//*[@id="ok"]')
  File "C:\ProgramData\anaconda3\envs\aichi\lib\site-packages\seleniumbase\core\sb_driver.py", line 20, in find_element
    return self.driver.default_find_element(by=by, value=value)
  File "C:\ProgramData\anaconda3\envs\aichi\lib\site-packages\selenium\webdriver\remote\webdriver.py", line 741, in find_element
    return self.execute(Command.FIND_ELEMENT, {"using": by, "value": value})["value"]
  File "C:\ProgramData\anaconda3\envs\aichi\lib\site-packages\selenium\webdriver\remote\webdriver.py", line 347, in execute
    self.error_handler.check_response(response)
  File "C:\ProgramData\anaconda3\envs\aichi\lib\site-packages\selenium\webdriver\remote\errorhandler.py", line 229, in check_response
    raise exception_class(message, screen, stacktrace)
selenium.common.exceptions.NoSuchWindowException: Message: no such window: target window already closed
from unknown error: web view not found
  (Session info: chrome=123.0.6312.123)
Stacktrace:
	GetHandleVerifier [0x00007FF770D87032+63090]
	(No symbol) [0x00007FF770CF2C82]
	(No symbol) [0x00007FF770B8EC65]
	(No symbol) [0x00007FF770B6CA7C]
	(No symbol) [0x00007FF770BFD687]
	(No symbol) [0x00007FF770C12AC1]
	(No symbol) [0x00007FF770BF6D83]
	(No symbol) [0x00007FF770BC83A8]
	(No symbol) [0x00007FF770BC9441]
	GetHandleVerifier [0x00007FF7711825AD+4238317]
	GetHandleVerifier [0x00007FF7711BF70D+4488525]
	GetHandleVerifier [0x00007FF7711B79EF+4456495]
	GetHandleVerifier [0x00007FF770E60576+953270]
	(No symbol) [0x00007FF770CFE54F]
	(No symbol) [0x00007FF770CF9224]
	(No symbol) [0x00007FF770CF935B]
	(No symbol) [0x00007FF770CE9B94]
	BaseThreadInitThunk [0x00007FFDC2F1257D+29]
	RtlUserThreadStart [0x00007FFDC3E0AA48+40]

[ 2024-04-16 05:26:26,633 ] 82 Nickpown0411 - ERROR - Failed to click continue button: Message: no such window: target window already closed
from unknown error: web view not found
  (Session info: chrome=123.0.6312.123)
Stacktrace:
	GetHandleVerifier [0x00007FF770D87032+63090]
	(No symbol) [0x00007FF770CF2C82]
	(No symbol) [0x00007FF770B8EC65]
	(No symbol) [0x00007FF770B6CA7C]
	(No symbol) [0x00007FF770BFD687]
	(No symbol) [0x00007FF770C12AC1]
	(No symbol) [0x00007FF770BF6D83]
	(No symbol) [0x00007FF770BC83A8]
	(No symbol) [0x00007FF770BC9441]
	GetHandleVerifier [0x00007FF7711825AD+4238317]
	GetHandleVerifier [0x00007FF7711BF70D+4488525]
	GetHandleVerifier [0x00007FF7711B79EF+4456495]
	GetHandleVerifier [0x00007FF770E60576+953270]
	(No symbol) [0x00007FF770CFE54F]
	(No symbol) [0x00007FF770CF9224]
	(No symbol) [0x00007FF770CF935B]
	(No symbol) [0x00007FF770CE9B94]
	BaseThreadInitThunk [0x00007FFDC2F1257D+29]
	RtlUserThreadStart [0x00007FFDC3E0AA48+40]
Traceback (most recent call last):
  File "C:\Users\USER\Projects\AichiTool\AichiSelenium\src\controllers\filler.py", line 57, in fill
    continue_button = browser.find_element(By.XPATH, r'//*[@id="ok"]')
  File "C:\ProgramData\anaconda3\envs\aichi\lib\site-packages\seleniumbase\core\sb_driver.py", line 20, in find_element
    return self.driver.default_find_element(by=by, value=value)
  File "C:\ProgramData\anaconda3\envs\aichi\lib\site-packages\selenium\webdriver\remote\webdriver.py", line 741, in find_element
    return self.execute(Command.FIND_ELEMENT, {"using": by, "value": value})["value"]
  File "C:\ProgramData\anaconda3\envs\aichi\lib\site-packages\selenium\webdriver\remote\webdriver.py", line 347, in execute
    self.error_handler.check_response(response)
  File "C:\ProgramData\anaconda3\envs\aichi\lib\site-packages\selenium\webdriver\remote\errorhandler.py", line 229, in check_response
    raise exception_class(message, screen, stacktrace)
selenium.common.exceptions.NoSuchWindowException: Message: no such window: target window already closed
from unknown error: web view not found
  (Session info: chrome=123.0.6312.123)
Stacktrace:
	GetHandleVerifier [0x00007FF770D87032+63090]
	(No symbol) [0x00007FF770CF2C82]
	(No symbol) [0x00007FF770B8EC65]
	(No symbol) [0x00007FF770B6CA7C]
	(No symbol) [0x00007FF770BFD687]
	(No symbol) [0x00007FF770C12AC1]
	(No symbol) [0x00007FF770BF6D83]
	(No symbol) [0x00007FF770BC83A8]
	(No symbol) [0x00007FF770BC9441]
	GetHandleVerifier [0x00007FF7711825AD+4238317]
	GetHandleVerifier [0x00007FF7711BF70D+4488525]
	GetHandleVerifier [0x00007FF7711B79EF+4456495]
	GetHandleVerifier [0x00007FF770E60576+953270]
	(No symbol) [0x00007FF770CFE54F]
	(No symbol) [0x00007FF770CF9224]
	(No symbol) [0x00007FF770CF935B]
	(No symbol) [0x00007FF770CE9B94]
	BaseThreadInitThunk [0x00007FFDC2F1257D+29]
	RtlUserThreadStart [0x00007FFDC3E0AA48+40]

[ 2024-04-16 05:26:26,633 ] 82 Nickpown0411 - ERROR - Failed to click continue button: Message: no such window: target window already closed
from unknown error: web view not found
  (Session info: chrome=123.0.6312.123)
Stacktrace:
	GetHandleVerifier [0x00007FF770D87032+63090]
	(No symbol) [0x00007FF770CF2C82]
	(No symbol) [0x00007FF770B8EC65]
	(No symbol) [0x00007FF770B6CA7C]
	(No symbol) [0x00007FF770BFD687]
	(No symbol) [0x00007FF770C12AC1]
	(No symbol) [0x00007FF770BF6D83]
	(No symbol) [0x00007FF770BC83A8]
	(No symbol) [0x00007FF770BC9441]
	GetHandleVerifier [0x00007FF7711825AD+4238317]
	GetHandleVerifier [0x00007FF7711BF70D+4488525]
	GetHandleVerifier [0x00007FF7711B79EF+4456495]
	GetHandleVerifier [0x00007FF770E60576+953270]
	(No symbol) [0x00007FF770CFE54F]
	(No symbol) [0x00007FF770CF9224]
	(No symbol) [0x00007FF770CF935B]
	(No symbol) [0x00007FF770CE9B94]
	BaseThreadInitThunk [0x00007FFDC2F1257D+29]
	RtlUserThreadStart [0x00007FFDC3E0AA48+40]
Traceback (most recent call last):
  File "C:\Users\USER\Projects\AichiTool\AichiSelenium\src\controllers\filler.py", line 57, in fill
    continue_button = browser.find_element(By.XPATH, r'//*[@id="ok"]')
  File "C:\ProgramData\anaconda3\envs\aichi\lib\site-packages\seleniumbase\core\sb_driver.py", line 20, in find_element
    return self.driver.default_find_element(by=by, value=value)
  File "C:\ProgramData\anaconda3\envs\aichi\lib\site-packages\selenium\webdriver\remote\webdriver.py", line 741, in find_element
    return self.execute(Command.FIND_ELEMENT, {"using": by, "value": value})["value"]
  File "C:\ProgramData\anaconda3\envs\aichi\lib\site-packages\selenium\webdriver\remote\webdriver.py", line 347, in execute
    self.error_handler.check_response(response)
  File "C:\ProgramData\anaconda3\envs\aichi\lib\site-packages\selenium\webdriver\remote\errorhandler.py", line 229, in check_response
    raise exception_class(message, screen, stacktrace)
selenium.common.exceptions.NoSuchWindowException: Message: no such window: target window already closed
from unknown error: web view not found
  (Session info: chrome=123.0.6312.123)
Stacktrace:
	GetHandleVerifier [0x00007FF770D87032+63090]
	(No symbol) [0x00007FF770CF2C82]
	(No symbol) [0x00007FF770B8EC65]
	(No symbol) [0x00007FF770B6CA7C]
	(No symbol) [0x00007FF770BFD687]
	(No symbol) [0x00007FF770C12AC1]
	(No symbol) [0x00007FF770BF6D83]
	(No symbol) [0x00007FF770BC83A8]
	(No symbol) [0x00007FF770BC9441]
	GetHandleVerifier [0x00007FF7711825AD+4238317]
	GetHandleVerifier [0x00007FF7711BF70D+4488525]
	GetHandleVerifier [0x00007FF7711B79EF+4456495]
	GetHandleVerifier [0x00007FF770E60576+953270]
	(No symbol) [0x00007FF770CFE54F]
	(No symbol) [0x00007FF770CF9224]
	(No symbol) [0x00007FF770CF935B]
	(No symbol) [0x00007FF770CE9B94]
	BaseThreadInitThunk [0x00007FFDC2F1257D+29]
	RtlUserThreadStart [0x00007FFDC3E0AA48+40]

[ 2024-04-16 05:26:26,637 ] 94 Nickpown0411 - INFO - Accessing form, template sequence: 95607
[ 2024-04-16 05:26:26,637 ] 94 Nickpown0411 - INFO - Accessing form, template sequence: 95607
[ 2024-04-16 05:26:26,637 ] 94 Nickpown0411 - INFO - Accessing form, template sequence: 95607
[ 2024-04-16 05:26:26,637 ] 94 Nickpown0411 - INFO - Form URL: https://www.shinsei.e-aichi.jp/pref-aichi-police-u/offer/offerList_detailTop?tempSeq=95607
[ 2024-04-16 05:26:26,637 ] 94 Nickpown0411 - INFO - Form URL: https://www.shinsei.e-aichi.jp/pref-aichi-police-u/offer/offerList_detailTop?tempSeq=95607
[ 2024-04-16 05:26:26,637 ] 94 Nickpown0411 - INFO - Form URL: https://www.shinsei.e-aichi.jp/pref-aichi-police-u/offer/offerList_detailTop?tempSeq=95607
