[ 2024-04-24 15:03:34,616 ] 91 luthien5921 - INFO - Opened login page
[ 2024-04-24 15:03:34,616 ] 91 luthien5921 - INFO - Opened login page
[ 2024-04-24 15:03:34,616 ] 91 luthien5921 - INFO - Opened login page
[ 2024-04-24 15:03:38,544 ] 91 luthien5921 - INFO - Logging in
[ 2024-04-24 15:03:38,544 ] 91 luthien5921 - INFO - Logging in
[ 2024-04-24 15:03:38,544 ] 91 luthien5921 - INFO - Logging in
[ 2024-04-24 15:03:38,549 ] 91 luthien5921 - INFO - Current url: https://www.shinsei.e-aichi.jp/pref-aichi-police-u/offer/offerList_initDisplay
[ 2024-04-24 15:03:38,549 ] 91 luthien5921 - INFO - Current url: https://www.shinsei.e-aichi.jp/pref-aichi-police-u/offer/offerList_initDisplay
[ 2024-04-24 15:03:38,549 ] 91 luthien5921 - INFO - Current url: https://www.shinsei.e-aichi.jp/pref-aichi-police-u/offer/offerList_initDisplay
[ 2024-04-24 15:03:38,860 ] 91 luthien5921 - INFO - Logged in finished
[ 2024-04-24 15:03:38,860 ] 91 luthien5921 - INFO - Logged in finished
[ 2024-04-24 15:03:38,860 ] 91 luthien5921 - INFO - Logged in finished
[ 2024-04-24 15:03:39,124 ] 91 luthien5921 - INFO - On main page
[ 2024-04-24 15:03:39,124 ] 91 luthien5921 - INFO - On main page
[ 2024-04-24 15:03:39,124 ] 91 luthien5921 - INFO - On main page
[ 2024-04-24 15:03:40,838 ] 91 luthien5921 - INFO - Search submitted
[ 2024-04-24 15:03:40,838 ] 91 luthien5921 - INFO - Search submitted
[ 2024-04-24 15:03:40,838 ] 91 luthien5921 - INFO - Search submitted
[ 2024-04-24 15:03:40,857 ] 91 luthien5921 - INFO - Collected 2 forms
[ 2024-04-24 15:03:40,857 ] 91 luthien5921 - INFO - Collected 2 forms
[ 2024-04-24 15:03:40,857 ] 91 luthien5921 - INFO - Collected 2 forms
