[ 2024-04-30 22:49:20,779 ] 91 root - INFO - Starting all threads
[ 2024-04-30 22:49:20,779 ] 91 root - INFO - Starting all threads
[ 2024-04-30 22:49:20,779 ] 91 root - INFO - Meta: {'__module__': 'src.globals', '__doc__': '        Meta configs        ', 'keyword': '行政', 'test_mode': True, 'debug_mode': True, 'onlyday': True, 'max_num_retry': 5, 'default_num_threads': 1, 'display_number': 50, 'main_phone_number_dash': '080-1583-0891', 'uc': True, 'headless': False, 'timeout': 900, '__dict__': <attribute '__dict__' of 'Meta' objects>, '__weakref__': <attribute '__weakref__' of 'Meta' objects>}
[ 2024-04-30 22:49:20,779 ] 91 root - INFO - Meta: {'__module__': 'src.globals', '__doc__': '        Meta configs        ', 'keyword': '行政', 'test_mode': True, 'debug_mode': True, 'onlyday': True, 'max_num_retry': 5, 'default_num_threads': 1, 'display_number': 50, 'main_phone_number_dash': '080-1583-0891', 'uc': True, 'headless': False, 'timeout': 900, '__dict__': <attribute '__dict__' of 'Meta' objects>, '__weakref__': <attribute '__weakref__' of 'Meta' objects>}
[ 2024-04-30 22:49:20,780 ] 91 root - INFO - Number of dev accounts: 7
[ 2024-04-30 22:49:20,780 ] 91 root - INFO - Number of dev accounts: 7
[ 2024-04-30 22:49:20,780 ] 91 root - INFO - Test mode: True
[ 2024-04-30 22:49:20,780 ] 91 root - INFO - Test mode: True
[ 2024-04-30 22:49:20,781 ] 91 main_controller - INFO - Subprocess 0 started with trial number 0
[ 2024-04-30 22:49:20,782 ] 91 main_controller - ERROR - Account is a dictionary, convert to Account object: Username: luthien5921@gmail.com, Password: aichi@5921
[ 2024-04-30 22:49:22,705 ] 91 main_controller - INFO - Browser opened
[ 2024-04-30 22:49:22,787 ] 91 root - INFO - Thread 0 started
[ 2024-04-30 22:49:22,787 ] 91 root - INFO - Thread 0 started
[ 2024-04-30 22:49:28,105 ] 91 luthien5921 - INFO - Opened login page
[ 2024-04-30 22:49:31,689 ] 91 luthien5921 - INFO - Logging in
[ 2024-04-30 22:49:31,692 ] 91 luthien5921 - INFO - Current url: https://www.shinsei.e-aichi.jp/pref-aichi-police-u/offer/offerList_initDisplay
[ 2024-04-30 22:49:32,006 ] 91 luthien5921 - INFO - Logged in finished
[ 2024-04-30 22:49:32,006 ] 91 main_controller - INFO - Logged in successfully
[ 2024-04-30 22:49:32,112 ] 91 main_controller - INFO - Screenshot saved to D:\luthien\code\Achi.Tool\AichiSelenium\logs\2024_04_30\22_49_20\screenshot_luthien5921.png
[ 2024-04-30 22:49:32,113 ] 91 main_controller - INFO - Finding forms
[ 2024-04-30 22:49:32,115 ] 91 luthien5921 - INFO - On main page
[ 2024-04-30 22:49:33,790 ] 91 luthien5921 - INFO - Search submitted
[ 2024-04-30 22:49:33,802 ] 91 luthien5921 - INFO - Collected 2 forms
[ 2024-04-30 22:49:33,833 ] 91 luthien5921 - INFO - Number of filtered forms left is: 2 form(s)
[ 2024-04-30 22:49:33,834 ] 91 luthien5921 - INFO - 行政文書任意開示申出書 -  - 2015年08月19日 09時00分 - 2100年1月1日 00時00分 - 3895 - https://www.shinsei.e-aichi.jp/pref-aichi-police-u/offer/offerList_detailTop?tempSeq=3895 - False
[ 2024-04-30 22:49:33,834 ] 91 luthien5921 - INFO - 行政文書開示請求書 -  - 2015年08月19日 09時00分 - 2100年1月1日 00時00分 - 3896 - https://www.shinsei.e-aichi.jp/pref-aichi-police-u/offer/offerList_detailTop?tempSeq=3896 - False
[ 2024-04-30 22:49:33,834 ] 91 main_controller - INFO - Found 2 form(s)
[ 2024-04-30 22:49:33,834 ] 91 main_controller - INFO - Customers: [{'first_name': 'Ritoshi Dos Santos Oyakawa', 'last_name': 'Vinicius', 'date_birth': '19990621', 'nation': 'ブラジル', 'country': 'ブラジル'}, {'first_name': 'Raiz Sintani', 'last_name': 'Vinicius', 'date_birth': '19990621', 'nation': 'ブラジル', 'country': 'ブラジル'}, {'first_name': 'Ritoshi Dos Santos Oyakawa', 'last_name': 'Cristiane', 'date_birth': '19680727', 'nation': 'ブラジル', 'country': 'ブラジル'}, {'first_name': 'Lama', 'last_name': 'Karan', 'date_birth': '20010512', 'nation': 'ネパール', 'country': 'ネパール'}, {'first_name': 'Jan Hakim Jan', 'last_name': 'Muhammad', 'date_birth': '19770101', 'nation': 'パキスタン', 'country': 'パキスタン'}, {'first_name': 'Thi Ngoc', 'last_name': 'Bui', 'date_birth': '19930101', 'nation': 'ベトナム', 'country': 'ベトナム'}, {'first_name': 'Van Thuc', 'last_name': 'Nguyen', 'date_birth': '19941003', 'nation': 'ベトナム', 'country': 'ベトナム'}, {'first_name': 'Ghimire', 'last_name': 'Sagyan', 'date_birth': '20020604', 'nation': 'ネパール', 'country': 'ネパール'}, {'first_name': 'Emmanuel', 'last_name': 'Obua', 'date_birth': '19801225', 'nation': 'ウガンダ', 'country': 'ウガンダ'}]
[ 2024-04-30 22:49:33,835 ] 91 main_controller - INFO - Customer info index 0: {'first_name': 'Ritoshi Dos Santos Oyakawa', 'last_name': 'Vinicius', 'date_birth': '19990621', 'nation': 'ブラジル', 'country': 'ブラジル', 'phone_number': '080-1583-0891', 'gender': 'M'}
[ 2024-04-30 22:49:33,835 ] 91 main_controller - INFO - Customer index 0: Vinicius Ritoshi Dos Santos Oyakawa, M, 19990621, 080-1583-0891, ブラジル
[ 2024-04-30 22:49:33,835 ] 91 luthien5921 - INFO - Accessing form, template sequence: 3896
[ 2024-04-30 22:49:33,835 ] 91 luthien5921 - INFO - Form URL: https://www.shinsei.e-aichi.jp/pref-aichi-police-u/offer/offerList_detailTop?tempSeq=3896
[ 2024-04-30 22:49:39,388 ] 91 luthien5921 - INFO - Accessed form successfully
[ 2024-04-30 22:49:39,398 ] 79 luthien5921 - ERROR - Failed to get form message, maybe form is available
Traceback (most recent call last):
  File "D:\luthien\code\Achi.Tool\AichiSelenium\src\controllers\filler.py", line 120, in get_form_message
    message = browser.find_element(By.XPATH, "/html/body/main/div/form/div[3]/strong/ul/li/span/strong").text
  File "C:\Users\Admin\anaconda3\envs\aichi\lib\site-packages\seleniumbase\core\sb_driver.py", line 20, in find_element
    return self.driver.default_find_element(by=by, value=value)
  File "C:\Users\Admin\anaconda3\envs\aichi\lib\site-packages\selenium\webdriver\remote\webdriver.py", line 741, in find_element
    return self.execute(Command.FIND_ELEMENT, {"using": by, "value": value})["value"]
  File "C:\Users\Admin\anaconda3\envs\aichi\lib\site-packages\selenium\webdriver\remote\webdriver.py", line 347, in execute
    self.error_handler.check_response(response)
  File "C:\Users\Admin\anaconda3\envs\aichi\lib\site-packages\selenium\webdriver\remote\errorhandler.py", line 229, in check_response
    raise exception_class(message, screen, stacktrace)
selenium.common.exceptions.NoSuchElementException: Message: no such element: Unable to locate element: {"method":"xpath","selector":"/html/body/main/div/form/div[3]/strong/ul/li/span/strong"}
  (Session info: chrome=124.0.6367.91); For documentation on this error, please visit: https://www.selenium.dev/documentation/webdriver/troubleshooting/errors#no-such-element-exception
Stacktrace:
	GetHandleVerifier [0x00007FF76017F922+3045234]
	(No symbol) [0x00007FF75FE23652]
	(No symbol) [0x00007FF75FCE7564]
	(No symbol) [0x00007FF75FD35F9D]
	(No symbol) [0x00007FF75FD3606C]
	(No symbol) [0x00007FF75FD7BDD7]
	(No symbol) [0x00007FF75FD59DEF]
	(No symbol) [0x00007FF75FD791C4]
	(No symbol) [0x00007FF75FD59B53]
	(No symbol) [0x00007FF75FD2813C]
	(No symbol) [0x00007FF75FD28D71]
	GetHandleVerifier [0x00007FF7601AE89D+3237613]
	GetHandleVerifier [0x00007FF7601F0BA7+3508727]
	GetHandleVerifier [0x00007FF7601E976F+3478975]
	GetHandleVerifier [0x00007FF75FF5F1C6+815126]
	(No symbol) [0x00007FF75FE2ED0F]
	(No symbol) [0x00007FF75FE29854]
	(No symbol) [0x00007FF75FE299E2]
	(No symbol) [0x00007FF75FE1A574]
	BaseThreadInitThunk [0x00007FF83BAC257D+29]
	RtlUserThreadStart [0x00007FF83C52AA48+40]

[ 2024-04-30 22:49:39,400 ] 91 luthien5921 - INFO - Form is available, template sequence: 3896
[ 2024-04-30 22:49:39,400 ] 91 luthien5921 - INFO - Filling form, template sequence: 3896
[ 2024-04-30 22:49:40,698 ] 91 luthien5921 - INFO - Clicked continue button
[ 2024-04-30 22:49:40,712 ] 79 luthien5921 - ERROR - Failed to check checkbox: Message: element not interactable
  (Session info: chrome=124.0.6367.91)
Stacktrace:
	GetHandleVerifier [0x00007FF76017F922+3045234]
	(No symbol) [0x00007FF75FE23652]
	(No symbol) [0x00007FF75FCE7393]
	(No symbol) [0x00007FF75FD37292]
	(No symbol) [0x00007FF75FD29FDB]
	(No symbol) [0x00007FF75FD59DAA]
	(No symbol) [0x00007FF75FD29916]
	(No symbol) [0x00007FF75FD59FC0]
	(No symbol) [0x00007FF75FD791C4]
	(No symbol) [0x00007FF75FD59B53]
	(No symbol) [0x00007FF75FD2813C]
	(No symbol) [0x00007FF75FD28D71]
	GetHandleVerifier [0x00007FF7601AE89D+3237613]
	GetHandleVerifier [0x00007FF7601F0BA7+3508727]
	GetHandleVerifier [0x00007FF7601E976F+3478975]
	GetHandleVerifier [0x00007FF75FF5F1C6+815126]
	(No symbol) [0x00007FF75FE2ED0F]
	(No symbol) [0x00007FF75FE29854]
	(No symbol) [0x00007FF75FE299E2]
	(No symbol) [0x00007FF75FE1A574]
	BaseThreadInitThunk [0x00007FF83BAC257D+29]
	RtlUserThreadStart [0x00007FF83C52AA48+40]
Traceback (most recent call last):
  File "D:\luthien\code\Achi.Tool\AichiSelenium\src\controllers\filler.py", line 172, in click_checkbox
    checkbox_element.click()
  File "C:\Users\Admin\anaconda3\envs\aichi\lib\site-packages\selenium\webdriver\remote\webelement.py", line 94, in click
    self._execute(Command.CLICK_ELEMENT)
  File "C:\Users\Admin\anaconda3\envs\aichi\lib\site-packages\selenium\webdriver\remote\webelement.py", line 395, in _execute
    return self._parent.execute(command, params)
  File "C:\Users\Admin\anaconda3\envs\aichi\lib\site-packages\selenium\webdriver\remote\webdriver.py", line 347, in execute
    self.error_handler.check_response(response)
  File "C:\Users\Admin\anaconda3\envs\aichi\lib\site-packages\selenium\webdriver\remote\errorhandler.py", line 229, in check_response
    raise exception_class(message, screen, stacktrace)
selenium.common.exceptions.ElementNotInteractableException: Message: element not interactable
  (Session info: chrome=124.0.6367.91)
Stacktrace:
	GetHandleVerifier [0x00007FF76017F922+3045234]
	(No symbol) [0x00007FF75FE23652]
	(No symbol) [0x00007FF75FCE7393]
	(No symbol) [0x00007FF75FD37292]
	(No symbol) [0x00007FF75FD29FDB]
	(No symbol) [0x00007FF75FD59DAA]
	(No symbol) [0x00007FF75FD29916]
	(No symbol) [0x00007FF75FD59FC0]
	(No symbol) [0x00007FF75FD791C4]
	(No symbol) [0x00007FF75FD59B53]
	(No symbol) [0x00007FF75FD2813C]
	(No symbol) [0x00007FF75FD28D71]
	GetHandleVerifier [0x00007FF7601AE89D+3237613]
	GetHandleVerifier [0x00007FF7601F0BA7+3508727]
	GetHandleVerifier [0x00007FF7601E976F+3478975]
	GetHandleVerifier [0x00007FF75FF5F1C6+815126]
	(No symbol) [0x00007FF75FE2ED0F]
	(No symbol) [0x00007FF75FE29854]
	(No symbol) [0x00007FF75FE299E2]
	(No symbol) [0x00007FF75FE1A574]
	BaseThreadInitThunk [0x00007FF83BAC257D+29]
	RtlUserThreadStart [0x00007FF83C52AA48+40]

[ 2024-04-30 22:49:40,727 ] 79 luthien5921 - ERROR - Failed to check checkbox: Message: element not interactable
  (Session info: chrome=124.0.6367.91)
Stacktrace:
	GetHandleVerifier [0x00007FF76017F922+3045234]
	(No symbol) [0x00007FF75FE23652]
	(No symbol) [0x00007FF75FCE7393]
	(No symbol) [0x00007FF75FD37292]
	(No symbol) [0x00007FF75FD29FDB]
	(No symbol) [0x00007FF75FD59DAA]
	(No symbol) [0x00007FF75FD29916]
	(No symbol) [0x00007FF75FD59FC0]
	(No symbol) [0x00007FF75FD791C4]
	(No symbol) [0x00007FF75FD59B53]
	(No symbol) [0x00007FF75FD2813C]
	(No symbol) [0x00007FF75FD28D71]
	GetHandleVerifier [0x00007FF7601AE89D+3237613]
	GetHandleVerifier [0x00007FF7601F0BA7+3508727]
	GetHandleVerifier [0x00007FF7601E976F+3478975]
	GetHandleVerifier [0x00007FF75FF5F1C6+815126]
	(No symbol) [0x00007FF75FE2ED0F]
	(No symbol) [0x00007FF75FE29854]
	(No symbol) [0x00007FF75FE299E2]
	(No symbol) [0x00007FF75FE1A574]
	BaseThreadInitThunk [0x00007FF83BAC257D+29]
	RtlUserThreadStart [0x00007FF83C52AA48+40]
Traceback (most recent call last):
  File "D:\luthien\code\Achi.Tool\AichiSelenium\src\controllers\filler.py", line 172, in click_checkbox
    checkbox_element.click()
  File "C:\Users\Admin\anaconda3\envs\aichi\lib\site-packages\selenium\webdriver\remote\webelement.py", line 94, in click
    self._execute(Command.CLICK_ELEMENT)
  File "C:\Users\Admin\anaconda3\envs\aichi\lib\site-packages\selenium\webdriver\remote\webelement.py", line 395, in _execute
    return self._parent.execute(command, params)
  File "C:\Users\Admin\anaconda3\envs\aichi\lib\site-packages\selenium\webdriver\remote\webdriver.py", line 347, in execute
    self.error_handler.check_response(response)
  File "C:\Users\Admin\anaconda3\envs\aichi\lib\site-packages\selenium\webdriver\remote\errorhandler.py", line 229, in check_response
    raise exception_class(message, screen, stacktrace)
selenium.common.exceptions.ElementNotInteractableException: Message: element not interactable
  (Session info: chrome=124.0.6367.91)
Stacktrace:
	GetHandleVerifier [0x00007FF76017F922+3045234]
	(No symbol) [0x00007FF75FE23652]
	(No symbol) [0x00007FF75FCE7393]
	(No symbol) [0x00007FF75FD37292]
	(No symbol) [0x00007FF75FD29FDB]
	(No symbol) [0x00007FF75FD59DAA]
	(No symbol) [0x00007FF75FD29916]
	(No symbol) [0x00007FF75FD59FC0]
	(No symbol) [0x00007FF75FD791C4]
	(No symbol) [0x00007FF75FD59B53]
	(No symbol) [0x00007FF75FD2813C]
	(No symbol) [0x00007FF75FD28D71]
	GetHandleVerifier [0x00007FF7601AE89D+3237613]
	GetHandleVerifier [0x00007FF7601F0BA7+3508727]
	GetHandleVerifier [0x00007FF7601E976F+3478975]
	GetHandleVerifier [0x00007FF75FF5F1C6+815126]
	(No symbol) [0x00007FF75FE2ED0F]
	(No symbol) [0x00007FF75FE29854]
	(No symbol) [0x00007FF75FE299E2]
	(No symbol) [0x00007FF75FE1A574]
	BaseThreadInitThunk [0x00007FF83BAC257D+29]
	RtlUserThreadStart [0x00007FF83C52AA48+40]

[ 2024-04-30 22:49:52,029 ] 79 luthien5921 - ERROR - Failed to click confirm button: Message: 
Stacktrace:
	GetHandleVerifier [0x00007FF76017F922+3045234]
	(No symbol) [0x00007FF75FE23652]
	(No symbol) [0x00007FF75FCE7564]
	(No symbol) [0x00007FF75FD35F9D]
	(No symbol) [0x00007FF75FD3606C]
	(No symbol) [0x00007FF75FD7BDD7]
	(No symbol) [0x00007FF75FD59DEF]
	(No symbol) [0x00007FF75FD791C4]
	(No symbol) [0x00007FF75FD59B53]
	(No symbol) [0x00007FF75FD2813C]
	(No symbol) [0x00007FF75FD28D71]
	GetHandleVerifier [0x00007FF7601AE89D+3237613]
	GetHandleVerifier [0x00007FF7601F0BA7+3508727]
	GetHandleVerifier [0x00007FF7601E976F+3478975]
	GetHandleVerifier [0x00007FF75FF5F1C6+815126]
	(No symbol) [0x00007FF75FE2ED0F]
	(No symbol) [0x00007FF75FE29854]
	(No symbol) [0x00007FF75FE299E2]
	(No symbol) [0x00007FF75FE1A574]
	BaseThreadInitThunk [0x00007FF83BAC257D+29]
	RtlUserThreadStart [0x00007FF83C52AA48+40]
Traceback (most recent call last):
  File "D:\luthien\code\Achi.Tool\AichiSelenium\src\controllers\filler.py", line 91, in fill
    wait_until_presence(browser, By.XPATH, "/html/body/form/main/div/div[3]/div[2]/div/div[2]/button")
  File "D:\luthien\code\Achi.Tool\AichiSelenium\src\utils\html_utils.py", line 8, in wait_until_presence
    WebDriverWait(browser, timeout).until(EC.presence_of_element_located((by, html)))
  File "C:\Users\Admin\anaconda3\envs\aichi\lib\site-packages\selenium\webdriver\support\wait.py", line 105, in until
    raise TimeoutException(message, screen, stacktrace)
selenium.common.exceptions.TimeoutException: Message: 
Stacktrace:
	GetHandleVerifier [0x00007FF76017F922+3045234]
	(No symbol) [0x00007FF75FE23652]
	(No symbol) [0x00007FF75FCE7564]
	(No symbol) [0x00007FF75FD35F9D]
	(No symbol) [0x00007FF75FD3606C]
	(No symbol) [0x00007FF75FD7BDD7]
	(No symbol) [0x00007FF75FD59DEF]
	(No symbol) [0x00007FF75FD791C4]
	(No symbol) [0x00007FF75FD59B53]
	(No symbol) [0x00007FF75FD2813C]
	(No symbol) [0x00007FF75FD28D71]
	GetHandleVerifier [0x00007FF7601AE89D+3237613]
	GetHandleVerifier [0x00007FF7601F0BA7+3508727]
	GetHandleVerifier [0x00007FF7601E976F+3478975]
	GetHandleVerifier [0x00007FF75FF5F1C6+815126]
	(No symbol) [0x00007FF75FE2ED0F]
	(No symbol) [0x00007FF75FE29854]
	(No symbol) [0x00007FF75FE299E2]
	(No symbol) [0x00007FF75FE1A574]
	BaseThreadInitThunk [0x00007FF83BAC257D+29]
	RtlUserThreadStart [0x00007FF83C52AA48+40]

[ 2024-04-30 22:49:52,031 ] 91 main_controller - INFO - Failed to fill form, template sequence: 3896
[ 2024-04-30 22:49:52,031 ] 91 main_controller - INFO - Remaining form(s): 2
[ 2024-04-30 22:49:52,032 ] 91 main_controller - INFO - Customer info index 1: {'first_name': 'Raiz Sintani', 'last_name': 'Vinicius', 'date_birth': '19990621', 'nation': 'ブラジル', 'country': 'ブラジル', 'phone_number': '080-1583-0891', 'gender': 'M'}
[ 2024-04-30 22:49:52,032 ] 91 main_controller - INFO - Customer index 1: Vinicius Raiz Sintani, M, 19990621, 080-1583-0891, ブラジル
[ 2024-04-30 22:49:52,032 ] 91 luthien5921 - INFO - Accessing form, template sequence: 3895
[ 2024-04-30 22:49:52,032 ] 91 luthien5921 - INFO - Form URL: https://www.shinsei.e-aichi.jp/pref-aichi-police-u/offer/offerList_detailTop?tempSeq=3895
