[ 2024-04-17 00:12:15,576 ] 94 root - INFO - Starting all threads
[ 2024-04-17 00:12:15,576 ] 94 root - INFO - Starting all threads
[ 2024-04-17 00:12:15,577 ] 94 root - INFO - Meta: {'__module__': 'src.globals', '__doc__': '        Meta configs        ', 'keyword': 'Hirabari', 'test_mode': False, 'max_num_retry': 5, 'default_num_threads': 3, 'display_number': 50, 'main_phone_number_hash': '080-1583-0891', 'uc': True, 'headless': False, '__dict__': <attribute '__dict__' of 'Meta' objects>, '__weakref__': <attribute '__weakref__' of 'Meta' objects>}
[ 2024-04-17 00:12:15,577 ] 94 root - INFO - Meta: {'__module__': 'src.globals', '__doc__': '        Meta configs        ', 'keyword': 'Hirabari', 'test_mode': False, 'max_num_retry': 5, 'default_num_threads': 3, 'display_number': 50, 'main_phone_number_hash': '080-1583-0891', 'uc': True, 'headless': False, '__dict__': <attribute '__dict__' of 'Meta' objects>, '__weakref__': <attribute '__weakref__' of 'Meta' objects>}
[ 2024-04-17 00:12:15,577 ] 94 root - INFO - Number of dev accounts: 3
[ 2024-04-17 00:12:15,577 ] 94 root - INFO - Number of dev accounts: 3
[ 2024-04-17 00:12:15,580 ] 94 main_controller - INFO - Subprocess 0 started with trial number 0
[ 2024-04-17 00:12:15,580 ] 94 main_controller - ERROR - Account is a dictionary, convert to Account object: Username: Nickpown0411@gmail.com, Password: hoahong1234
[ 2024-04-17 00:12:17,586 ] 94 root - INFO - Thread 0 started
[ 2024-04-17 00:12:17,586 ] 94 root - INFO - Thread 0 started
[ 2024-04-17 00:12:17,588 ] 94 main_controller - INFO - Subprocess 1 started with trial number 0
[ 2024-04-17 00:12:17,589 ] 94 main_controller - ERROR - Account is a dictionary, convert to Account object: Username: marjyamada040493@gmail.com, Password: Marj0409
[ 2024-04-17 00:12:19,591 ] 94 root - INFO - Thread 1 started
[ 2024-04-17 00:12:19,591 ] 94 root - INFO - Thread 1 started
[ 2024-04-17 00:12:19,595 ] 94 main_controller - INFO - Browser opened
[ 2024-04-17 00:12:19,646 ] 94 main_controller - INFO - Subprocess 2 started with trial number 0
[ 2024-04-17 00:12:19,648 ] 94 main_controller - ERROR - Account is a dictionary, convert to Account object: Username: Jamebrown0206@gmail.com, Password: hoahong1234
[ 2024-04-17 00:12:21,276 ] 94 main_controller - INFO - Browser opened
[ 2024-04-17 00:12:21,625 ] 94 root - INFO - Thread 2 started
[ 2024-04-17 00:12:21,625 ] 94 root - INFO - Thread 2 started
