[ 2024-04-24 14:43:38,679 ] 91 luthien5921 - INFO - Opened login page
[ 2024-04-24 14:43:38,679 ] 91 luthien5921 - INFO - Opened login page
[ 2024-04-24 14:43:38,679 ] 91 luthien5921 - INFO - Opened login page
[ 2024-04-24 14:43:42,389 ] 91 luthien5921 - INFO - Logging in
[ 2024-04-24 14:43:42,389 ] 91 luthien5921 - INFO - Logging in
[ 2024-04-24 14:43:42,389 ] 91 luthien5921 - INFO - Logging in
[ 2024-04-24 14:43:42,411 ] 91 luthien5921 - INFO - Current url: https://www.shinsei.e-aichi.jp/pref-aichi-police-u/offer/offerList_initDisplay
[ 2024-04-24 14:43:42,411 ] 91 luthien5921 - INFO - Current url: https://www.shinsei.e-aichi.jp/pref-aichi-police-u/offer/offerList_initDisplay
[ 2024-04-24 14:43:42,411 ] 91 luthien5921 - INFO - Current url: https://www.shinsei.e-aichi.jp/pref-aichi-police-u/offer/offerList_initDisplay
[ 2024-04-24 14:43:42,727 ] 91 luthien5921 - INFO - Logged in finished
[ 2024-04-24 14:43:42,727 ] 91 luthien5921 - INFO - Logged in finished
[ 2024-04-24 14:43:42,727 ] 91 luthien5921 - INFO - Logged in finished
[ 2024-04-24 14:43:42,933 ] 91 luthien5921 - INFO - On main page
[ 2024-04-24 14:43:42,933 ] 91 luthien5921 - INFO - On main page
[ 2024-04-24 14:43:42,933 ] 91 luthien5921 - INFO - On main page
[ 2024-04-24 14:43:44,147 ] 91 luthien5921 - INFO - Search submitted
[ 2024-04-24 14:43:44,147 ] 91 luthien5921 - INFO - Search submitted
[ 2024-04-24 14:43:44,147 ] 91 luthien5921 - INFO - Search submitted
[ 2024-04-24 14:43:44,169 ] 91 luthien5921 - INFO - Collected 20 forms
[ 2024-04-24 14:43:44,169 ] 91 luthien5921 - INFO - Collected 20 forms
[ 2024-04-24 14:43:44,169 ] 91 luthien5921 - INFO - Collected 20 forms
[ 2024-04-24 14:43:44,530 ] 91 luthien5921 - INFO - Number of filtered forms left is: 0 form(s)
[ 2024-04-24 14:43:44,530 ] 91 luthien5921 - INFO - Number of filtered forms left is: 0 form(s)
[ 2024-04-24 14:43:44,530 ] 91 luthien5921 - INFO - Number of filtered forms left is: 0 form(s)
[ 2024-04-24 14:43:44,531 ] 91 luthien5921 - ERROR - No form found
[ 2024-04-24 14:43:44,531 ] 91 luthien5921 - ERROR - No form found
[ 2024-04-24 14:43:44,531 ] 91 luthien5921 - ERROR - No form found
[ 2024-04-24 14:43:46,750 ] 91 luthien5921 - INFO - Collected 20 forms
[ 2024-04-24 14:43:46,750 ] 91 luthien5921 - INFO - Collected 20 forms
[ 2024-04-24 14:43:46,750 ] 91 luthien5921 - INFO - Collected 20 forms
[ 2024-04-24 14:43:47,168 ] 91 luthien5921 - INFO - Number of filtered forms left is: 0 form(s)
[ 2024-04-24 14:43:47,168 ] 91 luthien5921 - INFO - Number of filtered forms left is: 0 form(s)
[ 2024-04-24 14:43:47,168 ] 91 luthien5921 - INFO - Number of filtered forms left is: 0 form(s)
[ 2024-04-24 14:43:47,168 ] 91 luthien5921 - ERROR - No form found
[ 2024-04-24 14:43:47,168 ] 91 luthien5921 - ERROR - No form found
[ 2024-04-24 14:43:47,168 ] 91 luthien5921 - ERROR - No form found
[ 2024-04-24 14:43:49,854 ] 91 luthien5921 - INFO - Collected 20 forms
[ 2024-04-24 14:43:49,854 ] 91 luthien5921 - INFO - Collected 20 forms
[ 2024-04-24 14:43:49,854 ] 91 luthien5921 - INFO - Collected 20 forms
[ 2024-04-24 14:43:50,200 ] 91 luthien5921 - INFO - Number of filtered forms left is: 0 form(s)
[ 2024-04-24 14:43:50,200 ] 91 luthien5921 - INFO - Number of filtered forms left is: 0 form(s)
[ 2024-04-24 14:43:50,200 ] 91 luthien5921 - INFO - Number of filtered forms left is: 0 form(s)
[ 2024-04-24 14:43:50,201 ] 91 luthien5921 - ERROR - No form found
[ 2024-04-24 14:43:50,201 ] 91 luthien5921 - ERROR - No form found
[ 2024-04-24 14:43:50,201 ] 91 luthien5921 - ERROR - No form found
