[ 2024-04-16 04:30:42,021 ] 94 main_controller - ERROR - Account is a dictionary, convert to Account object: Username: luthien5921@gmail.com, Password: aichi@5921
[ 2024-04-16 04:30:44,495 ] 94 main_controller - INFO - Browser opened
[ 2024-04-16 04:30:54,399 ] 94 main_controller - INFO - Logged in successfully
[ 2024-04-16 04:30:54,692 ] 94 main_controller - INFO - Screenshot saved to C:\Users\USER\Projects\AichiTool\AichiSelenium\logs\2024_04_16\04_30_41\screenshot_luthien5921.png
[ 2024-04-16 04:30:54,693 ] 94 main_controller - INFO - Finding forms
[ 2024-04-16 04:30:56,783 ] 94 main_controller - INFO - Found 4 form(s)
[ 2024-04-16 04:31:02,287 ] 94 main_controller - INFO - Form is closed, template sequence: 90548
[ 2024-04-16 04:31:13,489 ] 94 main_controller - INFO - Failed to fill form, template sequence: 90550
[ 2024-04-16 04:31:24,040 ] 94 main_controller - INFO - Failed to fill form, template sequence: 90551
[ 2024-04-16 04:31:34,852 ] 94 main_controller - INFO - Failed to fill form, template sequence: 90549
[ 2024-04-16 04:31:46,591 ] 94 main_controller - INFO - Failed to fill form, template sequence: 90550
[ 2024-04-16 04:31:55,768 ] 94 main_controller - INFO - Failed to fill form, template sequence: 90551
[ 2024-04-16 04:33:02,017 ] 82 main_controller - ERROR - Caught exception: Message: invalid session id
Stacktrace:
	GetHandleVerifier [0x00007FF770D87032+63090]
	(No symbol) [0x00007FF770CF2C82]
	(No symbol) [0x00007FF770B8EB1D]
	(No symbol) [0x00007FF770BC7E27]
	(No symbol) [0x00007FF770BF6E89]
	(No symbol) [0x00007FF770BF12AB]
	(No symbol) [0x00007FF770BF0C76]
	(No symbol) [0x00007FF770B62E55]
	GetHandleVerifier [0x00007FF7711825AD+4238317]
	GetHandleVerifier [0x00007FF7711BF70D+4488525]
	GetHandleVerifier [0x00007FF7711B79EF+4456495]
	GetHandleVerifier [0x00007FF770E60576+953270]
	(No symbol) [0x00007FF770CFE54F]
	(No symbol) [0x00007FF770B61E90]
	GetHandleVerifier [0x00007FF771209958+4792216]
	BaseThreadInitThunk [0x00007FFDC2F1257D+29]
	RtlUserThreadStart [0x00007FFDC3E0AA48+40]
Traceback (most recent call last):
  File "C:\Users\USER\Projects\AichiTool\AichiSelenium\src\controllers\main_controller.py", line 75, in subprocess
    filler.fill(browser, form_info)
  File "C:\Users\USER\Projects\AichiTool\AichiSelenium\src\controllers\filler.py", line 20, in fill
    browser.get(form_info.url)
  File "C:\ProgramData\anaconda3\envs\aichi\lib\site-packages\seleniumbase\core\browser_launcher.py", line 3739, in <lambda>
    driver.get = lambda url: uc_special_open_if_cf(
  File "C:\ProgramData\anaconda3\envs\aichi\lib\site-packages\seleniumbase\core\browser_launcher.py", line 396, in uc_special_open_if_cf
    driver.switch_to.window(driver.window_handles[-1])
  File "C:\ProgramData\anaconda3\envs\aichi\lib\site-packages\seleniumbase\undetected\__init__.py", line 326, in __getattribute__
    return super().__getattribute__(item)
  File "C:\ProgramData\anaconda3\envs\aichi\lib\site-packages\selenium\webdriver\remote\webdriver.py", line 494, in window_handles
    return self.execute(Command.W3C_GET_WINDOW_HANDLES)["value"]
  File "C:\ProgramData\anaconda3\envs\aichi\lib\site-packages\selenium\webdriver\remote\webdriver.py", line 347, in execute
    self.error_handler.check_response(response)
  File "C:\ProgramData\anaconda3\envs\aichi\lib\site-packages\selenium\webdriver\remote\errorhandler.py", line 229, in check_response
    raise exception_class(message, screen, stacktrace)
selenium.common.exceptions.InvalidSessionIdException: Message: invalid session id
Stacktrace:
	GetHandleVerifier [0x00007FF770D87032+63090]
	(No symbol) [0x00007FF770CF2C82]
	(No symbol) [0x00007FF770B8EB1D]
	(No symbol) [0x00007FF770BC7E27]
	(No symbol) [0x00007FF770BF6E89]
	(No symbol) [0x00007FF770BF12AB]
	(No symbol) [0x00007FF770BF0C76]
	(No symbol) [0x00007FF770B62E55]
	GetHandleVerifier [0x00007FF7711825AD+4238317]
	GetHandleVerifier [0x00007FF7711BF70D+4488525]
	GetHandleVerifier [0x00007FF7711B79EF+4456495]
	GetHandleVerifier [0x00007FF770E60576+953270]
	(No symbol) [0x00007FF770CFE54F]
	(No symbol) [0x00007FF770B61E90]
	GetHandleVerifier [0x00007FF771209958+4792216]
	BaseThreadInitThunk [0x00007FFDC2F1257D+29]
	RtlUserThreadStart [0x00007FFDC3E0AA48+40]

[ 2024-04-16 04:33:02,020 ] 94 main_controller - INFO - Closing browser
[ 2024-04-16 04:33:04,233 ] 94 main_controller - INFO - Browser closed
