[ 2024-04-16 05:03:34,127 ] 94 main_controller - INFO - Subprocess 0 started with trial number 0
[ 2024-04-16 05:03:34,127 ] 94 main_controller - ERROR - Account is a dictionary, convert to Account object: Username: leongnardo12@gmail.com, Password: hoahong1234
[ 2024-04-16 05:03:36,136 ] 94 main_controller - INFO - Subprocess 1 started with trial number 0
[ 2024-04-16 05:03:36,136 ] 94 main_controller - INFO - Subprocess 1 started with trial number 0
[ 2024-04-16 05:03:36,137 ] 94 main_controller - ERROR - Account is a dictionary, convert to Account object: Username: ngtrnghi123@gmail.com, Password: hoahong1234
[ 2024-04-16 05:03:36,137 ] 94 main_controller - ERROR - Account is a dictionary, convert to Account object: Username: ngtrnghi123@gmail.com, Password: hoahong1234
[ 2024-04-16 05:03:36,658 ] 94 main_controller - INFO - Browser opened
[ 2024-04-16 05:03:36,658 ] 94 main_controller - INFO - Browser opened
[ 2024-04-16 05:03:38,238 ] 94 main_controller - INFO - Subprocess 2 started with trial number 0
[ 2024-04-16 05:03:38,238 ] 94 main_controller - INFO - Subprocess 2 started with trial number 0
[ 2024-04-16 05:03:38,238 ] 94 main_controller - INFO - Subprocess 2 started with trial number 0
[ 2024-04-16 05:03:38,240 ] 94 main_controller - ERROR - Account is a dictionary, convert to Account object: Username: thanhvanngoc30@gmail.com, Password: hoahong1234
[ 2024-04-16 05:03:38,240 ] 94 main_controller - ERROR - Account is a dictionary, convert to Account object: Username: thanhvanngoc30@gmail.com, Password: hoahong1234
[ 2024-04-16 05:03:38,240 ] 94 main_controller - ERROR - Account is a dictionary, convert to Account object: Username: thanhvanngoc30@gmail.com, Password: hoahong1234
[ 2024-04-16 05:03:38,432 ] 94 main_controller - INFO - Browser opened
[ 2024-04-16 05:03:38,432 ] 94 main_controller - INFO - Browser opened
[ 2024-04-16 05:03:38,432 ] 94 main_controller - INFO - Browser opened
[ 2024-04-16 05:03:43,135 ] 94 main_controller - INFO - Browser opened
[ 2024-04-16 05:03:43,135 ] 94 main_controller - INFO - Browser opened
[ 2024-04-16 05:03:43,135 ] 94 main_controller - INFO - Browser opened
[ 2024-04-16 05:03:48,895 ] 94 main_controller - INFO - Logged in successfully
[ 2024-04-16 05:03:48,895 ] 94 main_controller - INFO - Logged in successfully
[ 2024-04-16 05:03:48,895 ] 94 main_controller - INFO - Logged in successfully
[ 2024-04-16 05:03:49,135 ] 94 main_controller - INFO - Screenshot saved to C:\Users\USER\Projects\AichiTool\AichiSelenium\logs\2024_04_16\05_03_33\screenshot_leongnardo12.png
[ 2024-04-16 05:03:49,135 ] 94 main_controller - INFO - Screenshot saved to C:\Users\USER\Projects\AichiTool\AichiSelenium\logs\2024_04_16\05_03_33\screenshot_leongnardo12.png
[ 2024-04-16 05:03:49,135 ] 94 main_controller - INFO - Screenshot saved to C:\Users\USER\Projects\AichiTool\AichiSelenium\logs\2024_04_16\05_03_33\screenshot_leongnardo12.png
[ 2024-04-16 05:03:49,135 ] 94 main_controller - INFO - Finding forms
[ 2024-04-16 05:03:49,135 ] 94 main_controller - INFO - Finding forms
[ 2024-04-16 05:03:49,135 ] 94 main_controller - INFO - Finding forms
[ 2024-04-16 05:03:50,674 ] 94 main_controller - INFO - Logged in successfully
[ 2024-04-16 05:03:50,674 ] 94 main_controller - INFO - Logged in successfully
[ 2024-04-16 05:03:50,674 ] 94 main_controller - INFO - Logged in successfully
[ 2024-04-16 05:03:50,886 ] 94 main_controller - INFO - Screenshot saved to C:\Users\USER\Projects\AichiTool\AichiSelenium\logs\2024_04_16\05_03_33\screenshot_ngtrnghi123.png
[ 2024-04-16 05:03:50,886 ] 94 main_controller - INFO - Screenshot saved to C:\Users\USER\Projects\AichiTool\AichiSelenium\logs\2024_04_16\05_03_33\screenshot_ngtrnghi123.png
[ 2024-04-16 05:03:50,886 ] 94 main_controller - INFO - Screenshot saved to C:\Users\USER\Projects\AichiTool\AichiSelenium\logs\2024_04_16\05_03_33\screenshot_ngtrnghi123.png
[ 2024-04-16 05:03:50,887 ] 94 main_controller - INFO - Finding forms
[ 2024-04-16 05:03:50,887 ] 94 main_controller - INFO - Finding forms
[ 2024-04-16 05:03:50,887 ] 94 main_controller - INFO - Finding forms
[ 2024-04-16 05:03:53,877 ] 94 main_controller - INFO - Logged in successfully
[ 2024-04-16 05:03:53,877 ] 94 main_controller - INFO - Logged in successfully
[ 2024-04-16 05:03:53,877 ] 94 main_controller - INFO - Logged in successfully
[ 2024-04-16 05:03:54,095 ] 94 main_controller - INFO - Found 5 form(s)
[ 2024-04-16 05:03:54,095 ] 94 main_controller - INFO - Found 5 form(s)
[ 2024-04-16 05:03:54,095 ] 94 main_controller - INFO - Found 5 form(s)
[ 2024-04-16 05:03:54,154 ] 94 main_controller - INFO - Screenshot saved to C:\Users\USER\Projects\AichiTool\AichiSelenium\logs\2024_04_16\05_03_33\screenshot_thanhvanngoc30.png
[ 2024-04-16 05:03:54,154 ] 94 main_controller - INFO - Screenshot saved to C:\Users\USER\Projects\AichiTool\AichiSelenium\logs\2024_04_16\05_03_33\screenshot_thanhvanngoc30.png
[ 2024-04-16 05:03:54,154 ] 94 main_controller - INFO - Screenshot saved to C:\Users\USER\Projects\AichiTool\AichiSelenium\logs\2024_04_16\05_03_33\screenshot_thanhvanngoc30.png
[ 2024-04-16 05:03:54,156 ] 94 main_controller - INFO - Finding forms
[ 2024-04-16 05:03:54,156 ] 94 main_controller - INFO - Finding forms
[ 2024-04-16 05:03:54,156 ] 94 main_controller - INFO - Finding forms
[ 2024-04-16 05:03:54,581 ] 94 main_controller - INFO - Found 5 form(s)
[ 2024-04-16 05:03:54,581 ] 94 main_controller - INFO - Found 5 form(s)
[ 2024-04-16 05:03:54,581 ] 94 main_controller - INFO - Found 5 form(s)
[ 2024-04-16 05:03:57,404 ] 94 main_controller - INFO - Found 5 form(s)
[ 2024-04-16 05:03:57,404 ] 94 main_controller - INFO - Found 5 form(s)
[ 2024-04-16 05:03:57,404 ] 94 main_controller - INFO - Found 5 form(s)
[ 2024-04-16 05:04:21,217 ] 94 main_controller - INFO - Failed to fill form, template sequence: 95604
[ 2024-04-16 05:04:21,217 ] 94 main_controller - INFO - Failed to fill form, template sequence: 95604
[ 2024-04-16 05:04:21,217 ] 94 main_controller - INFO - Failed to fill form, template sequence: 95604
[ 2024-04-16 05:04:21,217 ] 94 main_controller - INFO - Remaining form(s): 5
[ 2024-04-16 05:04:21,217 ] 94 main_controller - INFO - Remaining form(s): 5
[ 2024-04-16 05:04:21,217 ] 94 main_controller - INFO - Remaining form(s): 5
[ 2024-04-16 05:04:22,689 ] 94 main_controller - INFO - Failed to fill form, template sequence: 95608
[ 2024-04-16 05:04:22,689 ] 94 main_controller - INFO - Failed to fill form, template sequence: 95608
[ 2024-04-16 05:04:22,689 ] 94 main_controller - INFO - Failed to fill form, template sequence: 95608
[ 2024-04-16 05:04:22,689 ] 94 main_controller - INFO - Remaining form(s): 5
[ 2024-04-16 05:04:22,689 ] 94 main_controller - INFO - Remaining form(s): 5
[ 2024-04-16 05:04:22,689 ] 94 main_controller - INFO - Remaining form(s): 5
[ 2024-04-16 05:04:24,026 ] 94 main_controller - INFO - Failed to fill form, template sequence: 95607
[ 2024-04-16 05:04:24,026 ] 94 main_controller - INFO - Failed to fill form, template sequence: 95607
[ 2024-04-16 05:04:24,026 ] 94 main_controller - INFO - Failed to fill form, template sequence: 95607
[ 2024-04-16 05:04:24,028 ] 94 main_controller - INFO - Remaining form(s): 5
[ 2024-04-16 05:04:24,028 ] 94 main_controller - INFO - Remaining form(s): 5
[ 2024-04-16 05:04:24,028 ] 94 main_controller - INFO - Remaining form(s): 5
