[ 2024-04-16 05:26:43,843 ] 94 main_controller - INFO - Subprocess 0 started with trial number 0
[ 2024-04-16 05:26:43,844 ] 94 main_controller - ERROR - Account is a dictionary, convert to Account object: Username: Nickpown0411@gmail.com, Password: hoahong1234
[ 2024-04-16 05:26:46,047 ] 94 main_controller - INFO - Subprocess 1 started with trial number 0
[ 2024-04-16 05:26:46,047 ] 94 main_controller - INFO - Subprocess 1 started with trial number 0
[ 2024-04-16 05:26:46,077 ] 94 main_controller - ERROR - Account is a dictionary, convert to Account object: Username: marjyamada040493@gmail.com, Password: Marj0409
[ 2024-04-16 05:26:46,077 ] 94 main_controller - ERROR - Account is a dictionary, convert to Account object: Username: marjyamada040493@gmail.com, Password: Marj0409
[ 2024-04-16 05:26:46,142 ] 94 main_controller - INFO - Browser opened
[ 2024-04-16 05:26:46,142 ] 94 main_controller - INFO - Browser opened
[ 2024-04-16 05:26:48,018 ] 94 main_controller - INFO - Subprocess 2 started with trial number 0
[ 2024-04-16 05:26:48,018 ] 94 main_controller - INFO - Subprocess 2 started with trial number 0
[ 2024-04-16 05:26:48,018 ] 94 main_controller - INFO - Subprocess 2 started with trial number 0
[ 2024-04-16 05:26:48,024 ] 94 main_controller - ERROR - Account is a dictionary, convert to Account object: Username: Jamebrown0206@gmail.com, Password: hoahong1234
[ 2024-04-16 05:26:48,024 ] 94 main_controller - ERROR - Account is a dictionary, convert to Account object: Username: Jamebrown0206@gmail.com, Password: hoahong1234
[ 2024-04-16 05:26:48,024 ] 94 main_controller - ERROR - Account is a dictionary, convert to Account object: Username: Jamebrown0206@gmail.com, Password: hoahong1234
[ 2024-04-16 05:26:48,091 ] 94 main_controller - INFO - Browser opened
[ 2024-04-16 05:26:48,091 ] 94 main_controller - INFO - Browser opened
[ 2024-04-16 05:26:48,091 ] 94 main_controller - INFO - Browser opened
[ 2024-04-16 05:26:53,076 ] 94 main_controller - INFO - Browser opened
[ 2024-04-16 05:26:53,076 ] 94 main_controller - INFO - Browser opened
[ 2024-04-16 05:26:53,076 ] 94 main_controller - INFO - Browser opened
[ 2024-04-16 05:26:57,289 ] 94 main_controller - INFO - Logged in successfully
[ 2024-04-16 05:26:57,289 ] 94 main_controller - INFO - Logged in successfully
[ 2024-04-16 05:26:57,289 ] 94 main_controller - INFO - Logged in successfully
[ 2024-04-16 05:26:57,505 ] 94 main_controller - INFO - Screenshot saved to C:\Users\USER\Projects\AichiTool\AichiSelenium\logs\2024_04_16\05_26_43\screenshot_Nickpown0411.png
[ 2024-04-16 05:26:57,505 ] 94 main_controller - INFO - Screenshot saved to C:\Users\USER\Projects\AichiTool\AichiSelenium\logs\2024_04_16\05_26_43\screenshot_Nickpown0411.png
[ 2024-04-16 05:26:57,505 ] 94 main_controller - INFO - Screenshot saved to C:\Users\USER\Projects\AichiTool\AichiSelenium\logs\2024_04_16\05_26_43\screenshot_Nickpown0411.png
[ 2024-04-16 05:26:57,506 ] 94 main_controller - INFO - Finding forms
[ 2024-04-16 05:26:57,506 ] 94 main_controller - INFO - Finding forms
[ 2024-04-16 05:26:57,506 ] 94 main_controller - INFO - Finding forms
[ 2024-04-16 05:27:00,219 ] 94 main_controller - INFO - Logged in successfully
[ 2024-04-16 05:27:00,219 ] 94 main_controller - INFO - Logged in successfully
[ 2024-04-16 05:27:00,219 ] 94 main_controller - INFO - Logged in successfully
[ 2024-04-16 05:27:00,383 ] 94 main_controller - INFO - Screenshot saved to C:\Users\USER\Projects\AichiTool\AichiSelenium\logs\2024_04_16\05_26_43\screenshot_marjyamada040493.png
[ 2024-04-16 05:27:00,383 ] 94 main_controller - INFO - Screenshot saved to C:\Users\USER\Projects\AichiTool\AichiSelenium\logs\2024_04_16\05_26_43\screenshot_marjyamada040493.png
[ 2024-04-16 05:27:00,383 ] 94 main_controller - INFO - Screenshot saved to C:\Users\USER\Projects\AichiTool\AichiSelenium\logs\2024_04_16\05_26_43\screenshot_marjyamada040493.png
[ 2024-04-16 05:27:00,384 ] 94 main_controller - INFO - Finding forms
[ 2024-04-16 05:27:00,384 ] 94 main_controller - INFO - Finding forms
[ 2024-04-16 05:27:00,384 ] 94 main_controller - INFO - Finding forms
[ 2024-04-16 05:27:00,713 ] 94 main_controller - INFO - Found 5 form(s)
[ 2024-04-16 05:27:00,713 ] 94 main_controller - INFO - Found 5 form(s)
[ 2024-04-16 05:27:00,713 ] 94 main_controller - INFO - Found 5 form(s)
[ 2024-04-16 05:27:03,717 ] 94 main_controller - INFO - Found 5 form(s)
[ 2024-04-16 05:27:03,717 ] 94 main_controller - INFO - Found 5 form(s)
[ 2024-04-16 05:27:03,717 ] 94 main_controller - INFO - Found 5 form(s)
[ 2024-04-16 05:27:03,796 ] 94 main_controller - INFO - Logged in successfully
[ 2024-04-16 05:27:03,796 ] 94 main_controller - INFO - Logged in successfully
[ 2024-04-16 05:27:03,796 ] 94 main_controller - INFO - Logged in successfully
[ 2024-04-16 05:27:03,912 ] 94 main_controller - INFO - Screenshot saved to C:\Users\USER\Projects\AichiTool\AichiSelenium\logs\2024_04_16\05_26_43\screenshot_Jamebrown0206.png
[ 2024-04-16 05:27:03,912 ] 94 main_controller - INFO - Screenshot saved to C:\Users\USER\Projects\AichiTool\AichiSelenium\logs\2024_04_16\05_26_43\screenshot_Jamebrown0206.png
[ 2024-04-16 05:27:03,912 ] 94 main_controller - INFO - Screenshot saved to C:\Users\USER\Projects\AichiTool\AichiSelenium\logs\2024_04_16\05_26_43\screenshot_Jamebrown0206.png
[ 2024-04-16 05:27:03,912 ] 94 main_controller - INFO - Finding forms
[ 2024-04-16 05:27:03,912 ] 94 main_controller - INFO - Finding forms
[ 2024-04-16 05:27:03,912 ] 94 main_controller - INFO - Finding forms
[ 2024-04-16 05:27:05,640 ] 94 main_controller - INFO - Found 5 form(s)
[ 2024-04-16 05:27:05,640 ] 94 main_controller - INFO - Found 5 form(s)
[ 2024-04-16 05:27:05,640 ] 94 main_controller - INFO - Found 5 form(s)
[ 2024-04-16 05:27:35,458 ] 94 main_controller - INFO - Failed to fill form, template sequence: 95605
[ 2024-04-16 05:27:35,458 ] 94 main_controller - INFO - Failed to fill form, template sequence: 95605
[ 2024-04-16 05:27:35,458 ] 94 main_controller - INFO - Failed to fill form, template sequence: 95605
[ 2024-04-16 05:27:35,458 ] 94 main_controller - INFO - Remaining form(s): 5
[ 2024-04-16 05:27:35,458 ] 94 main_controller - INFO - Remaining form(s): 5
[ 2024-04-16 05:27:35,458 ] 94 main_controller - INFO - Remaining form(s): 5
[ 2024-04-16 05:27:40,457 ] 94 main_controller - INFO - Failed to fill form, template sequence: 95608
[ 2024-04-16 05:27:40,457 ] 94 main_controller - INFO - Failed to fill form, template sequence: 95608
[ 2024-04-16 05:27:40,457 ] 94 main_controller - INFO - Failed to fill form, template sequence: 95608
[ 2024-04-16 05:27:40,457 ] 94 main_controller - INFO - Remaining form(s): 5
[ 2024-04-16 05:27:40,457 ] 94 main_controller - INFO - Remaining form(s): 5
[ 2024-04-16 05:27:40,457 ] 94 main_controller - INFO - Remaining form(s): 5
[ 2024-04-16 05:27:40,781 ] 94 main_controller - INFO - Failed to fill form, template sequence: 95609
[ 2024-04-16 05:27:40,781 ] 94 main_controller - INFO - Failed to fill form, template sequence: 95609
[ 2024-04-16 05:27:40,781 ] 94 main_controller - INFO - Failed to fill form, template sequence: 95609
[ 2024-04-16 05:27:40,782 ] 94 main_controller - INFO - Remaining form(s): 5
[ 2024-04-16 05:27:40,782 ] 94 main_controller - INFO - Remaining form(s): 5
[ 2024-04-16 05:27:40,782 ] 94 main_controller - INFO - Remaining form(s): 5
[ 2024-04-16 05:28:04,565 ] 94 main_controller - INFO - Failed to fill form, template sequence: 95609
[ 2024-04-16 05:28:04,565 ] 94 main_controller - INFO - Failed to fill form, template sequence: 95609
[ 2024-04-16 05:28:04,565 ] 94 main_controller - INFO - Failed to fill form, template sequence: 95609
[ 2024-04-16 05:28:04,566 ] 94 main_controller - INFO - Remaining form(s): 5
[ 2024-04-16 05:28:04,566 ] 94 main_controller - INFO - Remaining form(s): 5
[ 2024-04-16 05:28:04,566 ] 94 main_controller - INFO - Remaining form(s): 5
[ 2024-04-16 05:28:12,374 ] 94 main_controller - INFO - Failed to fill form, template sequence: 95607
[ 2024-04-16 05:28:12,374 ] 94 main_controller - INFO - Failed to fill form, template sequence: 95607
[ 2024-04-16 05:28:12,374 ] 94 main_controller - INFO - Failed to fill form, template sequence: 95607
[ 2024-04-16 05:28:12,374 ] 94 main_controller - INFO - Remaining form(s): 5
[ 2024-04-16 05:28:12,374 ] 94 main_controller - INFO - Remaining form(s): 5
[ 2024-04-16 05:28:12,374 ] 94 main_controller - INFO - Remaining form(s): 5
[ 2024-04-16 05:28:17,734 ] 94 main_controller - INFO - Failed to fill form, template sequence: 95608
[ 2024-04-16 05:28:17,734 ] 94 main_controller - INFO - Failed to fill form, template sequence: 95608
[ 2024-04-16 05:28:17,734 ] 94 main_controller - INFO - Failed to fill form, template sequence: 95608
[ 2024-04-16 05:28:17,734 ] 94 main_controller - INFO - Remaining form(s): 5
[ 2024-04-16 05:28:17,734 ] 94 main_controller - INFO - Remaining form(s): 5
[ 2024-04-16 05:28:17,734 ] 94 main_controller - INFO - Remaining form(s): 5
[ 2024-04-16 05:28:36,439 ] 94 main_controller - INFO - Failed to fill form, template sequence: 95607
[ 2024-04-16 05:28:36,439 ] 94 main_controller - INFO - Failed to fill form, template sequence: 95607
[ 2024-04-16 05:28:36,439 ] 94 main_controller - INFO - Failed to fill form, template sequence: 95607
[ 2024-04-16 05:28:36,439 ] 94 main_controller - INFO - Remaining form(s): 5
[ 2024-04-16 05:28:36,439 ] 94 main_controller - INFO - Remaining form(s): 5
[ 2024-04-16 05:28:36,439 ] 94 main_controller - INFO - Remaining form(s): 5
[ 2024-04-16 05:28:44,986 ] 94 main_controller - INFO - Failed to fill form, template sequence: 95605
[ 2024-04-16 05:28:44,986 ] 94 main_controller - INFO - Failed to fill form, template sequence: 95605
[ 2024-04-16 05:28:44,986 ] 94 main_controller - INFO - Failed to fill form, template sequence: 95605
[ 2024-04-16 05:28:44,986 ] 94 main_controller - INFO - Remaining form(s): 5
[ 2024-04-16 05:28:44,986 ] 94 main_controller - INFO - Remaining form(s): 5
[ 2024-04-16 05:28:44,986 ] 94 main_controller - INFO - Remaining form(s): 5
[ 2024-04-16 05:28:54,656 ] 94 main_controller - INFO - Failed to fill form, template sequence: 95605
[ 2024-04-16 05:28:54,656 ] 94 main_controller - INFO - Failed to fill form, template sequence: 95605
[ 2024-04-16 05:28:54,656 ] 94 main_controller - INFO - Failed to fill form, template sequence: 95605
[ 2024-04-16 05:28:54,657 ] 94 main_controller - INFO - Remaining form(s): 5
[ 2024-04-16 05:28:54,657 ] 94 main_controller - INFO - Remaining form(s): 5
[ 2024-04-16 05:28:54,657 ] 94 main_controller - INFO - Remaining form(s): 5
[ 2024-04-16 05:29:06,383 ] 94 main_controller - INFO - Failed to fill form, template sequence: 95604
[ 2024-04-16 05:29:06,383 ] 94 main_controller - INFO - Failed to fill form, template sequence: 95604
[ 2024-04-16 05:29:06,383 ] 94 main_controller - INFO - Failed to fill form, template sequence: 95604
[ 2024-04-16 05:29:06,384 ] 94 main_controller - INFO - Remaining form(s): 5
[ 2024-04-16 05:29:06,384 ] 94 main_controller - INFO - Remaining form(s): 5
[ 2024-04-16 05:29:06,384 ] 94 main_controller - INFO - Remaining form(s): 5
[ 2024-04-16 05:29:16,059 ] 94 main_controller - INFO - Failed to fill form, template sequence: 95604
[ 2024-04-16 05:29:16,059 ] 94 main_controller - INFO - Failed to fill form, template sequence: 95604
[ 2024-04-16 05:29:16,059 ] 94 main_controller - INFO - Failed to fill form, template sequence: 95604
[ 2024-04-16 05:29:16,059 ] 94 main_controller - INFO - Remaining form(s): 5
[ 2024-04-16 05:29:16,059 ] 94 main_controller - INFO - Remaining form(s): 5
[ 2024-04-16 05:29:16,059 ] 94 main_controller - INFO - Remaining form(s): 5
[ 2024-04-16 05:29:35,579 ] 94 main_controller - INFO - Failed to fill form, template sequence: 95607
[ 2024-04-16 05:29:35,579 ] 94 main_controller - INFO - Failed to fill form, template sequence: 95607
[ 2024-04-16 05:29:35,579 ] 94 main_controller - INFO - Failed to fill form, template sequence: 95607
[ 2024-04-16 05:29:35,579 ] 94 main_controller - INFO - Remaining form(s): 5
[ 2024-04-16 05:29:35,579 ] 94 main_controller - INFO - Remaining form(s): 5
[ 2024-04-16 05:29:35,579 ] 94 main_controller - INFO - Remaining form(s): 5
[ 2024-04-16 05:29:39,616 ] 94 main_controller - INFO - Failed to fill form, template sequence: 95608
[ 2024-04-16 05:29:39,616 ] 94 main_controller - INFO - Failed to fill form, template sequence: 95608
[ 2024-04-16 05:29:39,616 ] 94 main_controller - INFO - Failed to fill form, template sequence: 95608
[ 2024-04-16 05:29:39,616 ] 94 main_controller - INFO - Remaining form(s): 5
[ 2024-04-16 05:29:39,616 ] 94 main_controller - INFO - Remaining form(s): 5
[ 2024-04-16 05:29:39,616 ] 94 main_controller - INFO - Remaining form(s): 5
[ 2024-04-16 05:30:12,382 ] 94 main_controller - INFO - Failed to fill form, template sequence: 95605
[ 2024-04-16 05:30:12,382 ] 94 main_controller - INFO - Failed to fill form, template sequence: 95605
[ 2024-04-16 05:30:12,382 ] 94 main_controller - INFO - Failed to fill form, template sequence: 95605
[ 2024-04-16 05:30:12,382 ] 94 main_controller - INFO - Remaining form(s): 5
[ 2024-04-16 05:30:12,382 ] 94 main_controller - INFO - Remaining form(s): 5
[ 2024-04-16 05:30:12,382 ] 94 main_controller - INFO - Remaining form(s): 5
[ 2024-04-16 05:30:18,877 ] 94 main_controller - INFO - Failed to fill form, template sequence: 95609
[ 2024-04-16 05:30:18,877 ] 94 main_controller - INFO - Failed to fill form, template sequence: 95609
[ 2024-04-16 05:30:18,877 ] 94 main_controller - INFO - Failed to fill form, template sequence: 95609
[ 2024-04-16 05:30:18,877 ] 94 main_controller - INFO - Remaining form(s): 5
[ 2024-04-16 05:30:18,877 ] 94 main_controller - INFO - Remaining form(s): 5
[ 2024-04-16 05:30:18,877 ] 94 main_controller - INFO - Remaining form(s): 5
[ 2024-04-16 05:30:30,821 ] 94 main_controller - INFO - Failed to fill form, template sequence: 95607
[ 2024-04-16 05:30:30,821 ] 94 main_controller - INFO - Failed to fill form, template sequence: 95607
[ 2024-04-16 05:30:30,821 ] 94 main_controller - INFO - Failed to fill form, template sequence: 95607
[ 2024-04-16 05:30:30,821 ] 94 main_controller - INFO - Remaining form(s): 5
[ 2024-04-16 05:30:30,821 ] 94 main_controller - INFO - Remaining form(s): 5
[ 2024-04-16 05:30:30,821 ] 94 main_controller - INFO - Remaining form(s): 5
[ 2024-04-16 05:30:32,542 ] 94 main_controller - INFO - Failed to fill form, template sequence: 95604
[ 2024-04-16 05:30:32,542 ] 94 main_controller - INFO - Failed to fill form, template sequence: 95604
[ 2024-04-16 05:30:32,542 ] 94 main_controller - INFO - Failed to fill form, template sequence: 95604
[ 2024-04-16 05:30:32,543 ] 94 main_controller - INFO - Remaining form(s): 5
[ 2024-04-16 05:30:32,543 ] 94 main_controller - INFO - Remaining form(s): 5
[ 2024-04-16 05:30:32,543 ] 94 main_controller - INFO - Remaining form(s): 5
[ 2024-04-16 05:30:44,182 ] 94 main_controller - INFO - Failed to fill form, template sequence: 95609
[ 2024-04-16 05:30:44,182 ] 94 main_controller - INFO - Failed to fill form, template sequence: 95609
[ 2024-04-16 05:30:44,182 ] 94 main_controller - INFO - Failed to fill form, template sequence: 95609
[ 2024-04-16 05:30:44,182 ] 94 main_controller - INFO - Remaining form(s): 5
[ 2024-04-16 05:30:44,182 ] 94 main_controller - INFO - Remaining form(s): 5
[ 2024-04-16 05:30:44,182 ] 94 main_controller - INFO - Remaining form(s): 5
[ 2024-04-16 05:30:49,885 ] 94 main_controller - INFO - Failed to fill form, template sequence: 95609
[ 2024-04-16 05:30:49,885 ] 94 main_controller - INFO - Failed to fill form, template sequence: 95609
[ 2024-04-16 05:30:49,885 ] 94 main_controller - INFO - Failed to fill form, template sequence: 95609
[ 2024-04-16 05:30:49,886 ] 94 main_controller - INFO - Remaining form(s): 5
[ 2024-04-16 05:30:49,886 ] 94 main_controller - INFO - Remaining form(s): 5
[ 2024-04-16 05:30:49,886 ] 94 main_controller - INFO - Remaining form(s): 5
[ 2024-04-16 05:30:51,935 ] 94 main_controller - INFO - Form is closed, template sequence: 95604
[ 2024-04-16 05:30:51,935 ] 94 main_controller - INFO - Form is closed, template sequence: 95604
[ 2024-04-16 05:30:51,935 ] 94 main_controller - INFO - Form is closed, template sequence: 95604
[ 2024-04-16 05:30:51,935 ] 94 main_controller - INFO - Remaining form(s): 4
[ 2024-04-16 05:30:51,935 ] 94 main_controller - INFO - Remaining form(s): 4
[ 2024-04-16 05:30:51,935 ] 94 main_controller - INFO - Remaining form(s): 4
[ 2024-04-16 05:31:00,995 ] 94 main_controller - INFO - Failed to fill form, template sequence: 95608
[ 2024-04-16 05:31:00,995 ] 94 main_controller - INFO - Failed to fill form, template sequence: 95608
[ 2024-04-16 05:31:00,995 ] 94 main_controller - INFO - Failed to fill form, template sequence: 95608
[ 2024-04-16 05:31:00,995 ] 94 main_controller - INFO - Remaining form(s): 5
[ 2024-04-16 05:31:00,995 ] 94 main_controller - INFO - Remaining form(s): 5
[ 2024-04-16 05:31:00,995 ] 94 main_controller - INFO - Remaining form(s): 5
[ 2024-04-16 05:31:06,662 ] 94 main_controller - INFO - Form is closed, template sequence: 95608
[ 2024-04-16 05:31:06,662 ] 94 main_controller - INFO - Form is closed, template sequence: 95608
[ 2024-04-16 05:31:06,662 ] 94 main_controller - INFO - Form is closed, template sequence: 95608
[ 2024-04-16 05:31:06,662 ] 94 main_controller - INFO - Remaining form(s): 3
[ 2024-04-16 05:31:06,662 ] 94 main_controller - INFO - Remaining form(s): 3
[ 2024-04-16 05:31:06,662 ] 94 main_controller - INFO - Remaining form(s): 3
[ 2024-04-16 05:31:08,694 ] 94 main_controller - INFO - Failed to fill form, template sequence: 95605
[ 2024-04-16 05:31:08,694 ] 94 main_controller - INFO - Failed to fill form, template sequence: 95605
[ 2024-04-16 05:31:08,694 ] 94 main_controller - INFO - Failed to fill form, template sequence: 95605
[ 2024-04-16 05:31:08,694 ] 94 main_controller - INFO - Remaining form(s): 5
[ 2024-04-16 05:31:08,694 ] 94 main_controller - INFO - Remaining form(s): 5
[ 2024-04-16 05:31:08,694 ] 94 main_controller - INFO - Remaining form(s): 5
[ 2024-04-16 05:31:16,022 ] 94 main_controller - INFO - Failed to fill form, template sequence: 95607
[ 2024-04-16 05:31:16,022 ] 94 main_controller - INFO - Failed to fill form, template sequence: 95607
[ 2024-04-16 05:31:16,022 ] 94 main_controller - INFO - Failed to fill form, template sequence: 95607
[ 2024-04-16 05:31:16,022 ] 94 main_controller - INFO - Remaining form(s): 5
[ 2024-04-16 05:31:16,022 ] 94 main_controller - INFO - Remaining form(s): 5
[ 2024-04-16 05:31:16,022 ] 94 main_controller - INFO - Remaining form(s): 5
[ 2024-04-16 05:31:16,581 ] 94 main_controller - INFO - Form is closed, template sequence: 95605
[ 2024-04-16 05:31:16,581 ] 94 main_controller - INFO - Form is closed, template sequence: 95605
[ 2024-04-16 05:31:16,581 ] 94 main_controller - INFO - Form is closed, template sequence: 95605
[ 2024-04-16 05:31:16,581 ] 94 main_controller - INFO - Remaining form(s): 2
[ 2024-04-16 05:31:16,581 ] 94 main_controller - INFO - Remaining form(s): 2
[ 2024-04-16 05:31:16,581 ] 94 main_controller - INFO - Remaining form(s): 2
[ 2024-04-16 05:31:22,133 ] 94 main_controller - INFO - Failed to fill form, template sequence: 95604
[ 2024-04-16 05:31:22,133 ] 94 main_controller - INFO - Failed to fill form, template sequence: 95604
[ 2024-04-16 05:31:22,133 ] 94 main_controller - INFO - Failed to fill form, template sequence: 95604
[ 2024-04-16 05:31:22,133 ] 94 main_controller - INFO - Remaining form(s): 5
[ 2024-04-16 05:31:22,133 ] 94 main_controller - INFO - Remaining form(s): 5
[ 2024-04-16 05:31:22,133 ] 94 main_controller - INFO - Remaining form(s): 5
[ 2024-04-16 05:31:23,177 ] 94 main_controller - INFO - Form is closed, template sequence: 95609
[ 2024-04-16 05:31:23,177 ] 94 main_controller - INFO - Form is closed, template sequence: 95609
[ 2024-04-16 05:31:23,177 ] 94 main_controller - INFO - Form is closed, template sequence: 95609
[ 2024-04-16 05:31:23,177 ] 94 main_controller - INFO - Remaining form(s): 1
[ 2024-04-16 05:31:23,177 ] 94 main_controller - INFO - Remaining form(s): 1
[ 2024-04-16 05:31:23,177 ] 94 main_controller - INFO - Remaining form(s): 1
[ 2024-04-16 05:31:27,851 ] 94 main_controller - INFO - Failed to fill form, template sequence: 95609
[ 2024-04-16 05:31:27,851 ] 94 main_controller - INFO - Failed to fill form, template sequence: 95609
[ 2024-04-16 05:31:27,851 ] 94 main_controller - INFO - Failed to fill form, template sequence: 95609
[ 2024-04-16 05:31:27,851 ] 94 main_controller - INFO - Remaining form(s): 5
[ 2024-04-16 05:31:27,851 ] 94 main_controller - INFO - Remaining form(s): 5
[ 2024-04-16 05:31:27,851 ] 94 main_controller - INFO - Remaining form(s): 5
[ 2024-04-16 05:31:30,076 ] 94 main_controller - INFO - Form is closed, template sequence: 95607
[ 2024-04-16 05:31:30,076 ] 94 main_controller - INFO - Form is closed, template sequence: 95607
[ 2024-04-16 05:31:30,076 ] 94 main_controller - INFO - Form is closed, template sequence: 95607
[ 2024-04-16 05:31:30,076 ] 94 main_controller - INFO - Remaining form(s): 0
[ 2024-04-16 05:31:30,076 ] 94 main_controller - INFO - Remaining form(s): 0
[ 2024-04-16 05:31:30,076 ] 94 main_controller - INFO - Remaining form(s): 0
[ 2024-04-16 05:31:30,077 ] 94 main_controller - INFO - All forms passed
[ 2024-04-16 05:31:30,077 ] 94 main_controller - INFO - All forms passed
[ 2024-04-16 05:31:30,077 ] 94 main_controller - INFO - All forms passed
[ 2024-04-16 05:31:33,542 ] 94 main_controller - INFO - Failed to fill form, template sequence: 95608
[ 2024-04-16 05:31:33,542 ] 94 main_controller - INFO - Failed to fill form, template sequence: 95608
[ 2024-04-16 05:31:33,542 ] 94 main_controller - INFO - Failed to fill form, template sequence: 95608
[ 2024-04-16 05:31:33,543 ] 94 main_controller - INFO - Remaining form(s): 5
[ 2024-04-16 05:31:33,543 ] 94 main_controller - INFO - Remaining form(s): 5
[ 2024-04-16 05:31:33,543 ] 94 main_controller - INFO - Remaining form(s): 5
[ 2024-04-16 05:31:39,208 ] 94 main_controller - INFO - Failed to fill form, template sequence: 95605
[ 2024-04-16 05:31:39,208 ] 94 main_controller - INFO - Failed to fill form, template sequence: 95605
[ 2024-04-16 05:31:39,208 ] 94 main_controller - INFO - Failed to fill form, template sequence: 95605
[ 2024-04-16 05:31:39,208 ] 94 main_controller - INFO - Remaining form(s): 5
[ 2024-04-16 05:31:39,208 ] 94 main_controller - INFO - Remaining form(s): 5
[ 2024-04-16 05:31:39,208 ] 94 main_controller - INFO - Remaining form(s): 5
[ 2024-04-16 05:31:40,080 ] 94 main_controller - INFO - Closing browser
[ 2024-04-16 05:31:40,080 ] 94 main_controller - INFO - Closing browser
[ 2024-04-16 05:31:40,080 ] 94 main_controller - INFO - Closing browser
[ 2024-04-16 05:31:42,306 ] 94 main_controller - INFO - Browser closed
[ 2024-04-16 05:31:42,306 ] 94 main_controller - INFO - Browser closed
[ 2024-04-16 05:31:42,306 ] 94 main_controller - INFO - Browser closed
[ 2024-04-16 05:31:44,887 ] 94 main_controller - INFO - Failed to fill form, template sequence: 95607
[ 2024-04-16 05:31:44,887 ] 94 main_controller - INFO - Failed to fill form, template sequence: 95607
[ 2024-04-16 05:31:44,887 ] 94 main_controller - INFO - Failed to fill form, template sequence: 95607
[ 2024-04-16 05:31:44,888 ] 94 main_controller - INFO - Remaining form(s): 5
[ 2024-04-16 05:31:44,888 ] 94 main_controller - INFO - Remaining form(s): 5
[ 2024-04-16 05:31:44,888 ] 94 main_controller - INFO - Remaining form(s): 5
[ 2024-04-16 05:31:50,410 ] 94 main_controller - INFO - Failed to fill form, template sequence: 95604
[ 2024-04-16 05:31:50,410 ] 94 main_controller - INFO - Failed to fill form, template sequence: 95604
[ 2024-04-16 05:31:50,410 ] 94 main_controller - INFO - Failed to fill form, template sequence: 95604
[ 2024-04-16 05:31:50,410 ] 94 main_controller - INFO - Remaining form(s): 5
[ 2024-04-16 05:31:50,410 ] 94 main_controller - INFO - Remaining form(s): 5
[ 2024-04-16 05:31:50,410 ] 94 main_controller - INFO - Remaining form(s): 5
[ 2024-04-16 05:31:56,066 ] 94 main_controller - INFO - Failed to fill form, template sequence: 95609
[ 2024-04-16 05:31:56,066 ] 94 main_controller - INFO - Failed to fill form, template sequence: 95609
[ 2024-04-16 05:31:56,066 ] 94 main_controller - INFO - Failed to fill form, template sequence: 95609
[ 2024-04-16 05:31:56,067 ] 94 main_controller - INFO - Remaining form(s): 5
[ 2024-04-16 05:31:56,067 ] 94 main_controller - INFO - Remaining form(s): 5
[ 2024-04-16 05:31:56,067 ] 94 main_controller - INFO - Remaining form(s): 5
[ 2024-04-16 05:31:56,361 ] 94 main_controller - INFO - Failed to fill form, template sequence: 95608
[ 2024-04-16 05:31:56,361 ] 94 main_controller - INFO - Failed to fill form, template sequence: 95608
[ 2024-04-16 05:31:56,361 ] 94 main_controller - INFO - Failed to fill form, template sequence: 95608
[ 2024-04-16 05:31:56,362 ] 94 main_controller - INFO - Remaining form(s): 5
[ 2024-04-16 05:31:56,362 ] 94 main_controller - INFO - Remaining form(s): 5
[ 2024-04-16 05:31:56,362 ] 94 main_controller - INFO - Remaining form(s): 5
[ 2024-04-16 05:32:01,746 ] 94 main_controller - INFO - Failed to fill form, template sequence: 95608
[ 2024-04-16 05:32:01,746 ] 94 main_controller - INFO - Failed to fill form, template sequence: 95608
[ 2024-04-16 05:32:01,746 ] 94 main_controller - INFO - Failed to fill form, template sequence: 95608
[ 2024-04-16 05:32:01,747 ] 94 main_controller - INFO - Remaining form(s): 5
[ 2024-04-16 05:32:01,747 ] 94 main_controller - INFO - Remaining form(s): 5
[ 2024-04-16 05:32:01,747 ] 94 main_controller - INFO - Remaining form(s): 5
[ 2024-04-16 05:32:07,395 ] 94 main_controller - INFO - Failed to fill form, template sequence: 95605
[ 2024-04-16 05:32:07,395 ] 94 main_controller - INFO - Failed to fill form, template sequence: 95605
[ 2024-04-16 05:32:07,395 ] 94 main_controller - INFO - Failed to fill form, template sequence: 95605
[ 2024-04-16 05:32:07,395 ] 94 main_controller - INFO - Remaining form(s): 5
[ 2024-04-16 05:32:07,395 ] 94 main_controller - INFO - Remaining form(s): 5
[ 2024-04-16 05:32:07,395 ] 94 main_controller - INFO - Remaining form(s): 5
[ 2024-04-16 05:32:13,083 ] 94 main_controller - INFO - Failed to fill form, template sequence: 95607
[ 2024-04-16 05:32:13,083 ] 94 main_controller - INFO - Failed to fill form, template sequence: 95607
[ 2024-04-16 05:32:13,083 ] 94 main_controller - INFO - Failed to fill form, template sequence: 95607
[ 2024-04-16 05:32:13,083 ] 94 main_controller - INFO - Remaining form(s): 5
[ 2024-04-16 05:32:13,083 ] 94 main_controller - INFO - Remaining form(s): 5
[ 2024-04-16 05:32:13,083 ] 94 main_controller - INFO - Remaining form(s): 5
[ 2024-04-16 05:32:18,763 ] 94 main_controller - INFO - Failed to fill form, template sequence: 95604
[ 2024-04-16 05:32:18,763 ] 94 main_controller - INFO - Failed to fill form, template sequence: 95604
[ 2024-04-16 05:32:18,763 ] 94 main_controller - INFO - Failed to fill form, template sequence: 95604
[ 2024-04-16 05:32:18,764 ] 94 main_controller - INFO - Remaining form(s): 5
[ 2024-04-16 05:32:18,764 ] 94 main_controller - INFO - Remaining form(s): 5
[ 2024-04-16 05:32:18,764 ] 94 main_controller - INFO - Remaining form(s): 5
[ 2024-04-16 05:32:24,418 ] 94 main_controller - INFO - Failed to fill form, template sequence: 95609
[ 2024-04-16 05:32:24,418 ] 94 main_controller - INFO - Failed to fill form, template sequence: 95609
[ 2024-04-16 05:32:24,418 ] 94 main_controller - INFO - Failed to fill form, template sequence: 95609
[ 2024-04-16 05:32:24,418 ] 94 main_controller - INFO - Remaining form(s): 5
[ 2024-04-16 05:32:24,418 ] 94 main_controller - INFO - Remaining form(s): 5
[ 2024-04-16 05:32:24,418 ] 94 main_controller - INFO - Remaining form(s): 5
[ 2024-04-16 05:32:30,108 ] 94 main_controller - INFO - Failed to fill form, template sequence: 95608
[ 2024-04-16 05:32:30,108 ] 94 main_controller - INFO - Failed to fill form, template sequence: 95608
[ 2024-04-16 05:32:30,108 ] 94 main_controller - INFO - Failed to fill form, template sequence: 95608
[ 2024-04-16 05:32:30,109 ] 94 main_controller - INFO - Remaining form(s): 5
[ 2024-04-16 05:32:30,109 ] 94 main_controller - INFO - Remaining form(s): 5
[ 2024-04-16 05:32:30,109 ] 94 main_controller - INFO - Remaining form(s): 5
[ 2024-04-16 05:32:35,798 ] 94 main_controller - INFO - Failed to fill form, template sequence: 95605
[ 2024-04-16 05:32:35,798 ] 94 main_controller - INFO - Failed to fill form, template sequence: 95605
[ 2024-04-16 05:32:35,798 ] 94 main_controller - INFO - Failed to fill form, template sequence: 95605
[ 2024-04-16 05:32:35,799 ] 94 main_controller - INFO - Remaining form(s): 5
[ 2024-04-16 05:32:35,799 ] 94 main_controller - INFO - Remaining form(s): 5
[ 2024-04-16 05:32:35,799 ] 94 main_controller - INFO - Remaining form(s): 5
[ 2024-04-16 05:32:41,460 ] 94 main_controller - INFO - Failed to fill form, template sequence: 95607
[ 2024-04-16 05:32:41,460 ] 94 main_controller - INFO - Failed to fill form, template sequence: 95607
[ 2024-04-16 05:32:41,460 ] 94 main_controller - INFO - Failed to fill form, template sequence: 95607
[ 2024-04-16 05:32:41,460 ] 94 main_controller - INFO - Remaining form(s): 5
[ 2024-04-16 05:32:41,460 ] 94 main_controller - INFO - Remaining form(s): 5
[ 2024-04-16 05:32:41,460 ] 94 main_controller - INFO - Remaining form(s): 5
[ 2024-04-16 05:32:47,124 ] 94 main_controller - INFO - Failed to fill form, template sequence: 95604
[ 2024-04-16 05:32:47,124 ] 94 main_controller - INFO - Failed to fill form, template sequence: 95604
[ 2024-04-16 05:32:47,124 ] 94 main_controller - INFO - Failed to fill form, template sequence: 95604
[ 2024-04-16 05:32:47,125 ] 94 main_controller - INFO - Remaining form(s): 5
[ 2024-04-16 05:32:47,125 ] 94 main_controller - INFO - Remaining form(s): 5
[ 2024-04-16 05:32:47,125 ] 94 main_controller - INFO - Remaining form(s): 5
[ 2024-04-16 05:32:52,793 ] 94 main_controller - INFO - Failed to fill form, template sequence: 95609
[ 2024-04-16 05:32:52,793 ] 94 main_controller - INFO - Failed to fill form, template sequence: 95609
[ 2024-04-16 05:32:52,793 ] 94 main_controller - INFO - Failed to fill form, template sequence: 95609
[ 2024-04-16 05:32:52,794 ] 94 main_controller - INFO - Remaining form(s): 5
[ 2024-04-16 05:32:52,794 ] 94 main_controller - INFO - Remaining form(s): 5
[ 2024-04-16 05:32:52,794 ] 94 main_controller - INFO - Remaining form(s): 5
[ 2024-04-16 05:32:58,462 ] 94 main_controller - INFO - Failed to fill form, template sequence: 95608
[ 2024-04-16 05:32:58,462 ] 94 main_controller - INFO - Failed to fill form, template sequence: 95608
[ 2024-04-16 05:32:58,462 ] 94 main_controller - INFO - Failed to fill form, template sequence: 95608
[ 2024-04-16 05:32:58,463 ] 94 main_controller - INFO - Remaining form(s): 5
[ 2024-04-16 05:32:58,463 ] 94 main_controller - INFO - Remaining form(s): 5
[ 2024-04-16 05:32:58,463 ] 94 main_controller - INFO - Remaining form(s): 5
[ 2024-04-16 05:33:02,883 ] 94 main_controller - INFO - Failed to fill form, template sequence: 95607
[ 2024-04-16 05:33:02,883 ] 94 main_controller - INFO - Failed to fill form, template sequence: 95607
[ 2024-04-16 05:33:02,883 ] 94 main_controller - INFO - Failed to fill form, template sequence: 95607
[ 2024-04-16 05:33:02,884 ] 94 main_controller - INFO - Remaining form(s): 5
[ 2024-04-16 05:33:02,884 ] 94 main_controller - INFO - Remaining form(s): 5
[ 2024-04-16 05:33:02,884 ] 94 main_controller - INFO - Remaining form(s): 5
[ 2024-04-16 05:33:04,151 ] 94 main_controller - INFO - Failed to fill form, template sequence: 95605
[ 2024-04-16 05:33:04,151 ] 94 main_controller - INFO - Failed to fill form, template sequence: 95605
[ 2024-04-16 05:33:04,151 ] 94 main_controller - INFO - Failed to fill form, template sequence: 95605
[ 2024-04-16 05:33:04,152 ] 94 main_controller - INFO - Remaining form(s): 5
[ 2024-04-16 05:33:04,152 ] 94 main_controller - INFO - Remaining form(s): 5
[ 2024-04-16 05:33:04,152 ] 94 main_controller - INFO - Remaining form(s): 5
[ 2024-04-16 05:33:09,787 ] 94 main_controller - INFO - Failed to fill form, template sequence: 95607
[ 2024-04-16 05:33:09,787 ] 94 main_controller - INFO - Failed to fill form, template sequence: 95607
[ 2024-04-16 05:33:09,787 ] 94 main_controller - INFO - Failed to fill form, template sequence: 95607
[ 2024-04-16 05:33:09,788 ] 94 main_controller - INFO - Remaining form(s): 5
[ 2024-04-16 05:33:09,788 ] 94 main_controller - INFO - Remaining form(s): 5
[ 2024-04-16 05:33:09,788 ] 94 main_controller - INFO - Remaining form(s): 5
[ 2024-04-16 05:33:15,452 ] 94 main_controller - INFO - Failed to fill form, template sequence: 95604
[ 2024-04-16 05:33:15,452 ] 94 main_controller - INFO - Failed to fill form, template sequence: 95604
[ 2024-04-16 05:33:15,452 ] 94 main_controller - INFO - Failed to fill form, template sequence: 95604
[ 2024-04-16 05:33:15,452 ] 94 main_controller - INFO - Remaining form(s): 5
[ 2024-04-16 05:33:15,452 ] 94 main_controller - INFO - Remaining form(s): 5
[ 2024-04-16 05:33:15,452 ] 94 main_controller - INFO - Remaining form(s): 5
[ 2024-04-16 05:33:21,108 ] 94 main_controller - INFO - Failed to fill form, template sequence: 95609
[ 2024-04-16 05:33:21,108 ] 94 main_controller - INFO - Failed to fill form, template sequence: 95609
[ 2024-04-16 05:33:21,108 ] 94 main_controller - INFO - Failed to fill form, template sequence: 95609
[ 2024-04-16 05:33:21,109 ] 94 main_controller - INFO - Remaining form(s): 5
[ 2024-04-16 05:33:21,109 ] 94 main_controller - INFO - Remaining form(s): 5
[ 2024-04-16 05:33:21,109 ] 94 main_controller - INFO - Remaining form(s): 5
[ 2024-04-16 05:33:26,807 ] 94 main_controller - INFO - Failed to fill form, template sequence: 95608
[ 2024-04-16 05:33:26,807 ] 94 main_controller - INFO - Failed to fill form, template sequence: 95608
[ 2024-04-16 05:33:26,807 ] 94 main_controller - INFO - Failed to fill form, template sequence: 95608
[ 2024-04-16 05:33:26,808 ] 94 main_controller - INFO - Remaining form(s): 5
[ 2024-04-16 05:33:26,808 ] 94 main_controller - INFO - Remaining form(s): 5
[ 2024-04-16 05:33:26,808 ] 94 main_controller - INFO - Remaining form(s): 5
[ 2024-04-16 05:33:32,494 ] 94 main_controller - INFO - Failed to fill form, template sequence: 95605
[ 2024-04-16 05:33:32,494 ] 94 main_controller - INFO - Failed to fill form, template sequence: 95605
[ 2024-04-16 05:33:32,494 ] 94 main_controller - INFO - Failed to fill form, template sequence: 95605
[ 2024-04-16 05:33:32,494 ] 94 main_controller - INFO - Remaining form(s): 5
[ 2024-04-16 05:33:32,494 ] 94 main_controller - INFO - Remaining form(s): 5
[ 2024-04-16 05:33:32,494 ] 94 main_controller - INFO - Remaining form(s): 5
[ 2024-04-16 05:33:38,155 ] 94 main_controller - INFO - Failed to fill form, template sequence: 95607
[ 2024-04-16 05:33:38,155 ] 94 main_controller - INFO - Failed to fill form, template sequence: 95607
[ 2024-04-16 05:33:38,155 ] 94 main_controller - INFO - Failed to fill form, template sequence: 95607
[ 2024-04-16 05:33:38,155 ] 94 main_controller - INFO - Remaining form(s): 5
[ 2024-04-16 05:33:38,155 ] 94 main_controller - INFO - Remaining form(s): 5
[ 2024-04-16 05:33:38,155 ] 94 main_controller - INFO - Remaining form(s): 5
[ 2024-04-16 05:33:43,798 ] 94 main_controller - INFO - Failed to fill form, template sequence: 95604
[ 2024-04-16 05:33:43,798 ] 94 main_controller - INFO - Failed to fill form, template sequence: 95604
[ 2024-04-16 05:33:43,798 ] 94 main_controller - INFO - Failed to fill form, template sequence: 95604
[ 2024-04-16 05:33:43,798 ] 94 main_controller - INFO - Remaining form(s): 5
[ 2024-04-16 05:33:43,798 ] 94 main_controller - INFO - Remaining form(s): 5
[ 2024-04-16 05:33:43,798 ] 94 main_controller - INFO - Remaining form(s): 5
[ 2024-04-16 05:33:49,467 ] 94 main_controller - INFO - Failed to fill form, template sequence: 95609
[ 2024-04-16 05:33:49,467 ] 94 main_controller - INFO - Failed to fill form, template sequence: 95609
[ 2024-04-16 05:33:49,467 ] 94 main_controller - INFO - Failed to fill form, template sequence: 95609
[ 2024-04-16 05:33:49,468 ] 94 main_controller - INFO - Remaining form(s): 5
[ 2024-04-16 05:33:49,468 ] 94 main_controller - INFO - Remaining form(s): 5
[ 2024-04-16 05:33:49,468 ] 94 main_controller - INFO - Remaining form(s): 5
