[ 2024-04-24 15:06:58,319 ] 91 luthien5921 - INFO - Opened login page
[ 2024-04-24 15:06:58,319 ] 91 luthien5921 - INFO - Opened login page
[ 2024-04-24 15:06:58,319 ] 91 luthien5921 - INFO - Opened login page
[ 2024-04-24 15:07:02,321 ] 91 luthien5921 - INFO - Logging in
[ 2024-04-24 15:07:02,321 ] 91 luthien5921 - INFO - Logging in
[ 2024-04-24 15:07:02,321 ] 91 luthien5921 - INFO - Logging in
[ 2024-04-24 15:07:02,326 ] 91 luthien5921 - INFO - Current url: https://www.shinsei.e-aichi.jp/pref-aichi-police-u/offer/offerList_initDisplay
[ 2024-04-24 15:07:02,326 ] 91 luthien5921 - INFO - Current url: https://www.shinsei.e-aichi.jp/pref-aichi-police-u/offer/offerList_initDisplay
[ 2024-04-24 15:07:02,326 ] 91 luthien5921 - INFO - Current url: https://www.shinsei.e-aichi.jp/pref-aichi-police-u/offer/offerList_initDisplay
[ 2024-04-24 15:07:02,639 ] 91 luthien5921 - INFO - Logged in finished
[ 2024-04-24 15:07:02,639 ] 91 luthien5921 - INFO - Logged in finished
[ 2024-04-24 15:07:02,639 ] 91 luthien5921 - INFO - Logged in finished
[ 2024-04-24 15:07:02,881 ] 91 luthien5921 - INFO - On main page
[ 2024-04-24 15:07:02,881 ] 91 luthien5921 - INFO - On main page
[ 2024-04-24 15:07:02,881 ] 91 luthien5921 - INFO - On main page
[ 2024-04-24 15:07:04,623 ] 91 luthien5921 - INFO - Search submitted
[ 2024-04-24 15:07:04,623 ] 91 luthien5921 - INFO - Search submitted
[ 2024-04-24 15:07:04,623 ] 91 luthien5921 - INFO - Search submitted
[ 2024-04-24 15:07:04,640 ] 91 luthien5921 - INFO - Collected 2 forms
[ 2024-04-24 15:07:04,640 ] 91 luthien5921 - INFO - Collected 2 forms
[ 2024-04-24 15:07:04,640 ] 91 luthien5921 - INFO - Collected 2 forms
[ 2024-04-24 15:07:14,970 ] 91 luthien5921 - INFO - Opened login page
[ 2024-04-24 15:07:14,970 ] 91 luthien5921 - INFO - Opened login page
[ 2024-04-24 15:07:14,970 ] 91 luthien5921 - INFO - Opened login page
[ 2024-04-24 15:07:14,970 ] 91 luthien5921 - INFO - Opened login page
[ 2024-04-24 15:07:14,970 ] 91 luthien5921 - INFO - Opened login page
[ 2024-04-24 15:07:14,970 ] 91 luthien5921 - INFO - Opened login page
[ 2024-04-24 15:07:18,938 ] 91 luthien5921 - INFO - Logging in
[ 2024-04-24 15:07:18,938 ] 91 luthien5921 - INFO - Logging in
[ 2024-04-24 15:07:18,938 ] 91 luthien5921 - INFO - Logging in
[ 2024-04-24 15:07:18,938 ] 91 luthien5921 - INFO - Logging in
[ 2024-04-24 15:07:18,938 ] 91 luthien5921 - INFO - Logging in
[ 2024-04-24 15:07:18,938 ] 91 luthien5921 - INFO - Logging in
[ 2024-04-24 15:07:18,942 ] 91 luthien5921 - INFO - Current url: https://www.shinsei.e-aichi.jp/pref-aichi-police-u/offer/offerList_initDisplay
[ 2024-04-24 15:07:18,942 ] 91 luthien5921 - INFO - Current url: https://www.shinsei.e-aichi.jp/pref-aichi-police-u/offer/offerList_initDisplay
[ 2024-04-24 15:07:18,942 ] 91 luthien5921 - INFO - Current url: https://www.shinsei.e-aichi.jp/pref-aichi-police-u/offer/offerList_initDisplay
[ 2024-04-24 15:07:18,942 ] 91 luthien5921 - INFO - Current url: https://www.shinsei.e-aichi.jp/pref-aichi-police-u/offer/offerList_initDisplay
[ 2024-04-24 15:07:18,942 ] 91 luthien5921 - INFO - Current url: https://www.shinsei.e-aichi.jp/pref-aichi-police-u/offer/offerList_initDisplay
[ 2024-04-24 15:07:18,942 ] 91 luthien5921 - INFO - Current url: https://www.shinsei.e-aichi.jp/pref-aichi-police-u/offer/offerList_initDisplay
[ 2024-04-24 15:07:19,249 ] 91 luthien5921 - INFO - Logged in finished
[ 2024-04-24 15:07:19,249 ] 91 luthien5921 - INFO - Logged in finished
[ 2024-04-24 15:07:19,249 ] 91 luthien5921 - INFO - Logged in finished
[ 2024-04-24 15:07:19,249 ] 91 luthien5921 - INFO - Logged in finished
[ 2024-04-24 15:07:19,249 ] 91 luthien5921 - INFO - Logged in finished
[ 2024-04-24 15:07:19,249 ] 91 luthien5921 - INFO - Logged in finished
[ 2024-04-24 15:07:19,510 ] 91 luthien5921 - INFO - On main page
[ 2024-04-24 15:07:19,510 ] 91 luthien5921 - INFO - On main page
[ 2024-04-24 15:07:19,510 ] 91 luthien5921 - INFO - On main page
[ 2024-04-24 15:07:19,510 ] 91 luthien5921 - INFO - On main page
[ 2024-04-24 15:07:19,510 ] 91 luthien5921 - INFO - On main page
[ 2024-04-24 15:07:19,510 ] 91 luthien5921 - INFO - On main page
[ 2024-04-24 15:07:21,289 ] 91 luthien5921 - INFO - Search submitted
[ 2024-04-24 15:07:21,289 ] 91 luthien5921 - INFO - Search submitted
[ 2024-04-24 15:07:21,289 ] 91 luthien5921 - INFO - Search submitted
[ 2024-04-24 15:07:21,289 ] 91 luthien5921 - INFO - Search submitted
[ 2024-04-24 15:07:21,289 ] 91 luthien5921 - INFO - Search submitted
[ 2024-04-24 15:07:21,289 ] 91 luthien5921 - INFO - Search submitted
[ 2024-04-24 15:07:21,308 ] 91 luthien5921 - INFO - Collected 2 forms
[ 2024-04-24 15:07:21,308 ] 91 luthien5921 - INFO - Collected 2 forms
[ 2024-04-24 15:07:21,308 ] 91 luthien5921 - INFO - Collected 2 forms
[ 2024-04-24 15:07:21,308 ] 91 luthien5921 - INFO - Collected 2 forms
[ 2024-04-24 15:07:21,308 ] 91 luthien5921 - INFO - Collected 2 forms
[ 2024-04-24 15:07:21,308 ] 91 luthien5921 - INFO - Collected 2 forms
[ 2024-04-24 15:07:31,019 ] 91 luthien5921 - INFO - Opened login page
[ 2024-04-24 15:07:31,019 ] 91 luthien5921 - INFO - Opened login page
[ 2024-04-24 15:07:31,019 ] 91 luthien5921 - INFO - Opened login page
[ 2024-04-24 15:07:31,019 ] 91 luthien5921 - INFO - Opened login page
[ 2024-04-24 15:07:31,019 ] 91 luthien5921 - INFO - Opened login page
[ 2024-04-24 15:07:31,019 ] 91 luthien5921 - INFO - Opened login page
[ 2024-04-24 15:07:31,019 ] 91 luthien5921 - INFO - Opened login page
[ 2024-04-24 15:07:31,019 ] 91 luthien5921 - INFO - Opened login page
[ 2024-04-24 15:07:31,019 ] 91 luthien5921 - INFO - Opened login page
[ 2024-04-24 15:07:34,919 ] 91 luthien5921 - INFO - Logging in
[ 2024-04-24 15:07:34,919 ] 91 luthien5921 - INFO - Logging in
[ 2024-04-24 15:07:34,919 ] 91 luthien5921 - INFO - Logging in
[ 2024-04-24 15:07:34,919 ] 91 luthien5921 - INFO - Logging in
[ 2024-04-24 15:07:34,919 ] 91 luthien5921 - INFO - Logging in
[ 2024-04-24 15:07:34,919 ] 91 luthien5921 - INFO - Logging in
[ 2024-04-24 15:07:34,919 ] 91 luthien5921 - INFO - Logging in
[ 2024-04-24 15:07:34,919 ] 91 luthien5921 - INFO - Logging in
[ 2024-04-24 15:07:34,919 ] 91 luthien5921 - INFO - Logging in
[ 2024-04-24 15:07:34,926 ] 91 luthien5921 - INFO - Current url: https://www.shinsei.e-aichi.jp/pref-aichi-police-u/offer/offerList_initDisplay
[ 2024-04-24 15:07:34,926 ] 91 luthien5921 - INFO - Current url: https://www.shinsei.e-aichi.jp/pref-aichi-police-u/offer/offerList_initDisplay
[ 2024-04-24 15:07:34,926 ] 91 luthien5921 - INFO - Current url: https://www.shinsei.e-aichi.jp/pref-aichi-police-u/offer/offerList_initDisplay
[ 2024-04-24 15:07:34,926 ] 91 luthien5921 - INFO - Current url: https://www.shinsei.e-aichi.jp/pref-aichi-police-u/offer/offerList_initDisplay
[ 2024-04-24 15:07:34,926 ] 91 luthien5921 - INFO - Current url: https://www.shinsei.e-aichi.jp/pref-aichi-police-u/offer/offerList_initDisplay
[ 2024-04-24 15:07:34,926 ] 91 luthien5921 - INFO - Current url: https://www.shinsei.e-aichi.jp/pref-aichi-police-u/offer/offerList_initDisplay
[ 2024-04-24 15:07:34,926 ] 91 luthien5921 - INFO - Current url: https://www.shinsei.e-aichi.jp/pref-aichi-police-u/offer/offerList_initDisplay
[ 2024-04-24 15:07:34,926 ] 91 luthien5921 - INFO - Current url: https://www.shinsei.e-aichi.jp/pref-aichi-police-u/offer/offerList_initDisplay
[ 2024-04-24 15:07:34,926 ] 91 luthien5921 - INFO - Current url: https://www.shinsei.e-aichi.jp/pref-aichi-police-u/offer/offerList_initDisplay
[ 2024-04-24 15:07:35,242 ] 91 luthien5921 - INFO - Logged in finished
[ 2024-04-24 15:07:35,242 ] 91 luthien5921 - INFO - Logged in finished
[ 2024-04-24 15:07:35,242 ] 91 luthien5921 - INFO - Logged in finished
[ 2024-04-24 15:07:35,242 ] 91 luthien5921 - INFO - Logged in finished
[ 2024-04-24 15:07:35,242 ] 91 luthien5921 - INFO - Logged in finished
[ 2024-04-24 15:07:35,242 ] 91 luthien5921 - INFO - Logged in finished
[ 2024-04-24 15:07:35,242 ] 91 luthien5921 - INFO - Logged in finished
[ 2024-04-24 15:07:35,242 ] 91 luthien5921 - INFO - Logged in finished
[ 2024-04-24 15:07:35,242 ] 91 luthien5921 - INFO - Logged in finished
[ 2024-04-24 15:07:35,557 ] 91 luthien5921 - INFO - On main page
[ 2024-04-24 15:07:35,557 ] 91 luthien5921 - INFO - On main page
[ 2024-04-24 15:07:35,557 ] 91 luthien5921 - INFO - On main page
[ 2024-04-24 15:07:35,557 ] 91 luthien5921 - INFO - On main page
[ 2024-04-24 15:07:35,557 ] 91 luthien5921 - INFO - On main page
[ 2024-04-24 15:07:35,557 ] 91 luthien5921 - INFO - On main page
[ 2024-04-24 15:07:35,557 ] 91 luthien5921 - INFO - On main page
[ 2024-04-24 15:07:35,557 ] 91 luthien5921 - INFO - On main page
[ 2024-04-24 15:07:35,557 ] 91 luthien5921 - INFO - On main page
[ 2024-04-24 15:07:37,051 ] 91 luthien5921 - INFO - Search submitted
[ 2024-04-24 15:07:37,051 ] 91 luthien5921 - INFO - Search submitted
[ 2024-04-24 15:07:37,051 ] 91 luthien5921 - INFO - Search submitted
[ 2024-04-24 15:07:37,051 ] 91 luthien5921 - INFO - Search submitted
[ 2024-04-24 15:07:37,051 ] 91 luthien5921 - INFO - Search submitted
[ 2024-04-24 15:07:37,051 ] 91 luthien5921 - INFO - Search submitted
[ 2024-04-24 15:07:37,051 ] 91 luthien5921 - INFO - Search submitted
[ 2024-04-24 15:07:37,051 ] 91 luthien5921 - INFO - Search submitted
[ 2024-04-24 15:07:37,051 ] 91 luthien5921 - INFO - Search submitted
[ 2024-04-24 15:07:37,074 ] 91 luthien5921 - INFO - Collected 2 forms
[ 2024-04-24 15:07:37,074 ] 91 luthien5921 - INFO - Collected 2 forms
[ 2024-04-24 15:07:37,074 ] 91 luthien5921 - INFO - Collected 2 forms
[ 2024-04-24 15:07:37,074 ] 91 luthien5921 - INFO - Collected 2 forms
[ 2024-04-24 15:07:37,074 ] 91 luthien5921 - INFO - Collected 2 forms
[ 2024-04-24 15:07:37,074 ] 91 luthien5921 - INFO - Collected 2 forms
[ 2024-04-24 15:07:37,074 ] 91 luthien5921 - INFO - Collected 2 forms
[ 2024-04-24 15:07:37,074 ] 91 luthien5921 - INFO - Collected 2 forms
[ 2024-04-24 15:07:37,074 ] 91 luthien5921 - INFO - Collected 2 forms
[ 2024-04-24 15:07:47,213 ] 91 luthien5921 - INFO - Opened login page
[ 2024-04-24 15:07:47,213 ] 91 luthien5921 - INFO - Opened login page
[ 2024-04-24 15:07:47,213 ] 91 luthien5921 - INFO - Opened login page
[ 2024-04-24 15:07:47,213 ] 91 luthien5921 - INFO - Opened login page
[ 2024-04-24 15:07:47,213 ] 91 luthien5921 - INFO - Opened login page
[ 2024-04-24 15:07:47,213 ] 91 luthien5921 - INFO - Opened login page
[ 2024-04-24 15:07:47,213 ] 91 luthien5921 - INFO - Opened login page
[ 2024-04-24 15:07:47,213 ] 91 luthien5921 - INFO - Opened login page
[ 2024-04-24 15:07:47,213 ] 91 luthien5921 - INFO - Opened login page
[ 2024-04-24 15:07:47,213 ] 91 luthien5921 - INFO - Opened login page
[ 2024-04-24 15:07:47,213 ] 91 luthien5921 - INFO - Opened login page
[ 2024-04-24 15:07:47,213 ] 91 luthien5921 - INFO - Opened login page
[ 2024-04-24 15:07:51,224 ] 91 luthien5921 - INFO - Logging in
[ 2024-04-24 15:07:51,224 ] 91 luthien5921 - INFO - Logging in
[ 2024-04-24 15:07:51,224 ] 91 luthien5921 - INFO - Logging in
[ 2024-04-24 15:07:51,224 ] 91 luthien5921 - INFO - Logging in
[ 2024-04-24 15:07:51,224 ] 91 luthien5921 - INFO - Logging in
[ 2024-04-24 15:07:51,224 ] 91 luthien5921 - INFO - Logging in
[ 2024-04-24 15:07:51,224 ] 91 luthien5921 - INFO - Logging in
[ 2024-04-24 15:07:51,224 ] 91 luthien5921 - INFO - Logging in
[ 2024-04-24 15:07:51,224 ] 91 luthien5921 - INFO - Logging in
[ 2024-04-24 15:07:51,224 ] 91 luthien5921 - INFO - Logging in
[ 2024-04-24 15:07:51,224 ] 91 luthien5921 - INFO - Logging in
[ 2024-04-24 15:07:51,224 ] 91 luthien5921 - INFO - Logging in
[ 2024-04-24 15:07:51,232 ] 91 luthien5921 - INFO - Current url: https://www.shinsei.e-aichi.jp/pref-aichi-police-u/offer/offerList_initDisplay
[ 2024-04-24 15:07:51,232 ] 91 luthien5921 - INFO - Current url: https://www.shinsei.e-aichi.jp/pref-aichi-police-u/offer/offerList_initDisplay
[ 2024-04-24 15:07:51,232 ] 91 luthien5921 - INFO - Current url: https://www.shinsei.e-aichi.jp/pref-aichi-police-u/offer/offerList_initDisplay
[ 2024-04-24 15:07:51,232 ] 91 luthien5921 - INFO - Current url: https://www.shinsei.e-aichi.jp/pref-aichi-police-u/offer/offerList_initDisplay
[ 2024-04-24 15:07:51,232 ] 91 luthien5921 - INFO - Current url: https://www.shinsei.e-aichi.jp/pref-aichi-police-u/offer/offerList_initDisplay
[ 2024-04-24 15:07:51,232 ] 91 luthien5921 - INFO - Current url: https://www.shinsei.e-aichi.jp/pref-aichi-police-u/offer/offerList_initDisplay
[ 2024-04-24 15:07:51,232 ] 91 luthien5921 - INFO - Current url: https://www.shinsei.e-aichi.jp/pref-aichi-police-u/offer/offerList_initDisplay
[ 2024-04-24 15:07:51,232 ] 91 luthien5921 - INFO - Current url: https://www.shinsei.e-aichi.jp/pref-aichi-police-u/offer/offerList_initDisplay
[ 2024-04-24 15:07:51,232 ] 91 luthien5921 - INFO - Current url: https://www.shinsei.e-aichi.jp/pref-aichi-police-u/offer/offerList_initDisplay
[ 2024-04-24 15:07:51,232 ] 91 luthien5921 - INFO - Current url: https://www.shinsei.e-aichi.jp/pref-aichi-police-u/offer/offerList_initDisplay
[ 2024-04-24 15:07:51,232 ] 91 luthien5921 - INFO - Current url: https://www.shinsei.e-aichi.jp/pref-aichi-police-u/offer/offerList_initDisplay
[ 2024-04-24 15:07:51,232 ] 91 luthien5921 - INFO - Current url: https://www.shinsei.e-aichi.jp/pref-aichi-police-u/offer/offerList_initDisplay
[ 2024-04-24 15:07:51,551 ] 91 luthien5921 - INFO - Logged in finished
[ 2024-04-24 15:07:51,551 ] 91 luthien5921 - INFO - Logged in finished
[ 2024-04-24 15:07:51,551 ] 91 luthien5921 - INFO - Logged in finished
[ 2024-04-24 15:07:51,551 ] 91 luthien5921 - INFO - Logged in finished
[ 2024-04-24 15:07:51,551 ] 91 luthien5921 - INFO - Logged in finished
[ 2024-04-24 15:07:51,551 ] 91 luthien5921 - INFO - Logged in finished
[ 2024-04-24 15:07:51,551 ] 91 luthien5921 - INFO - Logged in finished
[ 2024-04-24 15:07:51,551 ] 91 luthien5921 - INFO - Logged in finished
[ 2024-04-24 15:07:51,551 ] 91 luthien5921 - INFO - Logged in finished
[ 2024-04-24 15:07:51,551 ] 91 luthien5921 - INFO - Logged in finished
[ 2024-04-24 15:07:51,551 ] 91 luthien5921 - INFO - Logged in finished
[ 2024-04-24 15:07:51,551 ] 91 luthien5921 - INFO - Logged in finished
[ 2024-04-24 15:07:51,824 ] 91 luthien5921 - INFO - On main page
[ 2024-04-24 15:07:51,824 ] 91 luthien5921 - INFO - On main page
[ 2024-04-24 15:07:51,824 ] 91 luthien5921 - INFO - On main page
[ 2024-04-24 15:07:51,824 ] 91 luthien5921 - INFO - On main page
[ 2024-04-24 15:07:51,824 ] 91 luthien5921 - INFO - On main page
[ 2024-04-24 15:07:51,824 ] 91 luthien5921 - INFO - On main page
[ 2024-04-24 15:07:51,824 ] 91 luthien5921 - INFO - On main page
[ 2024-04-24 15:07:51,824 ] 91 luthien5921 - INFO - On main page
[ 2024-04-24 15:07:51,824 ] 91 luthien5921 - INFO - On main page
[ 2024-04-24 15:07:51,824 ] 91 luthien5921 - INFO - On main page
[ 2024-04-24 15:07:51,824 ] 91 luthien5921 - INFO - On main page
[ 2024-04-24 15:07:51,824 ] 91 luthien5921 - INFO - On main page
[ 2024-04-24 15:07:53,663 ] 91 luthien5921 - INFO - Search submitted
[ 2024-04-24 15:07:53,663 ] 91 luthien5921 - INFO - Search submitted
[ 2024-04-24 15:07:53,663 ] 91 luthien5921 - INFO - Search submitted
[ 2024-04-24 15:07:53,663 ] 91 luthien5921 - INFO - Search submitted
[ 2024-04-24 15:07:53,663 ] 91 luthien5921 - INFO - Search submitted
[ 2024-04-24 15:07:53,663 ] 91 luthien5921 - INFO - Search submitted
[ 2024-04-24 15:07:53,663 ] 91 luthien5921 - INFO - Search submitted
[ 2024-04-24 15:07:53,663 ] 91 luthien5921 - INFO - Search submitted
[ 2024-04-24 15:07:53,663 ] 91 luthien5921 - INFO - Search submitted
[ 2024-04-24 15:07:53,663 ] 91 luthien5921 - INFO - Search submitted
[ 2024-04-24 15:07:53,663 ] 91 luthien5921 - INFO - Search submitted
[ 2024-04-24 15:07:53,663 ] 91 luthien5921 - INFO - Search submitted
[ 2024-04-24 15:07:53,691 ] 91 luthien5921 - INFO - Collected 2 forms
[ 2024-04-24 15:07:53,691 ] 91 luthien5921 - INFO - Collected 2 forms
[ 2024-04-24 15:07:53,691 ] 91 luthien5921 - INFO - Collected 2 forms
[ 2024-04-24 15:07:53,691 ] 91 luthien5921 - INFO - Collected 2 forms
[ 2024-04-24 15:07:53,691 ] 91 luthien5921 - INFO - Collected 2 forms
[ 2024-04-24 15:07:53,691 ] 91 luthien5921 - INFO - Collected 2 forms
[ 2024-04-24 15:07:53,691 ] 91 luthien5921 - INFO - Collected 2 forms
[ 2024-04-24 15:07:53,691 ] 91 luthien5921 - INFO - Collected 2 forms
[ 2024-04-24 15:07:53,691 ] 91 luthien5921 - INFO - Collected 2 forms
[ 2024-04-24 15:07:53,691 ] 91 luthien5921 - INFO - Collected 2 forms
[ 2024-04-24 15:07:53,691 ] 91 luthien5921 - INFO - Collected 2 forms
[ 2024-04-24 15:07:53,691 ] 91 luthien5921 - INFO - Collected 2 forms
[ 2024-04-24 15:08:03,878 ] 91 luthien5921 - INFO - Opened login page
[ 2024-04-24 15:08:03,878 ] 91 luthien5921 - INFO - Opened login page
[ 2024-04-24 15:08:03,878 ] 91 luthien5921 - INFO - Opened login page
[ 2024-04-24 15:08:03,878 ] 91 luthien5921 - INFO - Opened login page
[ 2024-04-24 15:08:03,878 ] 91 luthien5921 - INFO - Opened login page
[ 2024-04-24 15:08:03,878 ] 91 luthien5921 - INFO - Opened login page
[ 2024-04-24 15:08:03,878 ] 91 luthien5921 - INFO - Opened login page
[ 2024-04-24 15:08:03,878 ] 91 luthien5921 - INFO - Opened login page
[ 2024-04-24 15:08:03,878 ] 91 luthien5921 - INFO - Opened login page
[ 2024-04-24 15:08:03,878 ] 91 luthien5921 - INFO - Opened login page
[ 2024-04-24 15:08:03,878 ] 91 luthien5921 - INFO - Opened login page
[ 2024-04-24 15:08:03,878 ] 91 luthien5921 - INFO - Opened login page
[ 2024-04-24 15:08:03,878 ] 91 luthien5921 - INFO - Opened login page
[ 2024-04-24 15:08:03,878 ] 91 luthien5921 - INFO - Opened login page
[ 2024-04-24 15:08:03,878 ] 91 luthien5921 - INFO - Opened login page
