[ 2024-04-25 23:27:29,402 ] 91 luthien5921 - INFO - Opened login page
[ 2024-04-25 23:27:29,402 ] 91 luthien5921 - INFO - Opened login page
[ 2024-04-25 23:27:29,402 ] 91 luthien5921 - INFO - Opened login page
[ 2024-04-25 23:27:34,828 ] 91 luthien5921 - INFO - Logging in
[ 2024-04-25 23:27:34,828 ] 91 luthien5921 - INFO - Logging in
[ 2024-04-25 23:27:34,828 ] 91 luthien5921 - INFO - Logging in
[ 2024-04-25 23:27:34,849 ] 91 luthien5921 - INFO - Current url: https://www.shinsei.e-aichi.jp/pref-aichi-police-u/offer/offerList_initDisplay
[ 2024-04-25 23:27:34,849 ] 91 luthien5921 - INFO - Current url: https://www.shinsei.e-aichi.jp/pref-aichi-police-u/offer/offerList_initDisplay
[ 2024-04-25 23:27:34,849 ] 91 luthien5921 - INFO - Current url: https://www.shinsei.e-aichi.jp/pref-aichi-police-u/offer/offerList_initDisplay
[ 2024-04-25 23:27:35,243 ] 91 luthien5921 - INFO - Logged in finished
[ 2024-04-25 23:27:35,243 ] 91 luthien5921 - INFO - Logged in finished
[ 2024-04-25 23:27:35,243 ] 91 luthien5921 - INFO - Logged in finished
[ 2024-04-25 23:27:35,576 ] 91 luthien5921 - INFO - On main page
[ 2024-04-25 23:27:35,576 ] 91 luthien5921 - INFO - On main page
[ 2024-04-25 23:27:35,576 ] 91 luthien5921 - INFO - On main page
[ 2024-04-25 23:27:37,533 ] 91 luthien5921 - INFO - Search submitted
[ 2024-04-25 23:27:37,533 ] 91 luthien5921 - INFO - Search submitted
[ 2024-04-25 23:27:37,533 ] 91 luthien5921 - INFO - Search submitted
[ 2024-04-25 23:27:37,878 ] 91 luthien5921 - INFO - Collected 20 forms
[ 2024-04-25 23:27:37,878 ] 91 luthien5921 - INFO - Collected 20 forms
[ 2024-04-25 23:27:37,878 ] 91 luthien5921 - INFO - Collected 20 forms
[ 2024-04-25 23:27:42,060 ] 91 luthien5921 - INFO - Number of filtered forms left is: 0 form(s)
[ 2024-04-25 23:27:42,060 ] 91 luthien5921 - INFO - Number of filtered forms left is: 0 form(s)
[ 2024-04-25 23:27:42,060 ] 91 luthien5921 - INFO - Number of filtered forms left is: 0 form(s)
[ 2024-04-25 23:27:42,062 ] 91 luthien5921 - ERROR - No form found
[ 2024-04-25 23:27:42,062 ] 91 luthien5921 - ERROR - No form found
[ 2024-04-25 23:27:42,062 ] 91 luthien5921 - ERROR - No form found
[ 2024-04-25 23:27:44,800 ] 91 luthien5921 - INFO - Collected 20 forms
[ 2024-04-25 23:27:44,800 ] 91 luthien5921 - INFO - Collected 20 forms
[ 2024-04-25 23:27:44,800 ] 91 luthien5921 - INFO - Collected 20 forms
[ 2024-04-25 23:27:46,027 ] 91 luthien5921 - INFO - Number of filtered forms left is: 0 form(s)
[ 2024-04-25 23:27:46,027 ] 91 luthien5921 - INFO - Number of filtered forms left is: 0 form(s)
[ 2024-04-25 23:27:46,027 ] 91 luthien5921 - INFO - Number of filtered forms left is: 0 form(s)
[ 2024-04-25 23:27:46,027 ] 91 luthien5921 - ERROR - No form found
[ 2024-04-25 23:27:46,027 ] 91 luthien5921 - ERROR - No form found
[ 2024-04-25 23:27:46,027 ] 91 luthien5921 - ERROR - No form found
[ 2024-04-25 23:27:48,546 ] 91 luthien5921 - INFO - Collected 20 forms
[ 2024-04-25 23:27:48,546 ] 91 luthien5921 - INFO - Collected 20 forms
[ 2024-04-25 23:27:48,546 ] 91 luthien5921 - INFO - Collected 20 forms
[ 2024-04-25 23:27:49,579 ] 91 luthien5921 - INFO - Number of filtered forms left is: 0 form(s)
[ 2024-04-25 23:27:49,579 ] 91 luthien5921 - INFO - Number of filtered forms left is: 0 form(s)
[ 2024-04-25 23:27:49,579 ] 91 luthien5921 - INFO - Number of filtered forms left is: 0 form(s)
[ 2024-04-25 23:27:49,580 ] 91 luthien5921 - ERROR - No form found
[ 2024-04-25 23:27:49,580 ] 91 luthien5921 - ERROR - No form found
[ 2024-04-25 23:27:49,580 ] 91 luthien5921 - ERROR - No form found
[ 2024-04-25 23:27:52,034 ] 91 luthien5921 - INFO - Collected 20 forms
[ 2024-04-25 23:27:52,034 ] 91 luthien5921 - INFO - Collected 20 forms
[ 2024-04-25 23:27:52,034 ] 91 luthien5921 - INFO - Collected 20 forms
[ 2024-04-25 23:27:53,154 ] 91 luthien5921 - INFO - Number of filtered forms left is: 0 form(s)
[ 2024-04-25 23:27:53,154 ] 91 luthien5921 - INFO - Number of filtered forms left is: 0 form(s)
[ 2024-04-25 23:27:53,154 ] 91 luthien5921 - INFO - Number of filtered forms left is: 0 form(s)
[ 2024-04-25 23:27:53,155 ] 91 luthien5921 - ERROR - No form found
[ 2024-04-25 23:27:53,155 ] 91 luthien5921 - ERROR - No form found
[ 2024-04-25 23:27:53,155 ] 91 luthien5921 - ERROR - No form found
[ 2024-04-25 23:27:55,782 ] 91 luthien5921 - INFO - Collected 20 forms
[ 2024-04-25 23:27:55,782 ] 91 luthien5921 - INFO - Collected 20 forms
[ 2024-04-25 23:27:55,782 ] 91 luthien5921 - INFO - Collected 20 forms
[ 2024-04-25 23:27:56,641 ] 91 luthien5921 - INFO - Number of filtered forms left is: 0 form(s)
[ 2024-04-25 23:27:56,641 ] 91 luthien5921 - INFO - Number of filtered forms left is: 0 form(s)
[ 2024-04-25 23:27:56,641 ] 91 luthien5921 - INFO - Number of filtered forms left is: 0 form(s)
[ 2024-04-25 23:27:56,642 ] 91 luthien5921 - ERROR - No form found
[ 2024-04-25 23:27:56,642 ] 91 luthien5921 - ERROR - No form found
[ 2024-04-25 23:27:56,642 ] 91 luthien5921 - ERROR - No form found
[ 2024-04-25 23:27:58,808 ] 91 luthien5921 - INFO - Collected 20 forms
[ 2024-04-25 23:27:58,808 ] 91 luthien5921 - INFO - Collected 20 forms
[ 2024-04-25 23:27:58,808 ] 91 luthien5921 - INFO - Collected 20 forms
[ 2024-04-25 23:27:59,432 ] 91 luthien5921 - INFO - Number of filtered forms left is: 0 form(s)
[ 2024-04-25 23:27:59,432 ] 91 luthien5921 - INFO - Number of filtered forms left is: 0 form(s)
[ 2024-04-25 23:27:59,432 ] 91 luthien5921 - INFO - Number of filtered forms left is: 0 form(s)
[ 2024-04-25 23:27:59,432 ] 91 luthien5921 - ERROR - No form found
[ 2024-04-25 23:27:59,432 ] 91 luthien5921 - ERROR - No form found
[ 2024-04-25 23:27:59,432 ] 91 luthien5921 - ERROR - No form found
[ 2024-04-25 23:28:01,820 ] 91 luthien5921 - INFO - Collected 20 forms
[ 2024-04-25 23:28:01,820 ] 91 luthien5921 - INFO - Collected 20 forms
[ 2024-04-25 23:28:01,820 ] 91 luthien5921 - INFO - Collected 20 forms
[ 2024-04-25 23:28:02,408 ] 91 luthien5921 - INFO - Number of filtered forms left is: 0 form(s)
[ 2024-04-25 23:28:02,408 ] 91 luthien5921 - INFO - Number of filtered forms left is: 0 form(s)
[ 2024-04-25 23:28:02,408 ] 91 luthien5921 - INFO - Number of filtered forms left is: 0 form(s)
[ 2024-04-25 23:28:02,409 ] 91 luthien5921 - ERROR - No form found
[ 2024-04-25 23:28:02,409 ] 91 luthien5921 - ERROR - No form found
[ 2024-04-25 23:28:02,409 ] 91 luthien5921 - ERROR - No form found
[ 2024-04-25 23:28:04,842 ] 91 luthien5921 - INFO - Collected 20 forms
[ 2024-04-25 23:28:04,842 ] 91 luthien5921 - INFO - Collected 20 forms
[ 2024-04-25 23:28:04,842 ] 91 luthien5921 - INFO - Collected 20 forms
[ 2024-04-25 23:28:05,587 ] 91 luthien5921 - INFO - Number of filtered forms left is: 0 form(s)
[ 2024-04-25 23:28:05,587 ] 91 luthien5921 - INFO - Number of filtered forms left is: 0 form(s)
[ 2024-04-25 23:28:05,587 ] 91 luthien5921 - INFO - Number of filtered forms left is: 0 form(s)
[ 2024-04-25 23:28:05,587 ] 91 luthien5921 - ERROR - No form found
[ 2024-04-25 23:28:05,587 ] 91 luthien5921 - ERROR - No form found
[ 2024-04-25 23:28:05,587 ] 91 luthien5921 - ERROR - No form found
[ 2024-04-25 23:28:08,733 ] 91 luthien5921 - INFO - Collected 20 forms
[ 2024-04-25 23:28:08,733 ] 91 luthien5921 - INFO - Collected 20 forms
[ 2024-04-25 23:28:08,733 ] 91 luthien5921 - INFO - Collected 20 forms
[ 2024-04-25 23:28:09,366 ] 91 luthien5921 - INFO - Number of filtered forms left is: 0 form(s)
[ 2024-04-25 23:28:09,366 ] 91 luthien5921 - INFO - Number of filtered forms left is: 0 form(s)
[ 2024-04-25 23:28:09,366 ] 91 luthien5921 - INFO - Number of filtered forms left is: 0 form(s)
[ 2024-04-25 23:28:09,367 ] 91 luthien5921 - ERROR - No form found
[ 2024-04-25 23:28:09,367 ] 91 luthien5921 - ERROR - No form found
[ 2024-04-25 23:28:09,367 ] 91 luthien5921 - ERROR - No form found
[ 2024-04-25 23:28:11,947 ] 91 luthien5921 - INFO - Collected 20 forms
[ 2024-04-25 23:28:11,947 ] 91 luthien5921 - INFO - Collected 20 forms
[ 2024-04-25 23:28:11,947 ] 91 luthien5921 - INFO - Collected 20 forms
[ 2024-04-25 23:28:12,560 ] 91 luthien5921 - INFO - Number of filtered forms left is: 0 form(s)
[ 2024-04-25 23:28:12,560 ] 91 luthien5921 - INFO - Number of filtered forms left is: 0 form(s)
[ 2024-04-25 23:28:12,560 ] 91 luthien5921 - INFO - Number of filtered forms left is: 0 form(s)
[ 2024-04-25 23:28:12,560 ] 91 luthien5921 - ERROR - No form found
[ 2024-04-25 23:28:12,560 ] 91 luthien5921 - ERROR - No form found
[ 2024-04-25 23:28:12,560 ] 91 luthien5921 - ERROR - No form found
[ 2024-04-25 23:28:15,468 ] 91 luthien5921 - INFO - Collected 20 forms
[ 2024-04-25 23:28:15,468 ] 91 luthien5921 - INFO - Collected 20 forms
[ 2024-04-25 23:28:15,468 ] 91 luthien5921 - INFO - Collected 20 forms
[ 2024-04-25 23:28:16,400 ] 91 luthien5921 - INFO - Number of filtered forms left is: 0 form(s)
[ 2024-04-25 23:28:16,400 ] 91 luthien5921 - INFO - Number of filtered forms left is: 0 form(s)
[ 2024-04-25 23:28:16,400 ] 91 luthien5921 - INFO - Number of filtered forms left is: 0 form(s)
[ 2024-04-25 23:28:16,402 ] 91 luthien5921 - ERROR - No form found
[ 2024-04-25 23:28:16,402 ] 91 luthien5921 - ERROR - No form found
[ 2024-04-25 23:28:16,402 ] 91 luthien5921 - ERROR - No form found
[ 2024-04-25 23:28:19,199 ] 91 luthien5921 - INFO - Collected 20 forms
[ 2024-04-25 23:28:19,199 ] 91 luthien5921 - INFO - Collected 20 forms
[ 2024-04-25 23:28:19,199 ] 91 luthien5921 - INFO - Collected 20 forms
[ 2024-04-25 23:28:20,143 ] 91 luthien5921 - INFO - Number of filtered forms left is: 0 form(s)
[ 2024-04-25 23:28:20,143 ] 91 luthien5921 - INFO - Number of filtered forms left is: 0 form(s)
[ 2024-04-25 23:28:20,143 ] 91 luthien5921 - INFO - Number of filtered forms left is: 0 form(s)
[ 2024-04-25 23:28:20,144 ] 91 luthien5921 - ERROR - No form found
[ 2024-04-25 23:28:20,144 ] 91 luthien5921 - ERROR - No form found
[ 2024-04-25 23:28:20,144 ] 91 luthien5921 - ERROR - No form found
[ 2024-04-25 23:28:22,496 ] 91 luthien5921 - INFO - Collected 20 forms
[ 2024-04-25 23:28:22,496 ] 91 luthien5921 - INFO - Collected 20 forms
[ 2024-04-25 23:28:22,496 ] 91 luthien5921 - INFO - Collected 20 forms
[ 2024-04-25 23:28:23,426 ] 91 luthien5921 - INFO - Number of filtered forms left is: 0 form(s)
[ 2024-04-25 23:28:23,426 ] 91 luthien5921 - INFO - Number of filtered forms left is: 0 form(s)
[ 2024-04-25 23:28:23,426 ] 91 luthien5921 - INFO - Number of filtered forms left is: 0 form(s)
[ 2024-04-25 23:28:23,427 ] 91 luthien5921 - ERROR - No form found
[ 2024-04-25 23:28:23,427 ] 91 luthien5921 - ERROR - No form found
[ 2024-04-25 23:28:23,427 ] 91 luthien5921 - ERROR - No form found
[ 2024-04-25 23:28:25,734 ] 91 luthien5921 - INFO - Collected 20 forms
[ 2024-04-25 23:28:25,734 ] 91 luthien5921 - INFO - Collected 20 forms
[ 2024-04-25 23:28:25,734 ] 91 luthien5921 - INFO - Collected 20 forms
[ 2024-04-25 23:28:26,849 ] 91 luthien5921 - INFO - Number of filtered forms left is: 0 form(s)
[ 2024-04-25 23:28:26,849 ] 91 luthien5921 - INFO - Number of filtered forms left is: 0 form(s)
[ 2024-04-25 23:28:26,849 ] 91 luthien5921 - INFO - Number of filtered forms left is: 0 form(s)
[ 2024-04-25 23:28:26,851 ] 91 luthien5921 - ERROR - No form found
[ 2024-04-25 23:28:26,851 ] 91 luthien5921 - ERROR - No form found
[ 2024-04-25 23:28:26,851 ] 91 luthien5921 - ERROR - No form found
