[ 2024-04-25 23:27:30,224 ] 91 luthien5921+shinsei1 - INFO - Opened login page
[ 2024-04-25 23:27:30,224 ] 91 luthien5921+shinsei1 - INFO - Opened login page
[ 2024-04-25 23:27:30,224 ] 91 luthien5921+shinsei1 - INFO - Opened login page
[ 2024-04-25 23:27:44,056 ] 91 luthien5921+shinsei1 - INFO - Opened login page
[ 2024-04-25 23:27:44,056 ] 91 luthien5921+shinsei1 - INFO - Opened login page
[ 2024-04-25 23:27:44,056 ] 91 luthien5921+shinsei1 - INFO - Opened login page
[ 2024-04-25 23:27:44,056 ] 91 luthien5921+shinsei1 - INFO - Opened login page
[ 2024-04-25 23:27:44,056 ] 91 luthien5921+shinsei1 - INFO - Opened login page
[ 2024-04-25 23:27:44,056 ] 91 luthien5921+shinsei1 - INFO - Opened login page
[ 2024-04-25 23:27:47,993 ] 91 luthien5921+shinsei1 - INFO - Logging in
[ 2024-04-25 23:27:47,993 ] 91 luthien5921+shinsei1 - INFO - Logging in
[ 2024-04-25 23:27:47,993 ] 91 luthien5921+shinsei1 - INFO - Logging in
[ 2024-04-25 23:27:47,993 ] 91 luthien5921+shinsei1 - INFO - Logging in
[ 2024-04-25 23:27:47,993 ] 91 luthien5921+shinsei1 - INFO - Logging in
[ 2024-04-25 23:27:47,993 ] 91 luthien5921+shinsei1 - INFO - Logging in
[ 2024-04-25 23:27:48,002 ] 91 luthien5921+shinsei1 - INFO - Current url: https://www.shinsei.e-aichi.jp/pref-aichi-police-u/offer/offerList_initDisplay
[ 2024-04-25 23:27:48,002 ] 91 luthien5921+shinsei1 - INFO - Current url: https://www.shinsei.e-aichi.jp/pref-aichi-police-u/offer/offerList_initDisplay
[ 2024-04-25 23:27:48,002 ] 91 luthien5921+shinsei1 - INFO - Current url: https://www.shinsei.e-aichi.jp/pref-aichi-police-u/offer/offerList_initDisplay
[ 2024-04-25 23:27:48,002 ] 91 luthien5921+shinsei1 - INFO - Current url: https://www.shinsei.e-aichi.jp/pref-aichi-police-u/offer/offerList_initDisplay
[ 2024-04-25 23:27:48,002 ] 91 luthien5921+shinsei1 - INFO - Current url: https://www.shinsei.e-aichi.jp/pref-aichi-police-u/offer/offerList_initDisplay
[ 2024-04-25 23:27:48,002 ] 91 luthien5921+shinsei1 - INFO - Current url: https://www.shinsei.e-aichi.jp/pref-aichi-police-u/offer/offerList_initDisplay
[ 2024-04-25 23:27:48,312 ] 91 luthien5921+shinsei1 - INFO - Logged in finished
[ 2024-04-25 23:27:48,312 ] 91 luthien5921+shinsei1 - INFO - Logged in finished
[ 2024-04-25 23:27:48,312 ] 91 luthien5921+shinsei1 - INFO - Logged in finished
[ 2024-04-25 23:27:48,312 ] 91 luthien5921+shinsei1 - INFO - Logged in finished
[ 2024-04-25 23:27:48,312 ] 91 luthien5921+shinsei1 - INFO - Logged in finished
[ 2024-04-25 23:27:48,312 ] 91 luthien5921+shinsei1 - INFO - Logged in finished
[ 2024-04-25 23:27:48,615 ] 91 luthien5921+shinsei1 - INFO - On main page
[ 2024-04-25 23:27:48,615 ] 91 luthien5921+shinsei1 - INFO - On main page
[ 2024-04-25 23:27:48,615 ] 91 luthien5921+shinsei1 - INFO - On main page
[ 2024-04-25 23:27:48,615 ] 91 luthien5921+shinsei1 - INFO - On main page
[ 2024-04-25 23:27:48,615 ] 91 luthien5921+shinsei1 - INFO - On main page
[ 2024-04-25 23:27:48,615 ] 91 luthien5921+shinsei1 - INFO - On main page
[ 2024-04-25 23:27:50,251 ] 91 luthien5921+shinsei1 - INFO - Search submitted
[ 2024-04-25 23:27:50,251 ] 91 luthien5921+shinsei1 - INFO - Search submitted
[ 2024-04-25 23:27:50,251 ] 91 luthien5921+shinsei1 - INFO - Search submitted
[ 2024-04-25 23:27:50,251 ] 91 luthien5921+shinsei1 - INFO - Search submitted
[ 2024-04-25 23:27:50,251 ] 91 luthien5921+shinsei1 - INFO - Search submitted
[ 2024-04-25 23:27:50,251 ] 91 luthien5921+shinsei1 - INFO - Search submitted
[ 2024-04-25 23:27:50,284 ] 91 luthien5921+shinsei1 - INFO - Collected 20 forms
[ 2024-04-25 23:27:50,284 ] 91 luthien5921+shinsei1 - INFO - Collected 20 forms
[ 2024-04-25 23:27:50,284 ] 91 luthien5921+shinsei1 - INFO - Collected 20 forms
[ 2024-04-25 23:27:50,284 ] 91 luthien5921+shinsei1 - INFO - Collected 20 forms
[ 2024-04-25 23:27:50,284 ] 91 luthien5921+shinsei1 - INFO - Collected 20 forms
[ 2024-04-25 23:27:50,284 ] 91 luthien5921+shinsei1 - INFO - Collected 20 forms
[ 2024-04-25 23:27:51,545 ] 91 luthien5921+shinsei1 - INFO - Number of filtered forms left is: 0 form(s)
[ 2024-04-25 23:27:51,545 ] 91 luthien5921+shinsei1 - INFO - Number of filtered forms left is: 0 form(s)
[ 2024-04-25 23:27:51,545 ] 91 luthien5921+shinsei1 - INFO - Number of filtered forms left is: 0 form(s)
[ 2024-04-25 23:27:51,545 ] 91 luthien5921+shinsei1 - INFO - Number of filtered forms left is: 0 form(s)
[ 2024-04-25 23:27:51,545 ] 91 luthien5921+shinsei1 - INFO - Number of filtered forms left is: 0 form(s)
[ 2024-04-25 23:27:51,545 ] 91 luthien5921+shinsei1 - INFO - Number of filtered forms left is: 0 form(s)
[ 2024-04-25 23:27:51,546 ] 91 luthien5921+shinsei1 - ERROR - No form found
[ 2024-04-25 23:27:51,546 ] 91 luthien5921+shinsei1 - ERROR - No form found
[ 2024-04-25 23:27:51,546 ] 91 luthien5921+shinsei1 - ERROR - No form found
[ 2024-04-25 23:27:51,546 ] 91 luthien5921+shinsei1 - ERROR - No form found
[ 2024-04-25 23:27:51,546 ] 91 luthien5921+shinsei1 - ERROR - No form found
[ 2024-04-25 23:27:51,546 ] 91 luthien5921+shinsei1 - ERROR - No form found
[ 2024-04-25 23:27:54,212 ] 91 luthien5921+shinsei1 - INFO - Collected 20 forms
[ 2024-04-25 23:27:54,212 ] 91 luthien5921+shinsei1 - INFO - Collected 20 forms
[ 2024-04-25 23:27:54,212 ] 91 luthien5921+shinsei1 - INFO - Collected 20 forms
[ 2024-04-25 23:27:54,212 ] 91 luthien5921+shinsei1 - INFO - Collected 20 forms
[ 2024-04-25 23:27:54,212 ] 91 luthien5921+shinsei1 - INFO - Collected 20 forms
[ 2024-04-25 23:27:54,212 ] 91 luthien5921+shinsei1 - INFO - Collected 20 forms
[ 2024-04-25 23:27:54,868 ] 91 luthien5921+shinsei1 - INFO - Number of filtered forms left is: 0 form(s)
[ 2024-04-25 23:27:54,868 ] 91 luthien5921+shinsei1 - INFO - Number of filtered forms left is: 0 form(s)
[ 2024-04-25 23:27:54,868 ] 91 luthien5921+shinsei1 - INFO - Number of filtered forms left is: 0 form(s)
[ 2024-04-25 23:27:54,868 ] 91 luthien5921+shinsei1 - INFO - Number of filtered forms left is: 0 form(s)
[ 2024-04-25 23:27:54,868 ] 91 luthien5921+shinsei1 - INFO - Number of filtered forms left is: 0 form(s)
[ 2024-04-25 23:27:54,868 ] 91 luthien5921+shinsei1 - INFO - Number of filtered forms left is: 0 form(s)
[ 2024-04-25 23:27:54,869 ] 91 luthien5921+shinsei1 - ERROR - No form found
[ 2024-04-25 23:27:54,869 ] 91 luthien5921+shinsei1 - ERROR - No form found
[ 2024-04-25 23:27:54,869 ] 91 luthien5921+shinsei1 - ERROR - No form found
[ 2024-04-25 23:27:54,869 ] 91 luthien5921+shinsei1 - ERROR - No form found
[ 2024-04-25 23:27:54,869 ] 91 luthien5921+shinsei1 - ERROR - No form found
[ 2024-04-25 23:27:54,869 ] 91 luthien5921+shinsei1 - ERROR - No form found
[ 2024-04-25 23:27:57,321 ] 91 luthien5921+shinsei1 - INFO - Collected 20 forms
[ 2024-04-25 23:27:57,321 ] 91 luthien5921+shinsei1 - INFO - Collected 20 forms
[ 2024-04-25 23:27:57,321 ] 91 luthien5921+shinsei1 - INFO - Collected 20 forms
[ 2024-04-25 23:27:57,321 ] 91 luthien5921+shinsei1 - INFO - Collected 20 forms
[ 2024-04-25 23:27:57,321 ] 91 luthien5921+shinsei1 - INFO - Collected 20 forms
[ 2024-04-25 23:27:57,321 ] 91 luthien5921+shinsei1 - INFO - Collected 20 forms
[ 2024-04-25 23:27:57,926 ] 91 luthien5921+shinsei1 - INFO - Number of filtered forms left is: 0 form(s)
[ 2024-04-25 23:27:57,926 ] 91 luthien5921+shinsei1 - INFO - Number of filtered forms left is: 0 form(s)
[ 2024-04-25 23:27:57,926 ] 91 luthien5921+shinsei1 - INFO - Number of filtered forms left is: 0 form(s)
[ 2024-04-25 23:27:57,926 ] 91 luthien5921+shinsei1 - INFO - Number of filtered forms left is: 0 form(s)
[ 2024-04-25 23:27:57,926 ] 91 luthien5921+shinsei1 - INFO - Number of filtered forms left is: 0 form(s)
[ 2024-04-25 23:27:57,926 ] 91 luthien5921+shinsei1 - INFO - Number of filtered forms left is: 0 form(s)
[ 2024-04-25 23:27:57,928 ] 91 luthien5921+shinsei1 - ERROR - No form found
[ 2024-04-25 23:27:57,928 ] 91 luthien5921+shinsei1 - ERROR - No form found
[ 2024-04-25 23:27:57,928 ] 91 luthien5921+shinsei1 - ERROR - No form found
[ 2024-04-25 23:27:57,928 ] 91 luthien5921+shinsei1 - ERROR - No form found
[ 2024-04-25 23:27:57,928 ] 91 luthien5921+shinsei1 - ERROR - No form found
[ 2024-04-25 23:27:57,928 ] 91 luthien5921+shinsei1 - ERROR - No form found
[ 2024-04-25 23:28:00,417 ] 91 luthien5921+shinsei1 - INFO - Collected 20 forms
[ 2024-04-25 23:28:00,417 ] 91 luthien5921+shinsei1 - INFO - Collected 20 forms
[ 2024-04-25 23:28:00,417 ] 91 luthien5921+shinsei1 - INFO - Collected 20 forms
[ 2024-04-25 23:28:00,417 ] 91 luthien5921+shinsei1 - INFO - Collected 20 forms
[ 2024-04-25 23:28:00,417 ] 91 luthien5921+shinsei1 - INFO - Collected 20 forms
[ 2024-04-25 23:28:00,417 ] 91 luthien5921+shinsei1 - INFO - Collected 20 forms
[ 2024-04-25 23:28:01,143 ] 91 luthien5921+shinsei1 - INFO - Number of filtered forms left is: 0 form(s)
[ 2024-04-25 23:28:01,143 ] 91 luthien5921+shinsei1 - INFO - Number of filtered forms left is: 0 form(s)
[ 2024-04-25 23:28:01,143 ] 91 luthien5921+shinsei1 - INFO - Number of filtered forms left is: 0 form(s)
[ 2024-04-25 23:28:01,143 ] 91 luthien5921+shinsei1 - INFO - Number of filtered forms left is: 0 form(s)
[ 2024-04-25 23:28:01,143 ] 91 luthien5921+shinsei1 - INFO - Number of filtered forms left is: 0 form(s)
[ 2024-04-25 23:28:01,143 ] 91 luthien5921+shinsei1 - INFO - Number of filtered forms left is: 0 form(s)
[ 2024-04-25 23:28:01,144 ] 91 luthien5921+shinsei1 - ERROR - No form found
[ 2024-04-25 23:28:01,144 ] 91 luthien5921+shinsei1 - ERROR - No form found
[ 2024-04-25 23:28:01,144 ] 91 luthien5921+shinsei1 - ERROR - No form found
[ 2024-04-25 23:28:01,144 ] 91 luthien5921+shinsei1 - ERROR - No form found
[ 2024-04-25 23:28:01,144 ] 91 luthien5921+shinsei1 - ERROR - No form found
[ 2024-04-25 23:28:01,144 ] 91 luthien5921+shinsei1 - ERROR - No form found
[ 2024-04-25 23:28:04,541 ] 91 luthien5921+shinsei1 - INFO - Collected 20 forms
[ 2024-04-25 23:28:04,541 ] 91 luthien5921+shinsei1 - INFO - Collected 20 forms
[ 2024-04-25 23:28:04,541 ] 91 luthien5921+shinsei1 - INFO - Collected 20 forms
[ 2024-04-25 23:28:04,541 ] 91 luthien5921+shinsei1 - INFO - Collected 20 forms
[ 2024-04-25 23:28:04,541 ] 91 luthien5921+shinsei1 - INFO - Collected 20 forms
[ 2024-04-25 23:28:04,541 ] 91 luthien5921+shinsei1 - INFO - Collected 20 forms
[ 2024-04-25 23:28:05,281 ] 91 luthien5921+shinsei1 - INFO - Number of filtered forms left is: 0 form(s)
[ 2024-04-25 23:28:05,281 ] 91 luthien5921+shinsei1 - INFO - Number of filtered forms left is: 0 form(s)
[ 2024-04-25 23:28:05,281 ] 91 luthien5921+shinsei1 - INFO - Number of filtered forms left is: 0 form(s)
[ 2024-04-25 23:28:05,281 ] 91 luthien5921+shinsei1 - INFO - Number of filtered forms left is: 0 form(s)
[ 2024-04-25 23:28:05,281 ] 91 luthien5921+shinsei1 - INFO - Number of filtered forms left is: 0 form(s)
[ 2024-04-25 23:28:05,281 ] 91 luthien5921+shinsei1 - INFO - Number of filtered forms left is: 0 form(s)
[ 2024-04-25 23:28:05,282 ] 91 luthien5921+shinsei1 - ERROR - No form found
[ 2024-04-25 23:28:05,282 ] 91 luthien5921+shinsei1 - ERROR - No form found
[ 2024-04-25 23:28:05,282 ] 91 luthien5921+shinsei1 - ERROR - No form found
[ 2024-04-25 23:28:05,282 ] 91 luthien5921+shinsei1 - ERROR - No form found
[ 2024-04-25 23:28:05,282 ] 91 luthien5921+shinsei1 - ERROR - No form found
[ 2024-04-25 23:28:05,282 ] 91 luthien5921+shinsei1 - ERROR - No form found
[ 2024-04-25 23:28:07,987 ] 91 luthien5921+shinsei1 - INFO - Collected 20 forms
[ 2024-04-25 23:28:07,987 ] 91 luthien5921+shinsei1 - INFO - Collected 20 forms
[ 2024-04-25 23:28:07,987 ] 91 luthien5921+shinsei1 - INFO - Collected 20 forms
[ 2024-04-25 23:28:07,987 ] 91 luthien5921+shinsei1 - INFO - Collected 20 forms
[ 2024-04-25 23:28:07,987 ] 91 luthien5921+shinsei1 - INFO - Collected 20 forms
[ 2024-04-25 23:28:07,987 ] 91 luthien5921+shinsei1 - INFO - Collected 20 forms
[ 2024-04-25 23:28:08,609 ] 91 luthien5921+shinsei1 - INFO - Number of filtered forms left is: 0 form(s)
[ 2024-04-25 23:28:08,609 ] 91 luthien5921+shinsei1 - INFO - Number of filtered forms left is: 0 form(s)
[ 2024-04-25 23:28:08,609 ] 91 luthien5921+shinsei1 - INFO - Number of filtered forms left is: 0 form(s)
[ 2024-04-25 23:28:08,609 ] 91 luthien5921+shinsei1 - INFO - Number of filtered forms left is: 0 form(s)
[ 2024-04-25 23:28:08,609 ] 91 luthien5921+shinsei1 - INFO - Number of filtered forms left is: 0 form(s)
[ 2024-04-25 23:28:08,609 ] 91 luthien5921+shinsei1 - INFO - Number of filtered forms left is: 0 form(s)
[ 2024-04-25 23:28:08,609 ] 91 luthien5921+shinsei1 - ERROR - No form found
[ 2024-04-25 23:28:08,609 ] 91 luthien5921+shinsei1 - ERROR - No form found
[ 2024-04-25 23:28:08,609 ] 91 luthien5921+shinsei1 - ERROR - No form found
[ 2024-04-25 23:28:08,609 ] 91 luthien5921+shinsei1 - ERROR - No form found
[ 2024-04-25 23:28:08,609 ] 91 luthien5921+shinsei1 - ERROR - No form found
[ 2024-04-25 23:28:08,609 ] 91 luthien5921+shinsei1 - ERROR - No form found
[ 2024-04-25 23:28:11,304 ] 91 luthien5921+shinsei1 - INFO - Collected 20 forms
[ 2024-04-25 23:28:11,304 ] 91 luthien5921+shinsei1 - INFO - Collected 20 forms
[ 2024-04-25 23:28:11,304 ] 91 luthien5921+shinsei1 - INFO - Collected 20 forms
[ 2024-04-25 23:28:11,304 ] 91 luthien5921+shinsei1 - INFO - Collected 20 forms
[ 2024-04-25 23:28:11,304 ] 91 luthien5921+shinsei1 - INFO - Collected 20 forms
[ 2024-04-25 23:28:11,304 ] 91 luthien5921+shinsei1 - INFO - Collected 20 forms
[ 2024-04-25 23:28:12,031 ] 91 luthien5921+shinsei1 - INFO - Number of filtered forms left is: 0 form(s)
[ 2024-04-25 23:28:12,031 ] 91 luthien5921+shinsei1 - INFO - Number of filtered forms left is: 0 form(s)
[ 2024-04-25 23:28:12,031 ] 91 luthien5921+shinsei1 - INFO - Number of filtered forms left is: 0 form(s)
[ 2024-04-25 23:28:12,031 ] 91 luthien5921+shinsei1 - INFO - Number of filtered forms left is: 0 form(s)
[ 2024-04-25 23:28:12,031 ] 91 luthien5921+shinsei1 - INFO - Number of filtered forms left is: 0 form(s)
[ 2024-04-25 23:28:12,031 ] 91 luthien5921+shinsei1 - INFO - Number of filtered forms left is: 0 form(s)
[ 2024-04-25 23:28:12,032 ] 91 luthien5921+shinsei1 - ERROR - No form found
[ 2024-04-25 23:28:12,032 ] 91 luthien5921+shinsei1 - ERROR - No form found
[ 2024-04-25 23:28:12,032 ] 91 luthien5921+shinsei1 - ERROR - No form found
[ 2024-04-25 23:28:12,032 ] 91 luthien5921+shinsei1 - ERROR - No form found
[ 2024-04-25 23:28:12,032 ] 91 luthien5921+shinsei1 - ERROR - No form found
[ 2024-04-25 23:28:12,032 ] 91 luthien5921+shinsei1 - ERROR - No form found
[ 2024-04-25 23:28:14,838 ] 91 luthien5921+shinsei1 - INFO - Collected 20 forms
[ 2024-04-25 23:28:14,838 ] 91 luthien5921+shinsei1 - INFO - Collected 20 forms
[ 2024-04-25 23:28:14,838 ] 91 luthien5921+shinsei1 - INFO - Collected 20 forms
[ 2024-04-25 23:28:14,838 ] 91 luthien5921+shinsei1 - INFO - Collected 20 forms
[ 2024-04-25 23:28:14,838 ] 91 luthien5921+shinsei1 - INFO - Collected 20 forms
[ 2024-04-25 23:28:14,838 ] 91 luthien5921+shinsei1 - INFO - Collected 20 forms
[ 2024-04-25 23:28:15,739 ] 91 luthien5921+shinsei1 - INFO - Number of filtered forms left is: 0 form(s)
[ 2024-04-25 23:28:15,739 ] 91 luthien5921+shinsei1 - INFO - Number of filtered forms left is: 0 form(s)
[ 2024-04-25 23:28:15,739 ] 91 luthien5921+shinsei1 - INFO - Number of filtered forms left is: 0 form(s)
[ 2024-04-25 23:28:15,739 ] 91 luthien5921+shinsei1 - INFO - Number of filtered forms left is: 0 form(s)
[ 2024-04-25 23:28:15,739 ] 91 luthien5921+shinsei1 - INFO - Number of filtered forms left is: 0 form(s)
[ 2024-04-25 23:28:15,739 ] 91 luthien5921+shinsei1 - INFO - Number of filtered forms left is: 0 form(s)
[ 2024-04-25 23:28:15,740 ] 91 luthien5921+shinsei1 - ERROR - No form found
[ 2024-04-25 23:28:15,740 ] 91 luthien5921+shinsei1 - ERROR - No form found
[ 2024-04-25 23:28:15,740 ] 91 luthien5921+shinsei1 - ERROR - No form found
[ 2024-04-25 23:28:15,740 ] 91 luthien5921+shinsei1 - ERROR - No form found
[ 2024-04-25 23:28:15,740 ] 91 luthien5921+shinsei1 - ERROR - No form found
[ 2024-04-25 23:28:15,740 ] 91 luthien5921+shinsei1 - ERROR - No form found
[ 2024-04-25 23:28:18,430 ] 91 luthien5921+shinsei1 - INFO - Collected 20 forms
[ 2024-04-25 23:28:18,430 ] 91 luthien5921+shinsei1 - INFO - Collected 20 forms
[ 2024-04-25 23:28:18,430 ] 91 luthien5921+shinsei1 - INFO - Collected 20 forms
[ 2024-04-25 23:28:18,430 ] 91 luthien5921+shinsei1 - INFO - Collected 20 forms
[ 2024-04-25 23:28:18,430 ] 91 luthien5921+shinsei1 - INFO - Collected 20 forms
[ 2024-04-25 23:28:18,430 ] 91 luthien5921+shinsei1 - INFO - Collected 20 forms
[ 2024-04-25 23:28:19,270 ] 91 luthien5921+shinsei1 - INFO - Number of filtered forms left is: 0 form(s)
[ 2024-04-25 23:28:19,270 ] 91 luthien5921+shinsei1 - INFO - Number of filtered forms left is: 0 form(s)
[ 2024-04-25 23:28:19,270 ] 91 luthien5921+shinsei1 - INFO - Number of filtered forms left is: 0 form(s)
[ 2024-04-25 23:28:19,270 ] 91 luthien5921+shinsei1 - INFO - Number of filtered forms left is: 0 form(s)
[ 2024-04-25 23:28:19,270 ] 91 luthien5921+shinsei1 - INFO - Number of filtered forms left is: 0 form(s)
[ 2024-04-25 23:28:19,270 ] 91 luthien5921+shinsei1 - INFO - Number of filtered forms left is: 0 form(s)
[ 2024-04-25 23:28:19,272 ] 91 luthien5921+shinsei1 - ERROR - No form found
[ 2024-04-25 23:28:19,272 ] 91 luthien5921+shinsei1 - ERROR - No form found
[ 2024-04-25 23:28:19,272 ] 91 luthien5921+shinsei1 - ERROR - No form found
[ 2024-04-25 23:28:19,272 ] 91 luthien5921+shinsei1 - ERROR - No form found
[ 2024-04-25 23:28:19,272 ] 91 luthien5921+shinsei1 - ERROR - No form found
[ 2024-04-25 23:28:19,272 ] 91 luthien5921+shinsei1 - ERROR - No form found
[ 2024-04-25 23:28:21,693 ] 91 luthien5921+shinsei1 - INFO - Collected 20 forms
[ 2024-04-25 23:28:21,693 ] 91 luthien5921+shinsei1 - INFO - Collected 20 forms
[ 2024-04-25 23:28:21,693 ] 91 luthien5921+shinsei1 - INFO - Collected 20 forms
[ 2024-04-25 23:28:21,693 ] 91 luthien5921+shinsei1 - INFO - Collected 20 forms
[ 2024-04-25 23:28:21,693 ] 91 luthien5921+shinsei1 - INFO - Collected 20 forms
[ 2024-04-25 23:28:21,693 ] 91 luthien5921+shinsei1 - INFO - Collected 20 forms
[ 2024-04-25 23:28:22,605 ] 91 luthien5921+shinsei1 - INFO - Number of filtered forms left is: 0 form(s)
[ 2024-04-25 23:28:22,605 ] 91 luthien5921+shinsei1 - INFO - Number of filtered forms left is: 0 form(s)
[ 2024-04-25 23:28:22,605 ] 91 luthien5921+shinsei1 - INFO - Number of filtered forms left is: 0 form(s)
[ 2024-04-25 23:28:22,605 ] 91 luthien5921+shinsei1 - INFO - Number of filtered forms left is: 0 form(s)
[ 2024-04-25 23:28:22,605 ] 91 luthien5921+shinsei1 - INFO - Number of filtered forms left is: 0 form(s)
[ 2024-04-25 23:28:22,605 ] 91 luthien5921+shinsei1 - INFO - Number of filtered forms left is: 0 form(s)
[ 2024-04-25 23:28:22,607 ] 91 luthien5921+shinsei1 - ERROR - No form found
[ 2024-04-25 23:28:22,607 ] 91 luthien5921+shinsei1 - ERROR - No form found
[ 2024-04-25 23:28:22,607 ] 91 luthien5921+shinsei1 - ERROR - No form found
[ 2024-04-25 23:28:22,607 ] 91 luthien5921+shinsei1 - ERROR - No form found
[ 2024-04-25 23:28:22,607 ] 91 luthien5921+shinsei1 - ERROR - No form found
[ 2024-04-25 23:28:22,607 ] 91 luthien5921+shinsei1 - ERROR - No form found
[ 2024-04-25 23:28:25,432 ] 91 luthien5921+shinsei1 - INFO - Collected 20 forms
[ 2024-04-25 23:28:25,432 ] 91 luthien5921+shinsei1 - INFO - Collected 20 forms
[ 2024-04-25 23:28:25,432 ] 91 luthien5921+shinsei1 - INFO - Collected 20 forms
[ 2024-04-25 23:28:25,432 ] 91 luthien5921+shinsei1 - INFO - Collected 20 forms
[ 2024-04-25 23:28:25,432 ] 91 luthien5921+shinsei1 - INFO - Collected 20 forms
[ 2024-04-25 23:28:25,432 ] 91 luthien5921+shinsei1 - INFO - Collected 20 forms
[ 2024-04-25 23:28:26,380 ] 91 luthien5921+shinsei1 - INFO - Number of filtered forms left is: 0 form(s)
[ 2024-04-25 23:28:26,380 ] 91 luthien5921+shinsei1 - INFO - Number of filtered forms left is: 0 form(s)
[ 2024-04-25 23:28:26,380 ] 91 luthien5921+shinsei1 - INFO - Number of filtered forms left is: 0 form(s)
[ 2024-04-25 23:28:26,380 ] 91 luthien5921+shinsei1 - INFO - Number of filtered forms left is: 0 form(s)
[ 2024-04-25 23:28:26,380 ] 91 luthien5921+shinsei1 - INFO - Number of filtered forms left is: 0 form(s)
[ 2024-04-25 23:28:26,380 ] 91 luthien5921+shinsei1 - INFO - Number of filtered forms left is: 0 form(s)
[ 2024-04-25 23:28:26,380 ] 91 luthien5921+shinsei1 - ERROR - No form found
[ 2024-04-25 23:28:26,380 ] 91 luthien5921+shinsei1 - ERROR - No form found
[ 2024-04-25 23:28:26,380 ] 91 luthien5921+shinsei1 - ERROR - No form found
[ 2024-04-25 23:28:26,380 ] 91 luthien5921+shinsei1 - ERROR - No form found
[ 2024-04-25 23:28:26,380 ] 91 luthien5921+shinsei1 - ERROR - No form found
[ 2024-04-25 23:28:26,380 ] 91 luthien5921+shinsei1 - ERROR - No form found
[ 2024-04-25 23:28:29,417 ] 91 luthien5921+shinsei1 - INFO - Collected 20 forms
[ 2024-04-25 23:28:29,417 ] 91 luthien5921+shinsei1 - INFO - Collected 20 forms
[ 2024-04-25 23:28:29,417 ] 91 luthien5921+shinsei1 - INFO - Collected 20 forms
[ 2024-04-25 23:28:29,417 ] 91 luthien5921+shinsei1 - INFO - Collected 20 forms
[ 2024-04-25 23:28:29,417 ] 91 luthien5921+shinsei1 - INFO - Collected 20 forms
[ 2024-04-25 23:28:29,417 ] 91 luthien5921+shinsei1 - INFO - Collected 20 forms
