[ 2024-04-25 23:27:36,035 ] 91 luthien5921+shinsei2 - INFO - Opened login page
[ 2024-04-25 23:27:36,035 ] 91 luthien5921+shinsei2 - INFO - Opened login page
[ 2024-04-25 23:27:36,035 ] 91 luthien5921+shinsei2 - INFO - Opened login page
[ 2024-04-25 23:27:40,553 ] 91 luthien5921+shinsei2 - INFO - Logging in
[ 2024-04-25 23:27:40,553 ] 91 luthien5921+shinsei2 - INFO - Logging in
[ 2024-04-25 23:27:40,553 ] 91 luthien5921+shinsei2 - INFO - Logging in
[ 2024-04-25 23:27:40,585 ] 91 luthien5921+shinsei2 - INFO - Current url: https://www.shinsei.e-aichi.jp/pref-aichi-police-u/offer/offerList_initDisplay
[ 2024-04-25 23:27:40,585 ] 91 luthien5921+shinsei2 - INFO - Current url: https://www.shinsei.e-aichi.jp/pref-aichi-police-u/offer/offerList_initDisplay
[ 2024-04-25 23:27:40,585 ] 91 luthien5921+shinsei2 - INFO - Current url: https://www.shinsei.e-aichi.jp/pref-aichi-police-u/offer/offerList_initDisplay
[ 2024-04-25 23:27:40,989 ] 91 luthien5921+shinsei2 - INFO - Logged in finished
[ 2024-04-25 23:27:40,989 ] 91 luthien5921+shinsei2 - INFO - Logged in finished
[ 2024-04-25 23:27:40,989 ] 91 luthien5921+shinsei2 - INFO - Logged in finished
[ 2024-04-25 23:27:41,499 ] 91 luthien5921+shinsei2 - INFO - On main page
[ 2024-04-25 23:27:41,499 ] 91 luthien5921+shinsei2 - INFO - On main page
[ 2024-04-25 23:27:41,499 ] 91 luthien5921+shinsei2 - INFO - On main page
[ 2024-04-25 23:27:44,134 ] 91 luthien5921+shinsei2 - INFO - Search submitted
[ 2024-04-25 23:27:44,134 ] 91 luthien5921+shinsei2 - INFO - Search submitted
[ 2024-04-25 23:27:44,134 ] 91 luthien5921+shinsei2 - INFO - Search submitted
[ 2024-04-25 23:27:44,168 ] 91 luthien5921+shinsei2 - INFO - Collected 20 forms
[ 2024-04-25 23:27:44,168 ] 91 luthien5921+shinsei2 - INFO - Collected 20 forms
[ 2024-04-25 23:27:44,168 ] 91 luthien5921+shinsei2 - INFO - Collected 20 forms
[ 2024-04-25 23:27:45,568 ] 91 luthien5921+shinsei2 - INFO - Number of filtered forms left is: 0 form(s)
[ 2024-04-25 23:27:45,568 ] 91 luthien5921+shinsei2 - INFO - Number of filtered forms left is: 0 form(s)
[ 2024-04-25 23:27:45,568 ] 91 luthien5921+shinsei2 - INFO - Number of filtered forms left is: 0 form(s)
[ 2024-04-25 23:27:45,569 ] 91 luthien5921+shinsei2 - ERROR - No form found
[ 2024-04-25 23:27:45,569 ] 91 luthien5921+shinsei2 - ERROR - No form found
[ 2024-04-25 23:27:45,569 ] 91 luthien5921+shinsei2 - ERROR - No form found
[ 2024-04-25 23:27:48,843 ] 91 luthien5921+shinsei2 - INFO - Collected 20 forms
[ 2024-04-25 23:27:48,843 ] 91 luthien5921+shinsei2 - INFO - Collected 20 forms
[ 2024-04-25 23:27:48,843 ] 91 luthien5921+shinsei2 - INFO - Collected 20 forms
[ 2024-04-25 23:27:49,741 ] 91 luthien5921+shinsei2 - INFO - Number of filtered forms left is: 0 form(s)
[ 2024-04-25 23:27:49,741 ] 91 luthien5921+shinsei2 - INFO - Number of filtered forms left is: 0 form(s)
[ 2024-04-25 23:27:49,741 ] 91 luthien5921+shinsei2 - INFO - Number of filtered forms left is: 0 form(s)
[ 2024-04-25 23:27:49,741 ] 91 luthien5921+shinsei2 - ERROR - No form found
[ 2024-04-25 23:27:49,741 ] 91 luthien5921+shinsei2 - ERROR - No form found
[ 2024-04-25 23:27:49,741 ] 91 luthien5921+shinsei2 - ERROR - No form found
[ 2024-04-25 23:27:52,558 ] 91 luthien5921+shinsei2 - INFO - Collected 20 forms
[ 2024-04-25 23:27:52,558 ] 91 luthien5921+shinsei2 - INFO - Collected 20 forms
[ 2024-04-25 23:27:52,558 ] 91 luthien5921+shinsei2 - INFO - Collected 20 forms
[ 2024-04-25 23:27:53,379 ] 91 luthien5921+shinsei2 - INFO - Number of filtered forms left is: 0 form(s)
[ 2024-04-25 23:27:53,379 ] 91 luthien5921+shinsei2 - INFO - Number of filtered forms left is: 0 form(s)
[ 2024-04-25 23:27:53,379 ] 91 luthien5921+shinsei2 - INFO - Number of filtered forms left is: 0 form(s)
[ 2024-04-25 23:27:53,380 ] 91 luthien5921+shinsei2 - ERROR - No form found
[ 2024-04-25 23:27:53,380 ] 91 luthien5921+shinsei2 - ERROR - No form found
[ 2024-04-25 23:27:53,380 ] 91 luthien5921+shinsei2 - ERROR - No form found
[ 2024-04-25 23:27:55,866 ] 91 luthien5921+shinsei2 - INFO - Collected 20 forms
[ 2024-04-25 23:27:55,866 ] 91 luthien5921+shinsei2 - INFO - Collected 20 forms
[ 2024-04-25 23:27:55,866 ] 91 luthien5921+shinsei2 - INFO - Collected 20 forms
[ 2024-04-25 23:27:56,729 ] 91 luthien5921+shinsei2 - INFO - Number of filtered forms left is: 0 form(s)
[ 2024-04-25 23:27:56,729 ] 91 luthien5921+shinsei2 - INFO - Number of filtered forms left is: 0 form(s)
[ 2024-04-25 23:27:56,729 ] 91 luthien5921+shinsei2 - INFO - Number of filtered forms left is: 0 form(s)
[ 2024-04-25 23:27:56,730 ] 91 luthien5921+shinsei2 - ERROR - No form found
[ 2024-04-25 23:27:56,730 ] 91 luthien5921+shinsei2 - ERROR - No form found
[ 2024-04-25 23:27:56,730 ] 91 luthien5921+shinsei2 - ERROR - No form found
[ 2024-04-25 23:27:59,959 ] 91 luthien5921+shinsei2 - INFO - Collected 20 forms
[ 2024-04-25 23:27:59,959 ] 91 luthien5921+shinsei2 - INFO - Collected 20 forms
[ 2024-04-25 23:27:59,959 ] 91 luthien5921+shinsei2 - INFO - Collected 20 forms
[ 2024-04-25 23:28:00,771 ] 91 luthien5921+shinsei2 - INFO - Number of filtered forms left is: 0 form(s)
[ 2024-04-25 23:28:00,771 ] 91 luthien5921+shinsei2 - INFO - Number of filtered forms left is: 0 form(s)
[ 2024-04-25 23:28:00,771 ] 91 luthien5921+shinsei2 - INFO - Number of filtered forms left is: 0 form(s)
[ 2024-04-25 23:28:00,771 ] 91 luthien5921+shinsei2 - ERROR - No form found
[ 2024-04-25 23:28:00,771 ] 91 luthien5921+shinsei2 - ERROR - No form found
[ 2024-04-25 23:28:00,771 ] 91 luthien5921+shinsei2 - ERROR - No form found
[ 2024-04-25 23:28:03,423 ] 91 luthien5921+shinsei2 - INFO - Collected 20 forms
[ 2024-04-25 23:28:03,423 ] 91 luthien5921+shinsei2 - INFO - Collected 20 forms
[ 2024-04-25 23:28:03,423 ] 91 luthien5921+shinsei2 - INFO - Collected 20 forms
[ 2024-04-25 23:28:04,203 ] 91 luthien5921+shinsei2 - INFO - Number of filtered forms left is: 0 form(s)
[ 2024-04-25 23:28:04,203 ] 91 luthien5921+shinsei2 - INFO - Number of filtered forms left is: 0 form(s)
[ 2024-04-25 23:28:04,203 ] 91 luthien5921+shinsei2 - INFO - Number of filtered forms left is: 0 form(s)
[ 2024-04-25 23:28:04,204 ] 91 luthien5921+shinsei2 - ERROR - No form found
[ 2024-04-25 23:28:04,204 ] 91 luthien5921+shinsei2 - ERROR - No form found
[ 2024-04-25 23:28:04,204 ] 91 luthien5921+shinsei2 - ERROR - No form found
[ 2024-04-25 23:28:07,006 ] 91 luthien5921+shinsei2 - INFO - Collected 20 forms
[ 2024-04-25 23:28:07,006 ] 91 luthien5921+shinsei2 - INFO - Collected 20 forms
[ 2024-04-25 23:28:07,006 ] 91 luthien5921+shinsei2 - INFO - Collected 20 forms
[ 2024-04-25 23:28:07,895 ] 91 luthien5921+shinsei2 - INFO - Number of filtered forms left is: 0 form(s)
[ 2024-04-25 23:28:07,895 ] 91 luthien5921+shinsei2 - INFO - Number of filtered forms left is: 0 form(s)
[ 2024-04-25 23:28:07,895 ] 91 luthien5921+shinsei2 - INFO - Number of filtered forms left is: 0 form(s)
[ 2024-04-25 23:28:07,895 ] 91 luthien5921+shinsei2 - ERROR - No form found
[ 2024-04-25 23:28:07,895 ] 91 luthien5921+shinsei2 - ERROR - No form found
[ 2024-04-25 23:28:07,895 ] 91 luthien5921+shinsei2 - ERROR - No form found
[ 2024-04-25 23:28:10,096 ] 91 luthien5921+shinsei2 - INFO - Collected 20 forms
[ 2024-04-25 23:28:10,096 ] 91 luthien5921+shinsei2 - INFO - Collected 20 forms
[ 2024-04-25 23:28:10,096 ] 91 luthien5921+shinsei2 - INFO - Collected 20 forms
[ 2024-04-25 23:28:10,726 ] 91 luthien5921+shinsei2 - INFO - Number of filtered forms left is: 0 form(s)
[ 2024-04-25 23:28:10,726 ] 91 luthien5921+shinsei2 - INFO - Number of filtered forms left is: 0 form(s)
[ 2024-04-25 23:28:10,726 ] 91 luthien5921+shinsei2 - INFO - Number of filtered forms left is: 0 form(s)
[ 2024-04-25 23:28:10,727 ] 91 luthien5921+shinsei2 - ERROR - No form found
[ 2024-04-25 23:28:10,727 ] 91 luthien5921+shinsei2 - ERROR - No form found
[ 2024-04-25 23:28:10,727 ] 91 luthien5921+shinsei2 - ERROR - No form found
[ 2024-04-25 23:28:13,161 ] 91 luthien5921+shinsei2 - INFO - Collected 20 forms
[ 2024-04-25 23:28:13,161 ] 91 luthien5921+shinsei2 - INFO - Collected 20 forms
[ 2024-04-25 23:28:13,161 ] 91 luthien5921+shinsei2 - INFO - Collected 20 forms
[ 2024-04-25 23:28:13,787 ] 91 luthien5921+shinsei2 - INFO - Number of filtered forms left is: 0 form(s)
[ 2024-04-25 23:28:13,787 ] 91 luthien5921+shinsei2 - INFO - Number of filtered forms left is: 0 form(s)
[ 2024-04-25 23:28:13,787 ] 91 luthien5921+shinsei2 - INFO - Number of filtered forms left is: 0 form(s)
[ 2024-04-25 23:28:13,787 ] 91 luthien5921+shinsei2 - ERROR - No form found
[ 2024-04-25 23:28:13,787 ] 91 luthien5921+shinsei2 - ERROR - No form found
[ 2024-04-25 23:28:13,787 ] 91 luthien5921+shinsei2 - ERROR - No form found
[ 2024-04-25 23:28:16,240 ] 91 luthien5921+shinsei2 - INFO - Collected 20 forms
[ 2024-04-25 23:28:16,240 ] 91 luthien5921+shinsei2 - INFO - Collected 20 forms
[ 2024-04-25 23:28:16,240 ] 91 luthien5921+shinsei2 - INFO - Collected 20 forms
[ 2024-04-25 23:28:17,010 ] 91 luthien5921+shinsei2 - INFO - Number of filtered forms left is: 0 form(s)
[ 2024-04-25 23:28:17,010 ] 91 luthien5921+shinsei2 - INFO - Number of filtered forms left is: 0 form(s)
[ 2024-04-25 23:28:17,010 ] 91 luthien5921+shinsei2 - INFO - Number of filtered forms left is: 0 form(s)
[ 2024-04-25 23:28:17,011 ] 91 luthien5921+shinsei2 - ERROR - No form found
[ 2024-04-25 23:28:17,011 ] 91 luthien5921+shinsei2 - ERROR - No form found
[ 2024-04-25 23:28:17,011 ] 91 luthien5921+shinsei2 - ERROR - No form found
[ 2024-04-25 23:28:19,435 ] 91 luthien5921+shinsei2 - INFO - Collected 20 forms
[ 2024-04-25 23:28:19,435 ] 91 luthien5921+shinsei2 - INFO - Collected 20 forms
[ 2024-04-25 23:28:19,435 ] 91 luthien5921+shinsei2 - INFO - Collected 20 forms
[ 2024-04-25 23:28:20,235 ] 91 luthien5921+shinsei2 - INFO - Number of filtered forms left is: 0 form(s)
[ 2024-04-25 23:28:20,235 ] 91 luthien5921+shinsei2 - INFO - Number of filtered forms left is: 0 form(s)
[ 2024-04-25 23:28:20,235 ] 91 luthien5921+shinsei2 - INFO - Number of filtered forms left is: 0 form(s)
[ 2024-04-25 23:28:20,235 ] 91 luthien5921+shinsei2 - ERROR - No form found
[ 2024-04-25 23:28:20,235 ] 91 luthien5921+shinsei2 - ERROR - No form found
[ 2024-04-25 23:28:20,235 ] 91 luthien5921+shinsei2 - ERROR - No form found
[ 2024-04-25 23:28:22,623 ] 91 luthien5921+shinsei2 - INFO - Collected 20 forms
[ 2024-04-25 23:28:22,623 ] 91 luthien5921+shinsei2 - INFO - Collected 20 forms
[ 2024-04-25 23:28:22,623 ] 91 luthien5921+shinsei2 - INFO - Collected 20 forms
[ 2024-04-25 23:28:23,509 ] 91 luthien5921+shinsei2 - INFO - Number of filtered forms left is: 0 form(s)
[ 2024-04-25 23:28:23,509 ] 91 luthien5921+shinsei2 - INFO - Number of filtered forms left is: 0 form(s)
[ 2024-04-25 23:28:23,509 ] 91 luthien5921+shinsei2 - INFO - Number of filtered forms left is: 0 form(s)
[ 2024-04-25 23:28:23,509 ] 91 luthien5921+shinsei2 - ERROR - No form found
[ 2024-04-25 23:28:23,509 ] 91 luthien5921+shinsei2 - ERROR - No form found
[ 2024-04-25 23:28:23,509 ] 91 luthien5921+shinsei2 - ERROR - No form found
[ 2024-04-25 23:28:25,976 ] 91 luthien5921+shinsei2 - INFO - Collected 20 forms
[ 2024-04-25 23:28:25,976 ] 91 luthien5921+shinsei2 - INFO - Collected 20 forms
[ 2024-04-25 23:28:25,976 ] 91 luthien5921+shinsei2 - INFO - Collected 20 forms
[ 2024-04-25 23:28:27,122 ] 91 luthien5921+shinsei2 - INFO - Number of filtered forms left is: 0 form(s)
[ 2024-04-25 23:28:27,122 ] 91 luthien5921+shinsei2 - INFO - Number of filtered forms left is: 0 form(s)
[ 2024-04-25 23:28:27,122 ] 91 luthien5921+shinsei2 - INFO - Number of filtered forms left is: 0 form(s)
[ 2024-04-25 23:28:27,123 ] 91 luthien5921+shinsei2 - ERROR - No form found
[ 2024-04-25 23:28:27,123 ] 91 luthien5921+shinsei2 - ERROR - No form found
[ 2024-04-25 23:28:27,123 ] 91 luthien5921+shinsei2 - ERROR - No form found
