[ 2024-04-25 23:27:19,315 ] 91 root - INFO - Starting all threads
[ 2024-04-25 23:27:19,315 ] 91 root - INFO - Starting all threads
[ 2024-04-25 23:27:19,315 ] 91 root - INFO - Meta: {'__module__': 'src.globals', '__doc__': '        Meta configs        ', 'keyword': 'Hirabari', 'test_mode': False, 'debug_mode': True, 'onlyday': True, 'max_num_retry': 5, 'default_num_threads': 3, 'display_number': 50, 'main_phone_number_dash': '080-1583-0891', 'uc': True, 'headless': False, 'timeout': 900, '__dict__': <attribute '__dict__' of 'Meta' objects>, '__weakref__': <attribute '__weakref__' of 'Meta' objects>}
[ 2024-04-25 23:27:19,315 ] 91 root - INFO - Meta: {'__module__': 'src.globals', '__doc__': '        Meta configs        ', 'keyword': 'Hirabari', 'test_mode': False, 'debug_mode': True, 'onlyday': True, 'max_num_retry': 5, 'default_num_threads': 3, 'display_number': 50, 'main_phone_number_dash': '080-1583-0891', 'uc': True, 'headless': False, 'timeout': 900, '__dict__': <attribute '__dict__' of 'Meta' objects>, '__weakref__': <attribute '__weakref__' of 'Meta' objects>}
[ 2024-04-25 23:27:19,316 ] 91 root - INFO - Number of dev accounts: 0
[ 2024-04-25 23:27:19,316 ] 91 root - INFO - Number of dev accounts: 0
[ 2024-04-25 23:27:19,316 ] 91 root - INFO - Test mode: False
[ 2024-04-25 23:27:19,316 ] 91 root - INFO - Test mode: False
[ 2024-04-25 23:27:19,319 ] 91 main_controller - INFO - Subprocess 0 started with trial number 0
[ 2024-04-25 23:27:19,319 ] 91 main_controller - ERROR - Account is a dictionary, convert to Account object: Username: luthien5921@gmail.com, Password: aichi@5921
[ 2024-04-25 23:27:21,416 ] 91 root - INFO - Thread 0 started
[ 2024-04-25 23:27:21,416 ] 91 root - INFO - Thread 0 started
[ 2024-04-25 23:27:21,474 ] 91 main_controller - INFO - Subprocess 1 started with trial number 0
[ 2024-04-25 23:27:21,500 ] 91 main_controller - ERROR - Account is a dictionary, convert to Account object: Username: luthien5921+shinsei1@gmail.com, Password: aichi@5921
[ 2024-04-25 23:27:21,988 ] 91 main_controller - INFO - Browser opened
[ 2024-04-25 23:27:23,499 ] 91 root - INFO - Thread 1 started
[ 2024-04-25 23:27:23,499 ] 91 root - INFO - Thread 1 started
[ 2024-04-25 23:27:23,652 ] 91 main_controller - INFO - Subprocess 2 started with trial number 0
[ 2024-04-25 23:27:23,656 ] 91 main_controller - ERROR - Account is a dictionary, convert to Account object: Username: luthien5921+shinsei2@gmail.com, Password: aichi@5921
[ 2024-04-25 23:27:23,808 ] 91 main_controller - INFO - Browser opened
[ 2024-04-25 23:27:25,667 ] 91 root - INFO - Thread 2 started
[ 2024-04-25 23:27:25,667 ] 91 root - INFO - Thread 2 started
[ 2024-04-25 23:27:28,677 ] 91 main_controller - INFO - Browser opened
[ 2024-04-25 23:27:29,402 ] 91 luthien5921 - INFO - Opened login page
[ 2024-04-25 23:27:30,224 ] 91 luthien5921+shinsei1 - INFO - Opened login page
[ 2024-04-25 23:27:31,449 ] 79 main_controller - ERROR - Caught exception: sequence item 1: expected str instance, NoSuchElementException found
Traceback (most recent call last):
  File "C:\Users\USER\Projects\AichiTool\AichiSelenium\src\controllers\access.py", line 38, in login
    browser.find_element(By.ID, "userLoginForm.userId").send_keys(self.account.username)
  File "C:\Users\USER\anaconda3\envs\aichi\lib\site-packages\seleniumbase\core\sb_driver.py", line 20, in find_element
    return self.driver.default_find_element(by=by, value=value)
  File "C:\Users\USER\anaconda3\envs\aichi\lib\site-packages\selenium\webdriver\remote\webdriver.py", line 741, in find_element
    return self.execute(Command.FIND_ELEMENT, {"using": by, "value": value})["value"]
  File "C:\Users\USER\anaconda3\envs\aichi\lib\site-packages\selenium\webdriver\remote\webdriver.py", line 347, in execute
    self.error_handler.check_response(response)
  File "C:\Users\USER\anaconda3\envs\aichi\lib\site-packages\selenium\webdriver\remote\errorhandler.py", line 229, in check_response
    raise exception_class(message, screen, stacktrace)
selenium.common.exceptions.NoSuchElementException: Message: no such element: Unable to locate element: {"method":"css selector","selector":"[id="userLoginForm.userId"]"}
  (Session info: chrome=124.0.6367.61); For documentation on this error, please visit: https://www.selenium.dev/documentation/webdriver/troubleshooting/errors#no-such-element-exception
Stacktrace:
	GetHandleVerifier [0x00007FF68D05F922+3045234]
	(No symbol) [0x00007FF68CD03652]
	(No symbol) [0x00007FF68CBC7564]
	(No symbol) [0x00007FF68CC15F9D]
	(No symbol) [0x00007FF68CC1606C]
	(No symbol) [0x00007FF68CC5BDD7]
	(No symbol) [0x00007FF68CC39DEF]
	(No symbol) [0x00007FF68CC591C4]
	(No symbol) [0x00007FF68CC39B53]
	(No symbol) [0x00007FF68CC0813C]
	(No symbol) [0x00007FF68CC08D71]
	GetHandleVerifier [0x00007FF68D08E89D+3237613]
	GetHandleVerifier [0x00007FF68D0D0BA7+3508727]
	GetHandleVerifier [0x00007FF68D0C976F+3478975]
	GetHandleVerifier [0x00007FF68CE3F1C6+815126]
	(No symbol) [0x00007FF68CD0ED0F]
	(No symbol) [0x00007FF68CD09854]
	(No symbol) [0x00007FF68CD099E2]
	(No symbol) [0x00007FF68CCFA574]
	BaseThreadInitThunk [0x00007FFB6BC7257D+29]
	RtlUserThreadStart [0x00007FFB6C70AA48+40]


During handling of the above exception, another exception occurred:

Traceback (most recent call last):
  File "C:\Users\USER\Projects\AichiTool\AichiSelenium\src\controllers\main_controller.py", line 58, in subprocess
    result = access.login(browser)
  File "C:\Users\USER\Projects\AichiTool\AichiSelenium\src\controllers\access.py", line 51, in login
    self.logger.error("Failed to login", e)
  File "C:\Users\USER\Projects\AichiTool\AichiSelenium\src\logs.py", line 73, in error
    self._log(logging.ERROR, *msg)
  File "C:\Users\USER\Projects\AichiTool\AichiSelenium\src\logs.py", line 90, in _log
    message = " ".join(msg)
TypeError: sequence item 1: expected str instance, NoSuchElementException found
[ 2024-04-25 23:27:34,828 ] 91 luthien5921 - INFO - Logging in
[ 2024-04-25 23:27:34,849 ] 91 luthien5921 - INFO - Current url: https://www.shinsei.e-aichi.jp/pref-aichi-police-u/offer/offerList_initDisplay
[ 2024-04-25 23:27:35,243 ] 91 luthien5921 - INFO - Logged in finished
[ 2024-04-25 23:27:35,243 ] 91 main_controller - INFO - Logged in successfully
[ 2024-04-25 23:27:35,391 ] 91 main_controller - INFO - Subprocess 1 started with trial number 1
[ 2024-04-25 23:27:35,571 ] 91 main_controller - INFO - Screenshot saved to C:\Users\USER\Projects\AichiTool\AichiSelenium\logs\2024_04_25\23_27_18\screenshot_luthien5921.png
[ 2024-04-25 23:27:35,571 ] 91 main_controller - INFO - Finding forms
[ 2024-04-25 23:27:35,576 ] 91 luthien5921 - INFO - On main page
[ 2024-04-25 23:27:36,035 ] 91 luthien5921+shinsei2 - INFO - Opened login page
[ 2024-04-25 23:27:37,533 ] 91 luthien5921 - INFO - Search submitted
[ 2024-04-25 23:27:37,878 ] 91 luthien5921 - INFO - Collected 20 forms
[ 2024-04-25 23:27:38,135 ] 91 main_controller - INFO - Browser opened
[ 2024-04-25 23:27:40,553 ] 91 luthien5921+shinsei2 - INFO - Logging in
[ 2024-04-25 23:27:40,585 ] 91 luthien5921+shinsei2 - INFO - Current url: https://www.shinsei.e-aichi.jp/pref-aichi-police-u/offer/offerList_initDisplay
[ 2024-04-25 23:27:40,989 ] 91 luthien5921+shinsei2 - INFO - Logged in finished
[ 2024-04-25 23:27:40,991 ] 91 main_controller - INFO - Logged in successfully
[ 2024-04-25 23:27:41,422 ] 91 main_controller - INFO - Screenshot saved to C:\Users\USER\Projects\AichiTool\AichiSelenium\logs\2024_04_25\23_27_18\screenshot_luthien5921+shinsei2.png
[ 2024-04-25 23:27:41,426 ] 91 main_controller - INFO - Finding forms
[ 2024-04-25 23:27:41,499 ] 91 luthien5921+shinsei2 - INFO - On main page
[ 2024-04-25 23:27:42,060 ] 91 luthien5921 - INFO - Number of filtered forms left is: 0 form(s)
[ 2024-04-25 23:27:42,062 ] 91 luthien5921 - ERROR - No form found
[ 2024-04-25 23:27:44,056 ] 91 luthien5921+shinsei1 - INFO - Opened login page
[ 2024-04-25 23:27:44,134 ] 91 luthien5921+shinsei2 - INFO - Search submitted
[ 2024-04-25 23:27:44,168 ] 91 luthien5921+shinsei2 - INFO - Collected 20 forms
[ 2024-04-25 23:27:44,800 ] 91 luthien5921 - INFO - Collected 20 forms
[ 2024-04-25 23:27:45,568 ] 91 luthien5921+shinsei2 - INFO - Number of filtered forms left is: 0 form(s)
[ 2024-04-25 23:27:45,569 ] 91 luthien5921+shinsei2 - ERROR - No form found
[ 2024-04-25 23:27:46,027 ] 91 luthien5921 - INFO - Number of filtered forms left is: 0 form(s)
[ 2024-04-25 23:27:46,027 ] 91 luthien5921 - ERROR - No form found
[ 2024-04-25 23:27:47,993 ] 91 luthien5921+shinsei1 - INFO - Logging in
[ 2024-04-25 23:27:48,002 ] 91 luthien5921+shinsei1 - INFO - Current url: https://www.shinsei.e-aichi.jp/pref-aichi-police-u/offer/offerList_initDisplay
[ 2024-04-25 23:27:48,312 ] 91 luthien5921+shinsei1 - INFO - Logged in finished
[ 2024-04-25 23:27:48,312 ] 91 main_controller - INFO - Logged in successfully
[ 2024-04-25 23:27:48,546 ] 91 luthien5921 - INFO - Collected 20 forms
[ 2024-04-25 23:27:48,598 ] 91 main_controller - INFO - Screenshot saved to C:\Users\USER\Projects\AichiTool\AichiSelenium\logs\2024_04_25\23_27_18\screenshot_luthien5921+shinsei1.png
[ 2024-04-25 23:27:48,599 ] 91 main_controller - INFO - Finding forms
[ 2024-04-25 23:27:48,615 ] 91 luthien5921+shinsei1 - INFO - On main page
[ 2024-04-25 23:27:48,843 ] 91 luthien5921+shinsei2 - INFO - Collected 20 forms
[ 2024-04-25 23:27:49,579 ] 91 luthien5921 - INFO - Number of filtered forms left is: 0 form(s)
[ 2024-04-25 23:27:49,580 ] 91 luthien5921 - ERROR - No form found
[ 2024-04-25 23:27:49,741 ] 91 luthien5921+shinsei2 - INFO - Number of filtered forms left is: 0 form(s)
[ 2024-04-25 23:27:49,741 ] 91 luthien5921+shinsei2 - ERROR - No form found
[ 2024-04-25 23:27:50,251 ] 91 luthien5921+shinsei1 - INFO - Search submitted
[ 2024-04-25 23:27:50,284 ] 91 luthien5921+shinsei1 - INFO - Collected 20 forms
[ 2024-04-25 23:27:51,545 ] 91 luthien5921+shinsei1 - INFO - Number of filtered forms left is: 0 form(s)
[ 2024-04-25 23:27:51,546 ] 91 luthien5921+shinsei1 - ERROR - No form found
[ 2024-04-25 23:27:52,034 ] 91 luthien5921 - INFO - Collected 20 forms
[ 2024-04-25 23:27:52,558 ] 91 luthien5921+shinsei2 - INFO - Collected 20 forms
[ 2024-04-25 23:27:53,154 ] 91 luthien5921 - INFO - Number of filtered forms left is: 0 form(s)
[ 2024-04-25 23:27:53,155 ] 91 luthien5921 - ERROR - No form found
[ 2024-04-25 23:27:53,379 ] 91 luthien5921+shinsei2 - INFO - Number of filtered forms left is: 0 form(s)
[ 2024-04-25 23:27:53,380 ] 91 luthien5921+shinsei2 - ERROR - No form found
[ 2024-04-25 23:27:54,212 ] 91 luthien5921+shinsei1 - INFO - Collected 20 forms
[ 2024-04-25 23:27:54,868 ] 91 luthien5921+shinsei1 - INFO - Number of filtered forms left is: 0 form(s)
[ 2024-04-25 23:27:54,869 ] 91 luthien5921+shinsei1 - ERROR - No form found
[ 2024-04-25 23:27:55,782 ] 91 luthien5921 - INFO - Collected 20 forms
[ 2024-04-25 23:27:55,866 ] 91 luthien5921+shinsei2 - INFO - Collected 20 forms
[ 2024-04-25 23:27:56,641 ] 91 luthien5921 - INFO - Number of filtered forms left is: 0 form(s)
[ 2024-04-25 23:27:56,642 ] 91 luthien5921 - ERROR - No form found
[ 2024-04-25 23:27:56,729 ] 91 luthien5921+shinsei2 - INFO - Number of filtered forms left is: 0 form(s)
[ 2024-04-25 23:27:56,730 ] 91 luthien5921+shinsei2 - ERROR - No form found
[ 2024-04-25 23:27:57,321 ] 91 luthien5921+shinsei1 - INFO - Collected 20 forms
[ 2024-04-25 23:27:57,926 ] 91 luthien5921+shinsei1 - INFO - Number of filtered forms left is: 0 form(s)
[ 2024-04-25 23:27:57,928 ] 91 luthien5921+shinsei1 - ERROR - No form found
[ 2024-04-25 23:27:58,808 ] 91 luthien5921 - INFO - Collected 20 forms
[ 2024-04-25 23:27:59,432 ] 91 luthien5921 - INFO - Number of filtered forms left is: 0 form(s)
[ 2024-04-25 23:27:59,432 ] 91 luthien5921 - ERROR - No form found
[ 2024-04-25 23:27:59,959 ] 91 luthien5921+shinsei2 - INFO - Collected 20 forms
[ 2024-04-25 23:28:00,417 ] 91 luthien5921+shinsei1 - INFO - Collected 20 forms
[ 2024-04-25 23:28:00,771 ] 91 luthien5921+shinsei2 - INFO - Number of filtered forms left is: 0 form(s)
[ 2024-04-25 23:28:00,771 ] 91 luthien5921+shinsei2 - ERROR - No form found
[ 2024-04-25 23:28:01,143 ] 91 luthien5921+shinsei1 - INFO - Number of filtered forms left is: 0 form(s)
[ 2024-04-25 23:28:01,144 ] 91 luthien5921+shinsei1 - ERROR - No form found
[ 2024-04-25 23:28:01,820 ] 91 luthien5921 - INFO - Collected 20 forms
[ 2024-04-25 23:28:02,408 ] 91 luthien5921 - INFO - Number of filtered forms left is: 0 form(s)
[ 2024-04-25 23:28:02,409 ] 91 luthien5921 - ERROR - No form found
[ 2024-04-25 23:28:03,423 ] 91 luthien5921+shinsei2 - INFO - Collected 20 forms
[ 2024-04-25 23:28:04,203 ] 91 luthien5921+shinsei2 - INFO - Number of filtered forms left is: 0 form(s)
[ 2024-04-25 23:28:04,204 ] 91 luthien5921+shinsei2 - ERROR - No form found
[ 2024-04-25 23:28:04,541 ] 91 luthien5921+shinsei1 - INFO - Collected 20 forms
[ 2024-04-25 23:28:04,842 ] 91 luthien5921 - INFO - Collected 20 forms
[ 2024-04-25 23:28:05,281 ] 91 luthien5921+shinsei1 - INFO - Number of filtered forms left is: 0 form(s)
[ 2024-04-25 23:28:05,282 ] 91 luthien5921+shinsei1 - ERROR - No form found
[ 2024-04-25 23:28:05,587 ] 91 luthien5921 - INFO - Number of filtered forms left is: 0 form(s)
[ 2024-04-25 23:28:05,587 ] 91 luthien5921 - ERROR - No form found
[ 2024-04-25 23:28:07,006 ] 91 luthien5921+shinsei2 - INFO - Collected 20 forms
[ 2024-04-25 23:28:07,895 ] 91 luthien5921+shinsei2 - INFO - Number of filtered forms left is: 0 form(s)
[ 2024-04-25 23:28:07,895 ] 91 luthien5921+shinsei2 - ERROR - No form found
[ 2024-04-25 23:28:07,987 ] 91 luthien5921+shinsei1 - INFO - Collected 20 forms
[ 2024-04-25 23:28:08,609 ] 91 luthien5921+shinsei1 - INFO - Number of filtered forms left is: 0 form(s)
[ 2024-04-25 23:28:08,609 ] 91 luthien5921+shinsei1 - ERROR - No form found
[ 2024-04-25 23:28:08,733 ] 91 luthien5921 - INFO - Collected 20 forms
[ 2024-04-25 23:28:09,366 ] 91 luthien5921 - INFO - Number of filtered forms left is: 0 form(s)
[ 2024-04-25 23:28:09,367 ] 91 luthien5921 - ERROR - No form found
[ 2024-04-25 23:28:10,096 ] 91 luthien5921+shinsei2 - INFO - Collected 20 forms
[ 2024-04-25 23:28:10,726 ] 91 luthien5921+shinsei2 - INFO - Number of filtered forms left is: 0 form(s)
[ 2024-04-25 23:28:10,727 ] 91 luthien5921+shinsei2 - ERROR - No form found
[ 2024-04-25 23:28:11,304 ] 91 luthien5921+shinsei1 - INFO - Collected 20 forms
[ 2024-04-25 23:28:11,947 ] 91 luthien5921 - INFO - Collected 20 forms
[ 2024-04-25 23:28:12,031 ] 91 luthien5921+shinsei1 - INFO - Number of filtered forms left is: 0 form(s)
[ 2024-04-25 23:28:12,032 ] 91 luthien5921+shinsei1 - ERROR - No form found
[ 2024-04-25 23:28:12,560 ] 91 luthien5921 - INFO - Number of filtered forms left is: 0 form(s)
[ 2024-04-25 23:28:12,560 ] 91 luthien5921 - ERROR - No form found
[ 2024-04-25 23:28:13,161 ] 91 luthien5921+shinsei2 - INFO - Collected 20 forms
[ 2024-04-25 23:28:13,787 ] 91 luthien5921+shinsei2 - INFO - Number of filtered forms left is: 0 form(s)
[ 2024-04-25 23:28:13,787 ] 91 luthien5921+shinsei2 - ERROR - No form found
[ 2024-04-25 23:28:14,838 ] 91 luthien5921+shinsei1 - INFO - Collected 20 forms
[ 2024-04-25 23:28:15,468 ] 91 luthien5921 - INFO - Collected 20 forms
[ 2024-04-25 23:28:15,739 ] 91 luthien5921+shinsei1 - INFO - Number of filtered forms left is: 0 form(s)
[ 2024-04-25 23:28:15,740 ] 91 luthien5921+shinsei1 - ERROR - No form found
[ 2024-04-25 23:28:16,240 ] 91 luthien5921+shinsei2 - INFO - Collected 20 forms
[ 2024-04-25 23:28:16,400 ] 91 luthien5921 - INFO - Number of filtered forms left is: 0 form(s)
[ 2024-04-25 23:28:16,402 ] 91 luthien5921 - ERROR - No form found
[ 2024-04-25 23:28:17,010 ] 91 luthien5921+shinsei2 - INFO - Number of filtered forms left is: 0 form(s)
[ 2024-04-25 23:28:17,011 ] 91 luthien5921+shinsei2 - ERROR - No form found
[ 2024-04-25 23:28:18,430 ] 91 luthien5921+shinsei1 - INFO - Collected 20 forms
[ 2024-04-25 23:28:19,199 ] 91 luthien5921 - INFO - Collected 20 forms
[ 2024-04-25 23:28:19,270 ] 91 luthien5921+shinsei1 - INFO - Number of filtered forms left is: 0 form(s)
[ 2024-04-25 23:28:19,272 ] 91 luthien5921+shinsei1 - ERROR - No form found
[ 2024-04-25 23:28:19,435 ] 91 luthien5921+shinsei2 - INFO - Collected 20 forms
[ 2024-04-25 23:28:20,143 ] 91 luthien5921 - INFO - Number of filtered forms left is: 0 form(s)
[ 2024-04-25 23:28:20,144 ] 91 luthien5921 - ERROR - No form found
[ 2024-04-25 23:28:20,235 ] 91 luthien5921+shinsei2 - INFO - Number of filtered forms left is: 0 form(s)
[ 2024-04-25 23:28:20,235 ] 91 luthien5921+shinsei2 - ERROR - No form found
[ 2024-04-25 23:28:21,693 ] 91 luthien5921+shinsei1 - INFO - Collected 20 forms
[ 2024-04-25 23:28:22,496 ] 91 luthien5921 - INFO - Collected 20 forms
[ 2024-04-25 23:28:22,605 ] 91 luthien5921+shinsei1 - INFO - Number of filtered forms left is: 0 form(s)
[ 2024-04-25 23:28:22,607 ] 91 luthien5921+shinsei1 - ERROR - No form found
[ 2024-04-25 23:28:22,623 ] 91 luthien5921+shinsei2 - INFO - Collected 20 forms
[ 2024-04-25 23:28:23,426 ] 91 luthien5921 - INFO - Number of filtered forms left is: 0 form(s)
[ 2024-04-25 23:28:23,427 ] 91 luthien5921 - ERROR - No form found
[ 2024-04-25 23:28:23,509 ] 91 luthien5921+shinsei2 - INFO - Number of filtered forms left is: 0 form(s)
[ 2024-04-25 23:28:23,509 ] 91 luthien5921+shinsei2 - ERROR - No form found
[ 2024-04-25 23:28:25,432 ] 91 luthien5921+shinsei1 - INFO - Collected 20 forms
[ 2024-04-25 23:28:25,734 ] 91 luthien5921 - INFO - Collected 20 forms
[ 2024-04-25 23:28:25,976 ] 91 luthien5921+shinsei2 - INFO - Collected 20 forms
[ 2024-04-25 23:28:26,380 ] 91 luthien5921+shinsei1 - INFO - Number of filtered forms left is: 0 form(s)
[ 2024-04-25 23:28:26,380 ] 91 luthien5921+shinsei1 - ERROR - No form found
[ 2024-04-25 23:28:26,849 ] 91 luthien5921 - INFO - Number of filtered forms left is: 0 form(s)
[ 2024-04-25 23:28:26,851 ] 91 luthien5921 - ERROR - No form found
[ 2024-04-25 23:28:27,122 ] 91 luthien5921+shinsei2 - INFO - Number of filtered forms left is: 0 form(s)
[ 2024-04-25 23:28:27,123 ] 91 luthien5921+shinsei2 - ERROR - No form found
[ 2024-04-25 23:28:29,417 ] 91 luthien5921+shinsei1 - INFO - Collected 20 forms
