[ 2024-04-23 22:56:57,468 ] 94 ble79037 - INFO - Opened login page
[ 2024-04-23 22:56:57,468 ] 94 ble79037 - INFO - Opened login page
[ 2024-04-23 22:56:57,468 ] 94 ble79037 - INFO - Opened login page
[ 2024-04-23 22:57:01,762 ] 94 ble79037 - INFO - Logging in
[ 2024-04-23 22:57:01,762 ] 94 ble79037 - INFO - Logging in
[ 2024-04-23 22:57:01,762 ] 94 ble79037 - INFO - Logging in
[ 2024-04-23 22:57:01,807 ] 94 ble79037 - INFO - Current url: https://www.shinsei.e-aichi.jp/pref-aichi-police-u/offer/offerList_initDisplay
[ 2024-04-23 22:57:01,807 ] 94 ble79037 - INFO - Current url: https://www.shinsei.e-aichi.jp/pref-aichi-police-u/offer/offerList_initDisplay
[ 2024-04-23 22:57:01,807 ] 94 ble79037 - INFO - Current url: https://www.shinsei.e-aichi.jp/pref-aichi-police-u/offer/offerList_initDisplay
[ 2024-04-23 22:57:02,125 ] 94 ble79037 - INFO - Logged in finished
[ 2024-04-23 22:57:02,125 ] 94 ble79037 - INFO - Logged in finished
[ 2024-04-23 22:57:02,125 ] 94 ble79037 - INFO - Logged in finished
[ 2024-04-23 22:57:02,640 ] 94 ble79037 - INFO - On main page
[ 2024-04-23 22:57:02,640 ] 94 ble79037 - INFO - On main page
[ 2024-04-23 22:57:02,640 ] 94 ble79037 - INFO - On main page
[ 2024-04-23 22:57:04,651 ] 94 ble79037 - INFO - Search submitted
[ 2024-04-23 22:57:04,651 ] 94 ble79037 - INFO - Search submitted
[ 2024-04-23 22:57:04,651 ] 94 ble79037 - INFO - Search submitted
[ 2024-04-23 22:57:04,850 ] 94 ble79037 - INFO - Collected 20 forms
[ 2024-04-23 22:57:04,850 ] 94 ble79037 - INFO - Collected 20 forms
[ 2024-04-23 22:57:04,850 ] 94 ble79037 - INFO - Collected 20 forms
[ 2024-04-23 22:57:07,625 ] 94 ble79037 - INFO - Number of filtered forms left is: 5 form(s)
[ 2024-04-23 22:57:07,625 ] 94 ble79037 - INFO - Number of filtered forms left is: 5 form(s)
[ 2024-04-23 22:57:07,625 ] 94 ble79037 - INFO - Number of filtered forms left is: 5 form(s)
[ 2024-04-23 22:57:18,065 ] 94 ble79037 - INFO - Opened login page
[ 2024-04-23 22:57:18,065 ] 94 ble79037 - INFO - Opened login page
[ 2024-04-23 22:57:18,065 ] 94 ble79037 - INFO - Opened login page
[ 2024-04-23 22:57:18,065 ] 94 ble79037 - INFO - Opened login page
[ 2024-04-23 22:57:18,065 ] 94 ble79037 - INFO - Opened login page
[ 2024-04-23 22:57:18,065 ] 94 ble79037 - INFO - Opened login page
[ 2024-04-23 22:57:22,447 ] 94 ble79037 - INFO - Logging in
[ 2024-04-23 22:57:22,447 ] 94 ble79037 - INFO - Logging in
[ 2024-04-23 22:57:22,447 ] 94 ble79037 - INFO - Logging in
[ 2024-04-23 22:57:22,447 ] 94 ble79037 - INFO - Logging in
[ 2024-04-23 22:57:22,447 ] 94 ble79037 - INFO - Logging in
[ 2024-04-23 22:57:22,447 ] 94 ble79037 - INFO - Logging in
[ 2024-04-23 22:57:22,465 ] 94 ble79037 - INFO - Current url: https://www.shinsei.e-aichi.jp/pref-aichi-police-u/offer/offerList_initDisplay
[ 2024-04-23 22:57:22,465 ] 94 ble79037 - INFO - Current url: https://www.shinsei.e-aichi.jp/pref-aichi-police-u/offer/offerList_initDisplay
[ 2024-04-23 22:57:22,465 ] 94 ble79037 - INFO - Current url: https://www.shinsei.e-aichi.jp/pref-aichi-police-u/offer/offerList_initDisplay
[ 2024-04-23 22:57:22,465 ] 94 ble79037 - INFO - Current url: https://www.shinsei.e-aichi.jp/pref-aichi-police-u/offer/offerList_initDisplay
[ 2024-04-23 22:57:22,465 ] 94 ble79037 - INFO - Current url: https://www.shinsei.e-aichi.jp/pref-aichi-police-u/offer/offerList_initDisplay
[ 2024-04-23 22:57:22,465 ] 94 ble79037 - INFO - Current url: https://www.shinsei.e-aichi.jp/pref-aichi-police-u/offer/offerList_initDisplay
[ 2024-04-23 22:57:22,780 ] 94 ble79037 - INFO - Logged in finished
[ 2024-04-23 22:57:22,780 ] 94 ble79037 - INFO - Logged in finished
[ 2024-04-23 22:57:22,780 ] 94 ble79037 - INFO - Logged in finished
[ 2024-04-23 22:57:22,780 ] 94 ble79037 - INFO - Logged in finished
[ 2024-04-23 22:57:22,780 ] 94 ble79037 - INFO - Logged in finished
[ 2024-04-23 22:57:22,780 ] 94 ble79037 - INFO - Logged in finished
[ 2024-04-23 22:57:23,389 ] 94 ble79037 - INFO - On main page
[ 2024-04-23 22:57:23,389 ] 94 ble79037 - INFO - On main page
[ 2024-04-23 22:57:23,389 ] 94 ble79037 - INFO - On main page
[ 2024-04-23 22:57:23,389 ] 94 ble79037 - INFO - On main page
[ 2024-04-23 22:57:23,389 ] 94 ble79037 - INFO - On main page
[ 2024-04-23 22:57:23,389 ] 94 ble79037 - INFO - On main page
[ 2024-04-23 22:57:25,049 ] 94 ble79037 - INFO - Search submitted
[ 2024-04-23 22:57:25,049 ] 94 ble79037 - INFO - Search submitted
[ 2024-04-23 22:57:25,049 ] 94 ble79037 - INFO - Search submitted
[ 2024-04-23 22:57:25,049 ] 94 ble79037 - INFO - Search submitted
[ 2024-04-23 22:57:25,049 ] 94 ble79037 - INFO - Search submitted
[ 2024-04-23 22:57:25,049 ] 94 ble79037 - INFO - Search submitted
[ 2024-04-23 22:57:25,130 ] 94 ble79037 - INFO - Collected 20 forms
[ 2024-04-23 22:57:25,130 ] 94 ble79037 - INFO - Collected 20 forms
[ 2024-04-23 22:57:25,130 ] 94 ble79037 - INFO - Collected 20 forms
[ 2024-04-23 22:57:25,130 ] 94 ble79037 - INFO - Collected 20 forms
[ 2024-04-23 22:57:25,130 ] 94 ble79037 - INFO - Collected 20 forms
[ 2024-04-23 22:57:25,130 ] 94 ble79037 - INFO - Collected 20 forms
[ 2024-04-23 22:57:26,619 ] 94 ble79037 - INFO - Number of filtered forms left is: 5 form(s)
[ 2024-04-23 22:57:26,619 ] 94 ble79037 - INFO - Number of filtered forms left is: 5 form(s)
[ 2024-04-23 22:57:26,619 ] 94 ble79037 - INFO - Number of filtered forms left is: 5 form(s)
[ 2024-04-23 22:57:26,619 ] 94 ble79037 - INFO - Number of filtered forms left is: 5 form(s)
[ 2024-04-23 22:57:26,619 ] 94 ble79037 - INFO - Number of filtered forms left is: 5 form(s)
[ 2024-04-23 22:57:26,619 ] 94 ble79037 - INFO - Number of filtered forms left is: 5 form(s)
[ 2024-04-23 22:57:41,498 ] 94 ble79037 - INFO - Opened login page
[ 2024-04-23 22:57:41,498 ] 94 ble79037 - INFO - Opened login page
[ 2024-04-23 22:57:41,498 ] 94 ble79037 - INFO - Opened login page
[ 2024-04-23 22:57:41,498 ] 94 ble79037 - INFO - Opened login page
[ 2024-04-23 22:57:41,498 ] 94 ble79037 - INFO - Opened login page
[ 2024-04-23 22:57:41,498 ] 94 ble79037 - INFO - Opened login page
[ 2024-04-23 22:57:41,498 ] 94 ble79037 - INFO - Opened login page
[ 2024-04-23 22:57:41,498 ] 94 ble79037 - INFO - Opened login page
[ 2024-04-23 22:57:41,498 ] 94 ble79037 - INFO - Opened login page
[ 2024-04-23 22:57:51,321 ] 94 ble79037 - INFO - Logging in
[ 2024-04-23 22:57:51,321 ] 94 ble79037 - INFO - Logging in
[ 2024-04-23 22:57:51,321 ] 94 ble79037 - INFO - Logging in
[ 2024-04-23 22:57:51,321 ] 94 ble79037 - INFO - Logging in
[ 2024-04-23 22:57:51,321 ] 94 ble79037 - INFO - Logging in
[ 2024-04-23 22:57:51,321 ] 94 ble79037 - INFO - Logging in
[ 2024-04-23 22:57:51,321 ] 94 ble79037 - INFO - Logging in
[ 2024-04-23 22:57:51,321 ] 94 ble79037 - INFO - Logging in
[ 2024-04-23 22:57:51,321 ] 94 ble79037 - INFO - Logging in
[ 2024-04-23 22:57:51,353 ] 94 ble79037 - INFO - Current url: https://www.shinsei.e-aichi.jp/pref-aichi-police-u/offer/offerList_initDisplay
[ 2024-04-23 22:57:51,353 ] 94 ble79037 - INFO - Current url: https://www.shinsei.e-aichi.jp/pref-aichi-police-u/offer/offerList_initDisplay
[ 2024-04-23 22:57:51,353 ] 94 ble79037 - INFO - Current url: https://www.shinsei.e-aichi.jp/pref-aichi-police-u/offer/offerList_initDisplay
[ 2024-04-23 22:57:51,353 ] 94 ble79037 - INFO - Current url: https://www.shinsei.e-aichi.jp/pref-aichi-police-u/offer/offerList_initDisplay
[ 2024-04-23 22:57:51,353 ] 94 ble79037 - INFO - Current url: https://www.shinsei.e-aichi.jp/pref-aichi-police-u/offer/offerList_initDisplay
[ 2024-04-23 22:57:51,353 ] 94 ble79037 - INFO - Current url: https://www.shinsei.e-aichi.jp/pref-aichi-police-u/offer/offerList_initDisplay
[ 2024-04-23 22:57:51,353 ] 94 ble79037 - INFO - Current url: https://www.shinsei.e-aichi.jp/pref-aichi-police-u/offer/offerList_initDisplay
[ 2024-04-23 22:57:51,353 ] 94 ble79037 - INFO - Current url: https://www.shinsei.e-aichi.jp/pref-aichi-police-u/offer/offerList_initDisplay
[ 2024-04-23 22:57:51,353 ] 94 ble79037 - INFO - Current url: https://www.shinsei.e-aichi.jp/pref-aichi-police-u/offer/offerList_initDisplay
[ 2024-04-23 22:57:51,682 ] 94 ble79037 - INFO - Logged in finished
[ 2024-04-23 22:57:51,682 ] 94 ble79037 - INFO - Logged in finished
[ 2024-04-23 22:57:51,682 ] 94 ble79037 - INFO - Logged in finished
[ 2024-04-23 22:57:51,682 ] 94 ble79037 - INFO - Logged in finished
[ 2024-04-23 22:57:51,682 ] 94 ble79037 - INFO - Logged in finished
[ 2024-04-23 22:57:51,682 ] 94 ble79037 - INFO - Logged in finished
[ 2024-04-23 22:57:51,682 ] 94 ble79037 - INFO - Logged in finished
[ 2024-04-23 22:57:51,682 ] 94 ble79037 - INFO - Logged in finished
[ 2024-04-23 22:57:51,682 ] 94 ble79037 - INFO - Logged in finished
[ 2024-04-23 22:57:55,595 ] 94 ble79037 - INFO - On main page
[ 2024-04-23 22:57:55,595 ] 94 ble79037 - INFO - On main page
[ 2024-04-23 22:57:55,595 ] 94 ble79037 - INFO - On main page
[ 2024-04-23 22:57:55,595 ] 94 ble79037 - INFO - On main page
[ 2024-04-23 22:57:55,595 ] 94 ble79037 - INFO - On main page
[ 2024-04-23 22:57:55,595 ] 94 ble79037 - INFO - On main page
[ 2024-04-23 22:57:55,595 ] 94 ble79037 - INFO - On main page
[ 2024-04-23 22:57:55,595 ] 94 ble79037 - INFO - On main page
[ 2024-04-23 22:57:55,595 ] 94 ble79037 - INFO - On main page
[ 2024-04-23 22:57:57,585 ] 94 ble79037 - INFO - Search submitted
[ 2024-04-23 22:57:57,585 ] 94 ble79037 - INFO - Search submitted
[ 2024-04-23 22:57:57,585 ] 94 ble79037 - INFO - Search submitted
[ 2024-04-23 22:57:57,585 ] 94 ble79037 - INFO - Search submitted
[ 2024-04-23 22:57:57,585 ] 94 ble79037 - INFO - Search submitted
[ 2024-04-23 22:57:57,585 ] 94 ble79037 - INFO - Search submitted
[ 2024-04-23 22:57:57,585 ] 94 ble79037 - INFO - Search submitted
[ 2024-04-23 22:57:57,585 ] 94 ble79037 - INFO - Search submitted
[ 2024-04-23 22:57:57,585 ] 94 ble79037 - INFO - Search submitted
[ 2024-04-23 22:57:57,639 ] 94 ble79037 - INFO - Collected 20 forms
[ 2024-04-23 22:57:57,639 ] 94 ble79037 - INFO - Collected 20 forms
[ 2024-04-23 22:57:57,639 ] 94 ble79037 - INFO - Collected 20 forms
[ 2024-04-23 22:57:57,639 ] 94 ble79037 - INFO - Collected 20 forms
[ 2024-04-23 22:57:57,639 ] 94 ble79037 - INFO - Collected 20 forms
[ 2024-04-23 22:57:57,639 ] 94 ble79037 - INFO - Collected 20 forms
[ 2024-04-23 22:57:57,639 ] 94 ble79037 - INFO - Collected 20 forms
[ 2024-04-23 22:57:57,639 ] 94 ble79037 - INFO - Collected 20 forms
[ 2024-04-23 22:57:57,639 ] 94 ble79037 - INFO - Collected 20 forms
[ 2024-04-23 22:57:58,500 ] 94 ble79037 - INFO - Number of filtered forms left is: 5 form(s)
[ 2024-04-23 22:57:58,500 ] 94 ble79037 - INFO - Number of filtered forms left is: 5 form(s)
[ 2024-04-23 22:57:58,500 ] 94 ble79037 - INFO - Number of filtered forms left is: 5 form(s)
[ 2024-04-23 22:57:58,500 ] 94 ble79037 - INFO - Number of filtered forms left is: 5 form(s)
[ 2024-04-23 22:57:58,500 ] 94 ble79037 - INFO - Number of filtered forms left is: 5 form(s)
[ 2024-04-23 22:57:58,500 ] 94 ble79037 - INFO - Number of filtered forms left is: 5 form(s)
[ 2024-04-23 22:57:58,500 ] 94 ble79037 - INFO - Number of filtered forms left is: 5 form(s)
[ 2024-04-23 22:57:58,500 ] 94 ble79037 - INFO - Number of filtered forms left is: 5 form(s)
[ 2024-04-23 22:57:58,500 ] 94 ble79037 - INFO - Number of filtered forms left is: 5 form(s)
