[ 2024-04-23 22:57:00,660 ] 94 nihahi50 - INFO - Opened login page
[ 2024-04-23 22:57:00,660 ] 94 nihahi50 - INFO - Opened login page
[ 2024-04-23 22:57:00,660 ] 94 nihahi50 - INFO - Opened login page
[ 2024-04-23 22:57:04,799 ] 94 nihahi50 - INFO - Logging in
[ 2024-04-23 22:57:04,799 ] 94 nihahi50 - INFO - Logging in
[ 2024-04-23 22:57:04,799 ] 94 nihahi50 - INFO - Logging in
[ 2024-04-23 22:57:04,852 ] 94 nihahi50 - INFO - Current url: https://www.shinsei.e-aichi.jp/pref-aichi-police-u/offer/offerList_initDisplay
[ 2024-04-23 22:57:04,852 ] 94 nihahi50 - INFO - Current url: https://www.shinsei.e-aichi.jp/pref-aichi-police-u/offer/offerList_initDisplay
[ 2024-04-23 22:57:04,852 ] 94 nihahi50 - INFO - Current url: https://www.shinsei.e-aichi.jp/pref-aichi-police-u/offer/offerList_initDisplay
[ 2024-04-23 22:57:05,190 ] 94 nihahi50 - INFO - Logged in finished
[ 2024-04-23 22:57:05,190 ] 94 nihahi50 - INFO - Logged in finished
[ 2024-04-23 22:57:05,190 ] 94 nihahi50 - INFO - Logged in finished
[ 2024-04-23 22:57:06,379 ] 94 nihahi50 - INFO - On main page
[ 2024-04-23 22:57:06,379 ] 94 nihahi50 - INFO - On main page
[ 2024-04-23 22:57:06,379 ] 94 nihahi50 - INFO - On main page
[ 2024-04-23 22:57:08,559 ] 94 nihahi50 - INFO - Search submitted
[ 2024-04-23 22:57:08,559 ] 94 nihahi50 - INFO - Search submitted
[ 2024-04-23 22:57:08,559 ] 94 nihahi50 - INFO - Search submitted
[ 2024-04-23 22:57:08,633 ] 94 nihahi50 - INFO - Collected 20 forms
[ 2024-04-23 22:57:08,633 ] 94 nihahi50 - INFO - Collected 20 forms
[ 2024-04-23 22:57:08,633 ] 94 nihahi50 - INFO - Collected 20 forms
[ 2024-04-23 22:57:09,975 ] 94 nihahi50 - INFO - Number of filtered forms left is: 5 form(s)
[ 2024-04-23 22:57:09,975 ] 94 nihahi50 - INFO - Number of filtered forms left is: 5 form(s)
[ 2024-04-23 22:57:09,975 ] 94 nihahi50 - INFO - Number of filtered forms left is: 5 form(s)
[ 2024-04-23 22:57:21,459 ] 94 nihahi50 - INFO - Opened login page
[ 2024-04-23 22:57:21,459 ] 94 nihahi50 - INFO - Opened login page
[ 2024-04-23 22:57:21,459 ] 94 nihahi50 - INFO - Opened login page
[ 2024-04-23 22:57:21,459 ] 94 nihahi50 - INFO - Opened login page
[ 2024-04-23 22:57:21,459 ] 94 nihahi50 - INFO - Opened login page
[ 2024-04-23 22:57:21,459 ] 94 nihahi50 - INFO - Opened login page
[ 2024-04-23 22:57:25,427 ] 94 nihahi50 - INFO - Logging in
[ 2024-04-23 22:57:25,427 ] 94 nihahi50 - INFO - Logging in
[ 2024-04-23 22:57:25,427 ] 94 nihahi50 - INFO - Logging in
[ 2024-04-23 22:57:25,427 ] 94 nihahi50 - INFO - Logging in
[ 2024-04-23 22:57:25,427 ] 94 nihahi50 - INFO - Logging in
[ 2024-04-23 22:57:25,427 ] 94 nihahi50 - INFO - Logging in
[ 2024-04-23 22:57:25,442 ] 94 nihahi50 - INFO - Current url: https://www.shinsei.e-aichi.jp/pref-aichi-police-u/offer/offerList_initDisplay
[ 2024-04-23 22:57:25,442 ] 94 nihahi50 - INFO - Current url: https://www.shinsei.e-aichi.jp/pref-aichi-police-u/offer/offerList_initDisplay
[ 2024-04-23 22:57:25,442 ] 94 nihahi50 - INFO - Current url: https://www.shinsei.e-aichi.jp/pref-aichi-police-u/offer/offerList_initDisplay
[ 2024-04-23 22:57:25,442 ] 94 nihahi50 - INFO - Current url: https://www.shinsei.e-aichi.jp/pref-aichi-police-u/offer/offerList_initDisplay
[ 2024-04-23 22:57:25,442 ] 94 nihahi50 - INFO - Current url: https://www.shinsei.e-aichi.jp/pref-aichi-police-u/offer/offerList_initDisplay
[ 2024-04-23 22:57:25,442 ] 94 nihahi50 - INFO - Current url: https://www.shinsei.e-aichi.jp/pref-aichi-police-u/offer/offerList_initDisplay
[ 2024-04-23 22:57:25,780 ] 94 nihahi50 - INFO - Logged in finished
[ 2024-04-23 22:57:25,780 ] 94 nihahi50 - INFO - Logged in finished
[ 2024-04-23 22:57:25,780 ] 94 nihahi50 - INFO - Logged in finished
[ 2024-04-23 22:57:25,780 ] 94 nihahi50 - INFO - Logged in finished
[ 2024-04-23 22:57:25,780 ] 94 nihahi50 - INFO - Logged in finished
[ 2024-04-23 22:57:25,780 ] 94 nihahi50 - INFO - Logged in finished
[ 2024-04-23 22:57:26,699 ] 94 nihahi50 - INFO - On main page
[ 2024-04-23 22:57:26,699 ] 94 nihahi50 - INFO - On main page
[ 2024-04-23 22:57:26,699 ] 94 nihahi50 - INFO - On main page
[ 2024-04-23 22:57:26,699 ] 94 nihahi50 - INFO - On main page
[ 2024-04-23 22:57:26,699 ] 94 nihahi50 - INFO - On main page
[ 2024-04-23 22:57:26,699 ] 94 nihahi50 - INFO - On main page
[ 2024-04-23 22:57:28,502 ] 94 nihahi50 - INFO - Search submitted
[ 2024-04-23 22:57:28,502 ] 94 nihahi50 - INFO - Search submitted
[ 2024-04-23 22:57:28,502 ] 94 nihahi50 - INFO - Search submitted
[ 2024-04-23 22:57:28,502 ] 94 nihahi50 - INFO - Search submitted
[ 2024-04-23 22:57:28,502 ] 94 nihahi50 - INFO - Search submitted
[ 2024-04-23 22:57:28,502 ] 94 nihahi50 - INFO - Search submitted
[ 2024-04-23 22:57:28,575 ] 94 nihahi50 - INFO - Collected 20 forms
[ 2024-04-23 22:57:28,575 ] 94 nihahi50 - INFO - Collected 20 forms
[ 2024-04-23 22:57:28,575 ] 94 nihahi50 - INFO - Collected 20 forms
[ 2024-04-23 22:57:28,575 ] 94 nihahi50 - INFO - Collected 20 forms
[ 2024-04-23 22:57:28,575 ] 94 nihahi50 - INFO - Collected 20 forms
[ 2024-04-23 22:57:28,575 ] 94 nihahi50 - INFO - Collected 20 forms
[ 2024-04-23 22:57:30,376 ] 94 nihahi50 - INFO - Number of filtered forms left is: 5 form(s)
[ 2024-04-23 22:57:30,376 ] 94 nihahi50 - INFO - Number of filtered forms left is: 5 form(s)
[ 2024-04-23 22:57:30,376 ] 94 nihahi50 - INFO - Number of filtered forms left is: 5 form(s)
[ 2024-04-23 22:57:30,376 ] 94 nihahi50 - INFO - Number of filtered forms left is: 5 form(s)
[ 2024-04-23 22:57:30,376 ] 94 nihahi50 - INFO - Number of filtered forms left is: 5 form(s)
[ 2024-04-23 22:57:30,376 ] 94 nihahi50 - INFO - Number of filtered forms left is: 5 form(s)
[ 2024-04-23 22:57:54,501 ] 94 nihahi50 - INFO - Opened login page
[ 2024-04-23 22:57:54,501 ] 94 nihahi50 - INFO - Opened login page
[ 2024-04-23 22:57:54,501 ] 94 nihahi50 - INFO - Opened login page
[ 2024-04-23 22:57:54,501 ] 94 nihahi50 - INFO - Opened login page
[ 2024-04-23 22:57:54,501 ] 94 nihahi50 - INFO - Opened login page
[ 2024-04-23 22:57:54,501 ] 94 nihahi50 - INFO - Opened login page
[ 2024-04-23 22:57:54,501 ] 94 nihahi50 - INFO - Opened login page
[ 2024-04-23 22:57:54,501 ] 94 nihahi50 - INFO - Opened login page
[ 2024-04-23 22:57:54,501 ] 94 nihahi50 - INFO - Opened login page
[ 2024-04-23 22:57:59,671 ] 94 nihahi50 - INFO - Logging in
[ 2024-04-23 22:57:59,671 ] 94 nihahi50 - INFO - Logging in
[ 2024-04-23 22:57:59,671 ] 94 nihahi50 - INFO - Logging in
[ 2024-04-23 22:57:59,671 ] 94 nihahi50 - INFO - Logging in
[ 2024-04-23 22:57:59,671 ] 94 nihahi50 - INFO - Logging in
[ 2024-04-23 22:57:59,671 ] 94 nihahi50 - INFO - Logging in
[ 2024-04-23 22:57:59,671 ] 94 nihahi50 - INFO - Logging in
[ 2024-04-23 22:57:59,671 ] 94 nihahi50 - INFO - Logging in
[ 2024-04-23 22:57:59,671 ] 94 nihahi50 - INFO - Logging in
[ 2024-04-23 22:57:59,679 ] 94 nihahi50 - INFO - Current url: https://www.shinsei.e-aichi.jp/pref-aichi-police-u/offer/offerList_initDisplay
[ 2024-04-23 22:57:59,679 ] 94 nihahi50 - INFO - Current url: https://www.shinsei.e-aichi.jp/pref-aichi-police-u/offer/offerList_initDisplay
[ 2024-04-23 22:57:59,679 ] 94 nihahi50 - INFO - Current url: https://www.shinsei.e-aichi.jp/pref-aichi-police-u/offer/offerList_initDisplay
[ 2024-04-23 22:57:59,679 ] 94 nihahi50 - INFO - Current url: https://www.shinsei.e-aichi.jp/pref-aichi-police-u/offer/offerList_initDisplay
[ 2024-04-23 22:57:59,679 ] 94 nihahi50 - INFO - Current url: https://www.shinsei.e-aichi.jp/pref-aichi-police-u/offer/offerList_initDisplay
[ 2024-04-23 22:57:59,679 ] 94 nihahi50 - INFO - Current url: https://www.shinsei.e-aichi.jp/pref-aichi-police-u/offer/offerList_initDisplay
[ 2024-04-23 22:57:59,679 ] 94 nihahi50 - INFO - Current url: https://www.shinsei.e-aichi.jp/pref-aichi-police-u/offer/offerList_initDisplay
[ 2024-04-23 22:57:59,679 ] 94 nihahi50 - INFO - Current url: https://www.shinsei.e-aichi.jp/pref-aichi-police-u/offer/offerList_initDisplay
[ 2024-04-23 22:57:59,679 ] 94 nihahi50 - INFO - Current url: https://www.shinsei.e-aichi.jp/pref-aichi-police-u/offer/offerList_initDisplay
[ 2024-04-23 22:58:00,049 ] 94 nihahi50 - INFO - Logged in finished
[ 2024-04-23 22:58:00,049 ] 94 nihahi50 - INFO - Logged in finished
[ 2024-04-23 22:58:00,049 ] 94 nihahi50 - INFO - Logged in finished
[ 2024-04-23 22:58:00,049 ] 94 nihahi50 - INFO - Logged in finished
[ 2024-04-23 22:58:00,049 ] 94 nihahi50 - INFO - Logged in finished
[ 2024-04-23 22:58:00,049 ] 94 nihahi50 - INFO - Logged in finished
[ 2024-04-23 22:58:00,049 ] 94 nihahi50 - INFO - Logged in finished
[ 2024-04-23 22:58:00,049 ] 94 nihahi50 - INFO - Logged in finished
[ 2024-04-23 22:58:00,049 ] 94 nihahi50 - INFO - Logged in finished
[ 2024-04-23 22:58:01,602 ] 94 nihahi50 - INFO - On main page
[ 2024-04-23 22:58:01,602 ] 94 nihahi50 - INFO - On main page
[ 2024-04-23 22:58:01,602 ] 94 nihahi50 - INFO - On main page
[ 2024-04-23 22:58:01,602 ] 94 nihahi50 - INFO - On main page
[ 2024-04-23 22:58:01,602 ] 94 nihahi50 - INFO - On main page
[ 2024-04-23 22:58:01,602 ] 94 nihahi50 - INFO - On main page
[ 2024-04-23 22:58:01,602 ] 94 nihahi50 - INFO - On main page
[ 2024-04-23 22:58:01,602 ] 94 nihahi50 - INFO - On main page
[ 2024-04-23 22:58:01,602 ] 94 nihahi50 - INFO - On main page
[ 2024-04-23 22:58:04,098 ] 94 nihahi50 - INFO - Search submitted
[ 2024-04-23 22:58:04,098 ] 94 nihahi50 - INFO - Search submitted
[ 2024-04-23 22:58:04,098 ] 94 nihahi50 - INFO - Search submitted
[ 2024-04-23 22:58:04,098 ] 94 nihahi50 - INFO - Search submitted
[ 2024-04-23 22:58:04,098 ] 94 nihahi50 - INFO - Search submitted
[ 2024-04-23 22:58:04,098 ] 94 nihahi50 - INFO - Search submitted
[ 2024-04-23 22:58:04,098 ] 94 nihahi50 - INFO - Search submitted
[ 2024-04-23 22:58:04,098 ] 94 nihahi50 - INFO - Search submitted
[ 2024-04-23 22:58:04,098 ] 94 nihahi50 - INFO - Search submitted
[ 2024-04-23 22:58:04,378 ] 94 nihahi50 - INFO - Collected 20 forms
[ 2024-04-23 22:58:04,378 ] 94 nihahi50 - INFO - Collected 20 forms
[ 2024-04-23 22:58:04,378 ] 94 nihahi50 - INFO - Collected 20 forms
[ 2024-04-23 22:58:04,378 ] 94 nihahi50 - INFO - Collected 20 forms
[ 2024-04-23 22:58:04,378 ] 94 nihahi50 - INFO - Collected 20 forms
[ 2024-04-23 22:58:04,378 ] 94 nihahi50 - INFO - Collected 20 forms
[ 2024-04-23 22:58:04,378 ] 94 nihahi50 - INFO - Collected 20 forms
[ 2024-04-23 22:58:04,378 ] 94 nihahi50 - INFO - Collected 20 forms
[ 2024-04-23 22:58:04,378 ] 94 nihahi50 - INFO - Collected 20 forms
[ 2024-04-23 22:58:06,086 ] 94 nihahi50 - INFO - Number of filtered forms left is: 5 form(s)
[ 2024-04-23 22:58:06,086 ] 94 nihahi50 - INFO - Number of filtered forms left is: 5 form(s)
[ 2024-04-23 22:58:06,086 ] 94 nihahi50 - INFO - Number of filtered forms left is: 5 form(s)
[ 2024-04-23 22:58:06,086 ] 94 nihahi50 - INFO - Number of filtered forms left is: 5 form(s)
[ 2024-04-23 22:58:06,086 ] 94 nihahi50 - INFO - Number of filtered forms left is: 5 form(s)
[ 2024-04-23 22:58:06,086 ] 94 nihahi50 - INFO - Number of filtered forms left is: 5 form(s)
[ 2024-04-23 22:58:06,086 ] 94 nihahi50 - INFO - Number of filtered forms left is: 5 form(s)
[ 2024-04-23 22:58:06,086 ] 94 nihahi50 - INFO - Number of filtered forms left is: 5 form(s)
[ 2024-04-23 22:58:06,086 ] 94 nihahi50 - INFO - Number of filtered forms left is: 5 form(s)
