[ 2024-05-01 10:16:38,962 ] 91 luthien5921 - INFO - Opened login page
[ 2024-05-01 10:16:38,962 ] 91 luthien5921 - INFO - Opened login page
[ 2024-05-01 10:16:38,962 ] 91 luthien5921 - INFO - Opened login page
[ 2024-05-01 10:16:43,226 ] 91 luthien5921 - INFO - Logging in
[ 2024-05-01 10:16:43,226 ] 91 luthien5921 - INFO - Logging in
[ 2024-05-01 10:16:43,226 ] 91 luthien5921 - INFO - Logging in
[ 2024-05-01 10:16:43,234 ] 91 luthien5921 - INFO - Current url: https://www.shinsei.e-aichi.jp/pref-aichi-police-u/offer/offerList_initDisplay
[ 2024-05-01 10:16:43,234 ] 91 luthien5921 - INFO - Current url: https://www.shinsei.e-aichi.jp/pref-aichi-police-u/offer/offerList_initDisplay
[ 2024-05-01 10:16:43,234 ] 91 luthien5921 - INFO - Current url: https://www.shinsei.e-aichi.jp/pref-aichi-police-u/offer/offerList_initDisplay
[ 2024-05-01 10:16:43,554 ] 91 luthien5921 - INFO - Logged in finished
[ 2024-05-01 10:16:43,554 ] 91 luthien5921 - INFO - Logged in finished
[ 2024-05-01 10:16:43,554 ] 91 luthien5921 - INFO - Logged in finished
[ 2024-05-01 10:16:43,891 ] 91 luthien5921 - INFO - On main page
[ 2024-05-01 10:16:43,891 ] 91 luthien5921 - INFO - On main page
[ 2024-05-01 10:16:43,891 ] 91 luthien5921 - INFO - On main page
[ 2024-05-01 10:16:45,238 ] 91 luthien5921 - INFO - Search submitted
[ 2024-05-01 10:16:45,238 ] 91 luthien5921 - INFO - Search submitted
[ 2024-05-01 10:16:45,238 ] 91 luthien5921 - INFO - Search submitted
[ 2024-05-01 10:16:45,267 ] 91 luthien5921 - INFO - Collected 2 forms
[ 2024-05-01 10:16:45,267 ] 91 luthien5921 - INFO - Collected 2 forms
[ 2024-05-01 10:16:45,267 ] 91 luthien5921 - INFO - Collected 2 forms
[ 2024-05-01 10:16:45,346 ] 91 luthien5921 - INFO - Number of filtered forms left is: 2 form(s)
[ 2024-05-01 10:16:45,346 ] 91 luthien5921 - INFO - Number of filtered forms left is: 2 form(s)
[ 2024-05-01 10:16:45,346 ] 91 luthien5921 - INFO - Number of filtered forms left is: 2 form(s)
[ 2024-05-01 10:16:45,347 ] 91 luthien5921 - INFO - 行政文書任意開示申出書 -  - 2015年08月19日 09時00分 - 2100年1月1日 00時00分 - 3895 - https://www.shinsei.e-aichi.jp/pref-aichi-police-u/offer/offerList_detailTop?tempSeq=3895 - False
[ 2024-05-01 10:16:45,347 ] 91 luthien5921 - INFO - 行政文書任意開示申出書 -  - 2015年08月19日 09時00分 - 2100年1月1日 00時00分 - 3895 - https://www.shinsei.e-aichi.jp/pref-aichi-police-u/offer/offerList_detailTop?tempSeq=3895 - False
[ 2024-05-01 10:16:45,347 ] 91 luthien5921 - INFO - 行政文書任意開示申出書 -  - 2015年08月19日 09時00分 - 2100年1月1日 00時00分 - 3895 - https://www.shinsei.e-aichi.jp/pref-aichi-police-u/offer/offerList_detailTop?tempSeq=3895 - False
[ 2024-05-01 10:16:45,348 ] 91 luthien5921 - INFO - 行政文書開示請求書 -  - 2015年08月19日 09時00分 - 2100年1月1日 00時00分 - 3896 - https://www.shinsei.e-aichi.jp/pref-aichi-police-u/offer/offerList_detailTop?tempSeq=3896 - False
[ 2024-05-01 10:16:45,348 ] 91 luthien5921 - INFO - 行政文書開示請求書 -  - 2015年08月19日 09時00分 - 2100年1月1日 00時00分 - 3896 - https://www.shinsei.e-aichi.jp/pref-aichi-police-u/offer/offerList_detailTop?tempSeq=3896 - False
[ 2024-05-01 10:16:45,348 ] 91 luthien5921 - INFO - 行政文書開示請求書 -  - 2015年08月19日 09時00分 - 2100年1月1日 00時00分 - 3896 - https://www.shinsei.e-aichi.jp/pref-aichi-police-u/offer/offerList_detailTop?tempSeq=3896 - False
[ 2024-05-01 10:16:45,352 ] 91 luthien5921 - INFO - Accessing form, template sequence: 3896
[ 2024-05-01 10:16:45,352 ] 91 luthien5921 - INFO - Accessing form, template sequence: 3896
[ 2024-05-01 10:16:45,352 ] 91 luthien5921 - INFO - Accessing form, template sequence: 3896
[ 2024-05-01 10:16:45,352 ] 91 luthien5921 - INFO - Form URL: https://www.shinsei.e-aichi.jp/pref-aichi-police-u/offer/offerList_detailTop?tempSeq=3896
[ 2024-05-01 10:16:45,352 ] 91 luthien5921 - INFO - Form URL: https://www.shinsei.e-aichi.jp/pref-aichi-police-u/offer/offerList_detailTop?tempSeq=3896
[ 2024-05-01 10:16:45,352 ] 91 luthien5921 - INFO - Form URL: https://www.shinsei.e-aichi.jp/pref-aichi-police-u/offer/offerList_detailTop?tempSeq=3896
[ 2024-05-01 10:16:51,008 ] 91 luthien5921 - INFO - Accessed form successfully
[ 2024-05-01 10:16:51,008 ] 91 luthien5921 - INFO - Accessed form successfully
[ 2024-05-01 10:16:51,008 ] 91 luthien5921 - INFO - Accessed form successfully
[ 2024-05-01 10:16:51,027 ] 79 luthien5921 - ERROR - Failed to get form message, maybe form is available
Traceback (most recent call last):
  File "C:\Users\USER\Projects\AichiTool\AichiSelenium\src\controllers\filler.py", line 122, in get_form_message
    message = browser.find_element(By.XPATH, "/html/body/main/div/form/div[3]/strong/ul/li/span/strong").text
  File "C:\Users\USER\anaconda3\envs\aichi\lib\site-packages\seleniumbase\core\sb_driver.py", line 20, in find_element
    return self.driver.default_find_element(by=by, value=value)
  File "C:\Users\USER\anaconda3\envs\aichi\lib\site-packages\selenium\webdriver\remote\webdriver.py", line 741, in find_element
    return self.execute(Command.FIND_ELEMENT, {"using": by, "value": value})["value"]
  File "C:\Users\USER\anaconda3\envs\aichi\lib\site-packages\selenium\webdriver\remote\webdriver.py", line 347, in execute
    self.error_handler.check_response(response)
  File "C:\Users\USER\anaconda3\envs\aichi\lib\site-packages\selenium\webdriver\remote\errorhandler.py", line 229, in check_response
    raise exception_class(message, screen, stacktrace)
selenium.common.exceptions.NoSuchElementException: Message: no such element: Unable to locate element: {"method":"xpath","selector":"/html/body/main/div/form/div[3]/strong/ul/li/span/strong"}
  (Session info: chrome=124.0.6367.63); For documentation on this error, please visit: https://www.selenium.dev/documentation/webdriver/troubleshooting/errors#no-such-element-exception
Stacktrace:
	GetHandleVerifier [0x00007FF7B2A7F922+3045234]
	(No symbol) [0x00007FF7B2723652]
	(No symbol) [0x00007FF7B25E7564]
	(No symbol) [0x00007FF7B2635F9D]
	(No symbol) [0x00007FF7B263606C]
	(No symbol) [0x00007FF7B267BDD7]
	(No symbol) [0x00007FF7B2659DEF]
	(No symbol) [0x00007FF7B26791C4]
	(No symbol) [0x00007FF7B2659B53]
	(No symbol) [0x00007FF7B262813C]
	(No symbol) [0x00007FF7B2628D71]
	GetHandleVerifier [0x00007FF7B2AAE89D+3237613]
	GetHandleVerifier [0x00007FF7B2AF0BA7+3508727]
	GetHandleVerifier [0x00007FF7B2AE976F+3478975]
	GetHandleVerifier [0x00007FF7B285F1C6+815126]
	(No symbol) [0x00007FF7B272ED0F]
	(No symbol) [0x00007FF7B2729854]
	(No symbol) [0x00007FF7B27299E2]
	(No symbol) [0x00007FF7B271A574]
	BaseThreadInitThunk [0x00007FFFFB45257D+29]
	RtlUserThreadStart [0x00007FFFFCEEAA48+40]

[ 2024-05-01 10:16:51,027 ] 79 luthien5921 - ERROR - Failed to get form message, maybe form is available
Traceback (most recent call last):
  File "C:\Users\USER\Projects\AichiTool\AichiSelenium\src\controllers\filler.py", line 122, in get_form_message
    message = browser.find_element(By.XPATH, "/html/body/main/div/form/div[3]/strong/ul/li/span/strong").text
  File "C:\Users\USER\anaconda3\envs\aichi\lib\site-packages\seleniumbase\core\sb_driver.py", line 20, in find_element
    return self.driver.default_find_element(by=by, value=value)
  File "C:\Users\USER\anaconda3\envs\aichi\lib\site-packages\selenium\webdriver\remote\webdriver.py", line 741, in find_element
    return self.execute(Command.FIND_ELEMENT, {"using": by, "value": value})["value"]
  File "C:\Users\USER\anaconda3\envs\aichi\lib\site-packages\selenium\webdriver\remote\webdriver.py", line 347, in execute
    self.error_handler.check_response(response)
  File "C:\Users\USER\anaconda3\envs\aichi\lib\site-packages\selenium\webdriver\remote\errorhandler.py", line 229, in check_response
    raise exception_class(message, screen, stacktrace)
selenium.common.exceptions.NoSuchElementException: Message: no such element: Unable to locate element: {"method":"xpath","selector":"/html/body/main/div/form/div[3]/strong/ul/li/span/strong"}
  (Session info: chrome=124.0.6367.63); For documentation on this error, please visit: https://www.selenium.dev/documentation/webdriver/troubleshooting/errors#no-such-element-exception
Stacktrace:
	GetHandleVerifier [0x00007FF7B2A7F922+3045234]
	(No symbol) [0x00007FF7B2723652]
	(No symbol) [0x00007FF7B25E7564]
	(No symbol) [0x00007FF7B2635F9D]
	(No symbol) [0x00007FF7B263606C]
	(No symbol) [0x00007FF7B267BDD7]
	(No symbol) [0x00007FF7B2659DEF]
	(No symbol) [0x00007FF7B26791C4]
	(No symbol) [0x00007FF7B2659B53]
	(No symbol) [0x00007FF7B262813C]
	(No symbol) [0x00007FF7B2628D71]
	GetHandleVerifier [0x00007FF7B2AAE89D+3237613]
	GetHandleVerifier [0x00007FF7B2AF0BA7+3508727]
	GetHandleVerifier [0x00007FF7B2AE976F+3478975]
	GetHandleVerifier [0x00007FF7B285F1C6+815126]
	(No symbol) [0x00007FF7B272ED0F]
	(No symbol) [0x00007FF7B2729854]
	(No symbol) [0x00007FF7B27299E2]
	(No symbol) [0x00007FF7B271A574]
	BaseThreadInitThunk [0x00007FFFFB45257D+29]
	RtlUserThreadStart [0x00007FFFFCEEAA48+40]

[ 2024-05-01 10:16:51,027 ] 79 luthien5921 - ERROR - Failed to get form message, maybe form is available
Traceback (most recent call last):
  File "C:\Users\USER\Projects\AichiTool\AichiSelenium\src\controllers\filler.py", line 122, in get_form_message
    message = browser.find_element(By.XPATH, "/html/body/main/div/form/div[3]/strong/ul/li/span/strong").text
  File "C:\Users\USER\anaconda3\envs\aichi\lib\site-packages\seleniumbase\core\sb_driver.py", line 20, in find_element
    return self.driver.default_find_element(by=by, value=value)
  File "C:\Users\USER\anaconda3\envs\aichi\lib\site-packages\selenium\webdriver\remote\webdriver.py", line 741, in find_element
    return self.execute(Command.FIND_ELEMENT, {"using": by, "value": value})["value"]
  File "C:\Users\USER\anaconda3\envs\aichi\lib\site-packages\selenium\webdriver\remote\webdriver.py", line 347, in execute
    self.error_handler.check_response(response)
  File "C:\Users\USER\anaconda3\envs\aichi\lib\site-packages\selenium\webdriver\remote\errorhandler.py", line 229, in check_response
    raise exception_class(message, screen, stacktrace)
selenium.common.exceptions.NoSuchElementException: Message: no such element: Unable to locate element: {"method":"xpath","selector":"/html/body/main/div/form/div[3]/strong/ul/li/span/strong"}
  (Session info: chrome=124.0.6367.63); For documentation on this error, please visit: https://www.selenium.dev/documentation/webdriver/troubleshooting/errors#no-such-element-exception
Stacktrace:
	GetHandleVerifier [0x00007FF7B2A7F922+3045234]
	(No symbol) [0x00007FF7B2723652]
	(No symbol) [0x00007FF7B25E7564]
	(No symbol) [0x00007FF7B2635F9D]
	(No symbol) [0x00007FF7B263606C]
	(No symbol) [0x00007FF7B267BDD7]
	(No symbol) [0x00007FF7B2659DEF]
	(No symbol) [0x00007FF7B26791C4]
	(No symbol) [0x00007FF7B2659B53]
	(No symbol) [0x00007FF7B262813C]
	(No symbol) [0x00007FF7B2628D71]
	GetHandleVerifier [0x00007FF7B2AAE89D+3237613]
	GetHandleVerifier [0x00007FF7B2AF0BA7+3508727]
	GetHandleVerifier [0x00007FF7B2AE976F+3478975]
	GetHandleVerifier [0x00007FF7B285F1C6+815126]
	(No symbol) [0x00007FF7B272ED0F]
	(No symbol) [0x00007FF7B2729854]
	(No symbol) [0x00007FF7B27299E2]
	(No symbol) [0x00007FF7B271A574]
	BaseThreadInitThunk [0x00007FFFFB45257D+29]
	RtlUserThreadStart [0x00007FFFFCEEAA48+40]

[ 2024-05-01 10:16:51,032 ] 91 luthien5921 - INFO - Form is available, template sequence: 3896
[ 2024-05-01 10:16:51,032 ] 91 luthien5921 - INFO - Form is available, template sequence: 3896
[ 2024-05-01 10:16:51,032 ] 91 luthien5921 - INFO - Form is available, template sequence: 3896
[ 2024-05-01 10:16:51,033 ] 91 luthien5921 - INFO - Filling form, template sequence: 3896
[ 2024-05-01 10:16:51,033 ] 91 luthien5921 - INFO - Filling form, template sequence: 3896
[ 2024-05-01 10:16:51,033 ] 91 luthien5921 - INFO - Filling form, template sequence: 3896
[ 2024-05-01 10:16:52,449 ] 91 luthien5921 - INFO - Clicked continue button
[ 2024-05-01 10:16:52,449 ] 91 luthien5921 - INFO - Clicked continue button
[ 2024-05-01 10:16:52,449 ] 91 luthien5921 - INFO - Clicked continue button
[ 2024-05-01 10:16:52,449 ] 91 luthien5921 - INFO - Save page source to onlyday.html
[ 2024-05-01 10:16:52,449 ] 91 luthien5921 - INFO - Save page source to onlyday.html
[ 2024-05-01 10:16:52,449 ] 91 luthien5921 - INFO - Save page source to onlyday.html
[ 2024-05-01 10:17:02,540 ] 91 luthien5921 - INFO - Opened login page
[ 2024-05-01 10:17:02,540 ] 91 luthien5921 - INFO - Opened login page
[ 2024-05-01 10:17:02,540 ] 91 luthien5921 - INFO - Opened login page
[ 2024-05-01 10:17:02,540 ] 91 luthien5921 - INFO - Opened login page
[ 2024-05-01 10:17:02,540 ] 91 luthien5921 - INFO - Opened login page
[ 2024-05-01 10:17:02,540 ] 91 luthien5921 - INFO - Opened login page
