[ 2024-04-28 23:37:09,801 ] 91 benemmai380 - INFO - Opened login page
[ 2024-04-28 23:37:09,801 ] 91 benemmai380 - INFO - Opened login page
[ 2024-04-28 23:37:09,801 ] 91 benemmai380 - INFO - Opened login page
[ 2024-04-28 23:37:13,176 ] 91 benemmai380 - INFO - Logging in
[ 2024-04-28 23:37:13,176 ] 91 benemmai380 - INFO - Logging in
[ 2024-04-28 23:37:13,176 ] 91 benemmai380 - INFO - Logging in
[ 2024-04-28 23:37:13,178 ] 91 benemmai380 - INFO - Current url: https://www.shinsei.e-aichi.jp/pref-aichi-police-u/offer/offerList_initDisplay
[ 2024-04-28 23:37:13,178 ] 91 benemmai380 - INFO - Current url: https://www.shinsei.e-aichi.jp/pref-aichi-police-u/offer/offerList_initDisplay
[ 2024-04-28 23:37:13,178 ] 91 benemmai380 - INFO - Current url: https://www.shinsei.e-aichi.jp/pref-aichi-police-u/offer/offerList_initDisplay
[ 2024-04-28 23:37:13,492 ] 91 benemmai380 - INFO - Logged in finished
[ 2024-04-28 23:37:13,492 ] 91 benemmai380 - INFO - Logged in finished
[ 2024-04-28 23:37:13,492 ] 91 benemmai380 - INFO - Logged in finished
[ 2024-04-28 23:37:13,603 ] 91 benemmai380 - INFO - On main page
[ 2024-04-28 23:37:13,603 ] 91 benemmai380 - INFO - On main page
[ 2024-04-28 23:37:13,603 ] 91 benemmai380 - INFO - On main page
[ 2024-04-28 23:37:15,184 ] 91 benemmai380 - INFO - Search submitted
[ 2024-04-28 23:37:15,184 ] 91 benemmai380 - INFO - Search submitted
[ 2024-04-28 23:37:15,184 ] 91 benemmai380 - INFO - Search submitted
[ 2024-04-28 23:37:15,197 ] 91 benemmai380 - INFO - Collected 10 forms
[ 2024-04-28 23:37:15,197 ] 91 benemmai380 - INFO - Collected 10 forms
[ 2024-04-28 23:37:15,197 ] 91 benemmai380 - INFO - Collected 10 forms
[ 2024-04-28 23:37:15,350 ] 91 benemmai380 - INFO - Number of filtered forms left is: 5 form(s)
[ 2024-04-28 23:37:15,350 ] 91 benemmai380 - INFO - Number of filtered forms left is: 5 form(s)
[ 2024-04-28 23:37:15,350 ] 91 benemmai380 - INFO - Number of filtered forms left is: 5 form(s)
[ 2024-04-28 23:37:15,350 ] 91 benemmai380 - INFO - 05月13日(月) 13:30[東三]外国免許切替一次審査 Tosan Exchanging Foreign Driver's License 1st Exam -  - 2024年04月29日 07時30分 - 2024年05月09日 12時00分 - 95433 - https://www.shinsei.e-aichi.jp/pref-aichi-police-u/offer/offerList_detailTop?tempSeq=95433 - True
[ 2024-04-28 23:37:15,350 ] 91 benemmai380 - INFO - 05月13日(月) 13:30[東三]外国免許切替一次審査 Tosan Exchanging Foreign Driver's License 1st Exam -  - 2024年04月29日 07時30分 - 2024年05月09日 12時00分 - 95433 - https://www.shinsei.e-aichi.jp/pref-aichi-police-u/offer/offerList_detailTop?tempSeq=95433 - True
[ 2024-04-28 23:37:15,350 ] 91 benemmai380 - INFO - 05月13日(月) 13:30[東三]外国免許切替一次審査 Tosan Exchanging Foreign Driver's License 1st Exam -  - 2024年04月29日 07時30分 - 2024年05月09日 12時00分 - 95433 - https://www.shinsei.e-aichi.jp/pref-aichi-police-u/offer/offerList_detailTop?tempSeq=95433 - True
[ 2024-04-28 23:37:15,351 ] 91 benemmai380 - INFO - 05月14日(火) 13:30[東三]外国免許切替一次審査 Tosan Exchanging Foreign Driver's License 1st Exam -  - 2024年04月29日 07時30分 - 2024年05月10日 12時00分 - 95435 - https://www.shinsei.e-aichi.jp/pref-aichi-police-u/offer/offerList_detailTop?tempSeq=95435 - True
[ 2024-04-28 23:37:15,351 ] 91 benemmai380 - INFO - 05月14日(火) 13:30[東三]外国免許切替一次審査 Tosan Exchanging Foreign Driver's License 1st Exam -  - 2024年04月29日 07時30分 - 2024年05月10日 12時00分 - 95435 - https://www.shinsei.e-aichi.jp/pref-aichi-police-u/offer/offerList_detailTop?tempSeq=95435 - True
[ 2024-04-28 23:37:15,351 ] 91 benemmai380 - INFO - 05月14日(火) 13:30[東三]外国免許切替一次審査 Tosan Exchanging Foreign Driver's License 1st Exam -  - 2024年04月29日 07時30分 - 2024年05月10日 12時00分 - 95435 - https://www.shinsei.e-aichi.jp/pref-aichi-police-u/offer/offerList_detailTop?tempSeq=95435 - True
[ 2024-04-28 23:37:15,351 ] 91 benemmai380 - INFO - 05月15日(水) 13:30[東三]外国免許切替一次審査 Tosan Exchanging Foreign Driver's License 1st Exam -  - 2024年04月29日 07時30分 - 2024年05月13日 12時00分 - 95438 - https://www.shinsei.e-aichi.jp/pref-aichi-police-u/offer/offerList_detailTop?tempSeq=95438 - True
[ 2024-04-28 23:37:15,351 ] 91 benemmai380 - INFO - 05月15日(水) 13:30[東三]外国免許切替一次審査 Tosan Exchanging Foreign Driver's License 1st Exam -  - 2024年04月29日 07時30分 - 2024年05月13日 12時00分 - 95438 - https://www.shinsei.e-aichi.jp/pref-aichi-police-u/offer/offerList_detailTop?tempSeq=95438 - True
[ 2024-04-28 23:37:15,351 ] 91 benemmai380 - INFO - 05月15日(水) 13:30[東三]外国免許切替一次審査 Tosan Exchanging Foreign Driver's License 1st Exam -  - 2024年04月29日 07時30分 - 2024年05月13日 12時00分 - 95438 - https://www.shinsei.e-aichi.jp/pref-aichi-police-u/offer/offerList_detailTop?tempSeq=95438 - True
[ 2024-04-28 23:37:15,352 ] 91 benemmai380 - INFO - 05月16日(木) 13:30[東三]外国免許切替一次審査 Tosan Exchanging Foreign Driver's License 1st Exam -  - 2024年04月29日 07時30分 - 2024年05月14日 12時00分 - 95440 - https://www.shinsei.e-aichi.jp/pref-aichi-police-u/offer/offerList_detailTop?tempSeq=95440 - True
[ 2024-04-28 23:37:15,352 ] 91 benemmai380 - INFO - 05月16日(木) 13:30[東三]外国免許切替一次審査 Tosan Exchanging Foreign Driver's License 1st Exam -  - 2024年04月29日 07時30分 - 2024年05月14日 12時00分 - 95440 - https://www.shinsei.e-aichi.jp/pref-aichi-police-u/offer/offerList_detailTop?tempSeq=95440 - True
[ 2024-04-28 23:37:15,352 ] 91 benemmai380 - INFO - 05月16日(木) 13:30[東三]外国免許切替一次審査 Tosan Exchanging Foreign Driver's License 1st Exam -  - 2024年04月29日 07時30分 - 2024年05月14日 12時00分 - 95440 - https://www.shinsei.e-aichi.jp/pref-aichi-police-u/offer/offerList_detailTop?tempSeq=95440 - True
[ 2024-04-28 23:37:15,352 ] 91 benemmai380 - INFO - 05月17日(金) 13:30[東三]外国免許切替一次審査 Tosan Exchanging Foreign Driver's License 1st Exam -  - 2024年04月29日 07時30分 - 2024年05月15日 12時00分 - 95441 - https://www.shinsei.e-aichi.jp/pref-aichi-police-u/offer/offerList_detailTop?tempSeq=95441 - True
[ 2024-04-28 23:37:15,352 ] 91 benemmai380 - INFO - 05月17日(金) 13:30[東三]外国免許切替一次審査 Tosan Exchanging Foreign Driver's License 1st Exam -  - 2024年04月29日 07時30分 - 2024年05月15日 12時00分 - 95441 - https://www.shinsei.e-aichi.jp/pref-aichi-police-u/offer/offerList_detailTop?tempSeq=95441 - True
[ 2024-04-28 23:37:15,352 ] 91 benemmai380 - INFO - 05月17日(金) 13:30[東三]外国免許切替一次審査 Tosan Exchanging Foreign Driver's License 1st Exam -  - 2024年04月29日 07時30分 - 2024年05月15日 12時00分 - 95441 - https://www.shinsei.e-aichi.jp/pref-aichi-police-u/offer/offerList_detailTop?tempSeq=95441 - True
[ 2024-04-28 23:37:15,352 ] 91 benemmai380 - INFO - Accessing form, template sequence: 95433
[ 2024-04-28 23:37:15,352 ] 91 benemmai380 - INFO - Accessing form, template sequence: 95433
[ 2024-04-28 23:37:15,352 ] 91 benemmai380 - INFO - Accessing form, template sequence: 95433
[ 2024-04-28 23:37:15,353 ] 91 benemmai380 - INFO - Form URL: https://www.shinsei.e-aichi.jp/pref-aichi-police-u/offer/offerList_detailTop?tempSeq=95433
[ 2024-04-28 23:37:15,353 ] 91 benemmai380 - INFO - Form URL: https://www.shinsei.e-aichi.jp/pref-aichi-police-u/offer/offerList_detailTop?tempSeq=95433
[ 2024-04-28 23:37:15,353 ] 91 benemmai380 - INFO - Form URL: https://www.shinsei.e-aichi.jp/pref-aichi-police-u/offer/offerList_detailTop?tempSeq=95433
[ 2024-04-28 23:37:20,953 ] 91 benemmai380 - INFO - Accessed form successfully
[ 2024-04-28 23:37:20,953 ] 91 benemmai380 - INFO - Accessed form successfully
[ 2024-04-28 23:37:20,953 ] 91 benemmai380 - INFO - Accessed form successfully
[ 2024-04-28 23:37:20,963 ] 91 benemmai380 - INFO - Form message: 申込期間ではありません。
[ 2024-04-28 23:37:20,963 ] 91 benemmai380 - INFO - Form message: 申込期間ではありません。
[ 2024-04-28 23:37:20,963 ] 91 benemmai380 - INFO - Form message: 申込期間ではありません。
[ 2024-04-28 23:37:20,963 ] 91 benemmai380 - INFO - Refreshing page to check availability trial number 1, template sequence: 95433
[ 2024-04-28 23:37:20,963 ] 91 benemmai380 - INFO - Refreshing page to check availability trial number 1, template sequence: 95433
[ 2024-04-28 23:37:20,963 ] 91 benemmai380 - INFO - Refreshing page to check availability trial number 1, template sequence: 95433
[ 2024-04-28 23:37:22,552 ] 91 benemmai380 - INFO - Form message: 申込期間ではありません。
[ 2024-04-28 23:37:22,552 ] 91 benemmai380 - INFO - Form message: 申込期間ではありません。
[ 2024-04-28 23:37:22,552 ] 91 benemmai380 - INFO - Form message: 申込期間ではありません。
[ 2024-04-28 23:37:22,552 ] 91 benemmai380 - INFO - Refreshing page to check availability trial number 2, template sequence: 95433
[ 2024-04-28 23:37:22,552 ] 91 benemmai380 - INFO - Refreshing page to check availability trial number 2, template sequence: 95433
[ 2024-04-28 23:37:22,552 ] 91 benemmai380 - INFO - Refreshing page to check availability trial number 2, template sequence: 95433
[ 2024-04-28 23:37:23,885 ] 91 benemmai380 - INFO - Form message: 申込期間ではありません。
[ 2024-04-28 23:37:23,885 ] 91 benemmai380 - INFO - Form message: 申込期間ではありません。
[ 2024-04-28 23:37:23,885 ] 91 benemmai380 - INFO - Form message: 申込期間ではありません。
[ 2024-04-28 23:37:23,885 ] 91 benemmai380 - INFO - Refreshing page to check availability trial number 3, template sequence: 95433
[ 2024-04-28 23:37:23,885 ] 91 benemmai380 - INFO - Refreshing page to check availability trial number 3, template sequence: 95433
[ 2024-04-28 23:37:23,885 ] 91 benemmai380 - INFO - Refreshing page to check availability trial number 3, template sequence: 95433
[ 2024-04-28 23:37:25,642 ] 91 benemmai380 - INFO - Form message: 申込期間ではありません。
[ 2024-04-28 23:37:25,642 ] 91 benemmai380 - INFO - Form message: 申込期間ではありません。
[ 2024-04-28 23:37:25,642 ] 91 benemmai380 - INFO - Form message: 申込期間ではありません。
[ 2024-04-28 23:37:25,643 ] 91 benemmai380 - INFO - Refreshing page to check availability trial number 4, template sequence: 95433
[ 2024-04-28 23:37:25,643 ] 91 benemmai380 - INFO - Refreshing page to check availability trial number 4, template sequence: 95433
[ 2024-04-28 23:37:25,643 ] 91 benemmai380 - INFO - Refreshing page to check availability trial number 4, template sequence: 95433
[ 2024-04-28 23:37:27,223 ] 91 benemmai380 - INFO - Form message: 申込期間ではありません。
[ 2024-04-28 23:37:27,223 ] 91 benemmai380 - INFO - Form message: 申込期間ではありません。
[ 2024-04-28 23:37:27,223 ] 91 benemmai380 - INFO - Form message: 申込期間ではありません。
[ 2024-04-28 23:37:27,223 ] 91 benemmai380 - INFO - Refreshing page to check availability trial number 5, template sequence: 95433
[ 2024-04-28 23:37:27,223 ] 91 benemmai380 - INFO - Refreshing page to check availability trial number 5, template sequence: 95433
[ 2024-04-28 23:37:27,223 ] 91 benemmai380 - INFO - Refreshing page to check availability trial number 5, template sequence: 95433
[ 2024-04-28 23:37:29,266 ] 91 benemmai380 - INFO - Form message: 申込期間ではありません。
[ 2024-04-28 23:37:29,266 ] 91 benemmai380 - INFO - Form message: 申込期間ではありません。
[ 2024-04-28 23:37:29,266 ] 91 benemmai380 - INFO - Form message: 申込期間ではありません。
[ 2024-04-28 23:37:29,266 ] 91 benemmai380 - INFO - Refreshing page to check availability trial number 6, template sequence: 95433
[ 2024-04-28 23:37:29,266 ] 91 benemmai380 - INFO - Refreshing page to check availability trial number 6, template sequence: 95433
[ 2024-04-28 23:37:29,266 ] 91 benemmai380 - INFO - Refreshing page to check availability trial number 6, template sequence: 95433
