[ 2024-04-28 23:37:07,723 ] 91 ble79037 - INFO - Opened login page
[ 2024-04-28 23:37:07,723 ] 91 ble79037 - INFO - Opened login page
[ 2024-04-28 23:37:07,723 ] 91 ble79037 - INFO - Opened login page
[ 2024-04-28 23:37:11,214 ] 91 ble79037 - INFO - Logging in
[ 2024-04-28 23:37:11,214 ] 91 ble79037 - INFO - Logging in
[ 2024-04-28 23:37:11,214 ] 91 ble79037 - INFO - Logging in
[ 2024-04-28 23:37:11,217 ] 91 ble79037 - INFO - Current url: https://www.shinsei.e-aichi.jp/pref-aichi-police-u/offer/offerList_initDisplay
[ 2024-04-28 23:37:11,217 ] 91 ble79037 - INFO - Current url: https://www.shinsei.e-aichi.jp/pref-aichi-police-u/offer/offerList_initDisplay
[ 2024-04-28 23:37:11,217 ] 91 ble79037 - INFO - Current url: https://www.shinsei.e-aichi.jp/pref-aichi-police-u/offer/offerList_initDisplay
[ 2024-04-28 23:37:11,534 ] 91 ble79037 - INFO - Logged in finished
[ 2024-04-28 23:37:11,534 ] 91 ble79037 - INFO - Logged in finished
[ 2024-04-28 23:37:11,534 ] 91 ble79037 - INFO - Logged in finished
[ 2024-04-28 23:37:11,675 ] 91 ble79037 - INFO - On main page
[ 2024-04-28 23:37:11,675 ] 91 ble79037 - INFO - On main page
[ 2024-04-28 23:37:11,675 ] 91 ble79037 - INFO - On main page
[ 2024-04-28 23:37:13,019 ] 91 ble79037 - INFO - Search submitted
[ 2024-04-28 23:37:13,019 ] 91 ble79037 - INFO - Search submitted
[ 2024-04-28 23:37:13,019 ] 91 ble79037 - INFO - Search submitted
[ 2024-04-28 23:37:13,034 ] 91 ble79037 - INFO - Collected 10 forms
[ 2024-04-28 23:37:13,034 ] 91 ble79037 - INFO - Collected 10 forms
[ 2024-04-28 23:37:13,034 ] 91 ble79037 - INFO - Collected 10 forms
[ 2024-04-28 23:37:13,161 ] 91 ble79037 - INFO - Number of filtered forms left is: 5 form(s)
[ 2024-04-28 23:37:13,161 ] 91 ble79037 - INFO - Number of filtered forms left is: 5 form(s)
[ 2024-04-28 23:37:13,161 ] 91 ble79037 - INFO - Number of filtered forms left is: 5 form(s)
[ 2024-04-28 23:37:13,162 ] 91 ble79037 - INFO - 05月13日(月) 13:30[東三]外国免許切替一次審査 Tosan Exchanging Foreign Driver's License 1st Exam -  - 2024年04月29日 07時30分 - 2024年05月09日 12時00分 - 95433 - https://www.shinsei.e-aichi.jp/pref-aichi-police-u/offer/offerList_detailTop?tempSeq=95433 - True
[ 2024-04-28 23:37:13,162 ] 91 ble79037 - INFO - 05月13日(月) 13:30[東三]外国免許切替一次審査 Tosan Exchanging Foreign Driver's License 1st Exam -  - 2024年04月29日 07時30分 - 2024年05月09日 12時00分 - 95433 - https://www.shinsei.e-aichi.jp/pref-aichi-police-u/offer/offerList_detailTop?tempSeq=95433 - True
[ 2024-04-28 23:37:13,162 ] 91 ble79037 - INFO - 05月13日(月) 13:30[東三]外国免許切替一次審査 Tosan Exchanging Foreign Driver's License 1st Exam -  - 2024年04月29日 07時30分 - 2024年05月09日 12時00分 - 95433 - https://www.shinsei.e-aichi.jp/pref-aichi-police-u/offer/offerList_detailTop?tempSeq=95433 - True
[ 2024-04-28 23:37:13,162 ] 91 ble79037 - INFO - 05月14日(火) 13:30[東三]外国免許切替一次審査 Tosan Exchanging Foreign Driver's License 1st Exam -  - 2024年04月29日 07時30分 - 2024年05月10日 12時00分 - 95435 - https://www.shinsei.e-aichi.jp/pref-aichi-police-u/offer/offerList_detailTop?tempSeq=95435 - True
[ 2024-04-28 23:37:13,162 ] 91 ble79037 - INFO - 05月14日(火) 13:30[東三]外国免許切替一次審査 Tosan Exchanging Foreign Driver's License 1st Exam -  - 2024年04月29日 07時30分 - 2024年05月10日 12時00分 - 95435 - https://www.shinsei.e-aichi.jp/pref-aichi-police-u/offer/offerList_detailTop?tempSeq=95435 - True
[ 2024-04-28 23:37:13,162 ] 91 ble79037 - INFO - 05月14日(火) 13:30[東三]外国免許切替一次審査 Tosan Exchanging Foreign Driver's License 1st Exam -  - 2024年04月29日 07時30分 - 2024年05月10日 12時00分 - 95435 - https://www.shinsei.e-aichi.jp/pref-aichi-police-u/offer/offerList_detailTop?tempSeq=95435 - True
[ 2024-04-28 23:37:13,162 ] 91 ble79037 - INFO - 05月15日(水) 13:30[東三]外国免許切替一次審査 Tosan Exchanging Foreign Driver's License 1st Exam -  - 2024年04月29日 07時30分 - 2024年05月13日 12時00分 - 95438 - https://www.shinsei.e-aichi.jp/pref-aichi-police-u/offer/offerList_detailTop?tempSeq=95438 - True
[ 2024-04-28 23:37:13,162 ] 91 ble79037 - INFO - 05月15日(水) 13:30[東三]外国免許切替一次審査 Tosan Exchanging Foreign Driver's License 1st Exam -  - 2024年04月29日 07時30分 - 2024年05月13日 12時00分 - 95438 - https://www.shinsei.e-aichi.jp/pref-aichi-police-u/offer/offerList_detailTop?tempSeq=95438 - True
[ 2024-04-28 23:37:13,162 ] 91 ble79037 - INFO - 05月15日(水) 13:30[東三]外国免許切替一次審査 Tosan Exchanging Foreign Driver's License 1st Exam -  - 2024年04月29日 07時30分 - 2024年05月13日 12時00分 - 95438 - https://www.shinsei.e-aichi.jp/pref-aichi-police-u/offer/offerList_detailTop?tempSeq=95438 - True
[ 2024-04-28 23:37:13,162 ] 91 ble79037 - INFO - 05月16日(木) 13:30[東三]外国免許切替一次審査 Tosan Exchanging Foreign Driver's License 1st Exam -  - 2024年04月29日 07時30分 - 2024年05月14日 12時00分 - 95440 - https://www.shinsei.e-aichi.jp/pref-aichi-police-u/offer/offerList_detailTop?tempSeq=95440 - True
[ 2024-04-28 23:37:13,162 ] 91 ble79037 - INFO - 05月16日(木) 13:30[東三]外国免許切替一次審査 Tosan Exchanging Foreign Driver's License 1st Exam -  - 2024年04月29日 07時30分 - 2024年05月14日 12時00分 - 95440 - https://www.shinsei.e-aichi.jp/pref-aichi-police-u/offer/offerList_detailTop?tempSeq=95440 - True
[ 2024-04-28 23:37:13,162 ] 91 ble79037 - INFO - 05月16日(木) 13:30[東三]外国免許切替一次審査 Tosan Exchanging Foreign Driver's License 1st Exam -  - 2024年04月29日 07時30分 - 2024年05月14日 12時00分 - 95440 - https://www.shinsei.e-aichi.jp/pref-aichi-police-u/offer/offerList_detailTop?tempSeq=95440 - True
[ 2024-04-28 23:37:13,163 ] 91 ble79037 - INFO - 05月17日(金) 13:30[東三]外国免許切替一次審査 Tosan Exchanging Foreign Driver's License 1st Exam -  - 2024年04月29日 07時30分 - 2024年05月15日 12時00分 - 95441 - https://www.shinsei.e-aichi.jp/pref-aichi-police-u/offer/offerList_detailTop?tempSeq=95441 - True
[ 2024-04-28 23:37:13,163 ] 91 ble79037 - INFO - 05月17日(金) 13:30[東三]外国免許切替一次審査 Tosan Exchanging Foreign Driver's License 1st Exam -  - 2024年04月29日 07時30分 - 2024年05月15日 12時00分 - 95441 - https://www.shinsei.e-aichi.jp/pref-aichi-police-u/offer/offerList_detailTop?tempSeq=95441 - True
[ 2024-04-28 23:37:13,163 ] 91 ble79037 - INFO - 05月17日(金) 13:30[東三]外国免許切替一次審査 Tosan Exchanging Foreign Driver's License 1st Exam -  - 2024年04月29日 07時30分 - 2024年05月15日 12時00分 - 95441 - https://www.shinsei.e-aichi.jp/pref-aichi-police-u/offer/offerList_detailTop?tempSeq=95441 - True
[ 2024-04-28 23:37:13,163 ] 91 ble79037 - INFO - Accessing form, template sequence: 95441
[ 2024-04-28 23:37:13,163 ] 91 ble79037 - INFO - Accessing form, template sequence: 95441
[ 2024-04-28 23:37:13,163 ] 91 ble79037 - INFO - Accessing form, template sequence: 95441
[ 2024-04-28 23:37:13,163 ] 91 ble79037 - INFO - Form URL: https://www.shinsei.e-aichi.jp/pref-aichi-police-u/offer/offerList_detailTop?tempSeq=95441
[ 2024-04-28 23:37:13,163 ] 91 ble79037 - INFO - Form URL: https://www.shinsei.e-aichi.jp/pref-aichi-police-u/offer/offerList_detailTop?tempSeq=95441
[ 2024-04-28 23:37:13,163 ] 91 ble79037 - INFO - Form URL: https://www.shinsei.e-aichi.jp/pref-aichi-police-u/offer/offerList_detailTop?tempSeq=95441
[ 2024-04-28 23:37:18,855 ] 91 ble79037 - INFO - Accessed form successfully
[ 2024-04-28 23:37:18,855 ] 91 ble79037 - INFO - Accessed form successfully
[ 2024-04-28 23:37:18,855 ] 91 ble79037 - INFO - Accessed form successfully
[ 2024-04-28 23:37:18,864 ] 91 ble79037 - INFO - Form message: 申込期間ではありません。
[ 2024-04-28 23:37:18,864 ] 91 ble79037 - INFO - Form message: 申込期間ではありません。
[ 2024-04-28 23:37:18,864 ] 91 ble79037 - INFO - Form message: 申込期間ではありません。
[ 2024-04-28 23:37:18,865 ] 91 ble79037 - INFO - Refreshing page to check availability trial number 1, template sequence: 95441
[ 2024-04-28 23:37:18,865 ] 91 ble79037 - INFO - Refreshing page to check availability trial number 1, template sequence: 95441
[ 2024-04-28 23:37:18,865 ] 91 ble79037 - INFO - Refreshing page to check availability trial number 1, template sequence: 95441
[ 2024-04-28 23:37:20,175 ] 91 ble79037 - INFO - Form message: 申込期間ではありません。
[ 2024-04-28 23:37:20,175 ] 91 ble79037 - INFO - Form message: 申込期間ではありません。
[ 2024-04-28 23:37:20,175 ] 91 ble79037 - INFO - Form message: 申込期間ではありません。
[ 2024-04-28 23:37:20,175 ] 91 ble79037 - INFO - Refreshing page to check availability trial number 2, template sequence: 95441
[ 2024-04-28 23:37:20,175 ] 91 ble79037 - INFO - Refreshing page to check availability trial number 2, template sequence: 95441
[ 2024-04-28 23:37:20,175 ] 91 ble79037 - INFO - Refreshing page to check availability trial number 2, template sequence: 95441
[ 2024-04-28 23:37:21,817 ] 91 ble79037 - INFO - Form message: 申込期間ではありません。
[ 2024-04-28 23:37:21,817 ] 91 ble79037 - INFO - Form message: 申込期間ではありません。
[ 2024-04-28 23:37:21,817 ] 91 ble79037 - INFO - Form message: 申込期間ではありません。
[ 2024-04-28 23:37:21,817 ] 91 ble79037 - INFO - Refreshing page to check availability trial number 3, template sequence: 95441
[ 2024-04-28 23:37:21,817 ] 91 ble79037 - INFO - Refreshing page to check availability trial number 3, template sequence: 95441
[ 2024-04-28 23:37:21,817 ] 91 ble79037 - INFO - Refreshing page to check availability trial number 3, template sequence: 95441
[ 2024-04-28 23:37:23,429 ] 91 ble79037 - INFO - Form message: 申込期間ではありません。
[ 2024-04-28 23:37:23,429 ] 91 ble79037 - INFO - Form message: 申込期間ではありません。
[ 2024-04-28 23:37:23,429 ] 91 ble79037 - INFO - Form message: 申込期間ではありません。
[ 2024-04-28 23:37:23,429 ] 91 ble79037 - INFO - Refreshing page to check availability trial number 4, template sequence: 95441
[ 2024-04-28 23:37:23,429 ] 91 ble79037 - INFO - Refreshing page to check availability trial number 4, template sequence: 95441
[ 2024-04-28 23:37:23,429 ] 91 ble79037 - INFO - Refreshing page to check availability trial number 4, template sequence: 95441
[ 2024-04-28 23:37:24,780 ] 91 ble79037 - INFO - Form message: 申込期間ではありません。
[ 2024-04-28 23:37:24,780 ] 91 ble79037 - INFO - Form message: 申込期間ではありません。
[ 2024-04-28 23:37:24,780 ] 91 ble79037 - INFO - Form message: 申込期間ではありません。
[ 2024-04-28 23:37:24,781 ] 91 ble79037 - INFO - Refreshing page to check availability trial number 5, template sequence: 95441
[ 2024-04-28 23:37:24,781 ] 91 ble79037 - INFO - Refreshing page to check availability trial number 5, template sequence: 95441
[ 2024-04-28 23:37:24,781 ] 91 ble79037 - INFO - Refreshing page to check availability trial number 5, template sequence: 95441
[ 2024-04-28 23:37:26,200 ] 91 ble79037 - INFO - Form message: 申込期間ではありません。
[ 2024-04-28 23:37:26,200 ] 91 ble79037 - INFO - Form message: 申込期間ではありません。
[ 2024-04-28 23:37:26,200 ] 91 ble79037 - INFO - Form message: 申込期間ではありません。
[ 2024-04-28 23:37:26,200 ] 91 ble79037 - INFO - Refreshing page to check availability trial number 6, template sequence: 95441
[ 2024-04-28 23:37:26,200 ] 91 ble79037 - INFO - Refreshing page to check availability trial number 6, template sequence: 95441
[ 2024-04-28 23:37:26,200 ] 91 ble79037 - INFO - Refreshing page to check availability trial number 6, template sequence: 95441
[ 2024-04-28 23:37:27,910 ] 91 ble79037 - INFO - Form message: 申込期間ではありません。
[ 2024-04-28 23:37:27,910 ] 91 ble79037 - INFO - Form message: 申込期間ではありません。
[ 2024-04-28 23:37:27,910 ] 91 ble79037 - INFO - Form message: 申込期間ではありません。
[ 2024-04-28 23:37:27,911 ] 91 ble79037 - INFO - Refreshing page to check availability trial number 7, template sequence: 95441
[ 2024-04-28 23:37:27,911 ] 91 ble79037 - INFO - Refreshing page to check availability trial number 7, template sequence: 95441
[ 2024-04-28 23:37:27,911 ] 91 ble79037 - INFO - Refreshing page to check availability trial number 7, template sequence: 95441
[ 2024-04-28 23:37:29,534 ] 91 ble79037 - INFO - Form message: 申込期間ではありません。
[ 2024-04-28 23:37:29,534 ] 91 ble79037 - INFO - Form message: 申込期間ではありません。
[ 2024-04-28 23:37:29,534 ] 91 ble79037 - INFO - Form message: 申込期間ではありません。
[ 2024-04-28 23:37:29,535 ] 91 ble79037 - INFO - Refreshing page to check availability trial number 8, template sequence: 95441
[ 2024-04-28 23:37:29,535 ] 91 ble79037 - INFO - Refreshing page to check availability trial number 8, template sequence: 95441
[ 2024-04-28 23:37:29,535 ] 91 ble79037 - INFO - Refreshing page to check availability trial number 8, template sequence: 95441
