[ 2024-04-28 23:36:59,460 ] 91 main_controller - INFO - Subprocess 0 started with trial number 0
[ 2024-04-28 23:36:59,460 ] 91 main_controller - ERROR - Account is a dictionary, convert to Account object: Username: nihahi50@gmail.com, Password: hoahong1234
[ 2024-04-28 23:37:01,378 ] 91 main_controller - INFO - Browser opened
[ 2024-04-28 23:37:01,474 ] 91 main_controller - INFO - Subprocess 1 started with trial number 0
[ 2024-04-28 23:37:01,474 ] 91 main_controller - INFO - Subprocess 1 started with trial number 0
[ 2024-04-28 23:37:01,474 ] 91 main_controller - ERROR - Account is a dictionary, convert to Account object: Username: ble79037@gmail.com, Password: hoahong1234
[ 2024-04-28 23:37:01,474 ] 91 main_controller - ERROR - Account is a dictionary, convert to Account object: Username: ble79037@gmail.com, Password: hoahong1234
[ 2024-04-28 23:37:02,252 ] 91 main_controller - INFO - Browser opened
[ 2024-04-28 23:37:02,252 ] 91 main_controller - INFO - Browser opened
[ 2024-04-28 23:37:03,482 ] 91 main_controller - INFO - Subprocess 2 started with trial number 0
[ 2024-04-28 23:37:03,482 ] 91 main_controller - INFO - Subprocess 2 started with trial number 0
[ 2024-04-28 23:37:03,482 ] 91 main_controller - INFO - Subprocess 2 started with trial number 0
[ 2024-04-28 23:37:03,482 ] 91 main_controller - ERROR - Account is a dictionary, convert to Account object: Username: benemmai380@gmail.com, Password: hoahong1234
[ 2024-04-28 23:37:03,482 ] 91 main_controller - ERROR - Account is a dictionary, convert to Account object: Username: benemmai380@gmail.com, Password: hoahong1234
[ 2024-04-28 23:37:03,482 ] 91 main_controller - ERROR - Account is a dictionary, convert to Account object: Username: benemmai380@gmail.com, Password: hoahong1234
[ 2024-04-28 23:37:04,268 ] 91 main_controller - INFO - Browser opened
[ 2024-04-28 23:37:04,268 ] 91 main_controller - INFO - Browser opened
[ 2024-04-28 23:37:04,268 ] 91 main_controller - INFO - Browser opened
[ 2024-04-28 23:37:05,487 ] 91 main_controller - INFO - Subprocess 3 started with trial number 0
[ 2024-04-28 23:37:05,487 ] 91 main_controller - INFO - Subprocess 3 started with trial number 0
[ 2024-04-28 23:37:05,487 ] 91 main_controller - INFO - Subprocess 3 started with trial number 0
[ 2024-04-28 23:37:05,487 ] 91 main_controller - INFO - Subprocess 3 started with trial number 0
[ 2024-04-28 23:37:05,487 ] 91 main_controller - ERROR - Account is a dictionary, convert to Account object: Username: leongnardo12@gmail.com, Password: hoahong1234
[ 2024-04-28 23:37:05,487 ] 91 main_controller - ERROR - Account is a dictionary, convert to Account object: Username: leongnardo12@gmail.com, Password: hoahong1234
[ 2024-04-28 23:37:05,487 ] 91 main_controller - ERROR - Account is a dictionary, convert to Account object: Username: leongnardo12@gmail.com, Password: hoahong1234
[ 2024-04-28 23:37:05,487 ] 91 main_controller - ERROR - Account is a dictionary, convert to Account object: Username: leongnardo12@gmail.com, Password: hoahong1234
[ 2024-04-28 23:37:06,213 ] 91 main_controller - INFO - Browser opened
[ 2024-04-28 23:37:06,213 ] 91 main_controller - INFO - Browser opened
[ 2024-04-28 23:37:06,213 ] 91 main_controller - INFO - Browser opened
[ 2024-04-28 23:37:06,213 ] 91 main_controller - INFO - Browser opened
[ 2024-04-28 23:37:10,974 ] 91 main_controller - INFO - Logged in successfully
[ 2024-04-28 23:37:10,974 ] 91 main_controller - INFO - Logged in successfully
[ 2024-04-28 23:37:10,974 ] 91 main_controller - INFO - Logged in successfully
[ 2024-04-28 23:37:10,974 ] 91 main_controller - INFO - Logged in successfully
[ 2024-04-28 23:37:11,083 ] 91 main_controller - INFO - Screenshot saved to D:\luthien\code\Achi.Tool\AichiSelenium\logs\2024_04_28\23_36_58\screenshot_nihahi50.png
[ 2024-04-28 23:37:11,083 ] 91 main_controller - INFO - Screenshot saved to D:\luthien\code\Achi.Tool\AichiSelenium\logs\2024_04_28\23_36_58\screenshot_nihahi50.png
[ 2024-04-28 23:37:11,083 ] 91 main_controller - INFO - Screenshot saved to D:\luthien\code\Achi.Tool\AichiSelenium\logs\2024_04_28\23_36_58\screenshot_nihahi50.png
[ 2024-04-28 23:37:11,083 ] 91 main_controller - INFO - Screenshot saved to D:\luthien\code\Achi.Tool\AichiSelenium\logs\2024_04_28\23_36_58\screenshot_nihahi50.png
[ 2024-04-28 23:37:11,083 ] 91 main_controller - INFO - Finding forms
[ 2024-04-28 23:37:11,083 ] 91 main_controller - INFO - Finding forms
[ 2024-04-28 23:37:11,083 ] 91 main_controller - INFO - Finding forms
[ 2024-04-28 23:37:11,083 ] 91 main_controller - INFO - Finding forms
[ 2024-04-28 23:37:11,534 ] 91 main_controller - INFO - Logged in successfully
[ 2024-04-28 23:37:11,534 ] 91 main_controller - INFO - Logged in successfully
[ 2024-04-28 23:37:11,534 ] 91 main_controller - INFO - Logged in successfully
[ 2024-04-28 23:37:11,534 ] 91 main_controller - INFO - Logged in successfully
[ 2024-04-28 23:37:11,672 ] 91 main_controller - INFO - Screenshot saved to D:\luthien\code\Achi.Tool\AichiSelenium\logs\2024_04_28\23_36_58\screenshot_ble79037.png
[ 2024-04-28 23:37:11,672 ] 91 main_controller - INFO - Screenshot saved to D:\luthien\code\Achi.Tool\AichiSelenium\logs\2024_04_28\23_36_58\screenshot_ble79037.png
[ 2024-04-28 23:37:11,672 ] 91 main_controller - INFO - Screenshot saved to D:\luthien\code\Achi.Tool\AichiSelenium\logs\2024_04_28\23_36_58\screenshot_ble79037.png
[ 2024-04-28 23:37:11,672 ] 91 main_controller - INFO - Screenshot saved to D:\luthien\code\Achi.Tool\AichiSelenium\logs\2024_04_28\23_36_58\screenshot_ble79037.png
[ 2024-04-28 23:37:11,672 ] 91 main_controller - INFO - Finding forms
[ 2024-04-28 23:37:11,672 ] 91 main_controller - INFO - Finding forms
[ 2024-04-28 23:37:11,672 ] 91 main_controller - INFO - Finding forms
[ 2024-04-28 23:37:11,672 ] 91 main_controller - INFO - Finding forms
[ 2024-04-28 23:37:12,950 ] 91 main_controller - INFO - Found 5 form(s)
[ 2024-04-28 23:37:12,950 ] 91 main_controller - INFO - Found 5 form(s)
[ 2024-04-28 23:37:12,950 ] 91 main_controller - INFO - Found 5 form(s)
[ 2024-04-28 23:37:12,950 ] 91 main_controller - INFO - Found 5 form(s)
[ 2024-04-28 23:37:12,950 ] 91 main_controller - INFO - Customers: None
[ 2024-04-28 23:37:12,950 ] 91 main_controller - INFO - Customers: None
[ 2024-04-28 23:37:12,950 ] 91 main_controller - INFO - Customers: None
[ 2024-04-28 23:37:12,950 ] 91 main_controller - INFO - Customers: None
[ 2024-04-28 23:37:13,163 ] 91 main_controller - INFO - Found 5 form(s)
[ 2024-04-28 23:37:13,163 ] 91 main_controller - INFO - Found 5 form(s)
[ 2024-04-28 23:37:13,163 ] 91 main_controller - INFO - Found 5 form(s)
[ 2024-04-28 23:37:13,163 ] 91 main_controller - INFO - Found 5 form(s)
[ 2024-04-28 23:37:13,163 ] 91 main_controller - INFO - Customers: None
[ 2024-04-28 23:37:13,163 ] 91 main_controller - INFO - Customers: None
[ 2024-04-28 23:37:13,163 ] 91 main_controller - INFO - Customers: None
[ 2024-04-28 23:37:13,163 ] 91 main_controller - INFO - Customers: None
[ 2024-04-28 23:37:13,492 ] 91 main_controller - INFO - Logged in successfully
[ 2024-04-28 23:37:13,492 ] 91 main_controller - INFO - Logged in successfully
[ 2024-04-28 23:37:13,492 ] 91 main_controller - INFO - Logged in successfully
[ 2024-04-28 23:37:13,492 ] 91 main_controller - INFO - Logged in successfully
[ 2024-04-28 23:37:13,600 ] 91 main_controller - INFO - Screenshot saved to D:\luthien\code\Achi.Tool\AichiSelenium\logs\2024_04_28\23_36_58\screenshot_benemmai380.png
[ 2024-04-28 23:37:13,600 ] 91 main_controller - INFO - Screenshot saved to D:\luthien\code\Achi.Tool\AichiSelenium\logs\2024_04_28\23_36_58\screenshot_benemmai380.png
[ 2024-04-28 23:37:13,600 ] 91 main_controller - INFO - Screenshot saved to D:\luthien\code\Achi.Tool\AichiSelenium\logs\2024_04_28\23_36_58\screenshot_benemmai380.png
[ 2024-04-28 23:37:13,600 ] 91 main_controller - INFO - Screenshot saved to D:\luthien\code\Achi.Tool\AichiSelenium\logs\2024_04_28\23_36_58\screenshot_benemmai380.png
[ 2024-04-28 23:37:13,600 ] 91 main_controller - INFO - Finding forms
[ 2024-04-28 23:37:13,600 ] 91 main_controller - INFO - Finding forms
[ 2024-04-28 23:37:13,600 ] 91 main_controller - INFO - Finding forms
[ 2024-04-28 23:37:13,600 ] 91 main_controller - INFO - Finding forms
[ 2024-04-28 23:37:15,352 ] 91 main_controller - INFO - Found 5 form(s)
[ 2024-04-28 23:37:15,352 ] 91 main_controller - INFO - Found 5 form(s)
[ 2024-04-28 23:37:15,352 ] 91 main_controller - INFO - Found 5 form(s)
[ 2024-04-28 23:37:15,352 ] 91 main_controller - INFO - Found 5 form(s)
[ 2024-04-28 23:37:15,352 ] 91 main_controller - INFO - Customers: None
[ 2024-04-28 23:37:15,352 ] 91 main_controller - INFO - Customers: None
[ 2024-04-28 23:37:15,352 ] 91 main_controller - INFO - Customers: None
[ 2024-04-28 23:37:15,352 ] 91 main_controller - INFO - Customers: None
[ 2024-04-28 23:37:15,560 ] 91 main_controller - INFO - Logged in successfully
[ 2024-04-28 23:37:15,560 ] 91 main_controller - INFO - Logged in successfully
[ 2024-04-28 23:37:15,560 ] 91 main_controller - INFO - Logged in successfully
[ 2024-04-28 23:37:15,560 ] 91 main_controller - INFO - Logged in successfully
[ 2024-04-28 23:37:15,681 ] 91 main_controller - INFO - Screenshot saved to D:\luthien\code\Achi.Tool\AichiSelenium\logs\2024_04_28\23_36_58\screenshot_leongnardo12.png
[ 2024-04-28 23:37:15,681 ] 91 main_controller - INFO - Screenshot saved to D:\luthien\code\Achi.Tool\AichiSelenium\logs\2024_04_28\23_36_58\screenshot_leongnardo12.png
[ 2024-04-28 23:37:15,681 ] 91 main_controller - INFO - Screenshot saved to D:\luthien\code\Achi.Tool\AichiSelenium\logs\2024_04_28\23_36_58\screenshot_leongnardo12.png
[ 2024-04-28 23:37:15,681 ] 91 main_controller - INFO - Screenshot saved to D:\luthien\code\Achi.Tool\AichiSelenium\logs\2024_04_28\23_36_58\screenshot_leongnardo12.png
[ 2024-04-28 23:37:15,682 ] 91 main_controller - INFO - Finding forms
[ 2024-04-28 23:37:15,682 ] 91 main_controller - INFO - Finding forms
[ 2024-04-28 23:37:15,682 ] 91 main_controller - INFO - Finding forms
[ 2024-04-28 23:37:15,682 ] 91 main_controller - INFO - Finding forms
[ 2024-04-28 23:37:17,420 ] 91 main_controller - INFO - Found 5 form(s)
[ 2024-04-28 23:37:17,420 ] 91 main_controller - INFO - Found 5 form(s)
[ 2024-04-28 23:37:17,420 ] 91 main_controller - INFO - Found 5 form(s)
[ 2024-04-28 23:37:17,420 ] 91 main_controller - INFO - Found 5 form(s)
[ 2024-04-28 23:37:17,420 ] 91 main_controller - INFO - Customers: None
[ 2024-04-28 23:37:17,420 ] 91 main_controller - INFO - Customers: None
[ 2024-04-28 23:37:17,420 ] 91 main_controller - INFO - Customers: None
[ 2024-04-28 23:37:17,420 ] 91 main_controller - INFO - Customers: None
