[ 2024-04-29 05:29:17,549 ] 91 main_controller - INFO - Subprocess 0 started with trial number 0
[ 2024-04-29 05:29:17,549 ] 91 main_controller - ERROR - Account is a dictionary, convert to Account object: Username: nihahi50@gmail.com, Password: hoahong1234
[ 2024-04-29 05:29:19,558 ] 91 main_controller - INFO - Subprocess 1 started with trial number 0
[ 2024-04-29 05:29:19,558 ] 91 main_controller - INFO - Subprocess 1 started with trial number 0
[ 2024-04-29 05:29:19,558 ] 91 main_controller - ERROR - Account is a dictionary, convert to Account object: Username: ble79037@gmail.com, Password: hoahong1234
[ 2024-04-29 05:29:19,558 ] 91 main_controller - ERROR - Account is a dictionary, convert to Account object: Username: ble79037@gmail.com, Password: hoahong1234
[ 2024-04-29 05:29:20,566 ] 91 main_controller - INFO - Browser opened
[ 2024-04-29 05:29:20,566 ] 91 main_controller - INFO - Browser opened
[ 2024-04-29 05:29:21,115 ] 91 main_controller - INFO - Browser opened
[ 2024-04-29 05:29:21,115 ] 91 main_controller - INFO - Browser opened
[ 2024-04-29 05:29:21,570 ] 91 main_controller - INFO - Subprocess 2 started with trial number 0
[ 2024-04-29 05:29:21,570 ] 91 main_controller - INFO - Subprocess 2 started with trial number 0
[ 2024-04-29 05:29:21,570 ] 91 main_controller - INFO - Subprocess 2 started with trial number 0
[ 2024-04-29 05:29:21,570 ] 91 main_controller - ERROR - Account is a dictionary, convert to Account object: Username: benemmai380@gmail.com, Password: hoahong1234
[ 2024-04-29 05:29:21,570 ] 91 main_controller - ERROR - Account is a dictionary, convert to Account object: Username: benemmai380@gmail.com, Password: hoahong1234
[ 2024-04-29 05:29:21,570 ] 91 main_controller - ERROR - Account is a dictionary, convert to Account object: Username: benemmai380@gmail.com, Password: hoahong1234
[ 2024-04-29 05:29:22,307 ] 91 main_controller - INFO - Browser opened
[ 2024-04-29 05:29:22,307 ] 91 main_controller - INFO - Browser opened
[ 2024-04-29 05:29:22,307 ] 91 main_controller - INFO - Browser opened
[ 2024-04-29 05:29:23,585 ] 91 main_controller - INFO - Subprocess 3 started with trial number 0
[ 2024-04-29 05:29:23,585 ] 91 main_controller - INFO - Subprocess 3 started with trial number 0
[ 2024-04-29 05:29:23,585 ] 91 main_controller - INFO - Subprocess 3 started with trial number 0
[ 2024-04-29 05:29:23,585 ] 91 main_controller - INFO - Subprocess 3 started with trial number 0
[ 2024-04-29 05:29:23,585 ] 91 main_controller - ERROR - Account is a dictionary, convert to Account object: Username: leongnardo12@gmail.com, Password: hoahong1234
[ 2024-04-29 05:29:23,585 ] 91 main_controller - ERROR - Account is a dictionary, convert to Account object: Username: leongnardo12@gmail.com, Password: hoahong1234
[ 2024-04-29 05:29:23,585 ] 91 main_controller - ERROR - Account is a dictionary, convert to Account object: Username: leongnardo12@gmail.com, Password: hoahong1234
[ 2024-04-29 05:29:23,585 ] 91 main_controller - ERROR - Account is a dictionary, convert to Account object: Username: leongnardo12@gmail.com, Password: hoahong1234
[ 2024-04-29 05:29:24,337 ] 91 main_controller - INFO - Browser opened
[ 2024-04-29 05:29:24,337 ] 91 main_controller - INFO - Browser opened
[ 2024-04-29 05:29:24,337 ] 91 main_controller - INFO - Browser opened
[ 2024-04-29 05:29:24,337 ] 91 main_controller - INFO - Browser opened
[ 2024-04-29 05:29:40,047 ] 91 main_controller - INFO - Logged in successfully
[ 2024-04-29 05:29:40,047 ] 91 main_controller - INFO - Logged in successfully
[ 2024-04-29 05:29:40,047 ] 91 main_controller - INFO - Logged in successfully
[ 2024-04-29 05:29:40,047 ] 91 main_controller - INFO - Logged in successfully
[ 2024-04-29 05:29:40,151 ] 91 main_controller - INFO - Screenshot saved to D:\luthien\code\Achi.Tool\AichiSelenium\logs\2024_04_29\05_29_16\screenshot_benemmai380.png
[ 2024-04-29 05:29:40,151 ] 91 main_controller - INFO - Screenshot saved to D:\luthien\code\Achi.Tool\AichiSelenium\logs\2024_04_29\05_29_16\screenshot_benemmai380.png
[ 2024-04-29 05:29:40,151 ] 91 main_controller - INFO - Screenshot saved to D:\luthien\code\Achi.Tool\AichiSelenium\logs\2024_04_29\05_29_16\screenshot_benemmai380.png
[ 2024-04-29 05:29:40,151 ] 91 main_controller - INFO - Screenshot saved to D:\luthien\code\Achi.Tool\AichiSelenium\logs\2024_04_29\05_29_16\screenshot_benemmai380.png
[ 2024-04-29 05:29:40,151 ] 91 main_controller - INFO - Finding forms
[ 2024-04-29 05:29:40,151 ] 91 main_controller - INFO - Finding forms
[ 2024-04-29 05:29:40,151 ] 91 main_controller - INFO - Finding forms
[ 2024-04-29 05:29:40,151 ] 91 main_controller - INFO - Finding forms
[ 2024-04-29 05:29:40,700 ] 91 main_controller - INFO - Logged in successfully
[ 2024-04-29 05:29:40,700 ] 91 main_controller - INFO - Logged in successfully
[ 2024-04-29 05:29:40,700 ] 91 main_controller - INFO - Logged in successfully
[ 2024-04-29 05:29:40,700 ] 91 main_controller - INFO - Logged in successfully
[ 2024-04-29 05:29:40,808 ] 91 main_controller - INFO - Screenshot saved to D:\luthien\code\Achi.Tool\AichiSelenium\logs\2024_04_29\05_29_16\screenshot_nihahi50.png
[ 2024-04-29 05:29:40,808 ] 91 main_controller - INFO - Screenshot saved to D:\luthien\code\Achi.Tool\AichiSelenium\logs\2024_04_29\05_29_16\screenshot_nihahi50.png
[ 2024-04-29 05:29:40,808 ] 91 main_controller - INFO - Screenshot saved to D:\luthien\code\Achi.Tool\AichiSelenium\logs\2024_04_29\05_29_16\screenshot_nihahi50.png
[ 2024-04-29 05:29:40,808 ] 91 main_controller - INFO - Screenshot saved to D:\luthien\code\Achi.Tool\AichiSelenium\logs\2024_04_29\05_29_16\screenshot_nihahi50.png
[ 2024-04-29 05:29:40,808 ] 91 main_controller - INFO - Finding forms
[ 2024-04-29 05:29:40,808 ] 91 main_controller - INFO - Finding forms
[ 2024-04-29 05:29:40,808 ] 91 main_controller - INFO - Finding forms
[ 2024-04-29 05:29:40,808 ] 91 main_controller - INFO - Finding forms
[ 2024-04-29 05:29:41,009 ] 91 main_controller - INFO - Logged in successfully
[ 2024-04-29 05:29:41,009 ] 91 main_controller - INFO - Logged in successfully
[ 2024-04-29 05:29:41,009 ] 91 main_controller - INFO - Logged in successfully
[ 2024-04-29 05:29:41,009 ] 91 main_controller - INFO - Logged in successfully
[ 2024-04-29 05:29:41,122 ] 91 main_controller - INFO - Screenshot saved to D:\luthien\code\Achi.Tool\AichiSelenium\logs\2024_04_29\05_29_16\screenshot_ble79037.png
[ 2024-04-29 05:29:41,122 ] 91 main_controller - INFO - Screenshot saved to D:\luthien\code\Achi.Tool\AichiSelenium\logs\2024_04_29\05_29_16\screenshot_ble79037.png
[ 2024-04-29 05:29:41,122 ] 91 main_controller - INFO - Screenshot saved to D:\luthien\code\Achi.Tool\AichiSelenium\logs\2024_04_29\05_29_16\screenshot_ble79037.png
[ 2024-04-29 05:29:41,122 ] 91 main_controller - INFO - Screenshot saved to D:\luthien\code\Achi.Tool\AichiSelenium\logs\2024_04_29\05_29_16\screenshot_ble79037.png
[ 2024-04-29 05:29:41,123 ] 91 main_controller - INFO - Finding forms
[ 2024-04-29 05:29:41,123 ] 91 main_controller - INFO - Finding forms
[ 2024-04-29 05:29:41,123 ] 91 main_controller - INFO - Finding forms
[ 2024-04-29 05:29:41,123 ] 91 main_controller - INFO - Finding forms
[ 2024-04-29 05:29:42,557 ] 91 main_controller - INFO - Logged in successfully
[ 2024-04-29 05:29:42,557 ] 91 main_controller - INFO - Logged in successfully
[ 2024-04-29 05:29:42,557 ] 91 main_controller - INFO - Logged in successfully
[ 2024-04-29 05:29:42,557 ] 91 main_controller - INFO - Logged in successfully
[ 2024-04-29 05:29:42,660 ] 91 main_controller - INFO - Screenshot saved to D:\luthien\code\Achi.Tool\AichiSelenium\logs\2024_04_29\05_29_16\screenshot_leongnardo12.png
[ 2024-04-29 05:29:42,660 ] 91 main_controller - INFO - Screenshot saved to D:\luthien\code\Achi.Tool\AichiSelenium\logs\2024_04_29\05_29_16\screenshot_leongnardo12.png
[ 2024-04-29 05:29:42,660 ] 91 main_controller - INFO - Screenshot saved to D:\luthien\code\Achi.Tool\AichiSelenium\logs\2024_04_29\05_29_16\screenshot_leongnardo12.png
[ 2024-04-29 05:29:42,660 ] 91 main_controller - INFO - Screenshot saved to D:\luthien\code\Achi.Tool\AichiSelenium\logs\2024_04_29\05_29_16\screenshot_leongnardo12.png
[ 2024-04-29 05:29:42,660 ] 91 main_controller - INFO - Finding forms
[ 2024-04-29 05:29:42,660 ] 91 main_controller - INFO - Finding forms
[ 2024-04-29 05:29:42,660 ] 91 main_controller - INFO - Finding forms
[ 2024-04-29 05:29:42,660 ] 91 main_controller - INFO - Finding forms
[ 2024-04-29 05:29:45,467 ] 91 main_controller - INFO - Found 5 form(s)
[ 2024-04-29 05:29:45,467 ] 91 main_controller - INFO - Found 5 form(s)
[ 2024-04-29 05:29:45,467 ] 91 main_controller - INFO - Found 5 form(s)
[ 2024-04-29 05:29:45,467 ] 91 main_controller - INFO - Found 5 form(s)
[ 2024-04-29 05:29:45,468 ] 91 main_controller - INFO - Customers: None
[ 2024-04-29 05:29:45,468 ] 91 main_controller - INFO - Customers: None
[ 2024-04-29 05:29:45,468 ] 91 main_controller - INFO - Customers: None
[ 2024-04-29 05:29:45,468 ] 91 main_controller - INFO - Customers: None
[ 2024-04-29 05:29:45,853 ] 91 main_controller - INFO - Found 5 form(s)
[ 2024-04-29 05:29:45,853 ] 91 main_controller - INFO - Found 5 form(s)
[ 2024-04-29 05:29:45,853 ] 91 main_controller - INFO - Found 5 form(s)
[ 2024-04-29 05:29:45,853 ] 91 main_controller - INFO - Found 5 form(s)
[ 2024-04-29 05:29:45,853 ] 91 main_controller - INFO - Customers: None
[ 2024-04-29 05:29:45,853 ] 91 main_controller - INFO - Customers: None
[ 2024-04-29 05:29:45,853 ] 91 main_controller - INFO - Customers: None
[ 2024-04-29 05:29:45,853 ] 91 main_controller - INFO - Customers: None
[ 2024-04-29 05:29:46,813 ] 91 main_controller - INFO - Found 5 form(s)
[ 2024-04-29 05:29:46,813 ] 91 main_controller - INFO - Found 5 form(s)
[ 2024-04-29 05:29:46,813 ] 91 main_controller - INFO - Found 5 form(s)
[ 2024-04-29 05:29:46,813 ] 91 main_controller - INFO - Found 5 form(s)
[ 2024-04-29 05:29:46,813 ] 91 main_controller - INFO - Customers: None
[ 2024-04-29 05:29:46,813 ] 91 main_controller - INFO - Customers: None
[ 2024-04-29 05:29:46,813 ] 91 main_controller - INFO - Customers: None
[ 2024-04-29 05:29:46,813 ] 91 main_controller - INFO - Customers: None
[ 2024-04-29 05:29:47,634 ] 91 main_controller - INFO - Found 5 form(s)
[ 2024-04-29 05:29:47,634 ] 91 main_controller - INFO - Found 5 form(s)
[ 2024-04-29 05:29:47,634 ] 91 main_controller - INFO - Found 5 form(s)
[ 2024-04-29 05:29:47,634 ] 91 main_controller - INFO - Found 5 form(s)
[ 2024-04-29 05:29:47,634 ] 91 main_controller - INFO - Customers: None
[ 2024-04-29 05:29:47,634 ] 91 main_controller - INFO - Customers: None
[ 2024-04-29 05:29:47,634 ] 91 main_controller - INFO - Customers: None
[ 2024-04-29 05:29:47,634 ] 91 main_controller - INFO - Customers: None
[ 2024-04-29 05:30:47,200 ] 91 main_controller - INFO - Failed to fill form, template sequence: 95438
[ 2024-04-29 05:30:47,200 ] 91 main_controller - INFO - Failed to fill form, template sequence: 95438
[ 2024-04-29 05:30:47,200 ] 91 main_controller - INFO - Failed to fill form, template sequence: 95438
[ 2024-04-29 05:30:47,200 ] 91 main_controller - INFO - Failed to fill form, template sequence: 95438
[ 2024-04-29 05:30:47,200 ] 91 main_controller - INFO - Remaining form(s): 5
[ 2024-04-29 05:30:47,200 ] 91 main_controller - INFO - Remaining form(s): 5
[ 2024-04-29 05:30:47,200 ] 91 main_controller - INFO - Remaining form(s): 5
[ 2024-04-29 05:30:47,200 ] 91 main_controller - INFO - Remaining form(s): 5
[ 2024-04-29 05:30:47,842 ] 91 main_controller - INFO - Failed to fill form, template sequence: 95435
[ 2024-04-29 05:30:47,842 ] 91 main_controller - INFO - Failed to fill form, template sequence: 95435
[ 2024-04-29 05:30:47,842 ] 91 main_controller - INFO - Failed to fill form, template sequence: 95435
[ 2024-04-29 05:30:47,842 ] 91 main_controller - INFO - Failed to fill form, template sequence: 95435
[ 2024-04-29 05:30:47,842 ] 91 main_controller - INFO - Remaining form(s): 5
[ 2024-04-29 05:30:47,842 ] 91 main_controller - INFO - Remaining form(s): 5
[ 2024-04-29 05:30:47,842 ] 91 main_controller - INFO - Remaining form(s): 5
[ 2024-04-29 05:30:47,842 ] 91 main_controller - INFO - Remaining form(s): 5
[ 2024-04-29 05:30:56,085 ] 91 main_controller - INFO - Failed to fill form, template sequence: 95433
[ 2024-04-29 05:30:56,085 ] 91 main_controller - INFO - Failed to fill form, template sequence: 95433
[ 2024-04-29 05:30:56,085 ] 91 main_controller - INFO - Failed to fill form, template sequence: 95433
[ 2024-04-29 05:30:56,085 ] 91 main_controller - INFO - Failed to fill form, template sequence: 95433
[ 2024-04-29 05:30:56,086 ] 91 main_controller - INFO - Remaining form(s): 5
[ 2024-04-29 05:30:56,086 ] 91 main_controller - INFO - Remaining form(s): 5
[ 2024-04-29 05:30:56,086 ] 91 main_controller - INFO - Remaining form(s): 5
[ 2024-04-29 05:30:56,086 ] 91 main_controller - INFO - Remaining form(s): 5
[ 2024-04-29 05:30:56,208 ] 91 main_controller - INFO - Failed to fill form, template sequence: 95441
[ 2024-04-29 05:30:56,208 ] 91 main_controller - INFO - Failed to fill form, template sequence: 95441
[ 2024-04-29 05:30:56,208 ] 91 main_controller - INFO - Failed to fill form, template sequence: 95441
[ 2024-04-29 05:30:56,208 ] 91 main_controller - INFO - Failed to fill form, template sequence: 95441
[ 2024-04-29 05:30:56,209 ] 91 main_controller - INFO - Remaining form(s): 5
[ 2024-04-29 05:30:56,209 ] 91 main_controller - INFO - Remaining form(s): 5
[ 2024-04-29 05:30:56,209 ] 91 main_controller - INFO - Remaining form(s): 5
[ 2024-04-29 05:30:56,209 ] 91 main_controller - INFO - Remaining form(s): 5
[ 2024-04-29 05:31:53,479 ] 91 main_controller - INFO - Failed to fill form, template sequence: 95441
[ 2024-04-29 05:31:53,479 ] 91 main_controller - INFO - Failed to fill form, template sequence: 95441
[ 2024-04-29 05:31:53,479 ] 91 main_controller - INFO - Failed to fill form, template sequence: 95441
[ 2024-04-29 05:31:53,479 ] 91 main_controller - INFO - Failed to fill form, template sequence: 95441
[ 2024-04-29 05:31:53,480 ] 91 main_controller - INFO - Remaining form(s): 5
[ 2024-04-29 05:31:53,480 ] 91 main_controller - INFO - Remaining form(s): 5
[ 2024-04-29 05:31:53,480 ] 91 main_controller - INFO - Remaining form(s): 5
[ 2024-04-29 05:31:53,480 ] 91 main_controller - INFO - Remaining form(s): 5
[ 2024-04-29 05:31:54,223 ] 91 main_controller - INFO - Failed to fill form, template sequence: 95433
[ 2024-04-29 05:31:54,223 ] 91 main_controller - INFO - Failed to fill form, template sequence: 95433
[ 2024-04-29 05:31:54,223 ] 91 main_controller - INFO - Failed to fill form, template sequence: 95433
[ 2024-04-29 05:31:54,223 ] 91 main_controller - INFO - Failed to fill form, template sequence: 95433
[ 2024-04-29 05:31:54,223 ] 91 main_controller - INFO - Remaining form(s): 5
[ 2024-04-29 05:31:54,223 ] 91 main_controller - INFO - Remaining form(s): 5
[ 2024-04-29 05:31:54,223 ] 91 main_controller - INFO - Remaining form(s): 5
[ 2024-04-29 05:31:54,223 ] 91 main_controller - INFO - Remaining form(s): 5
[ 2024-04-29 05:32:02,444 ] 91 main_controller - INFO - Failed to fill form, template sequence: 95441
[ 2024-04-29 05:32:02,444 ] 91 main_controller - INFO - Failed to fill form, template sequence: 95441
[ 2024-04-29 05:32:02,444 ] 91 main_controller - INFO - Failed to fill form, template sequence: 95441
[ 2024-04-29 05:32:02,444 ] 91 main_controller - INFO - Failed to fill form, template sequence: 95441
[ 2024-04-29 05:32:02,444 ] 91 main_controller - INFO - Remaining form(s): 5
[ 2024-04-29 05:32:02,444 ] 91 main_controller - INFO - Remaining form(s): 5
[ 2024-04-29 05:32:02,444 ] 91 main_controller - INFO - Remaining form(s): 5
[ 2024-04-29 05:32:02,444 ] 91 main_controller - INFO - Remaining form(s): 5
[ 2024-04-29 05:32:02,674 ] 91 main_controller - INFO - Failed to fill form, template sequence: 95440
[ 2024-04-29 05:32:02,674 ] 91 main_controller - INFO - Failed to fill form, template sequence: 95440
[ 2024-04-29 05:32:02,674 ] 91 main_controller - INFO - Failed to fill form, template sequence: 95440
[ 2024-04-29 05:32:02,674 ] 91 main_controller - INFO - Failed to fill form, template sequence: 95440
[ 2024-04-29 05:32:02,674 ] 91 main_controller - INFO - Remaining form(s): 5
[ 2024-04-29 05:32:02,674 ] 91 main_controller - INFO - Remaining form(s): 5
[ 2024-04-29 05:32:02,674 ] 91 main_controller - INFO - Remaining form(s): 5
[ 2024-04-29 05:32:02,674 ] 91 main_controller - INFO - Remaining form(s): 5
[ 2024-04-29 05:32:59,793 ] 91 main_controller - INFO - Failed to fill form, template sequence: 95440
[ 2024-04-29 05:32:59,793 ] 91 main_controller - INFO - Failed to fill form, template sequence: 95440
[ 2024-04-29 05:32:59,793 ] 91 main_controller - INFO - Failed to fill form, template sequence: 95440
[ 2024-04-29 05:32:59,793 ] 91 main_controller - INFO - Failed to fill form, template sequence: 95440
[ 2024-04-29 05:32:59,793 ] 91 main_controller - INFO - Remaining form(s): 5
[ 2024-04-29 05:32:59,793 ] 91 main_controller - INFO - Remaining form(s): 5
[ 2024-04-29 05:32:59,793 ] 91 main_controller - INFO - Remaining form(s): 5
[ 2024-04-29 05:32:59,793 ] 91 main_controller - INFO - Remaining form(s): 5
[ 2024-04-29 05:33:00,550 ] 91 main_controller - INFO - Failed to fill form, template sequence: 95440
[ 2024-04-29 05:33:00,550 ] 91 main_controller - INFO - Failed to fill form, template sequence: 95440
[ 2024-04-29 05:33:00,550 ] 91 main_controller - INFO - Failed to fill form, template sequence: 95440
[ 2024-04-29 05:33:00,550 ] 91 main_controller - INFO - Failed to fill form, template sequence: 95440
[ 2024-04-29 05:33:00,551 ] 91 main_controller - INFO - Remaining form(s): 5
[ 2024-04-29 05:33:00,551 ] 91 main_controller - INFO - Remaining form(s): 5
[ 2024-04-29 05:33:00,551 ] 91 main_controller - INFO - Remaining form(s): 5
[ 2024-04-29 05:33:00,551 ] 91 main_controller - INFO - Remaining form(s): 5
[ 2024-04-29 05:33:08,752 ] 91 main_controller - INFO - Failed to fill form, template sequence: 95438
[ 2024-04-29 05:33:08,752 ] 91 main_controller - INFO - Failed to fill form, template sequence: 95438
[ 2024-04-29 05:33:08,752 ] 91 main_controller - INFO - Failed to fill form, template sequence: 95438
[ 2024-04-29 05:33:08,752 ] 91 main_controller - INFO - Failed to fill form, template sequence: 95438
[ 2024-04-29 05:33:08,753 ] 91 main_controller - INFO - Remaining form(s): 5
[ 2024-04-29 05:33:08,753 ] 91 main_controller - INFO - Remaining form(s): 5
[ 2024-04-29 05:33:08,753 ] 91 main_controller - INFO - Remaining form(s): 5
[ 2024-04-29 05:33:08,753 ] 91 main_controller - INFO - Remaining form(s): 5
[ 2024-04-29 05:33:09,053 ] 91 main_controller - INFO - Failed to fill form, template sequence: 95438
[ 2024-04-29 05:33:09,053 ] 91 main_controller - INFO - Failed to fill form, template sequence: 95438
[ 2024-04-29 05:33:09,053 ] 91 main_controller - INFO - Failed to fill form, template sequence: 95438
[ 2024-04-29 05:33:09,053 ] 91 main_controller - INFO - Failed to fill form, template sequence: 95438
[ 2024-04-29 05:33:09,054 ] 91 main_controller - INFO - Remaining form(s): 5
[ 2024-04-29 05:33:09,054 ] 91 main_controller - INFO - Remaining form(s): 5
[ 2024-04-29 05:33:09,054 ] 91 main_controller - INFO - Remaining form(s): 5
[ 2024-04-29 05:33:09,054 ] 91 main_controller - INFO - Remaining form(s): 5
[ 2024-04-29 05:34:06,125 ] 91 main_controller - INFO - Failed to fill form, template sequence: 95433
[ 2024-04-29 05:34:06,125 ] 91 main_controller - INFO - Failed to fill form, template sequence: 95433
[ 2024-04-29 05:34:06,125 ] 91 main_controller - INFO - Failed to fill form, template sequence: 95433
[ 2024-04-29 05:34:06,125 ] 91 main_controller - INFO - Failed to fill form, template sequence: 95433
[ 2024-04-29 05:34:06,126 ] 91 main_controller - INFO - Remaining form(s): 5
[ 2024-04-29 05:34:06,126 ] 91 main_controller - INFO - Remaining form(s): 5
[ 2024-04-29 05:34:06,126 ] 91 main_controller - INFO - Remaining form(s): 5
[ 2024-04-29 05:34:06,126 ] 91 main_controller - INFO - Remaining form(s): 5
[ 2024-04-29 05:34:06,819 ] 91 main_controller - INFO - Failed to fill form, template sequence: 95441
[ 2024-04-29 05:34:06,819 ] 91 main_controller - INFO - Failed to fill form, template sequence: 95441
[ 2024-04-29 05:34:06,819 ] 91 main_controller - INFO - Failed to fill form, template sequence: 95441
[ 2024-04-29 05:34:06,819 ] 91 main_controller - INFO - Failed to fill form, template sequence: 95441
[ 2024-04-29 05:34:06,820 ] 91 main_controller - INFO - Remaining form(s): 5
[ 2024-04-29 05:34:06,820 ] 91 main_controller - INFO - Remaining form(s): 5
[ 2024-04-29 05:34:06,820 ] 91 main_controller - INFO - Remaining form(s): 5
[ 2024-04-29 05:34:06,820 ] 91 main_controller - INFO - Remaining form(s): 5
[ 2024-04-29 05:34:15,043 ] 91 main_controller - INFO - Failed to fill form, template sequence: 95435
[ 2024-04-29 05:34:15,043 ] 91 main_controller - INFO - Failed to fill form, template sequence: 95435
[ 2024-04-29 05:34:15,043 ] 91 main_controller - INFO - Failed to fill form, template sequence: 95435
[ 2024-04-29 05:34:15,043 ] 91 main_controller - INFO - Failed to fill form, template sequence: 95435
[ 2024-04-29 05:34:15,043 ] 91 main_controller - INFO - Remaining form(s): 5
[ 2024-04-29 05:34:15,043 ] 91 main_controller - INFO - Remaining form(s): 5
[ 2024-04-29 05:34:15,043 ] 91 main_controller - INFO - Remaining form(s): 5
[ 2024-04-29 05:34:15,043 ] 91 main_controller - INFO - Remaining form(s): 5
[ 2024-04-29 05:34:15,331 ] 91 main_controller - INFO - Failed to fill form, template sequence: 95433
[ 2024-04-29 05:34:15,331 ] 91 main_controller - INFO - Failed to fill form, template sequence: 95433
[ 2024-04-29 05:34:15,331 ] 91 main_controller - INFO - Failed to fill form, template sequence: 95433
[ 2024-04-29 05:34:15,331 ] 91 main_controller - INFO - Failed to fill form, template sequence: 95433
[ 2024-04-29 05:34:15,331 ] 91 main_controller - INFO - Remaining form(s): 5
[ 2024-04-29 05:34:15,331 ] 91 main_controller - INFO - Remaining form(s): 5
[ 2024-04-29 05:34:15,331 ] 91 main_controller - INFO - Remaining form(s): 5
[ 2024-04-29 05:34:15,331 ] 91 main_controller - INFO - Remaining form(s): 5
[ 2024-04-29 05:35:12,527 ] 91 main_controller - INFO - Failed to fill form, template sequence: 95435
[ 2024-04-29 05:35:12,527 ] 91 main_controller - INFO - Failed to fill form, template sequence: 95435
[ 2024-04-29 05:35:12,527 ] 91 main_controller - INFO - Failed to fill form, template sequence: 95435
[ 2024-04-29 05:35:12,527 ] 91 main_controller - INFO - Failed to fill form, template sequence: 95435
[ 2024-04-29 05:35:12,527 ] 91 main_controller - INFO - Remaining form(s): 5
[ 2024-04-29 05:35:12,527 ] 91 main_controller - INFO - Remaining form(s): 5
[ 2024-04-29 05:35:12,527 ] 91 main_controller - INFO - Remaining form(s): 5
[ 2024-04-29 05:35:12,527 ] 91 main_controller - INFO - Remaining form(s): 5
[ 2024-04-29 05:35:13,178 ] 91 main_controller - INFO - Failed to fill form, template sequence: 95438
[ 2024-04-29 05:35:13,178 ] 91 main_controller - INFO - Failed to fill form, template sequence: 95438
[ 2024-04-29 05:35:13,178 ] 91 main_controller - INFO - Failed to fill form, template sequence: 95438
[ 2024-04-29 05:35:13,178 ] 91 main_controller - INFO - Failed to fill form, template sequence: 95438
[ 2024-04-29 05:35:13,178 ] 91 main_controller - INFO - Remaining form(s): 5
[ 2024-04-29 05:35:13,178 ] 91 main_controller - INFO - Remaining form(s): 5
[ 2024-04-29 05:35:13,178 ] 91 main_controller - INFO - Remaining form(s): 5
[ 2024-04-29 05:35:13,178 ] 91 main_controller - INFO - Remaining form(s): 5
[ 2024-04-29 05:35:21,422 ] 91 main_controller - INFO - Failed to fill form, template sequence: 95440
[ 2024-04-29 05:35:21,422 ] 91 main_controller - INFO - Failed to fill form, template sequence: 95440
[ 2024-04-29 05:35:21,422 ] 91 main_controller - INFO - Failed to fill form, template sequence: 95440
[ 2024-04-29 05:35:21,422 ] 91 main_controller - INFO - Failed to fill form, template sequence: 95440
[ 2024-04-29 05:35:21,423 ] 91 main_controller - INFO - Remaining form(s): 5
[ 2024-04-29 05:35:21,423 ] 91 main_controller - INFO - Remaining form(s): 5
[ 2024-04-29 05:35:21,423 ] 91 main_controller - INFO - Remaining form(s): 5
[ 2024-04-29 05:35:21,423 ] 91 main_controller - INFO - Remaining form(s): 5
[ 2024-04-29 05:35:21,710 ] 91 main_controller - INFO - Failed to fill form, template sequence: 95435
[ 2024-04-29 05:35:21,710 ] 91 main_controller - INFO - Failed to fill form, template sequence: 95435
[ 2024-04-29 05:35:21,710 ] 91 main_controller - INFO - Failed to fill form, template sequence: 95435
[ 2024-04-29 05:35:21,710 ] 91 main_controller - INFO - Failed to fill form, template sequence: 95435
[ 2024-04-29 05:35:21,710 ] 91 main_controller - INFO - Remaining form(s): 5
[ 2024-04-29 05:35:21,710 ] 91 main_controller - INFO - Remaining form(s): 5
[ 2024-04-29 05:35:21,710 ] 91 main_controller - INFO - Remaining form(s): 5
[ 2024-04-29 05:35:21,710 ] 91 main_controller - INFO - Remaining form(s): 5
[ 2024-04-29 05:36:19,136 ] 91 main_controller - INFO - Failed to fill form, template sequence: 95438
[ 2024-04-29 05:36:19,136 ] 91 main_controller - INFO - Failed to fill form, template sequence: 95438
[ 2024-04-29 05:36:19,136 ] 91 main_controller - INFO - Failed to fill form, template sequence: 95438
[ 2024-04-29 05:36:19,136 ] 91 main_controller - INFO - Failed to fill form, template sequence: 95438
[ 2024-04-29 05:36:19,136 ] 91 main_controller - INFO - Remaining form(s): 5
[ 2024-04-29 05:36:19,136 ] 91 main_controller - INFO - Remaining form(s): 5
[ 2024-04-29 05:36:19,136 ] 91 main_controller - INFO - Remaining form(s): 5
[ 2024-04-29 05:36:19,136 ] 91 main_controller - INFO - Remaining form(s): 5
[ 2024-04-29 05:36:19,694 ] 91 main_controller - INFO - Failed to fill form, template sequence: 95435
[ 2024-04-29 05:36:19,694 ] 91 main_controller - INFO - Failed to fill form, template sequence: 95435
[ 2024-04-29 05:36:19,694 ] 91 main_controller - INFO - Failed to fill form, template sequence: 95435
[ 2024-04-29 05:36:19,694 ] 91 main_controller - INFO - Failed to fill form, template sequence: 95435
[ 2024-04-29 05:36:19,694 ] 91 main_controller - INFO - Remaining form(s): 5
[ 2024-04-29 05:36:19,694 ] 91 main_controller - INFO - Remaining form(s): 5
[ 2024-04-29 05:36:19,694 ] 91 main_controller - INFO - Remaining form(s): 5
[ 2024-04-29 05:36:19,694 ] 91 main_controller - INFO - Remaining form(s): 5
[ 2024-04-29 05:36:28,132 ] 91 main_controller - INFO - Failed to fill form, template sequence: 95433
[ 2024-04-29 05:36:28,132 ] 91 main_controller - INFO - Failed to fill form, template sequence: 95433
[ 2024-04-29 05:36:28,132 ] 91 main_controller - INFO - Failed to fill form, template sequence: 95433
[ 2024-04-29 05:36:28,132 ] 91 main_controller - INFO - Failed to fill form, template sequence: 95433
[ 2024-04-29 05:36:28,132 ] 91 main_controller - INFO - Remaining form(s): 5
[ 2024-04-29 05:36:28,132 ] 91 main_controller - INFO - Remaining form(s): 5
[ 2024-04-29 05:36:28,132 ] 91 main_controller - INFO - Remaining form(s): 5
[ 2024-04-29 05:36:28,132 ] 91 main_controller - INFO - Remaining form(s): 5
[ 2024-04-29 05:36:28,225 ] 91 main_controller - INFO - Failed to fill form, template sequence: 95441
[ 2024-04-29 05:36:28,225 ] 91 main_controller - INFO - Failed to fill form, template sequence: 95441
[ 2024-04-29 05:36:28,225 ] 91 main_controller - INFO - Failed to fill form, template sequence: 95441
[ 2024-04-29 05:36:28,225 ] 91 main_controller - INFO - Failed to fill form, template sequence: 95441
[ 2024-04-29 05:36:28,225 ] 91 main_controller - INFO - Remaining form(s): 5
[ 2024-04-29 05:36:28,225 ] 91 main_controller - INFO - Remaining form(s): 5
[ 2024-04-29 05:36:28,225 ] 91 main_controller - INFO - Remaining form(s): 5
[ 2024-04-29 05:36:28,225 ] 91 main_controller - INFO - Remaining form(s): 5
[ 2024-04-29 05:37:25,637 ] 91 main_controller - INFO - Failed to fill form, template sequence: 95441
[ 2024-04-29 05:37:25,637 ] 91 main_controller - INFO - Failed to fill form, template sequence: 95441
[ 2024-04-29 05:37:25,637 ] 91 main_controller - INFO - Failed to fill form, template sequence: 95441
[ 2024-04-29 05:37:25,637 ] 91 main_controller - INFO - Failed to fill form, template sequence: 95441
[ 2024-04-29 05:37:25,637 ] 91 main_controller - INFO - Remaining form(s): 5
[ 2024-04-29 05:37:25,637 ] 91 main_controller - INFO - Remaining form(s): 5
[ 2024-04-29 05:37:25,637 ] 91 main_controller - INFO - Remaining form(s): 5
[ 2024-04-29 05:37:25,637 ] 91 main_controller - INFO - Remaining form(s): 5
[ 2024-04-29 05:37:26,189 ] 91 main_controller - INFO - Failed to fill form, template sequence: 95433
[ 2024-04-29 05:37:26,189 ] 91 main_controller - INFO - Failed to fill form, template sequence: 95433
[ 2024-04-29 05:37:26,189 ] 91 main_controller - INFO - Failed to fill form, template sequence: 95433
[ 2024-04-29 05:37:26,189 ] 91 main_controller - INFO - Failed to fill form, template sequence: 95433
[ 2024-04-29 05:37:26,189 ] 91 main_controller - INFO - Remaining form(s): 5
[ 2024-04-29 05:37:26,189 ] 91 main_controller - INFO - Remaining form(s): 5
[ 2024-04-29 05:37:26,189 ] 91 main_controller - INFO - Remaining form(s): 5
[ 2024-04-29 05:37:26,189 ] 91 main_controller - INFO - Remaining form(s): 5
[ 2024-04-29 05:37:34,625 ] 91 main_controller - INFO - Failed to fill form, template sequence: 95441
[ 2024-04-29 05:37:34,625 ] 91 main_controller - INFO - Failed to fill form, template sequence: 95441
[ 2024-04-29 05:37:34,625 ] 91 main_controller - INFO - Failed to fill form, template sequence: 95441
[ 2024-04-29 05:37:34,625 ] 91 main_controller - INFO - Failed to fill form, template sequence: 95441
[ 2024-04-29 05:37:34,626 ] 91 main_controller - INFO - Remaining form(s): 5
[ 2024-04-29 05:37:34,626 ] 91 main_controller - INFO - Remaining form(s): 5
[ 2024-04-29 05:37:34,626 ] 91 main_controller - INFO - Remaining form(s): 5
[ 2024-04-29 05:37:34,626 ] 91 main_controller - INFO - Remaining form(s): 5
[ 2024-04-29 05:37:34,873 ] 91 main_controller - INFO - Failed to fill form, template sequence: 95440
[ 2024-04-29 05:37:34,873 ] 91 main_controller - INFO - Failed to fill form, template sequence: 95440
[ 2024-04-29 05:37:34,873 ] 91 main_controller - INFO - Failed to fill form, template sequence: 95440
[ 2024-04-29 05:37:34,873 ] 91 main_controller - INFO - Failed to fill form, template sequence: 95440
[ 2024-04-29 05:37:34,873 ] 91 main_controller - INFO - Remaining form(s): 5
[ 2024-04-29 05:37:34,873 ] 91 main_controller - INFO - Remaining form(s): 5
[ 2024-04-29 05:37:34,873 ] 91 main_controller - INFO - Remaining form(s): 5
[ 2024-04-29 05:37:34,873 ] 91 main_controller - INFO - Remaining form(s): 5
[ 2024-04-29 05:38:31,970 ] 91 main_controller - INFO - Failed to fill form, template sequence: 95440
[ 2024-04-29 05:38:31,970 ] 91 main_controller - INFO - Failed to fill form, template sequence: 95440
[ 2024-04-29 05:38:31,970 ] 91 main_controller - INFO - Failed to fill form, template sequence: 95440
[ 2024-04-29 05:38:31,970 ] 91 main_controller - INFO - Failed to fill form, template sequence: 95440
[ 2024-04-29 05:38:31,971 ] 91 main_controller - INFO - Remaining form(s): 5
[ 2024-04-29 05:38:31,971 ] 91 main_controller - INFO - Remaining form(s): 5
[ 2024-04-29 05:38:31,971 ] 91 main_controller - INFO - Remaining form(s): 5
[ 2024-04-29 05:38:31,971 ] 91 main_controller - INFO - Remaining form(s): 5
[ 2024-04-29 05:38:32,523 ] 91 main_controller - INFO - Failed to fill form, template sequence: 95440
[ 2024-04-29 05:38:32,523 ] 91 main_controller - INFO - Failed to fill form, template sequence: 95440
[ 2024-04-29 05:38:32,523 ] 91 main_controller - INFO - Failed to fill form, template sequence: 95440
[ 2024-04-29 05:38:32,523 ] 91 main_controller - INFO - Failed to fill form, template sequence: 95440
[ 2024-04-29 05:38:32,523 ] 91 main_controller - INFO - Remaining form(s): 5
[ 2024-04-29 05:38:32,523 ] 91 main_controller - INFO - Remaining form(s): 5
[ 2024-04-29 05:38:32,523 ] 91 main_controller - INFO - Remaining form(s): 5
[ 2024-04-29 05:38:32,523 ] 91 main_controller - INFO - Remaining form(s): 5
[ 2024-04-29 05:38:40,911 ] 91 main_controller - INFO - Failed to fill form, template sequence: 95438
[ 2024-04-29 05:38:40,911 ] 91 main_controller - INFO - Failed to fill form, template sequence: 95438
[ 2024-04-29 05:38:40,911 ] 91 main_controller - INFO - Failed to fill form, template sequence: 95438
[ 2024-04-29 05:38:40,911 ] 91 main_controller - INFO - Failed to fill form, template sequence: 95438
[ 2024-04-29 05:38:40,912 ] 91 main_controller - INFO - Remaining form(s): 5
[ 2024-04-29 05:38:40,912 ] 91 main_controller - INFO - Remaining form(s): 5
[ 2024-04-29 05:38:40,912 ] 91 main_controller - INFO - Remaining form(s): 5
[ 2024-04-29 05:38:40,912 ] 91 main_controller - INFO - Remaining form(s): 5
[ 2024-04-29 05:38:41,170 ] 91 main_controller - INFO - Failed to fill form, template sequence: 95438
[ 2024-04-29 05:38:41,170 ] 91 main_controller - INFO - Failed to fill form, template sequence: 95438
[ 2024-04-29 05:38:41,170 ] 91 main_controller - INFO - Failed to fill form, template sequence: 95438
[ 2024-04-29 05:38:41,170 ] 91 main_controller - INFO - Failed to fill form, template sequence: 95438
[ 2024-04-29 05:38:41,170 ] 91 main_controller - INFO - Remaining form(s): 5
[ 2024-04-29 05:38:41,170 ] 91 main_controller - INFO - Remaining form(s): 5
[ 2024-04-29 05:38:41,170 ] 91 main_controller - INFO - Remaining form(s): 5
[ 2024-04-29 05:38:41,170 ] 91 main_controller - INFO - Remaining form(s): 5
[ 2024-04-29 05:39:38,326 ] 91 main_controller - INFO - Failed to fill form, template sequence: 95433
[ 2024-04-29 05:39:38,326 ] 91 main_controller - INFO - Failed to fill form, template sequence: 95433
[ 2024-04-29 05:39:38,326 ] 91 main_controller - INFO - Failed to fill form, template sequence: 95433
[ 2024-04-29 05:39:38,326 ] 91 main_controller - INFO - Failed to fill form, template sequence: 95433
[ 2024-04-29 05:39:38,327 ] 91 main_controller - INFO - Remaining form(s): 5
[ 2024-04-29 05:39:38,327 ] 91 main_controller - INFO - Remaining form(s): 5
[ 2024-04-29 05:39:38,327 ] 91 main_controller - INFO - Remaining form(s): 5
[ 2024-04-29 05:39:38,327 ] 91 main_controller - INFO - Remaining form(s): 5
[ 2024-04-29 05:39:38,853 ] 91 main_controller - INFO - Failed to fill form, template sequence: 95441
[ 2024-04-29 05:39:38,853 ] 91 main_controller - INFO - Failed to fill form, template sequence: 95441
[ 2024-04-29 05:39:38,853 ] 91 main_controller - INFO - Failed to fill form, template sequence: 95441
[ 2024-04-29 05:39:38,853 ] 91 main_controller - INFO - Failed to fill form, template sequence: 95441
[ 2024-04-29 05:39:38,853 ] 91 main_controller - INFO - Remaining form(s): 5
[ 2024-04-29 05:39:38,853 ] 91 main_controller - INFO - Remaining form(s): 5
[ 2024-04-29 05:39:38,853 ] 91 main_controller - INFO - Remaining form(s): 5
[ 2024-04-29 05:39:38,853 ] 91 main_controller - INFO - Remaining form(s): 5
[ 2024-04-29 05:39:47,208 ] 91 main_controller - INFO - Failed to fill form, template sequence: 95435
[ 2024-04-29 05:39:47,208 ] 91 main_controller - INFO - Failed to fill form, template sequence: 95435
[ 2024-04-29 05:39:47,208 ] 91 main_controller - INFO - Failed to fill form, template sequence: 95435
[ 2024-04-29 05:39:47,208 ] 91 main_controller - INFO - Failed to fill form, template sequence: 95435
[ 2024-04-29 05:39:47,209 ] 91 main_controller - INFO - Remaining form(s): 5
[ 2024-04-29 05:39:47,209 ] 91 main_controller - INFO - Remaining form(s): 5
[ 2024-04-29 05:39:47,209 ] 91 main_controller - INFO - Remaining form(s): 5
[ 2024-04-29 05:39:47,209 ] 91 main_controller - INFO - Remaining form(s): 5
[ 2024-04-29 05:39:47,485 ] 91 main_controller - INFO - Failed to fill form, template sequence: 95433
[ 2024-04-29 05:39:47,485 ] 91 main_controller - INFO - Failed to fill form, template sequence: 95433
[ 2024-04-29 05:39:47,485 ] 91 main_controller - INFO - Failed to fill form, template sequence: 95433
[ 2024-04-29 05:39:47,485 ] 91 main_controller - INFO - Failed to fill form, template sequence: 95433
[ 2024-04-29 05:39:47,486 ] 91 main_controller - INFO - Remaining form(s): 5
[ 2024-04-29 05:39:47,486 ] 91 main_controller - INFO - Remaining form(s): 5
[ 2024-04-29 05:39:47,486 ] 91 main_controller - INFO - Remaining form(s): 5
[ 2024-04-29 05:39:47,486 ] 91 main_controller - INFO - Remaining form(s): 5
[ 2024-04-29 05:40:44,694 ] 91 main_controller - INFO - Failed to fill form, template sequence: 95435
[ 2024-04-29 05:40:44,694 ] 91 main_controller - INFO - Failed to fill form, template sequence: 95435
[ 2024-04-29 05:40:44,694 ] 91 main_controller - INFO - Failed to fill form, template sequence: 95435
[ 2024-04-29 05:40:44,694 ] 91 main_controller - INFO - Failed to fill form, template sequence: 95435
[ 2024-04-29 05:40:44,695 ] 91 main_controller - INFO - Remaining form(s): 5
[ 2024-04-29 05:40:44,695 ] 91 main_controller - INFO - Remaining form(s): 5
[ 2024-04-29 05:40:44,695 ] 91 main_controller - INFO - Remaining form(s): 5
[ 2024-04-29 05:40:44,695 ] 91 main_controller - INFO - Remaining form(s): 5
[ 2024-04-29 05:40:45,196 ] 91 main_controller - INFO - Failed to fill form, template sequence: 95438
[ 2024-04-29 05:40:45,196 ] 91 main_controller - INFO - Failed to fill form, template sequence: 95438
[ 2024-04-29 05:40:45,196 ] 91 main_controller - INFO - Failed to fill form, template sequence: 95438
[ 2024-04-29 05:40:45,196 ] 91 main_controller - INFO - Failed to fill form, template sequence: 95438
[ 2024-04-29 05:40:45,196 ] 91 main_controller - INFO - Remaining form(s): 5
[ 2024-04-29 05:40:45,196 ] 91 main_controller - INFO - Remaining form(s): 5
[ 2024-04-29 05:40:45,196 ] 91 main_controller - INFO - Remaining form(s): 5
[ 2024-04-29 05:40:45,196 ] 91 main_controller - INFO - Remaining form(s): 5
[ 2024-04-29 05:40:53,549 ] 91 main_controller - INFO - Failed to fill form, template sequence: 95440
[ 2024-04-29 05:40:53,549 ] 91 main_controller - INFO - Failed to fill form, template sequence: 95440
[ 2024-04-29 05:40:53,549 ] 91 main_controller - INFO - Failed to fill form, template sequence: 95440
[ 2024-04-29 05:40:53,549 ] 91 main_controller - INFO - Failed to fill form, template sequence: 95440
[ 2024-04-29 05:40:53,550 ] 91 main_controller - INFO - Remaining form(s): 5
[ 2024-04-29 05:40:53,550 ] 91 main_controller - INFO - Remaining form(s): 5
[ 2024-04-29 05:40:53,550 ] 91 main_controller - INFO - Remaining form(s): 5
[ 2024-04-29 05:40:53,550 ] 91 main_controller - INFO - Remaining form(s): 5
[ 2024-04-29 05:40:53,863 ] 91 main_controller - INFO - Failed to fill form, template sequence: 95435
[ 2024-04-29 05:40:53,863 ] 91 main_controller - INFO - Failed to fill form, template sequence: 95435
[ 2024-04-29 05:40:53,863 ] 91 main_controller - INFO - Failed to fill form, template sequence: 95435
[ 2024-04-29 05:40:53,863 ] 91 main_controller - INFO - Failed to fill form, template sequence: 95435
[ 2024-04-29 05:40:53,863 ] 91 main_controller - INFO - Remaining form(s): 5
[ 2024-04-29 05:40:53,863 ] 91 main_controller - INFO - Remaining form(s): 5
[ 2024-04-29 05:40:53,863 ] 91 main_controller - INFO - Remaining form(s): 5
[ 2024-04-29 05:40:53,863 ] 91 main_controller - INFO - Remaining form(s): 5
[ 2024-04-29 05:41:51,247 ] 91 main_controller - INFO - Failed to fill form, template sequence: 95438
[ 2024-04-29 05:41:51,247 ] 91 main_controller - INFO - Failed to fill form, template sequence: 95438
[ 2024-04-29 05:41:51,247 ] 91 main_controller - INFO - Failed to fill form, template sequence: 95438
[ 2024-04-29 05:41:51,247 ] 91 main_controller - INFO - Failed to fill form, template sequence: 95438
[ 2024-04-29 05:41:51,248 ] 91 main_controller - INFO - Remaining form(s): 5
[ 2024-04-29 05:41:51,248 ] 91 main_controller - INFO - Remaining form(s): 5
[ 2024-04-29 05:41:51,248 ] 91 main_controller - INFO - Remaining form(s): 5
[ 2024-04-29 05:41:51,248 ] 91 main_controller - INFO - Remaining form(s): 5
[ 2024-04-29 05:41:51,521 ] 91 main_controller - INFO - Failed to fill form, template sequence: 95435
[ 2024-04-29 05:41:51,521 ] 91 main_controller - INFO - Failed to fill form, template sequence: 95435
[ 2024-04-29 05:41:51,521 ] 91 main_controller - INFO - Failed to fill form, template sequence: 95435
[ 2024-04-29 05:41:51,521 ] 91 main_controller - INFO - Failed to fill form, template sequence: 95435
[ 2024-04-29 05:41:51,521 ] 91 main_controller - INFO - Remaining form(s): 5
[ 2024-04-29 05:41:51,521 ] 91 main_controller - INFO - Remaining form(s): 5
[ 2024-04-29 05:41:51,521 ] 91 main_controller - INFO - Remaining form(s): 5
[ 2024-04-29 05:41:51,521 ] 91 main_controller - INFO - Remaining form(s): 5
[ 2024-04-29 05:41:59,897 ] 91 main_controller - INFO - Failed to fill form, template sequence: 95433
[ 2024-04-29 05:41:59,897 ] 91 main_controller - INFO - Failed to fill form, template sequence: 95433
[ 2024-04-29 05:41:59,897 ] 91 main_controller - INFO - Failed to fill form, template sequence: 95433
[ 2024-04-29 05:41:59,897 ] 91 main_controller - INFO - Failed to fill form, template sequence: 95433
[ 2024-04-29 05:41:59,897 ] 91 main_controller - INFO - Remaining form(s): 5
[ 2024-04-29 05:41:59,897 ] 91 main_controller - INFO - Remaining form(s): 5
[ 2024-04-29 05:41:59,897 ] 91 main_controller - INFO - Remaining form(s): 5
[ 2024-04-29 05:41:59,897 ] 91 main_controller - INFO - Remaining form(s): 5
[ 2024-04-29 05:42:00,185 ] 91 main_controller - INFO - Failed to fill form, template sequence: 95441
[ 2024-04-29 05:42:00,185 ] 91 main_controller - INFO - Failed to fill form, template sequence: 95441
[ 2024-04-29 05:42:00,185 ] 91 main_controller - INFO - Failed to fill form, template sequence: 95441
[ 2024-04-29 05:42:00,185 ] 91 main_controller - INFO - Failed to fill form, template sequence: 95441
[ 2024-04-29 05:42:00,185 ] 91 main_controller - INFO - Remaining form(s): 5
[ 2024-04-29 05:42:00,185 ] 91 main_controller - INFO - Remaining form(s): 5
[ 2024-04-29 05:42:00,185 ] 91 main_controller - INFO - Remaining form(s): 5
[ 2024-04-29 05:42:00,185 ] 91 main_controller - INFO - Remaining form(s): 5
[ 2024-04-29 05:42:57,617 ] 91 main_controller - INFO - Failed to fill form, template sequence: 95441
[ 2024-04-29 05:42:57,617 ] 91 main_controller - INFO - Failed to fill form, template sequence: 95441
[ 2024-04-29 05:42:57,617 ] 91 main_controller - INFO - Failed to fill form, template sequence: 95441
[ 2024-04-29 05:42:57,617 ] 91 main_controller - INFO - Failed to fill form, template sequence: 95441
[ 2024-04-29 05:42:57,617 ] 91 main_controller - INFO - Remaining form(s): 5
[ 2024-04-29 05:42:57,617 ] 91 main_controller - INFO - Remaining form(s): 5
[ 2024-04-29 05:42:57,617 ] 91 main_controller - INFO - Remaining form(s): 5
[ 2024-04-29 05:42:57,617 ] 91 main_controller - INFO - Remaining form(s): 5
[ 2024-04-29 05:42:57,888 ] 91 main_controller - INFO - Failed to fill form, template sequence: 95433
[ 2024-04-29 05:42:57,888 ] 91 main_controller - INFO - Failed to fill form, template sequence: 95433
[ 2024-04-29 05:42:57,888 ] 91 main_controller - INFO - Failed to fill form, template sequence: 95433
[ 2024-04-29 05:42:57,888 ] 91 main_controller - INFO - Failed to fill form, template sequence: 95433
[ 2024-04-29 05:42:57,889 ] 91 main_controller - INFO - Remaining form(s): 5
[ 2024-04-29 05:42:57,889 ] 91 main_controller - INFO - Remaining form(s): 5
[ 2024-04-29 05:42:57,889 ] 91 main_controller - INFO - Remaining form(s): 5
[ 2024-04-29 05:42:57,889 ] 91 main_controller - INFO - Remaining form(s): 5
[ 2024-04-29 05:43:06,258 ] 91 main_controller - INFO - Failed to fill form, template sequence: 95441
[ 2024-04-29 05:43:06,258 ] 91 main_controller - INFO - Failed to fill form, template sequence: 95441
[ 2024-04-29 05:43:06,258 ] 91 main_controller - INFO - Failed to fill form, template sequence: 95441
[ 2024-04-29 05:43:06,258 ] 91 main_controller - INFO - Failed to fill form, template sequence: 95441
[ 2024-04-29 05:43:06,258 ] 91 main_controller - INFO - Remaining form(s): 5
[ 2024-04-29 05:43:06,258 ] 91 main_controller - INFO - Remaining form(s): 5
[ 2024-04-29 05:43:06,258 ] 91 main_controller - INFO - Remaining form(s): 5
[ 2024-04-29 05:43:06,258 ] 91 main_controller - INFO - Remaining form(s): 5
[ 2024-04-29 05:43:06,534 ] 91 main_controller - INFO - Failed to fill form, template sequence: 95440
[ 2024-04-29 05:43:06,534 ] 91 main_controller - INFO - Failed to fill form, template sequence: 95440
[ 2024-04-29 05:43:06,534 ] 91 main_controller - INFO - Failed to fill form, template sequence: 95440
[ 2024-04-29 05:43:06,534 ] 91 main_controller - INFO - Failed to fill form, template sequence: 95440
[ 2024-04-29 05:43:06,534 ] 91 main_controller - INFO - Remaining form(s): 5
[ 2024-04-29 05:43:06,534 ] 91 main_controller - INFO - Remaining form(s): 5
[ 2024-04-29 05:43:06,534 ] 91 main_controller - INFO - Remaining form(s): 5
[ 2024-04-29 05:43:06,534 ] 91 main_controller - INFO - Remaining form(s): 5
[ 2024-04-29 05:44:03,955 ] 91 main_controller - INFO - Failed to fill form, template sequence: 95440
[ 2024-04-29 05:44:03,955 ] 91 main_controller - INFO - Failed to fill form, template sequence: 95440
[ 2024-04-29 05:44:03,955 ] 91 main_controller - INFO - Failed to fill form, template sequence: 95440
[ 2024-04-29 05:44:03,955 ] 91 main_controller - INFO - Failed to fill form, template sequence: 95440
[ 2024-04-29 05:44:03,956 ] 91 main_controller - INFO - Remaining form(s): 5
[ 2024-04-29 05:44:03,956 ] 91 main_controller - INFO - Remaining form(s): 5
[ 2024-04-29 05:44:03,956 ] 91 main_controller - INFO - Remaining form(s): 5
[ 2024-04-29 05:44:03,956 ] 91 main_controller - INFO - Remaining form(s): 5
[ 2024-04-29 05:44:04,193 ] 91 main_controller - INFO - Failed to fill form, template sequence: 95440
[ 2024-04-29 05:44:04,193 ] 91 main_controller - INFO - Failed to fill form, template sequence: 95440
[ 2024-04-29 05:44:04,193 ] 91 main_controller - INFO - Failed to fill form, template sequence: 95440
[ 2024-04-29 05:44:04,193 ] 91 main_controller - INFO - Failed to fill form, template sequence: 95440
[ 2024-04-29 05:44:04,193 ] 91 main_controller - INFO - Remaining form(s): 5
[ 2024-04-29 05:44:04,193 ] 91 main_controller - INFO - Remaining form(s): 5
[ 2024-04-29 05:44:04,193 ] 91 main_controller - INFO - Remaining form(s): 5
[ 2024-04-29 05:44:04,193 ] 91 main_controller - INFO - Remaining form(s): 5
[ 2024-04-29 05:44:12,594 ] 91 main_controller - INFO - Failed to fill form, template sequence: 95438
[ 2024-04-29 05:44:12,594 ] 91 main_controller - INFO - Failed to fill form, template sequence: 95438
[ 2024-04-29 05:44:12,594 ] 91 main_controller - INFO - Failed to fill form, template sequence: 95438
[ 2024-04-29 05:44:12,594 ] 91 main_controller - INFO - Failed to fill form, template sequence: 95438
[ 2024-04-29 05:44:12,595 ] 91 main_controller - INFO - Remaining form(s): 5
[ 2024-04-29 05:44:12,595 ] 91 main_controller - INFO - Remaining form(s): 5
[ 2024-04-29 05:44:12,595 ] 91 main_controller - INFO - Remaining form(s): 5
[ 2024-04-29 05:44:12,595 ] 91 main_controller - INFO - Remaining form(s): 5
[ 2024-04-29 05:44:12,853 ] 91 main_controller - INFO - Failed to fill form, template sequence: 95438
[ 2024-04-29 05:44:12,853 ] 91 main_controller - INFO - Failed to fill form, template sequence: 95438
[ 2024-04-29 05:44:12,853 ] 91 main_controller - INFO - Failed to fill form, template sequence: 95438
[ 2024-04-29 05:44:12,853 ] 91 main_controller - INFO - Failed to fill form, template sequence: 95438
[ 2024-04-29 05:44:12,853 ] 91 main_controller - INFO - Remaining form(s): 5
[ 2024-04-29 05:44:12,853 ] 91 main_controller - INFO - Remaining form(s): 5
[ 2024-04-29 05:44:12,853 ] 91 main_controller - INFO - Remaining form(s): 5
[ 2024-04-29 05:44:12,853 ] 91 main_controller - INFO - Remaining form(s): 5
[ 2024-04-29 05:45:10,273 ] 91 main_controller - INFO - Failed to fill form, template sequence: 95433
[ 2024-04-29 05:45:10,273 ] 91 main_controller - INFO - Failed to fill form, template sequence: 95433
[ 2024-04-29 05:45:10,273 ] 91 main_controller - INFO - Failed to fill form, template sequence: 95433
[ 2024-04-29 05:45:10,273 ] 91 main_controller - INFO - Failed to fill form, template sequence: 95433
[ 2024-04-29 05:45:10,273 ] 91 main_controller - INFO - Remaining form(s): 5
[ 2024-04-29 05:45:10,273 ] 91 main_controller - INFO - Remaining form(s): 5
[ 2024-04-29 05:45:10,273 ] 91 main_controller - INFO - Remaining form(s): 5
[ 2024-04-29 05:45:10,273 ] 91 main_controller - INFO - Remaining form(s): 5
[ 2024-04-29 05:45:10,548 ] 91 main_controller - INFO - Failed to fill form, template sequence: 95441
[ 2024-04-29 05:45:10,548 ] 91 main_controller - INFO - Failed to fill form, template sequence: 95441
[ 2024-04-29 05:45:10,548 ] 91 main_controller - INFO - Failed to fill form, template sequence: 95441
[ 2024-04-29 05:45:10,548 ] 91 main_controller - INFO - Failed to fill form, template sequence: 95441
[ 2024-04-29 05:45:10,548 ] 91 main_controller - INFO - Remaining form(s): 5
[ 2024-04-29 05:45:10,548 ] 91 main_controller - INFO - Remaining form(s): 5
[ 2024-04-29 05:45:10,548 ] 91 main_controller - INFO - Remaining form(s): 5
[ 2024-04-29 05:45:10,548 ] 91 main_controller - INFO - Remaining form(s): 5
[ 2024-04-29 05:45:18,920 ] 91 main_controller - INFO - Failed to fill form, template sequence: 95435
[ 2024-04-29 05:45:18,920 ] 91 main_controller - INFO - Failed to fill form, template sequence: 95435
[ 2024-04-29 05:45:18,920 ] 91 main_controller - INFO - Failed to fill form, template sequence: 95435
[ 2024-04-29 05:45:18,920 ] 91 main_controller - INFO - Failed to fill form, template sequence: 95435
[ 2024-04-29 05:45:18,920 ] 91 main_controller - INFO - Remaining form(s): 5
[ 2024-04-29 05:45:18,920 ] 91 main_controller - INFO - Remaining form(s): 5
[ 2024-04-29 05:45:18,920 ] 91 main_controller - INFO - Remaining form(s): 5
[ 2024-04-29 05:45:18,920 ] 91 main_controller - INFO - Remaining form(s): 5
[ 2024-04-29 05:45:19,152 ] 91 main_controller - INFO - Failed to fill form, template sequence: 95433
[ 2024-04-29 05:45:19,152 ] 91 main_controller - INFO - Failed to fill form, template sequence: 95433
[ 2024-04-29 05:45:19,152 ] 91 main_controller - INFO - Failed to fill form, template sequence: 95433
[ 2024-04-29 05:45:19,152 ] 91 main_controller - INFO - Failed to fill form, template sequence: 95433
[ 2024-04-29 05:45:19,152 ] 91 main_controller - INFO - Remaining form(s): 5
[ 2024-04-29 05:45:19,152 ] 91 main_controller - INFO - Remaining form(s): 5
[ 2024-04-29 05:45:19,152 ] 91 main_controller - INFO - Remaining form(s): 5
[ 2024-04-29 05:45:19,152 ] 91 main_controller - INFO - Remaining form(s): 5
[ 2024-04-29 05:46:16,537 ] 91 main_controller - INFO - Failed to fill form, template sequence: 95435
[ 2024-04-29 05:46:16,537 ] 91 main_controller - INFO - Failed to fill form, template sequence: 95435
[ 2024-04-29 05:46:16,537 ] 91 main_controller - INFO - Failed to fill form, template sequence: 95435
[ 2024-04-29 05:46:16,537 ] 91 main_controller - INFO - Failed to fill form, template sequence: 95435
[ 2024-04-29 05:46:16,537 ] 91 main_controller - INFO - Remaining form(s): 5
[ 2024-04-29 05:46:16,537 ] 91 main_controller - INFO - Remaining form(s): 5
[ 2024-04-29 05:46:16,537 ] 91 main_controller - INFO - Remaining form(s): 5
[ 2024-04-29 05:46:16,537 ] 91 main_controller - INFO - Remaining form(s): 5
[ 2024-04-29 05:46:16,828 ] 91 main_controller - INFO - Failed to fill form, template sequence: 95438
[ 2024-04-29 05:46:16,828 ] 91 main_controller - INFO - Failed to fill form, template sequence: 95438
[ 2024-04-29 05:46:16,828 ] 91 main_controller - INFO - Failed to fill form, template sequence: 95438
[ 2024-04-29 05:46:16,828 ] 91 main_controller - INFO - Failed to fill form, template sequence: 95438
[ 2024-04-29 05:46:16,828 ] 91 main_controller - INFO - Remaining form(s): 5
[ 2024-04-29 05:46:16,828 ] 91 main_controller - INFO - Remaining form(s): 5
[ 2024-04-29 05:46:16,828 ] 91 main_controller - INFO - Remaining form(s): 5
[ 2024-04-29 05:46:16,828 ] 91 main_controller - INFO - Remaining form(s): 5
[ 2024-04-29 05:46:25,251 ] 91 main_controller - INFO - Failed to fill form, template sequence: 95440
[ 2024-04-29 05:46:25,251 ] 91 main_controller - INFO - Failed to fill form, template sequence: 95440
[ 2024-04-29 05:46:25,251 ] 91 main_controller - INFO - Failed to fill form, template sequence: 95440
[ 2024-04-29 05:46:25,251 ] 91 main_controller - INFO - Failed to fill form, template sequence: 95440
[ 2024-04-29 05:46:25,252 ] 91 main_controller - INFO - Remaining form(s): 5
[ 2024-04-29 05:46:25,252 ] 91 main_controller - INFO - Remaining form(s): 5
[ 2024-04-29 05:46:25,252 ] 91 main_controller - INFO - Remaining form(s): 5
[ 2024-04-29 05:46:25,252 ] 91 main_controller - INFO - Remaining form(s): 5
[ 2024-04-29 05:46:25,526 ] 91 main_controller - INFO - Failed to fill form, template sequence: 95435
[ 2024-04-29 05:46:25,526 ] 91 main_controller - INFO - Failed to fill form, template sequence: 95435
[ 2024-04-29 05:46:25,526 ] 91 main_controller - INFO - Failed to fill form, template sequence: 95435
[ 2024-04-29 05:46:25,526 ] 91 main_controller - INFO - Failed to fill form, template sequence: 95435
[ 2024-04-29 05:46:25,526 ] 91 main_controller - INFO - Remaining form(s): 5
[ 2024-04-29 05:46:25,526 ] 91 main_controller - INFO - Remaining form(s): 5
[ 2024-04-29 05:46:25,526 ] 91 main_controller - INFO - Remaining form(s): 5
[ 2024-04-29 05:46:25,526 ] 91 main_controller - INFO - Remaining form(s): 5
[ 2024-04-29 05:47:22,854 ] 91 main_controller - INFO - Failed to fill form, template sequence: 95438
[ 2024-04-29 05:47:22,854 ] 91 main_controller - INFO - Failed to fill form, template sequence: 95438
[ 2024-04-29 05:47:22,854 ] 91 main_controller - INFO - Failed to fill form, template sequence: 95438
[ 2024-04-29 05:47:22,854 ] 91 main_controller - INFO - Failed to fill form, template sequence: 95438
[ 2024-04-29 05:47:22,854 ] 91 main_controller - INFO - Remaining form(s): 5
[ 2024-04-29 05:47:22,854 ] 91 main_controller - INFO - Remaining form(s): 5
[ 2024-04-29 05:47:22,854 ] 91 main_controller - INFO - Remaining form(s): 5
[ 2024-04-29 05:47:22,854 ] 91 main_controller - INFO - Remaining form(s): 5
[ 2024-04-29 05:47:23,160 ] 91 main_controller - INFO - Failed to fill form, template sequence: 95435
[ 2024-04-29 05:47:23,160 ] 91 main_controller - INFO - Failed to fill form, template sequence: 95435
[ 2024-04-29 05:47:23,160 ] 91 main_controller - INFO - Failed to fill form, template sequence: 95435
[ 2024-04-29 05:47:23,160 ] 91 main_controller - INFO - Failed to fill form, template sequence: 95435
[ 2024-04-29 05:47:23,161 ] 91 main_controller - INFO - Remaining form(s): 5
[ 2024-04-29 05:47:23,161 ] 91 main_controller - INFO - Remaining form(s): 5
[ 2024-04-29 05:47:23,161 ] 91 main_controller - INFO - Remaining form(s): 5
[ 2024-04-29 05:47:23,161 ] 91 main_controller - INFO - Remaining form(s): 5
[ 2024-04-29 05:47:31,555 ] 91 main_controller - INFO - Failed to fill form, template sequence: 95433
[ 2024-04-29 05:47:31,555 ] 91 main_controller - INFO - Failed to fill form, template sequence: 95433
[ 2024-04-29 05:47:31,555 ] 91 main_controller - INFO - Failed to fill form, template sequence: 95433
[ 2024-04-29 05:47:31,555 ] 91 main_controller - INFO - Failed to fill form, template sequence: 95433
[ 2024-04-29 05:47:31,555 ] 91 main_controller - INFO - Remaining form(s): 5
[ 2024-04-29 05:47:31,555 ] 91 main_controller - INFO - Remaining form(s): 5
[ 2024-04-29 05:47:31,555 ] 91 main_controller - INFO - Remaining form(s): 5
[ 2024-04-29 05:47:31,555 ] 91 main_controller - INFO - Remaining form(s): 5
[ 2024-04-29 05:47:31,860 ] 91 main_controller - INFO - Failed to fill form, template sequence: 95441
[ 2024-04-29 05:47:31,860 ] 91 main_controller - INFO - Failed to fill form, template sequence: 95441
[ 2024-04-29 05:47:31,860 ] 91 main_controller - INFO - Failed to fill form, template sequence: 95441
[ 2024-04-29 05:47:31,860 ] 91 main_controller - INFO - Failed to fill form, template sequence: 95441
[ 2024-04-29 05:47:31,860 ] 91 main_controller - INFO - Remaining form(s): 5
[ 2024-04-29 05:47:31,860 ] 91 main_controller - INFO - Remaining form(s): 5
[ 2024-04-29 05:47:31,860 ] 91 main_controller - INFO - Remaining form(s): 5
[ 2024-04-29 05:47:31,860 ] 91 main_controller - INFO - Remaining form(s): 5
[ 2024-04-29 05:48:29,181 ] 91 main_controller - INFO - Failed to fill form, template sequence: 95441
[ 2024-04-29 05:48:29,181 ] 91 main_controller - INFO - Failed to fill form, template sequence: 95441
[ 2024-04-29 05:48:29,181 ] 91 main_controller - INFO - Failed to fill form, template sequence: 95441
[ 2024-04-29 05:48:29,181 ] 91 main_controller - INFO - Failed to fill form, template sequence: 95441
[ 2024-04-29 05:48:29,181 ] 91 main_controller - INFO - Remaining form(s): 5
[ 2024-04-29 05:48:29,181 ] 91 main_controller - INFO - Remaining form(s): 5
[ 2024-04-29 05:48:29,181 ] 91 main_controller - INFO - Remaining form(s): 5
[ 2024-04-29 05:48:29,181 ] 91 main_controller - INFO - Remaining form(s): 5
[ 2024-04-29 05:48:29,496 ] 91 main_controller - INFO - Failed to fill form, template sequence: 95433
[ 2024-04-29 05:48:29,496 ] 91 main_controller - INFO - Failed to fill form, template sequence: 95433
[ 2024-04-29 05:48:29,496 ] 91 main_controller - INFO - Failed to fill form, template sequence: 95433
[ 2024-04-29 05:48:29,496 ] 91 main_controller - INFO - Failed to fill form, template sequence: 95433
[ 2024-04-29 05:48:29,497 ] 91 main_controller - INFO - Remaining form(s): 5
[ 2024-04-29 05:48:29,497 ] 91 main_controller - INFO - Remaining form(s): 5
[ 2024-04-29 05:48:29,497 ] 91 main_controller - INFO - Remaining form(s): 5
[ 2024-04-29 05:48:29,497 ] 91 main_controller - INFO - Remaining form(s): 5
[ 2024-04-29 05:48:37,846 ] 91 main_controller - INFO - Failed to fill form, template sequence: 95441
[ 2024-04-29 05:48:37,846 ] 91 main_controller - INFO - Failed to fill form, template sequence: 95441
[ 2024-04-29 05:48:37,846 ] 91 main_controller - INFO - Failed to fill form, template sequence: 95441
[ 2024-04-29 05:48:37,846 ] 91 main_controller - INFO - Failed to fill form, template sequence: 95441
[ 2024-04-29 05:48:37,847 ] 91 main_controller - INFO - Remaining form(s): 5
[ 2024-04-29 05:48:37,847 ] 91 main_controller - INFO - Remaining form(s): 5
[ 2024-04-29 05:48:37,847 ] 91 main_controller - INFO - Remaining form(s): 5
[ 2024-04-29 05:48:37,847 ] 91 main_controller - INFO - Remaining form(s): 5
[ 2024-04-29 05:48:38,166 ] 91 main_controller - INFO - Failed to fill form, template sequence: 95440
[ 2024-04-29 05:48:38,166 ] 91 main_controller - INFO - Failed to fill form, template sequence: 95440
[ 2024-04-29 05:48:38,166 ] 91 main_controller - INFO - Failed to fill form, template sequence: 95440
[ 2024-04-29 05:48:38,166 ] 91 main_controller - INFO - Failed to fill form, template sequence: 95440
[ 2024-04-29 05:48:38,167 ] 91 main_controller - INFO - Remaining form(s): 5
[ 2024-04-29 05:48:38,167 ] 91 main_controller - INFO - Remaining form(s): 5
[ 2024-04-29 05:48:38,167 ] 91 main_controller - INFO - Remaining form(s): 5
[ 2024-04-29 05:48:38,167 ] 91 main_controller - INFO - Remaining form(s): 5
[ 2024-04-29 05:49:35,499 ] 91 main_controller - INFO - Failed to fill form, template sequence: 95440
[ 2024-04-29 05:49:35,499 ] 91 main_controller - INFO - Failed to fill form, template sequence: 95440
[ 2024-04-29 05:49:35,499 ] 91 main_controller - INFO - Failed to fill form, template sequence: 95440
[ 2024-04-29 05:49:35,499 ] 91 main_controller - INFO - Failed to fill form, template sequence: 95440
[ 2024-04-29 05:49:35,500 ] 91 main_controller - INFO - Remaining form(s): 5
[ 2024-04-29 05:49:35,500 ] 91 main_controller - INFO - Remaining form(s): 5
[ 2024-04-29 05:49:35,500 ] 91 main_controller - INFO - Remaining form(s): 5
[ 2024-04-29 05:49:35,500 ] 91 main_controller - INFO - Remaining form(s): 5
[ 2024-04-29 05:49:35,868 ] 91 main_controller - INFO - Failed to fill form, template sequence: 95440
[ 2024-04-29 05:49:35,868 ] 91 main_controller - INFO - Failed to fill form, template sequence: 95440
[ 2024-04-29 05:49:35,868 ] 91 main_controller - INFO - Failed to fill form, template sequence: 95440
[ 2024-04-29 05:49:35,868 ] 91 main_controller - INFO - Failed to fill form, template sequence: 95440
[ 2024-04-29 05:49:35,868 ] 91 main_controller - INFO - Remaining form(s): 5
[ 2024-04-29 05:49:35,868 ] 91 main_controller - INFO - Remaining form(s): 5
[ 2024-04-29 05:49:35,868 ] 91 main_controller - INFO - Remaining form(s): 5
[ 2024-04-29 05:49:35,868 ] 91 main_controller - INFO - Remaining form(s): 5
[ 2024-04-29 05:49:44,190 ] 91 main_controller - INFO - Failed to fill form, template sequence: 95438
[ 2024-04-29 05:49:44,190 ] 91 main_controller - INFO - Failed to fill form, template sequence: 95438
[ 2024-04-29 05:49:44,190 ] 91 main_controller - INFO - Failed to fill form, template sequence: 95438
[ 2024-04-29 05:49:44,190 ] 91 main_controller - INFO - Failed to fill form, template sequence: 95438
[ 2024-04-29 05:49:44,190 ] 91 main_controller - INFO - Remaining form(s): 5
[ 2024-04-29 05:49:44,190 ] 91 main_controller - INFO - Remaining form(s): 5
[ 2024-04-29 05:49:44,190 ] 91 main_controller - INFO - Remaining form(s): 5
[ 2024-04-29 05:49:44,190 ] 91 main_controller - INFO - Remaining form(s): 5
[ 2024-04-29 05:49:44,505 ] 91 main_controller - INFO - Failed to fill form, template sequence: 95438
[ 2024-04-29 05:49:44,505 ] 91 main_controller - INFO - Failed to fill form, template sequence: 95438
[ 2024-04-29 05:49:44,505 ] 91 main_controller - INFO - Failed to fill form, template sequence: 95438
[ 2024-04-29 05:49:44,505 ] 91 main_controller - INFO - Failed to fill form, template sequence: 95438
[ 2024-04-29 05:49:44,506 ] 91 main_controller - INFO - Remaining form(s): 5
[ 2024-04-29 05:49:44,506 ] 91 main_controller - INFO - Remaining form(s): 5
[ 2024-04-29 05:49:44,506 ] 91 main_controller - INFO - Remaining form(s): 5
[ 2024-04-29 05:49:44,506 ] 91 main_controller - INFO - Remaining form(s): 5
[ 2024-04-29 05:50:41,835 ] 91 main_controller - INFO - Failed to fill form, template sequence: 95433
[ 2024-04-29 05:50:41,835 ] 91 main_controller - INFO - Failed to fill form, template sequence: 95433
[ 2024-04-29 05:50:41,835 ] 91 main_controller - INFO - Failed to fill form, template sequence: 95433
[ 2024-04-29 05:50:41,835 ] 91 main_controller - INFO - Failed to fill form, template sequence: 95433
[ 2024-04-29 05:50:41,835 ] 91 main_controller - INFO - Remaining form(s): 5
[ 2024-04-29 05:50:41,835 ] 91 main_controller - INFO - Remaining form(s): 5
[ 2024-04-29 05:50:41,835 ] 91 main_controller - INFO - Remaining form(s): 5
[ 2024-04-29 05:50:41,835 ] 91 main_controller - INFO - Remaining form(s): 5
[ 2024-04-29 05:50:42,185 ] 91 main_controller - INFO - Failed to fill form, template sequence: 95441
[ 2024-04-29 05:50:42,185 ] 91 main_controller - INFO - Failed to fill form, template sequence: 95441
[ 2024-04-29 05:50:42,185 ] 91 main_controller - INFO - Failed to fill form, template sequence: 95441
[ 2024-04-29 05:50:42,185 ] 91 main_controller - INFO - Failed to fill form, template sequence: 95441
[ 2024-04-29 05:50:42,186 ] 91 main_controller - INFO - Remaining form(s): 5
[ 2024-04-29 05:50:42,186 ] 91 main_controller - INFO - Remaining form(s): 5
[ 2024-04-29 05:50:42,186 ] 91 main_controller - INFO - Remaining form(s): 5
[ 2024-04-29 05:50:42,186 ] 91 main_controller - INFO - Remaining form(s): 5
[ 2024-04-29 05:50:50,511 ] 91 main_controller - INFO - Failed to fill form, template sequence: 95435
[ 2024-04-29 05:50:50,511 ] 91 main_controller - INFO - Failed to fill form, template sequence: 95435
[ 2024-04-29 05:50:50,511 ] 91 main_controller - INFO - Failed to fill form, template sequence: 95435
[ 2024-04-29 05:50:50,511 ] 91 main_controller - INFO - Failed to fill form, template sequence: 95435
[ 2024-04-29 05:50:50,511 ] 91 main_controller - INFO - Remaining form(s): 5
[ 2024-04-29 05:50:50,511 ] 91 main_controller - INFO - Remaining form(s): 5
[ 2024-04-29 05:50:50,511 ] 91 main_controller - INFO - Remaining form(s): 5
[ 2024-04-29 05:50:50,511 ] 91 main_controller - INFO - Remaining form(s): 5
[ 2024-04-29 05:50:50,849 ] 91 main_controller - INFO - Failed to fill form, template sequence: 95433
[ 2024-04-29 05:50:50,849 ] 91 main_controller - INFO - Failed to fill form, template sequence: 95433
[ 2024-04-29 05:50:50,849 ] 91 main_controller - INFO - Failed to fill form, template sequence: 95433
[ 2024-04-29 05:50:50,849 ] 91 main_controller - INFO - Failed to fill form, template sequence: 95433
[ 2024-04-29 05:50:50,849 ] 91 main_controller - INFO - Remaining form(s): 5
[ 2024-04-29 05:50:50,849 ] 91 main_controller - INFO - Remaining form(s): 5
[ 2024-04-29 05:50:50,849 ] 91 main_controller - INFO - Remaining form(s): 5
[ 2024-04-29 05:50:50,849 ] 91 main_controller - INFO - Remaining form(s): 5
[ 2024-04-29 05:51:48,128 ] 91 main_controller - INFO - Failed to fill form, template sequence: 95435
[ 2024-04-29 05:51:48,128 ] 91 main_controller - INFO - Failed to fill form, template sequence: 95435
[ 2024-04-29 05:51:48,128 ] 91 main_controller - INFO - Failed to fill form, template sequence: 95435
[ 2024-04-29 05:51:48,128 ] 91 main_controller - INFO - Failed to fill form, template sequence: 95435
[ 2024-04-29 05:51:48,129 ] 91 main_controller - INFO - Remaining form(s): 5
[ 2024-04-29 05:51:48,129 ] 91 main_controller - INFO - Remaining form(s): 5
[ 2024-04-29 05:51:48,129 ] 91 main_controller - INFO - Remaining form(s): 5
[ 2024-04-29 05:51:48,129 ] 91 main_controller - INFO - Remaining form(s): 5
[ 2024-04-29 05:51:48,450 ] 91 main_controller - INFO - Failed to fill form, template sequence: 95438
[ 2024-04-29 05:51:48,450 ] 91 main_controller - INFO - Failed to fill form, template sequence: 95438
[ 2024-04-29 05:51:48,450 ] 91 main_controller - INFO - Failed to fill form, template sequence: 95438
[ 2024-04-29 05:51:48,450 ] 91 main_controller - INFO - Failed to fill form, template sequence: 95438
[ 2024-04-29 05:51:48,451 ] 91 main_controller - INFO - Remaining form(s): 5
[ 2024-04-29 05:51:48,451 ] 91 main_controller - INFO - Remaining form(s): 5
[ 2024-04-29 05:51:48,451 ] 91 main_controller - INFO - Remaining form(s): 5
[ 2024-04-29 05:51:48,451 ] 91 main_controller - INFO - Remaining form(s): 5
[ 2024-04-29 05:51:56,805 ] 91 main_controller - INFO - Failed to fill form, template sequence: 95440
[ 2024-04-29 05:51:56,805 ] 91 main_controller - INFO - Failed to fill form, template sequence: 95440
[ 2024-04-29 05:51:56,805 ] 91 main_controller - INFO - Failed to fill form, template sequence: 95440
[ 2024-04-29 05:51:56,805 ] 91 main_controller - INFO - Failed to fill form, template sequence: 95440
[ 2024-04-29 05:51:56,805 ] 91 main_controller - INFO - Remaining form(s): 5
[ 2024-04-29 05:51:56,805 ] 91 main_controller - INFO - Remaining form(s): 5
[ 2024-04-29 05:51:56,805 ] 91 main_controller - INFO - Remaining form(s): 5
[ 2024-04-29 05:51:56,805 ] 91 main_controller - INFO - Remaining form(s): 5
[ 2024-04-29 05:51:57,129 ] 91 main_controller - INFO - Failed to fill form, template sequence: 95435
[ 2024-04-29 05:51:57,129 ] 91 main_controller - INFO - Failed to fill form, template sequence: 95435
[ 2024-04-29 05:51:57,129 ] 91 main_controller - INFO - Failed to fill form, template sequence: 95435
[ 2024-04-29 05:51:57,129 ] 91 main_controller - INFO - Failed to fill form, template sequence: 95435
[ 2024-04-29 05:51:57,129 ] 91 main_controller - INFO - Remaining form(s): 5
[ 2024-04-29 05:51:57,129 ] 91 main_controller - INFO - Remaining form(s): 5
[ 2024-04-29 05:51:57,129 ] 91 main_controller - INFO - Remaining form(s): 5
[ 2024-04-29 05:51:57,129 ] 91 main_controller - INFO - Remaining form(s): 5
[ 2024-04-29 05:52:54,542 ] 91 main_controller - INFO - Failed to fill form, template sequence: 95438
[ 2024-04-29 05:52:54,542 ] 91 main_controller - INFO - Failed to fill form, template sequence: 95438
[ 2024-04-29 05:52:54,542 ] 91 main_controller - INFO - Failed to fill form, template sequence: 95438
[ 2024-04-29 05:52:54,542 ] 91 main_controller - INFO - Failed to fill form, template sequence: 95438
[ 2024-04-29 05:52:54,543 ] 91 main_controller - INFO - Remaining form(s): 5
[ 2024-04-29 05:52:54,543 ] 91 main_controller - INFO - Remaining form(s): 5
[ 2024-04-29 05:52:54,543 ] 91 main_controller - INFO - Remaining form(s): 5
[ 2024-04-29 05:52:54,543 ] 91 main_controller - INFO - Remaining form(s): 5
[ 2024-04-29 05:52:54,796 ] 91 main_controller - INFO - Failed to fill form, template sequence: 95435
[ 2024-04-29 05:52:54,796 ] 91 main_controller - INFO - Failed to fill form, template sequence: 95435
[ 2024-04-29 05:52:54,796 ] 91 main_controller - INFO - Failed to fill form, template sequence: 95435
[ 2024-04-29 05:52:54,796 ] 91 main_controller - INFO - Failed to fill form, template sequence: 95435
[ 2024-04-29 05:52:54,796 ] 91 main_controller - INFO - Remaining form(s): 5
[ 2024-04-29 05:52:54,796 ] 91 main_controller - INFO - Remaining form(s): 5
[ 2024-04-29 05:52:54,796 ] 91 main_controller - INFO - Remaining form(s): 5
[ 2024-04-29 05:52:54,796 ] 91 main_controller - INFO - Remaining form(s): 5
[ 2024-04-29 05:53:03,140 ] 91 main_controller - INFO - Failed to fill form, template sequence: 95433
[ 2024-04-29 05:53:03,140 ] 91 main_controller - INFO - Failed to fill form, template sequence: 95433
[ 2024-04-29 05:53:03,140 ] 91 main_controller - INFO - Failed to fill form, template sequence: 95433
[ 2024-04-29 05:53:03,140 ] 91 main_controller - INFO - Failed to fill form, template sequence: 95433
[ 2024-04-29 05:53:03,140 ] 91 main_controller - INFO - Remaining form(s): 5
[ 2024-04-29 05:53:03,140 ] 91 main_controller - INFO - Remaining form(s): 5
[ 2024-04-29 05:53:03,140 ] 91 main_controller - INFO - Remaining form(s): 5
[ 2024-04-29 05:53:03,140 ] 91 main_controller - INFO - Remaining form(s): 5
[ 2024-04-29 05:53:03,487 ] 91 main_controller - INFO - Failed to fill form, template sequence: 95441
[ 2024-04-29 05:53:03,487 ] 91 main_controller - INFO - Failed to fill form, template sequence: 95441
[ 2024-04-29 05:53:03,487 ] 91 main_controller - INFO - Failed to fill form, template sequence: 95441
[ 2024-04-29 05:53:03,487 ] 91 main_controller - INFO - Failed to fill form, template sequence: 95441
[ 2024-04-29 05:53:03,487 ] 91 main_controller - INFO - Remaining form(s): 5
[ 2024-04-29 05:53:03,487 ] 91 main_controller - INFO - Remaining form(s): 5
[ 2024-04-29 05:53:03,487 ] 91 main_controller - INFO - Remaining form(s): 5
[ 2024-04-29 05:53:03,487 ] 91 main_controller - INFO - Remaining form(s): 5
[ 2024-04-29 05:54:00,878 ] 91 main_controller - INFO - Failed to fill form, template sequence: 95441
[ 2024-04-29 05:54:00,878 ] 91 main_controller - INFO - Failed to fill form, template sequence: 95441
[ 2024-04-29 05:54:00,878 ] 91 main_controller - INFO - Failed to fill form, template sequence: 95441
[ 2024-04-29 05:54:00,878 ] 91 main_controller - INFO - Failed to fill form, template sequence: 95441
[ 2024-04-29 05:54:00,878 ] 91 main_controller - INFO - Remaining form(s): 5
[ 2024-04-29 05:54:00,878 ] 91 main_controller - INFO - Remaining form(s): 5
[ 2024-04-29 05:54:00,878 ] 91 main_controller - INFO - Remaining form(s): 5
[ 2024-04-29 05:54:00,878 ] 91 main_controller - INFO - Remaining form(s): 5
[ 2024-04-29 05:54:01,127 ] 91 main_controller - INFO - Failed to fill form, template sequence: 95433
[ 2024-04-29 05:54:01,127 ] 91 main_controller - INFO - Failed to fill form, template sequence: 95433
[ 2024-04-29 05:54:01,127 ] 91 main_controller - INFO - Failed to fill form, template sequence: 95433
[ 2024-04-29 05:54:01,127 ] 91 main_controller - INFO - Failed to fill form, template sequence: 95433
[ 2024-04-29 05:54:01,127 ] 91 main_controller - INFO - Remaining form(s): 5
[ 2024-04-29 05:54:01,127 ] 91 main_controller - INFO - Remaining form(s): 5
[ 2024-04-29 05:54:01,127 ] 91 main_controller - INFO - Remaining form(s): 5
[ 2024-04-29 05:54:01,127 ] 91 main_controller - INFO - Remaining form(s): 5
[ 2024-04-29 05:54:09,436 ] 91 main_controller - INFO - Failed to fill form, template sequence: 95441
[ 2024-04-29 05:54:09,436 ] 91 main_controller - INFO - Failed to fill form, template sequence: 95441
[ 2024-04-29 05:54:09,436 ] 91 main_controller - INFO - Failed to fill form, template sequence: 95441
[ 2024-04-29 05:54:09,436 ] 91 main_controller - INFO - Failed to fill form, template sequence: 95441
[ 2024-04-29 05:54:09,436 ] 91 main_controller - INFO - Remaining form(s): 5
[ 2024-04-29 05:54:09,436 ] 91 main_controller - INFO - Remaining form(s): 5
[ 2024-04-29 05:54:09,436 ] 91 main_controller - INFO - Remaining form(s): 5
[ 2024-04-29 05:54:09,436 ] 91 main_controller - INFO - Remaining form(s): 5
[ 2024-04-29 05:54:09,825 ] 91 main_controller - INFO - Failed to fill form, template sequence: 95440
[ 2024-04-29 05:54:09,825 ] 91 main_controller - INFO - Failed to fill form, template sequence: 95440
[ 2024-04-29 05:54:09,825 ] 91 main_controller - INFO - Failed to fill form, template sequence: 95440
[ 2024-04-29 05:54:09,825 ] 91 main_controller - INFO - Failed to fill form, template sequence: 95440
[ 2024-04-29 05:54:09,826 ] 91 main_controller - INFO - Remaining form(s): 5
[ 2024-04-29 05:54:09,826 ] 91 main_controller - INFO - Remaining form(s): 5
[ 2024-04-29 05:54:09,826 ] 91 main_controller - INFO - Remaining form(s): 5
[ 2024-04-29 05:54:09,826 ] 91 main_controller - INFO - Remaining form(s): 5
[ 2024-04-29 05:55:07,229 ] 91 main_controller - INFO - Failed to fill form, template sequence: 95440
[ 2024-04-29 05:55:07,229 ] 91 main_controller - INFO - Failed to fill form, template sequence: 95440
[ 2024-04-29 05:55:07,229 ] 91 main_controller - INFO - Failed to fill form, template sequence: 95440
[ 2024-04-29 05:55:07,229 ] 91 main_controller - INFO - Failed to fill form, template sequence: 95440
[ 2024-04-29 05:55:07,230 ] 91 main_controller - INFO - Remaining form(s): 5
[ 2024-04-29 05:55:07,230 ] 91 main_controller - INFO - Remaining form(s): 5
[ 2024-04-29 05:55:07,230 ] 91 main_controller - INFO - Remaining form(s): 5
[ 2024-04-29 05:55:07,230 ] 91 main_controller - INFO - Remaining form(s): 5
[ 2024-04-29 05:55:07,464 ] 91 main_controller - INFO - Failed to fill form, template sequence: 95440
[ 2024-04-29 05:55:07,464 ] 91 main_controller - INFO - Failed to fill form, template sequence: 95440
[ 2024-04-29 05:55:07,464 ] 91 main_controller - INFO - Failed to fill form, template sequence: 95440
[ 2024-04-29 05:55:07,464 ] 91 main_controller - INFO - Failed to fill form, template sequence: 95440
[ 2024-04-29 05:55:07,465 ] 91 main_controller - INFO - Remaining form(s): 5
[ 2024-04-29 05:55:07,465 ] 91 main_controller - INFO - Remaining form(s): 5
[ 2024-04-29 05:55:07,465 ] 91 main_controller - INFO - Remaining form(s): 5
[ 2024-04-29 05:55:07,465 ] 91 main_controller - INFO - Remaining form(s): 5
[ 2024-04-29 05:55:15,765 ] 91 main_controller - INFO - Failed to fill form, template sequence: 95438
[ 2024-04-29 05:55:15,765 ] 91 main_controller - INFO - Failed to fill form, template sequence: 95438
[ 2024-04-29 05:55:15,765 ] 91 main_controller - INFO - Failed to fill form, template sequence: 95438
[ 2024-04-29 05:55:15,765 ] 91 main_controller - INFO - Failed to fill form, template sequence: 95438
[ 2024-04-29 05:55:15,766 ] 91 main_controller - INFO - Remaining form(s): 5
[ 2024-04-29 05:55:15,766 ] 91 main_controller - INFO - Remaining form(s): 5
[ 2024-04-29 05:55:15,766 ] 91 main_controller - INFO - Remaining form(s): 5
[ 2024-04-29 05:55:15,766 ] 91 main_controller - INFO - Remaining form(s): 5
[ 2024-04-29 05:55:16,134 ] 91 main_controller - INFO - Failed to fill form, template sequence: 95438
[ 2024-04-29 05:55:16,134 ] 91 main_controller - INFO - Failed to fill form, template sequence: 95438
[ 2024-04-29 05:55:16,134 ] 91 main_controller - INFO - Failed to fill form, template sequence: 95438
[ 2024-04-29 05:55:16,134 ] 91 main_controller - INFO - Failed to fill form, template sequence: 95438
[ 2024-04-29 05:55:16,135 ] 91 main_controller - INFO - Remaining form(s): 5
[ 2024-04-29 05:55:16,135 ] 91 main_controller - INFO - Remaining form(s): 5
[ 2024-04-29 05:55:16,135 ] 91 main_controller - INFO - Remaining form(s): 5
[ 2024-04-29 05:55:16,135 ] 91 main_controller - INFO - Remaining form(s): 5
[ 2024-04-29 05:56:13,573 ] 91 main_controller - INFO - Failed to fill form, template sequence: 95433
[ 2024-04-29 05:56:13,573 ] 91 main_controller - INFO - Failed to fill form, template sequence: 95433
[ 2024-04-29 05:56:13,573 ] 91 main_controller - INFO - Failed to fill form, template sequence: 95433
[ 2024-04-29 05:56:13,573 ] 91 main_controller - INFO - Failed to fill form, template sequence: 95433
[ 2024-04-29 05:56:13,573 ] 91 main_controller - INFO - Remaining form(s): 5
[ 2024-04-29 05:56:13,573 ] 91 main_controller - INFO - Remaining form(s): 5
[ 2024-04-29 05:56:13,573 ] 91 main_controller - INFO - Remaining form(s): 5
[ 2024-04-29 05:56:13,573 ] 91 main_controller - INFO - Remaining form(s): 5
[ 2024-04-29 05:56:13,816 ] 91 main_controller - INFO - Failed to fill form, template sequence: 95441
[ 2024-04-29 05:56:13,816 ] 91 main_controller - INFO - Failed to fill form, template sequence: 95441
[ 2024-04-29 05:56:13,816 ] 91 main_controller - INFO - Failed to fill form, template sequence: 95441
[ 2024-04-29 05:56:13,816 ] 91 main_controller - INFO - Failed to fill form, template sequence: 95441
[ 2024-04-29 05:56:13,816 ] 91 main_controller - INFO - Remaining form(s): 5
[ 2024-04-29 05:56:13,816 ] 91 main_controller - INFO - Remaining form(s): 5
[ 2024-04-29 05:56:13,816 ] 91 main_controller - INFO - Remaining form(s): 5
[ 2024-04-29 05:56:13,816 ] 91 main_controller - INFO - Remaining form(s): 5
[ 2024-04-29 05:56:22,164 ] 91 main_controller - INFO - Failed to fill form, template sequence: 95435
[ 2024-04-29 05:56:22,164 ] 91 main_controller - INFO - Failed to fill form, template sequence: 95435
[ 2024-04-29 05:56:22,164 ] 91 main_controller - INFO - Failed to fill form, template sequence: 95435
[ 2024-04-29 05:56:22,164 ] 91 main_controller - INFO - Failed to fill form, template sequence: 95435
[ 2024-04-29 05:56:22,165 ] 91 main_controller - INFO - Remaining form(s): 5
[ 2024-04-29 05:56:22,165 ] 91 main_controller - INFO - Remaining form(s): 5
[ 2024-04-29 05:56:22,165 ] 91 main_controller - INFO - Remaining form(s): 5
[ 2024-04-29 05:56:22,165 ] 91 main_controller - INFO - Remaining form(s): 5
[ 2024-04-29 05:56:22,493 ] 91 main_controller - INFO - Failed to fill form, template sequence: 95433
[ 2024-04-29 05:56:22,493 ] 91 main_controller - INFO - Failed to fill form, template sequence: 95433
[ 2024-04-29 05:56:22,493 ] 91 main_controller - INFO - Failed to fill form, template sequence: 95433
[ 2024-04-29 05:56:22,493 ] 91 main_controller - INFO - Failed to fill form, template sequence: 95433
[ 2024-04-29 05:56:22,493 ] 91 main_controller - INFO - Remaining form(s): 5
[ 2024-04-29 05:56:22,493 ] 91 main_controller - INFO - Remaining form(s): 5
[ 2024-04-29 05:56:22,493 ] 91 main_controller - INFO - Remaining form(s): 5
[ 2024-04-29 05:56:22,493 ] 91 main_controller - INFO - Remaining form(s): 5
[ 2024-04-29 05:57:19,884 ] 91 main_controller - INFO - Failed to fill form, template sequence: 95435
[ 2024-04-29 05:57:19,884 ] 91 main_controller - INFO - Failed to fill form, template sequence: 95435
[ 2024-04-29 05:57:19,884 ] 91 main_controller - INFO - Failed to fill form, template sequence: 95435
[ 2024-04-29 05:57:19,884 ] 91 main_controller - INFO - Failed to fill form, template sequence: 95435
[ 2024-04-29 05:57:19,885 ] 91 main_controller - INFO - Remaining form(s): 5
[ 2024-04-29 05:57:19,885 ] 91 main_controller - INFO - Remaining form(s): 5
[ 2024-04-29 05:57:19,885 ] 91 main_controller - INFO - Remaining form(s): 5
[ 2024-04-29 05:57:19,885 ] 91 main_controller - INFO - Remaining form(s): 5
[ 2024-04-29 05:57:20,128 ] 91 main_controller - INFO - Failed to fill form, template sequence: 95438
[ 2024-04-29 05:57:20,128 ] 91 main_controller - INFO - Failed to fill form, template sequence: 95438
[ 2024-04-29 05:57:20,128 ] 91 main_controller - INFO - Failed to fill form, template sequence: 95438
[ 2024-04-29 05:57:20,128 ] 91 main_controller - INFO - Failed to fill form, template sequence: 95438
[ 2024-04-29 05:57:20,129 ] 91 main_controller - INFO - Remaining form(s): 5
[ 2024-04-29 05:57:20,129 ] 91 main_controller - INFO - Remaining form(s): 5
[ 2024-04-29 05:57:20,129 ] 91 main_controller - INFO - Remaining form(s): 5
[ 2024-04-29 05:57:20,129 ] 91 main_controller - INFO - Remaining form(s): 5
[ 2024-04-29 05:57:28,525 ] 91 main_controller - INFO - Failed to fill form, template sequence: 95440
[ 2024-04-29 05:57:28,525 ] 91 main_controller - INFO - Failed to fill form, template sequence: 95440
[ 2024-04-29 05:57:28,525 ] 91 main_controller - INFO - Failed to fill form, template sequence: 95440
[ 2024-04-29 05:57:28,525 ] 91 main_controller - INFO - Failed to fill form, template sequence: 95440
[ 2024-04-29 05:57:28,525 ] 91 main_controller - INFO - Remaining form(s): 5
[ 2024-04-29 05:57:28,525 ] 91 main_controller - INFO - Remaining form(s): 5
[ 2024-04-29 05:57:28,525 ] 91 main_controller - INFO - Remaining form(s): 5
[ 2024-04-29 05:57:28,525 ] 91 main_controller - INFO - Remaining form(s): 5
[ 2024-04-29 05:57:28,838 ] 91 main_controller - INFO - Failed to fill form, template sequence: 95435
[ 2024-04-29 05:57:28,838 ] 91 main_controller - INFO - Failed to fill form, template sequence: 95435
[ 2024-04-29 05:57:28,838 ] 91 main_controller - INFO - Failed to fill form, template sequence: 95435
[ 2024-04-29 05:57:28,838 ] 91 main_controller - INFO - Failed to fill form, template sequence: 95435
[ 2024-04-29 05:57:28,839 ] 91 main_controller - INFO - Remaining form(s): 5
[ 2024-04-29 05:57:28,839 ] 91 main_controller - INFO - Remaining form(s): 5
[ 2024-04-29 05:57:28,839 ] 91 main_controller - INFO - Remaining form(s): 5
[ 2024-04-29 05:57:28,839 ] 91 main_controller - INFO - Remaining form(s): 5
[ 2024-04-29 05:58:26,340 ] 91 main_controller - INFO - Failed to fill form, template sequence: 95438
[ 2024-04-29 05:58:26,340 ] 91 main_controller - INFO - Failed to fill form, template sequence: 95438
[ 2024-04-29 05:58:26,340 ] 91 main_controller - INFO - Failed to fill form, template sequence: 95438
[ 2024-04-29 05:58:26,340 ] 91 main_controller - INFO - Failed to fill form, template sequence: 95438
[ 2024-04-29 05:58:26,340 ] 91 main_controller - INFO - Remaining form(s): 5
[ 2024-04-29 05:58:26,340 ] 91 main_controller - INFO - Remaining form(s): 5
[ 2024-04-29 05:58:26,340 ] 91 main_controller - INFO - Remaining form(s): 5
[ 2024-04-29 05:58:26,340 ] 91 main_controller - INFO - Remaining form(s): 5
[ 2024-04-29 05:58:26,461 ] 91 main_controller - INFO - Failed to fill form, template sequence: 95435
[ 2024-04-29 05:58:26,461 ] 91 main_controller - INFO - Failed to fill form, template sequence: 95435
[ 2024-04-29 05:58:26,461 ] 91 main_controller - INFO - Failed to fill form, template sequence: 95435
[ 2024-04-29 05:58:26,461 ] 91 main_controller - INFO - Failed to fill form, template sequence: 95435
[ 2024-04-29 05:58:26,461 ] 91 main_controller - INFO - Remaining form(s): 5
[ 2024-04-29 05:58:26,461 ] 91 main_controller - INFO - Remaining form(s): 5
[ 2024-04-29 05:58:26,461 ] 91 main_controller - INFO - Remaining form(s): 5
[ 2024-04-29 05:58:26,461 ] 91 main_controller - INFO - Remaining form(s): 5
[ 2024-04-29 05:58:34,877 ] 91 main_controller - INFO - Failed to fill form, template sequence: 95433
[ 2024-04-29 05:58:34,877 ] 91 main_controller - INFO - Failed to fill form, template sequence: 95433
[ 2024-04-29 05:58:34,877 ] 91 main_controller - INFO - Failed to fill form, template sequence: 95433
[ 2024-04-29 05:58:34,877 ] 91 main_controller - INFO - Failed to fill form, template sequence: 95433
[ 2024-04-29 05:58:34,878 ] 91 main_controller - INFO - Remaining form(s): 5
[ 2024-04-29 05:58:34,878 ] 91 main_controller - INFO - Remaining form(s): 5
[ 2024-04-29 05:58:34,878 ] 91 main_controller - INFO - Remaining form(s): 5
[ 2024-04-29 05:58:34,878 ] 91 main_controller - INFO - Remaining form(s): 5
[ 2024-04-29 05:58:35,148 ] 91 main_controller - INFO - Failed to fill form, template sequence: 95441
[ 2024-04-29 05:58:35,148 ] 91 main_controller - INFO - Failed to fill form, template sequence: 95441
[ 2024-04-29 05:58:35,148 ] 91 main_controller - INFO - Failed to fill form, template sequence: 95441
[ 2024-04-29 05:58:35,148 ] 91 main_controller - INFO - Failed to fill form, template sequence: 95441
[ 2024-04-29 05:58:35,148 ] 91 main_controller - INFO - Remaining form(s): 5
[ 2024-04-29 05:58:35,148 ] 91 main_controller - INFO - Remaining form(s): 5
[ 2024-04-29 05:58:35,148 ] 91 main_controller - INFO - Remaining form(s): 5
[ 2024-04-29 05:58:35,148 ] 91 main_controller - INFO - Remaining form(s): 5
