[ 2024-04-23 22:48:50,654 ] 94 benemmai380 - INFO - Opened login page
[ 2024-04-23 22:48:50,654 ] 94 benemmai380 - INFO - Opened login page
[ 2024-04-23 22:48:50,654 ] 94 benemmai380 - INFO - Opened login page
[ 2024-04-23 22:48:54,362 ] 94 benemmai380 - INFO - Logging in
[ 2024-04-23 22:48:54,362 ] 94 benemmai380 - INFO - Logging in
[ 2024-04-23 22:48:54,362 ] 94 benemmai380 - INFO - Logging in
[ 2024-04-23 22:48:54,379 ] 94 benemmai380 - INFO - Current url: https://www.shinsei.e-aichi.jp/pref-aichi-police-u/offer/offerList_initDisplay
[ 2024-04-23 22:48:54,379 ] 94 benemmai380 - INFO - Current url: https://www.shinsei.e-aichi.jp/pref-aichi-police-u/offer/offerList_initDisplay
[ 2024-04-23 22:48:54,379 ] 94 benemmai380 - INFO - Current url: https://www.shinsei.e-aichi.jp/pref-aichi-police-u/offer/offerList_initDisplay
[ 2024-04-23 22:48:54,702 ] 94 benemmai380 - INFO - Logged in finished
[ 2024-04-23 22:48:54,702 ] 94 benemmai380 - INFO - Logged in finished
[ 2024-04-23 22:48:54,702 ] 94 benemmai380 - INFO - Logged in finished
[ 2024-04-23 22:48:55,319 ] 94 benemmai380 - INFO - On main page
[ 2024-04-23 22:48:55,319 ] 94 benemmai380 - INFO - On main page
[ 2024-04-23 22:48:55,319 ] 94 benemmai380 - INFO - On main page
[ 2024-04-23 22:48:56,902 ] 94 benemmai380 - INFO - Search submitted
[ 2024-04-23 22:48:56,902 ] 94 benemmai380 - INFO - Search submitted
[ 2024-04-23 22:48:56,902 ] 94 benemmai380 - INFO - Search submitted
[ 2024-04-23 22:48:57,056 ] 94 benemmai380 - INFO - Collected 20 forms
[ 2024-04-23 22:48:57,056 ] 94 benemmai380 - INFO - Collected 20 forms
[ 2024-04-23 22:48:57,056 ] 94 benemmai380 - INFO - Collected 20 forms
[ 2024-04-23 22:48:57,909 ] 94 benemmai380 - INFO - Number of filtered forms left is: 5 form(s)
[ 2024-04-23 22:48:57,909 ] 94 benemmai380 - INFO - Number of filtered forms left is: 5 form(s)
[ 2024-04-23 22:48:57,909 ] 94 benemmai380 - INFO - Number of filtered forms left is: 5 form(s)
[ 2024-04-23 22:49:06,167 ] 94 benemmai380 - INFO - Opened login page
[ 2024-04-23 22:49:06,167 ] 94 benemmai380 - INFO - Opened login page
[ 2024-04-23 22:49:06,167 ] 94 benemmai380 - INFO - Opened login page
[ 2024-04-23 22:49:06,167 ] 94 benemmai380 - INFO - Opened login page
[ 2024-04-23 22:49:06,167 ] 94 benemmai380 - INFO - Opened login page
[ 2024-04-23 22:49:06,167 ] 94 benemmai380 - INFO - Opened login page
[ 2024-04-23 22:49:23,733 ] 94 benemmai380 - INFO - Opened login page
[ 2024-04-23 22:49:23,733 ] 94 benemmai380 - INFO - Opened login page
[ 2024-04-23 22:49:23,733 ] 94 benemmai380 - INFO - Opened login page
[ 2024-04-23 22:49:23,733 ] 94 benemmai380 - INFO - Opened login page
[ 2024-04-23 22:49:23,733 ] 94 benemmai380 - INFO - Opened login page
[ 2024-04-23 22:49:23,733 ] 94 benemmai380 - INFO - Opened login page
[ 2024-04-23 22:49:23,733 ] 94 benemmai380 - INFO - Opened login page
[ 2024-04-23 22:49:23,733 ] 94 benemmai380 - INFO - Opened login page
[ 2024-04-23 22:49:23,733 ] 94 benemmai380 - INFO - Opened login page
[ 2024-04-23 22:49:27,069 ] 94 benemmai380 - INFO - Logging in
[ 2024-04-23 22:49:27,069 ] 94 benemmai380 - INFO - Logging in
[ 2024-04-23 22:49:27,069 ] 94 benemmai380 - INFO - Logging in
[ 2024-04-23 22:49:27,069 ] 94 benemmai380 - INFO - Logging in
[ 2024-04-23 22:49:27,069 ] 94 benemmai380 - INFO - Logging in
[ 2024-04-23 22:49:27,069 ] 94 benemmai380 - INFO - Logging in
[ 2024-04-23 22:49:27,069 ] 94 benemmai380 - INFO - Logging in
[ 2024-04-23 22:49:27,069 ] 94 benemmai380 - INFO - Logging in
[ 2024-04-23 22:49:27,069 ] 94 benemmai380 - INFO - Logging in
[ 2024-04-23 22:49:27,079 ] 94 benemmai380 - INFO - Current url: https://www.shinsei.e-aichi.jp/pref-aichi-police-u/offer/offerList_initDisplay
[ 2024-04-23 22:49:27,079 ] 94 benemmai380 - INFO - Current url: https://www.shinsei.e-aichi.jp/pref-aichi-police-u/offer/offerList_initDisplay
[ 2024-04-23 22:49:27,079 ] 94 benemmai380 - INFO - Current url: https://www.shinsei.e-aichi.jp/pref-aichi-police-u/offer/offerList_initDisplay
[ 2024-04-23 22:49:27,079 ] 94 benemmai380 - INFO - Current url: https://www.shinsei.e-aichi.jp/pref-aichi-police-u/offer/offerList_initDisplay
[ 2024-04-23 22:49:27,079 ] 94 benemmai380 - INFO - Current url: https://www.shinsei.e-aichi.jp/pref-aichi-police-u/offer/offerList_initDisplay
[ 2024-04-23 22:49:27,079 ] 94 benemmai380 - INFO - Current url: https://www.shinsei.e-aichi.jp/pref-aichi-police-u/offer/offerList_initDisplay
[ 2024-04-23 22:49:27,079 ] 94 benemmai380 - INFO - Current url: https://www.shinsei.e-aichi.jp/pref-aichi-police-u/offer/offerList_initDisplay
[ 2024-04-23 22:49:27,079 ] 94 benemmai380 - INFO - Current url: https://www.shinsei.e-aichi.jp/pref-aichi-police-u/offer/offerList_initDisplay
[ 2024-04-23 22:49:27,079 ] 94 benemmai380 - INFO - Current url: https://www.shinsei.e-aichi.jp/pref-aichi-police-u/offer/offerList_initDisplay
[ 2024-04-23 22:49:27,401 ] 94 benemmai380 - INFO - Logged in finished
[ 2024-04-23 22:49:27,401 ] 94 benemmai380 - INFO - Logged in finished
[ 2024-04-23 22:49:27,401 ] 94 benemmai380 - INFO - Logged in finished
[ 2024-04-23 22:49:27,401 ] 94 benemmai380 - INFO - Logged in finished
[ 2024-04-23 22:49:27,401 ] 94 benemmai380 - INFO - Logged in finished
[ 2024-04-23 22:49:27,401 ] 94 benemmai380 - INFO - Logged in finished
[ 2024-04-23 22:49:27,401 ] 94 benemmai380 - INFO - Logged in finished
[ 2024-04-23 22:49:27,401 ] 94 benemmai380 - INFO - Logged in finished
[ 2024-04-23 22:49:27,401 ] 94 benemmai380 - INFO - Logged in finished
[ 2024-04-23 22:49:27,901 ] 94 benemmai380 - INFO - On main page
[ 2024-04-23 22:49:27,901 ] 94 benemmai380 - INFO - On main page
[ 2024-04-23 22:49:27,901 ] 94 benemmai380 - INFO - On main page
[ 2024-04-23 22:49:27,901 ] 94 benemmai380 - INFO - On main page
[ 2024-04-23 22:49:27,901 ] 94 benemmai380 - INFO - On main page
[ 2024-04-23 22:49:27,901 ] 94 benemmai380 - INFO - On main page
[ 2024-04-23 22:49:27,901 ] 94 benemmai380 - INFO - On main page
[ 2024-04-23 22:49:27,901 ] 94 benemmai380 - INFO - On main page
[ 2024-04-23 22:49:27,901 ] 94 benemmai380 - INFO - On main page
[ 2024-04-23 22:49:29,422 ] 94 benemmai380 - INFO - Search submitted
[ 2024-04-23 22:49:29,422 ] 94 benemmai380 - INFO - Search submitted
[ 2024-04-23 22:49:29,422 ] 94 benemmai380 - INFO - Search submitted
[ 2024-04-23 22:49:29,422 ] 94 benemmai380 - INFO - Search submitted
[ 2024-04-23 22:49:29,422 ] 94 benemmai380 - INFO - Search submitted
[ 2024-04-23 22:49:29,422 ] 94 benemmai380 - INFO - Search submitted
[ 2024-04-23 22:49:29,422 ] 94 benemmai380 - INFO - Search submitted
[ 2024-04-23 22:49:29,422 ] 94 benemmai380 - INFO - Search submitted
[ 2024-04-23 22:49:29,422 ] 94 benemmai380 - INFO - Search submitted
[ 2024-04-23 22:49:29,575 ] 94 benemmai380 - INFO - Collected 20 forms
[ 2024-04-23 22:49:29,575 ] 94 benemmai380 - INFO - Collected 20 forms
[ 2024-04-23 22:49:29,575 ] 94 benemmai380 - INFO - Collected 20 forms
[ 2024-04-23 22:49:29,575 ] 94 benemmai380 - INFO - Collected 20 forms
[ 2024-04-23 22:49:29,575 ] 94 benemmai380 - INFO - Collected 20 forms
[ 2024-04-23 22:49:29,575 ] 94 benemmai380 - INFO - Collected 20 forms
[ 2024-04-23 22:49:29,575 ] 94 benemmai380 - INFO - Collected 20 forms
[ 2024-04-23 22:49:29,575 ] 94 benemmai380 - INFO - Collected 20 forms
[ 2024-04-23 22:49:29,575 ] 94 benemmai380 - INFO - Collected 20 forms
[ 2024-04-23 22:49:31,788 ] 94 benemmai380 - INFO - Number of filtered forms left is: 5 form(s)
[ 2024-04-23 22:49:31,788 ] 94 benemmai380 - INFO - Number of filtered forms left is: 5 form(s)
[ 2024-04-23 22:49:31,788 ] 94 benemmai380 - INFO - Number of filtered forms left is: 5 form(s)
[ 2024-04-23 22:49:31,788 ] 94 benemmai380 - INFO - Number of filtered forms left is: 5 form(s)
[ 2024-04-23 22:49:31,788 ] 94 benemmai380 - INFO - Number of filtered forms left is: 5 form(s)
[ 2024-04-23 22:49:31,788 ] 94 benemmai380 - INFO - Number of filtered forms left is: 5 form(s)
[ 2024-04-23 22:49:31,788 ] 94 benemmai380 - INFO - Number of filtered forms left is: 5 form(s)
[ 2024-04-23 22:49:31,788 ] 94 benemmai380 - INFO - Number of filtered forms left is: 5 form(s)
[ 2024-04-23 22:49:31,788 ] 94 benemmai380 - INFO - Number of filtered forms left is: 5 form(s)
[ 2024-04-23 22:49:51,083 ] 94 benemmai380 - INFO - Opened login page
[ 2024-04-23 22:49:51,083 ] 94 benemmai380 - INFO - Opened login page
[ 2024-04-23 22:49:51,083 ] 94 benemmai380 - INFO - Opened login page
[ 2024-04-23 22:49:51,083 ] 94 benemmai380 - INFO - Opened login page
[ 2024-04-23 22:49:51,083 ] 94 benemmai380 - INFO - Opened login page
[ 2024-04-23 22:49:51,083 ] 94 benemmai380 - INFO - Opened login page
[ 2024-04-23 22:49:51,083 ] 94 benemmai380 - INFO - Opened login page
[ 2024-04-23 22:49:51,083 ] 94 benemmai380 - INFO - Opened login page
[ 2024-04-23 22:49:51,083 ] 94 benemmai380 - INFO - Opened login page
[ 2024-04-23 22:49:51,083 ] 94 benemmai380 - INFO - Opened login page
[ 2024-04-23 22:49:51,083 ] 94 benemmai380 - INFO - Opened login page
[ 2024-04-23 22:49:51,083 ] 94 benemmai380 - INFO - Opened login page
[ 2024-04-23 22:49:57,750 ] 94 benemmai380 - INFO - Logging in
[ 2024-04-23 22:49:57,750 ] 94 benemmai380 - INFO - Logging in
[ 2024-04-23 22:49:57,750 ] 94 benemmai380 - INFO - Logging in
[ 2024-04-23 22:49:57,750 ] 94 benemmai380 - INFO - Logging in
[ 2024-04-23 22:49:57,750 ] 94 benemmai380 - INFO - Logging in
[ 2024-04-23 22:49:57,750 ] 94 benemmai380 - INFO - Logging in
[ 2024-04-23 22:49:57,750 ] 94 benemmai380 - INFO - Logging in
[ 2024-04-23 22:49:57,750 ] 94 benemmai380 - INFO - Logging in
[ 2024-04-23 22:49:57,750 ] 94 benemmai380 - INFO - Logging in
[ 2024-04-23 22:49:57,750 ] 94 benemmai380 - INFO - Logging in
[ 2024-04-23 22:49:57,750 ] 94 benemmai380 - INFO - Logging in
[ 2024-04-23 22:49:57,750 ] 94 benemmai380 - INFO - Logging in
[ 2024-04-23 22:49:57,805 ] 94 benemmai380 - INFO - Current url: https://www.shinsei.e-aichi.jp/pref-aichi-police-u/offer/offerList_initDisplay
[ 2024-04-23 22:49:57,805 ] 94 benemmai380 - INFO - Current url: https://www.shinsei.e-aichi.jp/pref-aichi-police-u/offer/offerList_initDisplay
[ 2024-04-23 22:49:57,805 ] 94 benemmai380 - INFO - Current url: https://www.shinsei.e-aichi.jp/pref-aichi-police-u/offer/offerList_initDisplay
[ 2024-04-23 22:49:57,805 ] 94 benemmai380 - INFO - Current url: https://www.shinsei.e-aichi.jp/pref-aichi-police-u/offer/offerList_initDisplay
[ 2024-04-23 22:49:57,805 ] 94 benemmai380 - INFO - Current url: https://www.shinsei.e-aichi.jp/pref-aichi-police-u/offer/offerList_initDisplay
[ 2024-04-23 22:49:57,805 ] 94 benemmai380 - INFO - Current url: https://www.shinsei.e-aichi.jp/pref-aichi-police-u/offer/offerList_initDisplay
[ 2024-04-23 22:49:57,805 ] 94 benemmai380 - INFO - Current url: https://www.shinsei.e-aichi.jp/pref-aichi-police-u/offer/offerList_initDisplay
[ 2024-04-23 22:49:57,805 ] 94 benemmai380 - INFO - Current url: https://www.shinsei.e-aichi.jp/pref-aichi-police-u/offer/offerList_initDisplay
[ 2024-04-23 22:49:57,805 ] 94 benemmai380 - INFO - Current url: https://www.shinsei.e-aichi.jp/pref-aichi-police-u/offer/offerList_initDisplay
[ 2024-04-23 22:49:57,805 ] 94 benemmai380 - INFO - Current url: https://www.shinsei.e-aichi.jp/pref-aichi-police-u/offer/offerList_initDisplay
[ 2024-04-23 22:49:57,805 ] 94 benemmai380 - INFO - Current url: https://www.shinsei.e-aichi.jp/pref-aichi-police-u/offer/offerList_initDisplay
[ 2024-04-23 22:49:57,805 ] 94 benemmai380 - INFO - Current url: https://www.shinsei.e-aichi.jp/pref-aichi-police-u/offer/offerList_initDisplay
[ 2024-04-23 22:49:58,252 ] 94 benemmai380 - INFO - Logged in finished
[ 2024-04-23 22:49:58,252 ] 94 benemmai380 - INFO - Logged in finished
[ 2024-04-23 22:49:58,252 ] 94 benemmai380 - INFO - Logged in finished
[ 2024-04-23 22:49:58,252 ] 94 benemmai380 - INFO - Logged in finished
[ 2024-04-23 22:49:58,252 ] 94 benemmai380 - INFO - Logged in finished
[ 2024-04-23 22:49:58,252 ] 94 benemmai380 - INFO - Logged in finished
[ 2024-04-23 22:49:58,252 ] 94 benemmai380 - INFO - Logged in finished
[ 2024-04-23 22:49:58,252 ] 94 benemmai380 - INFO - Logged in finished
[ 2024-04-23 22:49:58,252 ] 94 benemmai380 - INFO - Logged in finished
[ 2024-04-23 22:49:58,252 ] 94 benemmai380 - INFO - Logged in finished
[ 2024-04-23 22:49:58,252 ] 94 benemmai380 - INFO - Logged in finished
[ 2024-04-23 22:49:58,252 ] 94 benemmai380 - INFO - Logged in finished
[ 2024-04-23 22:50:00,022 ] 94 benemmai380 - INFO - On main page
[ 2024-04-23 22:50:00,022 ] 94 benemmai380 - INFO - On main page
[ 2024-04-23 22:50:00,022 ] 94 benemmai380 - INFO - On main page
[ 2024-04-23 22:50:00,022 ] 94 benemmai380 - INFO - On main page
[ 2024-04-23 22:50:00,022 ] 94 benemmai380 - INFO - On main page
[ 2024-04-23 22:50:00,022 ] 94 benemmai380 - INFO - On main page
[ 2024-04-23 22:50:00,022 ] 94 benemmai380 - INFO - On main page
[ 2024-04-23 22:50:00,022 ] 94 benemmai380 - INFO - On main page
[ 2024-04-23 22:50:00,022 ] 94 benemmai380 - INFO - On main page
[ 2024-04-23 22:50:00,022 ] 94 benemmai380 - INFO - On main page
[ 2024-04-23 22:50:00,022 ] 94 benemmai380 - INFO - On main page
[ 2024-04-23 22:50:00,022 ] 94 benemmai380 - INFO - On main page
[ 2024-04-23 22:50:02,493 ] 94 benemmai380 - INFO - Search submitted
[ 2024-04-23 22:50:02,493 ] 94 benemmai380 - INFO - Search submitted
[ 2024-04-23 22:50:02,493 ] 94 benemmai380 - INFO - Search submitted
[ 2024-04-23 22:50:02,493 ] 94 benemmai380 - INFO - Search submitted
[ 2024-04-23 22:50:02,493 ] 94 benemmai380 - INFO - Search submitted
[ 2024-04-23 22:50:02,493 ] 94 benemmai380 - INFO - Search submitted
[ 2024-04-23 22:50:02,493 ] 94 benemmai380 - INFO - Search submitted
[ 2024-04-23 22:50:02,493 ] 94 benemmai380 - INFO - Search submitted
[ 2024-04-23 22:50:02,493 ] 94 benemmai380 - INFO - Search submitted
[ 2024-04-23 22:50:02,493 ] 94 benemmai380 - INFO - Search submitted
[ 2024-04-23 22:50:02,493 ] 94 benemmai380 - INFO - Search submitted
[ 2024-04-23 22:50:02,493 ] 94 benemmai380 - INFO - Search submitted
[ 2024-04-23 22:50:02,762 ] 94 benemmai380 - INFO - Collected 20 forms
[ 2024-04-23 22:50:02,762 ] 94 benemmai380 - INFO - Collected 20 forms
[ 2024-04-23 22:50:02,762 ] 94 benemmai380 - INFO - Collected 20 forms
[ 2024-04-23 22:50:02,762 ] 94 benemmai380 - INFO - Collected 20 forms
[ 2024-04-23 22:50:02,762 ] 94 benemmai380 - INFO - Collected 20 forms
[ 2024-04-23 22:50:02,762 ] 94 benemmai380 - INFO - Collected 20 forms
[ 2024-04-23 22:50:02,762 ] 94 benemmai380 - INFO - Collected 20 forms
[ 2024-04-23 22:50:02,762 ] 94 benemmai380 - INFO - Collected 20 forms
[ 2024-04-23 22:50:02,762 ] 94 benemmai380 - INFO - Collected 20 forms
[ 2024-04-23 22:50:02,762 ] 94 benemmai380 - INFO - Collected 20 forms
[ 2024-04-23 22:50:02,762 ] 94 benemmai380 - INFO - Collected 20 forms
[ 2024-04-23 22:50:02,762 ] 94 benemmai380 - INFO - Collected 20 forms
[ 2024-04-23 22:50:04,518 ] 94 benemmai380 - INFO - Number of filtered forms left is: 5 form(s)
[ 2024-04-23 22:50:04,518 ] 94 benemmai380 - INFO - Number of filtered forms left is: 5 form(s)
[ 2024-04-23 22:50:04,518 ] 94 benemmai380 - INFO - Number of filtered forms left is: 5 form(s)
[ 2024-04-23 22:50:04,518 ] 94 benemmai380 - INFO - Number of filtered forms left is: 5 form(s)
[ 2024-04-23 22:50:04,518 ] 94 benemmai380 - INFO - Number of filtered forms left is: 5 form(s)
[ 2024-04-23 22:50:04,518 ] 94 benemmai380 - INFO - Number of filtered forms left is: 5 form(s)
[ 2024-04-23 22:50:04,518 ] 94 benemmai380 - INFO - Number of filtered forms left is: 5 form(s)
[ 2024-04-23 22:50:04,518 ] 94 benemmai380 - INFO - Number of filtered forms left is: 5 form(s)
[ 2024-04-23 22:50:04,518 ] 94 benemmai380 - INFO - Number of filtered forms left is: 5 form(s)
[ 2024-04-23 22:50:04,518 ] 94 benemmai380 - INFO - Number of filtered forms left is: 5 form(s)
[ 2024-04-23 22:50:04,518 ] 94 benemmai380 - INFO - Number of filtered forms left is: 5 form(s)
[ 2024-04-23 22:50:04,518 ] 94 benemmai380 - INFO - Number of filtered forms left is: 5 form(s)
[ 2024-04-23 22:50:18,469 ] 94 benemmai380 - INFO - Opened login page
[ 2024-04-23 22:50:18,469 ] 94 benemmai380 - INFO - Opened login page
[ 2024-04-23 22:50:18,469 ] 94 benemmai380 - INFO - Opened login page
[ 2024-04-23 22:50:18,469 ] 94 benemmai380 - INFO - Opened login page
[ 2024-04-23 22:50:18,469 ] 94 benemmai380 - INFO - Opened login page
[ 2024-04-23 22:50:18,469 ] 94 benemmai380 - INFO - Opened login page
[ 2024-04-23 22:50:18,469 ] 94 benemmai380 - INFO - Opened login page
[ 2024-04-23 22:50:18,469 ] 94 benemmai380 - INFO - Opened login page
[ 2024-04-23 22:50:18,469 ] 94 benemmai380 - INFO - Opened login page
[ 2024-04-23 22:50:18,469 ] 94 benemmai380 - INFO - Opened login page
[ 2024-04-23 22:50:18,469 ] 94 benemmai380 - INFO - Opened login page
[ 2024-04-23 22:50:18,469 ] 94 benemmai380 - INFO - Opened login page
[ 2024-04-23 22:50:18,469 ] 94 benemmai380 - INFO - Opened login page
[ 2024-04-23 22:50:18,469 ] 94 benemmai380 - INFO - Opened login page
[ 2024-04-23 22:50:18,469 ] 94 benemmai380 - INFO - Opened login page
[ 2024-04-23 22:50:24,041 ] 94 benemmai380 - INFO - Logging in
[ 2024-04-23 22:50:24,041 ] 94 benemmai380 - INFO - Logging in
[ 2024-04-23 22:50:24,041 ] 94 benemmai380 - INFO - Logging in
[ 2024-04-23 22:50:24,041 ] 94 benemmai380 - INFO - Logging in
[ 2024-04-23 22:50:24,041 ] 94 benemmai380 - INFO - Logging in
[ 2024-04-23 22:50:24,041 ] 94 benemmai380 - INFO - Logging in
[ 2024-04-23 22:50:24,041 ] 94 benemmai380 - INFO - Logging in
[ 2024-04-23 22:50:24,041 ] 94 benemmai380 - INFO - Logging in
[ 2024-04-23 22:50:24,041 ] 94 benemmai380 - INFO - Logging in
[ 2024-04-23 22:50:24,041 ] 94 benemmai380 - INFO - Logging in
[ 2024-04-23 22:50:24,041 ] 94 benemmai380 - INFO - Logging in
[ 2024-04-23 22:50:24,041 ] 94 benemmai380 - INFO - Logging in
[ 2024-04-23 22:50:24,041 ] 94 benemmai380 - INFO - Logging in
[ 2024-04-23 22:50:24,041 ] 94 benemmai380 - INFO - Logging in
[ 2024-04-23 22:50:24,041 ] 94 benemmai380 - INFO - Logging in
[ 2024-04-23 22:50:24,302 ] 94 benemmai380 - INFO - Current url: https://www.shinsei.e-aichi.jp/pref-aichi-police-u/offer/offerList_initDisplay
[ 2024-04-23 22:50:24,302 ] 94 benemmai380 - INFO - Current url: https://www.shinsei.e-aichi.jp/pref-aichi-police-u/offer/offerList_initDisplay
[ 2024-04-23 22:50:24,302 ] 94 benemmai380 - INFO - Current url: https://www.shinsei.e-aichi.jp/pref-aichi-police-u/offer/offerList_initDisplay
[ 2024-04-23 22:50:24,302 ] 94 benemmai380 - INFO - Current url: https://www.shinsei.e-aichi.jp/pref-aichi-police-u/offer/offerList_initDisplay
[ 2024-04-23 22:50:24,302 ] 94 benemmai380 - INFO - Current url: https://www.shinsei.e-aichi.jp/pref-aichi-police-u/offer/offerList_initDisplay
[ 2024-04-23 22:50:24,302 ] 94 benemmai380 - INFO - Current url: https://www.shinsei.e-aichi.jp/pref-aichi-police-u/offer/offerList_initDisplay
[ 2024-04-23 22:50:24,302 ] 94 benemmai380 - INFO - Current url: https://www.shinsei.e-aichi.jp/pref-aichi-police-u/offer/offerList_initDisplay
[ 2024-04-23 22:50:24,302 ] 94 benemmai380 - INFO - Current url: https://www.shinsei.e-aichi.jp/pref-aichi-police-u/offer/offerList_initDisplay
[ 2024-04-23 22:50:24,302 ] 94 benemmai380 - INFO - Current url: https://www.shinsei.e-aichi.jp/pref-aichi-police-u/offer/offerList_initDisplay
[ 2024-04-23 22:50:24,302 ] 94 benemmai380 - INFO - Current url: https://www.shinsei.e-aichi.jp/pref-aichi-police-u/offer/offerList_initDisplay
[ 2024-04-23 22:50:24,302 ] 94 benemmai380 - INFO - Current url: https://www.shinsei.e-aichi.jp/pref-aichi-police-u/offer/offerList_initDisplay
[ 2024-04-23 22:50:24,302 ] 94 benemmai380 - INFO - Current url: https://www.shinsei.e-aichi.jp/pref-aichi-police-u/offer/offerList_initDisplay
[ 2024-04-23 22:50:24,302 ] 94 benemmai380 - INFO - Current url: https://www.shinsei.e-aichi.jp/pref-aichi-police-u/offer/offerList_initDisplay
[ 2024-04-23 22:50:24,302 ] 94 benemmai380 - INFO - Current url: https://www.shinsei.e-aichi.jp/pref-aichi-police-u/offer/offerList_initDisplay
[ 2024-04-23 22:50:24,302 ] 94 benemmai380 - INFO - Current url: https://www.shinsei.e-aichi.jp/pref-aichi-police-u/offer/offerList_initDisplay
