[ 2024-04-16 05:01:42,925 ] 94 leongnardo12 - INFO - Opened login page
[ 2024-04-16 05:01:42,925 ] 94 leongnardo12 - INFO - Opened login page
[ 2024-04-16 05:01:42,925 ] 94 leongnardo12 - INFO - Opened login page
[ 2024-04-16 05:01:46,777 ] 94 leongnardo12 - INFO - Logging in
[ 2024-04-16 05:01:46,777 ] 94 leongnardo12 - INFO - Logging in
[ 2024-04-16 05:01:46,777 ] 94 leongnardo12 - INFO - Logging in
[ 2024-04-16 05:01:46,782 ] 94 leongnardo12 - INFO - Current url: https://www.shinsei.e-aichi.jp/pref-aichi-police-u/offer/offerList_initDisplay
[ 2024-04-16 05:01:46,782 ] 94 leongnardo12 - INFO - Current url: https://www.shinsei.e-aichi.jp/pref-aichi-police-u/offer/offerList_initDisplay
[ 2024-04-16 05:01:46,782 ] 94 leongnardo12 - INFO - Current url: https://www.shinsei.e-aichi.jp/pref-aichi-police-u/offer/offerList_initDisplay
[ 2024-04-16 05:01:47,096 ] 94 leongnardo12 - INFO - Logged in finished
[ 2024-04-16 05:01:47,096 ] 94 leongnardo12 - INFO - Logged in finished
[ 2024-04-16 05:01:47,096 ] 94 leongnardo12 - INFO - Logged in finished
[ 2024-04-16 05:01:47,359 ] 94 leongnardo12 - INFO - On main page
[ 2024-04-16 05:01:47,359 ] 94 leongnardo12 - INFO - On main page
[ 2024-04-16 05:01:47,359 ] 94 leongnardo12 - INFO - On main page
[ 2024-04-16 05:01:48,916 ] 94 leongnardo12 - INFO - Search submitted
[ 2024-04-16 05:01:48,916 ] 94 leongnardo12 - INFO - Search submitted
[ 2024-04-16 05:01:48,916 ] 94 leongnardo12 - INFO - Search submitted
[ 2024-04-16 05:01:48,951 ] 94 leongnardo12 - INFO - Collected 20 forms
[ 2024-04-16 05:01:48,951 ] 94 leongnardo12 - INFO - Collected 20 forms
[ 2024-04-16 05:01:48,951 ] 94 leongnardo12 - INFO - Collected 20 forms
[ 2024-04-16 05:01:49,011 ] 94 leongnardo12 - INFO - Parsed data: title: ＜05月01日(水) 08:45～09:30＞[平針]外国免許切替審査 Hirabari Exchanging Foreign Driver's License, status: None, start_date: 2024年04月17日 07時30分, end_date: 2024年04月26日 12時00分, template_seq: 96088
[ 2024-04-16 05:01:49,011 ] 94 leongnardo12 - INFO - Parsed data: title: ＜05月01日(水) 08:45～09:30＞[平針]外国免許切替審査 Hirabari Exchanging Foreign Driver's License, status: None, start_date: 2024年04月17日 07時30分, end_date: 2024年04月26日 12時00分, template_seq: 96088
[ 2024-04-16 05:01:49,011 ] 94 leongnardo12 - INFO - Parsed data: title: ＜05月01日(水) 08:45～09:30＞[平針]外国免許切替審査 Hirabari Exchanging Foreign Driver's License, status: None, start_date: 2024年04月17日 07時30分, end_date: 2024年04月26日 12時00分, template_seq: 96088
[ 2024-04-16 05:01:49,034 ] 94 leongnardo12 - INFO - Parsed data: title: ＜05月01日(水) 09:30～10:30＞[平針]外国免許切替審査 Hirabari Exchanging Foreign Driver's License, status: None, start_date: 2024年04月17日 07時30分, end_date: 2024年04月26日 12時00分, template_seq: 96089
[ 2024-04-16 05:01:49,034 ] 94 leongnardo12 - INFO - Parsed data: title: ＜05月01日(水) 09:30～10:30＞[平針]外国免許切替審査 Hirabari Exchanging Foreign Driver's License, status: None, start_date: 2024年04月17日 07時30分, end_date: 2024年04月26日 12時00分, template_seq: 96089
[ 2024-04-16 05:01:49,034 ] 94 leongnardo12 - INFO - Parsed data: title: ＜05月01日(水) 09:30～10:30＞[平針]外国免許切替審査 Hirabari Exchanging Foreign Driver's License, status: None, start_date: 2024年04月17日 07時30分, end_date: 2024年04月26日 12時00分, template_seq: 96089
[ 2024-04-16 05:01:49,095 ] 94 leongnardo12 - INFO - Parsed data: title: ＜05月01日(水) 10:30～11:45＞[平針]外国免許切替審査 Hirabari Exchanging Foreign Driver's License, status: None, start_date: 2024年04月17日 07時30分, end_date: 2024年04月26日 12時00分, template_seq: 96090
[ 2024-04-16 05:01:49,095 ] 94 leongnardo12 - INFO - Parsed data: title: ＜05月01日(水) 10:30～11:45＞[平針]外国免許切替審査 Hirabari Exchanging Foreign Driver's License, status: None, start_date: 2024年04月17日 07時30分, end_date: 2024年04月26日 12時00分, template_seq: 96090
[ 2024-04-16 05:01:49,095 ] 94 leongnardo12 - INFO - Parsed data: title: ＜05月01日(水) 10:30～11:45＞[平針]外国免許切替審査 Hirabari Exchanging Foreign Driver's License, status: None, start_date: 2024年04月17日 07時30分, end_date: 2024年04月26日 12時00分, template_seq: 96090
[ 2024-04-16 05:01:49,133 ] 94 leongnardo12 - INFO - Parsed data: title: ＜05月01日(水) 12:45～13:30＞[平針]外国免許切替審査 Hirabari Exchanging Foreign Driver's License, status: None, start_date: 2024年04月17日 07時30分, end_date: 2024年04月26日 12時00分, template_seq: 96091
[ 2024-04-16 05:01:49,133 ] 94 leongnardo12 - INFO - Parsed data: title: ＜05月01日(水) 12:45～13:30＞[平針]外国免許切替審査 Hirabari Exchanging Foreign Driver's License, status: None, start_date: 2024年04月17日 07時30分, end_date: 2024年04月26日 12時00分, template_seq: 96091
[ 2024-04-16 05:01:49,133 ] 94 leongnardo12 - INFO - Parsed data: title: ＜05月01日(水) 12:45～13:30＞[平針]外国免許切替審査 Hirabari Exchanging Foreign Driver's License, status: None, start_date: 2024年04月17日 07時30分, end_date: 2024年04月26日 12時00分, template_seq: 96091
[ 2024-04-16 05:01:49,190 ] 94 leongnardo12 - INFO - Parsed data: title: ＜05月01日(水) 13:30～14:45＞[平針]外国免許切替審査 Hirabari Exchanging Foreign Driver's License, status: None, start_date: 2024年04月17日 07時30分, end_date: 2024年04月26日 12時00分, template_seq: 96093
[ 2024-04-16 05:01:49,190 ] 94 leongnardo12 - INFO - Parsed data: title: ＜05月01日(水) 13:30～14:45＞[平針]外国免許切替審査 Hirabari Exchanging Foreign Driver's License, status: None, start_date: 2024年04月17日 07時30分, end_date: 2024年04月26日 12時00分, template_seq: 96093
[ 2024-04-16 05:01:49,190 ] 94 leongnardo12 - INFO - Parsed data: title: ＜05月01日(水) 13:30～14:45＞[平針]外国免許切替審査 Hirabari Exchanging Foreign Driver's License, status: None, start_date: 2024年04月17日 07時30分, end_date: 2024年04月26日 12時00分, template_seq: 96093
[ 2024-04-16 05:01:49,219 ] 94 leongnardo12 - INFO - Parsed data: title: ＜04月30日(火) 08:45～09:30＞[平針]外国免許切替審査 Hirabari Exchanging Foreign Driver's License, status: None, start_date: 2024年04月16日 07時30分, end_date: 2024年04月25日 12時00分, template_seq: 95604
[ 2024-04-16 05:01:49,219 ] 94 leongnardo12 - INFO - Parsed data: title: ＜04月30日(火) 08:45～09:30＞[平針]外国免許切替審査 Hirabari Exchanging Foreign Driver's License, status: None, start_date: 2024年04月16日 07時30分, end_date: 2024年04月25日 12時00分, template_seq: 95604
[ 2024-04-16 05:01:49,219 ] 94 leongnardo12 - INFO - Parsed data: title: ＜04月30日(火) 08:45～09:30＞[平針]外国免許切替審査 Hirabari Exchanging Foreign Driver's License, status: None, start_date: 2024年04月16日 07時30分, end_date: 2024年04月25日 12時00分, template_seq: 95604
[ 2024-04-16 05:01:49,221 ] 94 leongnardo12 - INFO - Parsed data: title: ＜04月30日(火) 08:45～09:30＞[平針]外国免許切替審査 Hirabari Exchanging Foreign Driver's License, status: None, start_date: 2024年04月16日 07時30分, end_date: 2024年04月25日 12時00分, template_seq: 95604
[ 2024-04-16 05:01:49,221 ] 94 leongnardo12 - INFO - Parsed data: title: ＜04月30日(火) 08:45～09:30＞[平針]外国免許切替審査 Hirabari Exchanging Foreign Driver's License, status: None, start_date: 2024年04月16日 07時30分, end_date: 2024年04月25日 12時00分, template_seq: 95604
[ 2024-04-16 05:01:49,221 ] 94 leongnardo12 - INFO - Parsed data: title: ＜04月30日(火) 08:45～09:30＞[平針]外国免許切替審査 Hirabari Exchanging Foreign Driver's License, status: None, start_date: 2024年04月16日 07時30分, end_date: 2024年04月25日 12時00分, template_seq: 95604
[ 2024-04-16 05:01:49,273 ] 94 leongnardo12 - INFO - Parsed data: title: ＜04月30日(火) 09:30～10:30＞[平針]外国免許切替審査 Hirabari Exchanging Foreign Driver's License, status: None, start_date: 2024年04月16日 07時30分, end_date: 2024年04月25日 12時00分, template_seq: 95605
[ 2024-04-16 05:01:49,273 ] 94 leongnardo12 - INFO - Parsed data: title: ＜04月30日(火) 09:30～10:30＞[平針]外国免許切替審査 Hirabari Exchanging Foreign Driver's License, status: None, start_date: 2024年04月16日 07時30分, end_date: 2024年04月25日 12時00分, template_seq: 95605
[ 2024-04-16 05:01:49,273 ] 94 leongnardo12 - INFO - Parsed data: title: ＜04月30日(火) 09:30～10:30＞[平針]外国免許切替審査 Hirabari Exchanging Foreign Driver's License, status: None, start_date: 2024年04月16日 07時30分, end_date: 2024年04月25日 12時00分, template_seq: 95605
[ 2024-04-16 05:01:49,275 ] 94 leongnardo12 - INFO - Parsed data: title: ＜04月30日(火) 09:30～10:30＞[平針]外国免許切替審査 Hirabari Exchanging Foreign Driver's License, status: None, start_date: 2024年04月16日 07時30分, end_date: 2024年04月25日 12時00分, template_seq: 95605
[ 2024-04-16 05:01:49,275 ] 94 leongnardo12 - INFO - Parsed data: title: ＜04月30日(火) 09:30～10:30＞[平針]外国免許切替審査 Hirabari Exchanging Foreign Driver's License, status: None, start_date: 2024年04月16日 07時30分, end_date: 2024年04月25日 12時00分, template_seq: 95605
[ 2024-04-16 05:01:49,275 ] 94 leongnardo12 - INFO - Parsed data: title: ＜04月30日(火) 09:30～10:30＞[平針]外国免許切替審査 Hirabari Exchanging Foreign Driver's License, status: None, start_date: 2024年04月16日 07時30分, end_date: 2024年04月25日 12時00分, template_seq: 95605
[ 2024-04-16 05:01:49,309 ] 94 leongnardo12 - INFO - Parsed data: title: ＜04月30日(火) 10:30～11:45＞[平針]外国免許切替審査 Hirabari Exchanging Foreign Driver's License, status: None, start_date: 2024年04月16日 07時30分, end_date: 2024年04月25日 12時00分, template_seq: 95607
[ 2024-04-16 05:01:49,309 ] 94 leongnardo12 - INFO - Parsed data: title: ＜04月30日(火) 10:30～11:45＞[平針]外国免許切替審査 Hirabari Exchanging Foreign Driver's License, status: None, start_date: 2024年04月16日 07時30分, end_date: 2024年04月25日 12時00分, template_seq: 95607
[ 2024-04-16 05:01:49,309 ] 94 leongnardo12 - INFO - Parsed data: title: ＜04月30日(火) 10:30～11:45＞[平針]外国免許切替審査 Hirabari Exchanging Foreign Driver's License, status: None, start_date: 2024年04月16日 07時30分, end_date: 2024年04月25日 12時00分, template_seq: 95607
[ 2024-04-16 05:01:49,310 ] 94 leongnardo12 - INFO - Parsed data: title: ＜04月30日(火) 10:30～11:45＞[平針]外国免許切替審査 Hirabari Exchanging Foreign Driver's License, status: None, start_date: 2024年04月16日 07時30分, end_date: 2024年04月25日 12時00分, template_seq: 95607
[ 2024-04-16 05:01:49,310 ] 94 leongnardo12 - INFO - Parsed data: title: ＜04月30日(火) 10:30～11:45＞[平針]外国免許切替審査 Hirabari Exchanging Foreign Driver's License, status: None, start_date: 2024年04月16日 07時30分, end_date: 2024年04月25日 12時00分, template_seq: 95607
[ 2024-04-16 05:01:49,310 ] 94 leongnardo12 - INFO - Parsed data: title: ＜04月30日(火) 10:30～11:45＞[平針]外国免許切替審査 Hirabari Exchanging Foreign Driver's License, status: None, start_date: 2024年04月16日 07時30分, end_date: 2024年04月25日 12時00分, template_seq: 95607
[ 2024-04-16 05:01:49,344 ] 94 leongnardo12 - INFO - Parsed data: title: ＜04月30日(火) 12:45～13:30＞[平針]外国免許切替審査 Hirabari Exchanging Foreign Driver's License, status: None, start_date: 2024年04月16日 07時30分, end_date: 2024年04月25日 12時00分, template_seq: 95608
[ 2024-04-16 05:01:49,344 ] 94 leongnardo12 - INFO - Parsed data: title: ＜04月30日(火) 12:45～13:30＞[平針]外国免許切替審査 Hirabari Exchanging Foreign Driver's License, status: None, start_date: 2024年04月16日 07時30分, end_date: 2024年04月25日 12時00分, template_seq: 95608
[ 2024-04-16 05:01:49,344 ] 94 leongnardo12 - INFO - Parsed data: title: ＜04月30日(火) 12:45～13:30＞[平針]外国免許切替審査 Hirabari Exchanging Foreign Driver's License, status: None, start_date: 2024年04月16日 07時30分, end_date: 2024年04月25日 12時00分, template_seq: 95608
[ 2024-04-16 05:01:49,345 ] 94 leongnardo12 - INFO - Parsed data: title: ＜04月30日(火) 12:45～13:30＞[平針]外国免許切替審査 Hirabari Exchanging Foreign Driver's License, status: None, start_date: 2024年04月16日 07時30分, end_date: 2024年04月25日 12時00分, template_seq: 95608
[ 2024-04-16 05:01:49,345 ] 94 leongnardo12 - INFO - Parsed data: title: ＜04月30日(火) 12:45～13:30＞[平針]外国免許切替審査 Hirabari Exchanging Foreign Driver's License, status: None, start_date: 2024年04月16日 07時30分, end_date: 2024年04月25日 12時00分, template_seq: 95608
[ 2024-04-16 05:01:49,345 ] 94 leongnardo12 - INFO - Parsed data: title: ＜04月30日(火) 12:45～13:30＞[平針]外国免許切替審査 Hirabari Exchanging Foreign Driver's License, status: None, start_date: 2024年04月16日 07時30分, end_date: 2024年04月25日 12時00分, template_seq: 95608
[ 2024-04-16 05:01:49,387 ] 94 leongnardo12 - INFO - Parsed data: title: ＜04月30日(火) 13:30～14:45＞[平針]外国免許切替審査 Hirabari Exchanging Foreign Driver's License, status: None, start_date: 2024年04月16日 07時30分, end_date: 2024年04月25日 12時00分, template_seq: 95609
[ 2024-04-16 05:01:49,387 ] 94 leongnardo12 - INFO - Parsed data: title: ＜04月30日(火) 13:30～14:45＞[平針]外国免許切替審査 Hirabari Exchanging Foreign Driver's License, status: None, start_date: 2024年04月16日 07時30分, end_date: 2024年04月25日 12時00分, template_seq: 95609
[ 2024-04-16 05:01:49,387 ] 94 leongnardo12 - INFO - Parsed data: title: ＜04月30日(火) 13:30～14:45＞[平針]外国免許切替審査 Hirabari Exchanging Foreign Driver's License, status: None, start_date: 2024年04月16日 07時30分, end_date: 2024年04月25日 12時00分, template_seq: 95609
[ 2024-04-16 05:01:49,388 ] 94 leongnardo12 - INFO - Parsed data: title: ＜04月30日(火) 13:30～14:45＞[平針]外国免許切替審査 Hirabari Exchanging Foreign Driver's License, status: None, start_date: 2024年04月16日 07時30分, end_date: 2024年04月25日 12時00分, template_seq: 95609
[ 2024-04-16 05:01:49,388 ] 94 leongnardo12 - INFO - Parsed data: title: ＜04月30日(火) 13:30～14:45＞[平針]外国免許切替審査 Hirabari Exchanging Foreign Driver's License, status: None, start_date: 2024年04月16日 07時30分, end_date: 2024年04月25日 12時00分, template_seq: 95609
[ 2024-04-16 05:01:49,388 ] 94 leongnardo12 - INFO - Parsed data: title: ＜04月30日(火) 13:30～14:45＞[平針]外国免許切替審査 Hirabari Exchanging Foreign Driver's License, status: None, start_date: 2024年04月16日 07時30分, end_date: 2024年04月25日 12時00分, template_seq: 95609
[ 2024-04-16 05:01:49,421 ] 94 leongnardo12 - INFO - Parsed data: title: ＜04月26日(金) 08:45～09:30＞[平針]外国免許切替審査 Hirabari Exchanging Foreign Driver's License, status: None, start_date: 2024年04月12日 07時30分, end_date: 2024年04月24日 12時00分, template_seq: 95410
[ 2024-04-16 05:01:49,421 ] 94 leongnardo12 - INFO - Parsed data: title: ＜04月26日(金) 08:45～09:30＞[平針]外国免許切替審査 Hirabari Exchanging Foreign Driver's License, status: None, start_date: 2024年04月12日 07時30分, end_date: 2024年04月24日 12時00分, template_seq: 95410
[ 2024-04-16 05:01:49,421 ] 94 leongnardo12 - INFO - Parsed data: title: ＜04月26日(金) 08:45～09:30＞[平針]外国免許切替審査 Hirabari Exchanging Foreign Driver's License, status: None, start_date: 2024年04月12日 07時30分, end_date: 2024年04月24日 12時00分, template_seq: 95410
[ 2024-04-16 05:01:49,460 ] 94 leongnardo12 - INFO - Parsed data: title: ＜04月26日(金) 09:30～10:30＞[平針]外国免許切替審査 Hirabari Exchanging Foreign Driver's License, status: None, start_date: 2024年04月12日 07時30分, end_date: 2024年04月24日 12時00分, template_seq: 95411
[ 2024-04-16 05:01:49,460 ] 94 leongnardo12 - INFO - Parsed data: title: ＜04月26日(金) 09:30～10:30＞[平針]外国免許切替審査 Hirabari Exchanging Foreign Driver's License, status: None, start_date: 2024年04月12日 07時30分, end_date: 2024年04月24日 12時00分, template_seq: 95411
[ 2024-04-16 05:01:49,460 ] 94 leongnardo12 - INFO - Parsed data: title: ＜04月26日(金) 09:30～10:30＞[平針]外国免許切替審査 Hirabari Exchanging Foreign Driver's License, status: None, start_date: 2024年04月12日 07時30分, end_date: 2024年04月24日 12時00分, template_seq: 95411
[ 2024-04-16 05:01:49,502 ] 94 leongnardo12 - INFO - Parsed data: title: ＜04月26日(金) 10:30～11:45＞[平針]外国免許切替審査 Hirabari Exchanging Foreign Driver's License, status: None, start_date: 2024年04月12日 07時30分, end_date: 2024年04月24日 12時00分, template_seq: 95412
[ 2024-04-16 05:01:49,502 ] 94 leongnardo12 - INFO - Parsed data: title: ＜04月26日(金) 10:30～11:45＞[平針]外国免許切替審査 Hirabari Exchanging Foreign Driver's License, status: None, start_date: 2024年04月12日 07時30分, end_date: 2024年04月24日 12時00分, template_seq: 95412
[ 2024-04-16 05:01:49,502 ] 94 leongnardo12 - INFO - Parsed data: title: ＜04月26日(金) 10:30～11:45＞[平針]外国免許切替審査 Hirabari Exchanging Foreign Driver's License, status: None, start_date: 2024年04月12日 07時30分, end_date: 2024年04月24日 12時00分, template_seq: 95412
[ 2024-04-16 05:01:49,544 ] 94 leongnardo12 - INFO - Parsed data: title: ＜04月26日(金) 12:45～13:30＞[平針]外国免許切替審査 Hirabari Exchanging Foreign Driver's License, status: None, start_date: 2024年04月12日 07時30分, end_date: 2024年04月24日 12時00分, template_seq: 95413
[ 2024-04-16 05:01:49,544 ] 94 leongnardo12 - INFO - Parsed data: title: ＜04月26日(金) 12:45～13:30＞[平針]外国免許切替審査 Hirabari Exchanging Foreign Driver's License, status: None, start_date: 2024年04月12日 07時30分, end_date: 2024年04月24日 12時00分, template_seq: 95413
[ 2024-04-16 05:01:49,544 ] 94 leongnardo12 - INFO - Parsed data: title: ＜04月26日(金) 12:45～13:30＞[平針]外国免許切替審査 Hirabari Exchanging Foreign Driver's License, status: None, start_date: 2024年04月12日 07時30分, end_date: 2024年04月24日 12時00分, template_seq: 95413
[ 2024-04-16 05:01:49,576 ] 94 leongnardo12 - INFO - Parsed data: title: ＜04月26日(金) 13:30～14:45＞[平針]外国免許切替審査 Hirabari Exchanging Foreign Driver's License, status: None, start_date: 2024年04月12日 07時30分, end_date: 2024年04月24日 12時00分, template_seq: 95414
[ 2024-04-16 05:01:49,576 ] 94 leongnardo12 - INFO - Parsed data: title: ＜04月26日(金) 13:30～14:45＞[平針]外国免許切替審査 Hirabari Exchanging Foreign Driver's License, status: None, start_date: 2024年04月12日 07時30分, end_date: 2024年04月24日 12時00分, template_seq: 95414
[ 2024-04-16 05:01:49,576 ] 94 leongnardo12 - INFO - Parsed data: title: ＜04月26日(金) 13:30～14:45＞[平針]外国免許切替審査 Hirabari Exchanging Foreign Driver's License, status: None, start_date: 2024年04月12日 07時30分, end_date: 2024年04月24日 12時00分, template_seq: 95414
[ 2024-04-16 05:01:49,614 ] 94 leongnardo12 - INFO - Parsed data: title: ＜04月25日(木) 08:45～09:30＞[平針]外国免許切替審査 Hirabari Exchanging Foreign Driver's License, status: None, start_date: 2024年04月11日 07時30分, end_date: 2024年04月23日 12時00分, template_seq: 95405
[ 2024-04-16 05:01:49,614 ] 94 leongnardo12 - INFO - Parsed data: title: ＜04月25日(木) 08:45～09:30＞[平針]外国免許切替審査 Hirabari Exchanging Foreign Driver's License, status: None, start_date: 2024年04月11日 07時30分, end_date: 2024年04月23日 12時00分, template_seq: 95405
[ 2024-04-16 05:01:49,614 ] 94 leongnardo12 - INFO - Parsed data: title: ＜04月25日(木) 08:45～09:30＞[平針]外国免許切替審査 Hirabari Exchanging Foreign Driver's License, status: None, start_date: 2024年04月11日 07時30分, end_date: 2024年04月23日 12時00分, template_seq: 95405
[ 2024-04-16 05:01:49,647 ] 94 leongnardo12 - INFO - Parsed data: title: ＜04月25日(木) 09:30～10:30＞[平針]外国免許切替審査 Hirabari Exchanging Foreign Driver's License, status: None, start_date: 2024年04月11日 07時30分, end_date: 2024年04月23日 12時00分, template_seq: 95406
[ 2024-04-16 05:01:49,647 ] 94 leongnardo12 - INFO - Parsed data: title: ＜04月25日(木) 09:30～10:30＞[平針]外国免許切替審査 Hirabari Exchanging Foreign Driver's License, status: None, start_date: 2024年04月11日 07時30分, end_date: 2024年04月23日 12時00分, template_seq: 95406
[ 2024-04-16 05:01:49,647 ] 94 leongnardo12 - INFO - Parsed data: title: ＜04月25日(木) 09:30～10:30＞[平針]外国免許切替審査 Hirabari Exchanging Foreign Driver's License, status: None, start_date: 2024年04月11日 07時30分, end_date: 2024年04月23日 12時00分, template_seq: 95406
[ 2024-04-16 05:01:49,695 ] 94 leongnardo12 - INFO - Parsed data: title: ＜04月25日(木) 10:30～11:45＞[平針]外国免許切替審査 Hirabari Exchanging Foreign Driver's License, status: None, start_date: 2024年04月11日 07時30分, end_date: 2024年04月23日 12時00分, template_seq: 95407
[ 2024-04-16 05:01:49,695 ] 94 leongnardo12 - INFO - Parsed data: title: ＜04月25日(木) 10:30～11:45＞[平針]外国免許切替審査 Hirabari Exchanging Foreign Driver's License, status: None, start_date: 2024年04月11日 07時30分, end_date: 2024年04月23日 12時00分, template_seq: 95407
[ 2024-04-16 05:01:49,695 ] 94 leongnardo12 - INFO - Parsed data: title: ＜04月25日(木) 10:30～11:45＞[平針]外国免許切替審査 Hirabari Exchanging Foreign Driver's License, status: None, start_date: 2024年04月11日 07時30分, end_date: 2024年04月23日 12時00分, template_seq: 95407
[ 2024-04-16 05:01:49,727 ] 94 leongnardo12 - INFO - Parsed data: title: ＜04月25日(木) 12:45～13:30＞[平針]外国免許切替審査 Hirabari Exchanging Foreign Driver's License, status: None, start_date: 2024年04月11日 07時30分, end_date: 2024年04月23日 12時00分, template_seq: 95408
[ 2024-04-16 05:01:49,727 ] 94 leongnardo12 - INFO - Parsed data: title: ＜04月25日(木) 12:45～13:30＞[平針]外国免許切替審査 Hirabari Exchanging Foreign Driver's License, status: None, start_date: 2024年04月11日 07時30分, end_date: 2024年04月23日 12時00分, template_seq: 95408
[ 2024-04-16 05:01:49,727 ] 94 leongnardo12 - INFO - Parsed data: title: ＜04月25日(木) 12:45～13:30＞[平針]外国免許切替審査 Hirabari Exchanging Foreign Driver's License, status: None, start_date: 2024年04月11日 07時30分, end_date: 2024年04月23日 12時00分, template_seq: 95408
[ 2024-04-16 05:01:49,782 ] 94 leongnardo12 - INFO - Parsed data: title: ＜04月25日(木) 13:30～14:45＞[平針]外国免許切替審査 Hirabari Exchanging Foreign Driver's License, status: None, start_date: 2024年04月11日 07時30分, end_date: 2024年04月23日 12時00分, template_seq: 95409
[ 2024-04-16 05:01:49,782 ] 94 leongnardo12 - INFO - Parsed data: title: ＜04月25日(木) 13:30～14:45＞[平針]外国免許切替審査 Hirabari Exchanging Foreign Driver's License, status: None, start_date: 2024年04月11日 07時30分, end_date: 2024年04月23日 12時00分, template_seq: 95409
[ 2024-04-16 05:01:49,782 ] 94 leongnardo12 - INFO - Parsed data: title: ＜04月25日(木) 13:30～14:45＞[平針]外国免許切替審査 Hirabari Exchanging Foreign Driver's License, status: None, start_date: 2024年04月11日 07時30分, end_date: 2024年04月23日 12時00分, template_seq: 95409
[ 2024-04-16 05:01:49,784 ] 94 leongnardo12 - INFO - Number of filtered forms left is: 5 form(s)
[ 2024-04-16 05:01:49,784 ] 94 leongnardo12 - INFO - Number of filtered forms left is: 5 form(s)
[ 2024-04-16 05:01:49,784 ] 94 leongnardo12 - INFO - Number of filtered forms left is: 5 form(s)
[ 2024-04-16 05:01:49,785 ] 94 leongnardo12 - INFO - Accessing form, template sequence: 95609
[ 2024-04-16 05:01:49,785 ] 94 leongnardo12 - INFO - Accessing form, template sequence: 95609
[ 2024-04-16 05:01:49,785 ] 94 leongnardo12 - INFO - Accessing form, template sequence: 95609
[ 2024-04-16 05:01:49,785 ] 94 leongnardo12 - INFO - Form URL: https://www.shinsei.e-aichi.jp/pref-aichi-police-u/offer/offerList_detailTop?tempSeq=95609
[ 2024-04-16 05:01:49,785 ] 94 leongnardo12 - INFO - Form URL: https://www.shinsei.e-aichi.jp/pref-aichi-police-u/offer/offerList_detailTop?tempSeq=95609
[ 2024-04-16 05:01:49,785 ] 94 leongnardo12 - INFO - Form URL: https://www.shinsei.e-aichi.jp/pref-aichi-police-u/offer/offerList_detailTop?tempSeq=95609
[ 2024-04-16 05:01:55,312 ] 94 leongnardo12 - INFO - Accessed form successfully
[ 2024-04-16 05:01:55,312 ] 94 leongnardo12 - INFO - Accessed form successfully
[ 2024-04-16 05:01:55,312 ] 94 leongnardo12 - INFO - Accessed form successfully
[ 2024-04-16 05:01:55,329 ] 94 leongnardo12 - INFO - Form message: 申込期間ではありません。
[ 2024-04-16 05:01:55,329 ] 94 leongnardo12 - INFO - Form message: 申込期間ではありません。
[ 2024-04-16 05:01:55,329 ] 94 leongnardo12 - INFO - Form message: 申込期間ではありません。
[ 2024-04-16 05:01:55,329 ] 94 leongnardo12 - INFO - Refreshing page to check availability trial number 1, template sequence: 95609
[ 2024-04-16 05:01:55,329 ] 94 leongnardo12 - INFO - Refreshing page to check availability trial number 1, template sequence: 95609
[ 2024-04-16 05:01:55,329 ] 94 leongnardo12 - INFO - Refreshing page to check availability trial number 1, template sequence: 95609
[ 2024-04-16 05:01:56,188 ] 94 leongnardo12 - INFO - Form message: 申込期間ではありません。
[ 2024-04-16 05:01:56,188 ] 94 leongnardo12 - INFO - Form message: 申込期間ではありません。
[ 2024-04-16 05:01:56,188 ] 94 leongnardo12 - INFO - Form message: 申込期間ではありません。
[ 2024-04-16 05:01:56,189 ] 94 leongnardo12 - INFO - Refreshing page to check availability trial number 2, template sequence: 95609
[ 2024-04-16 05:01:56,189 ] 94 leongnardo12 - INFO - Refreshing page to check availability trial number 2, template sequence: 95609
[ 2024-04-16 05:01:56,189 ] 94 leongnardo12 - INFO - Refreshing page to check availability trial number 2, template sequence: 95609
[ 2024-04-16 05:01:57,092 ] 94 leongnardo12 - INFO - Form message: 申込期間ではありません。
[ 2024-04-16 05:01:57,092 ] 94 leongnardo12 - INFO - Form message: 申込期間ではありません。
[ 2024-04-16 05:01:57,092 ] 94 leongnardo12 - INFO - Form message: 申込期間ではありません。
[ 2024-04-16 05:01:57,092 ] 94 leongnardo12 - INFO - Refreshing page to check availability trial number 3, template sequence: 95609
[ 2024-04-16 05:01:57,092 ] 94 leongnardo12 - INFO - Refreshing page to check availability trial number 3, template sequence: 95609
[ 2024-04-16 05:01:57,092 ] 94 leongnardo12 - INFO - Refreshing page to check availability trial number 3, template sequence: 95609
[ 2024-04-16 05:01:57,915 ] 94 leongnardo12 - INFO - Form message: 申込期間ではありません。
[ 2024-04-16 05:01:57,915 ] 94 leongnardo12 - INFO - Form message: 申込期間ではありません。
[ 2024-04-16 05:01:57,915 ] 94 leongnardo12 - INFO - Form message: 申込期間ではありません。
[ 2024-04-16 05:01:57,916 ] 94 leongnardo12 - INFO - Refreshing page to check availability trial number 4, template sequence: 95609
[ 2024-04-16 05:01:57,916 ] 94 leongnardo12 - INFO - Refreshing page to check availability trial number 4, template sequence: 95609
[ 2024-04-16 05:01:57,916 ] 94 leongnardo12 - INFO - Refreshing page to check availability trial number 4, template sequence: 95609
[ 2024-04-16 05:01:59,082 ] 94 leongnardo12 - INFO - Form message: 申込期間ではありません。
[ 2024-04-16 05:01:59,082 ] 94 leongnardo12 - INFO - Form message: 申込期間ではありません。
[ 2024-04-16 05:01:59,082 ] 94 leongnardo12 - INFO - Form message: 申込期間ではありません。
[ 2024-04-16 05:01:59,082 ] 94 leongnardo12 - INFO - Refreshing page to check availability trial number 5, template sequence: 95609
[ 2024-04-16 05:01:59,082 ] 94 leongnardo12 - INFO - Refreshing page to check availability trial number 5, template sequence: 95609
[ 2024-04-16 05:01:59,082 ] 94 leongnardo12 - INFO - Refreshing page to check availability trial number 5, template sequence: 95609
[ 2024-04-16 05:01:59,975 ] 94 leongnardo12 - INFO - Form message: 申込期間ではありません。
[ 2024-04-16 05:01:59,975 ] 94 leongnardo12 - INFO - Form message: 申込期間ではありません。
[ 2024-04-16 05:01:59,975 ] 94 leongnardo12 - INFO - Form message: 申込期間ではありません。
[ 2024-04-16 05:01:59,976 ] 94 leongnardo12 - INFO - Refreshing page to check availability trial number 6, template sequence: 95609
[ 2024-04-16 05:01:59,976 ] 94 leongnardo12 - INFO - Refreshing page to check availability trial number 6, template sequence: 95609
[ 2024-04-16 05:01:59,976 ] 94 leongnardo12 - INFO - Refreshing page to check availability trial number 6, template sequence: 95609
[ 2024-04-16 05:02:00,843 ] 94 leongnardo12 - INFO - Form message: 申込期間ではありません。
[ 2024-04-16 05:02:00,843 ] 94 leongnardo12 - INFO - Form message: 申込期間ではありません。
[ 2024-04-16 05:02:00,843 ] 94 leongnardo12 - INFO - Form message: 申込期間ではありません。
[ 2024-04-16 05:02:00,844 ] 94 leongnardo12 - INFO - Refreshing page to check availability trial number 7, template sequence: 95609
[ 2024-04-16 05:02:00,844 ] 94 leongnardo12 - INFO - Refreshing page to check availability trial number 7, template sequence: 95609
[ 2024-04-16 05:02:00,844 ] 94 leongnardo12 - INFO - Refreshing page to check availability trial number 7, template sequence: 95609
[ 2024-04-16 05:02:02,382 ] 94 leongnardo12 - INFO - Form message: 申込期間ではありません。
[ 2024-04-16 05:02:02,382 ] 94 leongnardo12 - INFO - Form message: 申込期間ではありません。
[ 2024-04-16 05:02:02,382 ] 94 leongnardo12 - INFO - Form message: 申込期間ではありません。
[ 2024-04-16 05:02:02,382 ] 94 leongnardo12 - INFO - Refreshing page to check availability trial number 8, template sequence: 95609
[ 2024-04-16 05:02:02,382 ] 94 leongnardo12 - INFO - Refreshing page to check availability trial number 8, template sequence: 95609
[ 2024-04-16 05:02:02,382 ] 94 leongnardo12 - INFO - Refreshing page to check availability trial number 8, template sequence: 95609
[ 2024-04-16 05:02:03,869 ] 94 leongnardo12 - INFO - Form message: 申込期間ではありません。
[ 2024-04-16 05:02:03,869 ] 94 leongnardo12 - INFO - Form message: 申込期間ではありません。
[ 2024-04-16 05:02:03,869 ] 94 leongnardo12 - INFO - Form message: 申込期間ではありません。
[ 2024-04-16 05:02:03,869 ] 94 leongnardo12 - INFO - Refreshing page to check availability trial number 9, template sequence: 95609
[ 2024-04-16 05:02:03,869 ] 94 leongnardo12 - INFO - Refreshing page to check availability trial number 9, template sequence: 95609
[ 2024-04-16 05:02:03,869 ] 94 leongnardo12 - INFO - Refreshing page to check availability trial number 9, template sequence: 95609
[ 2024-04-16 05:02:05,288 ] 94 leongnardo12 - INFO - Form message: 申込期間ではありません。
[ 2024-04-16 05:02:05,288 ] 94 leongnardo12 - INFO - Form message: 申込期間ではありません。
[ 2024-04-16 05:02:05,288 ] 94 leongnardo12 - INFO - Form message: 申込期間ではありません。
[ 2024-04-16 05:02:05,289 ] 94 leongnardo12 - INFO - Refreshing page to check availability trial number 10, template sequence: 95609
[ 2024-04-16 05:02:05,289 ] 94 leongnardo12 - INFO - Refreshing page to check availability trial number 10, template sequence: 95609
[ 2024-04-16 05:02:05,289 ] 94 leongnardo12 - INFO - Refreshing page to check availability trial number 10, template sequence: 95609
[ 2024-04-16 05:02:06,192 ] 94 leongnardo12 - INFO - Form message: 申込期間ではありません。
[ 2024-04-16 05:02:06,192 ] 94 leongnardo12 - INFO - Form message: 申込期間ではありません。
[ 2024-04-16 05:02:06,192 ] 94 leongnardo12 - INFO - Form message: 申込期間ではありません。
[ 2024-04-16 05:02:06,193 ] 94 leongnardo12 - INFO - Refreshing page to check availability trial number 11, template sequence: 95609
[ 2024-04-16 05:02:06,193 ] 94 leongnardo12 - INFO - Refreshing page to check availability trial number 11, template sequence: 95609
[ 2024-04-16 05:02:06,193 ] 94 leongnardo12 - INFO - Refreshing page to check availability trial number 11, template sequence: 95609
[ 2024-04-16 05:02:07,331 ] 94 leongnardo12 - INFO - Form message: 申込期間ではありません。
[ 2024-04-16 05:02:07,331 ] 94 leongnardo12 - INFO - Form message: 申込期間ではありません。
[ 2024-04-16 05:02:07,331 ] 94 leongnardo12 - INFO - Form message: 申込期間ではありません。
[ 2024-04-16 05:02:07,332 ] 94 leongnardo12 - INFO - Refreshing page to check availability trial number 12, template sequence: 95609
[ 2024-04-16 05:02:07,332 ] 94 leongnardo12 - INFO - Refreshing page to check availability trial number 12, template sequence: 95609
[ 2024-04-16 05:02:07,332 ] 94 leongnardo12 - INFO - Refreshing page to check availability trial number 12, template sequence: 95609
[ 2024-04-16 05:02:08,737 ] 94 leongnardo12 - INFO - Form message: 申込期間ではありません。
[ 2024-04-16 05:02:08,737 ] 94 leongnardo12 - INFO - Form message: 申込期間ではありません。
[ 2024-04-16 05:02:08,737 ] 94 leongnardo12 - INFO - Form message: 申込期間ではありません。
[ 2024-04-16 05:02:08,737 ] 94 leongnardo12 - INFO - Refreshing page to check availability trial number 13, template sequence: 95609
[ 2024-04-16 05:02:08,737 ] 94 leongnardo12 - INFO - Refreshing page to check availability trial number 13, template sequence: 95609
[ 2024-04-16 05:02:08,737 ] 94 leongnardo12 - INFO - Refreshing page to check availability trial number 13, template sequence: 95609
[ 2024-04-16 05:02:10,204 ] 94 leongnardo12 - INFO - Form message: 申込期間ではありません。
[ 2024-04-16 05:02:10,204 ] 94 leongnardo12 - INFO - Form message: 申込期間ではありません。
[ 2024-04-16 05:02:10,204 ] 94 leongnardo12 - INFO - Form message: 申込期間ではありません。
[ 2024-04-16 05:02:10,204 ] 94 leongnardo12 - INFO - Refreshing page to check availability trial number 14, template sequence: 95609
[ 2024-04-16 05:02:10,204 ] 94 leongnardo12 - INFO - Refreshing page to check availability trial number 14, template sequence: 95609
[ 2024-04-16 05:02:10,204 ] 94 leongnardo12 - INFO - Refreshing page to check availability trial number 14, template sequence: 95609
[ 2024-04-16 05:02:11,702 ] 94 leongnardo12 - INFO - Form message: 申込期間ではありません。
[ 2024-04-16 05:02:11,702 ] 94 leongnardo12 - INFO - Form message: 申込期間ではありません。
[ 2024-04-16 05:02:11,702 ] 94 leongnardo12 - INFO - Form message: 申込期間ではありません。
[ 2024-04-16 05:02:11,702 ] 94 leongnardo12 - INFO - Refreshing page to check availability trial number 15, template sequence: 95609
[ 2024-04-16 05:02:11,702 ] 94 leongnardo12 - INFO - Refreshing page to check availability trial number 15, template sequence: 95609
[ 2024-04-16 05:02:11,702 ] 94 leongnardo12 - INFO - Refreshing page to check availability trial number 15, template sequence: 95609
[ 2024-04-16 05:02:12,615 ] 94 leongnardo12 - INFO - Form message: 申込期間ではありません。
[ 2024-04-16 05:02:12,615 ] 94 leongnardo12 - INFO - Form message: 申込期間ではありません。
[ 2024-04-16 05:02:12,615 ] 94 leongnardo12 - INFO - Form message: 申込期間ではありません。
[ 2024-04-16 05:02:12,615 ] 94 leongnardo12 - INFO - Refreshing page to check availability trial number 16, template sequence: 95609
[ 2024-04-16 05:02:12,615 ] 94 leongnardo12 - INFO - Refreshing page to check availability trial number 16, template sequence: 95609
[ 2024-04-16 05:02:12,615 ] 94 leongnardo12 - INFO - Refreshing page to check availability trial number 16, template sequence: 95609
[ 2024-04-16 05:02:14,215 ] 94 leongnardo12 - INFO - Form message: 申込期間ではありません。
[ 2024-04-16 05:02:14,215 ] 94 leongnardo12 - INFO - Form message: 申込期間ではありません。
[ 2024-04-16 05:02:14,215 ] 94 leongnardo12 - INFO - Form message: 申込期間ではありません。
[ 2024-04-16 05:02:14,216 ] 94 leongnardo12 - INFO - Refreshing page to check availability trial number 17, template sequence: 95609
[ 2024-04-16 05:02:14,216 ] 94 leongnardo12 - INFO - Refreshing page to check availability trial number 17, template sequence: 95609
[ 2024-04-16 05:02:14,216 ] 94 leongnardo12 - INFO - Refreshing page to check availability trial number 17, template sequence: 95609
[ 2024-04-16 05:02:15,703 ] 94 leongnardo12 - INFO - Form message: 申込期間ではありません。
[ 2024-04-16 05:02:15,703 ] 94 leongnardo12 - INFO - Form message: 申込期間ではありません。
[ 2024-04-16 05:02:15,703 ] 94 leongnardo12 - INFO - Form message: 申込期間ではありません。
[ 2024-04-16 05:02:15,704 ] 94 leongnardo12 - INFO - Refreshing page to check availability trial number 18, template sequence: 95609
[ 2024-04-16 05:02:15,704 ] 94 leongnardo12 - INFO - Refreshing page to check availability trial number 18, template sequence: 95609
[ 2024-04-16 05:02:15,704 ] 94 leongnardo12 - INFO - Refreshing page to check availability trial number 18, template sequence: 95609
[ 2024-04-16 05:02:16,562 ] 94 leongnardo12 - INFO - Form message: 申込期間ではありません。
[ 2024-04-16 05:02:16,562 ] 94 leongnardo12 - INFO - Form message: 申込期間ではありません。
[ 2024-04-16 05:02:16,562 ] 94 leongnardo12 - INFO - Form message: 申込期間ではありません。
[ 2024-04-16 05:02:16,562 ] 94 leongnardo12 - INFO - Refreshing page to check availability trial number 19, template sequence: 95609
[ 2024-04-16 05:02:16,562 ] 94 leongnardo12 - INFO - Refreshing page to check availability trial number 19, template sequence: 95609
[ 2024-04-16 05:02:16,562 ] 94 leongnardo12 - INFO - Refreshing page to check availability trial number 19, template sequence: 95609
[ 2024-04-16 05:02:17,727 ] 94 leongnardo12 - INFO - Form message: 申込期間ではありません。
[ 2024-04-16 05:02:17,727 ] 94 leongnardo12 - INFO - Form message: 申込期間ではありません。
[ 2024-04-16 05:02:17,727 ] 94 leongnardo12 - INFO - Form message: 申込期間ではありません。
[ 2024-04-16 05:02:17,728 ] 94 leongnardo12 - INFO - Refreshing page to check availability trial number 20, template sequence: 95609
[ 2024-04-16 05:02:17,728 ] 94 leongnardo12 - INFO - Refreshing page to check availability trial number 20, template sequence: 95609
[ 2024-04-16 05:02:17,728 ] 94 leongnardo12 - INFO - Refreshing page to check availability trial number 20, template sequence: 95609
[ 2024-04-16 05:02:18,911 ] 94 leongnardo12 - INFO - Form message: 申込期間ではありません。
[ 2024-04-16 05:02:18,911 ] 94 leongnardo12 - INFO - Form message: 申込期間ではありません。
[ 2024-04-16 05:02:18,911 ] 94 leongnardo12 - INFO - Form message: 申込期間ではありません。
[ 2024-04-16 05:02:18,912 ] 94 leongnardo12 - INFO - Failed to access form after 20 refreshing, template sequence: 95609
[ 2024-04-16 05:02:18,912 ] 94 leongnardo12 - INFO - Failed to access form after 20 refreshing, template sequence: 95609
[ 2024-04-16 05:02:18,912 ] 94 leongnardo12 - INFO - Failed to access form after 20 refreshing, template sequence: 95609
[ 2024-04-16 05:02:18,913 ] 94 leongnardo12 - INFO - Accessing form, template sequence: 95608
[ 2024-04-16 05:02:18,913 ] 94 leongnardo12 - INFO - Accessing form, template sequence: 95608
[ 2024-04-16 05:02:18,913 ] 94 leongnardo12 - INFO - Accessing form, template sequence: 95608
[ 2024-04-16 05:02:18,913 ] 94 leongnardo12 - INFO - Form URL: https://www.shinsei.e-aichi.jp/pref-aichi-police-u/offer/offerList_detailTop?tempSeq=95608
[ 2024-04-16 05:02:18,913 ] 94 leongnardo12 - INFO - Form URL: https://www.shinsei.e-aichi.jp/pref-aichi-police-u/offer/offerList_detailTop?tempSeq=95608
[ 2024-04-16 05:02:18,913 ] 94 leongnardo12 - INFO - Form URL: https://www.shinsei.e-aichi.jp/pref-aichi-police-u/offer/offerList_detailTop?tempSeq=95608
