[ 2024-04-16 05:01:45,028 ] 94 ngtrnghi123 - INFO - Opened login page
[ 2024-04-16 05:01:45,028 ] 94 ngtrnghi123 - INFO - Opened login page
[ 2024-04-16 05:01:45,028 ] 94 ngtrnghi123 - INFO - Opened login page
[ 2024-04-16 05:01:50,659 ] 94 ngtrnghi123 - INFO - Logging in
[ 2024-04-16 05:01:50,659 ] 94 ngtrnghi123 - INFO - Logging in
[ 2024-04-16 05:01:50,659 ] 94 ngtrnghi123 - INFO - Logging in
[ 2024-04-16 05:01:50,665 ] 94 ngtrnghi123 - INFO - Current url: https://www.shinsei.e-aichi.jp/pref-aichi-police-u/offer/offerList_initDisplay
[ 2024-04-16 05:01:50,665 ] 94 ngtrnghi123 - INFO - Current url: https://www.shinsei.e-aichi.jp/pref-aichi-police-u/offer/offerList_initDisplay
[ 2024-04-16 05:01:50,665 ] 94 ngtrnghi123 - INFO - Current url: https://www.shinsei.e-aichi.jp/pref-aichi-police-u/offer/offerList_initDisplay
[ 2024-04-16 05:01:50,983 ] 94 ngtrnghi123 - INFO - Logged in finished
[ 2024-04-16 05:01:50,983 ] 94 ngtrnghi123 - INFO - Logged in finished
[ 2024-04-16 05:01:50,983 ] 94 ngtrnghi123 - INFO - Logged in finished
[ 2024-04-16 05:01:51,262 ] 94 ngtrnghi123 - INFO - On main page
[ 2024-04-16 05:01:51,262 ] 94 ngtrnghi123 - INFO - On main page
[ 2024-04-16 05:01:51,262 ] 94 ngtrnghi123 - INFO - On main page
[ 2024-04-16 05:01:52,434 ] 94 ngtrnghi123 - INFO - Search submitted
[ 2024-04-16 05:01:52,434 ] 94 ngtrnghi123 - INFO - Search submitted
[ 2024-04-16 05:01:52,434 ] 94 ngtrnghi123 - INFO - Search submitted
[ 2024-04-16 05:01:52,456 ] 94 ngtrnghi123 - INFO - Collected 20 forms
[ 2024-04-16 05:01:52,456 ] 94 ngtrnghi123 - INFO - Collected 20 forms
[ 2024-04-16 05:01:52,456 ] 94 ngtrnghi123 - INFO - Collected 20 forms
[ 2024-04-16 05:01:52,506 ] 94 ngtrnghi123 - INFO - Parsed data: title: ＜05月01日(水) 08:45～09:30＞[平針]外国免許切替審査 Hirabari Exchanging Foreign Driver's License, status: None, start_date: 2024年04月17日 07時30分, end_date: 2024年04月26日 12時00分, template_seq: 96088
[ 2024-04-16 05:01:52,506 ] 94 ngtrnghi123 - INFO - Parsed data: title: ＜05月01日(水) 08:45～09:30＞[平針]外国免許切替審査 Hirabari Exchanging Foreign Driver's License, status: None, start_date: 2024年04月17日 07時30分, end_date: 2024年04月26日 12時00分, template_seq: 96088
[ 2024-04-16 05:01:52,506 ] 94 ngtrnghi123 - INFO - Parsed data: title: ＜05月01日(水) 08:45～09:30＞[平針]外国免許切替審査 Hirabari Exchanging Foreign Driver's License, status: None, start_date: 2024年04月17日 07時30分, end_date: 2024年04月26日 12時00分, template_seq: 96088
[ 2024-04-16 05:01:52,528 ] 94 ngtrnghi123 - INFO - Parsed data: title: ＜05月01日(水) 09:30～10:30＞[平針]外国免許切替審査 Hirabari Exchanging Foreign Driver's License, status: None, start_date: 2024年04月17日 07時30分, end_date: 2024年04月26日 12時00分, template_seq: 96089
[ 2024-04-16 05:01:52,528 ] 94 ngtrnghi123 - INFO - Parsed data: title: ＜05月01日(水) 09:30～10:30＞[平針]外国免許切替審査 Hirabari Exchanging Foreign Driver's License, status: None, start_date: 2024年04月17日 07時30分, end_date: 2024年04月26日 12時00分, template_seq: 96089
[ 2024-04-16 05:01:52,528 ] 94 ngtrnghi123 - INFO - Parsed data: title: ＜05月01日(水) 09:30～10:30＞[平針]外国免許切替審査 Hirabari Exchanging Foreign Driver's License, status: None, start_date: 2024年04月17日 07時30分, end_date: 2024年04月26日 12時00分, template_seq: 96089
[ 2024-04-16 05:01:52,562 ] 94 ngtrnghi123 - INFO - Parsed data: title: ＜05月01日(水) 10:30～11:45＞[平針]外国免許切替審査 Hirabari Exchanging Foreign Driver's License, status: None, start_date: 2024年04月17日 07時30分, end_date: 2024年04月26日 12時00分, template_seq: 96090
[ 2024-04-16 05:01:52,562 ] 94 ngtrnghi123 - INFO - Parsed data: title: ＜05月01日(水) 10:30～11:45＞[平針]外国免許切替審査 Hirabari Exchanging Foreign Driver's License, status: None, start_date: 2024年04月17日 07時30分, end_date: 2024年04月26日 12時00分, template_seq: 96090
[ 2024-04-16 05:01:52,562 ] 94 ngtrnghi123 - INFO - Parsed data: title: ＜05月01日(水) 10:30～11:45＞[平針]外国免許切替審査 Hirabari Exchanging Foreign Driver's License, status: None, start_date: 2024年04月17日 07時30分, end_date: 2024年04月26日 12時00分, template_seq: 96090
[ 2024-04-16 05:01:52,602 ] 94 ngtrnghi123 - INFO - Parsed data: title: ＜05月01日(水) 12:45～13:30＞[平針]外国免許切替審査 Hirabari Exchanging Foreign Driver's License, status: None, start_date: 2024年04月17日 07時30分, end_date: 2024年04月26日 12時00分, template_seq: 96091
[ 2024-04-16 05:01:52,602 ] 94 ngtrnghi123 - INFO - Parsed data: title: ＜05月01日(水) 12:45～13:30＞[平針]外国免許切替審査 Hirabari Exchanging Foreign Driver's License, status: None, start_date: 2024年04月17日 07時30分, end_date: 2024年04月26日 12時00分, template_seq: 96091
[ 2024-04-16 05:01:52,602 ] 94 ngtrnghi123 - INFO - Parsed data: title: ＜05月01日(水) 12:45～13:30＞[平針]外国免許切替審査 Hirabari Exchanging Foreign Driver's License, status: None, start_date: 2024年04月17日 07時30分, end_date: 2024年04月26日 12時00分, template_seq: 96091
[ 2024-04-16 05:01:52,637 ] 94 ngtrnghi123 - INFO - Parsed data: title: ＜05月01日(水) 13:30～14:45＞[平針]外国免許切替審査 Hirabari Exchanging Foreign Driver's License, status: None, start_date: 2024年04月17日 07時30分, end_date: 2024年04月26日 12時00分, template_seq: 96093
[ 2024-04-16 05:01:52,637 ] 94 ngtrnghi123 - INFO - Parsed data: title: ＜05月01日(水) 13:30～14:45＞[平針]外国免許切替審査 Hirabari Exchanging Foreign Driver's License, status: None, start_date: 2024年04月17日 07時30分, end_date: 2024年04月26日 12時00分, template_seq: 96093
[ 2024-04-16 05:01:52,637 ] 94 ngtrnghi123 - INFO - Parsed data: title: ＜05月01日(水) 13:30～14:45＞[平針]外国免許切替審査 Hirabari Exchanging Foreign Driver's License, status: None, start_date: 2024年04月17日 07時30分, end_date: 2024年04月26日 12時00分, template_seq: 96093
[ 2024-04-16 05:01:52,679 ] 94 ngtrnghi123 - INFO - Parsed data: title: ＜04月30日(火) 08:45～09:30＞[平針]外国免許切替審査 Hirabari Exchanging Foreign Driver's License, status: None, start_date: 2024年04月16日 07時30分, end_date: 2024年04月25日 12時00分, template_seq: 95604
[ 2024-04-16 05:01:52,679 ] 94 ngtrnghi123 - INFO - Parsed data: title: ＜04月30日(火) 08:45～09:30＞[平針]外国免許切替審査 Hirabari Exchanging Foreign Driver's License, status: None, start_date: 2024年04月16日 07時30分, end_date: 2024年04月25日 12時00分, template_seq: 95604
[ 2024-04-16 05:01:52,679 ] 94 ngtrnghi123 - INFO - Parsed data: title: ＜04月30日(火) 08:45～09:30＞[平針]外国免許切替審査 Hirabari Exchanging Foreign Driver's License, status: None, start_date: 2024年04月16日 07時30分, end_date: 2024年04月25日 12時00分, template_seq: 95604
[ 2024-04-16 05:01:52,680 ] 94 ngtrnghi123 - INFO - Parsed data: title: ＜04月30日(火) 08:45～09:30＞[平針]外国免許切替審査 Hirabari Exchanging Foreign Driver's License, status: None, start_date: 2024年04月16日 07時30分, end_date: 2024年04月25日 12時00分, template_seq: 95604
[ 2024-04-16 05:01:52,680 ] 94 ngtrnghi123 - INFO - Parsed data: title: ＜04月30日(火) 08:45～09:30＞[平針]外国免許切替審査 Hirabari Exchanging Foreign Driver's License, status: None, start_date: 2024年04月16日 07時30分, end_date: 2024年04月25日 12時00分, template_seq: 95604
[ 2024-04-16 05:01:52,680 ] 94 ngtrnghi123 - INFO - Parsed data: title: ＜04月30日(火) 08:45～09:30＞[平針]外国免許切替審査 Hirabari Exchanging Foreign Driver's License, status: None, start_date: 2024年04月16日 07時30分, end_date: 2024年04月25日 12時00分, template_seq: 95604
[ 2024-04-16 05:01:52,725 ] 94 ngtrnghi123 - INFO - Parsed data: title: ＜04月30日(火) 09:30～10:30＞[平針]外国免許切替審査 Hirabari Exchanging Foreign Driver's License, status: None, start_date: 2024年04月16日 07時30分, end_date: 2024年04月25日 12時00分, template_seq: 95605
[ 2024-04-16 05:01:52,725 ] 94 ngtrnghi123 - INFO - Parsed data: title: ＜04月30日(火) 09:30～10:30＞[平針]外国免許切替審査 Hirabari Exchanging Foreign Driver's License, status: None, start_date: 2024年04月16日 07時30分, end_date: 2024年04月25日 12時00分, template_seq: 95605
[ 2024-04-16 05:01:52,725 ] 94 ngtrnghi123 - INFO - Parsed data: title: ＜04月30日(火) 09:30～10:30＞[平針]外国免許切替審査 Hirabari Exchanging Foreign Driver's License, status: None, start_date: 2024年04月16日 07時30分, end_date: 2024年04月25日 12時00分, template_seq: 95605
[ 2024-04-16 05:01:52,726 ] 94 ngtrnghi123 - INFO - Parsed data: title: ＜04月30日(火) 09:30～10:30＞[平針]外国免許切替審査 Hirabari Exchanging Foreign Driver's License, status: None, start_date: 2024年04月16日 07時30分, end_date: 2024年04月25日 12時00分, template_seq: 95605
[ 2024-04-16 05:01:52,726 ] 94 ngtrnghi123 - INFO - Parsed data: title: ＜04月30日(火) 09:30～10:30＞[平針]外国免許切替審査 Hirabari Exchanging Foreign Driver's License, status: None, start_date: 2024年04月16日 07時30分, end_date: 2024年04月25日 12時00分, template_seq: 95605
[ 2024-04-16 05:01:52,726 ] 94 ngtrnghi123 - INFO - Parsed data: title: ＜04月30日(火) 09:30～10:30＞[平針]外国免許切替審査 Hirabari Exchanging Foreign Driver's License, status: None, start_date: 2024年04月16日 07時30分, end_date: 2024年04月25日 12時00分, template_seq: 95605
[ 2024-04-16 05:01:52,756 ] 94 ngtrnghi123 - INFO - Parsed data: title: ＜04月30日(火) 10:30～11:45＞[平針]外国免許切替審査 Hirabari Exchanging Foreign Driver's License, status: None, start_date: 2024年04月16日 07時30分, end_date: 2024年04月25日 12時00分, template_seq: 95607
[ 2024-04-16 05:01:52,756 ] 94 ngtrnghi123 - INFO - Parsed data: title: ＜04月30日(火) 10:30～11:45＞[平針]外国免許切替審査 Hirabari Exchanging Foreign Driver's License, status: None, start_date: 2024年04月16日 07時30分, end_date: 2024年04月25日 12時00分, template_seq: 95607
[ 2024-04-16 05:01:52,756 ] 94 ngtrnghi123 - INFO - Parsed data: title: ＜04月30日(火) 10:30～11:45＞[平針]外国免許切替審査 Hirabari Exchanging Foreign Driver's License, status: None, start_date: 2024年04月16日 07時30分, end_date: 2024年04月25日 12時00分, template_seq: 95607
[ 2024-04-16 05:01:52,758 ] 94 ngtrnghi123 - INFO - Parsed data: title: ＜04月30日(火) 10:30～11:45＞[平針]外国免許切替審査 Hirabari Exchanging Foreign Driver's License, status: None, start_date: 2024年04月16日 07時30分, end_date: 2024年04月25日 12時00分, template_seq: 95607
[ 2024-04-16 05:01:52,758 ] 94 ngtrnghi123 - INFO - Parsed data: title: ＜04月30日(火) 10:30～11:45＞[平針]外国免許切替審査 Hirabari Exchanging Foreign Driver's License, status: None, start_date: 2024年04月16日 07時30分, end_date: 2024年04月25日 12時00分, template_seq: 95607
[ 2024-04-16 05:01:52,758 ] 94 ngtrnghi123 - INFO - Parsed data: title: ＜04月30日(火) 10:30～11:45＞[平針]外国免許切替審査 Hirabari Exchanging Foreign Driver's License, status: None, start_date: 2024年04月16日 07時30分, end_date: 2024年04月25日 12時00分, template_seq: 95607
[ 2024-04-16 05:01:52,791 ] 94 ngtrnghi123 - INFO - Parsed data: title: ＜04月30日(火) 12:45～13:30＞[平針]外国免許切替審査 Hirabari Exchanging Foreign Driver's License, status: None, start_date: 2024年04月16日 07時30分, end_date: 2024年04月25日 12時00分, template_seq: 95608
[ 2024-04-16 05:01:52,791 ] 94 ngtrnghi123 - INFO - Parsed data: title: ＜04月30日(火) 12:45～13:30＞[平針]外国免許切替審査 Hirabari Exchanging Foreign Driver's License, status: None, start_date: 2024年04月16日 07時30分, end_date: 2024年04月25日 12時00分, template_seq: 95608
[ 2024-04-16 05:01:52,791 ] 94 ngtrnghi123 - INFO - Parsed data: title: ＜04月30日(火) 12:45～13:30＞[平針]外国免許切替審査 Hirabari Exchanging Foreign Driver's License, status: None, start_date: 2024年04月16日 07時30分, end_date: 2024年04月25日 12時00分, template_seq: 95608
[ 2024-04-16 05:01:52,793 ] 94 ngtrnghi123 - INFO - Parsed data: title: ＜04月30日(火) 12:45～13:30＞[平針]外国免許切替審査 Hirabari Exchanging Foreign Driver's License, status: None, start_date: 2024年04月16日 07時30分, end_date: 2024年04月25日 12時00分, template_seq: 95608
[ 2024-04-16 05:01:52,793 ] 94 ngtrnghi123 - INFO - Parsed data: title: ＜04月30日(火) 12:45～13:30＞[平針]外国免許切替審査 Hirabari Exchanging Foreign Driver's License, status: None, start_date: 2024年04月16日 07時30分, end_date: 2024年04月25日 12時00分, template_seq: 95608
[ 2024-04-16 05:01:52,793 ] 94 ngtrnghi123 - INFO - Parsed data: title: ＜04月30日(火) 12:45～13:30＞[平針]外国免許切替審査 Hirabari Exchanging Foreign Driver's License, status: None, start_date: 2024年04月16日 07時30分, end_date: 2024年04月25日 12時00分, template_seq: 95608
[ 2024-04-16 05:01:52,819 ] 94 ngtrnghi123 - INFO - Parsed data: title: ＜04月30日(火) 13:30～14:45＞[平針]外国免許切替審査 Hirabari Exchanging Foreign Driver's License, status: None, start_date: 2024年04月16日 07時30分, end_date: 2024年04月25日 12時00分, template_seq: 95609
[ 2024-04-16 05:01:52,819 ] 94 ngtrnghi123 - INFO - Parsed data: title: ＜04月30日(火) 13:30～14:45＞[平針]外国免許切替審査 Hirabari Exchanging Foreign Driver's License, status: None, start_date: 2024年04月16日 07時30分, end_date: 2024年04月25日 12時00分, template_seq: 95609
[ 2024-04-16 05:01:52,819 ] 94 ngtrnghi123 - INFO - Parsed data: title: ＜04月30日(火) 13:30～14:45＞[平針]外国免許切替審査 Hirabari Exchanging Foreign Driver's License, status: None, start_date: 2024年04月16日 07時30分, end_date: 2024年04月25日 12時00分, template_seq: 95609
[ 2024-04-16 05:01:52,821 ] 94 ngtrnghi123 - INFO - Parsed data: title: ＜04月30日(火) 13:30～14:45＞[平針]外国免許切替審査 Hirabari Exchanging Foreign Driver's License, status: None, start_date: 2024年04月16日 07時30分, end_date: 2024年04月25日 12時00分, template_seq: 95609
[ 2024-04-16 05:01:52,821 ] 94 ngtrnghi123 - INFO - Parsed data: title: ＜04月30日(火) 13:30～14:45＞[平針]外国免許切替審査 Hirabari Exchanging Foreign Driver's License, status: None, start_date: 2024年04月16日 07時30分, end_date: 2024年04月25日 12時00分, template_seq: 95609
[ 2024-04-16 05:01:52,821 ] 94 ngtrnghi123 - INFO - Parsed data: title: ＜04月30日(火) 13:30～14:45＞[平針]外国免許切替審査 Hirabari Exchanging Foreign Driver's License, status: None, start_date: 2024年04月16日 07時30分, end_date: 2024年04月25日 12時00分, template_seq: 95609
[ 2024-04-16 05:01:52,861 ] 94 ngtrnghi123 - INFO - Parsed data: title: ＜04月26日(金) 08:45～09:30＞[平針]外国免許切替審査 Hirabari Exchanging Foreign Driver's License, status: None, start_date: 2024年04月12日 07時30分, end_date: 2024年04月24日 12時00分, template_seq: 95410
[ 2024-04-16 05:01:52,861 ] 94 ngtrnghi123 - INFO - Parsed data: title: ＜04月26日(金) 08:45～09:30＞[平針]外国免許切替審査 Hirabari Exchanging Foreign Driver's License, status: None, start_date: 2024年04月12日 07時30分, end_date: 2024年04月24日 12時00分, template_seq: 95410
[ 2024-04-16 05:01:52,861 ] 94 ngtrnghi123 - INFO - Parsed data: title: ＜04月26日(金) 08:45～09:30＞[平針]外国免許切替審査 Hirabari Exchanging Foreign Driver's License, status: None, start_date: 2024年04月12日 07時30分, end_date: 2024年04月24日 12時00分, template_seq: 95410
[ 2024-04-16 05:01:52,894 ] 94 ngtrnghi123 - INFO - Parsed data: title: ＜04月26日(金) 09:30～10:30＞[平針]外国免許切替審査 Hirabari Exchanging Foreign Driver's License, status: None, start_date: 2024年04月12日 07時30分, end_date: 2024年04月24日 12時00分, template_seq: 95411
[ 2024-04-16 05:01:52,894 ] 94 ngtrnghi123 - INFO - Parsed data: title: ＜04月26日(金) 09:30～10:30＞[平針]外国免許切替審査 Hirabari Exchanging Foreign Driver's License, status: None, start_date: 2024年04月12日 07時30分, end_date: 2024年04月24日 12時00分, template_seq: 95411
[ 2024-04-16 05:01:52,894 ] 94 ngtrnghi123 - INFO - Parsed data: title: ＜04月26日(金) 09:30～10:30＞[平針]外国免許切替審査 Hirabari Exchanging Foreign Driver's License, status: None, start_date: 2024年04月12日 07時30分, end_date: 2024年04月24日 12時00分, template_seq: 95411
[ 2024-04-16 05:01:52,925 ] 94 ngtrnghi123 - INFO - Parsed data: title: ＜04月26日(金) 10:30～11:45＞[平針]外国免許切替審査 Hirabari Exchanging Foreign Driver's License, status: None, start_date: 2024年04月12日 07時30分, end_date: 2024年04月24日 12時00分, template_seq: 95412
[ 2024-04-16 05:01:52,925 ] 94 ngtrnghi123 - INFO - Parsed data: title: ＜04月26日(金) 10:30～11:45＞[平針]外国免許切替審査 Hirabari Exchanging Foreign Driver's License, status: None, start_date: 2024年04月12日 07時30分, end_date: 2024年04月24日 12時00分, template_seq: 95412
[ 2024-04-16 05:01:52,925 ] 94 ngtrnghi123 - INFO - Parsed data: title: ＜04月26日(金) 10:30～11:45＞[平針]外国免許切替審査 Hirabari Exchanging Foreign Driver's License, status: None, start_date: 2024年04月12日 07時30分, end_date: 2024年04月24日 12時00分, template_seq: 95412
[ 2024-04-16 05:01:52,956 ] 94 ngtrnghi123 - INFO - Parsed data: title: ＜04月26日(金) 12:45～13:30＞[平針]外国免許切替審査 Hirabari Exchanging Foreign Driver's License, status: None, start_date: 2024年04月12日 07時30分, end_date: 2024年04月24日 12時00分, template_seq: 95413
[ 2024-04-16 05:01:52,956 ] 94 ngtrnghi123 - INFO - Parsed data: title: ＜04月26日(金) 12:45～13:30＞[平針]外国免許切替審査 Hirabari Exchanging Foreign Driver's License, status: None, start_date: 2024年04月12日 07時30分, end_date: 2024年04月24日 12時00分, template_seq: 95413
[ 2024-04-16 05:01:52,956 ] 94 ngtrnghi123 - INFO - Parsed data: title: ＜04月26日(金) 12:45～13:30＞[平針]外国免許切替審査 Hirabari Exchanging Foreign Driver's License, status: None, start_date: 2024年04月12日 07時30分, end_date: 2024年04月24日 12時00分, template_seq: 95413
[ 2024-04-16 05:01:52,989 ] 94 ngtrnghi123 - INFO - Parsed data: title: ＜04月26日(金) 13:30～14:45＞[平針]外国免許切替審査 Hirabari Exchanging Foreign Driver's License, status: None, start_date: 2024年04月12日 07時30分, end_date: 2024年04月24日 12時00分, template_seq: 95414
[ 2024-04-16 05:01:52,989 ] 94 ngtrnghi123 - INFO - Parsed data: title: ＜04月26日(金) 13:30～14:45＞[平針]外国免許切替審査 Hirabari Exchanging Foreign Driver's License, status: None, start_date: 2024年04月12日 07時30分, end_date: 2024年04月24日 12時00分, template_seq: 95414
[ 2024-04-16 05:01:52,989 ] 94 ngtrnghi123 - INFO - Parsed data: title: ＜04月26日(金) 13:30～14:45＞[平針]外国免許切替審査 Hirabari Exchanging Foreign Driver's License, status: None, start_date: 2024年04月12日 07時30分, end_date: 2024年04月24日 12時00分, template_seq: 95414
[ 2024-04-16 05:01:53,022 ] 94 ngtrnghi123 - INFO - Parsed data: title: ＜04月25日(木) 08:45～09:30＞[平針]外国免許切替審査 Hirabari Exchanging Foreign Driver's License, status: None, start_date: 2024年04月11日 07時30分, end_date: 2024年04月23日 12時00分, template_seq: 95405
[ 2024-04-16 05:01:53,022 ] 94 ngtrnghi123 - INFO - Parsed data: title: ＜04月25日(木) 08:45～09:30＞[平針]外国免許切替審査 Hirabari Exchanging Foreign Driver's License, status: None, start_date: 2024年04月11日 07時30分, end_date: 2024年04月23日 12時00分, template_seq: 95405
[ 2024-04-16 05:01:53,022 ] 94 ngtrnghi123 - INFO - Parsed data: title: ＜04月25日(木) 08:45～09:30＞[平針]外国免許切替審査 Hirabari Exchanging Foreign Driver's License, status: None, start_date: 2024年04月11日 07時30分, end_date: 2024年04月23日 12時00分, template_seq: 95405
[ 2024-04-16 05:01:53,086 ] 94 ngtrnghi123 - INFO - Parsed data: title: ＜04月25日(木) 09:30～10:30＞[平針]外国免許切替審査 Hirabari Exchanging Foreign Driver's License, status: None, start_date: 2024年04月11日 07時30分, end_date: 2024年04月23日 12時00分, template_seq: 95406
[ 2024-04-16 05:01:53,086 ] 94 ngtrnghi123 - INFO - Parsed data: title: ＜04月25日(木) 09:30～10:30＞[平針]外国免許切替審査 Hirabari Exchanging Foreign Driver's License, status: None, start_date: 2024年04月11日 07時30分, end_date: 2024年04月23日 12時00分, template_seq: 95406
[ 2024-04-16 05:01:53,086 ] 94 ngtrnghi123 - INFO - Parsed data: title: ＜04月25日(木) 09:30～10:30＞[平針]外国免許切替審査 Hirabari Exchanging Foreign Driver's License, status: None, start_date: 2024年04月11日 07時30分, end_date: 2024年04月23日 12時00分, template_seq: 95406
[ 2024-04-16 05:01:53,139 ] 94 ngtrnghi123 - INFO - Parsed data: title: ＜04月25日(木) 10:30～11:45＞[平針]外国免許切替審査 Hirabari Exchanging Foreign Driver's License, status: None, start_date: 2024年04月11日 07時30分, end_date: 2024年04月23日 12時00分, template_seq: 95407
[ 2024-04-16 05:01:53,139 ] 94 ngtrnghi123 - INFO - Parsed data: title: ＜04月25日(木) 10:30～11:45＞[平針]外国免許切替審査 Hirabari Exchanging Foreign Driver's License, status: None, start_date: 2024年04月11日 07時30分, end_date: 2024年04月23日 12時00分, template_seq: 95407
[ 2024-04-16 05:01:53,139 ] 94 ngtrnghi123 - INFO - Parsed data: title: ＜04月25日(木) 10:30～11:45＞[平針]外国免許切替審査 Hirabari Exchanging Foreign Driver's License, status: None, start_date: 2024年04月11日 07時30分, end_date: 2024年04月23日 12時00分, template_seq: 95407
[ 2024-04-16 05:01:53,170 ] 94 ngtrnghi123 - INFO - Parsed data: title: ＜04月25日(木) 12:45～13:30＞[平針]外国免許切替審査 Hirabari Exchanging Foreign Driver's License, status: None, start_date: 2024年04月11日 07時30分, end_date: 2024年04月23日 12時00分, template_seq: 95408
[ 2024-04-16 05:01:53,170 ] 94 ngtrnghi123 - INFO - Parsed data: title: ＜04月25日(木) 12:45～13:30＞[平針]外国免許切替審査 Hirabari Exchanging Foreign Driver's License, status: None, start_date: 2024年04月11日 07時30分, end_date: 2024年04月23日 12時00分, template_seq: 95408
[ 2024-04-16 05:01:53,170 ] 94 ngtrnghi123 - INFO - Parsed data: title: ＜04月25日(木) 12:45～13:30＞[平針]外国免許切替審査 Hirabari Exchanging Foreign Driver's License, status: None, start_date: 2024年04月11日 07時30分, end_date: 2024年04月23日 12時00分, template_seq: 95408
[ 2024-04-16 05:01:53,220 ] 94 ngtrnghi123 - INFO - Parsed data: title: ＜04月25日(木) 13:30～14:45＞[平針]外国免許切替審査 Hirabari Exchanging Foreign Driver's License, status: None, start_date: 2024年04月11日 07時30分, end_date: 2024年04月23日 12時00分, template_seq: 95409
[ 2024-04-16 05:01:53,220 ] 94 ngtrnghi123 - INFO - Parsed data: title: ＜04月25日(木) 13:30～14:45＞[平針]外国免許切替審査 Hirabari Exchanging Foreign Driver's License, status: None, start_date: 2024年04月11日 07時30分, end_date: 2024年04月23日 12時00分, template_seq: 95409
[ 2024-04-16 05:01:53,220 ] 94 ngtrnghi123 - INFO - Parsed data: title: ＜04月25日(木) 13:30～14:45＞[平針]外国免許切替審査 Hirabari Exchanging Foreign Driver's License, status: None, start_date: 2024年04月11日 07時30分, end_date: 2024年04月23日 12時00分, template_seq: 95409
[ 2024-04-16 05:01:53,223 ] 94 ngtrnghi123 - INFO - Number of filtered forms left is: 5 form(s)
[ 2024-04-16 05:01:53,223 ] 94 ngtrnghi123 - INFO - Number of filtered forms left is: 5 form(s)
[ 2024-04-16 05:01:53,223 ] 94 ngtrnghi123 - INFO - Number of filtered forms left is: 5 form(s)
[ 2024-04-16 05:01:53,226 ] 94 ngtrnghi123 - INFO - Accessing form, template sequence: 95604
[ 2024-04-16 05:01:53,226 ] 94 ngtrnghi123 - INFO - Accessing form, template sequence: 95604
[ 2024-04-16 05:01:53,226 ] 94 ngtrnghi123 - INFO - Accessing form, template sequence: 95604
[ 2024-04-16 05:01:53,227 ] 94 ngtrnghi123 - INFO - Form URL: https://www.shinsei.e-aichi.jp/pref-aichi-police-u/offer/offerList_detailTop?tempSeq=95604
[ 2024-04-16 05:01:53,227 ] 94 ngtrnghi123 - INFO - Form URL: https://www.shinsei.e-aichi.jp/pref-aichi-police-u/offer/offerList_detailTop?tempSeq=95604
[ 2024-04-16 05:01:53,227 ] 94 ngtrnghi123 - INFO - Form URL: https://www.shinsei.e-aichi.jp/pref-aichi-police-u/offer/offerList_detailTop?tempSeq=95604
[ 2024-04-16 05:01:58,943 ] 94 ngtrnghi123 - INFO - Accessed form successfully
[ 2024-04-16 05:01:58,943 ] 94 ngtrnghi123 - INFO - Accessed form successfully
[ 2024-04-16 05:01:58,943 ] 94 ngtrnghi123 - INFO - Accessed form successfully
[ 2024-04-16 05:01:58,960 ] 94 ngtrnghi123 - INFO - Form message: 申込期間ではありません。
[ 2024-04-16 05:01:58,960 ] 94 ngtrnghi123 - INFO - Form message: 申込期間ではありません。
[ 2024-04-16 05:01:58,960 ] 94 ngtrnghi123 - INFO - Form message: 申込期間ではありません。
[ 2024-04-16 05:01:58,960 ] 94 ngtrnghi123 - INFO - Refreshing page to check availability trial number 1, template sequence: 95604
[ 2024-04-16 05:01:58,960 ] 94 ngtrnghi123 - INFO - Refreshing page to check availability trial number 1, template sequence: 95604
[ 2024-04-16 05:01:58,960 ] 94 ngtrnghi123 - INFO - Refreshing page to check availability trial number 1, template sequence: 95604
[ 2024-04-16 05:02:00,035 ] 94 ngtrnghi123 - INFO - Form message: 申込期間ではありません。
[ 2024-04-16 05:02:00,035 ] 94 ngtrnghi123 - INFO - Form message: 申込期間ではありません。
[ 2024-04-16 05:02:00,035 ] 94 ngtrnghi123 - INFO - Form message: 申込期間ではありません。
[ 2024-04-16 05:02:00,036 ] 94 ngtrnghi123 - INFO - Refreshing page to check availability trial number 2, template sequence: 95604
[ 2024-04-16 05:02:00,036 ] 94 ngtrnghi123 - INFO - Refreshing page to check availability trial number 2, template sequence: 95604
[ 2024-04-16 05:02:00,036 ] 94 ngtrnghi123 - INFO - Refreshing page to check availability trial number 2, template sequence: 95604
[ 2024-04-16 05:02:00,939 ] 94 ngtrnghi123 - INFO - Form message: 申込期間ではありません。
[ 2024-04-16 05:02:00,939 ] 94 ngtrnghi123 - INFO - Form message: 申込期間ではありません。
[ 2024-04-16 05:02:00,939 ] 94 ngtrnghi123 - INFO - Form message: 申込期間ではありません。
[ 2024-04-16 05:02:00,940 ] 94 ngtrnghi123 - INFO - Refreshing page to check availability trial number 3, template sequence: 95604
[ 2024-04-16 05:02:00,940 ] 94 ngtrnghi123 - INFO - Refreshing page to check availability trial number 3, template sequence: 95604
[ 2024-04-16 05:02:00,940 ] 94 ngtrnghi123 - INFO - Refreshing page to check availability trial number 3, template sequence: 95604
[ 2024-04-16 05:02:01,808 ] 94 ngtrnghi123 - INFO - Form message: 申込期間ではありません。
[ 2024-04-16 05:02:01,808 ] 94 ngtrnghi123 - INFO - Form message: 申込期間ではありません。
[ 2024-04-16 05:02:01,808 ] 94 ngtrnghi123 - INFO - Form message: 申込期間ではありません。
[ 2024-04-16 05:02:01,808 ] 94 ngtrnghi123 - INFO - Refreshing page to check availability trial number 4, template sequence: 95604
[ 2024-04-16 05:02:01,808 ] 94 ngtrnghi123 - INFO - Refreshing page to check availability trial number 4, template sequence: 95604
[ 2024-04-16 05:02:01,808 ] 94 ngtrnghi123 - INFO - Refreshing page to check availability trial number 4, template sequence: 95604
[ 2024-04-16 05:02:02,676 ] 94 ngtrnghi123 - INFO - Form message: 申込期間ではありません。
[ 2024-04-16 05:02:02,676 ] 94 ngtrnghi123 - INFO - Form message: 申込期間ではありません。
[ 2024-04-16 05:02:02,676 ] 94 ngtrnghi123 - INFO - Form message: 申込期間ではありません。
[ 2024-04-16 05:02:02,677 ] 94 ngtrnghi123 - INFO - Refreshing page to check availability trial number 5, template sequence: 95604
[ 2024-04-16 05:02:02,677 ] 94 ngtrnghi123 - INFO - Refreshing page to check availability trial number 5, template sequence: 95604
[ 2024-04-16 05:02:02,677 ] 94 ngtrnghi123 - INFO - Refreshing page to check availability trial number 5, template sequence: 95604
[ 2024-04-16 05:02:03,591 ] 94 ngtrnghi123 - INFO - Form message: 申込期間ではありません。
[ 2024-04-16 05:02:03,591 ] 94 ngtrnghi123 - INFO - Form message: 申込期間ではありません。
[ 2024-04-16 05:02:03,591 ] 94 ngtrnghi123 - INFO - Form message: 申込期間ではありません。
[ 2024-04-16 05:02:03,591 ] 94 ngtrnghi123 - INFO - Refreshing page to check availability trial number 6, template sequence: 95604
[ 2024-04-16 05:02:03,591 ] 94 ngtrnghi123 - INFO - Refreshing page to check availability trial number 6, template sequence: 95604
[ 2024-04-16 05:02:03,591 ] 94 ngtrnghi123 - INFO - Refreshing page to check availability trial number 6, template sequence: 95604
[ 2024-04-16 05:02:04,510 ] 94 ngtrnghi123 - INFO - Form message: 申込期間ではありません。
[ 2024-04-16 05:02:04,510 ] 94 ngtrnghi123 - INFO - Form message: 申込期間ではありません。
[ 2024-04-16 05:02:04,510 ] 94 ngtrnghi123 - INFO - Form message: 申込期間ではありません。
[ 2024-04-16 05:02:04,510 ] 94 ngtrnghi123 - INFO - Refreshing page to check availability trial number 7, template sequence: 95604
[ 2024-04-16 05:02:04,510 ] 94 ngtrnghi123 - INFO - Refreshing page to check availability trial number 7, template sequence: 95604
[ 2024-04-16 05:02:04,510 ] 94 ngtrnghi123 - INFO - Refreshing page to check availability trial number 7, template sequence: 95604
[ 2024-04-16 05:02:05,380 ] 94 ngtrnghi123 - INFO - Form message: 申込期間ではありません。
[ 2024-04-16 05:02:05,380 ] 94 ngtrnghi123 - INFO - Form message: 申込期間ではありません。
[ 2024-04-16 05:02:05,380 ] 94 ngtrnghi123 - INFO - Form message: 申込期間ではありません。
[ 2024-04-16 05:02:05,382 ] 94 ngtrnghi123 - INFO - Refreshing page to check availability trial number 8, template sequence: 95604
[ 2024-04-16 05:02:05,382 ] 94 ngtrnghi123 - INFO - Refreshing page to check availability trial number 8, template sequence: 95604
[ 2024-04-16 05:02:05,382 ] 94 ngtrnghi123 - INFO - Refreshing page to check availability trial number 8, template sequence: 95604
[ 2024-04-16 05:02:06,277 ] 94 ngtrnghi123 - INFO - Form message: 申込期間ではありません。
[ 2024-04-16 05:02:06,277 ] 94 ngtrnghi123 - INFO - Form message: 申込期間ではありません。
[ 2024-04-16 05:02:06,277 ] 94 ngtrnghi123 - INFO - Form message: 申込期間ではありません。
[ 2024-04-16 05:02:06,279 ] 94 ngtrnghi123 - INFO - Refreshing page to check availability trial number 9, template sequence: 95604
[ 2024-04-16 05:02:06,279 ] 94 ngtrnghi123 - INFO - Refreshing page to check availability trial number 9, template sequence: 95604
[ 2024-04-16 05:02:06,279 ] 94 ngtrnghi123 - INFO - Refreshing page to check availability trial number 9, template sequence: 95604
[ 2024-04-16 05:02:07,130 ] 94 ngtrnghi123 - INFO - Form message: 申込期間ではありません。
[ 2024-04-16 05:02:07,130 ] 94 ngtrnghi123 - INFO - Form message: 申込期間ではありません。
[ 2024-04-16 05:02:07,130 ] 94 ngtrnghi123 - INFO - Form message: 申込期間ではありません。
[ 2024-04-16 05:02:07,131 ] 94 ngtrnghi123 - INFO - Refreshing page to check availability trial number 10, template sequence: 95604
[ 2024-04-16 05:02:07,131 ] 94 ngtrnghi123 - INFO - Refreshing page to check availability trial number 10, template sequence: 95604
[ 2024-04-16 05:02:07,131 ] 94 ngtrnghi123 - INFO - Refreshing page to check availability trial number 10, template sequence: 95604
[ 2024-04-16 05:02:07,972 ] 94 ngtrnghi123 - INFO - Form message: 申込期間ではありません。
[ 2024-04-16 05:02:07,972 ] 94 ngtrnghi123 - INFO - Form message: 申込期間ではありません。
[ 2024-04-16 05:02:07,972 ] 94 ngtrnghi123 - INFO - Form message: 申込期間ではありません。
[ 2024-04-16 05:02:07,973 ] 94 ngtrnghi123 - INFO - Refreshing page to check availability trial number 11, template sequence: 95604
[ 2024-04-16 05:02:07,973 ] 94 ngtrnghi123 - INFO - Refreshing page to check availability trial number 11, template sequence: 95604
[ 2024-04-16 05:02:07,973 ] 94 ngtrnghi123 - INFO - Refreshing page to check availability trial number 11, template sequence: 95604
[ 2024-04-16 05:02:09,126 ] 94 ngtrnghi123 - INFO - Form message: 申込期間ではありません。
[ 2024-04-16 05:02:09,126 ] 94 ngtrnghi123 - INFO - Form message: 申込期間ではありません。
[ 2024-04-16 05:02:09,126 ] 94 ngtrnghi123 - INFO - Form message: 申込期間ではありません。
[ 2024-04-16 05:02:09,126 ] 94 ngtrnghi123 - INFO - Refreshing page to check availability trial number 12, template sequence: 95604
[ 2024-04-16 05:02:09,126 ] 94 ngtrnghi123 - INFO - Refreshing page to check availability trial number 12, template sequence: 95604
[ 2024-04-16 05:02:09,126 ] 94 ngtrnghi123 - INFO - Refreshing page to check availability trial number 12, template sequence: 95604
[ 2024-04-16 05:02:09,988 ] 94 ngtrnghi123 - INFO - Form message: 申込期間ではありません。
[ 2024-04-16 05:02:09,988 ] 94 ngtrnghi123 - INFO - Form message: 申込期間ではありません。
[ 2024-04-16 05:02:09,988 ] 94 ngtrnghi123 - INFO - Form message: 申込期間ではありません。
[ 2024-04-16 05:02:09,989 ] 94 ngtrnghi123 - INFO - Refreshing page to check availability trial number 13, template sequence: 95604
[ 2024-04-16 05:02:09,989 ] 94 ngtrnghi123 - INFO - Refreshing page to check availability trial number 13, template sequence: 95604
[ 2024-04-16 05:02:09,989 ] 94 ngtrnghi123 - INFO - Refreshing page to check availability trial number 13, template sequence: 95604
[ 2024-04-16 05:02:10,817 ] 94 ngtrnghi123 - INFO - Form message: 申込期間ではありません。
[ 2024-04-16 05:02:10,817 ] 94 ngtrnghi123 - INFO - Form message: 申込期間ではありません。
[ 2024-04-16 05:02:10,817 ] 94 ngtrnghi123 - INFO - Form message: 申込期間ではありません。
[ 2024-04-16 05:02:10,817 ] 94 ngtrnghi123 - INFO - Refreshing page to check availability trial number 14, template sequence: 95604
[ 2024-04-16 05:02:10,817 ] 94 ngtrnghi123 - INFO - Refreshing page to check availability trial number 14, template sequence: 95604
[ 2024-04-16 05:02:10,817 ] 94 ngtrnghi123 - INFO - Refreshing page to check availability trial number 14, template sequence: 95604
[ 2024-04-16 05:02:11,686 ] 94 ngtrnghi123 - INFO - Form message: 申込期間ではありません。
[ 2024-04-16 05:02:11,686 ] 94 ngtrnghi123 - INFO - Form message: 申込期間ではありません。
[ 2024-04-16 05:02:11,686 ] 94 ngtrnghi123 - INFO - Form message: 申込期間ではありません。
[ 2024-04-16 05:02:11,687 ] 94 ngtrnghi123 - INFO - Refreshing page to check availability trial number 15, template sequence: 95604
[ 2024-04-16 05:02:11,687 ] 94 ngtrnghi123 - INFO - Refreshing page to check availability trial number 15, template sequence: 95604
[ 2024-04-16 05:02:11,687 ] 94 ngtrnghi123 - INFO - Refreshing page to check availability trial number 15, template sequence: 95604
[ 2024-04-16 05:02:12,848 ] 94 ngtrnghi123 - INFO - Form message: 申込期間ではありません。
[ 2024-04-16 05:02:12,848 ] 94 ngtrnghi123 - INFO - Form message: 申込期間ではありません。
[ 2024-04-16 05:02:12,848 ] 94 ngtrnghi123 - INFO - Form message: 申込期間ではありません。
[ 2024-04-16 05:02:12,848 ] 94 ngtrnghi123 - INFO - Refreshing page to check availability trial number 16, template sequence: 95604
[ 2024-04-16 05:02:12,848 ] 94 ngtrnghi123 - INFO - Refreshing page to check availability trial number 16, template sequence: 95604
[ 2024-04-16 05:02:12,848 ] 94 ngtrnghi123 - INFO - Refreshing page to check availability trial number 16, template sequence: 95604
[ 2024-04-16 05:02:13,681 ] 94 ngtrnghi123 - INFO - Form message: 申込期間ではありません。
[ 2024-04-16 05:02:13,681 ] 94 ngtrnghi123 - INFO - Form message: 申込期間ではありません。
[ 2024-04-16 05:02:13,681 ] 94 ngtrnghi123 - INFO - Form message: 申込期間ではありません。
[ 2024-04-16 05:02:13,681 ] 94 ngtrnghi123 - INFO - Refreshing page to check availability trial number 17, template sequence: 95604
[ 2024-04-16 05:02:13,681 ] 94 ngtrnghi123 - INFO - Refreshing page to check availability trial number 17, template sequence: 95604
[ 2024-04-16 05:02:13,681 ] 94 ngtrnghi123 - INFO - Refreshing page to check availability trial number 17, template sequence: 95604
[ 2024-04-16 05:02:14,558 ] 94 ngtrnghi123 - INFO - Form message: 申込期間ではありません。
[ 2024-04-16 05:02:14,558 ] 94 ngtrnghi123 - INFO - Form message: 申込期間ではありません。
[ 2024-04-16 05:02:14,558 ] 94 ngtrnghi123 - INFO - Form message: 申込期間ではありません。
[ 2024-04-16 05:02:14,559 ] 94 ngtrnghi123 - INFO - Refreshing page to check availability trial number 18, template sequence: 95604
[ 2024-04-16 05:02:14,559 ] 94 ngtrnghi123 - INFO - Refreshing page to check availability trial number 18, template sequence: 95604
[ 2024-04-16 05:02:14,559 ] 94 ngtrnghi123 - INFO - Refreshing page to check availability trial number 18, template sequence: 95604
[ 2024-04-16 05:02:15,413 ] 94 ngtrnghi123 - INFO - Form message: 申込期間ではありません。
[ 2024-04-16 05:02:15,413 ] 94 ngtrnghi123 - INFO - Form message: 申込期間ではありません。
[ 2024-04-16 05:02:15,413 ] 94 ngtrnghi123 - INFO - Form message: 申込期間ではありません。
[ 2024-04-16 05:02:15,414 ] 94 ngtrnghi123 - INFO - Refreshing page to check availability trial number 19, template sequence: 95604
[ 2024-04-16 05:02:15,414 ] 94 ngtrnghi123 - INFO - Refreshing page to check availability trial number 19, template sequence: 95604
[ 2024-04-16 05:02:15,414 ] 94 ngtrnghi123 - INFO - Refreshing page to check availability trial number 19, template sequence: 95604
[ 2024-04-16 05:02:16,259 ] 94 ngtrnghi123 - INFO - Form message: 申込期間ではありません。
[ 2024-04-16 05:02:16,259 ] 94 ngtrnghi123 - INFO - Form message: 申込期間ではありません。
[ 2024-04-16 05:02:16,259 ] 94 ngtrnghi123 - INFO - Form message: 申込期間ではありません。
[ 2024-04-16 05:02:16,259 ] 94 ngtrnghi123 - INFO - Refreshing page to check availability trial number 20, template sequence: 95604
[ 2024-04-16 05:02:16,259 ] 94 ngtrnghi123 - INFO - Refreshing page to check availability trial number 20, template sequence: 95604
[ 2024-04-16 05:02:16,259 ] 94 ngtrnghi123 - INFO - Refreshing page to check availability trial number 20, template sequence: 95604
[ 2024-04-16 05:02:17,104 ] 94 ngtrnghi123 - INFO - Form message: 申込期間ではありません。
[ 2024-04-16 05:02:17,104 ] 94 ngtrnghi123 - INFO - Form message: 申込期間ではありません。
[ 2024-04-16 05:02:17,104 ] 94 ngtrnghi123 - INFO - Form message: 申込期間ではありません。
[ 2024-04-16 05:02:17,105 ] 94 ngtrnghi123 - INFO - Failed to access form after 20 refreshing, template sequence: 95604
[ 2024-04-16 05:02:17,105 ] 94 ngtrnghi123 - INFO - Failed to access form after 20 refreshing, template sequence: 95604
[ 2024-04-16 05:02:17,105 ] 94 ngtrnghi123 - INFO - Failed to access form after 20 refreshing, template sequence: 95604
[ 2024-04-16 05:02:17,105 ] 94 ngtrnghi123 - INFO - Accessing form, template sequence: 95605
[ 2024-04-16 05:02:17,105 ] 94 ngtrnghi123 - INFO - Accessing form, template sequence: 95605
[ 2024-04-16 05:02:17,105 ] 94 ngtrnghi123 - INFO - Accessing form, template sequence: 95605
[ 2024-04-16 05:02:17,105 ] 94 ngtrnghi123 - INFO - Form URL: https://www.shinsei.e-aichi.jp/pref-aichi-police-u/offer/offerList_detailTop?tempSeq=95605
[ 2024-04-16 05:02:17,105 ] 94 ngtrnghi123 - INFO - Form URL: https://www.shinsei.e-aichi.jp/pref-aichi-police-u/offer/offerList_detailTop?tempSeq=95605
[ 2024-04-16 05:02:17,105 ] 94 ngtrnghi123 - INFO - Form URL: https://www.shinsei.e-aichi.jp/pref-aichi-police-u/offer/offerList_detailTop?tempSeq=95605
