[ 2024-04-16 05:01:34,325 ] 94 root - INFO - Starting all threads
[ 2024-04-16 05:01:34,325 ] 94 root - INFO - Starting all threads
[ 2024-04-16 05:01:34,325 ] 94 root - INFO - Meta: {'__module__': 'src.globals', '__doc__': '        Meta configs        ', 'keyword': 'Hirabari', 'test_mode': False, 'max_num_retry': 5, 'default_num_threads': 3, 'display_number': 50, 'main_phone_number_hash': '080-1583-0891', 'uc': True, 'headless': False, '__dict__': <attribute '__dict__' of 'Meta' objects>, '__weakref__': <attribute '__weakref__' of 'Meta' objects>}
[ 2024-04-16 05:01:34,325 ] 94 root - INFO - Meta: {'__module__': 'src.globals', '__doc__': '        Meta configs        ', 'keyword': 'Hirabari', 'test_mode': False, 'max_num_retry': 5, 'default_num_threads': 3, 'display_number': 50, 'main_phone_number_hash': '080-1583-0891', 'uc': True, 'headless': False, '__dict__': <attribute '__dict__' of 'Meta' objects>, '__weakref__': <attribute '__weakref__' of 'Meta' objects>}
[ 2024-04-16 05:01:34,326 ] 94 root - INFO - Number of dev accounts: 3
[ 2024-04-16 05:01:34,326 ] 94 root - INFO - Number of dev accounts: 3
[ 2024-04-16 05:01:34,328 ] 94 main_controller - INFO - Subprocess 0 started with trial number 0
[ 2024-04-16 05:01:34,329 ] 94 main_controller - ERROR - Account is a dictionary, convert to Account object: Username: leongnardo12@gmail.com, Password: hoahong1234
[ 2024-04-16 05:01:36,338 ] 94 root - INFO - Thread 0 started
[ 2024-04-16 05:01:36,338 ] 94 root - INFO - Thread 0 started
[ 2024-04-16 05:01:36,349 ] 94 main_controller - INFO - Subprocess 1 started with trial number 0
[ 2024-04-16 05:01:36,355 ] 94 main_controller - ERROR - Account is a dictionary, convert to Account object: Username: ngtrnghi123@gmail.com, Password: hoahong1234
[ 2024-04-16 05:01:36,404 ] 94 main_controller - INFO - Browser opened
[ 2024-04-16 05:01:38,019 ] 94 main_controller - INFO - Browser opened
[ 2024-04-16 05:01:38,349 ] 94 root - INFO - Thread 1 started
[ 2024-04-16 05:01:38,349 ] 94 root - INFO - Thread 1 started
[ 2024-04-16 05:01:38,361 ] 94 main_controller - INFO - Subprocess 2 started with trial number 0
[ 2024-04-16 05:01:38,363 ] 94 main_controller - ERROR - Account is a dictionary, convert to Account object: Username: thanhvanngoc30@gmail.com, Password: hoahong1234
[ 2024-04-16 05:01:40,499 ] 94 root - INFO - Thread 2 started
[ 2024-04-16 05:01:40,499 ] 94 root - INFO - Thread 2 started
[ 2024-04-16 05:01:40,502 ] 94 main_controller - INFO - Browser opened
[ 2024-04-16 05:01:42,925 ] 94 leongnardo12 - INFO - Opened login page
[ 2024-04-16 05:01:45,028 ] 94 ngtrnghi123 - INFO - Opened login page
[ 2024-04-16 05:01:46,777 ] 94 leongnardo12 - INFO - Logging in
[ 2024-04-16 05:01:46,782 ] 94 leongnardo12 - INFO - Current url: https://www.shinsei.e-aichi.jp/pref-aichi-police-u/offer/offerList_initDisplay
[ 2024-04-16 05:01:47,096 ] 94 leongnardo12 - INFO - Logged in finished
[ 2024-04-16 05:01:47,097 ] 94 main_controller - INFO - Logged in successfully
[ 2024-04-16 05:01:47,216 ] 94 thanhvanngoc30 - INFO - Opened login page
[ 2024-04-16 05:01:47,353 ] 94 main_controller - INFO - Screenshot saved to C:\Users\USER\Projects\AichiTool\AichiSelenium\logs\2024_04_16\05_01_33\screenshot_leongnardo12.png
[ 2024-04-16 05:01:47,354 ] 94 main_controller - INFO - Finding forms
[ 2024-04-16 05:01:47,359 ] 94 leongnardo12 - INFO - On main page
[ 2024-04-16 05:01:48,916 ] 94 leongnardo12 - INFO - Search submitted
[ 2024-04-16 05:01:48,951 ] 94 leongnardo12 - INFO - Collected 20 forms
[ 2024-04-16 05:01:49,011 ] 94 leongnardo12 - INFO - Parsed data: title: ＜05月01日(水) 08:45～09:30＞[平針]外国免許切替審査 Hirabari Exchanging Foreign Driver's License, status: None, start_date: 2024年04月17日 07時30分, end_date: 2024年04月26日 12時00分, template_seq: 96088
[ 2024-04-16 05:01:49,034 ] 94 leongnardo12 - INFO - Parsed data: title: ＜05月01日(水) 09:30～10:30＞[平針]外国免許切替審査 Hirabari Exchanging Foreign Driver's License, status: None, start_date: 2024年04月17日 07時30分, end_date: 2024年04月26日 12時00分, template_seq: 96089
[ 2024-04-16 05:01:49,095 ] 94 leongnardo12 - INFO - Parsed data: title: ＜05月01日(水) 10:30～11:45＞[平針]外国免許切替審査 Hirabari Exchanging Foreign Driver's License, status: None, start_date: 2024年04月17日 07時30分, end_date: 2024年04月26日 12時00分, template_seq: 96090
[ 2024-04-16 05:01:49,133 ] 94 leongnardo12 - INFO - Parsed data: title: ＜05月01日(水) 12:45～13:30＞[平針]外国免許切替審査 Hirabari Exchanging Foreign Driver's License, status: None, start_date: 2024年04月17日 07時30分, end_date: 2024年04月26日 12時00分, template_seq: 96091
[ 2024-04-16 05:01:49,190 ] 94 leongnardo12 - INFO - Parsed data: title: ＜05月01日(水) 13:30～14:45＞[平針]外国免許切替審査 Hirabari Exchanging Foreign Driver's License, status: None, start_date: 2024年04月17日 07時30分, end_date: 2024年04月26日 12時00分, template_seq: 96093
[ 2024-04-16 05:01:49,219 ] 94 leongnardo12 - INFO - Parsed data: title: ＜04月30日(火) 08:45～09:30＞[平針]外国免許切替審査 Hirabari Exchanging Foreign Driver's License, status: None, start_date: 2024年04月16日 07時30分, end_date: 2024年04月25日 12時00分, template_seq: 95604
[ 2024-04-16 05:01:49,221 ] 94 leongnardo12 - INFO - Parsed data: title: ＜04月30日(火) 08:45～09:30＞[平針]外国免許切替審査 Hirabari Exchanging Foreign Driver's License, status: None, start_date: 2024年04月16日 07時30分, end_date: 2024年04月25日 12時00分, template_seq: 95604
[ 2024-04-16 05:01:49,273 ] 94 leongnardo12 - INFO - Parsed data: title: ＜04月30日(火) 09:30～10:30＞[平針]外国免許切替審査 Hirabari Exchanging Foreign Driver's License, status: None, start_date: 2024年04月16日 07時30分, end_date: 2024年04月25日 12時00分, template_seq: 95605
[ 2024-04-16 05:01:49,275 ] 94 leongnardo12 - INFO - Parsed data: title: ＜04月30日(火) 09:30～10:30＞[平針]外国免許切替審査 Hirabari Exchanging Foreign Driver's License, status: None, start_date: 2024年04月16日 07時30分, end_date: 2024年04月25日 12時00分, template_seq: 95605
[ 2024-04-16 05:01:49,309 ] 94 leongnardo12 - INFO - Parsed data: title: ＜04月30日(火) 10:30～11:45＞[平針]外国免許切替審査 Hirabari Exchanging Foreign Driver's License, status: None, start_date: 2024年04月16日 07時30分, end_date: 2024年04月25日 12時00分, template_seq: 95607
[ 2024-04-16 05:01:49,310 ] 94 leongnardo12 - INFO - Parsed data: title: ＜04月30日(火) 10:30～11:45＞[平針]外国免許切替審査 Hirabari Exchanging Foreign Driver's License, status: None, start_date: 2024年04月16日 07時30分, end_date: 2024年04月25日 12時00分, template_seq: 95607
[ 2024-04-16 05:01:49,344 ] 94 leongnardo12 - INFO - Parsed data: title: ＜04月30日(火) 12:45～13:30＞[平針]外国免許切替審査 Hirabari Exchanging Foreign Driver's License, status: None, start_date: 2024年04月16日 07時30分, end_date: 2024年04月25日 12時00分, template_seq: 95608
[ 2024-04-16 05:01:49,345 ] 94 leongnardo12 - INFO - Parsed data: title: ＜04月30日(火) 12:45～13:30＞[平針]外国免許切替審査 Hirabari Exchanging Foreign Driver's License, status: None, start_date: 2024年04月16日 07時30分, end_date: 2024年04月25日 12時00分, template_seq: 95608
[ 2024-04-16 05:01:49,387 ] 94 leongnardo12 - INFO - Parsed data: title: ＜04月30日(火) 13:30～14:45＞[平針]外国免許切替審査 Hirabari Exchanging Foreign Driver's License, status: None, start_date: 2024年04月16日 07時30分, end_date: 2024年04月25日 12時00分, template_seq: 95609
[ 2024-04-16 05:01:49,388 ] 94 leongnardo12 - INFO - Parsed data: title: ＜04月30日(火) 13:30～14:45＞[平針]外国免許切替審査 Hirabari Exchanging Foreign Driver's License, status: None, start_date: 2024年04月16日 07時30分, end_date: 2024年04月25日 12時00分, template_seq: 95609
[ 2024-04-16 05:01:49,421 ] 94 leongnardo12 - INFO - Parsed data: title: ＜04月26日(金) 08:45～09:30＞[平針]外国免許切替審査 Hirabari Exchanging Foreign Driver's License, status: None, start_date: 2024年04月12日 07時30分, end_date: 2024年04月24日 12時00分, template_seq: 95410
[ 2024-04-16 05:01:49,460 ] 94 leongnardo12 - INFO - Parsed data: title: ＜04月26日(金) 09:30～10:30＞[平針]外国免許切替審査 Hirabari Exchanging Foreign Driver's License, status: None, start_date: 2024年04月12日 07時30分, end_date: 2024年04月24日 12時00分, template_seq: 95411
[ 2024-04-16 05:01:49,502 ] 94 leongnardo12 - INFO - Parsed data: title: ＜04月26日(金) 10:30～11:45＞[平針]外国免許切替審査 Hirabari Exchanging Foreign Driver's License, status: None, start_date: 2024年04月12日 07時30分, end_date: 2024年04月24日 12時00分, template_seq: 95412
[ 2024-04-16 05:01:49,544 ] 94 leongnardo12 - INFO - Parsed data: title: ＜04月26日(金) 12:45～13:30＞[平針]外国免許切替審査 Hirabari Exchanging Foreign Driver's License, status: None, start_date: 2024年04月12日 07時30分, end_date: 2024年04月24日 12時00分, template_seq: 95413
[ 2024-04-16 05:01:49,576 ] 94 leongnardo12 - INFO - Parsed data: title: ＜04月26日(金) 13:30～14:45＞[平針]外国免許切替審査 Hirabari Exchanging Foreign Driver's License, status: None, start_date: 2024年04月12日 07時30分, end_date: 2024年04月24日 12時00分, template_seq: 95414
[ 2024-04-16 05:01:49,614 ] 94 leongnardo12 - INFO - Parsed data: title: ＜04月25日(木) 08:45～09:30＞[平針]外国免許切替審査 Hirabari Exchanging Foreign Driver's License, status: None, start_date: 2024年04月11日 07時30分, end_date: 2024年04月23日 12時00分, template_seq: 95405
[ 2024-04-16 05:01:49,647 ] 94 leongnardo12 - INFO - Parsed data: title: ＜04月25日(木) 09:30～10:30＞[平針]外国免許切替審査 Hirabari Exchanging Foreign Driver's License, status: None, start_date: 2024年04月11日 07時30分, end_date: 2024年04月23日 12時00分, template_seq: 95406
[ 2024-04-16 05:01:49,695 ] 94 leongnardo12 - INFO - Parsed data: title: ＜04月25日(木) 10:30～11:45＞[平針]外国免許切替審査 Hirabari Exchanging Foreign Driver's License, status: None, start_date: 2024年04月11日 07時30分, end_date: 2024年04月23日 12時00分, template_seq: 95407
[ 2024-04-16 05:01:49,727 ] 94 leongnardo12 - INFO - Parsed data: title: ＜04月25日(木) 12:45～13:30＞[平針]外国免許切替審査 Hirabari Exchanging Foreign Driver's License, status: None, start_date: 2024年04月11日 07時30分, end_date: 2024年04月23日 12時00分, template_seq: 95408
[ 2024-04-16 05:01:49,782 ] 94 leongnardo12 - INFO - Parsed data: title: ＜04月25日(木) 13:30～14:45＞[平針]外国免許切替審査 Hirabari Exchanging Foreign Driver's License, status: None, start_date: 2024年04月11日 07時30分, end_date: 2024年04月23日 12時00分, template_seq: 95409
[ 2024-04-16 05:01:49,784 ] 94 leongnardo12 - INFO - Number of filtered forms left is: 5 form(s)
[ 2024-04-16 05:01:49,784 ] 94 main_controller - INFO - Found 5 form(s)
[ 2024-04-16 05:01:49,785 ] 94 leongnardo12 - INFO - Accessing form, template sequence: 95609
[ 2024-04-16 05:01:49,785 ] 94 leongnardo12 - INFO - Form URL: https://www.shinsei.e-aichi.jp/pref-aichi-police-u/offer/offerList_detailTop?tempSeq=95609
[ 2024-04-16 05:01:50,659 ] 94 ngtrnghi123 - INFO - Logging in
[ 2024-04-16 05:01:50,665 ] 94 ngtrnghi123 - INFO - Current url: https://www.shinsei.e-aichi.jp/pref-aichi-police-u/offer/offerList_initDisplay
[ 2024-04-16 05:01:50,983 ] 94 ngtrnghi123 - INFO - Logged in finished
[ 2024-04-16 05:01:50,983 ] 94 main_controller - INFO - Logged in successfully
[ 2024-04-16 05:01:51,257 ] 94 main_controller - INFO - Screenshot saved to C:\Users\USER\Projects\AichiTool\AichiSelenium\logs\2024_04_16\05_01_33\screenshot_ngtrnghi123.png
[ 2024-04-16 05:01:51,258 ] 94 main_controller - INFO - Finding forms
[ 2024-04-16 05:01:51,262 ] 94 ngtrnghi123 - INFO - On main page
[ 2024-04-16 05:01:51,279 ] 94 thanhvanngoc30 - INFO - Logging in
[ 2024-04-16 05:01:51,288 ] 94 thanhvanngoc30 - INFO - Current url: https://www.shinsei.e-aichi.jp/pref-aichi-police-u/offer/offerList_initDisplay
[ 2024-04-16 05:01:51,603 ] 94 thanhvanngoc30 - INFO - Logged in finished
[ 2024-04-16 05:01:51,605 ] 94 main_controller - INFO - Logged in successfully
[ 2024-04-16 05:01:51,827 ] 94 main_controller - INFO - Screenshot saved to C:\Users\USER\Projects\AichiTool\AichiSelenium\logs\2024_04_16\05_01_33\screenshot_thanhvanngoc30.png
[ 2024-04-16 05:01:51,827 ] 94 main_controller - INFO - Finding forms
[ 2024-04-16 05:01:51,832 ] 94 thanhvanngoc30 - INFO - On main page
[ 2024-04-16 05:01:52,434 ] 94 ngtrnghi123 - INFO - Search submitted
[ 2024-04-16 05:01:52,456 ] 94 ngtrnghi123 - INFO - Collected 20 forms
[ 2024-04-16 05:01:52,506 ] 94 ngtrnghi123 - INFO - Parsed data: title: ＜05月01日(水) 08:45～09:30＞[平針]外国免許切替審査 Hirabari Exchanging Foreign Driver's License, status: None, start_date: 2024年04月17日 07時30分, end_date: 2024年04月26日 12時00分, template_seq: 96088
[ 2024-04-16 05:01:52,528 ] 94 ngtrnghi123 - INFO - Parsed data: title: ＜05月01日(水) 09:30～10:30＞[平針]外国免許切替審査 Hirabari Exchanging Foreign Driver's License, status: None, start_date: 2024年04月17日 07時30分, end_date: 2024年04月26日 12時00分, template_seq: 96089
[ 2024-04-16 05:01:52,562 ] 94 ngtrnghi123 - INFO - Parsed data: title: ＜05月01日(水) 10:30～11:45＞[平針]外国免許切替審査 Hirabari Exchanging Foreign Driver's License, status: None, start_date: 2024年04月17日 07時30分, end_date: 2024年04月26日 12時00分, template_seq: 96090
[ 2024-04-16 05:01:52,602 ] 94 ngtrnghi123 - INFO - Parsed data: title: ＜05月01日(水) 12:45～13:30＞[平針]外国免許切替審査 Hirabari Exchanging Foreign Driver's License, status: None, start_date: 2024年04月17日 07時30分, end_date: 2024年04月26日 12時00分, template_seq: 96091
[ 2024-04-16 05:01:52,637 ] 94 ngtrnghi123 - INFO - Parsed data: title: ＜05月01日(水) 13:30～14:45＞[平針]外国免許切替審査 Hirabari Exchanging Foreign Driver's License, status: None, start_date: 2024年04月17日 07時30分, end_date: 2024年04月26日 12時00分, template_seq: 96093
[ 2024-04-16 05:01:52,679 ] 94 ngtrnghi123 - INFO - Parsed data: title: ＜04月30日(火) 08:45～09:30＞[平針]外国免許切替審査 Hirabari Exchanging Foreign Driver's License, status: None, start_date: 2024年04月16日 07時30分, end_date: 2024年04月25日 12時00分, template_seq: 95604
[ 2024-04-16 05:01:52,680 ] 94 ngtrnghi123 - INFO - Parsed data: title: ＜04月30日(火) 08:45～09:30＞[平針]外国免許切替審査 Hirabari Exchanging Foreign Driver's License, status: None, start_date: 2024年04月16日 07時30分, end_date: 2024年04月25日 12時00分, template_seq: 95604
[ 2024-04-16 05:01:52,725 ] 94 ngtrnghi123 - INFO - Parsed data: title: ＜04月30日(火) 09:30～10:30＞[平針]外国免許切替審査 Hirabari Exchanging Foreign Driver's License, status: None, start_date: 2024年04月16日 07時30分, end_date: 2024年04月25日 12時00分, template_seq: 95605
[ 2024-04-16 05:01:52,726 ] 94 ngtrnghi123 - INFO - Parsed data: title: ＜04月30日(火) 09:30～10:30＞[平針]外国免許切替審査 Hirabari Exchanging Foreign Driver's License, status: None, start_date: 2024年04月16日 07時30分, end_date: 2024年04月25日 12時00分, template_seq: 95605
[ 2024-04-16 05:01:52,756 ] 94 ngtrnghi123 - INFO - Parsed data: title: ＜04月30日(火) 10:30～11:45＞[平針]外国免許切替審査 Hirabari Exchanging Foreign Driver's License, status: None, start_date: 2024年04月16日 07時30分, end_date: 2024年04月25日 12時00分, template_seq: 95607
[ 2024-04-16 05:01:52,758 ] 94 ngtrnghi123 - INFO - Parsed data: title: ＜04月30日(火) 10:30～11:45＞[平針]外国免許切替審査 Hirabari Exchanging Foreign Driver's License, status: None, start_date: 2024年04月16日 07時30分, end_date: 2024年04月25日 12時00分, template_seq: 95607
[ 2024-04-16 05:01:52,791 ] 94 ngtrnghi123 - INFO - Parsed data: title: ＜04月30日(火) 12:45～13:30＞[平針]外国免許切替審査 Hirabari Exchanging Foreign Driver's License, status: None, start_date: 2024年04月16日 07時30分, end_date: 2024年04月25日 12時00分, template_seq: 95608
[ 2024-04-16 05:01:52,793 ] 94 ngtrnghi123 - INFO - Parsed data: title: ＜04月30日(火) 12:45～13:30＞[平針]外国免許切替審査 Hirabari Exchanging Foreign Driver's License, status: None, start_date: 2024年04月16日 07時30分, end_date: 2024年04月25日 12時00分, template_seq: 95608
[ 2024-04-16 05:01:52,819 ] 94 ngtrnghi123 - INFO - Parsed data: title: ＜04月30日(火) 13:30～14:45＞[平針]外国免許切替審査 Hirabari Exchanging Foreign Driver's License, status: None, start_date: 2024年04月16日 07時30分, end_date: 2024年04月25日 12時00分, template_seq: 95609
[ 2024-04-16 05:01:52,821 ] 94 ngtrnghi123 - INFO - Parsed data: title: ＜04月30日(火) 13:30～14:45＞[平針]外国免許切替審査 Hirabari Exchanging Foreign Driver's License, status: None, start_date: 2024年04月16日 07時30分, end_date: 2024年04月25日 12時00分, template_seq: 95609
[ 2024-04-16 05:01:52,861 ] 94 ngtrnghi123 - INFO - Parsed data: title: ＜04月26日(金) 08:45～09:30＞[平針]外国免許切替審査 Hirabari Exchanging Foreign Driver's License, status: None, start_date: 2024年04月12日 07時30分, end_date: 2024年04月24日 12時00分, template_seq: 95410
[ 2024-04-16 05:01:52,894 ] 94 ngtrnghi123 - INFO - Parsed data: title: ＜04月26日(金) 09:30～10:30＞[平針]外国免許切替審査 Hirabari Exchanging Foreign Driver's License, status: None, start_date: 2024年04月12日 07時30分, end_date: 2024年04月24日 12時00分, template_seq: 95411
[ 2024-04-16 05:01:52,925 ] 94 ngtrnghi123 - INFO - Parsed data: title: ＜04月26日(金) 10:30～11:45＞[平針]外国免許切替審査 Hirabari Exchanging Foreign Driver's License, status: None, start_date: 2024年04月12日 07時30分, end_date: 2024年04月24日 12時00分, template_seq: 95412
[ 2024-04-16 05:01:52,956 ] 94 ngtrnghi123 - INFO - Parsed data: title: ＜04月26日(金) 12:45～13:30＞[平針]外国免許切替審査 Hirabari Exchanging Foreign Driver's License, status: None, start_date: 2024年04月12日 07時30分, end_date: 2024年04月24日 12時00分, template_seq: 95413
[ 2024-04-16 05:01:52,989 ] 94 ngtrnghi123 - INFO - Parsed data: title: ＜04月26日(金) 13:30～14:45＞[平針]外国免許切替審査 Hirabari Exchanging Foreign Driver's License, status: None, start_date: 2024年04月12日 07時30分, end_date: 2024年04月24日 12時00分, template_seq: 95414
[ 2024-04-16 05:01:53,022 ] 94 ngtrnghi123 - INFO - Parsed data: title: ＜04月25日(木) 08:45～09:30＞[平針]外国免許切替審査 Hirabari Exchanging Foreign Driver's License, status: None, start_date: 2024年04月11日 07時30分, end_date: 2024年04月23日 12時00分, template_seq: 95405
[ 2024-04-16 05:01:53,086 ] 94 ngtrnghi123 - INFO - Parsed data: title: ＜04月25日(木) 09:30～10:30＞[平針]外国免許切替審査 Hirabari Exchanging Foreign Driver's License, status: None, start_date: 2024年04月11日 07時30分, end_date: 2024年04月23日 12時00分, template_seq: 95406
[ 2024-04-16 05:01:53,139 ] 94 ngtrnghi123 - INFO - Parsed data: title: ＜04月25日(木) 10:30～11:45＞[平針]外国免許切替審査 Hirabari Exchanging Foreign Driver's License, status: None, start_date: 2024年04月11日 07時30分, end_date: 2024年04月23日 12時00分, template_seq: 95407
[ 2024-04-16 05:01:53,170 ] 94 ngtrnghi123 - INFO - Parsed data: title: ＜04月25日(木) 12:45～13:30＞[平針]外国免許切替審査 Hirabari Exchanging Foreign Driver's License, status: None, start_date: 2024年04月11日 07時30分, end_date: 2024年04月23日 12時00分, template_seq: 95408
[ 2024-04-16 05:01:53,220 ] 94 ngtrnghi123 - INFO - Parsed data: title: ＜04月25日(木) 13:30～14:45＞[平針]外国免許切替審査 Hirabari Exchanging Foreign Driver's License, status: None, start_date: 2024年04月11日 07時30分, end_date: 2024年04月23日 12時00分, template_seq: 95409
[ 2024-04-16 05:01:53,223 ] 94 ngtrnghi123 - INFO - Number of filtered forms left is: 5 form(s)
[ 2024-04-16 05:01:53,224 ] 94 main_controller - INFO - Found 5 form(s)
[ 2024-04-16 05:01:53,226 ] 94 ngtrnghi123 - INFO - Accessing form, template sequence: 95604
[ 2024-04-16 05:01:53,227 ] 94 ngtrnghi123 - INFO - Form URL: https://www.shinsei.e-aichi.jp/pref-aichi-police-u/offer/offerList_detailTop?tempSeq=95604
[ 2024-04-16 05:01:53,569 ] 94 thanhvanngoc30 - INFO - Search submitted
[ 2024-04-16 05:01:53,588 ] 94 thanhvanngoc30 - INFO - Collected 20 forms
[ 2024-04-16 05:01:53,632 ] 94 thanhvanngoc30 - INFO - Parsed data: title: ＜05月01日(水) 08:45～09:30＞[平針]外国免許切替審査 Hirabari Exchanging Foreign Driver's License, status: None, start_date: 2024年04月17日 07時30分, end_date: 2024年04月26日 12時00分, template_seq: 96088
[ 2024-04-16 05:01:53,658 ] 94 thanhvanngoc30 - INFO - Parsed data: title: ＜05月01日(水) 09:30～10:30＞[平針]外国免許切替審査 Hirabari Exchanging Foreign Driver's License, status: None, start_date: 2024年04月17日 07時30分, end_date: 2024年04月26日 12時00分, template_seq: 96089
[ 2024-04-16 05:01:53,696 ] 94 thanhvanngoc30 - INFO - Parsed data: title: ＜05月01日(水) 10:30～11:45＞[平針]外国免許切替審査 Hirabari Exchanging Foreign Driver's License, status: None, start_date: 2024年04月17日 07時30分, end_date: 2024年04月26日 12時00分, template_seq: 96090
[ 2024-04-16 05:01:53,730 ] 94 thanhvanngoc30 - INFO - Parsed data: title: ＜05月01日(水) 12:45～13:30＞[平針]外国免許切替審査 Hirabari Exchanging Foreign Driver's License, status: None, start_date: 2024年04月17日 07時30分, end_date: 2024年04月26日 12時00分, template_seq: 96091
[ 2024-04-16 05:01:53,766 ] 94 thanhvanngoc30 - INFO - Parsed data: title: ＜05月01日(水) 13:30～14:45＞[平針]外国免許切替審査 Hirabari Exchanging Foreign Driver's License, status: None, start_date: 2024年04月17日 07時30分, end_date: 2024年04月26日 12時00分, template_seq: 96093
[ 2024-04-16 05:01:53,840 ] 94 thanhvanngoc30 - INFO - Parsed data: title: ＜04月30日(火) 08:45～09:30＞[平針]外国免許切替審査 Hirabari Exchanging Foreign Driver's License, status: None, start_date: 2024年04月16日 07時30分, end_date: 2024年04月25日 12時00分, template_seq: 95604
[ 2024-04-16 05:01:53,841 ] 94 thanhvanngoc30 - INFO - Parsed data: title: ＜04月30日(火) 08:45～09:30＞[平針]外国免許切替審査 Hirabari Exchanging Foreign Driver's License, status: None, start_date: 2024年04月16日 07時30分, end_date: 2024年04月25日 12時00分, template_seq: 95604
[ 2024-04-16 05:01:53,871 ] 94 thanhvanngoc30 - INFO - Parsed data: title: ＜04月30日(火) 09:30～10:30＞[平針]外国免許切替審査 Hirabari Exchanging Foreign Driver's License, status: None, start_date: 2024年04月16日 07時30分, end_date: 2024年04月25日 12時00分, template_seq: 95605
[ 2024-04-16 05:01:53,873 ] 94 thanhvanngoc30 - INFO - Parsed data: title: ＜04月30日(火) 09:30～10:30＞[平針]外国免許切替審査 Hirabari Exchanging Foreign Driver's License, status: None, start_date: 2024年04月16日 07時30分, end_date: 2024年04月25日 12時00分, template_seq: 95605
[ 2024-04-16 05:01:53,929 ] 94 thanhvanngoc30 - INFO - Parsed data: title: ＜04月30日(火) 10:30～11:45＞[平針]外国免許切替審査 Hirabari Exchanging Foreign Driver's License, status: None, start_date: 2024年04月16日 07時30分, end_date: 2024年04月25日 12時00分, template_seq: 95607
[ 2024-04-16 05:01:53,929 ] 94 thanhvanngoc30 - INFO - Parsed data: title: ＜04月30日(火) 10:30～11:45＞[平針]外国免許切替審査 Hirabari Exchanging Foreign Driver's License, status: None, start_date: 2024年04月16日 07時30分, end_date: 2024年04月25日 12時00分, template_seq: 95607
[ 2024-04-16 05:01:53,955 ] 94 thanhvanngoc30 - INFO - Parsed data: title: ＜04月30日(火) 12:45～13:30＞[平針]外国免許切替審査 Hirabari Exchanging Foreign Driver's License, status: None, start_date: 2024年04月16日 07時30分, end_date: 2024年04月25日 12時00分, template_seq: 95608
[ 2024-04-16 05:01:53,956 ] 94 thanhvanngoc30 - INFO - Parsed data: title: ＜04月30日(火) 12:45～13:30＞[平針]外国免許切替審査 Hirabari Exchanging Foreign Driver's License, status: None, start_date: 2024年04月16日 07時30分, end_date: 2024年04月25日 12時00分, template_seq: 95608
[ 2024-04-16 05:01:54,005 ] 94 thanhvanngoc30 - INFO - Parsed data: title: ＜04月30日(火) 13:30～14:45＞[平針]外国免許切替審査 Hirabari Exchanging Foreign Driver's License, status: None, start_date: 2024年04月16日 07時30分, end_date: 2024年04月25日 12時00分, template_seq: 95609
[ 2024-04-16 05:01:54,007 ] 94 thanhvanngoc30 - INFO - Parsed data: title: ＜04月30日(火) 13:30～14:45＞[平針]外国免許切替審査 Hirabari Exchanging Foreign Driver's License, status: None, start_date: 2024年04月16日 07時30分, end_date: 2024年04月25日 12時00分, template_seq: 95609
[ 2024-04-16 05:01:54,029 ] 94 thanhvanngoc30 - INFO - Parsed data: title: ＜04月26日(金) 08:45～09:30＞[平針]外国免許切替審査 Hirabari Exchanging Foreign Driver's License, status: None, start_date: 2024年04月12日 07時30分, end_date: 2024年04月24日 12時00分, template_seq: 95410
[ 2024-04-16 05:01:54,062 ] 94 thanhvanngoc30 - INFO - Parsed data: title: ＜04月26日(金) 09:30～10:30＞[平針]外国免許切替審査 Hirabari Exchanging Foreign Driver's License, status: None, start_date: 2024年04月12日 07時30分, end_date: 2024年04月24日 12時00分, template_seq: 95411
[ 2024-04-16 05:01:54,098 ] 94 thanhvanngoc30 - INFO - Parsed data: title: ＜04月26日(金) 10:30～11:45＞[平針]外国免許切替審査 Hirabari Exchanging Foreign Driver's License, status: None, start_date: 2024年04月12日 07時30分, end_date: 2024年04月24日 12時00分, template_seq: 95412
[ 2024-04-16 05:01:54,136 ] 94 thanhvanngoc30 - INFO - Parsed data: title: ＜04月26日(金) 12:45～13:30＞[平針]外国免許切替審査 Hirabari Exchanging Foreign Driver's License, status: None, start_date: 2024年04月12日 07時30分, end_date: 2024年04月24日 12時00分, template_seq: 95413
[ 2024-04-16 05:01:54,166 ] 94 thanhvanngoc30 - INFO - Parsed data: title: ＜04月26日(金) 13:30～14:45＞[平針]外国免許切替審査 Hirabari Exchanging Foreign Driver's License, status: None, start_date: 2024年04月12日 07時30分, end_date: 2024年04月24日 12時00分, template_seq: 95414
[ 2024-04-16 05:01:54,201 ] 94 thanhvanngoc30 - INFO - Parsed data: title: ＜04月25日(木) 08:45～09:30＞[平針]外国免許切替審査 Hirabari Exchanging Foreign Driver's License, status: None, start_date: 2024年04月11日 07時30分, end_date: 2024年04月23日 12時00分, template_seq: 95405
[ 2024-04-16 05:01:54,248 ] 94 thanhvanngoc30 - INFO - Parsed data: title: ＜04月25日(木) 09:30～10:30＞[平針]外国免許切替審査 Hirabari Exchanging Foreign Driver's License, status: None, start_date: 2024年04月11日 07時30分, end_date: 2024年04月23日 12時00分, template_seq: 95406
[ 2024-04-16 05:01:54,308 ] 94 thanhvanngoc30 - INFO - Parsed data: title: ＜04月25日(木) 10:30～11:45＞[平針]外国免許切替審査 Hirabari Exchanging Foreign Driver's License, status: None, start_date: 2024年04月11日 07時30分, end_date: 2024年04月23日 12時00分, template_seq: 95407
[ 2024-04-16 05:01:54,348 ] 94 thanhvanngoc30 - INFO - Parsed data: title: ＜04月25日(木) 12:45～13:30＞[平針]外国免許切替審査 Hirabari Exchanging Foreign Driver's License, status: None, start_date: 2024年04月11日 07時30分, end_date: 2024年04月23日 12時00分, template_seq: 95408
[ 2024-04-16 05:01:54,406 ] 94 thanhvanngoc30 - INFO - Parsed data: title: ＜04月25日(木) 13:30～14:45＞[平針]外国免許切替審査 Hirabari Exchanging Foreign Driver's License, status: None, start_date: 2024年04月11日 07時30分, end_date: 2024年04月23日 12時00分, template_seq: 95409
[ 2024-04-16 05:01:54,407 ] 94 thanhvanngoc30 - INFO - Number of filtered forms left is: 5 form(s)
[ 2024-04-16 05:01:54,407 ] 94 main_controller - INFO - Found 5 form(s)
[ 2024-04-16 05:01:54,408 ] 94 thanhvanngoc30 - INFO - Accessing form, template sequence: 95604
[ 2024-04-16 05:01:54,408 ] 94 thanhvanngoc30 - INFO - Form URL: https://www.shinsei.e-aichi.jp/pref-aichi-police-u/offer/offerList_detailTop?tempSeq=95604
[ 2024-04-16 05:01:55,312 ] 94 leongnardo12 - INFO - Accessed form successfully
[ 2024-04-16 05:01:55,329 ] 94 leongnardo12 - INFO - Form message: 申込期間ではありません。
[ 2024-04-16 05:01:55,329 ] 94 leongnardo12 - INFO - Refreshing page to check availability trial number 1, template sequence: 95609
[ 2024-04-16 05:01:56,188 ] 94 leongnardo12 - INFO - Form message: 申込期間ではありません。
[ 2024-04-16 05:01:56,189 ] 94 leongnardo12 - INFO - Refreshing page to check availability trial number 2, template sequence: 95609
[ 2024-04-16 05:01:57,092 ] 94 leongnardo12 - INFO - Form message: 申込期間ではありません。
[ 2024-04-16 05:01:57,092 ] 94 leongnardo12 - INFO - Refreshing page to check availability trial number 3, template sequence: 95609
[ 2024-04-16 05:01:57,915 ] 94 leongnardo12 - INFO - Form message: 申込期間ではありません。
[ 2024-04-16 05:01:57,916 ] 94 leongnardo12 - INFO - Refreshing page to check availability trial number 4, template sequence: 95609
[ 2024-04-16 05:01:58,943 ] 94 ngtrnghi123 - INFO - Accessed form successfully
[ 2024-04-16 05:01:58,960 ] 94 ngtrnghi123 - INFO - Form message: 申込期間ではありません。
[ 2024-04-16 05:01:58,960 ] 94 ngtrnghi123 - INFO - Refreshing page to check availability trial number 1, template sequence: 95604
[ 2024-04-16 05:01:59,082 ] 94 leongnardo12 - INFO - Form message: 申込期間ではありません。
[ 2024-04-16 05:01:59,082 ] 94 leongnardo12 - INFO - Refreshing page to check availability trial number 5, template sequence: 95609
[ 2024-04-16 05:01:59,975 ] 94 leongnardo12 - INFO - Form message: 申込期間ではありません。
[ 2024-04-16 05:01:59,976 ] 94 leongnardo12 - INFO - Refreshing page to check availability trial number 6, template sequence: 95609
[ 2024-04-16 05:02:00,035 ] 94 ngtrnghi123 - INFO - Form message: 申込期間ではありません。
[ 2024-04-16 05:02:00,036 ] 94 ngtrnghi123 - INFO - Refreshing page to check availability trial number 2, template sequence: 95604
[ 2024-04-16 05:02:00,058 ] 94 thanhvanngoc30 - INFO - Accessed form successfully
[ 2024-04-16 05:02:00,125 ] 94 thanhvanngoc30 - INFO - Form message: 申込期間ではありません。
[ 2024-04-16 05:02:00,126 ] 94 thanhvanngoc30 - INFO - Refreshing page to check availability trial number 1, template sequence: 95604
[ 2024-04-16 05:02:00,843 ] 94 leongnardo12 - INFO - Form message: 申込期間ではありません。
[ 2024-04-16 05:02:00,844 ] 94 leongnardo12 - INFO - Refreshing page to check availability trial number 7, template sequence: 95609
[ 2024-04-16 05:02:00,939 ] 94 ngtrnghi123 - INFO - Form message: 申込期間ではありません。
[ 2024-04-16 05:02:00,940 ] 94 ngtrnghi123 - INFO - Refreshing page to check availability trial number 3, template sequence: 95604
[ 2024-04-16 05:02:01,442 ] 94 thanhvanngoc30 - INFO - Form message: 申込期間ではありません。
[ 2024-04-16 05:02:01,442 ] 94 thanhvanngoc30 - INFO - Refreshing page to check availability trial number 2, template sequence: 95604
[ 2024-04-16 05:02:01,808 ] 94 ngtrnghi123 - INFO - Form message: 申込期間ではありません。
[ 2024-04-16 05:02:01,808 ] 94 ngtrnghi123 - INFO - Refreshing page to check availability trial number 4, template sequence: 95604
[ 2024-04-16 05:02:02,382 ] 94 leongnardo12 - INFO - Form message: 申込期間ではありません。
[ 2024-04-16 05:02:02,382 ] 94 leongnardo12 - INFO - Refreshing page to check availability trial number 8, template sequence: 95609
[ 2024-04-16 05:02:02,676 ] 94 ngtrnghi123 - INFO - Form message: 申込期間ではありません。
[ 2024-04-16 05:02:02,677 ] 94 ngtrnghi123 - INFO - Refreshing page to check availability trial number 5, template sequence: 95604
[ 2024-04-16 05:02:03,062 ] 94 thanhvanngoc30 - INFO - Form message: 申込期間ではありません。
[ 2024-04-16 05:02:03,063 ] 94 thanhvanngoc30 - INFO - Refreshing page to check availability trial number 3, template sequence: 95604
[ 2024-04-16 05:02:03,591 ] 94 ngtrnghi123 - INFO - Form message: 申込期間ではありません。
[ 2024-04-16 05:02:03,591 ] 94 ngtrnghi123 - INFO - Refreshing page to check availability trial number 6, template sequence: 95604
[ 2024-04-16 05:02:03,869 ] 94 leongnardo12 - INFO - Form message: 申込期間ではありません。
[ 2024-04-16 05:02:03,869 ] 94 leongnardo12 - INFO - Refreshing page to check availability trial number 9, template sequence: 95609
[ 2024-04-16 05:02:04,305 ] 94 thanhvanngoc30 - INFO - Form message: 申込期間ではありません。
[ 2024-04-16 05:02:04,306 ] 94 thanhvanngoc30 - INFO - Refreshing page to check availability trial number 4, template sequence: 95604
[ 2024-04-16 05:02:04,510 ] 94 ngtrnghi123 - INFO - Form message: 申込期間ではありません。
[ 2024-04-16 05:02:04,510 ] 94 ngtrnghi123 - INFO - Refreshing page to check availability trial number 7, template sequence: 95604
[ 2024-04-16 05:02:05,288 ] 94 leongnardo12 - INFO - Form message: 申込期間ではありません。
[ 2024-04-16 05:02:05,289 ] 94 leongnardo12 - INFO - Refreshing page to check availability trial number 10, template sequence: 95609
[ 2024-04-16 05:02:05,380 ] 94 ngtrnghi123 - INFO - Form message: 申込期間ではありません。
[ 2024-04-16 05:02:05,382 ] 94 ngtrnghi123 - INFO - Refreshing page to check availability trial number 8, template sequence: 95604
[ 2024-04-16 05:02:05,574 ] 94 thanhvanngoc30 - INFO - Form message: 申込期間ではありません。
[ 2024-04-16 05:02:05,575 ] 94 thanhvanngoc30 - INFO - Refreshing page to check availability trial number 5, template sequence: 95604
[ 2024-04-16 05:02:06,192 ] 94 leongnardo12 - INFO - Form message: 申込期間ではありません。
[ 2024-04-16 05:02:06,193 ] 94 leongnardo12 - INFO - Refreshing page to check availability trial number 11, template sequence: 95609
[ 2024-04-16 05:02:06,277 ] 94 ngtrnghi123 - INFO - Form message: 申込期間ではありません。
[ 2024-04-16 05:02:06,279 ] 94 ngtrnghi123 - INFO - Refreshing page to check availability trial number 9, template sequence: 95604
[ 2024-04-16 05:02:06,811 ] 94 thanhvanngoc30 - INFO - Form message: 申込期間ではありません。
[ 2024-04-16 05:02:06,812 ] 94 thanhvanngoc30 - INFO - Refreshing page to check availability trial number 6, template sequence: 95604
[ 2024-04-16 05:02:07,130 ] 94 ngtrnghi123 - INFO - Form message: 申込期間ではありません。
[ 2024-04-16 05:02:07,131 ] 94 ngtrnghi123 - INFO - Refreshing page to check availability trial number 10, template sequence: 95604
[ 2024-04-16 05:02:07,331 ] 94 leongnardo12 - INFO - Form message: 申込期間ではありません。
[ 2024-04-16 05:02:07,332 ] 94 leongnardo12 - INFO - Refreshing page to check availability trial number 12, template sequence: 95609
[ 2024-04-16 05:02:07,959 ] 94 thanhvanngoc30 - INFO - Form message: 申込期間ではありません。
[ 2024-04-16 05:02:07,959 ] 94 thanhvanngoc30 - INFO - Refreshing page to check availability trial number 7, template sequence: 95604
[ 2024-04-16 05:02:07,972 ] 94 ngtrnghi123 - INFO - Form message: 申込期間ではありません。
[ 2024-04-16 05:02:07,973 ] 94 ngtrnghi123 - INFO - Refreshing page to check availability trial number 11, template sequence: 95604
[ 2024-04-16 05:02:08,737 ] 94 leongnardo12 - INFO - Form message: 申込期間ではありません。
[ 2024-04-16 05:02:08,737 ] 94 leongnardo12 - INFO - Refreshing page to check availability trial number 13, template sequence: 95609
[ 2024-04-16 05:02:09,126 ] 94 ngtrnghi123 - INFO - Form message: 申込期間ではありません。
[ 2024-04-16 05:02:09,126 ] 94 ngtrnghi123 - INFO - Refreshing page to check availability trial number 12, template sequence: 95604
[ 2024-04-16 05:02:09,517 ] 94 thanhvanngoc30 - INFO - Form message: 申込期間ではありません。
[ 2024-04-16 05:02:09,517 ] 94 thanhvanngoc30 - INFO - Refreshing page to check availability trial number 8, template sequence: 95604
[ 2024-04-16 05:02:09,988 ] 94 ngtrnghi123 - INFO - Form message: 申込期間ではありません。
[ 2024-04-16 05:02:09,989 ] 94 ngtrnghi123 - INFO - Refreshing page to check availability trial number 13, template sequence: 95604
[ 2024-04-16 05:02:10,204 ] 94 leongnardo12 - INFO - Form message: 申込期間ではありません。
[ 2024-04-16 05:02:10,204 ] 94 leongnardo12 - INFO - Refreshing page to check availability trial number 14, template sequence: 95609
[ 2024-04-16 05:02:10,817 ] 94 ngtrnghi123 - INFO - Form message: 申込期間ではありません。
[ 2024-04-16 05:02:10,817 ] 94 ngtrnghi123 - INFO - Refreshing page to check availability trial number 14, template sequence: 95604
[ 2024-04-16 05:02:11,058 ] 94 thanhvanngoc30 - INFO - Form message: 申込期間ではありません。
[ 2024-04-16 05:02:11,060 ] 94 thanhvanngoc30 - INFO - Refreshing page to check availability trial number 9, template sequence: 95604
[ 2024-04-16 05:02:11,686 ] 94 ngtrnghi123 - INFO - Form message: 申込期間ではありません。
[ 2024-04-16 05:02:11,687 ] 94 ngtrnghi123 - INFO - Refreshing page to check availability trial number 15, template sequence: 95604
[ 2024-04-16 05:02:11,702 ] 94 leongnardo12 - INFO - Form message: 申込期間ではありません。
[ 2024-04-16 05:02:11,702 ] 94 leongnardo12 - INFO - Refreshing page to check availability trial number 15, template sequence: 95609
[ 2024-04-16 05:02:12,274 ] 94 thanhvanngoc30 - INFO - Form message: 申込期間ではありません。
[ 2024-04-16 05:02:12,277 ] 94 thanhvanngoc30 - INFO - Refreshing page to check availability trial number 10, template sequence: 95604
[ 2024-04-16 05:02:12,615 ] 94 leongnardo12 - INFO - Form message: 申込期間ではありません。
[ 2024-04-16 05:02:12,615 ] 94 leongnardo12 - INFO - Refreshing page to check availability trial number 16, template sequence: 95609
[ 2024-04-16 05:02:12,848 ] 94 ngtrnghi123 - INFO - Form message: 申込期間ではありません。
[ 2024-04-16 05:02:12,848 ] 94 ngtrnghi123 - INFO - Refreshing page to check availability trial number 16, template sequence: 95604
[ 2024-04-16 05:02:13,443 ] 94 thanhvanngoc30 - INFO - Form message: 申込期間ではありません。
[ 2024-04-16 05:02:13,443 ] 94 thanhvanngoc30 - INFO - Refreshing page to check availability trial number 11, template sequence: 95604
[ 2024-04-16 05:02:13,681 ] 94 ngtrnghi123 - INFO - Form message: 申込期間ではありません。
[ 2024-04-16 05:02:13,681 ] 94 ngtrnghi123 - INFO - Refreshing page to check availability trial number 17, template sequence: 95604
[ 2024-04-16 05:02:14,215 ] 94 leongnardo12 - INFO - Form message: 申込期間ではありません。
[ 2024-04-16 05:02:14,216 ] 94 leongnardo12 - INFO - Refreshing page to check availability trial number 17, template sequence: 95609
[ 2024-04-16 05:02:14,372 ] 94 thanhvanngoc30 - INFO - Form message: 申込期間ではありません。
[ 2024-04-16 05:02:14,373 ] 94 thanhvanngoc30 - INFO - Refreshing page to check availability trial number 12, template sequence: 95604
[ 2024-04-16 05:02:14,558 ] 94 ngtrnghi123 - INFO - Form message: 申込期間ではありません。
[ 2024-04-16 05:02:14,559 ] 94 ngtrnghi123 - INFO - Refreshing page to check availability trial number 18, template sequence: 95604
[ 2024-04-16 05:02:15,413 ] 94 ngtrnghi123 - INFO - Form message: 申込期間ではありません。
[ 2024-04-16 05:02:15,414 ] 94 ngtrnghi123 - INFO - Refreshing page to check availability trial number 19, template sequence: 95604
[ 2024-04-16 05:02:15,703 ] 94 leongnardo12 - INFO - Form message: 申込期間ではありません。
[ 2024-04-16 05:02:15,704 ] 94 leongnardo12 - INFO - Refreshing page to check availability trial number 18, template sequence: 95609
[ 2024-04-16 05:02:16,259 ] 94 ngtrnghi123 - INFO - Form message: 申込期間ではありません。
[ 2024-04-16 05:02:16,259 ] 94 ngtrnghi123 - INFO - Refreshing page to check availability trial number 20, template sequence: 95604
[ 2024-04-16 05:02:16,309 ] 94 thanhvanngoc30 - INFO - Form message: 申込期間ではありません。
[ 2024-04-16 05:02:16,310 ] 94 thanhvanngoc30 - INFO - Refreshing page to check availability trial number 13, template sequence: 95604
[ 2024-04-16 05:02:16,562 ] 94 leongnardo12 - INFO - Form message: 申込期間ではありません。
[ 2024-04-16 05:02:16,562 ] 94 leongnardo12 - INFO - Refreshing page to check availability trial number 19, template sequence: 95609
[ 2024-04-16 05:02:17,104 ] 94 ngtrnghi123 - INFO - Form message: 申込期間ではありません。
[ 2024-04-16 05:02:17,105 ] 94 ngtrnghi123 - INFO - Failed to access form after 20 refreshing, template sequence: 95604
[ 2024-04-16 05:02:17,105 ] 94 main_controller - INFO - Failed to fill form, template sequence: 95604
[ 2024-04-16 05:02:17,105 ] 94 main_controller - INFO - Remaining form(s): 5
[ 2024-04-16 05:02:17,105 ] 94 ngtrnghi123 - INFO - Accessing form, template sequence: 95605
[ 2024-04-16 05:02:17,105 ] 94 ngtrnghi123 - INFO - Form URL: https://www.shinsei.e-aichi.jp/pref-aichi-police-u/offer/offerList_detailTop?tempSeq=95605
[ 2024-04-16 05:02:17,543 ] 94 thanhvanngoc30 - INFO - Form message: 申込期間ではありません。
[ 2024-04-16 05:02:17,544 ] 94 thanhvanngoc30 - INFO - Refreshing page to check availability trial number 14, template sequence: 95604
[ 2024-04-16 05:02:17,727 ] 94 leongnardo12 - INFO - Form message: 申込期間ではありません。
[ 2024-04-16 05:02:17,728 ] 94 leongnardo12 - INFO - Refreshing page to check availability trial number 20, template sequence: 95609
[ 2024-04-16 05:02:18,475 ] 94 thanhvanngoc30 - INFO - Form message: 申込期間ではありません。
[ 2024-04-16 05:02:18,476 ] 94 thanhvanngoc30 - INFO - Refreshing page to check availability trial number 15, template sequence: 95604
[ 2024-04-16 05:02:18,911 ] 94 leongnardo12 - INFO - Form message: 申込期間ではありません。
[ 2024-04-16 05:02:18,912 ] 94 leongnardo12 - INFO - Failed to access form after 20 refreshing, template sequence: 95609
[ 2024-04-16 05:02:18,912 ] 94 main_controller - INFO - Failed to fill form, template sequence: 95609
[ 2024-04-16 05:02:18,912 ] 94 main_controller - INFO - Remaining form(s): 5
[ 2024-04-16 05:02:18,913 ] 94 leongnardo12 - INFO - Accessing form, template sequence: 95608
[ 2024-04-16 05:02:18,913 ] 94 leongnardo12 - INFO - Form URL: https://www.shinsei.e-aichi.jp/pref-aichi-police-u/offer/offerList_detailTop?tempSeq=95608
[ 2024-04-16 05:02:19,699 ] 94 thanhvanngoc30 - INFO - Form message: 申込期間ではありません。
[ 2024-04-16 05:02:19,700 ] 94 thanhvanngoc30 - INFO - Refreshing page to check availability trial number 16, template sequence: 95604
[ 2024-04-16 05:02:20,637 ] 94 thanhvanngoc30 - INFO - Form message: 申込期間ではありません。
[ 2024-04-16 05:02:20,637 ] 94 thanhvanngoc30 - INFO - Refreshing page to check availability trial number 17, template sequence: 95604
[ 2024-04-16 05:02:21,923 ] 94 thanhvanngoc30 - INFO - Form message: 申込期間ではありません。
[ 2024-04-16 05:02:21,924 ] 94 thanhvanngoc30 - INFO - Refreshing page to check availability trial number 18, template sequence: 95604
[ 2024-04-16 05:02:22,871 ] 94 thanhvanngoc30 - INFO - Form message: 申込期間ではありません。
[ 2024-04-16 05:02:22,871 ] 94 thanhvanngoc30 - INFO - Refreshing page to check availability trial number 19, template sequence: 95604
[ 2024-04-16 05:02:23,542 ] 82 thanhvanngoc30 - ERROR - Failed to get form message, maybe form is available
Traceback (most recent call last):
  File "C:\Users\USER\Projects\AichiTool\AichiSelenium\src\controllers\filler.py", line 114, in get_form_message
    message = browser.find_element(By.XPATH, "/html/body/main/div/form/div[3]/strong/ul/li/span/strong").text
  File "C:\ProgramData\anaconda3\envs\aichi\lib\site-packages\seleniumbase\core\sb_driver.py", line 20, in find_element
    return self.driver.default_find_element(by=by, value=value)
  File "C:\ProgramData\anaconda3\envs\aichi\lib\site-packages\selenium\webdriver\remote\webdriver.py", line 741, in find_element
    return self.execute(Command.FIND_ELEMENT, {"using": by, "value": value})["value"]
  File "C:\ProgramData\anaconda3\envs\aichi\lib\site-packages\selenium\webdriver\remote\webdriver.py", line 347, in execute
    self.error_handler.check_response(response)
  File "C:\ProgramData\anaconda3\envs\aichi\lib\site-packages\selenium\webdriver\remote\errorhandler.py", line 229, in check_response
    raise exception_class(message, screen, stacktrace)
selenium.common.exceptions.NoSuchWindowException: Message: no such window: target window already closed
from unknown error: web view not found
  (Session info: chrome=123.0.6312.107)
Stacktrace:
	GetHandleVerifier [0x00007FF770D87032+63090]
	(No symbol) [0x00007FF770CF2C82]
	(No symbol) [0x00007FF770B8EC65]
	(No symbol) [0x00007FF770B6CA7C]
	(No symbol) [0x00007FF770BFD687]
	(No symbol) [0x00007FF770C12AC1]
	(No symbol) [0x00007FF770BF6D83]
	(No symbol) [0x00007FF770BC83A8]
	(No symbol) [0x00007FF770BC9441]
	GetHandleVerifier [0x00007FF7711825AD+4238317]
	GetHandleVerifier [0x00007FF7711BF70D+4488525]
	GetHandleVerifier [0x00007FF7711B79EF+4456495]
	GetHandleVerifier [0x00007FF770E60576+953270]
	(No symbol) [0x00007FF770CFE54F]
	(No symbol) [0x00007FF770CF9224]
	(No symbol) [0x00007FF770CF935B]
	(No symbol) [0x00007FF770CE9B94]
	BaseThreadInitThunk [0x00007FFDC2F1257D+29]
	RtlUserThreadStart [0x00007FFDC3E0AA48+40]

[ 2024-04-16 05:02:23,547 ] 94 thanhvanngoc30 - INFO - Form is available, template sequence: 95604
[ 2024-04-16 05:02:23,548 ] 94 thanhvanngoc30 - INFO - Filling form, template sequence: 95604
[ 2024-04-16 05:02:23,550 ] 82 thanhvanngoc30 - ERROR - Failed to click continue button: Message: no such window: target window already closed
from unknown error: web view not found
  (Session info: chrome=123.0.6312.107)
Stacktrace:
	GetHandleVerifier [0x00007FF770D87032+63090]
	(No symbol) [0x00007FF770CF2C82]
	(No symbol) [0x00007FF770B8EC65]
	(No symbol) [0x00007FF770B6CA7C]
	(No symbol) [0x00007FF770BFD687]
	(No symbol) [0x00007FF770C12AC1]
	(No symbol) [0x00007FF770BF6D83]
	(No symbol) [0x00007FF770BC83A8]
	(No symbol) [0x00007FF770BC9441]
	GetHandleVerifier [0x00007FF7711825AD+4238317]
	GetHandleVerifier [0x00007FF7711BF70D+4488525]
	GetHandleVerifier [0x00007FF7711B79EF+4456495]
	GetHandleVerifier [0x00007FF770E60576+953270]
	(No symbol) [0x00007FF770CFE54F]
	(No symbol) [0x00007FF770CF9224]
	(No symbol) [0x00007FF770CF935B]
	(No symbol) [0x00007FF770CE9B94]
	BaseThreadInitThunk [0x00007FFDC2F1257D+29]
	RtlUserThreadStart [0x00007FFDC3E0AA48+40]
Traceback (most recent call last):
  File "C:\Users\USER\Projects\AichiTool\AichiSelenium\src\controllers\filler.py", line 57, in fill
    continue_button = browser.find_element(By.XPATH, r'//*[@id="ok"]')
  File "C:\ProgramData\anaconda3\envs\aichi\lib\site-packages\seleniumbase\core\sb_driver.py", line 20, in find_element
    return self.driver.default_find_element(by=by, value=value)
  File "C:\ProgramData\anaconda3\envs\aichi\lib\site-packages\selenium\webdriver\remote\webdriver.py", line 741, in find_element
    return self.execute(Command.FIND_ELEMENT, {"using": by, "value": value})["value"]
  File "C:\ProgramData\anaconda3\envs\aichi\lib\site-packages\selenium\webdriver\remote\webdriver.py", line 347, in execute
    self.error_handler.check_response(response)
  File "C:\ProgramData\anaconda3\envs\aichi\lib\site-packages\selenium\webdriver\remote\errorhandler.py", line 229, in check_response
    raise exception_class(message, screen, stacktrace)
selenium.common.exceptions.NoSuchWindowException: Message: no such window: target window already closed
from unknown error: web view not found
  (Session info: chrome=123.0.6312.107)
Stacktrace:
	GetHandleVerifier [0x00007FF770D87032+63090]
	(No symbol) [0x00007FF770CF2C82]
	(No symbol) [0x00007FF770B8EC65]
	(No symbol) [0x00007FF770B6CA7C]
	(No symbol) [0x00007FF770BFD687]
	(No symbol) [0x00007FF770C12AC1]
	(No symbol) [0x00007FF770BF6D83]
	(No symbol) [0x00007FF770BC83A8]
	(No symbol) [0x00007FF770BC9441]
	GetHandleVerifier [0x00007FF7711825AD+4238317]
	GetHandleVerifier [0x00007FF7711BF70D+4488525]
	GetHandleVerifier [0x00007FF7711B79EF+4456495]
	GetHandleVerifier [0x00007FF770E60576+953270]
	(No symbol) [0x00007FF770CFE54F]
	(No symbol) [0x00007FF770CF9224]
	(No symbol) [0x00007FF770CF935B]
	(No symbol) [0x00007FF770CE9B94]
	BaseThreadInitThunk [0x00007FFDC2F1257D+29]
	RtlUserThreadStart [0x00007FFDC3E0AA48+40]

[ 2024-04-16 05:02:23,552 ] 94 main_controller - INFO - Failed to fill form, template sequence: 95604
[ 2024-04-16 05:02:23,553 ] 94 main_controller - INFO - Remaining form(s): 5
[ 2024-04-16 05:02:23,553 ] 94 thanhvanngoc30 - INFO - Accessing form, template sequence: 95605
[ 2024-04-16 05:02:23,553 ] 94 thanhvanngoc30 - INFO - Form URL: https://www.shinsei.e-aichi.jp/pref-aichi-police-u/offer/offerList_detailTop?tempSeq=95605
